[2024-12-07T04:05:03.874-0300] {local_task_job_runner.py:123} INFO - ::group::Pre task execution logs
[2024-12-07T04:05:03.883-0300] {taskinstance.py:2613} INFO - Dependencies all met for dep_context=non-requeueable deps ti=<TaskInstance: hiring_dynamic_pipeline.train_logistic_regression manual__2024-12-07T07:02:09.077063+00:00 [queued]>
[2024-12-07T04:05:03.888-0300] {taskinstance.py:2613} INFO - Dependencies all met for dep_context=requeueable deps ti=<TaskInstance: hiring_dynamic_pipeline.train_logistic_regression manual__2024-12-07T07:02:09.077063+00:00 [queued]>
[2024-12-07T04:05:03.889-0300] {taskinstance.py:2866} INFO - Starting attempt 1 of 2
[2024-12-07T04:05:03.942-0300] {taskinstance.py:2889} INFO - Executing <Task(PythonOperator): train_logistic_regression> on 2024-12-07 07:02:09.077063+00:00
[2024-12-07T04:05:03.950-0300] {standard_task_runner.py:72} INFO - Started process 48854 to run task
[2024-12-07T04:05:03.953-0300] {standard_task_runner.py:104} INFO - Running: ['airflow', 'tasks', 'run', 'hiring_dynamic_pipeline', 'train_logistic_regression', 'manual__2024-12-07T07:02:09.077063+00:00', '--job-id', '60', '--raw', '--subdir', 'DAGS_FOLDER/dag_dynamic.py', '--cfg-path', '/tmp/tmp6b3wbvop']
[2024-12-07T04:05:03.954-0300] {standard_task_runner.py:105} INFO - Job 60: Subtask train_logistic_regression
[2024-12-07T04:05:04.020-0300] {task_command.py:467} INFO - Running <TaskInstance: hiring_dynamic_pipeline.train_logistic_regression manual__2024-12-07T07:02:09.077063+00:00 [running]> on host crisu-VivoBook-S14-X411UF
[2024-12-07T04:05:04.145-0300] {taskinstance.py:3132} INFO - Exporting env vars: AIRFLOW_CTX_DAG_OWNER='airflow' AIRFLOW_CTX_DAG_ID='hiring_dynamic_pipeline' AIRFLOW_CTX_TASK_ID='train_logistic_regression' AIRFLOW_CTX_EXECUTION_DATE='2024-12-07T07:02:09.077063+00:00' AIRFLOW_CTX_TRY_NUMBER='1' AIRFLOW_CTX_DAG_RUN_ID='manual__2024-12-07T07:02:09.077063+00:00'
[2024-12-07T04:05:04.146-0300] {logging_mixin.py:190} INFO - Task instance is in running state
[2024-12-07T04:05:04.146-0300] {logging_mixin.py:190} INFO -  Previous state of the Task instance: queued
[2024-12-07T04:05:04.146-0300] {logging_mixin.py:190} INFO - Current task name:train_logistic_regression state:running start_date:2024-12-07 07:05:03.883808+00:00
[2024-12-07T04:05:04.146-0300] {logging_mixin.py:190} INFO - Dag name:hiring_dynamic_pipeline and current dag run status:running
[2024-12-07T04:05:04.147-0300] {taskinstance.py:731} INFO - ::endgroup::
[2024-12-07T04:05:04.175-0300] {python.py:240} INFO - Done. Returned value was: None
[2024-12-07T04:05:04.179-0300] {taskinstance.py:340} INFO - ::group::Post task execution logs
[2024-12-07T04:05:04.180-0300] {taskinstance.py:352} INFO - Marking task as SUCCESS. dag_id=hiring_dynamic_pipeline, task_id=train_logistic_regression, run_id=manual__2024-12-07T07:02:09.077063+00:00, execution_date=20241207T070209, start_date=20241207T070503, end_date=20241207T070504
[2024-12-07T04:05:04.236-0300] {logging_mixin.py:190} INFO - Task instance in success state
[2024-12-07T04:05:04.237-0300] {logging_mixin.py:190} INFO -  Previous state of the Task instance: running
[2024-12-07T04:05:04.237-0300] {logging_mixin.py:190} INFO - Dag name:hiring_dynamic_pipeline queued_at:2024-12-07 07:02:10.323724+00:00
[2024-12-07T04:05:04.237-0300] {logging_mixin.py:190} INFO - Task hostname:crisu-VivoBook-S14-X411UF operator:PythonOperator
[2024-12-07T04:05:04.247-0300] {local_task_job_runner.py:266} INFO - Task exited with return code 0
[2024-12-07T04:05:04.262-0300] {taskinstance.py:3895} INFO - 0 downstream tasks scheduled from follow-on schedule check
[2024-12-07T04:05:04.263-0300] {local_task_job_runner.py:245} INFO - ::endgroup::
