[2024-12-07T02:53:00.966-0300] {local_task_job_runner.py:123} INFO - ::group::Pre task execution logs
[2024-12-07T02:53:00.974-0300] {taskinstance.py:2613} INFO - Dependencies all met for dep_context=non-requeueable deps ti=<TaskInstance: hiring_lineal.gradio_interface manual__2024-12-07T05:52:34.678994+00:00 [queued]>
[2024-12-07T02:53:00.979-0300] {taskinstance.py:2613} INFO - Dependencies all met for dep_context=requeueable deps ti=<TaskInstance: hiring_lineal.gradio_interface manual__2024-12-07T05:52:34.678994+00:00 [queued]>
[2024-12-07T02:53:00.979-0300] {taskinstance.py:2866} INFO - Starting attempt 1 of 2
[2024-12-07T02:53:01.481-0300] {taskinstance.py:2889} INFO - Executing <Task(PythonOperator): gradio_interface> on 2024-12-07 05:52:34.678994+00:00
[2024-12-07T02:53:01.488-0300] {standard_task_runner.py:72} INFO - Started process 41126 to run task
[2024-12-07T02:53:01.491-0300] {standard_task_runner.py:104} INFO - Running: ['airflow', 'tasks', 'run', 'hiring_lineal', 'gradio_interface', 'manual__2024-12-07T05:52:34.678994+00:00', '--job-id', '31', '--raw', '--subdir', 'DAGS_FOLDER/dag_lineal1.py', '--cfg-path', '/tmp/tmpjx8xrzt5']
[2024-12-07T02:53:01.492-0300] {standard_task_runner.py:105} INFO - Job 31: Subtask gradio_interface
[2024-12-07T02:53:02.588-0300] {task_command.py:467} INFO - Running <TaskInstance: hiring_lineal.gradio_interface manual__2024-12-07T05:52:34.678994+00:00 [running]> on host crisu-VivoBook-S14-X411UF
[2024-12-07T02:53:06.332-0300] {taskinstance.py:3132} INFO - Exporting env vars: AIRFLOW_CTX_DAG_OWNER='airflow' AIRFLOW_CTX_DAG_ID='hiring_lineal' AIRFLOW_CTX_TASK_ID='gradio_interface' AIRFLOW_CTX_EXECUTION_DATE='2024-12-07T05:52:34.678994+00:00' AIRFLOW_CTX_TRY_NUMBER='1' AIRFLOW_CTX_DAG_RUN_ID='manual__2024-12-07T05:52:34.678994+00:00'
[2024-12-07T02:53:06.333-0300] {logging_mixin.py:190} INFO - Task instance is in running state
[2024-12-07T02:53:06.333-0300] {logging_mixin.py:190} INFO -  Previous state of the Task instance: queued
[2024-12-07T02:53:06.333-0300] {logging_mixin.py:190} INFO - Current task name:gradio_interface state:running start_date:2024-12-07 05:53:00.974435+00:00
[2024-12-07T02:53:06.333-0300] {logging_mixin.py:190} INFO - Dag name:hiring_lineal and current dag run status:running
[2024-12-07T02:53:06.333-0300] {taskinstance.py:731} INFO - ::endgroup::
[2024-12-07T02:53:06.536-0300] {logging_mixin.py:190} INFO - Running on local URL:  http://127.0.0.1:7860
[2024-12-07T02:53:06.575-0300] {_client.py:1025} INFO - HTTP Request: GET http://127.0.0.1:7860/startup-events "HTTP/1.1 200 OK"
[2024-12-07T02:53:06.897-0300] {_client.py:1025} INFO - HTTP Request: HEAD http://127.0.0.1:7860/ "HTTP/1.1 200 OK"
[2024-12-07T02:53:06.956-0300] {_client.py:1025} INFO - HTTP Request: GET https://checkip.amazonaws.com/ "HTTP/1.1 200 "
[2024-12-07T02:53:07.583-0300] {_client.py:1025} INFO - HTTP Request: GET https://api.gradio.app/pkg-version "HTTP/1.1 200 OK"
[2024-12-07T02:53:08.049-0300] {_client.py:1025} INFO - HTTP Request: GET https://api.gradio.app/v2/tunnel-request "HTTP/1.1 200 OK"
[2024-12-07T02:53:08.361-0300] {_client.py:1025} INFO - HTTP Request: GET https://cdn-media.huggingface.co/frpc-gradio-0.2/frpc_linux_amd64 "HTTP/1.1 200 OK"
[2024-12-07T02:53:10.519-0300] {logging_mixin.py:190} INFO - Running on public URL: https://88d802745b65c79fea.gradio.live
[2024-12-07T02:53:10.520-0300] {logging_mixin.py:190} INFO - 
This share link expires in 72 hours. For free permanent hosting and GPU upgrades, run `gradio deploy` from Terminal to deploy to Spaces (https://huggingface.co/spaces)
[2024-12-07T02:53:59.581-0300] {local_task_job_runner.py:346} WARNING - State of this instance has been externally set to failed. Terminating instance.
[2024-12-07T02:53:59.581-0300] {local_task_job_runner.py:245} INFO - ::endgroup::
[2024-12-07T02:53:59.591-0300] {process_utils.py:132} INFO - Sending 15 to group 41126. PIDs of all processes in the group: [41146, 41126]
[2024-12-07T02:53:59.591-0300] {process_utils.py:87} INFO - Sending the signal 15 to group 41126
[2024-12-07T02:53:59.591-0300] {taskinstance.py:3093} ERROR - Received SIGTERM. Terminating subprocesses.
[2024-12-07T02:53:59.648-0300] {taskinstance.py:340} INFO - ::group::Post task execution logs
[2024-12-07T02:53:59.684-0300] {process_utils.py:80} INFO - Process psutil.Process(pid=41146, status='terminated', started='02:53:09') (41146) terminated with exit code None
[2024-12-07T02:53:59.684-0300] {process_utils.py:80} INFO - Process psutil.Process(pid=41126, status='terminated', exitcode=0, started='02:53:01') (41126) terminated with exit code 0
