[2024-12-07T03:33:20.021-0300] {local_task_job_runner.py:123} INFO - ::group::Pre task execution logs
[2024-12-07T03:33:20.029-0300] {taskinstance.py:2613} INFO - Dependencies all met for dep_context=non-requeueable deps ti=<TaskInstance: hiring_dynamic_pipeline.split_data scheduled__2024-11-05T15:00:00+00:00 [queued]>
[2024-12-07T03:33:20.035-0300] {taskinstance.py:2613} INFO - Dependencies all met for dep_context=requeueable deps ti=<TaskInstance: hiring_dynamic_pipeline.split_data scheduled__2024-11-05T15:00:00+00:00 [queued]>
[2024-12-07T03:33:20.035-0300] {taskinstance.py:2866} INFO - Starting attempt 1 of 2
[2024-12-07T03:33:20.088-0300] {taskinstance.py:2889} INFO - Executing <Task(PythonOperator): split_data> on 2024-11-05 15:00:00+00:00
[2024-12-07T03:33:20.095-0300] {standard_task_runner.py:72} INFO - Started process 44310 to run task
[2024-12-07T03:33:20.098-0300] {standard_task_runner.py:104} INFO - Running: ['airflow', 'tasks', 'run', 'hiring_dynamic_pipeline', 'split_data', 'scheduled__2024-11-05T15:00:00+00:00', '--job-id', '62', '--raw', '--subdir', 'DAGS_FOLDER/dag_dynamic.py', '--cfg-path', '/tmp/tmpmgalo8_s']
[2024-12-07T03:33:20.099-0300] {standard_task_runner.py:105} INFO - Job 62: Subtask split_data
[2024-12-07T03:33:20.188-0300] {task_command.py:467} INFO - Running <TaskInstance: hiring_dynamic_pipeline.split_data scheduled__2024-11-05T15:00:00+00:00 [running]> on host crisu-VivoBook-S14-X411UF
[2024-12-07T03:33:20.418-0300] {taskinstance.py:3132} INFO - Exporting env vars: AIRFLOW_CTX_DAG_OWNER='airflow' AIRFLOW_CTX_DAG_ID='hiring_dynamic_pipeline' AIRFLOW_CTX_TASK_ID='split_data' AIRFLOW_CTX_EXECUTION_DATE='2024-11-05T15:00:00+00:00' AIRFLOW_CTX_TRY_NUMBER='1' AIRFLOW_CTX_DAG_RUN_ID='scheduled__2024-11-05T15:00:00+00:00'
[2024-12-07T03:33:20.419-0300] {logging_mixin.py:190} INFO - Task instance is in running state
[2024-12-07T03:33:20.419-0300] {logging_mixin.py:190} INFO -  Previous state of the Task instance: queued
[2024-12-07T03:33:20.419-0300] {logging_mixin.py:190} INFO - Current task name:split_data state:running start_date:2024-12-07 06:33:20.030075+00:00
[2024-12-07T03:33:20.419-0300] {logging_mixin.py:190} INFO - Dag name:hiring_dynamic_pipeline and current dag run status:running
[2024-12-07T03:33:20.419-0300] {taskinstance.py:731} INFO - ::endgroup::
[2024-12-07T03:33:20.438-0300] {python.py:240} INFO - Done. Returned value was: None
[2024-12-07T03:33:20.442-0300] {taskinstance.py:340} INFO - ::group::Post task execution logs
[2024-12-07T03:33:20.442-0300] {taskinstance.py:352} INFO - Marking task as SUCCESS. dag_id=hiring_dynamic_pipeline, task_id=split_data, run_id=scheduled__2024-11-05T15:00:00+00:00, execution_date=20241105T150000, start_date=20241207T063320, end_date=20241207T063320
[2024-12-07T03:33:20.487-0300] {logging_mixin.py:190} INFO - Task instance in success state
[2024-12-07T03:33:20.488-0300] {logging_mixin.py:190} INFO -  Previous state of the Task instance: running
[2024-12-07T03:33:20.488-0300] {logging_mixin.py:190} INFO - Dag name:hiring_dynamic_pipeline queued_at:2024-12-07 06:27:11.618485+00:00
[2024-12-07T03:33:20.488-0300] {logging_mixin.py:190} INFO - Task hostname:crisu-VivoBook-S14-X411UF operator:PythonOperator
[2024-12-07T03:33:20.512-0300] {local_task_job_runner.py:266} INFO - Task exited with return code 0
[2024-12-07T03:33:20.532-0300] {taskinstance.py:3895} INFO - 3 downstream tasks scheduled from follow-on schedule check
[2024-12-07T03:33:20.577-0300] {local_task_job_runner.py:245} INFO - ::endgroup::
[2024-12-07T03:46:09.474-0300] {local_task_job_runner.py:123} INFO - ::group::Pre task execution logs
[2024-12-07T03:46:09.506-0300] {taskinstance.py:2613} INFO - Dependencies all met for dep_context=non-requeueable deps ti=<TaskInstance: hiring_dynamic_pipeline.split_data scheduled__2024-11-05T15:00:00+00:00 [queued]>
[2024-12-07T03:46:09.512-0300] {taskinstance.py:2613} INFO - Dependencies all met for dep_context=requeueable deps ti=<TaskInstance: hiring_dynamic_pipeline.split_data scheduled__2024-11-05T15:00:00+00:00 [queued]>
[2024-12-07T03:46:09.512-0300] {taskinstance.py:2866} INFO - Starting attempt 1 of 2
[2024-12-07T03:46:09.575-0300] {taskinstance.py:2889} INFO - Executing <Task(PythonOperator): split_data> on 2024-11-05 15:00:00+00:00
[2024-12-07T03:46:09.582-0300] {standard_task_runner.py:72} INFO - Started process 46229 to run task
[2024-12-07T03:46:09.585-0300] {standard_task_runner.py:104} INFO - Running: ['airflow', 'tasks', 'run', 'hiring_dynamic_pipeline', 'split_data', 'scheduled__2024-11-05T15:00:00+00:00', '--job-id', '54', '--raw', '--subdir', 'DAGS_FOLDER/dag_dynamic.py', '--cfg-path', '/tmp/tmp_f6i53ud']
[2024-12-07T03:46:09.586-0300] {standard_task_runner.py:105} INFO - Job 54: Subtask split_data
[2024-12-07T03:46:09.673-0300] {task_command.py:467} INFO - Running <TaskInstance: hiring_dynamic_pipeline.split_data scheduled__2024-11-05T15:00:00+00:00 [running]> on host crisu-VivoBook-S14-X411UF
[2024-12-07T03:46:09.925-0300] {taskinstance.py:3132} INFO - Exporting env vars: AIRFLOW_CTX_DAG_OWNER='airflow' AIRFLOW_CTX_DAG_ID='hiring_dynamic_pipeline' AIRFLOW_CTX_TASK_ID='split_data' AIRFLOW_CTX_EXECUTION_DATE='2024-11-05T15:00:00+00:00' AIRFLOW_CTX_TRY_NUMBER='1' AIRFLOW_CTX_DAG_RUN_ID='scheduled__2024-11-05T15:00:00+00:00'
[2024-12-07T03:46:09.926-0300] {logging_mixin.py:190} INFO - Task instance is in running state
[2024-12-07T03:46:09.926-0300] {logging_mixin.py:190} INFO -  Previous state of the Task instance: queued
[2024-12-07T03:46:09.927-0300] {logging_mixin.py:190} INFO - Current task name:split_data state:running start_date:2024-12-07 06:46:09.506348+00:00
[2024-12-07T03:46:09.927-0300] {logging_mixin.py:190} INFO - Dag name:hiring_dynamic_pipeline and current dag run status:running
[2024-12-07T03:46:09.927-0300] {taskinstance.py:731} INFO - ::endgroup::
[2024-12-07T03:46:09.947-0300] {python.py:240} INFO - Done. Returned value was: None
[2024-12-07T03:46:09.951-0300] {taskinstance.py:340} INFO - ::group::Post task execution logs
[2024-12-07T03:46:09.951-0300] {taskinstance.py:352} INFO - Marking task as SUCCESS. dag_id=hiring_dynamic_pipeline, task_id=split_data, run_id=scheduled__2024-11-05T15:00:00+00:00, execution_date=20241105T150000, start_date=20241207T064609, end_date=20241207T064609
[2024-12-07T03:46:10.005-0300] {logging_mixin.py:190} INFO - Task instance in success state
[2024-12-07T03:46:10.006-0300] {logging_mixin.py:190} INFO -  Previous state of the Task instance: running
[2024-12-07T03:46:10.006-0300] {logging_mixin.py:190} INFO - Dag name:hiring_dynamic_pipeline queued_at:2024-12-07 06:44:29.722220+00:00
[2024-12-07T03:46:10.007-0300] {logging_mixin.py:190} INFO - Task hostname:crisu-VivoBook-S14-X411UF operator:PythonOperator
[2024-12-07T03:46:10.038-0300] {local_task_job_runner.py:266} INFO - Task exited with return code 0
[2024-12-07T03:46:10.062-0300] {taskinstance.py:3895} INFO - 3 downstream tasks scheduled from follow-on schedule check
[2024-12-07T03:46:10.106-0300] {local_task_job_runner.py:245} INFO - ::endgroup::
[2024-12-07T04:04:42.141-0300] {local_task_job_runner.py:123} INFO - ::group::Pre task execution logs
[2024-12-07T04:04:42.187-0300] {taskinstance.py:2613} INFO - Dependencies all met for dep_context=non-requeueable deps ti=<TaskInstance: hiring_dynamic_pipeline.split_data scheduled__2024-11-05T15:00:00+00:00 [queued]>
[2024-12-07T04:04:42.200-0300] {taskinstance.py:2613} INFO - Dependencies all met for dep_context=requeueable deps ti=<TaskInstance: hiring_dynamic_pipeline.split_data scheduled__2024-11-05T15:00:00+00:00 [queued]>
[2024-12-07T04:04:42.200-0300] {taskinstance.py:2866} INFO - Starting attempt 1 of 2
[2024-12-07T04:04:42.282-0300] {taskinstance.py:2889} INFO - Executing <Task(PythonOperator): split_data> on 2024-11-05 15:00:00+00:00
[2024-12-07T04:04:42.300-0300] {standard_task_runner.py:72} INFO - Started process 48736 to run task
[2024-12-07T04:04:42.313-0300] {standard_task_runner.py:104} INFO - Running: ['airflow', 'tasks', 'run', 'hiring_dynamic_pipeline', 'split_data', 'scheduled__2024-11-05T15:00:00+00:00', '--job-id', '55', '--raw', '--subdir', 'DAGS_FOLDER/dag_dynamic.py', '--cfg-path', '/tmp/tmp1a7luaeg']
[2024-12-07T04:04:42.314-0300] {standard_task_runner.py:105} INFO - Job 55: Subtask split_data
[2024-12-07T04:04:42.414-0300] {task_command.py:467} INFO - Running <TaskInstance: hiring_dynamic_pipeline.split_data scheduled__2024-11-05T15:00:00+00:00 [running]> on host crisu-VivoBook-S14-X411UF
[2024-12-07T04:04:42.599-0300] {taskinstance.py:3132} INFO - Exporting env vars: AIRFLOW_CTX_DAG_OWNER='airflow' AIRFLOW_CTX_DAG_ID='hiring_dynamic_pipeline' AIRFLOW_CTX_TASK_ID='split_data' AIRFLOW_CTX_EXECUTION_DATE='2024-11-05T15:00:00+00:00' AIRFLOW_CTX_TRY_NUMBER='1' AIRFLOW_CTX_DAG_RUN_ID='scheduled__2024-11-05T15:00:00+00:00'
[2024-12-07T04:04:42.600-0300] {logging_mixin.py:190} INFO - Task instance is in running state
[2024-12-07T04:04:42.600-0300] {logging_mixin.py:190} INFO -  Previous state of the Task instance: queued
[2024-12-07T04:04:42.600-0300] {logging_mixin.py:190} INFO - Current task name:split_data state:running start_date:2024-12-07 07:04:42.188642+00:00
[2024-12-07T04:04:42.600-0300] {logging_mixin.py:190} INFO - Dag name:hiring_dynamic_pipeline and current dag run status:running
[2024-12-07T04:04:42.600-0300] {taskinstance.py:731} INFO - ::endgroup::
[2024-12-07T04:04:42.620-0300] {python.py:240} INFO - Done. Returned value was: None
[2024-12-07T04:04:42.624-0300] {taskinstance.py:340} INFO - ::group::Post task execution logs
[2024-12-07T04:04:42.624-0300] {taskinstance.py:352} INFO - Marking task as SUCCESS. dag_id=hiring_dynamic_pipeline, task_id=split_data, run_id=scheduled__2024-11-05T15:00:00+00:00, execution_date=20241105T150000, start_date=20241207T070442, end_date=20241207T070442
[2024-12-07T04:04:42.690-0300] {logging_mixin.py:190} INFO - Task instance in success state
[2024-12-07T04:04:42.690-0300] {logging_mixin.py:190} INFO -  Previous state of the Task instance: running
[2024-12-07T04:04:42.691-0300] {logging_mixin.py:190} INFO - Dag name:hiring_dynamic_pipeline queued_at:2024-12-07 07:02:23.453548+00:00
[2024-12-07T04:04:42.691-0300] {logging_mixin.py:190} INFO - Task hostname:crisu-VivoBook-S14-X411UF operator:PythonOperator
[2024-12-07T04:04:42.721-0300] {local_task_job_runner.py:266} INFO - Task exited with return code 0
[2024-12-07T04:04:42.746-0300] {taskinstance.py:3895} INFO - 3 downstream tasks scheduled from follow-on schedule check
[2024-12-07T04:04:42.814-0300] {local_task_job_runner.py:245} INFO - ::endgroup::
