[2024-12-07T03:27:18.575-0300] {local_task_job_runner.py:123} INFO - ::group::Pre task execution logs
[2024-12-07T03:27:18.585-0300] {taskinstance.py:2613} INFO - Dependencies all met for dep_context=non-requeueable deps ti=<TaskInstance: hiring_dynamic_pipeline.create_folders scheduled__2024-10-05T15:00:00+00:00 [queued]>
[2024-12-07T03:27:18.590-0300] {taskinstance.py:2613} INFO - Dependencies all met for dep_context=requeueable deps ti=<TaskInstance: hiring_dynamic_pipeline.create_folders scheduled__2024-10-05T15:00:00+00:00 [queued]>
[2024-12-07T03:27:18.591-0300] {taskinstance.py:2866} INFO - Starting attempt 1 of 2
[2024-12-07T03:27:18.654-0300] {taskinstance.py:2889} INFO - Executing <Task(PythonOperator): create_folders> on 2024-10-05 15:00:00+00:00
[2024-12-07T03:27:18.661-0300] {standard_task_runner.py:72} INFO - Started process 43488 to run task
[2024-12-07T03:27:18.665-0300] {standard_task_runner.py:104} INFO - Running: ['airflow', 'tasks', 'run', 'hiring_dynamic_pipeline', 'create_folders', 'scheduled__2024-10-05T15:00:00+00:00', '--job-id', '40', '--raw', '--subdir', 'DAGS_FOLDER/dag_dynamic.py', '--cfg-path', '/tmp/tmpbo_eotri']
[2024-12-07T03:27:18.666-0300] {standard_task_runner.py:105} INFO - Job 40: Subtask create_folders
[2024-12-07T03:27:18.741-0300] {task_command.py:467} INFO - Running <TaskInstance: hiring_dynamic_pipeline.create_folders scheduled__2024-10-05T15:00:00+00:00 [running]> on host crisu-VivoBook-S14-X411UF
[2024-12-07T03:27:18.881-0300] {taskinstance.py:3132} INFO - Exporting env vars: AIRFLOW_CTX_DAG_OWNER='airflow' AIRFLOW_CTX_DAG_ID='hiring_dynamic_pipeline' AIRFLOW_CTX_TASK_ID='create_folders' AIRFLOW_CTX_EXECUTION_DATE='2024-10-05T15:00:00+00:00' AIRFLOW_CTX_TRY_NUMBER='1' AIRFLOW_CTX_DAG_RUN_ID='scheduled__2024-10-05T15:00:00+00:00'
[2024-12-07T03:27:18.882-0300] {logging_mixin.py:190} INFO - Task instance is in running state
[2024-12-07T03:27:18.883-0300] {logging_mixin.py:190} INFO -  Previous state of the Task instance: queued
[2024-12-07T03:27:18.883-0300] {logging_mixin.py:190} INFO - Current task name:create_folders state:running start_date:2024-12-07 06:27:18.585533+00:00
[2024-12-07T03:27:18.883-0300] {logging_mixin.py:190} INFO - Dag name:hiring_dynamic_pipeline and current dag run status:running
[2024-12-07T03:27:18.884-0300] {taskinstance.py:731} INFO - ::endgroup::
[2024-12-07T03:27:18.884-0300] {logging_mixin.py:190} INFO - Creating folders for /home/crisu/Universidad/MDS7202-Primavera2024/Lab 13 - Airflow/output_2024-10-05/raw
[2024-12-07T03:27:18.884-0300] {logging_mixin.py:190} INFO - Creating folders for /home/crisu/Universidad/MDS7202-Primavera2024/Lab 13 - Airflow/output_2024-10-05/splits
[2024-12-07T03:27:18.885-0300] {logging_mixin.py:190} INFO - Creating folders for /home/crisu/Universidad/MDS7202-Primavera2024/Lab 13 - Airflow/output_2024-10-05/models
[2024-12-07T03:27:18.885-0300] {logging_mixin.py:190} INFO - Creating folders for /home/crisu/Universidad/MDS7202-Primavera2024/Lab 13 - Airflow/output_2024-10-05/preprocessed
[2024-12-07T03:27:18.885-0300] {python.py:240} INFO - Done. Returned value was: None
[2024-12-07T03:27:18.888-0300] {taskinstance.py:340} INFO - ::group::Post task execution logs
[2024-12-07T03:27:18.889-0300] {taskinstance.py:352} INFO - Marking task as SUCCESS. dag_id=hiring_dynamic_pipeline, task_id=create_folders, run_id=scheduled__2024-10-05T15:00:00+00:00, execution_date=20241005T150000, start_date=20241207T062718, end_date=20241207T062718
[2024-12-07T03:27:18.939-0300] {logging_mixin.py:190} INFO - Task instance in success state
[2024-12-07T03:27:18.940-0300] {logging_mixin.py:190} INFO -  Previous state of the Task instance: running
[2024-12-07T03:27:18.940-0300] {logging_mixin.py:190} INFO - Dag name:hiring_dynamic_pipeline queued_at:2024-12-07 06:27:03.158666+00:00
[2024-12-07T03:27:18.940-0300] {logging_mixin.py:190} INFO - Task hostname:crisu-VivoBook-S14-X411UF operator:PythonOperator
[2024-12-07T03:27:18.957-0300] {local_task_job_runner.py:266} INFO - Task exited with return code 0
[2024-12-07T03:27:19.058-0300] {taskinstance.py:3895} INFO - 1 downstream tasks scheduled from follow-on schedule check
[2024-12-07T03:27:19.108-0300] {local_task_job_runner.py:245} INFO - ::endgroup::
[2024-12-07T03:44:39.710-0300] {local_task_job_runner.py:123} INFO - ::group::Pre task execution logs
[2024-12-07T03:44:39.748-0300] {taskinstance.py:2613} INFO - Dependencies all met for dep_context=non-requeueable deps ti=<TaskInstance: hiring_dynamic_pipeline.create_folders scheduled__2024-10-05T15:00:00+00:00 [queued]>
[2024-12-07T03:44:39.753-0300] {taskinstance.py:2613} INFO - Dependencies all met for dep_context=requeueable deps ti=<TaskInstance: hiring_dynamic_pipeline.create_folders scheduled__2024-10-05T15:00:00+00:00 [queued]>
[2024-12-07T03:44:39.753-0300] {taskinstance.py:2866} INFO - Starting attempt 1 of 2
[2024-12-07T03:44:40.375-0300] {taskinstance.py:2889} INFO - Executing <Task(PythonOperator): create_folders> on 2024-10-05 15:00:00+00:00
[2024-12-07T03:44:40.382-0300] {standard_task_runner.py:72} INFO - Started process 45933 to run task
[2024-12-07T03:44:40.387-0300] {standard_task_runner.py:104} INFO - Running: ['airflow', 'tasks', 'run', 'hiring_dynamic_pipeline', 'create_folders', 'scheduled__2024-10-05T15:00:00+00:00', '--job-id', '41', '--raw', '--subdir', 'DAGS_FOLDER/dag_dynamic.py', '--cfg-path', '/tmp/tmpmh2uhdb7']
[2024-12-07T03:44:40.388-0300] {standard_task_runner.py:105} INFO - Job 41: Subtask create_folders
[2024-12-07T03:44:41.514-0300] {task_command.py:467} INFO - Running <TaskInstance: hiring_dynamic_pipeline.create_folders scheduled__2024-10-05T15:00:00+00:00 [running]> on host crisu-VivoBook-S14-X411UF
[2024-12-07T03:44:43.819-0300] {taskinstance.py:3132} INFO - Exporting env vars: AIRFLOW_CTX_DAG_OWNER='airflow' AIRFLOW_CTX_DAG_ID='hiring_dynamic_pipeline' AIRFLOW_CTX_TASK_ID='create_folders' AIRFLOW_CTX_EXECUTION_DATE='2024-10-05T15:00:00+00:00' AIRFLOW_CTX_TRY_NUMBER='1' AIRFLOW_CTX_DAG_RUN_ID='scheduled__2024-10-05T15:00:00+00:00'
[2024-12-07T03:44:43.820-0300] {logging_mixin.py:190} INFO - Task instance is in running state
[2024-12-07T03:44:43.820-0300] {logging_mixin.py:190} INFO -  Previous state of the Task instance: queued
[2024-12-07T03:44:43.821-0300] {logging_mixin.py:190} INFO - Current task name:create_folders state:running start_date:2024-12-07 06:44:39.748649+00:00
[2024-12-07T03:44:43.821-0300] {logging_mixin.py:190} INFO - Dag name:hiring_dynamic_pipeline and current dag run status:running
[2024-12-07T03:44:43.821-0300] {taskinstance.py:731} INFO - ::endgroup::
[2024-12-07T03:44:43.821-0300] {logging_mixin.py:190} INFO - Creating folders for /home/crisu/Universidad/MDS7202-Primavera2024/Lab 13 - Airflow/output_2024-10-05/raw
[2024-12-07T03:44:43.822-0300] {logging_mixin.py:190} INFO - Creating folders for /home/crisu/Universidad/MDS7202-Primavera2024/Lab 13 - Airflow/output_2024-10-05/splits
[2024-12-07T03:44:43.822-0300] {logging_mixin.py:190} INFO - Creating folders for /home/crisu/Universidad/MDS7202-Primavera2024/Lab 13 - Airflow/output_2024-10-05/models
[2024-12-07T03:44:43.822-0300] {logging_mixin.py:190} INFO - Creating folders for /home/crisu/Universidad/MDS7202-Primavera2024/Lab 13 - Airflow/output_2024-10-05/preprocessed
[2024-12-07T03:44:43.822-0300] {python.py:240} INFO - Done. Returned value was: None
[2024-12-07T03:44:43.826-0300] {taskinstance.py:340} INFO - ::group::Post task execution logs
[2024-12-07T03:44:43.826-0300] {taskinstance.py:352} INFO - Marking task as SUCCESS. dag_id=hiring_dynamic_pipeline, task_id=create_folders, run_id=scheduled__2024-10-05T15:00:00+00:00, execution_date=20241005T150000, start_date=20241207T064439, end_date=20241207T064443
[2024-12-07T03:44:44.857-0300] {logging_mixin.py:190} INFO - Task instance in success state
[2024-12-07T03:44:44.857-0300] {logging_mixin.py:190} INFO -  Previous state of the Task instance: running
[2024-12-07T03:44:44.858-0300] {logging_mixin.py:190} INFO - Dag name:hiring_dynamic_pipeline queued_at:2024-12-07 06:44:27.637067+00:00
[2024-12-07T03:44:44.858-0300] {logging_mixin.py:190} INFO - Task hostname:crisu-VivoBook-S14-X411UF operator:PythonOperator
[2024-12-07T03:44:44.900-0300] {local_task_job_runner.py:266} INFO - Task exited with return code 0
[2024-12-07T03:44:45.391-0300] {standard_task_runner.py:217} INFO - Process not found (most likely exited), stop collecting metrics
[2024-12-07T03:44:46.152-0300] {taskinstance.py:3895} INFO - 1 downstream tasks scheduled from follow-on schedule check
[2024-12-07T03:44:47.373-0300] {local_task_job_runner.py:245} INFO - ::endgroup::
[2024-12-07T04:02:33.331-0300] {local_task_job_runner.py:123} INFO - ::group::Pre task execution logs
[2024-12-07T04:02:34.397-0300] {taskinstance.py:2613} INFO - Dependencies all met for dep_context=non-requeueable deps ti=<TaskInstance: hiring_dynamic_pipeline.create_folders scheduled__2024-10-05T15:00:00+00:00 [queued]>
[2024-12-07T04:02:34.402-0300] {taskinstance.py:2613} INFO - Dependencies all met for dep_context=requeueable deps ti=<TaskInstance: hiring_dynamic_pipeline.create_folders scheduled__2024-10-05T15:00:00+00:00 [queued]>
[2024-12-07T04:02:34.403-0300] {taskinstance.py:2866} INFO - Starting attempt 1 of 2
[2024-12-07T04:02:35.101-0300] {taskinstance.py:2889} INFO - Executing <Task(PythonOperator): create_folders> on 2024-10-05 15:00:00+00:00
[2024-12-07T04:02:35.107-0300] {standard_task_runner.py:72} INFO - Started process 48319 to run task
[2024-12-07T04:02:35.110-0300] {standard_task_runner.py:104} INFO - Running: ['airflow', 'tasks', 'run', 'hiring_dynamic_pipeline', 'create_folders', 'scheduled__2024-10-05T15:00:00+00:00', '--job-id', '41', '--raw', '--subdir', 'DAGS_FOLDER/dag_dynamic.py', '--cfg-path', '/tmp/tmp_so2ybxm']
[2024-12-07T04:02:35.111-0300] {standard_task_runner.py:105} INFO - Job 41: Subtask create_folders
[2024-12-07T04:02:35.800-0300] {task_command.py:467} INFO - Running <TaskInstance: hiring_dynamic_pipeline.create_folders scheduled__2024-10-05T15:00:00+00:00 [running]> on host crisu-VivoBook-S14-X411UF
[2024-12-07T04:02:37.380-0300] {taskinstance.py:3132} INFO - Exporting env vars: AIRFLOW_CTX_DAG_OWNER='airflow' AIRFLOW_CTX_DAG_ID='hiring_dynamic_pipeline' AIRFLOW_CTX_TASK_ID='create_folders' AIRFLOW_CTX_EXECUTION_DATE='2024-10-05T15:00:00+00:00' AIRFLOW_CTX_TRY_NUMBER='1' AIRFLOW_CTX_DAG_RUN_ID='scheduled__2024-10-05T15:00:00+00:00'
[2024-12-07T04:02:37.383-0300] {logging_mixin.py:190} INFO - Task instance is in running state
[2024-12-07T04:02:37.383-0300] {logging_mixin.py:190} INFO -  Previous state of the Task instance: queued
[2024-12-07T04:02:37.384-0300] {logging_mixin.py:190} INFO - Current task name:create_folders state:running start_date:2024-12-07 07:02:34.397418+00:00
[2024-12-07T04:02:37.384-0300] {logging_mixin.py:190} INFO - Dag name:hiring_dynamic_pipeline and current dag run status:running
[2024-12-07T04:02:37.385-0300] {taskinstance.py:731} INFO - ::endgroup::
[2024-12-07T04:02:37.386-0300] {logging_mixin.py:190} INFO - Creating folders for /home/crisu/Universidad/MDS7202-Primavera2024/Lab 13 - Airflow/output_2024-10-05/raw
[2024-12-07T04:02:37.386-0300] {logging_mixin.py:190} INFO - Creating folders for /home/crisu/Universidad/MDS7202-Primavera2024/Lab 13 - Airflow/output_2024-10-05/splits
[2024-12-07T04:02:37.387-0300] {logging_mixin.py:190} INFO - Creating folders for /home/crisu/Universidad/MDS7202-Primavera2024/Lab 13 - Airflow/output_2024-10-05/models
[2024-12-07T04:02:37.387-0300] {logging_mixin.py:190} INFO - Creating folders for /home/crisu/Universidad/MDS7202-Primavera2024/Lab 13 - Airflow/output_2024-10-05/preprocessed
[2024-12-07T04:02:37.387-0300] {python.py:240} INFO - Done. Returned value was: None
[2024-12-07T04:02:37.395-0300] {taskinstance.py:340} INFO - ::group::Post task execution logs
[2024-12-07T04:02:37.396-0300] {taskinstance.py:352} INFO - Marking task as SUCCESS. dag_id=hiring_dynamic_pipeline, task_id=create_folders, run_id=scheduled__2024-10-05T15:00:00+00:00, execution_date=20241005T150000, start_date=20241207T070234, end_date=20241207T070237
[2024-12-07T04:02:38.403-0300] {logging_mixin.py:190} INFO - Task instance in success state
[2024-12-07T04:02:38.404-0300] {logging_mixin.py:190} INFO -  Previous state of the Task instance: running
[2024-12-07T04:02:38.404-0300] {logging_mixin.py:190} INFO - Dag name:hiring_dynamic_pipeline queued_at:2024-12-07 07:02:12.234495+00:00
[2024-12-07T04:02:38.404-0300] {logging_mixin.py:190} INFO - Task hostname:crisu-VivoBook-S14-X411UF operator:PythonOperator
[2024-12-07T04:02:38.420-0300] {local_task_job_runner.py:266} INFO - Task exited with return code 0
[2024-12-07T04:02:38.464-0300] {taskinstance.py:3895} INFO - 1 downstream tasks scheduled from follow-on schedule check
[2024-12-07T04:02:39.971-0300] {local_task_job_runner.py:245} INFO - ::endgroup::
[2024-12-07T04:02:40.115-0300] {standard_task_runner.py:217} INFO - Process not found (most likely exited), stop collecting metrics
