[2024-12-07T04:05:55.083-0300] {local_task_job_runner.py:123} INFO - ::group::Pre task execution logs
[2024-12-07T04:05:55.092-0300] {taskinstance.py:2613} INFO - Dependencies all met for dep_context=non-requeueable deps ti=<TaskInstance: hiring_dynamic_pipeline.evaluate_models manual__2024-12-07T07:02:09.077063+00:00 [queued]>
[2024-12-07T04:05:55.098-0300] {taskinstance.py:2613} INFO - Dependencies all met for dep_context=requeueable deps ti=<TaskInstance: hiring_dynamic_pipeline.evaluate_models manual__2024-12-07T07:02:09.077063+00:00 [queued]>
[2024-12-07T04:05:55.098-0300] {taskinstance.py:2866} INFO - Starting attempt 1 of 2
[2024-12-07T04:05:55.588-0300] {taskinstance.py:2889} INFO - Executing <Task(PythonOperator): evaluate_models> on 2024-12-07 07:02:09.077063+00:00
[2024-12-07T04:05:55.594-0300] {standard_task_runner.py:72} INFO - Started process 49022 to run task
[2024-12-07T04:05:55.597-0300] {standard_task_runner.py:104} INFO - Running: ['airflow', 'tasks', 'run', 'hiring_dynamic_pipeline', 'evaluate_models', 'manual__2024-12-07T07:02:09.077063+00:00', '--job-id', '66', '--raw', '--subdir', 'DAGS_FOLDER/dag_dynamic.py', '--cfg-path', '/tmp/tmpd61jsghj']
[2024-12-07T04:05:55.598-0300] {standard_task_runner.py:105} INFO - Job 66: Subtask evaluate_models
[2024-12-07T04:05:56.769-0300] {task_command.py:467} INFO - Running <TaskInstance: hiring_dynamic_pipeline.evaluate_models manual__2024-12-07T07:02:09.077063+00:00 [running]> on host crisu-VivoBook-S14-X411UF
[2024-12-07T04:05:58.846-0300] {taskinstance.py:3132} INFO - Exporting env vars: AIRFLOW_CTX_DAG_OWNER='airflow' AIRFLOW_CTX_DAG_ID='hiring_dynamic_pipeline' AIRFLOW_CTX_TASK_ID='evaluate_models' AIRFLOW_CTX_EXECUTION_DATE='2024-12-07T07:02:09.077063+00:00' AIRFLOW_CTX_TRY_NUMBER='1' AIRFLOW_CTX_DAG_RUN_ID='manual__2024-12-07T07:02:09.077063+00:00'
[2024-12-07T04:05:58.848-0300] {logging_mixin.py:190} INFO - Task instance is in running state
[2024-12-07T04:05:58.848-0300] {logging_mixin.py:190} INFO -  Previous state of the Task instance: queued
[2024-12-07T04:05:58.849-0300] {logging_mixin.py:190} INFO - Current task name:evaluate_models state:running start_date:2024-12-07 07:05:55.093208+00:00
[2024-12-07T04:05:58.849-0300] {logging_mixin.py:190} INFO - Dag name:hiring_dynamic_pipeline and current dag run status:running
[2024-12-07T04:05:58.849-0300] {taskinstance.py:731} INFO - ::endgroup::
[2024-12-07T04:05:58.904-0300] {logging_mixin.py:190} INFO - Modelo: hiring_model, Accuracy: 0.9400
[2024-12-07T04:05:58.955-0300] {logging_mixin.py:190} INFO - Modelo: RandomForestClassifier, Accuracy: 0.9200
[2024-12-07T04:05:58.996-0300] {logging_mixin.py:190} INFO - Modelo: best_model, Accuracy: 0.9400
[2024-12-07T04:05:59.012-0300] {logging_mixin.py:190} INFO - Modelo: SVC, Accuracy: 0.8767
[2024-12-07T04:05:59.019-0300] {logging_mixin.py:190} INFO - Modelo: LogisticRegression, Accuracy: 0.9033
[2024-12-07T04:05:59.065-0300] {logging_mixin.py:190} INFO - Mejor modelo: hiring_model, Accuracy: 0.9400
[2024-12-07T04:05:59.066-0300] {python.py:240} INFO - Done. Returned value was: None
[2024-12-07T04:05:59.800-0300] {taskinstance.py:340} INFO - ::group::Post task execution logs
[2024-12-07T04:05:59.800-0300] {taskinstance.py:352} INFO - Marking task as SUCCESS. dag_id=hiring_dynamic_pipeline, task_id=evaluate_models, run_id=manual__2024-12-07T07:02:09.077063+00:00, execution_date=20241207T070209, start_date=20241207T070555, end_date=20241207T070559
[2024-12-07T04:06:00.279-0300] {logging_mixin.py:190} INFO - Task instance in success state
[2024-12-07T04:06:00.279-0300] {logging_mixin.py:190} INFO -  Previous state of the Task instance: running
[2024-12-07T04:06:00.279-0300] {logging_mixin.py:190} INFO - Dag name:hiring_dynamic_pipeline queued_at:2024-12-07 07:02:10.323724+00:00
[2024-12-07T04:06:00.280-0300] {logging_mixin.py:190} INFO - Task hostname:crisu-VivoBook-S14-X411UF operator:PythonOperator
[2024-12-07T04:06:00.311-0300] {local_task_job_runner.py:266} INFO - Task exited with return code 0
[2024-12-07T04:06:00.324-0300] {taskinstance.py:3895} INFO - 0 downstream tasks scheduled from follow-on schedule check
[2024-12-07T04:06:00.325-0300] {local_task_job_runner.py:245} INFO - ::endgroup::
[2024-12-07T04:06:00.602-0300] {standard_task_runner.py:217} INFO - Process not found (most likely exited), stop collecting metrics
