[2024-12-07T03:33:48.433-0300] {local_task_job_runner.py:123} INFO - ::group::Pre task execution logs
[2024-12-07T03:33:48.443-0300] {taskinstance.py:2613} INFO - Dependencies all met for dep_context=non-requeueable deps ti=<TaskInstance: hiring_dynamic_pipeline.train_svc manual__2024-12-07T06:26:56.979469+00:00 [queued]>
[2024-12-07T03:33:48.453-0300] {taskinstance.py:2613} INFO - Dependencies all met for dep_context=requeueable deps ti=<TaskInstance: hiring_dynamic_pipeline.train_svc manual__2024-12-07T06:26:56.979469+00:00 [queued]>
[2024-12-07T03:33:48.453-0300] {taskinstance.py:2866} INFO - Starting attempt 1 of 2
[2024-12-07T03:33:48.510-0300] {taskinstance.py:2889} INFO - Executing <Task(PythonOperator): train_svc> on 2024-12-07 06:26:56.979469+00:00
[2024-12-07T03:33:48.519-0300] {standard_task_runner.py:72} INFO - Started process 44505 to run task
[2024-12-07T03:33:48.522-0300] {standard_task_runner.py:104} INFO - Running: ['airflow', 'tasks', 'run', 'hiring_dynamic_pipeline', 'train_svc', 'manual__2024-12-07T06:26:56.979469+00:00', '--job-id', '69', '--raw', '--subdir', 'DAGS_FOLDER/dag_dynamic.py', '--cfg-path', '/tmp/tmp8kjod_5k']
[2024-12-07T03:33:48.523-0300] {standard_task_runner.py:105} INFO - Job 69: Subtask train_svc
[2024-12-07T03:33:48.634-0300] {task_command.py:467} INFO - Running <TaskInstance: hiring_dynamic_pipeline.train_svc manual__2024-12-07T06:26:56.979469+00:00 [running]> on host crisu-VivoBook-S14-X411UF
[2024-12-07T03:33:48.858-0300] {taskinstance.py:3132} INFO - Exporting env vars: AIRFLOW_CTX_DAG_OWNER='airflow' AIRFLOW_CTX_DAG_ID='hiring_dynamic_pipeline' AIRFLOW_CTX_TASK_ID='train_svc' AIRFLOW_CTX_EXECUTION_DATE='2024-12-07T06:26:56.979469+00:00' AIRFLOW_CTX_TRY_NUMBER='1' AIRFLOW_CTX_DAG_RUN_ID='manual__2024-12-07T06:26:56.979469+00:00'
[2024-12-07T03:33:48.859-0300] {logging_mixin.py:190} INFO - Task instance is in running state
[2024-12-07T03:33:48.859-0300] {logging_mixin.py:190} INFO -  Previous state of the Task instance: queued
[2024-12-07T03:33:48.860-0300] {logging_mixin.py:190} INFO - Current task name:train_svc state:running start_date:2024-12-07 06:33:48.443966+00:00
[2024-12-07T03:33:48.860-0300] {logging_mixin.py:190} INFO - Dag name:hiring_dynamic_pipeline and current dag run status:running
[2024-12-07T03:33:48.860-0300] {taskinstance.py:731} INFO - ::endgroup::
[2024-12-07T03:33:48.914-0300] {python.py:240} INFO - Done. Returned value was: None
[2024-12-07T03:33:48.919-0300] {taskinstance.py:340} INFO - ::group::Post task execution logs
[2024-12-07T03:33:48.919-0300] {taskinstance.py:352} INFO - Marking task as SUCCESS. dag_id=hiring_dynamic_pipeline, task_id=train_svc, run_id=manual__2024-12-07T06:26:56.979469+00:00, execution_date=20241207T062656, start_date=20241207T063348, end_date=20241207T063348
[2024-12-07T03:33:48.973-0300] {logging_mixin.py:190} INFO - Task instance in success state
[2024-12-07T03:33:48.973-0300] {logging_mixin.py:190} INFO -  Previous state of the Task instance: running
[2024-12-07T03:33:48.973-0300] {logging_mixin.py:190} INFO - Dag name:hiring_dynamic_pipeline queued_at:2024-12-07 06:26:58.026518+00:00
[2024-12-07T03:33:48.974-0300] {logging_mixin.py:190} INFO - Task hostname:crisu-VivoBook-S14-X411UF operator:PythonOperator
[2024-12-07T03:33:49.016-0300] {local_task_job_runner.py:266} INFO - Task exited with return code 0
[2024-12-07T03:33:49.034-0300] {taskinstance.py:3895} INFO - 1 downstream tasks scheduled from follow-on schedule check
[2024-12-07T03:33:49.074-0300] {local_task_job_runner.py:245} INFO - ::endgroup::
