[2024-12-07T03:32:38.407-0300] {local_task_job_runner.py:123} INFO - ::group::Pre task execution logs
[2024-12-07T03:32:38.417-0300] {taskinstance.py:2613} INFO - Dependencies all met for dep_context=non-requeueable deps ti=<TaskInstance: hiring_dynamic_pipeline.evaluate_models scheduled__2024-10-05T15:00:00+00:00 [queued]>
[2024-12-07T03:32:38.422-0300] {taskinstance.py:2613} INFO - Dependencies all met for dep_context=requeueable deps ti=<TaskInstance: hiring_dynamic_pipeline.evaluate_models scheduled__2024-10-05T15:00:00+00:00 [queued]>
[2024-12-07T03:32:38.422-0300] {taskinstance.py:2866} INFO - Starting attempt 1 of 2
[2024-12-07T03:32:39.209-0300] {taskinstance.py:2889} INFO - Executing <Task(PythonOperator): evaluate_models> on 2024-10-05 15:00:00+00:00
[2024-12-07T03:32:39.216-0300] {standard_task_runner.py:72} INFO - Started process 44152 to run task
[2024-12-07T03:32:39.219-0300] {standard_task_runner.py:104} INFO - Running: ['airflow', 'tasks', 'run', 'hiring_dynamic_pipeline', 'evaluate_models', 'scheduled__2024-10-05T15:00:00+00:00', '--job-id', '55', '--raw', '--subdir', 'DAGS_FOLDER/dag_dynamic.py', '--cfg-path', '/tmp/tmpni0rragv']
[2024-12-07T03:32:39.220-0300] {standard_task_runner.py:105} INFO - Job 55: Subtask evaluate_models
[2024-12-07T03:32:40.424-0300] {task_command.py:467} INFO - Running <TaskInstance: hiring_dynamic_pipeline.evaluate_models scheduled__2024-10-05T15:00:00+00:00 [running]> on host crisu-VivoBook-S14-X411UF
[2024-12-07T03:32:42.628-0300] {taskinstance.py:3132} INFO - Exporting env vars: AIRFLOW_CTX_DAG_OWNER='airflow' AIRFLOW_CTX_DAG_ID='hiring_dynamic_pipeline' AIRFLOW_CTX_TASK_ID='evaluate_models' AIRFLOW_CTX_EXECUTION_DATE='2024-10-05T15:00:00+00:00' AIRFLOW_CTX_TRY_NUMBER='1' AIRFLOW_CTX_DAG_RUN_ID='scheduled__2024-10-05T15:00:00+00:00'
[2024-12-07T03:32:42.629-0300] {logging_mixin.py:190} INFO - Task instance is in running state
[2024-12-07T03:32:42.629-0300] {logging_mixin.py:190} INFO -  Previous state of the Task instance: queued
[2024-12-07T03:32:42.629-0300] {logging_mixin.py:190} INFO - Current task name:evaluate_models state:running start_date:2024-12-07 06:32:38.417506+00:00
[2024-12-07T03:32:42.629-0300] {logging_mixin.py:190} INFO - Dag name:hiring_dynamic_pipeline and current dag run status:running
[2024-12-07T03:32:42.630-0300] {taskinstance.py:731} INFO - ::endgroup::
[2024-12-07T03:32:42.688-0300] {logging_mixin.py:190} INFO - Modelo: RandomForestClassifier, Accuracy: 0.9200
[2024-12-07T03:32:42.704-0300] {logging_mixin.py:190} INFO - Modelo: SVC, Accuracy: 0.8767
[2024-12-07T03:32:42.711-0300] {logging_mixin.py:190} INFO - Modelo: LogisticRegression, Accuracy: 0.9033
[2024-12-07T03:32:42.760-0300] {logging_mixin.py:190} INFO - Mejor modelo: RandomForestClassifier, Accuracy: 0.9200
[2024-12-07T03:32:42.760-0300] {python.py:240} INFO - Done. Returned value was: None
[2024-12-07T03:32:43.896-0300] {taskinstance.py:340} INFO - ::group::Post task execution logs
[2024-12-07T03:32:43.896-0300] {taskinstance.py:352} INFO - Marking task as SUCCESS. dag_id=hiring_dynamic_pipeline, task_id=evaluate_models, run_id=scheduled__2024-10-05T15:00:00+00:00, execution_date=20241005T150000, start_date=20241207T063238, end_date=20241207T063243
[2024-12-07T03:32:44.784-0300] {logging_mixin.py:190} INFO - Task instance in success state
[2024-12-07T03:32:44.784-0300] {logging_mixin.py:190} INFO -  Previous state of the Task instance: running
[2024-12-07T03:32:44.784-0300] {logging_mixin.py:190} INFO - Dag name:hiring_dynamic_pipeline queued_at:2024-12-07 06:27:03.158666+00:00
[2024-12-07T03:32:44.784-0300] {logging_mixin.py:190} INFO - Task hostname:crisu-VivoBook-S14-X411UF operator:PythonOperator
[2024-12-07T03:32:45.500-0300] {local_task_job_runner.py:266} INFO - Task exited with return code 0
[2024-12-07T03:32:45.507-0300] {taskinstance.py:3895} INFO - 0 downstream tasks scheduled from follow-on schedule check
[2024-12-07T03:32:45.508-0300] {local_task_job_runner.py:245} INFO - ::endgroup::
[2024-12-07T03:47:00.242-0300] {local_task_job_runner.py:123} INFO - ::group::Pre task execution logs
[2024-12-07T03:47:00.269-0300] {taskinstance.py:2613} INFO - Dependencies all met for dep_context=non-requeueable deps ti=<TaskInstance: hiring_dynamic_pipeline.evaluate_models scheduled__2024-10-05T15:00:00+00:00 [queued]>
[2024-12-07T03:47:00.274-0300] {taskinstance.py:2613} INFO - Dependencies all met for dep_context=requeueable deps ti=<TaskInstance: hiring_dynamic_pipeline.evaluate_models scheduled__2024-10-05T15:00:00+00:00 [queued]>
[2024-12-07T03:47:00.274-0300] {taskinstance.py:2866} INFO - Starting attempt 1 of 2
[2024-12-07T03:47:00.344-0300] {taskinstance.py:2889} INFO - Executing <Task(PythonOperator): evaluate_models> on 2024-10-05 15:00:00+00:00
[2024-12-07T03:47:00.351-0300] {standard_task_runner.py:72} INFO - Started process 46474 to run task
[2024-12-07T03:47:00.354-0300] {standard_task_runner.py:104} INFO - Running: ['airflow', 'tasks', 'run', 'hiring_dynamic_pipeline', 'evaluate_models', 'scheduled__2024-10-05T15:00:00+00:00', '--job-id', '65', '--raw', '--subdir', 'DAGS_FOLDER/dag_dynamic.py', '--cfg-path', '/tmp/tmpsqu2sh8a']
[2024-12-07T03:47:00.355-0300] {standard_task_runner.py:105} INFO - Job 65: Subtask evaluate_models
[2024-12-07T03:47:00.426-0300] {task_command.py:467} INFO - Running <TaskInstance: hiring_dynamic_pipeline.evaluate_models scheduled__2024-10-05T15:00:00+00:00 [running]> on host crisu-VivoBook-S14-X411UF
[2024-12-07T03:47:00.570-0300] {taskinstance.py:3132} INFO - Exporting env vars: AIRFLOW_CTX_DAG_OWNER='airflow' AIRFLOW_CTX_DAG_ID='hiring_dynamic_pipeline' AIRFLOW_CTX_TASK_ID='evaluate_models' AIRFLOW_CTX_EXECUTION_DATE='2024-10-05T15:00:00+00:00' AIRFLOW_CTX_TRY_NUMBER='1' AIRFLOW_CTX_DAG_RUN_ID='scheduled__2024-10-05T15:00:00+00:00'
[2024-12-07T03:47:00.571-0300] {logging_mixin.py:190} INFO - Task instance is in running state
[2024-12-07T03:47:00.571-0300] {logging_mixin.py:190} INFO -  Previous state of the Task instance: queued
[2024-12-07T03:47:00.571-0300] {logging_mixin.py:190} INFO - Current task name:evaluate_models state:running start_date:2024-12-07 06:47:00.269477+00:00
[2024-12-07T03:47:00.571-0300] {logging_mixin.py:190} INFO - Dag name:hiring_dynamic_pipeline and current dag run status:running
[2024-12-07T03:47:00.572-0300] {taskinstance.py:731} INFO - ::endgroup::
[2024-12-07T03:47:00.632-0300] {logging_mixin.py:190} INFO - Modelo: RandomForestClassifier, Accuracy: 0.9200
[2024-12-07T03:47:00.677-0300] {logging_mixin.py:190} INFO - Modelo: best_model, Accuracy: 0.9200
[2024-12-07T03:47:00.693-0300] {logging_mixin.py:190} INFO - Modelo: SVC, Accuracy: 0.8767
[2024-12-07T03:47:00.701-0300] {logging_mixin.py:190} INFO - Modelo: LogisticRegression, Accuracy: 0.9033
[2024-12-07T03:47:00.751-0300] {logging_mixin.py:190} INFO - Mejor modelo: RandomForestClassifier, Accuracy: 0.9200
[2024-12-07T03:47:00.752-0300] {python.py:240} INFO - Done. Returned value was: None
[2024-12-07T03:47:00.755-0300] {taskinstance.py:340} INFO - ::group::Post task execution logs
[2024-12-07T03:47:00.755-0300] {taskinstance.py:352} INFO - Marking task as SUCCESS. dag_id=hiring_dynamic_pipeline, task_id=evaluate_models, run_id=scheduled__2024-10-05T15:00:00+00:00, execution_date=20241005T150000, start_date=20241207T064700, end_date=20241207T064700
[2024-12-07T03:47:00.828-0300] {logging_mixin.py:190} INFO - Task instance in success state
[2024-12-07T03:47:00.829-0300] {logging_mixin.py:190} INFO -  Previous state of the Task instance: running
[2024-12-07T03:47:00.829-0300] {logging_mixin.py:190} INFO - Dag name:hiring_dynamic_pipeline queued_at:2024-12-07 06:44:27.637067+00:00
[2024-12-07T03:47:00.829-0300] {logging_mixin.py:190} INFO - Task hostname:crisu-VivoBook-S14-X411UF operator:PythonOperator
[2024-12-07T03:47:00.848-0300] {local_task_job_runner.py:266} INFO - Task exited with return code 0
[2024-12-07T03:47:00.859-0300] {taskinstance.py:3895} INFO - 0 downstream tasks scheduled from follow-on schedule check
[2024-12-07T03:47:00.860-0300] {local_task_job_runner.py:245} INFO - ::endgroup::
[2024-12-07T04:05:39.971-0300] {local_task_job_runner.py:123} INFO - ::group::Pre task execution logs
[2024-12-07T04:05:40.013-0300] {taskinstance.py:2613} INFO - Dependencies all met for dep_context=non-requeueable deps ti=<TaskInstance: hiring_dynamic_pipeline.evaluate_models scheduled__2024-10-05T15:00:00+00:00 [queued]>
[2024-12-07T04:05:40.021-0300] {taskinstance.py:2613} INFO - Dependencies all met for dep_context=requeueable deps ti=<TaskInstance: hiring_dynamic_pipeline.evaluate_models scheduled__2024-10-05T15:00:00+00:00 [queued]>
[2024-12-07T04:05:40.022-0300] {taskinstance.py:2866} INFO - Starting attempt 1 of 2
[2024-12-07T04:05:41.119-0300] {taskinstance.py:2889} INFO - Executing <Task(PythonOperator): evaluate_models> on 2024-10-05 15:00:00+00:00
[2024-12-07T04:05:41.126-0300] {standard_task_runner.py:72} INFO - Started process 48974 to run task
[2024-12-07T04:05:41.129-0300] {standard_task_runner.py:104} INFO - Running: ['airflow', 'tasks', 'run', 'hiring_dynamic_pipeline', 'evaluate_models', 'scheduled__2024-10-05T15:00:00+00:00', '--job-id', '65', '--raw', '--subdir', 'DAGS_FOLDER/dag_dynamic.py', '--cfg-path', '/tmp/tmp6suvyufx']
[2024-12-07T04:05:41.131-0300] {standard_task_runner.py:105} INFO - Job 65: Subtask evaluate_models
[2024-12-07T04:05:42.209-0300] {task_command.py:467} INFO - Running <TaskInstance: hiring_dynamic_pipeline.evaluate_models scheduled__2024-10-05T15:00:00+00:00 [running]> on host crisu-VivoBook-S14-X411UF
[2024-12-07T04:05:43.575-0300] {taskinstance.py:3132} INFO - Exporting env vars: AIRFLOW_CTX_DAG_OWNER='airflow' AIRFLOW_CTX_DAG_ID='hiring_dynamic_pipeline' AIRFLOW_CTX_TASK_ID='evaluate_models' AIRFLOW_CTX_EXECUTION_DATE='2024-10-05T15:00:00+00:00' AIRFLOW_CTX_TRY_NUMBER='1' AIRFLOW_CTX_DAG_RUN_ID='scheduled__2024-10-05T15:00:00+00:00'
[2024-12-07T04:05:43.575-0300] {logging_mixin.py:190} INFO - Task instance is in running state
[2024-12-07T04:05:43.576-0300] {logging_mixin.py:190} INFO -  Previous state of the Task instance: queued
[2024-12-07T04:05:43.576-0300] {logging_mixin.py:190} INFO - Current task name:evaluate_models state:running start_date:2024-12-07 07:05:40.013648+00:00
[2024-12-07T04:05:43.576-0300] {logging_mixin.py:190} INFO - Dag name:hiring_dynamic_pipeline and current dag run status:running
[2024-12-07T04:05:43.576-0300] {taskinstance.py:731} INFO - ::endgroup::
[2024-12-07T04:05:43.631-0300] {logging_mixin.py:190} INFO - Modelo: RandomForestClassifier, Accuracy: 0.9133
[2024-12-07T04:05:43.640-0300] {logging_mixin.py:190} INFO - Modelo: SVC, Accuracy: 0.8933
[2024-12-07T04:05:43.646-0300] {logging_mixin.py:190} INFO - Modelo: LogisticRegression, Accuracy: 0.9000
[2024-12-07T04:05:43.692-0300] {logging_mixin.py:190} INFO - Mejor modelo: RandomForestClassifier, Accuracy: 0.9133
[2024-12-07T04:05:43.693-0300] {python.py:240} INFO - Done. Returned value was: None
[2024-12-07T04:05:43.696-0300] {taskinstance.py:340} INFO - ::group::Post task execution logs
[2024-12-07T04:05:43.697-0300] {taskinstance.py:352} INFO - Marking task as SUCCESS. dag_id=hiring_dynamic_pipeline, task_id=evaluate_models, run_id=scheduled__2024-10-05T15:00:00+00:00, execution_date=20241005T150000, start_date=20241207T070540, end_date=20241207T070543
[2024-12-07T04:05:44.826-0300] {logging_mixin.py:190} INFO - Task instance in success state
[2024-12-07T04:05:44.827-0300] {logging_mixin.py:190} INFO -  Previous state of the Task instance: running
[2024-12-07T04:05:44.827-0300] {logging_mixin.py:190} INFO - Dag name:hiring_dynamic_pipeline queued_at:2024-12-07 07:02:12.234495+00:00
[2024-12-07T04:05:44.827-0300] {logging_mixin.py:190} INFO - Task hostname:crisu-VivoBook-S14-X411UF operator:PythonOperator
[2024-12-07T04:05:44.845-0300] {local_task_job_runner.py:266} INFO - Task exited with return code 0
[2024-12-07T04:05:44.858-0300] {taskinstance.py:3895} INFO - 0 downstream tasks scheduled from follow-on schedule check
[2024-12-07T04:05:44.858-0300] {local_task_job_runner.py:245} INFO - ::endgroup::
[2024-12-07T04:05:46.135-0300] {standard_task_runner.py:217} INFO - Process not found (most likely exited), stop collecting metrics
