[2024-12-07T02:36:05.706-0300] {local_task_job_runner.py:123} INFO - ::group::Pre task execution logs
[2024-12-07T02:36:05.720-0300] {taskinstance.py:2613} INFO - Dependencies all met for dep_context=non-requeueable deps ti=<TaskInstance: hiring_lineal.split_data manual__2024-12-07T05:30:45.798598+00:00 [queued]>
[2024-12-07T02:36:05.725-0300] {taskinstance.py:2613} INFO - Dependencies all met for dep_context=requeueable deps ti=<TaskInstance: hiring_lineal.split_data manual__2024-12-07T05:30:45.798598+00:00 [queued]>
[2024-12-07T02:36:05.725-0300] {taskinstance.py:2866} INFO - Starting attempt 5 of 6
[2024-12-07T02:36:05.799-0300] {taskinstance.py:2889} INFO - Executing <Task(PythonOperator): split_data> on 2024-12-07 05:30:45.798598+00:00
[2024-12-07T02:36:05.805-0300] {standard_task_runner.py:72} INFO - Started process 38446 to run task
[2024-12-07T02:36:05.808-0300] {standard_task_runner.py:104} INFO - Running: ['airflow', 'tasks', 'run', 'hiring_lineal', 'split_data', 'manual__2024-12-07T05:30:45.798598+00:00', '--job-id', '20', '--raw', '--subdir', 'DAGS_FOLDER/dag_lineal1.py', '--cfg-path', '/tmp/tmpiiu5xk79']
[2024-12-07T02:36:05.809-0300] {standard_task_runner.py:105} INFO - Job 20: Subtask split_data
[2024-12-07T02:36:05.933-0300] {task_command.py:467} INFO - Running <TaskInstance: hiring_lineal.split_data manual__2024-12-07T05:30:45.798598+00:00 [running]> on host crisu-VivoBook-S14-X411UF
[2024-12-07T02:36:06.030-0300] {taskinstance.py:3132} INFO - Exporting env vars: AIRFLOW_CTX_DAG_OWNER='airflow' AIRFLOW_CTX_DAG_ID='hiring_lineal' AIRFLOW_CTX_TASK_ID='split_data' AIRFLOW_CTX_EXECUTION_DATE='2024-12-07T05:30:45.798598+00:00' AIRFLOW_CTX_TRY_NUMBER='5' AIRFLOW_CTX_DAG_RUN_ID='manual__2024-12-07T05:30:45.798598+00:00'
[2024-12-07T02:36:06.032-0300] {logging_mixin.py:190} INFO - Task instance is in running state
[2024-12-07T02:36:06.032-0300] {logging_mixin.py:190} INFO -  Previous state of the Task instance: queued
[2024-12-07T02:36:06.032-0300] {logging_mixin.py:190} INFO - Current task name:split_data state:running start_date:2024-12-07 05:36:05.720442+00:00
[2024-12-07T02:36:06.033-0300] {logging_mixin.py:190} INFO - Dag name:hiring_lineal and current dag run status:running
[2024-12-07T02:36:06.033-0300] {taskinstance.py:731} INFO - ::endgroup::
[2024-12-07T02:36:06.050-0300] {logging_mixin.py:190} INFO - Archivos guardados en /home/crisu/Universidad/MDS7202-Primavera2024/Lab 13 - Airflow/output_2024-12-07/splits
[2024-12-07T02:36:06.050-0300] {python.py:240} INFO - Done. Returned value was: None
[2024-12-07T02:36:06.054-0300] {taskinstance.py:340} INFO - ::group::Post task execution logs
[2024-12-07T02:36:06.054-0300] {taskinstance.py:352} INFO - Marking task as SUCCESS. dag_id=hiring_lineal, task_id=split_data, run_id=manual__2024-12-07T05:30:45.798598+00:00, execution_date=20241207T053045, start_date=20241207T053605, end_date=20241207T053606
[2024-12-07T02:36:06.115-0300] {logging_mixin.py:190} INFO - Task instance in success state
[2024-12-07T02:36:06.115-0300] {logging_mixin.py:190} INFO -  Previous state of the Task instance: running
[2024-12-07T02:36:06.116-0300] {logging_mixin.py:190} INFO - Dag name:hiring_lineal queued_at:2024-12-07 05:30:45.808698+00:00
[2024-12-07T02:36:06.116-0300] {logging_mixin.py:190} INFO - Task hostname:crisu-VivoBook-S14-X411UF operator:PythonOperator
[2024-12-07T02:36:06.141-0300] {local_task_job_runner.py:266} INFO - Task exited with return code 0
[2024-12-07T02:36:06.162-0300] {taskinstance.py:3895} INFO - 1 downstream tasks scheduled from follow-on schedule check
[2024-12-07T02:36:06.205-0300] {local_task_job_runner.py:245} INFO - ::endgroup::
