[2024-12-07T02:30:59.693-0300] {local_task_job_runner.py:123} INFO - ::group::Pre task execution logs
[2024-12-07T02:30:59.701-0300] {taskinstance.py:2613} INFO - Dependencies all met for dep_context=non-requeueable deps ti=<TaskInstance: hiring_lineal.split_data manual__2024-12-07T05:30:45.798598+00:00 [queued]>
[2024-12-07T02:30:59.709-0300] {taskinstance.py:2613} INFO - Dependencies all met for dep_context=requeueable deps ti=<TaskInstance: hiring_lineal.split_data manual__2024-12-07T05:30:45.798598+00:00 [queued]>
[2024-12-07T02:30:59.709-0300] {taskinstance.py:2866} INFO - Starting attempt 1 of 2
[2024-12-07T02:30:59.763-0300] {taskinstance.py:2889} INFO - Executing <Task(PythonOperator): split_data> on 2024-12-07 05:30:45.798598+00:00
[2024-12-07T02:30:59.768-0300] {standard_task_runner.py:72} INFO - Started process 37955 to run task
[2024-12-07T02:30:59.773-0300] {standard_task_runner.py:104} INFO - Running: ['airflow', 'tasks', 'run', 'hiring_lineal', 'split_data', 'manual__2024-12-07T05:30:45.798598+00:00', '--job-id', '15', '--raw', '--subdir', 'DAGS_FOLDER/dag_lineal1.py', '--cfg-path', '/tmp/tmp9s6v_uku']
[2024-12-07T02:30:59.774-0300] {standard_task_runner.py:105} INFO - Job 15: Subtask split_data
[2024-12-07T02:30:59.846-0300] {task_command.py:467} INFO - Running <TaskInstance: hiring_lineal.split_data manual__2024-12-07T05:30:45.798598+00:00 [running]> on host crisu-VivoBook-S14-X411UF
[2024-12-07T02:30:59.988-0300] {taskinstance.py:3132} INFO - Exporting env vars: AIRFLOW_CTX_DAG_OWNER='airflow' AIRFLOW_CTX_DAG_ID='hiring_lineal' AIRFLOW_CTX_TASK_ID='split_data' AIRFLOW_CTX_EXECUTION_DATE='2024-12-07T05:30:45.798598+00:00' AIRFLOW_CTX_TRY_NUMBER='1' AIRFLOW_CTX_DAG_RUN_ID='manual__2024-12-07T05:30:45.798598+00:00'
[2024-12-07T02:30:59.989-0300] {logging_mixin.py:190} INFO - Task instance is in running state
[2024-12-07T02:30:59.990-0300] {logging_mixin.py:190} INFO -  Previous state of the Task instance: queued
[2024-12-07T02:30:59.990-0300] {logging_mixin.py:190} INFO - Current task name:split_data state:running start_date:2024-12-07 05:30:59.702064+00:00
[2024-12-07T02:30:59.990-0300] {logging_mixin.py:190} INFO - Dag name:hiring_lineal and current dag run status:running
[2024-12-07T02:30:59.990-0300] {taskinstance.py:731} INFO - ::endgroup::
[2024-12-07T02:30:59.991-0300] {taskinstance.py:3311} ERROR - Task failed with exception
Traceback (most recent call last):
  File "/home/crisu/miniconda3/envs/lab13.1/lib/python3.9/site-packages/airflow/models/taskinstance.py", line 767, in _execute_task
    result = _execute_callable(context=context, **execute_callable_kwargs)
  File "/home/crisu/miniconda3/envs/lab13.1/lib/python3.9/site-packages/airflow/models/taskinstance.py", line 733, in _execute_callable
    return ExecutionCallableRunner(
  File "/home/crisu/miniconda3/envs/lab13.1/lib/python3.9/site-packages/airflow/utils/operator_helpers.py", line 252, in run
    return self.func(*args, **kwargs)
  File "/home/crisu/miniconda3/envs/lab13.1/lib/python3.9/site-packages/airflow/models/baseoperator.py", line 417, in wrapper
    return func(self, *args, **kwargs)
  File "/home/crisu/miniconda3/envs/lab13.1/lib/python3.9/site-packages/airflow/operators/python.py", line 238, in execute
    return_value = self.execute_callable()
  File "/home/crisu/miniconda3/envs/lab13.1/lib/python3.9/site-packages/airflow/operators/python.py", line 256, in execute_callable
    return runner.run(*self.op_args, **self.op_kwargs)
  File "/home/crisu/miniconda3/envs/lab13.1/lib/python3.9/site-packages/airflow/utils/operator_helpers.py", line 252, in run
    return self.func(*args, **kwargs)
  File "/home/crisu/Universidad/MDS7202-Primavera2024/Lab 13 - Airflow/dags/hiring_functions.py", line 32, in split_data
    raise FileNotFoundError(f"No se encontró el archivo: {input_path}")
FileNotFoundError: No se encontró el archivo: /home/crisu/Universidad/MDS7202-Primavera2024/Lab 13 - Airflow/dags/output_2024-12-07/raw/data_1.csv
[2024-12-07T02:30:59.997-0300] {logging_mixin.py:190} INFO - Task instance in failure state
[2024-12-07T02:30:59.997-0300] {logging_mixin.py:190} INFO - Task start:2024-12-07 05:30:59.702064+00:00 end:2024-12-07 05:30:59.997183+00:00 duration:0.295119
[2024-12-07T02:30:59.998-0300] {logging_mixin.py:190} INFO - Task:<Task(PythonOperator): split_data> dag:<DAG: hiring_lineal> dagrun:<DagRun hiring_lineal @ 2024-12-07 05:30:45.798598+00:00: manual__2024-12-07T05:30:45.798598+00:00, state:running, queued_at: 2024-12-07 05:30:45.808698+00:00. externally triggered: True>
[2024-12-07T02:30:59.998-0300] {logging_mixin.py:190} INFO - Failure caused by No se encontró el archivo: /home/crisu/Universidad/MDS7202-Primavera2024/Lab 13 - Airflow/dags/output_2024-12-07/raw/data_1.csv
[2024-12-07T02:30:59.998-0300] {taskinstance.py:1225} INFO - Marking task as UP_FOR_RETRY. dag_id=hiring_lineal, task_id=split_data, run_id=manual__2024-12-07T05:30:45.798598+00:00, execution_date=20241207T053045, start_date=20241207T053059, end_date=20241207T053059
[2024-12-07T02:31:00.058-0300] {taskinstance.py:340} INFO - ::group::Post task execution logs
[2024-12-07T02:31:00.058-0300] {standard_task_runner.py:124} ERROR - Failed to execute job 15 for task split_data (No se encontró el archivo: /home/crisu/Universidad/MDS7202-Primavera2024/Lab 13 - Airflow/dags/output_2024-12-07/raw/data_1.csv; 37955)
Traceback (most recent call last):
  File "/home/crisu/miniconda3/envs/lab13.1/lib/python3.9/site-packages/airflow/task/task_runner/standard_task_runner.py", line 117, in _start_by_fork
    ret = args.func(args, dag=self.dag)
  File "/home/crisu/miniconda3/envs/lab13.1/lib/python3.9/site-packages/airflow/cli/cli_config.py", line 49, in command
    return func(*args, **kwargs)
  File "/home/crisu/miniconda3/envs/lab13.1/lib/python3.9/site-packages/airflow/utils/cli.py", line 116, in wrapper
    return f(*args, **kwargs)
  File "/home/crisu/miniconda3/envs/lab13.1/lib/python3.9/site-packages/airflow/cli/commands/task_command.py", line 483, in task_run
    task_return_code = _run_task_by_selected_method(args, _dag, ti)
  File "/home/crisu/miniconda3/envs/lab13.1/lib/python3.9/site-packages/airflow/cli/commands/task_command.py", line 256, in _run_task_by_selected_method
    return _run_raw_task(args, ti)
  File "/home/crisu/miniconda3/envs/lab13.1/lib/python3.9/site-packages/airflow/cli/commands/task_command.py", line 341, in _run_raw_task
    return ti._run_raw_task(
  File "/home/crisu/miniconda3/envs/lab13.1/lib/python3.9/site-packages/airflow/utils/session.py", line 97, in wrapper
    return func(*args, session=session, **kwargs)
  File "/home/crisu/miniconda3/envs/lab13.1/lib/python3.9/site-packages/airflow/models/taskinstance.py", line 3005, in _run_raw_task
    return _run_raw_task(
  File "/home/crisu/miniconda3/envs/lab13.1/lib/python3.9/site-packages/airflow/models/taskinstance.py", line 273, in _run_raw_task
    TaskInstance._execute_task_with_callbacks(
  File "/home/crisu/miniconda3/envs/lab13.1/lib/python3.9/site-packages/airflow/models/taskinstance.py", line 3159, in _execute_task_with_callbacks
    result = self._execute_task(context, task_orig)
  File "/home/crisu/miniconda3/envs/lab13.1/lib/python3.9/site-packages/airflow/models/taskinstance.py", line 3183, in _execute_task
    return _execute_task(self, context, task_orig)
  File "/home/crisu/miniconda3/envs/lab13.1/lib/python3.9/site-packages/airflow/models/taskinstance.py", line 767, in _execute_task
    result = _execute_callable(context=context, **execute_callable_kwargs)
  File "/home/crisu/miniconda3/envs/lab13.1/lib/python3.9/site-packages/airflow/models/taskinstance.py", line 733, in _execute_callable
    return ExecutionCallableRunner(
  File "/home/crisu/miniconda3/envs/lab13.1/lib/python3.9/site-packages/airflow/utils/operator_helpers.py", line 252, in run
    return self.func(*args, **kwargs)
  File "/home/crisu/miniconda3/envs/lab13.1/lib/python3.9/site-packages/airflow/models/baseoperator.py", line 417, in wrapper
    return func(self, *args, **kwargs)
  File "/home/crisu/miniconda3/envs/lab13.1/lib/python3.9/site-packages/airflow/operators/python.py", line 238, in execute
    return_value = self.execute_callable()
  File "/home/crisu/miniconda3/envs/lab13.1/lib/python3.9/site-packages/airflow/operators/python.py", line 256, in execute_callable
    return runner.run(*self.op_args, **self.op_kwargs)
  File "/home/crisu/miniconda3/envs/lab13.1/lib/python3.9/site-packages/airflow/utils/operator_helpers.py", line 252, in run
    return self.func(*args, **kwargs)
  File "/home/crisu/Universidad/MDS7202-Primavera2024/Lab 13 - Airflow/dags/hiring_functions.py", line 32, in split_data
    raise FileNotFoundError(f"No se encontró el archivo: {input_path}")
FileNotFoundError: No se encontró el archivo: /home/crisu/Universidad/MDS7202-Primavera2024/Lab 13 - Airflow/dags/output_2024-12-07/raw/data_1.csv
[2024-12-07T02:31:00.105-0300] {local_task_job_runner.py:266} INFO - Task exited with return code 1
[2024-12-07T02:31:00.120-0300] {taskinstance.py:3895} INFO - 0 downstream tasks scheduled from follow-on schedule check
[2024-12-07T02:31:00.121-0300] {local_task_job_runner.py:245} INFO - ::endgroup::
