[2024-12-07T04:04:37.220-0300] {local_task_job_runner.py:123} INFO - ::group::Pre task execution logs
[2024-12-07T04:04:37.230-0300] {taskinstance.py:2613} INFO - Dependencies all met for dep_context=non-requeueable deps ti=<TaskInstance: hiring_dynamic_pipeline.split_data manual__2024-12-07T07:02:09.077063+00:00 [queued]>
[2024-12-07T04:04:37.235-0300] {taskinstance.py:2613} INFO - Dependencies all met for dep_context=requeueable deps ti=<TaskInstance: hiring_dynamic_pipeline.split_data manual__2024-12-07T07:02:09.077063+00:00 [queued]>
[2024-12-07T04:04:37.236-0300] {taskinstance.py:2866} INFO - Starting attempt 1 of 2
[2024-12-07T04:04:37.289-0300] {taskinstance.py:2889} INFO - Executing <Task(PythonOperator): split_data> on 2024-12-07 07:02:09.077063+00:00
[2024-12-07T04:04:37.296-0300] {standard_task_runner.py:72} INFO - Started process 48715 to run task
[2024-12-07T04:04:37.299-0300] {standard_task_runner.py:104} INFO - Running: ['airflow', 'tasks', 'run', 'hiring_dynamic_pipeline', 'split_data', 'manual__2024-12-07T07:02:09.077063+00:00', '--job-id', '54', '--raw', '--subdir', 'DAGS_FOLDER/dag_dynamic.py', '--cfg-path', '/tmp/tmp670pimm_']
[2024-12-07T04:04:37.300-0300] {standard_task_runner.py:105} INFO - Job 54: Subtask split_data
[2024-12-07T04:04:37.367-0300] {task_command.py:467} INFO - Running <TaskInstance: hiring_dynamic_pipeline.split_data manual__2024-12-07T07:02:09.077063+00:00 [running]> on host crisu-VivoBook-S14-X411UF
[2024-12-07T04:04:37.494-0300] {taskinstance.py:3132} INFO - Exporting env vars: AIRFLOW_CTX_DAG_OWNER='airflow' AIRFLOW_CTX_DAG_ID='hiring_dynamic_pipeline' AIRFLOW_CTX_TASK_ID='split_data' AIRFLOW_CTX_EXECUTION_DATE='2024-12-07T07:02:09.077063+00:00' AIRFLOW_CTX_TRY_NUMBER='1' AIRFLOW_CTX_DAG_RUN_ID='manual__2024-12-07T07:02:09.077063+00:00'
[2024-12-07T04:04:37.495-0300] {logging_mixin.py:190} INFO - Task instance is in running state
[2024-12-07T04:04:37.495-0300] {logging_mixin.py:190} INFO -  Previous state of the Task instance: queued
[2024-12-07T04:04:37.495-0300] {logging_mixin.py:190} INFO - Current task name:split_data state:running start_date:2024-12-07 07:04:37.230836+00:00
[2024-12-07T04:04:37.495-0300] {logging_mixin.py:190} INFO - Dag name:hiring_dynamic_pipeline and current dag run status:running
[2024-12-07T04:04:37.495-0300] {taskinstance.py:731} INFO - ::endgroup::
[2024-12-07T04:04:37.515-0300] {python.py:240} INFO - Done. Returned value was: None
[2024-12-07T04:04:37.519-0300] {taskinstance.py:340} INFO - ::group::Post task execution logs
[2024-12-07T04:04:37.520-0300] {taskinstance.py:352} INFO - Marking task as SUCCESS. dag_id=hiring_dynamic_pipeline, task_id=split_data, run_id=manual__2024-12-07T07:02:09.077063+00:00, execution_date=20241207T070209, start_date=20241207T070437, end_date=20241207T070437
[2024-12-07T04:04:37.585-0300] {logging_mixin.py:190} INFO - Task instance in success state
[2024-12-07T04:04:37.586-0300] {logging_mixin.py:190} INFO -  Previous state of the Task instance: running
[2024-12-07T04:04:37.586-0300] {logging_mixin.py:190} INFO - Dag name:hiring_dynamic_pipeline queued_at:2024-12-07 07:02:10.323724+00:00
[2024-12-07T04:04:37.586-0300] {logging_mixin.py:190} INFO - Task hostname:crisu-VivoBook-S14-X411UF operator:PythonOperator
[2024-12-07T04:04:37.632-0300] {local_task_job_runner.py:266} INFO - Task exited with return code 0
[2024-12-07T04:04:37.652-0300] {taskinstance.py:3895} INFO - 3 downstream tasks scheduled from follow-on schedule check
[2024-12-07T04:04:37.799-0300] {local_task_job_runner.py:245} INFO - ::endgroup::
