[2024-12-07T03:45:46.634-0300] {local_task_job_runner.py:123} INFO - ::group::Pre task execution logs
[2024-12-07T03:45:46.647-0300] {taskinstance.py:2613} INFO - Dependencies all met for dep_context=non-requeueable deps ti=<TaskInstance: hiring_dynamic_pipeline.download_data_1_and_2 manual__2024-12-07T06:44:27.135234+00:00 [queued]>
[2024-12-07T03:45:46.653-0300] {taskinstance.py:2613} INFO - Dependencies all met for dep_context=requeueable deps ti=<TaskInstance: hiring_dynamic_pipeline.download_data_1_and_2 manual__2024-12-07T06:44:27.135234+00:00 [queued]>
[2024-12-07T03:45:46.653-0300] {taskinstance.py:2866} INFO - Starting attempt 1 of 2
[2024-12-07T03:45:46.703-0300] {taskinstance.py:2889} INFO - Executing <Task(BashOperator): download_data_1_and_2> on 2024-12-07 06:44:27.135234+00:00
[2024-12-07T03:45:46.709-0300] {standard_task_runner.py:72} INFO - Started process 46123 to run task
[2024-12-07T03:45:46.713-0300] {standard_task_runner.py:104} INFO - Running: ['airflow', 'tasks', 'run', 'hiring_dynamic_pipeline', 'download_data_1_and_2', 'manual__2024-12-07T06:44:27.135234+00:00', '--job-id', '49', '--raw', '--subdir', 'DAGS_FOLDER/dag_dynamic.py', '--cfg-path', '/tmp/tmpvvoe0f1h']
[2024-12-07T03:45:46.714-0300] {standard_task_runner.py:105} INFO - Job 49: Subtask download_data_1_and_2
[2024-12-07T03:45:46.808-0300] {task_command.py:467} INFO - Running <TaskInstance: hiring_dynamic_pipeline.download_data_1_and_2 manual__2024-12-07T06:44:27.135234+00:00 [running]> on host crisu-VivoBook-S14-X411UF
[2024-12-07T03:45:46.940-0300] {taskinstance.py:3132} INFO - Exporting env vars: AIRFLOW_CTX_DAG_OWNER='airflow' AIRFLOW_CTX_DAG_ID='hiring_dynamic_pipeline' AIRFLOW_CTX_TASK_ID='download_data_1_and_2' AIRFLOW_CTX_EXECUTION_DATE='2024-12-07T06:44:27.135234+00:00' AIRFLOW_CTX_TRY_NUMBER='1' AIRFLOW_CTX_DAG_RUN_ID='manual__2024-12-07T06:44:27.135234+00:00'
[2024-12-07T03:45:46.941-0300] {logging_mixin.py:190} INFO - Task instance is in running state
[2024-12-07T03:45:46.941-0300] {logging_mixin.py:190} INFO -  Previous state of the Task instance: queued
[2024-12-07T03:45:46.941-0300] {logging_mixin.py:190} INFO - Current task name:download_data_1_and_2 state:running start_date:2024-12-07 06:45:46.647397+00:00
[2024-12-07T03:45:46.941-0300] {logging_mixin.py:190} INFO - Dag name:hiring_dynamic_pipeline and current dag run status:running
[2024-12-07T03:45:46.941-0300] {taskinstance.py:731} INFO - ::endgroup::
[2024-12-07T03:45:46.942-0300] {subprocess.py:78} INFO - Tmp dir root location: /tmp
[2024-12-07T03:45:46.943-0300] {subprocess.py:88} INFO - Running command: ['/usr/bin/bash', '-c', 'curl -o /home/crisu/Universidad/MDS7202-Primavera2024/Lab\\ 13\\ -\\ Airflow/output_2024-12-07/raw/data_1.csv https://gitlab.com/eduardomoyab/laboratorio-13/-/raw/main/files/data_1.csv && curl -o /home/crisu/Universidad/MDS7202-Primavera2024/Lab\\ 13\\ -\\ Airflow/output_2024-12-07/raw/data_2.csv https://gitlab.com/eduardomoyab/laboratorio-13/-/raw/main/files/data_2.csv']
[2024-12-07T03:45:46.957-0300] {subprocess.py:99} INFO - Output:
[2024-12-07T03:45:46.964-0300] {subprocess.py:106} INFO -   % Total    % Received % Xferd  Average Speed   Time    Time     Time  Current
[2024-12-07T03:45:46.964-0300] {subprocess.py:106} INFO -                                  Dload  Upload   Total   Spent    Left  Speed
[2024-12-07T03:45:47.071-0300] {subprocess.py:106} INFO -   0     0    0     0    0     0      0      0 --:--:-- --:--:-- --:--:--     0100 32735  100 32735    0     0   298k      0 --:--:-- --:--:-- --:--:--  298k
[2024-12-07T03:45:47.078-0300] {subprocess.py:106} INFO -   % Total    % Received % Xferd  Average Speed   Time    Time     Time  Current
[2024-12-07T03:45:47.079-0300] {subprocess.py:106} INFO -                                  Dload  Upload   Total   Spent    Left  Speed
[2024-12-07T03:45:47.156-0300] {subprocess.py:106} INFO -   0     0    0     0    0     0      0      0 --:--:-- --:--:-- --:--:--     0 71 32687   71 23246    0     0   295k      0 --:--:-- --:--:-- --:--:--  294k100 32687  100 32687    0     0   410k      0 --:--:-- --:--:-- --:--:--  409k
[2024-12-07T03:45:47.159-0300] {subprocess.py:110} INFO - Command exited with return code 0
[2024-12-07T03:45:47.223-0300] {taskinstance.py:340} INFO - ::group::Post task execution logs
[2024-12-07T03:45:47.223-0300] {taskinstance.py:352} INFO - Marking task as SUCCESS. dag_id=hiring_dynamic_pipeline, task_id=download_data_1_and_2, run_id=manual__2024-12-07T06:44:27.135234+00:00, execution_date=20241207T064427, start_date=20241207T064546, end_date=20241207T064547
[2024-12-07T03:45:47.299-0300] {logging_mixin.py:190} INFO - Task instance in success state
[2024-12-07T03:45:47.300-0300] {logging_mixin.py:190} INFO -  Previous state of the Task instance: running
[2024-12-07T03:45:47.300-0300] {logging_mixin.py:190} INFO - Dag name:hiring_dynamic_pipeline queued_at:2024-12-07 06:44:27.203747+00:00
[2024-12-07T03:45:47.301-0300] {logging_mixin.py:190} INFO - Task hostname:crisu-VivoBook-S14-X411UF operator:BashOperator
[2024-12-07T03:45:47.327-0300] {local_task_job_runner.py:266} INFO - Task exited with return code 0
[2024-12-07T03:45:47.346-0300] {taskinstance.py:3895} INFO - 1 downstream tasks scheduled from follow-on schedule check
[2024-12-07T03:45:47.390-0300] {local_task_job_runner.py:245} INFO - ::endgroup::
