[2024-12-07T03:31:44.854-0300] {local_task_job_runner.py:123} INFO - ::group::Pre task execution logs
[2024-12-07T03:31:44.863-0300] {taskinstance.py:2613} INFO - Dependencies all met for dep_context=non-requeueable deps ti=<TaskInstance: hiring_dynamic_pipeline.split_data scheduled__2024-10-05T15:00:00+00:00 [queued]>
[2024-12-07T03:31:44.868-0300] {taskinstance.py:2613} INFO - Dependencies all met for dep_context=requeueable deps ti=<TaskInstance: hiring_dynamic_pipeline.split_data scheduled__2024-10-05T15:00:00+00:00 [queued]>
[2024-12-07T03:31:44.868-0300] {taskinstance.py:2866} INFO - Starting attempt 1 of 2
[2024-12-07T03:31:45.353-0300] {taskinstance.py:2889} INFO - Executing <Task(PythonOperator): split_data> on 2024-10-05 15:00:00+00:00
[2024-12-07T03:31:45.360-0300] {standard_task_runner.py:72} INFO - Started process 44072 to run task
[2024-12-07T03:31:45.363-0300] {standard_task_runner.py:104} INFO - Running: ['airflow', 'tasks', 'run', 'hiring_dynamic_pipeline', 'split_data', 'scheduled__2024-10-05T15:00:00+00:00', '--job-id', '51', '--raw', '--subdir', 'DAGS_FOLDER/dag_dynamic.py', '--cfg-path', '/tmp/tmpfwncevo3']
[2024-12-07T03:31:45.364-0300] {standard_task_runner.py:105} INFO - Job 51: Subtask split_data
[2024-12-07T03:31:46.581-0300] {task_command.py:467} INFO - Running <TaskInstance: hiring_dynamic_pipeline.split_data scheduled__2024-10-05T15:00:00+00:00 [running]> on host crisu-VivoBook-S14-X411UF
[2024-12-07T03:31:48.179-0300] {taskinstance.py:3132} INFO - Exporting env vars: AIRFLOW_CTX_DAG_OWNER='airflow' AIRFLOW_CTX_DAG_ID='hiring_dynamic_pipeline' AIRFLOW_CTX_TASK_ID='split_data' AIRFLOW_CTX_EXECUTION_DATE='2024-10-05T15:00:00+00:00' AIRFLOW_CTX_TRY_NUMBER='1' AIRFLOW_CTX_DAG_RUN_ID='scheduled__2024-10-05T15:00:00+00:00'
[2024-12-07T03:31:48.180-0300] {logging_mixin.py:190} INFO - Task instance is in running state
[2024-12-07T03:31:48.180-0300] {logging_mixin.py:190} INFO -  Previous state of the Task instance: queued
[2024-12-07T03:31:48.180-0300] {logging_mixin.py:190} INFO - Current task name:split_data state:running start_date:2024-12-07 06:31:44.863585+00:00
[2024-12-07T03:31:48.181-0300] {logging_mixin.py:190} INFO - Dag name:hiring_dynamic_pipeline and current dag run status:running
[2024-12-07T03:31:48.181-0300] {taskinstance.py:731} INFO - ::endgroup::
[2024-12-07T03:31:48.199-0300] {python.py:240} INFO - Done. Returned value was: None
[2024-12-07T03:31:48.203-0300] {taskinstance.py:340} INFO - ::group::Post task execution logs
[2024-12-07T03:31:48.203-0300] {taskinstance.py:352} INFO - Marking task as SUCCESS. dag_id=hiring_dynamic_pipeline, task_id=split_data, run_id=scheduled__2024-10-05T15:00:00+00:00, execution_date=20241005T150000, start_date=20241207T063144, end_date=20241207T063148
[2024-12-07T03:31:49.032-0300] {logging_mixin.py:190} INFO - Task instance in success state
[2024-12-07T03:31:49.032-0300] {logging_mixin.py:190} INFO -  Previous state of the Task instance: running
[2024-12-07T03:31:49.032-0300] {logging_mixin.py:190} INFO - Dag name:hiring_dynamic_pipeline queued_at:2024-12-07 06:27:03.158666+00:00
[2024-12-07T03:31:49.032-0300] {logging_mixin.py:190} INFO - Task hostname:crisu-VivoBook-S14-X411UF operator:PythonOperator
[2024-12-07T03:31:49.075-0300] {local_task_job_runner.py:266} INFO - Task exited with return code 0
[2024-12-07T03:31:49.624-0300] {taskinstance.py:3895} INFO - 3 downstream tasks scheduled from follow-on schedule check
[2024-12-07T03:31:50.235-0300] {local_task_job_runner.py:245} INFO - ::endgroup::
[2024-12-07T03:31:50.369-0300] {standard_task_runner.py:217} INFO - Process not found (most likely exited), stop collecting metrics
[2024-12-07T03:46:04.524-0300] {local_task_job_runner.py:123} INFO - ::group::Pre task execution logs
[2024-12-07T03:46:04.552-0300] {taskinstance.py:2613} INFO - Dependencies all met for dep_context=non-requeueable deps ti=<TaskInstance: hiring_dynamic_pipeline.split_data scheduled__2024-10-05T15:00:00+00:00 [queued]>
[2024-12-07T03:46:04.560-0300] {taskinstance.py:2613} INFO - Dependencies all met for dep_context=requeueable deps ti=<TaskInstance: hiring_dynamic_pipeline.split_data scheduled__2024-10-05T15:00:00+00:00 [queued]>
[2024-12-07T03:46:04.561-0300] {taskinstance.py:2866} INFO - Starting attempt 1 of 2
[2024-12-07T03:46:04.629-0300] {taskinstance.py:2889} INFO - Executing <Task(PythonOperator): split_data> on 2024-10-05 15:00:00+00:00
[2024-12-07T03:46:04.635-0300] {standard_task_runner.py:72} INFO - Started process 46209 to run task
[2024-12-07T03:46:04.638-0300] {standard_task_runner.py:104} INFO - Running: ['airflow', 'tasks', 'run', 'hiring_dynamic_pipeline', 'split_data', 'scheduled__2024-10-05T15:00:00+00:00', '--job-id', '53', '--raw', '--subdir', 'DAGS_FOLDER/dag_dynamic.py', '--cfg-path', '/tmp/tmp33tamvjp']
[2024-12-07T03:46:04.640-0300] {standard_task_runner.py:105} INFO - Job 53: Subtask split_data
[2024-12-07T03:46:04.718-0300] {task_command.py:467} INFO - Running <TaskInstance: hiring_dynamic_pipeline.split_data scheduled__2024-10-05T15:00:00+00:00 [running]> on host crisu-VivoBook-S14-X411UF
[2024-12-07T03:46:04.878-0300] {taskinstance.py:3132} INFO - Exporting env vars: AIRFLOW_CTX_DAG_OWNER='airflow' AIRFLOW_CTX_DAG_ID='hiring_dynamic_pipeline' AIRFLOW_CTX_TASK_ID='split_data' AIRFLOW_CTX_EXECUTION_DATE='2024-10-05T15:00:00+00:00' AIRFLOW_CTX_TRY_NUMBER='1' AIRFLOW_CTX_DAG_RUN_ID='scheduled__2024-10-05T15:00:00+00:00'
[2024-12-07T03:46:04.879-0300] {logging_mixin.py:190} INFO - Task instance is in running state
[2024-12-07T03:46:04.879-0300] {logging_mixin.py:190} INFO -  Previous state of the Task instance: queued
[2024-12-07T03:46:04.880-0300] {logging_mixin.py:190} INFO - Current task name:split_data state:running start_date:2024-12-07 06:46:04.553150+00:00
[2024-12-07T03:46:04.880-0300] {logging_mixin.py:190} INFO - Dag name:hiring_dynamic_pipeline and current dag run status:running
[2024-12-07T03:46:04.880-0300] {taskinstance.py:731} INFO - ::endgroup::
[2024-12-07T03:46:04.913-0300] {python.py:240} INFO - Done. Returned value was: None
[2024-12-07T03:46:04.920-0300] {taskinstance.py:340} INFO - ::group::Post task execution logs
[2024-12-07T03:46:04.921-0300] {taskinstance.py:352} INFO - Marking task as SUCCESS. dag_id=hiring_dynamic_pipeline, task_id=split_data, run_id=scheduled__2024-10-05T15:00:00+00:00, execution_date=20241005T150000, start_date=20241207T064604, end_date=20241207T064604
[2024-12-07T03:46:04.981-0300] {logging_mixin.py:190} INFO - Task instance in success state
[2024-12-07T03:46:04.981-0300] {logging_mixin.py:190} INFO -  Previous state of the Task instance: running
[2024-12-07T03:46:04.982-0300] {logging_mixin.py:190} INFO - Dag name:hiring_dynamic_pipeline queued_at:2024-12-07 06:44:27.637067+00:00
[2024-12-07T03:46:04.982-0300] {logging_mixin.py:190} INFO - Task hostname:crisu-VivoBook-S14-X411UF operator:PythonOperator
[2024-12-07T03:46:05.011-0300] {local_task_job_runner.py:266} INFO - Task exited with return code 0
[2024-12-07T03:46:05.037-0300] {taskinstance.py:3895} INFO - 3 downstream tasks scheduled from follow-on schedule check
[2024-12-07T03:46:05.082-0300] {local_task_job_runner.py:245} INFO - ::endgroup::
[2024-12-07T04:04:33.345-0300] {local_task_job_runner.py:123} INFO - ::group::Pre task execution logs
[2024-12-07T04:04:33.388-0300] {taskinstance.py:2613} INFO - Dependencies all met for dep_context=non-requeueable deps ti=<TaskInstance: hiring_dynamic_pipeline.split_data scheduled__2024-10-05T15:00:00+00:00 [queued]>
[2024-12-07T04:04:33.400-0300] {taskinstance.py:2613} INFO - Dependencies all met for dep_context=requeueable deps ti=<TaskInstance: hiring_dynamic_pipeline.split_data scheduled__2024-10-05T15:00:00+00:00 [queued]>
[2024-12-07T04:04:33.401-0300] {taskinstance.py:2866} INFO - Starting attempt 1 of 2
[2024-12-07T04:04:33.480-0300] {taskinstance.py:2889} INFO - Executing <Task(PythonOperator): split_data> on 2024-10-05 15:00:00+00:00
[2024-12-07T04:04:33.489-0300] {standard_task_runner.py:72} INFO - Started process 48696 to run task
[2024-12-07T04:04:33.493-0300] {standard_task_runner.py:104} INFO - Running: ['airflow', 'tasks', 'run', 'hiring_dynamic_pipeline', 'split_data', 'scheduled__2024-10-05T15:00:00+00:00', '--job-id', '53', '--raw', '--subdir', 'DAGS_FOLDER/dag_dynamic.py', '--cfg-path', '/tmp/tmp669__oxu']
[2024-12-07T04:04:33.494-0300] {standard_task_runner.py:105} INFO - Job 53: Subtask split_data
[2024-12-07T04:04:33.571-0300] {task_command.py:467} INFO - Running <TaskInstance: hiring_dynamic_pipeline.split_data scheduled__2024-10-05T15:00:00+00:00 [running]> on host crisu-VivoBook-S14-X411UF
[2024-12-07T04:04:33.694-0300] {taskinstance.py:3132} INFO - Exporting env vars: AIRFLOW_CTX_DAG_OWNER='airflow' AIRFLOW_CTX_DAG_ID='hiring_dynamic_pipeline' AIRFLOW_CTX_TASK_ID='split_data' AIRFLOW_CTX_EXECUTION_DATE='2024-10-05T15:00:00+00:00' AIRFLOW_CTX_TRY_NUMBER='1' AIRFLOW_CTX_DAG_RUN_ID='scheduled__2024-10-05T15:00:00+00:00'
[2024-12-07T04:04:33.695-0300] {logging_mixin.py:190} INFO - Task instance is in running state
[2024-12-07T04:04:33.696-0300] {logging_mixin.py:190} INFO -  Previous state of the Task instance: queued
[2024-12-07T04:04:33.696-0300] {logging_mixin.py:190} INFO - Current task name:split_data state:running start_date:2024-12-07 07:04:33.388852+00:00
[2024-12-07T04:04:33.696-0300] {logging_mixin.py:190} INFO - Dag name:hiring_dynamic_pipeline and current dag run status:running
[2024-12-07T04:04:33.696-0300] {taskinstance.py:731} INFO - ::endgroup::
[2024-12-07T04:04:33.712-0300] {python.py:240} INFO - Done. Returned value was: None
[2024-12-07T04:04:33.716-0300] {taskinstance.py:340} INFO - ::group::Post task execution logs
[2024-12-07T04:04:33.716-0300] {taskinstance.py:352} INFO - Marking task as SUCCESS. dag_id=hiring_dynamic_pipeline, task_id=split_data, run_id=scheduled__2024-10-05T15:00:00+00:00, execution_date=20241005T150000, start_date=20241207T070433, end_date=20241207T070433
[2024-12-07T04:04:33.764-0300] {logging_mixin.py:190} INFO - Task instance in success state
[2024-12-07T04:04:33.765-0300] {logging_mixin.py:190} INFO -  Previous state of the Task instance: running
[2024-12-07T04:04:33.765-0300] {logging_mixin.py:190} INFO - Dag name:hiring_dynamic_pipeline queued_at:2024-12-07 07:02:12.234495+00:00
[2024-12-07T04:04:33.765-0300] {logging_mixin.py:190} INFO - Task hostname:crisu-VivoBook-S14-X411UF operator:PythonOperator
[2024-12-07T04:04:33.786-0300] {local_task_job_runner.py:266} INFO - Task exited with return code 0
[2024-12-07T04:04:33.804-0300] {taskinstance.py:3895} INFO - 3 downstream tasks scheduled from follow-on schedule check
[2024-12-07T04:04:33.843-0300] {local_task_job_runner.py:245} INFO - ::endgroup::
