[2024-12-07T02:37:34.735-0300] {local_task_job_runner.py:123} INFO - ::group::Pre task execution logs
[2024-12-07T02:37:34.744-0300] {taskinstance.py:2613} INFO - Dependencies all met for dep_context=non-requeueable deps ti=<TaskInstance: hiring_lineal.preprocess_and_train manual__2024-12-07T05:30:45.798598+00:00 [queued]>
[2024-12-07T02:37:34.749-0300] {taskinstance.py:2613} INFO - Dependencies all met for dep_context=requeueable deps ti=<TaskInstance: hiring_lineal.preprocess_and_train manual__2024-12-07T05:30:45.798598+00:00 [queued]>
[2024-12-07T02:37:34.750-0300] {taskinstance.py:2866} INFO - Starting attempt 3 of 4
[2024-12-07T02:37:35.252-0300] {taskinstance.py:2889} INFO - Executing <Task(PythonOperator): preprocess_and_train> on 2024-12-07 05:30:45.798598+00:00
[2024-12-07T02:37:35.257-0300] {standard_task_runner.py:72} INFO - Started process 38662 to run task
[2024-12-07T02:37:35.260-0300] {standard_task_runner.py:104} INFO - Running: ['airflow', 'tasks', 'run', 'hiring_lineal', 'preprocess_and_train', 'manual__2024-12-07T05:30:45.798598+00:00', '--job-id', '23', '--raw', '--subdir', 'DAGS_FOLDER/dag_lineal1.py', '--cfg-path', '/tmp/tmp_xgv5bvw']
[2024-12-07T02:37:35.261-0300] {standard_task_runner.py:105} INFO - Job 23: Subtask preprocess_and_train
[2024-12-07T02:37:36.339-0300] {task_command.py:467} INFO - Running <TaskInstance: hiring_lineal.preprocess_and_train manual__2024-12-07T05:30:45.798598+00:00 [running]> on host crisu-VivoBook-S14-X411UF
[2024-12-07T02:37:38.258-0300] {taskinstance.py:3132} INFO - Exporting env vars: AIRFLOW_CTX_DAG_OWNER='airflow' AIRFLOW_CTX_DAG_ID='hiring_lineal' AIRFLOW_CTX_TASK_ID='preprocess_and_train' AIRFLOW_CTX_EXECUTION_DATE='2024-12-07T05:30:45.798598+00:00' AIRFLOW_CTX_TRY_NUMBER='3' AIRFLOW_CTX_DAG_RUN_ID='manual__2024-12-07T05:30:45.798598+00:00'
[2024-12-07T02:37:38.259-0300] {logging_mixin.py:190} INFO - Task instance is in running state
[2024-12-07T02:37:38.260-0300] {logging_mixin.py:190} INFO -  Previous state of the Task instance: queued
[2024-12-07T02:37:38.260-0300] {logging_mixin.py:190} INFO - Current task name:preprocess_and_train state:running start_date:2024-12-07 05:37:34.744786+00:00
[2024-12-07T02:37:38.260-0300] {logging_mixin.py:190} INFO - Dag name:hiring_lineal and current dag run status:running
[2024-12-07T02:37:38.260-0300] {taskinstance.py:731} INFO - ::endgroup::
[2024-12-07T02:37:38.538-0300] {logging_mixin.py:190} INFO - Accuracy: 0.9133
[2024-12-07T02:37:38.538-0300] {logging_mixin.py:190} INFO - F1 Score (Positive Class): 0.8434
[2024-12-07T02:37:38.621-0300] {python.py:240} INFO - Done. Returned value was: None
[2024-12-07T02:37:38.627-0300] {taskinstance.py:340} INFO - ::group::Post task execution logs
[2024-12-07T02:37:38.628-0300] {taskinstance.py:352} INFO - Marking task as SUCCESS. dag_id=hiring_lineal, task_id=preprocess_and_train, run_id=manual__2024-12-07T05:30:45.798598+00:00, execution_date=20241207T053045, start_date=20241207T053734, end_date=20241207T053738
[2024-12-07T02:37:39.265-0300] {logging_mixin.py:190} INFO - Task instance in success state
[2024-12-07T02:37:39.265-0300] {logging_mixin.py:190} INFO -  Previous state of the Task instance: running
[2024-12-07T02:37:39.265-0300] {logging_mixin.py:190} INFO - Dag name:hiring_lineal queued_at:2024-12-07 05:30:45.808698+00:00
[2024-12-07T02:37:39.265-0300] {logging_mixin.py:190} INFO - Task hostname:crisu-VivoBook-S14-X411UF operator:PythonOperator
[2024-12-07T02:37:39.301-0300] {local_task_job_runner.py:266} INFO - Task exited with return code 0
[2024-12-07T02:37:39.312-0300] {taskinstance.py:3895} INFO - 0 downstream tasks scheduled from follow-on schedule check
[2024-12-07T02:37:39.313-0300] {local_task_job_runner.py:245} INFO - ::endgroup::
