[2024-12-07T04:03:44.871-0300] {local_task_job_runner.py:123} INFO - ::group::Pre task execution logs
[2024-12-07T04:03:44.883-0300] {taskinstance.py:2613} INFO - Dependencies all met for dep_context=non-requeueable deps ti=<TaskInstance: hiring_dynamic_pipeline.decide_datasets manual__2024-12-07T07:02:09.077063+00:00 [queued]>
[2024-12-07T04:03:44.888-0300] {taskinstance.py:2613} INFO - Dependencies all met for dep_context=requeueable deps ti=<TaskInstance: hiring_dynamic_pipeline.decide_datasets manual__2024-12-07T07:02:09.077063+00:00 [queued]>
[2024-12-07T04:03:44.889-0300] {taskinstance.py:2866} INFO - Starting attempt 1 of 2
[2024-12-07T04:03:45.379-0300] {taskinstance.py:2889} INFO - Executing <Task(BranchPythonOperator): decide_datasets> on 2024-12-07 07:02:09.077063+00:00
[2024-12-07T04:03:45.386-0300] {standard_task_runner.py:72} INFO - Started process 48463 to run task
[2024-12-07T04:03:45.389-0300] {standard_task_runner.py:104} INFO - Running: ['airflow', 'tasks', 'run', 'hiring_dynamic_pipeline', 'decide_datasets', 'manual__2024-12-07T07:02:09.077063+00:00', '--job-id', '45', '--raw', '--subdir', 'DAGS_FOLDER/dag_dynamic.py', '--cfg-path', '/tmp/tmp7maktzzw']
[2024-12-07T04:03:45.390-0300] {standard_task_runner.py:105} INFO - Job 45: Subtask decide_datasets
[2024-12-07T04:03:46.453-0300] {task_command.py:467} INFO - Running <TaskInstance: hiring_dynamic_pipeline.decide_datasets manual__2024-12-07T07:02:09.077063+00:00 [running]> on host crisu-VivoBook-S14-X411UF
[2024-12-07T04:03:48.675-0300] {taskinstance.py:3132} INFO - Exporting env vars: AIRFLOW_CTX_DAG_OWNER='airflow' AIRFLOW_CTX_DAG_ID='hiring_dynamic_pipeline' AIRFLOW_CTX_TASK_ID='decide_datasets' AIRFLOW_CTX_EXECUTION_DATE='2024-12-07T07:02:09.077063+00:00' AIRFLOW_CTX_TRY_NUMBER='1' AIRFLOW_CTX_DAG_RUN_ID='manual__2024-12-07T07:02:09.077063+00:00'
[2024-12-07T04:03:48.677-0300] {logging_mixin.py:190} INFO - Task instance is in running state
[2024-12-07T04:03:48.677-0300] {logging_mixin.py:190} INFO -  Previous state of the Task instance: queued
[2024-12-07T04:03:48.677-0300] {logging_mixin.py:190} INFO - Current task name:decide_datasets state:running start_date:2024-12-07 07:03:44.884209+00:00
[2024-12-07T04:03:48.682-0300] {logging_mixin.py:190} INFO - Dag name:hiring_dynamic_pipeline and current dag run status:running
[2024-12-07T04:03:48.683-0300] {taskinstance.py:731} INFO - ::endgroup::
[2024-12-07T04:03:48.683-0300] {baseoperator.py:416} WARNING - BranchPythonOperator.execute cannot be called outside TaskInstance!
[2024-12-07T04:03:48.684-0300] {logging_mixin.py:190} INFO - Execution date 2024-12-07 es igual o posterior a 2024-11-01. Descargando data_1.csv y data_2.csv.
[2024-12-07T04:03:48.684-0300] {python.py:240} INFO - Done. Returned value was: download_data_1_and_2
[2024-12-07T04:03:48.684-0300] {branch.py:38} INFO - Branch into download_data_1_and_2
[2024-12-07T04:03:48.685-0300] {skipmixin.py:230} INFO - Following branch ('download_data_1_and_2',)
[2024-12-07T04:03:48.695-0300] {skipmixin.py:278} INFO - Skipping tasks [('download_data_1', -1)]
[2024-12-07T04:03:50.652-0300] {taskinstance.py:340} INFO - ::group::Post task execution logs
[2024-12-07T04:03:50.653-0300] {taskinstance.py:352} INFO - Marking task as SUCCESS. dag_id=hiring_dynamic_pipeline, task_id=decide_datasets, run_id=manual__2024-12-07T07:02:09.077063+00:00, execution_date=20241207T070209, start_date=20241207T070344, end_date=20241207T070350
[2024-12-07T04:03:51.872-0300] {logging_mixin.py:190} INFO - Task instance in success state
[2024-12-07T04:03:51.873-0300] {logging_mixin.py:190} INFO -  Previous state of the Task instance: running
[2024-12-07T04:03:51.873-0300] {logging_mixin.py:190} INFO - Dag name:hiring_dynamic_pipeline queued_at:2024-12-07 07:02:10.323724+00:00
[2024-12-07T04:03:51.873-0300] {logging_mixin.py:190} INFO - Task hostname:crisu-VivoBook-S14-X411UF operator:BranchPythonOperator
[2024-12-07T04:03:52.760-0300] {local_task_job_runner.py:266} INFO - Task exited with return code 0
[2024-12-07T04:03:52.780-0300] {taskinstance.py:3895} INFO - 1 downstream tasks scheduled from follow-on schedule check
[2024-12-07T04:03:54.171-0300] {local_task_job_runner.py:245} INFO - ::endgroup::
