[2024-12-07T03:33:52.778-0300] {local_task_job_runner.py:123} INFO - ::group::Pre task execution logs
[2024-12-07T03:33:52.788-0300] {taskinstance.py:2613} INFO - Dependencies all met for dep_context=non-requeueable deps ti=<TaskInstance: hiring_dynamic_pipeline.evaluate_models scheduled__2024-11-05T15:00:00+00:00 [queued]>
[2024-12-07T03:33:52.793-0300] {taskinstance.py:2613} INFO - Dependencies all met for dep_context=requeueable deps ti=<TaskInstance: hiring_dynamic_pipeline.evaluate_models scheduled__2024-11-05T15:00:00+00:00 [queued]>
[2024-12-07T03:33:52.794-0300] {taskinstance.py:2866} INFO - Starting attempt 1 of 2
[2024-12-07T03:33:52.851-0300] {taskinstance.py:2889} INFO - Executing <Task(PythonOperator): evaluate_models> on 2024-11-05 15:00:00+00:00
[2024-12-07T03:33:52.857-0300] {standard_task_runner.py:72} INFO - Started process 44525 to run task
[2024-12-07T03:33:52.860-0300] {standard_task_runner.py:104} INFO - Running: ['airflow', 'tasks', 'run', 'hiring_dynamic_pipeline', 'evaluate_models', 'scheduled__2024-11-05T15:00:00+00:00', '--job-id', '70', '--raw', '--subdir', 'DAGS_FOLDER/dag_dynamic.py', '--cfg-path', '/tmp/tmp1u2tctn8']
[2024-12-07T03:33:52.861-0300] {standard_task_runner.py:105} INFO - Job 70: Subtask evaluate_models
[2024-12-07T03:33:52.928-0300] {task_command.py:467} INFO - Running <TaskInstance: hiring_dynamic_pipeline.evaluate_models scheduled__2024-11-05T15:00:00+00:00 [running]> on host crisu-VivoBook-S14-X411UF
[2024-12-07T03:33:53.065-0300] {taskinstance.py:3132} INFO - Exporting env vars: AIRFLOW_CTX_DAG_OWNER='airflow' AIRFLOW_CTX_DAG_ID='hiring_dynamic_pipeline' AIRFLOW_CTX_TASK_ID='evaluate_models' AIRFLOW_CTX_EXECUTION_DATE='2024-11-05T15:00:00+00:00' AIRFLOW_CTX_TRY_NUMBER='1' AIRFLOW_CTX_DAG_RUN_ID='scheduled__2024-11-05T15:00:00+00:00'
[2024-12-07T03:33:53.066-0300] {logging_mixin.py:190} INFO - Task instance is in running state
[2024-12-07T03:33:53.066-0300] {logging_mixin.py:190} INFO -  Previous state of the Task instance: queued
[2024-12-07T03:33:53.066-0300] {logging_mixin.py:190} INFO - Current task name:evaluate_models state:running start_date:2024-12-07 06:33:52.788704+00:00
[2024-12-07T03:33:53.066-0300] {logging_mixin.py:190} INFO - Dag name:hiring_dynamic_pipeline and current dag run status:running
[2024-12-07T03:33:53.066-0300] {taskinstance.py:731} INFO - ::endgroup::
[2024-12-07T03:33:53.121-0300] {logging_mixin.py:190} INFO - Modelo: RandomForestClassifier, Accuracy: 0.9200
[2024-12-07T03:33:53.135-0300] {logging_mixin.py:190} INFO - Modelo: SVC, Accuracy: 0.8767
[2024-12-07T03:33:53.142-0300] {logging_mixin.py:190} INFO - Modelo: LogisticRegression, Accuracy: 0.9033
[2024-12-07T03:33:53.189-0300] {logging_mixin.py:190} INFO - Mejor modelo: RandomForestClassifier, Accuracy: 0.9200
[2024-12-07T03:33:53.190-0300] {python.py:240} INFO - Done. Returned value was: None
[2024-12-07T03:33:53.193-0300] {taskinstance.py:340} INFO - ::group::Post task execution logs
[2024-12-07T03:33:53.194-0300] {taskinstance.py:352} INFO - Marking task as SUCCESS. dag_id=hiring_dynamic_pipeline, task_id=evaluate_models, run_id=scheduled__2024-11-05T15:00:00+00:00, execution_date=20241105T150000, start_date=20241207T063352, end_date=20241207T063353
[2024-12-07T03:33:53.257-0300] {logging_mixin.py:190} INFO - Task instance in success state
[2024-12-07T03:33:53.258-0300] {logging_mixin.py:190} INFO -  Previous state of the Task instance: running
[2024-12-07T03:33:53.258-0300] {logging_mixin.py:190} INFO - Dag name:hiring_dynamic_pipeline queued_at:2024-12-07 06:27:11.618485+00:00
[2024-12-07T03:33:53.258-0300] {logging_mixin.py:190} INFO - Task hostname:crisu-VivoBook-S14-X411UF operator:PythonOperator
[2024-12-07T03:33:53.274-0300] {local_task_job_runner.py:266} INFO - Task exited with return code 0
[2024-12-07T03:33:53.287-0300] {taskinstance.py:3895} INFO - 0 downstream tasks scheduled from follow-on schedule check
[2024-12-07T03:33:53.287-0300] {local_task_job_runner.py:245} INFO - ::endgroup::
[2024-12-07T03:47:04.702-0300] {local_task_job_runner.py:123} INFO - ::group::Pre task execution logs
[2024-12-07T03:47:04.733-0300] {taskinstance.py:2613} INFO - Dependencies all met for dep_context=non-requeueable deps ti=<TaskInstance: hiring_dynamic_pipeline.evaluate_models scheduled__2024-11-05T15:00:00+00:00 [queued]>
[2024-12-07T03:47:04.738-0300] {taskinstance.py:2613} INFO - Dependencies all met for dep_context=requeueable deps ti=<TaskInstance: hiring_dynamic_pipeline.evaluate_models scheduled__2024-11-05T15:00:00+00:00 [queued]>
[2024-12-07T03:47:04.738-0300] {taskinstance.py:2866} INFO - Starting attempt 1 of 2
[2024-12-07T03:47:04.813-0300] {taskinstance.py:2889} INFO - Executing <Task(PythonOperator): evaluate_models> on 2024-11-05 15:00:00+00:00
[2024-12-07T03:47:04.820-0300] {standard_task_runner.py:72} INFO - Started process 46494 to run task
[2024-12-07T03:47:04.823-0300] {standard_task_runner.py:104} INFO - Running: ['airflow', 'tasks', 'run', 'hiring_dynamic_pipeline', 'evaluate_models', 'scheduled__2024-11-05T15:00:00+00:00', '--job-id', '66', '--raw', '--subdir', 'DAGS_FOLDER/dag_dynamic.py', '--cfg-path', '/tmp/tmpcw2cgpyq']
[2024-12-07T03:47:04.824-0300] {standard_task_runner.py:105} INFO - Job 66: Subtask evaluate_models
[2024-12-07T03:47:04.899-0300] {task_command.py:467} INFO - Running <TaskInstance: hiring_dynamic_pipeline.evaluate_models scheduled__2024-11-05T15:00:00+00:00 [running]> on host crisu-VivoBook-S14-X411UF
[2024-12-07T03:47:05.040-0300] {taskinstance.py:3132} INFO - Exporting env vars: AIRFLOW_CTX_DAG_OWNER='airflow' AIRFLOW_CTX_DAG_ID='hiring_dynamic_pipeline' AIRFLOW_CTX_TASK_ID='evaluate_models' AIRFLOW_CTX_EXECUTION_DATE='2024-11-05T15:00:00+00:00' AIRFLOW_CTX_TRY_NUMBER='1' AIRFLOW_CTX_DAG_RUN_ID='scheduled__2024-11-05T15:00:00+00:00'
[2024-12-07T03:47:05.041-0300] {logging_mixin.py:190} INFO - Task instance is in running state
[2024-12-07T03:47:05.041-0300] {logging_mixin.py:190} INFO -  Previous state of the Task instance: queued
[2024-12-07T03:47:05.041-0300] {logging_mixin.py:190} INFO - Current task name:evaluate_models state:running start_date:2024-12-07 06:47:04.733642+00:00
[2024-12-07T03:47:05.041-0300] {logging_mixin.py:190} INFO - Dag name:hiring_dynamic_pipeline and current dag run status:running
[2024-12-07T03:47:05.041-0300] {taskinstance.py:731} INFO - ::endgroup::
[2024-12-07T03:47:05.106-0300] {logging_mixin.py:190} INFO - Modelo: RandomForestClassifier, Accuracy: 0.9200
[2024-12-07T03:47:05.151-0300] {logging_mixin.py:190} INFO - Modelo: best_model, Accuracy: 0.9200
[2024-12-07T03:47:05.167-0300] {logging_mixin.py:190} INFO - Modelo: SVC, Accuracy: 0.8767
[2024-12-07T03:47:05.172-0300] {logging_mixin.py:190} INFO - Modelo: LogisticRegression, Accuracy: 0.9033
[2024-12-07T03:47:05.221-0300] {logging_mixin.py:190} INFO - Mejor modelo: RandomForestClassifier, Accuracy: 0.9200
[2024-12-07T03:47:05.221-0300] {python.py:240} INFO - Done. Returned value was: None
[2024-12-07T03:47:05.225-0300] {taskinstance.py:340} INFO - ::group::Post task execution logs
[2024-12-07T03:47:05.225-0300] {taskinstance.py:352} INFO - Marking task as SUCCESS. dag_id=hiring_dynamic_pipeline, task_id=evaluate_models, run_id=scheduled__2024-11-05T15:00:00+00:00, execution_date=20241105T150000, start_date=20241207T064704, end_date=20241207T064705
[2024-12-07T03:47:05.294-0300] {logging_mixin.py:190} INFO - Task instance in success state
[2024-12-07T03:47:05.294-0300] {logging_mixin.py:190} INFO -  Previous state of the Task instance: running
[2024-12-07T03:47:05.295-0300] {logging_mixin.py:190} INFO - Dag name:hiring_dynamic_pipeline queued_at:2024-12-07 06:44:29.722220+00:00
[2024-12-07T03:47:05.295-0300] {logging_mixin.py:190} INFO - Task hostname:crisu-VivoBook-S14-X411UF operator:PythonOperator
[2024-12-07T03:47:05.317-0300] {local_task_job_runner.py:266} INFO - Task exited with return code 0
[2024-12-07T03:47:05.329-0300] {taskinstance.py:3895} INFO - 0 downstream tasks scheduled from follow-on schedule check
[2024-12-07T03:47:05.330-0300] {local_task_job_runner.py:245} INFO - ::endgroup::
[2024-12-07T04:06:14.929-0300] {local_task_job_runner.py:123} INFO - ::group::Pre task execution logs
[2024-12-07T04:06:16.001-0300] {taskinstance.py:2613} INFO - Dependencies all met for dep_context=non-requeueable deps ti=<TaskInstance: hiring_dynamic_pipeline.evaluate_models scheduled__2024-11-05T15:00:00+00:00 [queued]>
[2024-12-07T04:06:16.008-0300] {taskinstance.py:2613} INFO - Dependencies all met for dep_context=requeueable deps ti=<TaskInstance: hiring_dynamic_pipeline.evaluate_models scheduled__2024-11-05T15:00:00+00:00 [queued]>
[2024-12-07T04:06:16.008-0300] {taskinstance.py:2866} INFO - Starting attempt 1 of 2
[2024-12-07T04:06:16.928-0300] {taskinstance.py:2889} INFO - Executing <Task(PythonOperator): evaluate_models> on 2024-11-05 15:00:00+00:00
[2024-12-07T04:06:16.936-0300] {standard_task_runner.py:72} INFO - Started process 49060 to run task
[2024-12-07T04:06:16.939-0300] {standard_task_runner.py:104} INFO - Running: ['airflow', 'tasks', 'run', 'hiring_dynamic_pipeline', 'evaluate_models', 'scheduled__2024-11-05T15:00:00+00:00', '--job-id', '67', '--raw', '--subdir', 'DAGS_FOLDER/dag_dynamic.py', '--cfg-path', '/tmp/tmp95f5xjr8']
[2024-12-07T04:06:16.939-0300] {standard_task_runner.py:105} INFO - Job 67: Subtask evaluate_models
[2024-12-07T04:06:17.630-0300] {task_command.py:467} INFO - Running <TaskInstance: hiring_dynamic_pipeline.evaluate_models scheduled__2024-11-05T15:00:00+00:00 [running]> on host crisu-VivoBook-S14-X411UF
[2024-12-07T04:06:21.585-0300] {taskinstance.py:3132} INFO - Exporting env vars: AIRFLOW_CTX_DAG_OWNER='airflow' AIRFLOW_CTX_DAG_ID='hiring_dynamic_pipeline' AIRFLOW_CTX_TASK_ID='evaluate_models' AIRFLOW_CTX_EXECUTION_DATE='2024-11-05T15:00:00+00:00' AIRFLOW_CTX_TRY_NUMBER='1' AIRFLOW_CTX_DAG_RUN_ID='scheduled__2024-11-05T15:00:00+00:00'
[2024-12-07T04:06:21.586-0300] {logging_mixin.py:190} INFO - Task instance is in running state
[2024-12-07T04:06:21.586-0300] {logging_mixin.py:190} INFO -  Previous state of the Task instance: queued
[2024-12-07T04:06:21.586-0300] {logging_mixin.py:190} INFO - Current task name:evaluate_models state:running start_date:2024-12-07 07:06:16.002162+00:00
[2024-12-07T04:06:21.586-0300] {logging_mixin.py:190} INFO - Dag name:hiring_dynamic_pipeline and current dag run status:running
[2024-12-07T04:06:21.586-0300] {taskinstance.py:731} INFO - ::endgroup::
[2024-12-07T04:06:21.643-0300] {logging_mixin.py:190} INFO - Modelo: RandomForestClassifier, Accuracy: 0.9200
[2024-12-07T04:06:21.658-0300] {logging_mixin.py:190} INFO - Modelo: SVC, Accuracy: 0.8767
[2024-12-07T04:06:21.665-0300] {logging_mixin.py:190} INFO - Modelo: LogisticRegression, Accuracy: 0.9033
[2024-12-07T04:06:21.730-0300] {logging_mixin.py:190} INFO - Mejor modelo: RandomForestClassifier, Accuracy: 0.9200
[2024-12-07T04:06:21.731-0300] {python.py:240} INFO - Done. Returned value was: None
[2024-12-07T04:06:25.551-0300] {job.py:229} INFO - Heartbeat recovered after 11.85 seconds
[2024-12-07T04:06:25.571-0300] {taskinstance.py:340} INFO - ::group::Post task execution logs
[2024-12-07T04:06:25.572-0300] {taskinstance.py:352} INFO - Marking task as SUCCESS. dag_id=hiring_dynamic_pipeline, task_id=evaluate_models, run_id=scheduled__2024-11-05T15:00:00+00:00, execution_date=20241105T150000, start_date=20241207T070616, end_date=20241207T070625
[2024-12-07T04:06:27.025-0300] {logging_mixin.py:190} INFO - Task instance in success state
[2024-12-07T04:06:27.026-0300] {logging_mixin.py:190} INFO -  Previous state of the Task instance: running
[2024-12-07T04:06:27.026-0300] {logging_mixin.py:190} INFO - Dag name:hiring_dynamic_pipeline queued_at:2024-12-07 07:02:23.453548+00:00
[2024-12-07T04:06:27.026-0300] {logging_mixin.py:190} INFO - Task hostname:crisu-VivoBook-S14-X411UF operator:PythonOperator
[2024-12-07T04:06:27.058-0300] {local_task_job_runner.py:266} INFO - Task exited with return code 0
[2024-12-07T04:06:27.066-0300] {taskinstance.py:3895} INFO - 0 downstream tasks scheduled from follow-on schedule check
[2024-12-07T04:06:27.067-0300] {local_task_job_runner.py:245} INFO - ::endgroup::
