[2024-12-07T03:41:17.465-0300] {local_task_job_runner.py:123} INFO - ::group::Pre task execution logs
[2024-12-07T03:41:17.474-0300] {taskinstance.py:2613} INFO - Dependencies all met for dep_context=non-requeueable deps ti=<TaskInstance: hiring_dynamic_pipeline.create_folders manual__2024-12-07T06:41:11.471184+00:00 [queued]>
[2024-12-07T03:41:17.479-0300] {taskinstance.py:2613} INFO - Dependencies all met for dep_context=requeueable deps ti=<TaskInstance: hiring_dynamic_pipeline.create_folders manual__2024-12-07T06:41:11.471184+00:00 [queued]>
[2024-12-07T03:41:17.479-0300] {taskinstance.py:2866} INFO - Starting attempt 1 of 2
[2024-12-07T03:41:17.534-0300] {taskinstance.py:2889} INFO - Executing <Task(PythonOperator): create_folders> on 2024-12-07 06:41:11.471184+00:00
[2024-12-07T03:41:17.541-0300] {standard_task_runner.py:72} INFO - Started process 45402 to run task
[2024-12-07T03:41:17.544-0300] {standard_task_runner.py:104} INFO - Running: ['airflow', 'tasks', 'run', 'hiring_dynamic_pipeline', 'create_folders', 'manual__2024-12-07T06:41:11.471184+00:00', '--job-id', '72', '--raw', '--subdir', 'DAGS_FOLDER/dag_dynamic.py', '--cfg-path', '/tmp/tmpi498w3cs']
[2024-12-07T03:41:17.545-0300] {standard_task_runner.py:105} INFO - Job 72: Subtask create_folders
[2024-12-07T03:41:17.624-0300] {task_command.py:467} INFO - Running <TaskInstance: hiring_dynamic_pipeline.create_folders manual__2024-12-07T06:41:11.471184+00:00 [running]> on host crisu-VivoBook-S14-X411UF
[2024-12-07T03:41:17.762-0300] {taskinstance.py:3132} INFO - Exporting env vars: AIRFLOW_CTX_DAG_OWNER='airflow' AIRFLOW_CTX_DAG_ID='hiring_dynamic_pipeline' AIRFLOW_CTX_TASK_ID='create_folders' AIRFLOW_CTX_EXECUTION_DATE='2024-12-07T06:41:11.471184+00:00' AIRFLOW_CTX_TRY_NUMBER='1' AIRFLOW_CTX_DAG_RUN_ID='manual__2024-12-07T06:41:11.471184+00:00'
[2024-12-07T03:41:17.763-0300] {logging_mixin.py:190} INFO - Task instance is in running state
[2024-12-07T03:41:17.763-0300] {logging_mixin.py:190} INFO -  Previous state of the Task instance: queued
[2024-12-07T03:41:17.763-0300] {logging_mixin.py:190} INFO - Current task name:create_folders state:running start_date:2024-12-07 06:41:17.475124+00:00
[2024-12-07T03:41:17.763-0300] {logging_mixin.py:190} INFO - Dag name:hiring_dynamic_pipeline and current dag run status:running
[2024-12-07T03:41:17.763-0300] {taskinstance.py:731} INFO - ::endgroup::
[2024-12-07T03:41:17.764-0300] {logging_mixin.py:190} INFO - Creating folders for /home/crisu/Universidad/MDS7202-Primavera2024/Lab 13 - Airflow/output_2024-12-07/raw
[2024-12-07T03:41:17.764-0300] {logging_mixin.py:190} INFO - Creating folders for /home/crisu/Universidad/MDS7202-Primavera2024/Lab 13 - Airflow/output_2024-12-07/splits
[2024-12-07T03:41:17.764-0300] {logging_mixin.py:190} INFO - Creating folders for /home/crisu/Universidad/MDS7202-Primavera2024/Lab 13 - Airflow/output_2024-12-07/models
[2024-12-07T03:41:17.764-0300] {logging_mixin.py:190} INFO - Creating folders for /home/crisu/Universidad/MDS7202-Primavera2024/Lab 13 - Airflow/output_2024-12-07/preprocessed
[2024-12-07T03:41:17.764-0300] {python.py:240} INFO - Done. Returned value was: None
[2024-12-07T03:41:17.769-0300] {taskinstance.py:340} INFO - ::group::Post task execution logs
[2024-12-07T03:41:17.770-0300] {taskinstance.py:352} INFO - Marking task as SUCCESS. dag_id=hiring_dynamic_pipeline, task_id=create_folders, run_id=manual__2024-12-07T06:41:11.471184+00:00, execution_date=20241207T064111, start_date=20241207T064117, end_date=20241207T064117
[2024-12-07T03:41:17.820-0300] {logging_mixin.py:190} INFO - Task instance in success state
[2024-12-07T03:41:17.820-0300] {logging_mixin.py:190} INFO -  Previous state of the Task instance: running
[2024-12-07T03:41:17.820-0300] {logging_mixin.py:190} INFO - Dag name:hiring_dynamic_pipeline queued_at:2024-12-07 06:41:11.486886+00:00
[2024-12-07T03:41:17.821-0300] {logging_mixin.py:190} INFO - Task hostname:crisu-VivoBook-S14-X411UF operator:PythonOperator
[2024-12-07T03:41:17.837-0300] {local_task_job_runner.py:266} INFO - Task exited with return code 0
[2024-12-07T03:41:17.857-0300] {taskinstance.py:3895} INFO - 1 downstream tasks scheduled from follow-on schedule check
[2024-12-07T03:41:17.899-0300] {local_task_job_runner.py:245} INFO - ::endgroup::
