[2024-12-07T03:45:35.843-0300] {local_task_job_runner.py:123} INFO - ::group::Pre task execution logs
[2024-12-07T03:45:35.859-0300] {taskinstance.py:2613} INFO - Dependencies all met for dep_context=non-requeueable deps ti=<TaskInstance: hiring_dynamic_pipeline.download_data_1 scheduled__2024-10-05T15:00:00+00:00 [queued]>
[2024-12-07T03:45:35.869-0300] {taskinstance.py:2613} INFO - Dependencies all met for dep_context=requeueable deps ti=<TaskInstance: hiring_dynamic_pipeline.download_data_1 scheduled__2024-10-05T15:00:00+00:00 [queued]>
[2024-12-07T03:45:35.869-0300] {taskinstance.py:2866} INFO - Starting attempt 1 of 2
[2024-12-07T03:45:35.930-0300] {taskinstance.py:2889} INFO - Executing <Task(BashOperator): download_data_1> on 2024-10-05 15:00:00+00:00
[2024-12-07T03:45:35.938-0300] {standard_task_runner.py:72} INFO - Started process 46078 to run task
[2024-12-07T03:45:35.942-0300] {standard_task_runner.py:104} INFO - Running: ['airflow', 'tasks', 'run', 'hiring_dynamic_pipeline', 'download_data_1', 'scheduled__2024-10-05T15:00:00+00:00', '--job-id', '47', '--raw', '--subdir', 'DAGS_FOLDER/dag_dynamic.py', '--cfg-path', '/tmp/tmp1s6sjlp4']
[2024-12-07T03:45:35.943-0300] {standard_task_runner.py:105} INFO - Job 47: Subtask download_data_1
[2024-12-07T03:45:36.023-0300] {task_command.py:467} INFO - Running <TaskInstance: hiring_dynamic_pipeline.download_data_1 scheduled__2024-10-05T15:00:00+00:00 [running]> on host crisu-VivoBook-S14-X411UF
[2024-12-07T03:45:36.167-0300] {taskinstance.py:3132} INFO - Exporting env vars: AIRFLOW_CTX_DAG_OWNER='airflow' AIRFLOW_CTX_DAG_ID='hiring_dynamic_pipeline' AIRFLOW_CTX_TASK_ID='download_data_1' AIRFLOW_CTX_EXECUTION_DATE='2024-10-05T15:00:00+00:00' AIRFLOW_CTX_TRY_NUMBER='1' AIRFLOW_CTX_DAG_RUN_ID='scheduled__2024-10-05T15:00:00+00:00'
[2024-12-07T03:45:36.168-0300] {logging_mixin.py:190} INFO - Task instance is in running state
[2024-12-07T03:45:36.168-0300] {logging_mixin.py:190} INFO -  Previous state of the Task instance: queued
[2024-12-07T03:45:36.168-0300] {logging_mixin.py:190} INFO - Current task name:download_data_1 state:running start_date:2024-12-07 06:45:35.859694+00:00
[2024-12-07T03:45:36.168-0300] {logging_mixin.py:190} INFO - Dag name:hiring_dynamic_pipeline and current dag run status:running
[2024-12-07T03:45:36.169-0300] {taskinstance.py:731} INFO - ::endgroup::
[2024-12-07T03:45:36.169-0300] {subprocess.py:78} INFO - Tmp dir root location: /tmp
[2024-12-07T03:45:36.170-0300] {subprocess.py:88} INFO - Running command: ['/usr/bin/bash', '-c', 'curl -o /home/crisu/Universidad/MDS7202-Primavera2024/Lab\\ 13\\ -\\ Airflow/output_2024-10-05/raw/data_1.csv https://gitlab.com/eduardomoyab/laboratorio-13/-/raw/main/files/data_1.csv']
[2024-12-07T03:45:36.182-0300] {subprocess.py:99} INFO - Output:
[2024-12-07T03:45:36.188-0300] {subprocess.py:106} INFO -   % Total    % Received % Xferd  Average Speed   Time    Time     Time  Current
[2024-12-07T03:45:36.189-0300] {subprocess.py:106} INFO -                                  Dload  Upload   Total   Spent    Left  Speed
[2024-12-07T03:45:36.965-0300] {subprocess.py:106} INFO -   0     0    0     0    0     0      0      0 --:--:-- --:--:-- --:--:--     0100 32735  100 32735    0     0  42119      0 --:--:-- --:--:-- --:--:-- 42129
[2024-12-07T03:45:36.968-0300] {subprocess.py:110} INFO - Command exited with return code 0
[2024-12-07T03:45:37.029-0300] {taskinstance.py:340} INFO - ::group::Post task execution logs
[2024-12-07T03:45:37.030-0300] {taskinstance.py:352} INFO - Marking task as SUCCESS. dag_id=hiring_dynamic_pipeline, task_id=download_data_1, run_id=scheduled__2024-10-05T15:00:00+00:00, execution_date=20241005T150000, start_date=20241207T064535, end_date=20241207T064537
[2024-12-07T03:45:37.083-0300] {logging_mixin.py:190} INFO - Task instance in success state
[2024-12-07T03:45:37.084-0300] {logging_mixin.py:190} INFO -  Previous state of the Task instance: running
[2024-12-07T03:45:37.084-0300] {logging_mixin.py:190} INFO - Dag name:hiring_dynamic_pipeline queued_at:2024-12-07 06:44:27.637067+00:00
[2024-12-07T03:45:37.084-0300] {logging_mixin.py:190} INFO - Task hostname:crisu-VivoBook-S14-X411UF operator:BashOperator
[2024-12-07T03:45:37.117-0300] {local_task_job_runner.py:266} INFO - Task exited with return code 0
[2024-12-07T03:45:37.137-0300] {taskinstance.py:3895} INFO - 1 downstream tasks scheduled from follow-on schedule check
[2024-12-07T03:45:37.184-0300] {local_task_job_runner.py:245} INFO - ::endgroup::
[2024-12-07T04:04:02.996-0300] {local_task_job_runner.py:123} INFO - ::group::Pre task execution logs
[2024-12-07T04:04:03.032-0300] {taskinstance.py:2613} INFO - Dependencies all met for dep_context=non-requeueable deps ti=<TaskInstance: hiring_dynamic_pipeline.download_data_1 scheduled__2024-10-05T15:00:00+00:00 [queued]>
[2024-12-07T04:04:03.039-0300] {taskinstance.py:2613} INFO - Dependencies all met for dep_context=requeueable deps ti=<TaskInstance: hiring_dynamic_pipeline.download_data_1 scheduled__2024-10-05T15:00:00+00:00 [queued]>
[2024-12-07T04:04:03.039-0300] {taskinstance.py:2866} INFO - Starting attempt 1 of 2
[2024-12-07T04:04:03.104-0300] {taskinstance.py:2889} INFO - Executing <Task(BashOperator): download_data_1> on 2024-10-05 15:00:00+00:00
[2024-12-07T04:04:03.110-0300] {standard_task_runner.py:72} INFO - Started process 48525 to run task
[2024-12-07T04:04:03.113-0300] {standard_task_runner.py:104} INFO - Running: ['airflow', 'tasks', 'run', 'hiring_dynamic_pipeline', 'download_data_1', 'scheduled__2024-10-05T15:00:00+00:00', '--job-id', '47', '--raw', '--subdir', 'DAGS_FOLDER/dag_dynamic.py', '--cfg-path', '/tmp/tmpurq2n1oq']
[2024-12-07T04:04:03.114-0300] {standard_task_runner.py:105} INFO - Job 47: Subtask download_data_1
[2024-12-07T04:04:03.184-0300] {task_command.py:467} INFO - Running <TaskInstance: hiring_dynamic_pipeline.download_data_1 scheduled__2024-10-05T15:00:00+00:00 [running]> on host crisu-VivoBook-S14-X411UF
[2024-12-07T04:04:03.330-0300] {taskinstance.py:3132} INFO - Exporting env vars: AIRFLOW_CTX_DAG_OWNER='airflow' AIRFLOW_CTX_DAG_ID='hiring_dynamic_pipeline' AIRFLOW_CTX_TASK_ID='download_data_1' AIRFLOW_CTX_EXECUTION_DATE='2024-10-05T15:00:00+00:00' AIRFLOW_CTX_TRY_NUMBER='1' AIRFLOW_CTX_DAG_RUN_ID='scheduled__2024-10-05T15:00:00+00:00'
[2024-12-07T04:04:03.331-0300] {logging_mixin.py:190} INFO - Task instance is in running state
[2024-12-07T04:04:03.331-0300] {logging_mixin.py:190} INFO -  Previous state of the Task instance: queued
[2024-12-07T04:04:03.331-0300] {logging_mixin.py:190} INFO - Current task name:download_data_1 state:running start_date:2024-12-07 07:04:03.032494+00:00
[2024-12-07T04:04:03.332-0300] {logging_mixin.py:190} INFO - Dag name:hiring_dynamic_pipeline and current dag run status:running
[2024-12-07T04:04:03.332-0300] {taskinstance.py:731} INFO - ::endgroup::
[2024-12-07T04:04:03.332-0300] {subprocess.py:78} INFO - Tmp dir root location: /tmp
[2024-12-07T04:04:03.333-0300] {subprocess.py:88} INFO - Running command: ['/usr/bin/bash', '-c', 'curl -o /home/crisu/Universidad/MDS7202-Primavera2024/Lab\\ 13\\ -\\ Airflow/output_2024-10-05/raw/data_1.csv https://gitlab.com/eduardomoyab/laboratorio-13/-/raw/main/files/data_1.csv']
[2024-12-07T04:04:03.344-0300] {subprocess.py:99} INFO - Output:
[2024-12-07T04:04:03.352-0300] {subprocess.py:106} INFO -   % Total    % Received % Xferd  Average Speed   Time    Time     Time  Current
[2024-12-07T04:04:03.352-0300] {subprocess.py:106} INFO -                                  Dload  Upload   Total   Spent    Left  Speed
[2024-12-07T04:04:03.975-0300] {subprocess.py:106} INFO -   0     0    0     0    0     0      0      0 --:--:-- --:--:-- --:--:--     0100 32735  100 32735    0     0  52518      0 --:--:-- --:--:-- --:--:-- 52544
[2024-12-07T04:04:03.977-0300] {subprocess.py:110} INFO - Command exited with return code 0
[2024-12-07T04:04:04.035-0300] {taskinstance.py:340} INFO - ::group::Post task execution logs
[2024-12-07T04:04:04.036-0300] {taskinstance.py:352} INFO - Marking task as SUCCESS. dag_id=hiring_dynamic_pipeline, task_id=download_data_1, run_id=scheduled__2024-10-05T15:00:00+00:00, execution_date=20241005T150000, start_date=20241207T070403, end_date=20241207T070404
[2024-12-07T04:04:04.089-0300] {logging_mixin.py:190} INFO - Task instance in success state
[2024-12-07T04:04:04.090-0300] {logging_mixin.py:190} INFO -  Previous state of the Task instance: running
[2024-12-07T04:04:04.090-0300] {logging_mixin.py:190} INFO - Dag name:hiring_dynamic_pipeline queued_at:2024-12-07 07:02:12.234495+00:00
[2024-12-07T04:04:04.090-0300] {logging_mixin.py:190} INFO - Task hostname:crisu-VivoBook-S14-X411UF operator:BashOperator
[2024-12-07T04:04:04.131-0300] {local_task_job_runner.py:266} INFO - Task exited with return code 0
[2024-12-07T04:04:04.333-0300] {taskinstance.py:3895} INFO - 1 downstream tasks scheduled from follow-on schedule check
[2024-12-07T04:04:04.428-0300] {local_task_job_runner.py:245} INFO - ::endgroup::
