[2024-12-07T02:07:21.364-0300] {processor.py:186} INFO - Started process (PID=35242) to work on /home/crisu/Universidad/MDS7202-Primavera2024/Lab 13 - Airflow/dags/dag_lineal1.py
[2024-12-07T02:07:21.365-0300] {processor.py:914} INFO - Processing file /home/crisu/Universidad/MDS7202-Primavera2024/Lab 13 - Airflow/dags/dag_lineal1.py for tasks to queue
[2024-12-07T02:07:21.367-0300] {logging_mixin.py:190} INFO - [2024-12-07T02:07:21.366-0300] {dagbag.py:588} INFO - Filling up the DagBag from /home/crisu/Universidad/MDS7202-Primavera2024/Lab 13 - Airflow/dags/dag_lineal1.py
[2024-12-07T02:07:21.373-0300] {logging_mixin.py:190} INFO - [2024-12-07T02:07:21.371-0300] {dagbag.py:387} ERROR - Failed to import: /home/crisu/Universidad/MDS7202-Primavera2024/Lab 13 - Airflow/dags/dag_lineal1.py
Traceback (most recent call last):
  File "/home/crisu/miniconda3/envs/lab13.1/lib/python3.9/site-packages/airflow/models/dagbag.py", line 383, in parse
    loader.exec_module(new_module)
  File "<frozen importlib._bootstrap_external>", line 850, in exec_module
  File "<frozen importlib._bootstrap>", line 228, in _call_with_frames_removed
  File "/home/crisu/Universidad/MDS7202-Primavera2024/Lab 13 - Airflow/dags/dag_lineal1.py", line 5, in <module>
    from hiring_functions import create_folders, split_data, preprocess_and_train
  File "/home/crisu/Universidad/MDS7202-Primavera2024/Lab 13 - Airflow/dags/hiring_functions.py", line 2, in <module>
    import pandas as pd
ModuleNotFoundError: No module named 'pandas'
[2024-12-07T02:07:21.373-0300] {processor.py:927} WARNING - No viable dags retrieved from /home/crisu/Universidad/MDS7202-Primavera2024/Lab 13 - Airflow/dags/dag_lineal1.py
[2024-12-07T02:07:21.456-0300] {processor.py:208} INFO - Processing /home/crisu/Universidad/MDS7202-Primavera2024/Lab 13 - Airflow/dags/dag_lineal1.py took 0.097 seconds
[2024-12-07T02:10:39.173-0300] {processor.py:186} INFO - Started process (PID=35782) to work on /home/crisu/Universidad/MDS7202-Primavera2024/Lab 13 - Airflow/dags/dag_lineal1.py
[2024-12-07T02:10:39.194-0300] {processor.py:914} INFO - Processing file /home/crisu/Universidad/MDS7202-Primavera2024/Lab 13 - Airflow/dags/dag_lineal1.py for tasks to queue
[2024-12-07T02:10:39.196-0300] {logging_mixin.py:190} INFO - [2024-12-07T02:10:39.196-0300] {dagbag.py:588} INFO - Filling up the DagBag from /home/crisu/Universidad/MDS7202-Primavera2024/Lab 13 - Airflow/dags/dag_lineal1.py
[2024-12-07T02:10:40.174-0300] {processor.py:925} INFO - DAG(s) 'hiring_lineal' retrieved from /home/crisu/Universidad/MDS7202-Primavera2024/Lab 13 - Airflow/dags/dag_lineal1.py
[2024-12-07T02:10:40.350-0300] {logging_mixin.py:190} INFO - [2024-12-07T02:10:40.349-0300] {override.py:1911} INFO - Created Permission View: can edit on DAG:hiring_lineal
[2024-12-07T02:10:40.396-0300] {logging_mixin.py:190} INFO - [2024-12-07T02:10:40.396-0300] {override.py:1911} INFO - Created Permission View: can read on DAG:hiring_lineal
[2024-12-07T02:10:40.452-0300] {logging_mixin.py:190} INFO - [2024-12-07T02:10:40.452-0300] {override.py:1911} INFO - Created Permission View: can delete on DAG:hiring_lineal
[2024-12-07T02:10:40.543-0300] {logging_mixin.py:190} INFO - [2024-12-07T02:10:40.543-0300] {override.py:1911} INFO - Created Permission View: can read on DAG Run:hiring_lineal
[2024-12-07T02:10:40.589-0300] {logging_mixin.py:190} INFO - [2024-12-07T02:10:40.588-0300] {override.py:1911} INFO - Created Permission View: can delete on DAG Run:hiring_lineal
[2024-12-07T02:10:40.634-0300] {logging_mixin.py:190} INFO - [2024-12-07T02:10:40.634-0300] {override.py:1911} INFO - Created Permission View: menu access on DAG Run:hiring_lineal
[2024-12-07T02:10:40.681-0300] {logging_mixin.py:190} INFO - [2024-12-07T02:10:40.681-0300] {override.py:1911} INFO - Created Permission View: can create on DAG Run:hiring_lineal
[2024-12-07T02:10:40.682-0300] {logging_mixin.py:190} INFO - [2024-12-07T02:10:40.681-0300] {dag.py:3239} INFO - Sync 1 DAGs
[2024-12-07T02:10:40.694-0300] {logging_mixin.py:190} INFO - [2024-12-07T02:10:40.693-0300] {dag.py:3262} INFO - Creating ORM DAG for hiring_lineal
[2024-12-07T02:10:40.695-0300] {logging_mixin.py:190} INFO - [2024-12-07T02:10:40.694-0300] {dag.py:4180} INFO - Setting next_dagrun for hiring_lineal to None, run_after=None
[2024-12-07T02:10:40.845-0300] {processor.py:208} INFO - Processing /home/crisu/Universidad/MDS7202-Primavera2024/Lab 13 - Airflow/dags/dag_lineal1.py took 1.681 seconds
[2024-12-07T02:12:18.543-0300] {processor.py:186} INFO - Started process (PID=35964) to work on /home/crisu/Universidad/MDS7202-Primavera2024/Lab 13 - Airflow/dags/dag_lineal1.py
[2024-12-07T02:12:18.549-0300] {processor.py:914} INFO - Processing file /home/crisu/Universidad/MDS7202-Primavera2024/Lab 13 - Airflow/dags/dag_lineal1.py for tasks to queue
[2024-12-07T02:12:18.551-0300] {logging_mixin.py:190} INFO - [2024-12-07T02:12:18.551-0300] {dagbag.py:588} INFO - Filling up the DagBag from /home/crisu/Universidad/MDS7202-Primavera2024/Lab 13 - Airflow/dags/dag_lineal1.py
[2024-12-07T02:12:19.431-0300] {processor.py:925} INFO - DAG(s) 'hiring_lineal' retrieved from /home/crisu/Universidad/MDS7202-Primavera2024/Lab 13 - Airflow/dags/dag_lineal1.py
[2024-12-07T02:12:19.444-0300] {logging_mixin.py:190} INFO - [2024-12-07T02:12:19.443-0300] {dag.py:3239} INFO - Sync 1 DAGs
[2024-12-07T02:12:19.453-0300] {logging_mixin.py:190} INFO - [2024-12-07T02:12:19.453-0300] {dag.py:4180} INFO - Setting next_dagrun for hiring_lineal to None, run_after=None
[2024-12-07T02:12:19.514-0300] {processor.py:208} INFO - Processing /home/crisu/Universidad/MDS7202-Primavera2024/Lab 13 - Airflow/dags/dag_lineal1.py took 0.979 seconds
[2024-12-07T02:13:02.346-0300] {processor.py:186} INFO - Started process (PID=36073) to work on /home/crisu/Universidad/MDS7202-Primavera2024/Lab 13 - Airflow/dags/dag_lineal1.py
[2024-12-07T02:13:02.356-0300] {processor.py:914} INFO - Processing file /home/crisu/Universidad/MDS7202-Primavera2024/Lab 13 - Airflow/dags/dag_lineal1.py for tasks to queue
[2024-12-07T02:13:02.358-0300] {logging_mixin.py:190} INFO - [2024-12-07T02:13:02.358-0300] {dagbag.py:588} INFO - Filling up the DagBag from /home/crisu/Universidad/MDS7202-Primavera2024/Lab 13 - Airflow/dags/dag_lineal1.py
[2024-12-07T02:13:03.323-0300] {processor.py:925} INFO - DAG(s) 'hiring_lineal' retrieved from /home/crisu/Universidad/MDS7202-Primavera2024/Lab 13 - Airflow/dags/dag_lineal1.py
[2024-12-07T02:13:03.334-0300] {logging_mixin.py:190} INFO - [2024-12-07T02:13:03.333-0300] {dag.py:3239} INFO - Sync 1 DAGs
[2024-12-07T02:13:03.345-0300] {logging_mixin.py:190} INFO - [2024-12-07T02:13:03.345-0300] {dag.py:4180} INFO - Setting next_dagrun for hiring_lineal to None, run_after=None
[2024-12-07T02:13:03.412-0300] {processor.py:208} INFO - Processing /home/crisu/Universidad/MDS7202-Primavera2024/Lab 13 - Airflow/dags/dag_lineal1.py took 1.073 seconds
[2024-12-07T02:14:32.810-0300] {processor.py:186} INFO - Started process (PID=36267) to work on /home/crisu/Universidad/MDS7202-Primavera2024/Lab 13 - Airflow/dags/dag_lineal1.py
[2024-12-07T02:14:32.812-0300] {processor.py:914} INFO - Processing file /home/crisu/Universidad/MDS7202-Primavera2024/Lab 13 - Airflow/dags/dag_lineal1.py for tasks to queue
[2024-12-07T02:14:32.814-0300] {logging_mixin.py:190} INFO - [2024-12-07T02:14:32.813-0300] {dagbag.py:588} INFO - Filling up the DagBag from /home/crisu/Universidad/MDS7202-Primavera2024/Lab 13 - Airflow/dags/dag_lineal1.py
[2024-12-07T02:14:33.684-0300] {processor.py:925} INFO - DAG(s) 'hiring_lineal' retrieved from /home/crisu/Universidad/MDS7202-Primavera2024/Lab 13 - Airflow/dags/dag_lineal1.py
[2024-12-07T02:14:33.700-0300] {logging_mixin.py:190} INFO - [2024-12-07T02:14:33.700-0300] {dag.py:3239} INFO - Sync 1 DAGs
[2024-12-07T02:14:33.713-0300] {logging_mixin.py:190} INFO - [2024-12-07T02:14:33.712-0300] {dag.py:4180} INFO - Setting next_dagrun for hiring_lineal to None, run_after=None
[2024-12-07T02:14:33.779-0300] {processor.py:208} INFO - Processing /home/crisu/Universidad/MDS7202-Primavera2024/Lab 13 - Airflow/dags/dag_lineal1.py took 0.976 seconds
[2024-12-07T02:15:51.500-0300] {processor.py:186} INFO - Started process (PID=36408) to work on /home/crisu/Universidad/MDS7202-Primavera2024/Lab 13 - Airflow/dags/dag_lineal1.py
[2024-12-07T02:15:51.513-0300] {processor.py:914} INFO - Processing file /home/crisu/Universidad/MDS7202-Primavera2024/Lab 13 - Airflow/dags/dag_lineal1.py for tasks to queue
[2024-12-07T02:15:51.516-0300] {logging_mixin.py:190} INFO - [2024-12-07T02:15:51.515-0300] {dagbag.py:588} INFO - Filling up the DagBag from /home/crisu/Universidad/MDS7202-Primavera2024/Lab 13 - Airflow/dags/dag_lineal1.py
[2024-12-07T02:15:52.511-0300] {processor.py:925} INFO - DAG(s) 'hiring_lineal' retrieved from /home/crisu/Universidad/MDS7202-Primavera2024/Lab 13 - Airflow/dags/dag_lineal1.py
[2024-12-07T02:15:52.523-0300] {logging_mixin.py:190} INFO - [2024-12-07T02:15:52.522-0300] {dag.py:3239} INFO - Sync 1 DAGs
[2024-12-07T02:15:52.532-0300] {logging_mixin.py:190} INFO - [2024-12-07T02:15:52.532-0300] {dag.py:4180} INFO - Setting next_dagrun for hiring_lineal to None, run_after=None
[2024-12-07T02:15:52.607-0300] {processor.py:208} INFO - Processing /home/crisu/Universidad/MDS7202-Primavera2024/Lab 13 - Airflow/dags/dag_lineal1.py took 1.116 seconds
[2024-12-07T02:16:43.405-0300] {processor.py:186} INFO - Started process (PID=36483) to work on /home/crisu/Universidad/MDS7202-Primavera2024/Lab 13 - Airflow/dags/dag_lineal1.py
[2024-12-07T02:16:43.433-0300] {processor.py:914} INFO - Processing file /home/crisu/Universidad/MDS7202-Primavera2024/Lab 13 - Airflow/dags/dag_lineal1.py for tasks to queue
[2024-12-07T02:16:43.435-0300] {logging_mixin.py:190} INFO - [2024-12-07T02:16:43.434-0300] {dagbag.py:588} INFO - Filling up the DagBag from /home/crisu/Universidad/MDS7202-Primavera2024/Lab 13 - Airflow/dags/dag_lineal1.py
[2024-12-07T02:16:44.270-0300] {processor.py:925} INFO - DAG(s) 'hiring_lineal' retrieved from /home/crisu/Universidad/MDS7202-Primavera2024/Lab 13 - Airflow/dags/dag_lineal1.py
[2024-12-07T02:16:44.282-0300] {logging_mixin.py:190} INFO - [2024-12-07T02:16:44.281-0300] {dag.py:3239} INFO - Sync 1 DAGs
[2024-12-07T02:16:44.291-0300] {logging_mixin.py:190} INFO - [2024-12-07T02:16:44.291-0300] {dag.py:4180} INFO - Setting next_dagrun for hiring_lineal to None, run_after=None
[2024-12-07T02:16:44.402-0300] {processor.py:208} INFO - Processing /home/crisu/Universidad/MDS7202-Primavera2024/Lab 13 - Airflow/dags/dag_lineal1.py took 1.004 seconds
[2024-12-07T02:17:27.748-0300] {processor.py:186} INFO - Started process (PID=36559) to work on /home/crisu/Universidad/MDS7202-Primavera2024/Lab 13 - Airflow/dags/dag_lineal1.py
[2024-12-07T02:17:27.749-0300] {processor.py:914} INFO - Processing file /home/crisu/Universidad/MDS7202-Primavera2024/Lab 13 - Airflow/dags/dag_lineal1.py for tasks to queue
[2024-12-07T02:17:27.751-0300] {logging_mixin.py:190} INFO - [2024-12-07T02:17:27.751-0300] {dagbag.py:588} INFO - Filling up the DagBag from /home/crisu/Universidad/MDS7202-Primavera2024/Lab 13 - Airflow/dags/dag_lineal1.py
[2024-12-07T02:17:28.675-0300] {processor.py:925} INFO - DAG(s) 'hiring_lineal' retrieved from /home/crisu/Universidad/MDS7202-Primavera2024/Lab 13 - Airflow/dags/dag_lineal1.py
[2024-12-07T02:17:28.685-0300] {logging_mixin.py:190} INFO - [2024-12-07T02:17:28.685-0300] {dag.py:3239} INFO - Sync 1 DAGs
[2024-12-07T02:17:28.694-0300] {logging_mixin.py:190} INFO - [2024-12-07T02:17:28.694-0300] {dag.py:4180} INFO - Setting next_dagrun for hiring_lineal to None, run_after=None
[2024-12-07T02:17:28.780-0300] {processor.py:208} INFO - Processing /home/crisu/Universidad/MDS7202-Primavera2024/Lab 13 - Airflow/dags/dag_lineal1.py took 1.040 seconds
[2024-12-07T02:18:13.401-0300] {processor.py:186} INFO - Started process (PID=36646) to work on /home/crisu/Universidad/MDS7202-Primavera2024/Lab 13 - Airflow/dags/dag_lineal1.py
[2024-12-07T02:18:13.455-0300] {processor.py:914} INFO - Processing file /home/crisu/Universidad/MDS7202-Primavera2024/Lab 13 - Airflow/dags/dag_lineal1.py for tasks to queue
[2024-12-07T02:18:13.457-0300] {logging_mixin.py:190} INFO - [2024-12-07T02:18:13.457-0300] {dagbag.py:588} INFO - Filling up the DagBag from /home/crisu/Universidad/MDS7202-Primavera2024/Lab 13 - Airflow/dags/dag_lineal1.py
[2024-12-07T02:18:13.460-0300] {logging_mixin.py:190} INFO - [2024-12-07T02:18:13.460-0300] {dagbag.py:387} ERROR - Failed to import: /home/crisu/Universidad/MDS7202-Primavera2024/Lab 13 - Airflow/dags/dag_lineal1.py
Traceback (most recent call last):
  File "/home/crisu/miniconda3/envs/lab13.1/lib/python3.9/site-packages/airflow/models/dagbag.py", line 383, in parse
    loader.exec_module(new_module)
  File "<frozen importlib._bootstrap_external>", line 846, in exec_module
  File "<frozen importlib._bootstrap_external>", line 983, in get_code
  File "<frozen importlib._bootstrap_external>", line 913, in source_to_code
  File "<frozen importlib._bootstrap>", line 228, in _call_with_frames_removed
  File "/home/crisu/Universidad/MDS7202-Primavera2024/Lab 13 - Airflow/dags/dag_lineal1.py", line 73
    split_data_task = PythonOperator(
    ^
SyntaxError: invalid syntax
[2024-12-07T02:18:13.461-0300] {processor.py:927} WARNING - No viable dags retrieved from /home/crisu/Universidad/MDS7202-Primavera2024/Lab 13 - Airflow/dags/dag_lineal1.py
[2024-12-07T02:18:13.527-0300] {processor.py:208} INFO - Processing /home/crisu/Universidad/MDS7202-Primavera2024/Lab 13 - Airflow/dags/dag_lineal1.py took 0.137 seconds
[2024-12-07T02:19:08.882-0300] {processor.py:186} INFO - Started process (PID=36808) to work on /home/crisu/Universidad/MDS7202-Primavera2024/Lab 13 - Airflow/dags/dag_lineal1.py
[2024-12-07T02:19:09.042-0300] {processor.py:914} INFO - Processing file /home/crisu/Universidad/MDS7202-Primavera2024/Lab 13 - Airflow/dags/dag_lineal1.py for tasks to queue
[2024-12-07T02:19:09.045-0300] {logging_mixin.py:190} INFO - [2024-12-07T02:19:09.045-0300] {dagbag.py:588} INFO - Filling up the DagBag from /home/crisu/Universidad/MDS7202-Primavera2024/Lab 13 - Airflow/dags/dag_lineal1.py
[2024-12-07T02:19:09.049-0300] {logging_mixin.py:190} INFO - [2024-12-07T02:19:09.049-0300] {dagbag.py:387} ERROR - Failed to import: /home/crisu/Universidad/MDS7202-Primavera2024/Lab 13 - Airflow/dags/dag_lineal1.py
Traceback (most recent call last):
  File "/home/crisu/miniconda3/envs/lab13.1/lib/python3.9/site-packages/airflow/models/dagbag.py", line 383, in parse
    loader.exec_module(new_module)
  File "<frozen importlib._bootstrap_external>", line 846, in exec_module
  File "<frozen importlib._bootstrap_external>", line 983, in get_code
  File "<frozen importlib._bootstrap_external>", line 913, in source_to_code
  File "<frozen importlib._bootstrap>", line 228, in _call_with_frames_removed
  File "/home/crisu/Universidad/MDS7202-Primavera2024/Lab 13 - Airflow/dags/dag_lineal1.py", line 54
    preprocess_and_train_task = PythonOperator(
    ^
SyntaxError: invalid syntax
[2024-12-07T02:19:09.050-0300] {processor.py:927} WARNING - No viable dags retrieved from /home/crisu/Universidad/MDS7202-Primavera2024/Lab 13 - Airflow/dags/dag_lineal1.py
[2024-12-07T02:19:14.063-0300] {processor.py:211} ERROR - Got an exception! Propagating...
Traceback (most recent call last):
  File "/home/crisu/miniconda3/envs/lab13.1/lib/python3.9/site-packages/sqlalchemy/engine/base.py", line 1910, in _execute_context
    self.dialect.do_execute(
  File "/home/crisu/miniconda3/envs/lab13.1/lib/python3.9/site-packages/sqlalchemy/engine/default.py", line 736, in do_execute
    cursor.execute(statement, parameters)
sqlite3.OperationalError: database is locked

The above exception was the direct cause of the following exception:

Traceback (most recent call last):
  File "/home/crisu/miniconda3/envs/lab13.1/lib/python3.9/site-packages/airflow/dag_processing/processor.py", line 207, in _run_file_processor
    _handle_dag_file_processing()
  File "/home/crisu/miniconda3/envs/lab13.1/lib/python3.9/site-packages/airflow/dag_processing/processor.py", line 188, in _handle_dag_file_processing
    result: tuple[int, int, int] = dag_file_processor.process_file(
  File "/home/crisu/miniconda3/envs/lab13.1/lib/python3.9/site-packages/airflow/utils/session.py", line 97, in wrapper
    return func(*args, session=session, **kwargs)
  File "/home/crisu/miniconda3/envs/lab13.1/lib/python3.9/site-packages/airflow/dag_processing/processor.py", line 928, in process_file
    DagFileProcessor.update_import_errors(
  File "/home/crisu/miniconda3/envs/lab13.1/lib/python3.9/site-packages/airflow/api_internal/internal_api_call.py", line 166, in wrapper
    return func(*args, **kwargs)
  File "/home/crisu/miniconda3/envs/lab13.1/lib/python3.9/site-packages/airflow/utils/session.py", line 97, in wrapper
    return func(*args, session=session, **kwargs)
  File "/home/crisu/miniconda3/envs/lab13.1/lib/python3.9/site-packages/airflow/dag_processing/processor.py", line 648, in update_import_errors
    existing_import_error_files = [x.filename for x in session.query(ParseImportError.filename).all()]
  File "/home/crisu/miniconda3/envs/lab13.1/lib/python3.9/site-packages/sqlalchemy/orm/query.py", line 2773, in all
    return self._iter().all()
  File "/home/crisu/miniconda3/envs/lab13.1/lib/python3.9/site-packages/sqlalchemy/orm/query.py", line 2916, in _iter
    result = self.session.execute(
  File "/home/crisu/miniconda3/envs/lab13.1/lib/python3.9/site-packages/sqlalchemy/orm/session.py", line 1717, in execute
    result = conn._execute_20(statement, params or {}, execution_options)
  File "/home/crisu/miniconda3/envs/lab13.1/lib/python3.9/site-packages/sqlalchemy/engine/base.py", line 1710, in _execute_20
    return meth(self, args_10style, kwargs_10style, execution_options)
  File "/home/crisu/miniconda3/envs/lab13.1/lib/python3.9/site-packages/sqlalchemy/sql/elements.py", line 334, in _execute_on_connection
    return connection._execute_clauseelement(
  File "/home/crisu/miniconda3/envs/lab13.1/lib/python3.9/site-packages/sqlalchemy/engine/base.py", line 1577, in _execute_clauseelement
    ret = self._execute_context(
  File "/home/crisu/miniconda3/envs/lab13.1/lib/python3.9/site-packages/sqlalchemy/engine/base.py", line 1953, in _execute_context
    self._handle_dbapi_exception(
  File "/home/crisu/miniconda3/envs/lab13.1/lib/python3.9/site-packages/sqlalchemy/engine/base.py", line 2134, in _handle_dbapi_exception
    util.raise_(
  File "/home/crisu/miniconda3/envs/lab13.1/lib/python3.9/site-packages/sqlalchemy/util/compat.py", line 211, in raise_
    raise exception
  File "/home/crisu/miniconda3/envs/lab13.1/lib/python3.9/site-packages/sqlalchemy/engine/base.py", line 1910, in _execute_context
    self.dialect.do_execute(
  File "/home/crisu/miniconda3/envs/lab13.1/lib/python3.9/site-packages/sqlalchemy/engine/default.py", line 736, in do_execute
    cursor.execute(statement, parameters)
sqlalchemy.exc.OperationalError: (sqlite3.OperationalError) database is locked
[SQL: SELECT import_error.filename AS import_error_filename 
FROM import_error]
(Background on this error at: https://sqlalche.me/e/14/e3q8)
[2024-12-07T02:30:27.242-0300] {processor.py:186} INFO - Started process (PID=37783) to work on /home/crisu/Universidad/MDS7202-Primavera2024/Lab 13 - Airflow/dags/dag_lineal1.py
[2024-12-07T02:30:27.251-0300] {processor.py:914} INFO - Processing file /home/crisu/Universidad/MDS7202-Primavera2024/Lab 13 - Airflow/dags/dag_lineal1.py for tasks to queue
[2024-12-07T02:30:27.253-0300] {logging_mixin.py:190} INFO - [2024-12-07T02:30:27.253-0300] {dagbag.py:588} INFO - Filling up the DagBag from /home/crisu/Universidad/MDS7202-Primavera2024/Lab 13 - Airflow/dags/dag_lineal1.py
[2024-12-07T02:30:27.993-0300] {processor.py:925} INFO - DAG(s) 'hiring_lineal' retrieved from /home/crisu/Universidad/MDS7202-Primavera2024/Lab 13 - Airflow/dags/dag_lineal1.py
[2024-12-07T02:30:28.081-0300] {logging_mixin.py:190} INFO - [2024-12-07T02:30:28.081-0300] {dag.py:3239} INFO - Sync 1 DAGs
[2024-12-07T02:30:28.090-0300] {logging_mixin.py:190} INFO - [2024-12-07T02:30:28.090-0300] {dag.py:4180} INFO - Setting next_dagrun for hiring_lineal to None, run_after=None
[2024-12-07T02:30:28.206-0300] {processor.py:208} INFO - Processing /home/crisu/Universidad/MDS7202-Primavera2024/Lab 13 - Airflow/dags/dag_lineal1.py took 0.971 seconds
[2024-12-07T02:33:10.372-0300] {processor.py:186} INFO - Started process (PID=38113) to work on /home/crisu/Universidad/MDS7202-Primavera2024/Lab 13 - Airflow/dags/dag_lineal1.py
[2024-12-07T02:33:10.396-0300] {processor.py:914} INFO - Processing file /home/crisu/Universidad/MDS7202-Primavera2024/Lab 13 - Airflow/dags/dag_lineal1.py for tasks to queue
[2024-12-07T02:33:10.398-0300] {logging_mixin.py:190} INFO - [2024-12-07T02:33:10.398-0300] {dagbag.py:588} INFO - Filling up the DagBag from /home/crisu/Universidad/MDS7202-Primavera2024/Lab 13 - Airflow/dags/dag_lineal1.py
[2024-12-07T02:33:11.041-0300] {processor.py:925} INFO - DAG(s) 'hiring_lineal' retrieved from /home/crisu/Universidad/MDS7202-Primavera2024/Lab 13 - Airflow/dags/dag_lineal1.py
[2024-12-07T02:33:11.052-0300] {logging_mixin.py:190} INFO - [2024-12-07T02:33:11.052-0300] {dag.py:3239} INFO - Sync 1 DAGs
[2024-12-07T02:33:11.061-0300] {logging_mixin.py:190} INFO - [2024-12-07T02:33:11.061-0300] {dag.py:4180} INFO - Setting next_dagrun for hiring_lineal to None, run_after=None
[2024-12-07T02:33:11.144-0300] {processor.py:208} INFO - Processing /home/crisu/Universidad/MDS7202-Primavera2024/Lab 13 - Airflow/dags/dag_lineal1.py took 0.781 seconds
[2024-12-07T02:34:29.246-0300] {processor.py:186} INFO - Started process (PID=38319) to work on /home/crisu/Universidad/MDS7202-Primavera2024/Lab 13 - Airflow/dags/dag_lineal1.py
[2024-12-07T02:34:29.264-0300] {processor.py:914} INFO - Processing file /home/crisu/Universidad/MDS7202-Primavera2024/Lab 13 - Airflow/dags/dag_lineal1.py for tasks to queue
[2024-12-07T02:34:29.266-0300] {logging_mixin.py:190} INFO - [2024-12-07T02:34:29.266-0300] {dagbag.py:588} INFO - Filling up the DagBag from /home/crisu/Universidad/MDS7202-Primavera2024/Lab 13 - Airflow/dags/dag_lineal1.py
[2024-12-07T02:34:29.858-0300] {processor.py:925} INFO - DAG(s) 'hiring_lineal' retrieved from /home/crisu/Universidad/MDS7202-Primavera2024/Lab 13 - Airflow/dags/dag_lineal1.py
[2024-12-07T02:34:29.870-0300] {logging_mixin.py:190} INFO - [2024-12-07T02:34:29.870-0300] {dag.py:3239} INFO - Sync 1 DAGs
[2024-12-07T02:34:29.879-0300] {logging_mixin.py:190} INFO - [2024-12-07T02:34:29.879-0300] {dag.py:4180} INFO - Setting next_dagrun for hiring_lineal to None, run_after=None
[2024-12-07T02:34:30.933-0300] {processor.py:208} INFO - Processing /home/crisu/Universidad/MDS7202-Primavera2024/Lab 13 - Airflow/dags/dag_lineal1.py took 1.693 seconds
[2024-12-07T02:36:39.912-0300] {processor.py:186} INFO - Started process (PID=38554) to work on /home/crisu/Universidad/MDS7202-Primavera2024/Lab 13 - Airflow/dags/dag_lineal1.py
[2024-12-07T02:36:39.921-0300] {processor.py:914} INFO - Processing file /home/crisu/Universidad/MDS7202-Primavera2024/Lab 13 - Airflow/dags/dag_lineal1.py for tasks to queue
[2024-12-07T02:36:39.924-0300] {logging_mixin.py:190} INFO - [2024-12-07T02:36:39.923-0300] {dagbag.py:588} INFO - Filling up the DagBag from /home/crisu/Universidad/MDS7202-Primavera2024/Lab 13 - Airflow/dags/dag_lineal1.py
[2024-12-07T02:36:40.592-0300] {processor.py:925} INFO - DAG(s) 'hiring_lineal' retrieved from /home/crisu/Universidad/MDS7202-Primavera2024/Lab 13 - Airflow/dags/dag_lineal1.py
[2024-12-07T02:36:40.603-0300] {logging_mixin.py:190} INFO - [2024-12-07T02:36:40.603-0300] {dag.py:3239} INFO - Sync 1 DAGs
[2024-12-07T02:36:40.614-0300] {logging_mixin.py:190} INFO - [2024-12-07T02:36:40.614-0300] {dag.py:4180} INFO - Setting next_dagrun for hiring_lineal to None, run_after=None
[2024-12-07T02:36:40.668-0300] {processor.py:208} INFO - Processing /home/crisu/Universidad/MDS7202-Primavera2024/Lab 13 - Airflow/dags/dag_lineal1.py took 0.762 seconds
[2024-12-07T02:38:09.684-0300] {processor.py:186} INFO - Started process (PID=38698) to work on /home/crisu/Universidad/MDS7202-Primavera2024/Lab 13 - Airflow/dags/dag_lineal1.py
[2024-12-07T02:38:09.888-0300] {processor.py:914} INFO - Processing file /home/crisu/Universidad/MDS7202-Primavera2024/Lab 13 - Airflow/dags/dag_lineal1.py for tasks to queue
[2024-12-07T02:38:09.890-0300] {logging_mixin.py:190} INFO - [2024-12-07T02:38:09.889-0300] {dagbag.py:588} INFO - Filling up the DagBag from /home/crisu/Universidad/MDS7202-Primavera2024/Lab 13 - Airflow/dags/dag_lineal1.py
[2024-12-07T02:38:10.514-0300] {processor.py:925} INFO - DAG(s) 'hiring_lineal' retrieved from /home/crisu/Universidad/MDS7202-Primavera2024/Lab 13 - Airflow/dags/dag_lineal1.py
[2024-12-07T02:38:10.527-0300] {logging_mixin.py:190} INFO - [2024-12-07T02:38:10.527-0300] {dag.py:3239} INFO - Sync 1 DAGs
[2024-12-07T02:38:10.539-0300] {logging_mixin.py:190} INFO - [2024-12-07T02:38:10.539-0300] {dag.py:4180} INFO - Setting next_dagrun for hiring_lineal to None, run_after=None
[2024-12-07T02:38:12.169-0300] {processor.py:208} INFO - Processing /home/crisu/Universidad/MDS7202-Primavera2024/Lab 13 - Airflow/dags/dag_lineal1.py took 2.490 seconds
[2024-12-07T02:40:00.886-0300] {processor.py:186} INFO - Started process (PID=38826) to work on /home/crisu/Universidad/MDS7202-Primavera2024/Lab 13 - Airflow/dags/dag_lineal1.py
[2024-12-07T02:40:00.909-0300] {processor.py:914} INFO - Processing file /home/crisu/Universidad/MDS7202-Primavera2024/Lab 13 - Airflow/dags/dag_lineal1.py for tasks to queue
[2024-12-07T02:40:00.911-0300] {logging_mixin.py:190} INFO - [2024-12-07T02:40:00.911-0300] {dagbag.py:588} INFO - Filling up the DagBag from /home/crisu/Universidad/MDS7202-Primavera2024/Lab 13 - Airflow/dags/dag_lineal1.py
[2024-12-07T02:40:01.579-0300] {processor.py:925} INFO - DAG(s) 'hiring_lineal' retrieved from /home/crisu/Universidad/MDS7202-Primavera2024/Lab 13 - Airflow/dags/dag_lineal1.py
[2024-12-07T02:40:01.592-0300] {logging_mixin.py:190} INFO - [2024-12-07T02:40:01.591-0300] {dag.py:3239} INFO - Sync 1 DAGs
[2024-12-07T02:40:01.605-0300] {logging_mixin.py:190} INFO - [2024-12-07T02:40:01.604-0300] {dag.py:4180} INFO - Setting next_dagrun for hiring_lineal to None, run_after=None
[2024-12-07T02:40:02.636-0300] {processor.py:208} INFO - Processing /home/crisu/Universidad/MDS7202-Primavera2024/Lab 13 - Airflow/dags/dag_lineal1.py took 1.756 seconds
[2024-12-07T02:40:54.561-0300] {processor.py:186} INFO - Started process (PID=38928) to work on /home/crisu/Universidad/MDS7202-Primavera2024/Lab 13 - Airflow/dags/dag_lineal1.py
[2024-12-07T02:40:54.571-0300] {processor.py:914} INFO - Processing file /home/crisu/Universidad/MDS7202-Primavera2024/Lab 13 - Airflow/dags/dag_lineal1.py for tasks to queue
[2024-12-07T02:40:54.573-0300] {logging_mixin.py:190} INFO - [2024-12-07T02:40:54.572-0300] {dagbag.py:588} INFO - Filling up the DagBag from /home/crisu/Universidad/MDS7202-Primavera2024/Lab 13 - Airflow/dags/dag_lineal1.py
[2024-12-07T02:40:54.576-0300] {logging_mixin.py:190} INFO - [2024-12-07T02:40:54.575-0300] {dagbag.py:387} ERROR - Failed to import: /home/crisu/Universidad/MDS7202-Primavera2024/Lab 13 - Airflow/dags/dag_lineal1.py
Traceback (most recent call last):
  File "/home/crisu/miniconda3/envs/lab13.1/lib/python3.9/site-packages/airflow/models/dagbag.py", line 383, in parse
    loader.exec_module(new_module)
  File "<frozen importlib._bootstrap_external>", line 846, in exec_module
  File "<frozen importlib._bootstrap_external>", line 983, in get_code
  File "<frozen importlib._bootstrap_external>", line 913, in source_to_code
  File "<frozen importlib._bootstrap>", line 228, in _call_with_frames_removed
  File "/home/crisu/Universidad/MDS7202-Primavera2024/Lab 13 - Airflow/dags/dag_lineal1.py", line 63
    gradio =
            ^
SyntaxError: invalid syntax
[2024-12-07T02:40:54.576-0300] {processor.py:927} WARNING - No viable dags retrieved from /home/crisu/Universidad/MDS7202-Primavera2024/Lab 13 - Airflow/dags/dag_lineal1.py
[2024-12-07T02:40:54.640-0300] {processor.py:208} INFO - Processing /home/crisu/Universidad/MDS7202-Primavera2024/Lab 13 - Airflow/dags/dag_lineal1.py took 0.084 seconds
[2024-12-07T02:41:30.745-0300] {processor.py:186} INFO - Started process (PID=38998) to work on /home/crisu/Universidad/MDS7202-Primavera2024/Lab 13 - Airflow/dags/dag_lineal1.py
[2024-12-07T02:41:30.749-0300] {processor.py:914} INFO - Processing file /home/crisu/Universidad/MDS7202-Primavera2024/Lab 13 - Airflow/dags/dag_lineal1.py for tasks to queue
[2024-12-07T02:41:30.751-0300] {logging_mixin.py:190} INFO - [2024-12-07T02:41:30.750-0300] {dagbag.py:588} INFO - Filling up the DagBag from /home/crisu/Universidad/MDS7202-Primavera2024/Lab 13 - Airflow/dags/dag_lineal1.py
[2024-12-07T02:41:30.754-0300] {logging_mixin.py:190} INFO - [2024-12-07T02:41:30.753-0300] {dagbag.py:387} ERROR - Failed to import: /home/crisu/Universidad/MDS7202-Primavera2024/Lab 13 - Airflow/dags/dag_lineal1.py
Traceback (most recent call last):
  File "/home/crisu/miniconda3/envs/lab13.1/lib/python3.9/site-packages/airflow/models/dagbag.py", line 383, in parse
    loader.exec_module(new_module)
  File "<frozen importlib._bootstrap_external>", line 846, in exec_module
  File "<frozen importlib._bootstrap_external>", line 983, in get_code
  File "<frozen importlib._bootstrap_external>", line 913, in source_to_code
  File "<frozen importlib._bootstrap>", line 228, in _call_with_frames_removed
  File "/home/crisu/Universidad/MDS7202-Primavera2024/Lab 13 - Airflow/dags/dag_lineal1.py", line 63
    gradio =
            ^
SyntaxError: invalid syntax
[2024-12-07T02:41:30.754-0300] {processor.py:927} WARNING - No viable dags retrieved from /home/crisu/Universidad/MDS7202-Primavera2024/Lab 13 - Airflow/dags/dag_lineal1.py
[2024-12-07T02:41:30.814-0300] {processor.py:208} INFO - Processing /home/crisu/Universidad/MDS7202-Primavera2024/Lab 13 - Airflow/dags/dag_lineal1.py took 0.076 seconds
[2024-12-07T02:42:07.096-0300] {processor.py:186} INFO - Started process (PID=39069) to work on /home/crisu/Universidad/MDS7202-Primavera2024/Lab 13 - Airflow/dags/dag_lineal1.py
[2024-12-07T02:42:07.106-0300] {processor.py:914} INFO - Processing file /home/crisu/Universidad/MDS7202-Primavera2024/Lab 13 - Airflow/dags/dag_lineal1.py for tasks to queue
[2024-12-07T02:42:07.107-0300] {logging_mixin.py:190} INFO - [2024-12-07T02:42:07.106-0300] {dagbag.py:588} INFO - Filling up the DagBag from /home/crisu/Universidad/MDS7202-Primavera2024/Lab 13 - Airflow/dags/dag_lineal1.py
[2024-12-07T02:42:07.695-0300] {logging_mixin.py:190} INFO - [2024-12-07T02:42:07.693-0300] {dagbag.py:387} ERROR - Failed to import: /home/crisu/Universidad/MDS7202-Primavera2024/Lab 13 - Airflow/dags/dag_lineal1.py
Traceback (most recent call last):
  File "/home/crisu/miniconda3/envs/lab13.1/lib/python3.9/site-packages/airflow/models/dagbag.py", line 383, in parse
    loader.exec_module(new_module)
  File "<frozen importlib._bootstrap_external>", line 850, in exec_module
  File "<frozen importlib._bootstrap>", line 228, in _call_with_frames_removed
  File "/home/crisu/Universidad/MDS7202-Primavera2024/Lab 13 - Airflow/dags/dag_lineal1.py", line 66, in <module>
    python_callable=gradio_interface,
NameError: name 'gradio_interface' is not defined
[2024-12-07T02:42:07.695-0300] {processor.py:927} WARNING - No viable dags retrieved from /home/crisu/Universidad/MDS7202-Primavera2024/Lab 13 - Airflow/dags/dag_lineal1.py
[2024-12-07T02:42:07.836-0300] {processor.py:208} INFO - Processing /home/crisu/Universidad/MDS7202-Primavera2024/Lab 13 - Airflow/dags/dag_lineal1.py took 0.745 seconds
[2024-12-07T02:42:48.316-0300] {processor.py:186} INFO - Started process (PID=39194) to work on /home/crisu/Universidad/MDS7202-Primavera2024/Lab 13 - Airflow/dags/dag_lineal1.py
[2024-12-07T02:42:48.327-0300] {processor.py:914} INFO - Processing file /home/crisu/Universidad/MDS7202-Primavera2024/Lab 13 - Airflow/dags/dag_lineal1.py for tasks to queue
[2024-12-07T02:42:48.329-0300] {logging_mixin.py:190} INFO - [2024-12-07T02:42:48.328-0300] {dagbag.py:588} INFO - Filling up the DagBag from /home/crisu/Universidad/MDS7202-Primavera2024/Lab 13 - Airflow/dags/dag_lineal1.py
[2024-12-07T02:42:49.044-0300] {logging_mixin.py:190} INFO - [2024-12-07T02:42:49.043-0300] {dagbag.py:387} ERROR - Failed to import: /home/crisu/Universidad/MDS7202-Primavera2024/Lab 13 - Airflow/dags/dag_lineal1.py
Traceback (most recent call last):
  File "/home/crisu/miniconda3/envs/lab13.1/lib/python3.9/site-packages/airflow/models/dagbag.py", line 383, in parse
    loader.exec_module(new_module)
  File "<frozen importlib._bootstrap_external>", line 850, in exec_module
  File "<frozen importlib._bootstrap>", line 228, in _call_with_frames_removed
  File "/home/crisu/Universidad/MDS7202-Primavera2024/Lab 13 - Airflow/dags/dag_lineal1.py", line 66, in <module>
    python_callable=gradio_interface,
NameError: name 'gradio_interface' is not defined
[2024-12-07T02:42:49.045-0300] {processor.py:927} WARNING - No viable dags retrieved from /home/crisu/Universidad/MDS7202-Primavera2024/Lab 13 - Airflow/dags/dag_lineal1.py
[2024-12-07T02:42:50.042-0300] {processor.py:208} INFO - Processing /home/crisu/Universidad/MDS7202-Primavera2024/Lab 13 - Airflow/dags/dag_lineal1.py took 1.732 seconds
[2024-12-07T02:44:11.832-0300] {processor.py:186} INFO - Started process (PID=39591) to work on /home/crisu/Universidad/MDS7202-Primavera2024/Lab 13 - Airflow/dags/dag_lineal1.py
[2024-12-07T02:44:11.844-0300] {processor.py:914} INFO - Processing file /home/crisu/Universidad/MDS7202-Primavera2024/Lab 13 - Airflow/dags/dag_lineal1.py for tasks to queue
[2024-12-07T02:44:11.846-0300] {logging_mixin.py:190} INFO - [2024-12-07T02:44:11.846-0300] {dagbag.py:588} INFO - Filling up the DagBag from /home/crisu/Universidad/MDS7202-Primavera2024/Lab 13 - Airflow/dags/dag_lineal1.py
[2024-12-07T02:44:12.538-0300] {logging_mixin.py:190} INFO - [2024-12-07T02:44:12.538-0300] {dagbag.py:387} ERROR - Failed to import: /home/crisu/Universidad/MDS7202-Primavera2024/Lab 13 - Airflow/dags/dag_lineal1.py
Traceback (most recent call last):
  File "/home/crisu/miniconda3/envs/lab13.1/lib/python3.9/site-packages/airflow/models/dagbag.py", line 383, in parse
    loader.exec_module(new_module)
  File "<frozen importlib._bootstrap_external>", line 850, in exec_module
  File "<frozen importlib._bootstrap>", line 228, in _call_with_frames_removed
  File "/home/crisu/Universidad/MDS7202-Primavera2024/Lab 13 - Airflow/dags/dag_lineal1.py", line 66, in <module>
    python_callable=gradio_interface,
NameError: name 'gradio_interface' is not defined
[2024-12-07T02:44:12.539-0300] {processor.py:927} WARNING - No viable dags retrieved from /home/crisu/Universidad/MDS7202-Primavera2024/Lab 13 - Airflow/dags/dag_lineal1.py
[2024-12-07T02:44:13.672-0300] {processor.py:208} INFO - Processing /home/crisu/Universidad/MDS7202-Primavera2024/Lab 13 - Airflow/dags/dag_lineal1.py took 1.845 seconds
[2024-12-07T02:45:31.364-0300] {processor.py:186} INFO - Started process (PID=39786) to work on /home/crisu/Universidad/MDS7202-Primavera2024/Lab 13 - Airflow/dags/dag_lineal1.py
[2024-12-07T02:45:31.379-0300] {processor.py:914} INFO - Processing file /home/crisu/Universidad/MDS7202-Primavera2024/Lab 13 - Airflow/dags/dag_lineal1.py for tasks to queue
[2024-12-07T02:45:31.381-0300] {logging_mixin.py:190} INFO - [2024-12-07T02:45:31.381-0300] {dagbag.py:588} INFO - Filling up the DagBag from /home/crisu/Universidad/MDS7202-Primavera2024/Lab 13 - Airflow/dags/dag_lineal1.py
[2024-12-07T02:45:32.010-0300] {logging_mixin.py:190} INFO - [2024-12-07T02:45:32.009-0300] {dagbag.py:387} ERROR - Failed to import: /home/crisu/Universidad/MDS7202-Primavera2024/Lab 13 - Airflow/dags/dag_lineal1.py
Traceback (most recent call last):
  File "/home/crisu/miniconda3/envs/lab13.1/lib/python3.9/site-packages/airflow/models/dagbag.py", line 383, in parse
    loader.exec_module(new_module)
  File "<frozen importlib._bootstrap_external>", line 850, in exec_module
  File "<frozen importlib._bootstrap>", line 228, in _call_with_frames_removed
  File "/home/crisu/Universidad/MDS7202-Primavera2024/Lab 13 - Airflow/dags/dag_lineal1.py", line 66, in <module>
    python_callable=gradio_interface,
NameError: name 'gradio_interface' is not defined
[2024-12-07T02:45:32.010-0300] {processor.py:927} WARNING - No viable dags retrieved from /home/crisu/Universidad/MDS7202-Primavera2024/Lab 13 - Airflow/dags/dag_lineal1.py
[2024-12-07T02:45:32.062-0300] {processor.py:208} INFO - Processing /home/crisu/Universidad/MDS7202-Primavera2024/Lab 13 - Airflow/dags/dag_lineal1.py took 0.703 seconds
[2024-12-07T02:45:49.653-0300] {processor.py:186} INFO - Started process (PID=39868) to work on /home/crisu/Universidad/MDS7202-Primavera2024/Lab 13 - Airflow/dags/dag_lineal1.py
[2024-12-07T02:45:49.664-0300] {processor.py:914} INFO - Processing file /home/crisu/Universidad/MDS7202-Primavera2024/Lab 13 - Airflow/dags/dag_lineal1.py for tasks to queue
[2024-12-07T02:45:49.666-0300] {logging_mixin.py:190} INFO - [2024-12-07T02:45:49.665-0300] {dagbag.py:588} INFO - Filling up the DagBag from /home/crisu/Universidad/MDS7202-Primavera2024/Lab 13 - Airflow/dags/dag_lineal1.py
[2024-12-07T02:45:50.391-0300] {logging_mixin.py:190} INFO - [2024-12-07T02:45:50.390-0300] {dagbag.py:387} ERROR - Failed to import: /home/crisu/Universidad/MDS7202-Primavera2024/Lab 13 - Airflow/dags/dag_lineal1.py
Traceback (most recent call last):
  File "/home/crisu/miniconda3/envs/lab13.1/lib/python3.9/site-packages/airflow/models/dagbag.py", line 383, in parse
    loader.exec_module(new_module)
  File "<frozen importlib._bootstrap_external>", line 850, in exec_module
  File "<frozen importlib._bootstrap>", line 228, in _call_with_frames_removed
  File "/home/crisu/Universidad/MDS7202-Primavera2024/Lab 13 - Airflow/dags/dag_lineal1.py", line 67, in <module>
    python_callable=gradio_interface,
NameError: name 'gradio_interface' is not defined
[2024-12-07T02:45:50.392-0300] {processor.py:927} WARNING - No viable dags retrieved from /home/crisu/Universidad/MDS7202-Primavera2024/Lab 13 - Airflow/dags/dag_lineal1.py
[2024-12-07T02:45:50.447-0300] {processor.py:208} INFO - Processing /home/crisu/Universidad/MDS7202-Primavera2024/Lab 13 - Airflow/dags/dag_lineal1.py took 0.799 seconds
[2024-12-07T02:46:02.564-0300] {processor.py:186} INFO - Started process (PID=39950) to work on /home/crisu/Universidad/MDS7202-Primavera2024/Lab 13 - Airflow/dags/dag_lineal1.py
[2024-12-07T02:46:02.565-0300] {processor.py:914} INFO - Processing file /home/crisu/Universidad/MDS7202-Primavera2024/Lab 13 - Airflow/dags/dag_lineal1.py for tasks to queue
[2024-12-07T02:46:02.567-0300] {logging_mixin.py:190} INFO - [2024-12-07T02:46:02.566-0300] {dagbag.py:588} INFO - Filling up the DagBag from /home/crisu/Universidad/MDS7202-Primavera2024/Lab 13 - Airflow/dags/dag_lineal1.py
[2024-12-07T02:46:03.254-0300] {logging_mixin.py:190} INFO - [2024-12-07T02:46:03.253-0300] {dagbag.py:387} ERROR - Failed to import: /home/crisu/Universidad/MDS7202-Primavera2024/Lab 13 - Airflow/dags/dag_lineal1.py
Traceback (most recent call last):
  File "/home/crisu/miniconda3/envs/lab13.1/lib/python3.9/site-packages/airflow/models/dagbag.py", line 383, in parse
    loader.exec_module(new_module)
  File "<frozen importlib._bootstrap_external>", line 850, in exec_module
  File "<frozen importlib._bootstrap>", line 228, in _call_with_frames_removed
  File "/home/crisu/Universidad/MDS7202-Primavera2024/Lab 13 - Airflow/dags/dag_lineal1.py", line 67, in <module>
    python_callable=gradio_interface,
NameError: name 'gradio_interface' is not defined
[2024-12-07T02:46:03.254-0300] {processor.py:927} WARNING - No viable dags retrieved from /home/crisu/Universidad/MDS7202-Primavera2024/Lab 13 - Airflow/dags/dag_lineal1.py
[2024-12-07T02:46:03.333-0300] {processor.py:208} INFO - Processing /home/crisu/Universidad/MDS7202-Primavera2024/Lab 13 - Airflow/dags/dag_lineal1.py took 0.774 seconds
[2024-12-07T02:47:05.798-0300] {processor.py:186} INFO - Started process (PID=40109) to work on /home/crisu/Universidad/MDS7202-Primavera2024/Lab 13 - Airflow/dags/dag_lineal1.py
[2024-12-07T02:47:05.879-0300] {processor.py:914} INFO - Processing file /home/crisu/Universidad/MDS7202-Primavera2024/Lab 13 - Airflow/dags/dag_lineal1.py for tasks to queue
[2024-12-07T02:47:05.881-0300] {logging_mixin.py:190} INFO - [2024-12-07T02:47:05.881-0300] {dagbag.py:588} INFO - Filling up the DagBag from /home/crisu/Universidad/MDS7202-Primavera2024/Lab 13 - Airflow/dags/dag_lineal1.py
[2024-12-07T02:47:06.565-0300] {logging_mixin.py:190} INFO - [2024-12-07T02:47:06.564-0300] {dagbag.py:387} ERROR - Failed to import: /home/crisu/Universidad/MDS7202-Primavera2024/Lab 13 - Airflow/dags/dag_lineal1.py
Traceback (most recent call last):
  File "/home/crisu/miniconda3/envs/lab13.1/lib/python3.9/site-packages/airflow/models/dagbag.py", line 383, in parse
    loader.exec_module(new_module)
  File "<frozen importlib._bootstrap_external>", line 850, in exec_module
  File "<frozen importlib._bootstrap>", line 228, in _call_with_frames_removed
  File "/home/crisu/Universidad/MDS7202-Primavera2024/Lab 13 - Airflow/dags/dag_lineal1.py", line 67, in <module>
    python_callable=gradio_interface,
NameError: name 'gradio_interface' is not defined
[2024-12-07T02:47:06.565-0300] {processor.py:927} WARNING - No viable dags retrieved from /home/crisu/Universidad/MDS7202-Primavera2024/Lab 13 - Airflow/dags/dag_lineal1.py
[2024-12-07T02:47:07.609-0300] {processor.py:208} INFO - Processing /home/crisu/Universidad/MDS7202-Primavera2024/Lab 13 - Airflow/dags/dag_lineal1.py took 1.817 seconds
[2024-12-07T02:48:29.892-0300] {processor.py:186} INFO - Started process (PID=40395) to work on /home/crisu/Universidad/MDS7202-Primavera2024/Lab 13 - Airflow/dags/dag_lineal1.py
[2024-12-07T02:48:30.125-0300] {processor.py:914} INFO - Processing file /home/crisu/Universidad/MDS7202-Primavera2024/Lab 13 - Airflow/dags/dag_lineal1.py for tasks to queue
[2024-12-07T02:48:30.127-0300] {logging_mixin.py:190} INFO - [2024-12-07T02:48:30.127-0300] {dagbag.py:588} INFO - Filling up the DagBag from /home/crisu/Universidad/MDS7202-Primavera2024/Lab 13 - Airflow/dags/dag_lineal1.py
[2024-12-07T02:48:30.950-0300] {logging_mixin.py:190} INFO - [2024-12-07T02:48:30.948-0300] {dagbag.py:387} ERROR - Failed to import: /home/crisu/Universidad/MDS7202-Primavera2024/Lab 13 - Airflow/dags/dag_lineal1.py
Traceback (most recent call last):
  File "/home/crisu/miniconda3/envs/lab13.1/lib/python3.9/site-packages/airflow/models/dagbag.py", line 383, in parse
    loader.exec_module(new_module)
  File "<frozen importlib._bootstrap_external>", line 850, in exec_module
  File "<frozen importlib._bootstrap>", line 228, in _call_with_frames_removed
  File "/home/crisu/Universidad/MDS7202-Primavera2024/Lab 13 - Airflow/dags/dag_lineal1.py", line 6, in <module>
    from hiring_functions import create_folders, split_data, preprocess_and_train
  File "/home/crisu/Universidad/MDS7202-Primavera2024/Lab 13 - Airflow/dags/hiring_functions.py", line 10, in <module>
    import gradio as gr
ModuleNotFoundError: No module named 'gradio'
[2024-12-07T02:48:30.951-0300] {processor.py:927} WARNING - No viable dags retrieved from /home/crisu/Universidad/MDS7202-Primavera2024/Lab 13 - Airflow/dags/dag_lineal1.py
[2024-12-07T02:48:32.690-0300] {processor.py:208} INFO - Processing /home/crisu/Universidad/MDS7202-Primavera2024/Lab 13 - Airflow/dags/dag_lineal1.py took 2.802 seconds
[2024-12-07T02:49:36.140-0300] {processor.py:186} INFO - Started process (PID=40618) to work on /home/crisu/Universidad/MDS7202-Primavera2024/Lab 13 - Airflow/dags/dag_lineal1.py
[2024-12-07T02:49:36.160-0300] {processor.py:914} INFO - Processing file /home/crisu/Universidad/MDS7202-Primavera2024/Lab 13 - Airflow/dags/dag_lineal1.py for tasks to queue
[2024-12-07T02:49:36.162-0300] {logging_mixin.py:190} INFO - [2024-12-07T02:49:36.161-0300] {dagbag.py:588} INFO - Filling up the DagBag from /home/crisu/Universidad/MDS7202-Primavera2024/Lab 13 - Airflow/dags/dag_lineal1.py
[2024-12-07T02:49:36.858-0300] {logging_mixin.py:190} INFO - [2024-12-07T02:49:36.857-0300] {dagbag.py:387} ERROR - Failed to import: /home/crisu/Universidad/MDS7202-Primavera2024/Lab 13 - Airflow/dags/dag_lineal1.py
Traceback (most recent call last):
  File "/home/crisu/miniconda3/envs/lab13.1/lib/python3.9/site-packages/airflow/models/dagbag.py", line 383, in parse
    loader.exec_module(new_module)
  File "<frozen importlib._bootstrap_external>", line 850, in exec_module
  File "<frozen importlib._bootstrap>", line 228, in _call_with_frames_removed
  File "/home/crisu/Universidad/MDS7202-Primavera2024/Lab 13 - Airflow/dags/dag_lineal1.py", line 6, in <module>
    from hiring_functions import create_folders, split_data, preprocess_and_train
  File "/home/crisu/Universidad/MDS7202-Primavera2024/Lab 13 - Airflow/dags/hiring_functions.py", line 10, in <module>
    import gradio as gr
ModuleNotFoundError: No module named 'gradio'
[2024-12-07T02:49:36.858-0300] {processor.py:927} WARNING - No viable dags retrieved from /home/crisu/Universidad/MDS7202-Primavera2024/Lab 13 - Airflow/dags/dag_lineal1.py
[2024-12-07T02:49:38.312-0300] {processor.py:208} INFO - Processing /home/crisu/Universidad/MDS7202-Primavera2024/Lab 13 - Airflow/dags/dag_lineal1.py took 2.181 seconds
[2024-12-07T02:50:49.853-0300] {processor.py:186} INFO - Started process (PID=40910) to work on /home/crisu/Universidad/MDS7202-Primavera2024/Lab 13 - Airflow/dags/dag_lineal1.py
[2024-12-07T02:50:49.862-0300] {processor.py:914} INFO - Processing file /home/crisu/Universidad/MDS7202-Primavera2024/Lab 13 - Airflow/dags/dag_lineal1.py for tasks to queue
[2024-12-07T02:50:49.864-0300] {logging_mixin.py:190} INFO - [2024-12-07T02:50:49.864-0300] {dagbag.py:588} INFO - Filling up the DagBag from /home/crisu/Universidad/MDS7202-Primavera2024/Lab 13 - Airflow/dags/dag_lineal1.py
[2024-12-07T02:50:52.608-0300] {logging_mixin.py:190} INFO - [2024-12-07T02:50:52.608-0300] {_client.py:1025} INFO - HTTP Request: GET https://api.gradio.app/gradio-messaging/en "HTTP/1.1 200 OK"
[2024-12-07T02:50:52.897-0300] {logging_mixin.py:190} INFO - [2024-12-07T02:50:52.897-0300] {dagbag.py:387} ERROR - Failed to import: /home/crisu/Universidad/MDS7202-Primavera2024/Lab 13 - Airflow/dags/dag_lineal1.py
Traceback (most recent call last):
  File "/home/crisu/miniconda3/envs/lab13.1/lib/python3.9/site-packages/airflow/models/dagbag.py", line 383, in parse
    loader.exec_module(new_module)
  File "<frozen importlib._bootstrap_external>", line 850, in exec_module
  File "<frozen importlib._bootstrap>", line 228, in _call_with_frames_removed
  File "/home/crisu/Universidad/MDS7202-Primavera2024/Lab 13 - Airflow/dags/dag_lineal1.py", line 67, in <module>
    python_callable=gradio_interface,
NameError: name 'gradio_interface' is not defined
[2024-12-07T02:50:52.898-0300] {processor.py:927} WARNING - No viable dags retrieved from /home/crisu/Universidad/MDS7202-Primavera2024/Lab 13 - Airflow/dags/dag_lineal1.py
[2024-12-07T02:50:52.969-0300] {processor.py:208} INFO - Processing /home/crisu/Universidad/MDS7202-Primavera2024/Lab 13 - Airflow/dags/dag_lineal1.py took 3.125 seconds
[2024-12-07T02:51:58.656-0300] {processor.py:186} INFO - Started process (PID=41043) to work on /home/crisu/Universidad/MDS7202-Primavera2024/Lab 13 - Airflow/dags/dag_lineal1.py
[2024-12-07T02:51:58.769-0300] {processor.py:914} INFO - Processing file /home/crisu/Universidad/MDS7202-Primavera2024/Lab 13 - Airflow/dags/dag_lineal1.py for tasks to queue
[2024-12-07T02:51:58.773-0300] {logging_mixin.py:190} INFO - [2024-12-07T02:51:58.772-0300] {dagbag.py:588} INFO - Filling up the DagBag from /home/crisu/Universidad/MDS7202-Primavera2024/Lab 13 - Airflow/dags/dag_lineal1.py
[2024-12-07T02:52:01.343-0300] {processor.py:925} INFO - DAG(s) 'hiring_lineal' retrieved from /home/crisu/Universidad/MDS7202-Primavera2024/Lab 13 - Airflow/dags/dag_lineal1.py
[2024-12-07T02:52:01.647-0300] {logging_mixin.py:190} INFO - [2024-12-07T02:52:01.647-0300] {_client.py:1025} INFO - HTTP Request: GET https://api.gradio.app/gradio-messaging/en "HTTP/1.1 200 OK"
[2024-12-07T02:52:12.029-0300] {logging_mixin.py:190} INFO - [2024-12-07T02:52:12.029-0300] {dag.py:3239} INFO - Sync 1 DAGs
[2024-12-07T02:52:12.038-0300] {logging_mixin.py:190} INFO - [2024-12-07T02:52:12.037-0300] {dag.py:4180} INFO - Setting next_dagrun for hiring_lineal to None, run_after=None
[2024-12-07T02:52:15.889-0300] {processor.py:208} INFO - Processing /home/crisu/Universidad/MDS7202-Primavera2024/Lab 13 - Airflow/dags/dag_lineal1.py took 17.250 seconds
[2024-12-07T02:54:00.687-0300] {processor.py:186} INFO - Started process (PID=41230) to work on /home/crisu/Universidad/MDS7202-Primavera2024/Lab 13 - Airflow/dags/dag_lineal1.py
[2024-12-07T02:54:00.693-0300] {processor.py:914} INFO - Processing file /home/crisu/Universidad/MDS7202-Primavera2024/Lab 13 - Airflow/dags/dag_lineal1.py for tasks to queue
[2024-12-07T02:54:00.695-0300] {logging_mixin.py:190} INFO - [2024-12-07T02:54:00.695-0300] {dagbag.py:588} INFO - Filling up the DagBag from /home/crisu/Universidad/MDS7202-Primavera2024/Lab 13 - Airflow/dags/dag_lineal1.py
[2024-12-07T02:54:03.429-0300] {processor.py:925} INFO - DAG(s) 'hiring_lineal' retrieved from /home/crisu/Universidad/MDS7202-Primavera2024/Lab 13 - Airflow/dags/dag_lineal1.py
[2024-12-07T02:54:03.433-0300] {logging_mixin.py:190} INFO - [2024-12-07T02:54:03.432-0300] {_client.py:1025} INFO - HTTP Request: GET https://api.gradio.app/gradio-messaging/en "HTTP/1.1 200 OK"
[2024-12-07T02:54:03.487-0300] {logging_mixin.py:190} INFO - [2024-12-07T02:54:03.487-0300] {dag.py:3239} INFO - Sync 1 DAGs
[2024-12-07T02:54:03.496-0300] {logging_mixin.py:190} INFO - [2024-12-07T02:54:03.496-0300] {dag.py:4180} INFO - Setting next_dagrun for hiring_lineal to None, run_after=None
[2024-12-07T02:54:03.567-0300] {processor.py:208} INFO - Processing /home/crisu/Universidad/MDS7202-Primavera2024/Lab 13 - Airflow/dags/dag_lineal1.py took 2.886 seconds
