[2024-12-07T03:33:32.864-0300] {local_task_job_runner.py:123} INFO - ::group::Pre task execution logs
[2024-12-07T03:33:32.874-0300] {taskinstance.py:2613} INFO - Dependencies all met for dep_context=non-requeueable deps ti=<TaskInstance: hiring_dynamic_pipeline.train_logistic_regression scheduled__2024-11-05T15:00:00+00:00 [queued]>
[2024-12-07T03:33:32.880-0300] {taskinstance.py:2613} INFO - Dependencies all met for dep_context=requeueable deps ti=<TaskInstance: hiring_dynamic_pipeline.train_logistic_regression scheduled__2024-11-05T15:00:00+00:00 [queued]>
[2024-12-07T03:33:32.880-0300] {taskinstance.py:2866} INFO - Starting attempt 1 of 2
[2024-12-07T03:33:32.931-0300] {taskinstance.py:2889} INFO - Executing <Task(PythonOperator): train_logistic_regression> on 2024-11-05 15:00:00+00:00
[2024-12-07T03:33:32.938-0300] {standard_task_runner.py:72} INFO - Started process 44368 to run task
[2024-12-07T03:33:32.941-0300] {standard_task_runner.py:104} INFO - Running: ['airflow', 'tasks', 'run', 'hiring_dynamic_pipeline', 'train_logistic_regression', 'scheduled__2024-11-05T15:00:00+00:00', '--job-id', '65', '--raw', '--subdir', 'DAGS_FOLDER/dag_dynamic.py', '--cfg-path', '/tmp/tmpziiq1szu']
[2024-12-07T03:33:32.942-0300] {standard_task_runner.py:105} INFO - Job 65: Subtask train_logistic_regression
[2024-12-07T03:33:33.020-0300] {task_command.py:467} INFO - Running <TaskInstance: hiring_dynamic_pipeline.train_logistic_regression scheduled__2024-11-05T15:00:00+00:00 [running]> on host crisu-VivoBook-S14-X411UF
[2024-12-07T03:33:33.157-0300] {taskinstance.py:3132} INFO - Exporting env vars: AIRFLOW_CTX_DAG_OWNER='airflow' AIRFLOW_CTX_DAG_ID='hiring_dynamic_pipeline' AIRFLOW_CTX_TASK_ID='train_logistic_regression' AIRFLOW_CTX_EXECUTION_DATE='2024-11-05T15:00:00+00:00' AIRFLOW_CTX_TRY_NUMBER='1' AIRFLOW_CTX_DAG_RUN_ID='scheduled__2024-11-05T15:00:00+00:00'
[2024-12-07T03:33:33.158-0300] {logging_mixin.py:190} INFO - Task instance is in running state
[2024-12-07T03:33:33.158-0300] {logging_mixin.py:190} INFO -  Previous state of the Task instance: queued
[2024-12-07T03:33:33.158-0300] {logging_mixin.py:190} INFO - Current task name:train_logistic_regression state:running start_date:2024-12-07 06:33:32.875003+00:00
[2024-12-07T03:33:33.158-0300] {logging_mixin.py:190} INFO - Dag name:hiring_dynamic_pipeline and current dag run status:running
[2024-12-07T03:33:33.159-0300] {taskinstance.py:731} INFO - ::endgroup::
[2024-12-07T03:33:33.185-0300] {python.py:240} INFO - Done. Returned value was: None
[2024-12-07T03:33:33.188-0300] {taskinstance.py:340} INFO - ::group::Post task execution logs
[2024-12-07T03:33:33.189-0300] {taskinstance.py:352} INFO - Marking task as SUCCESS. dag_id=hiring_dynamic_pipeline, task_id=train_logistic_regression, run_id=scheduled__2024-11-05T15:00:00+00:00, execution_date=20241105T150000, start_date=20241207T063332, end_date=20241207T063333
[2024-12-07T03:33:33.237-0300] {logging_mixin.py:190} INFO - Task instance in success state
[2024-12-07T03:33:33.237-0300] {logging_mixin.py:190} INFO -  Previous state of the Task instance: running
[2024-12-07T03:33:33.237-0300] {logging_mixin.py:190} INFO - Dag name:hiring_dynamic_pipeline queued_at:2024-12-07 06:27:11.618485+00:00
[2024-12-07T03:33:33.237-0300] {logging_mixin.py:190} INFO - Task hostname:crisu-VivoBook-S14-X411UF operator:PythonOperator
[2024-12-07T03:33:33.275-0300] {local_task_job_runner.py:266} INFO - Task exited with return code 0
[2024-12-07T03:33:33.291-0300] {taskinstance.py:3895} INFO - 0 downstream tasks scheduled from follow-on schedule check
[2024-12-07T03:33:33.292-0300] {local_task_job_runner.py:245} INFO - ::endgroup::
[2024-12-07T03:46:38.957-0300] {local_task_job_runner.py:123} INFO - ::group::Pre task execution logs
[2024-12-07T03:46:38.990-0300] {taskinstance.py:2613} INFO - Dependencies all met for dep_context=non-requeueable deps ti=<TaskInstance: hiring_dynamic_pipeline.train_logistic_regression scheduled__2024-11-05T15:00:00+00:00 [queued]>
[2024-12-07T03:46:38.996-0300] {taskinstance.py:2613} INFO - Dependencies all met for dep_context=requeueable deps ti=<TaskInstance: hiring_dynamic_pipeline.train_logistic_regression scheduled__2024-11-05T15:00:00+00:00 [queued]>
[2024-12-07T03:46:38.997-0300] {taskinstance.py:2866} INFO - Starting attempt 1 of 2
[2024-12-07T03:46:39.088-0300] {taskinstance.py:2889} INFO - Executing <Task(PythonOperator): train_logistic_regression> on 2024-11-05 15:00:00+00:00
[2024-12-07T03:46:39.095-0300] {standard_task_runner.py:72} INFO - Started process 46372 to run task
[2024-12-07T03:46:39.100-0300] {standard_task_runner.py:104} INFO - Running: ['airflow', 'tasks', 'run', 'hiring_dynamic_pipeline', 'train_logistic_regression', 'scheduled__2024-11-05T15:00:00+00:00', '--job-id', '60', '--raw', '--subdir', 'DAGS_FOLDER/dag_dynamic.py', '--cfg-path', '/tmp/tmpqot2wwdw']
[2024-12-07T03:46:39.102-0300] {standard_task_runner.py:105} INFO - Job 60: Subtask train_logistic_regression
[2024-12-07T03:46:39.299-0300] {task_command.py:467} INFO - Running <TaskInstance: hiring_dynamic_pipeline.train_logistic_regression scheduled__2024-11-05T15:00:00+00:00 [running]> on host crisu-VivoBook-S14-X411UF
[2024-12-07T03:46:39.501-0300] {taskinstance.py:3132} INFO - Exporting env vars: AIRFLOW_CTX_DAG_OWNER='airflow' AIRFLOW_CTX_DAG_ID='hiring_dynamic_pipeline' AIRFLOW_CTX_TASK_ID='train_logistic_regression' AIRFLOW_CTX_EXECUTION_DATE='2024-11-05T15:00:00+00:00' AIRFLOW_CTX_TRY_NUMBER='1' AIRFLOW_CTX_DAG_RUN_ID='scheduled__2024-11-05T15:00:00+00:00'
[2024-12-07T03:46:39.503-0300] {logging_mixin.py:190} INFO - Task instance is in running state
[2024-12-07T03:46:39.503-0300] {logging_mixin.py:190} INFO -  Previous state of the Task instance: queued
[2024-12-07T03:46:39.503-0300] {logging_mixin.py:190} INFO - Current task name:train_logistic_regression state:running start_date:2024-12-07 06:46:38.990654+00:00
[2024-12-07T03:46:39.503-0300] {logging_mixin.py:190} INFO - Dag name:hiring_dynamic_pipeline and current dag run status:running
[2024-12-07T03:46:39.503-0300] {taskinstance.py:731} INFO - ::endgroup::
[2024-12-07T03:46:39.537-0300] {python.py:240} INFO - Done. Returned value was: None
[2024-12-07T03:46:39.542-0300] {taskinstance.py:340} INFO - ::group::Post task execution logs
[2024-12-07T03:46:39.542-0300] {taskinstance.py:352} INFO - Marking task as SUCCESS. dag_id=hiring_dynamic_pipeline, task_id=train_logistic_regression, run_id=scheduled__2024-11-05T15:00:00+00:00, execution_date=20241105T150000, start_date=20241207T064638, end_date=20241207T064639
[2024-12-07T03:46:39.616-0300] {logging_mixin.py:190} INFO - Task instance in success state
[2024-12-07T03:46:39.616-0300] {logging_mixin.py:190} INFO -  Previous state of the Task instance: running
[2024-12-07T03:46:39.617-0300] {logging_mixin.py:190} INFO - Dag name:hiring_dynamic_pipeline queued_at:2024-12-07 06:44:29.722220+00:00
[2024-12-07T03:46:39.617-0300] {logging_mixin.py:190} INFO - Task hostname:crisu-VivoBook-S14-X411UF operator:PythonOperator
[2024-12-07T03:46:39.634-0300] {local_task_job_runner.py:266} INFO - Task exited with return code 0
[2024-12-07T03:46:39.653-0300] {taskinstance.py:3895} INFO - 0 downstream tasks scheduled from follow-on schedule check
[2024-12-07T03:46:39.653-0300] {local_task_job_runner.py:245} INFO - ::endgroup::
[2024-12-07T04:05:16.362-0300] {local_task_job_runner.py:123} INFO - ::group::Pre task execution logs
[2024-12-07T04:05:16.392-0300] {taskinstance.py:2613} INFO - Dependencies all met for dep_context=non-requeueable deps ti=<TaskInstance: hiring_dynamic_pipeline.train_logistic_regression scheduled__2024-11-05T15:00:00+00:00 [queued]>
[2024-12-07T04:05:16.398-0300] {taskinstance.py:2613} INFO - Dependencies all met for dep_context=requeueable deps ti=<TaskInstance: hiring_dynamic_pipeline.train_logistic_regression scheduled__2024-11-05T15:00:00+00:00 [queued]>
[2024-12-07T04:05:16.398-0300] {taskinstance.py:2866} INFO - Starting attempt 1 of 2
[2024-12-07T04:05:16.485-0300] {taskinstance.py:2889} INFO - Executing <Task(PythonOperator): train_logistic_regression> on 2024-11-05 15:00:00+00:00
[2024-12-07T04:05:16.494-0300] {standard_task_runner.py:72} INFO - Started process 48920 to run task
[2024-12-07T04:05:16.497-0300] {standard_task_runner.py:104} INFO - Running: ['airflow', 'tasks', 'run', 'hiring_dynamic_pipeline', 'train_logistic_regression', 'scheduled__2024-11-05T15:00:00+00:00', '--job-id', '63', '--raw', '--subdir', 'DAGS_FOLDER/dag_dynamic.py', '--cfg-path', '/tmp/tmpivh43j4z']
[2024-12-07T04:05:16.498-0300] {standard_task_runner.py:105} INFO - Job 63: Subtask train_logistic_regression
[2024-12-07T04:05:16.577-0300] {task_command.py:467} INFO - Running <TaskInstance: hiring_dynamic_pipeline.train_logistic_regression scheduled__2024-11-05T15:00:00+00:00 [running]> on host crisu-VivoBook-S14-X411UF
[2024-12-07T04:05:16.724-0300] {taskinstance.py:3132} INFO - Exporting env vars: AIRFLOW_CTX_DAG_OWNER='airflow' AIRFLOW_CTX_DAG_ID='hiring_dynamic_pipeline' AIRFLOW_CTX_TASK_ID='train_logistic_regression' AIRFLOW_CTX_EXECUTION_DATE='2024-11-05T15:00:00+00:00' AIRFLOW_CTX_TRY_NUMBER='1' AIRFLOW_CTX_DAG_RUN_ID='scheduled__2024-11-05T15:00:00+00:00'
[2024-12-07T04:05:16.725-0300] {logging_mixin.py:190} INFO - Task instance is in running state
[2024-12-07T04:05:16.725-0300] {logging_mixin.py:190} INFO -  Previous state of the Task instance: queued
[2024-12-07T04:05:16.725-0300] {logging_mixin.py:190} INFO - Current task name:train_logistic_regression state:running start_date:2024-12-07 07:05:16.392886+00:00
[2024-12-07T04:05:16.726-0300] {logging_mixin.py:190} INFO - Dag name:hiring_dynamic_pipeline and current dag run status:running
[2024-12-07T04:05:16.726-0300] {taskinstance.py:731} INFO - ::endgroup::
[2024-12-07T04:05:16.756-0300] {python.py:240} INFO - Done. Returned value was: None
[2024-12-07T04:05:16.760-0300] {taskinstance.py:340} INFO - ::group::Post task execution logs
[2024-12-07T04:05:16.760-0300] {taskinstance.py:352} INFO - Marking task as SUCCESS. dag_id=hiring_dynamic_pipeline, task_id=train_logistic_regression, run_id=scheduled__2024-11-05T15:00:00+00:00, execution_date=20241105T150000, start_date=20241207T070516, end_date=20241207T070516
[2024-12-07T04:05:16.816-0300] {logging_mixin.py:190} INFO - Task instance in success state
[2024-12-07T04:05:16.816-0300] {logging_mixin.py:190} INFO -  Previous state of the Task instance: running
[2024-12-07T04:05:16.816-0300] {logging_mixin.py:190} INFO - Dag name:hiring_dynamic_pipeline queued_at:2024-12-07 07:02:23.453548+00:00
[2024-12-07T04:05:16.816-0300] {logging_mixin.py:190} INFO - Task hostname:crisu-VivoBook-S14-X411UF operator:PythonOperator
[2024-12-07T04:05:16.831-0300] {local_task_job_runner.py:266} INFO - Task exited with return code 0
[2024-12-07T04:05:16.851-0300] {taskinstance.py:3895} INFO - 0 downstream tasks scheduled from follow-on schedule check
[2024-12-07T04:05:16.851-0300] {local_task_job_runner.py:245} INFO - ::endgroup::
