[2024-12-07T01:47:54.967-0300] {processor.py:186} INFO - Started process (PID=33431) to work on /home/crisu/miniconda3/envs/lab13.1/lib/python3.9/site-packages/airflow/example_dags/plugins/event_listener.py
[2024-12-07T01:47:54.967-0300] {processor.py:914} INFO - Processing file /home/crisu/miniconda3/envs/lab13.1/lib/python3.9/site-packages/airflow/example_dags/plugins/event_listener.py for tasks to queue
[2024-12-07T01:47:54.969-0300] {logging_mixin.py:190} INFO - [2024-12-07T01:47:54.969-0300] {dagbag.py:588} INFO - Filling up the DagBag from /home/crisu/miniconda3/envs/lab13.1/lib/python3.9/site-packages/airflow/example_dags/plugins/event_listener.py
[2024-12-07T01:47:54.971-0300] {processor.py:927} WARNING - No viable dags retrieved from /home/crisu/miniconda3/envs/lab13.1/lib/python3.9/site-packages/airflow/example_dags/plugins/event_listener.py
[2024-12-07T01:47:54.980-0300] {processor.py:208} INFO - Processing /home/crisu/miniconda3/envs/lab13.1/lib/python3.9/site-packages/airflow/example_dags/plugins/event_listener.py took 0.018 seconds
[2024-12-07T01:49:36.303-0300] {processor.py:186} INFO - Started process (PID=33675) to work on /home/crisu/miniconda3/envs/lab13.1/lib/python3.9/site-packages/airflow/example_dags/plugins/event_listener.py
[2024-12-07T01:49:36.443-0300] {processor.py:914} INFO - Processing file /home/crisu/miniconda3/envs/lab13.1/lib/python3.9/site-packages/airflow/example_dags/plugins/event_listener.py for tasks to queue
[2024-12-07T01:49:36.445-0300] {logging_mixin.py:190} INFO - [2024-12-07T01:49:36.445-0300] {dagbag.py:588} INFO - Filling up the DagBag from /home/crisu/miniconda3/envs/lab13.1/lib/python3.9/site-packages/airflow/example_dags/plugins/event_listener.py
[2024-12-07T01:49:36.447-0300] {processor.py:927} WARNING - No viable dags retrieved from /home/crisu/miniconda3/envs/lab13.1/lib/python3.9/site-packages/airflow/example_dags/plugins/event_listener.py
[2024-12-07T01:49:36.456-0300] {processor.py:208} INFO - Processing /home/crisu/miniconda3/envs/lab13.1/lib/python3.9/site-packages/airflow/example_dags/plugins/event_listener.py took 0.158 seconds
[2024-12-07T01:50:31.854-0300] {processor.py:186} INFO - Started process (PID=33764) to work on /home/crisu/miniconda3/envs/lab13.1/lib/python3.9/site-packages/airflow/example_dags/plugins/event_listener.py
[2024-12-07T01:50:31.860-0300] {processor.py:914} INFO - Processing file /home/crisu/miniconda3/envs/lab13.1/lib/python3.9/site-packages/airflow/example_dags/plugins/event_listener.py for tasks to queue
[2024-12-07T01:50:31.862-0300] {logging_mixin.py:190} INFO - [2024-12-07T01:50:31.862-0300] {dagbag.py:588} INFO - Filling up the DagBag from /home/crisu/miniconda3/envs/lab13.1/lib/python3.9/site-packages/airflow/example_dags/plugins/event_listener.py
[2024-12-07T01:50:31.864-0300] {processor.py:927} WARNING - No viable dags retrieved from /home/crisu/miniconda3/envs/lab13.1/lib/python3.9/site-packages/airflow/example_dags/plugins/event_listener.py
[2024-12-07T01:50:31.873-0300] {processor.py:208} INFO - Processing /home/crisu/miniconda3/envs/lab13.1/lib/python3.9/site-packages/airflow/example_dags/plugins/event_listener.py took 0.023 seconds
[2024-12-07T01:50:52.094-0300] {processor.py:186} INFO - Started process (PID=33827) to work on /home/crisu/miniconda3/envs/lab13.1/lib/python3.9/site-packages/airflow/example_dags/plugins/event_listener.py
[2024-12-07T01:50:52.107-0300] {processor.py:914} INFO - Processing file /home/crisu/miniconda3/envs/lab13.1/lib/python3.9/site-packages/airflow/example_dags/plugins/event_listener.py for tasks to queue
[2024-12-07T01:50:52.109-0300] {logging_mixin.py:190} INFO - [2024-12-07T01:50:52.109-0300] {dagbag.py:588} INFO - Filling up the DagBag from /home/crisu/miniconda3/envs/lab13.1/lib/python3.9/site-packages/airflow/example_dags/plugins/event_listener.py
[2024-12-07T01:50:52.111-0300] {processor.py:927} WARNING - No viable dags retrieved from /home/crisu/miniconda3/envs/lab13.1/lib/python3.9/site-packages/airflow/example_dags/plugins/event_listener.py
[2024-12-07T01:50:52.120-0300] {processor.py:208} INFO - Processing /home/crisu/miniconda3/envs/lab13.1/lib/python3.9/site-packages/airflow/example_dags/plugins/event_listener.py took 0.030 seconds
[2024-12-07T02:07:26.306-0300] {processor.py:186} INFO - Started process (PID=35252) to work on /home/crisu/miniconda3/envs/lab13.1/lib/python3.9/site-packages/airflow/example_dags/plugins/event_listener.py
[2024-12-07T02:07:26.307-0300] {processor.py:914} INFO - Processing file /home/crisu/miniconda3/envs/lab13.1/lib/python3.9/site-packages/airflow/example_dags/plugins/event_listener.py for tasks to queue
[2024-12-07T02:07:26.309-0300] {logging_mixin.py:190} INFO - [2024-12-07T02:07:26.309-0300] {dagbag.py:588} INFO - Filling up the DagBag from /home/crisu/miniconda3/envs/lab13.1/lib/python3.9/site-packages/airflow/example_dags/plugins/event_listener.py
[2024-12-07T02:07:26.311-0300] {processor.py:927} WARNING - No viable dags retrieved from /home/crisu/miniconda3/envs/lab13.1/lib/python3.9/site-packages/airflow/example_dags/plugins/event_listener.py
[2024-12-07T02:07:26.320-0300] {processor.py:208} INFO - Processing /home/crisu/miniconda3/envs/lab13.1/lib/python3.9/site-packages/airflow/example_dags/plugins/event_listener.py took 0.019 seconds
[2024-12-07T02:10:47.050-0300] {processor.py:186} INFO - Started process (PID=35816) to work on /home/crisu/miniconda3/envs/lab13.1/lib/python3.9/site-packages/airflow/example_dags/plugins/event_listener.py
[2024-12-07T02:10:47.051-0300] {processor.py:914} INFO - Processing file /home/crisu/miniconda3/envs/lab13.1/lib/python3.9/site-packages/airflow/example_dags/plugins/event_listener.py for tasks to queue
[2024-12-07T02:10:47.054-0300] {logging_mixin.py:190} INFO - [2024-12-07T02:10:47.054-0300] {dagbag.py:588} INFO - Filling up the DagBag from /home/crisu/miniconda3/envs/lab13.1/lib/python3.9/site-packages/airflow/example_dags/plugins/event_listener.py
[2024-12-07T02:10:47.057-0300] {processor.py:927} WARNING - No viable dags retrieved from /home/crisu/miniconda3/envs/lab13.1/lib/python3.9/site-packages/airflow/example_dags/plugins/event_listener.py
[2024-12-07T02:10:47.070-0300] {processor.py:208} INFO - Processing /home/crisu/miniconda3/envs/lab13.1/lib/python3.9/site-packages/airflow/example_dags/plugins/event_listener.py took 0.030 seconds
[2024-12-07T02:12:24.712-0300] {processor.py:186} INFO - Started process (PID=35991) to work on /home/crisu/miniconda3/envs/lab13.1/lib/python3.9/site-packages/airflow/example_dags/plugins/event_listener.py
[2024-12-07T02:12:24.713-0300] {processor.py:914} INFO - Processing file /home/crisu/miniconda3/envs/lab13.1/lib/python3.9/site-packages/airflow/example_dags/plugins/event_listener.py for tasks to queue
[2024-12-07T02:12:24.715-0300] {logging_mixin.py:190} INFO - [2024-12-07T02:12:24.715-0300] {dagbag.py:588} INFO - Filling up the DagBag from /home/crisu/miniconda3/envs/lab13.1/lib/python3.9/site-packages/airflow/example_dags/plugins/event_listener.py
[2024-12-07T02:12:24.718-0300] {processor.py:927} WARNING - No viable dags retrieved from /home/crisu/miniconda3/envs/lab13.1/lib/python3.9/site-packages/airflow/example_dags/plugins/event_listener.py
[2024-12-07T02:12:24.731-0300] {processor.py:208} INFO - Processing /home/crisu/miniconda3/envs/lab13.1/lib/python3.9/site-packages/airflow/example_dags/plugins/event_listener.py took 0.028 seconds
[2024-12-07T02:13:50.906-0300] {processor.py:186} INFO - Started process (PID=36191) to work on /home/crisu/miniconda3/envs/lab13.1/lib/python3.9/site-packages/airflow/example_dags/plugins/event_listener.py
[2024-12-07T02:13:50.949-0300] {processor.py:914} INFO - Processing file /home/crisu/miniconda3/envs/lab13.1/lib/python3.9/site-packages/airflow/example_dags/plugins/event_listener.py for tasks to queue
[2024-12-07T02:13:50.951-0300] {logging_mixin.py:190} INFO - [2024-12-07T02:13:50.951-0300] {dagbag.py:588} INFO - Filling up the DagBag from /home/crisu/miniconda3/envs/lab13.1/lib/python3.9/site-packages/airflow/example_dags/plugins/event_listener.py
[2024-12-07T02:13:50.953-0300] {processor.py:927} WARNING - No viable dags retrieved from /home/crisu/miniconda3/envs/lab13.1/lib/python3.9/site-packages/airflow/example_dags/plugins/event_listener.py
[2024-12-07T02:13:50.963-0300] {processor.py:208} INFO - Processing /home/crisu/miniconda3/envs/lab13.1/lib/python3.9/site-packages/airflow/example_dags/plugins/event_listener.py took 0.064 seconds
[2024-12-07T02:14:39.495-0300] {processor.py:186} INFO - Started process (PID=36295) to work on /home/crisu/miniconda3/envs/lab13.1/lib/python3.9/site-packages/airflow/example_dags/plugins/event_listener.py
[2024-12-07T02:14:39.518-0300] {processor.py:914} INFO - Processing file /home/crisu/miniconda3/envs/lab13.1/lib/python3.9/site-packages/airflow/example_dags/plugins/event_listener.py for tasks to queue
[2024-12-07T02:14:39.520-0300] {logging_mixin.py:190} INFO - [2024-12-07T02:14:39.520-0300] {dagbag.py:588} INFO - Filling up the DagBag from /home/crisu/miniconda3/envs/lab13.1/lib/python3.9/site-packages/airflow/example_dags/plugins/event_listener.py
[2024-12-07T02:14:39.522-0300] {processor.py:927} WARNING - No viable dags retrieved from /home/crisu/miniconda3/envs/lab13.1/lib/python3.9/site-packages/airflow/example_dags/plugins/event_listener.py
[2024-12-07T02:14:39.532-0300] {processor.py:208} INFO - Processing /home/crisu/miniconda3/envs/lab13.1/lib/python3.9/site-packages/airflow/example_dags/plugins/event_listener.py took 0.044 seconds
[2024-12-07T02:15:58.809-0300] {processor.py:186} INFO - Started process (PID=36445) to work on /home/crisu/miniconda3/envs/lab13.1/lib/python3.9/site-packages/airflow/example_dags/plugins/event_listener.py
[2024-12-07T02:15:58.822-0300] {processor.py:914} INFO - Processing file /home/crisu/miniconda3/envs/lab13.1/lib/python3.9/site-packages/airflow/example_dags/plugins/event_listener.py for tasks to queue
[2024-12-07T02:15:58.824-0300] {logging_mixin.py:190} INFO - [2024-12-07T02:15:58.824-0300] {dagbag.py:588} INFO - Filling up the DagBag from /home/crisu/miniconda3/envs/lab13.1/lib/python3.9/site-packages/airflow/example_dags/plugins/event_listener.py
[2024-12-07T02:15:58.826-0300] {processor.py:927} WARNING - No viable dags retrieved from /home/crisu/miniconda3/envs/lab13.1/lib/python3.9/site-packages/airflow/example_dags/plugins/event_listener.py
[2024-12-07T02:15:58.835-0300] {processor.py:208} INFO - Processing /home/crisu/miniconda3/envs/lab13.1/lib/python3.9/site-packages/airflow/example_dags/plugins/event_listener.py took 0.033 seconds
[2024-12-07T02:16:50.123-0300] {processor.py:186} INFO - Started process (PID=36510) to work on /home/crisu/miniconda3/envs/lab13.1/lib/python3.9/site-packages/airflow/example_dags/plugins/event_listener.py
[2024-12-07T02:16:50.248-0300] {processor.py:914} INFO - Processing file /home/crisu/miniconda3/envs/lab13.1/lib/python3.9/site-packages/airflow/example_dags/plugins/event_listener.py for tasks to queue
[2024-12-07T02:16:50.250-0300] {logging_mixin.py:190} INFO - [2024-12-07T02:16:50.250-0300] {dagbag.py:588} INFO - Filling up the DagBag from /home/crisu/miniconda3/envs/lab13.1/lib/python3.9/site-packages/airflow/example_dags/plugins/event_listener.py
[2024-12-07T02:16:50.252-0300] {processor.py:927} WARNING - No viable dags retrieved from /home/crisu/miniconda3/envs/lab13.1/lib/python3.9/site-packages/airflow/example_dags/plugins/event_listener.py
[2024-12-07T02:16:50.261-0300] {processor.py:208} INFO - Processing /home/crisu/miniconda3/envs/lab13.1/lib/python3.9/site-packages/airflow/example_dags/plugins/event_listener.py took 0.145 seconds
[2024-12-07T02:17:35.259-0300] {processor.py:186} INFO - Started process (PID=36586) to work on /home/crisu/miniconda3/envs/lab13.1/lib/python3.9/site-packages/airflow/example_dags/plugins/event_listener.py
[2024-12-07T02:17:35.357-0300] {processor.py:914} INFO - Processing file /home/crisu/miniconda3/envs/lab13.1/lib/python3.9/site-packages/airflow/example_dags/plugins/event_listener.py for tasks to queue
[2024-12-07T02:17:35.359-0300] {logging_mixin.py:190} INFO - [2024-12-07T02:17:35.359-0300] {dagbag.py:588} INFO - Filling up the DagBag from /home/crisu/miniconda3/envs/lab13.1/lib/python3.9/site-packages/airflow/example_dags/plugins/event_listener.py
[2024-12-07T02:17:35.361-0300] {processor.py:927} WARNING - No viable dags retrieved from /home/crisu/miniconda3/envs/lab13.1/lib/python3.9/site-packages/airflow/example_dags/plugins/event_listener.py
[2024-12-07T02:17:35.370-0300] {processor.py:208} INFO - Processing /home/crisu/miniconda3/envs/lab13.1/lib/python3.9/site-packages/airflow/example_dags/plugins/event_listener.py took 0.118 seconds
[2024-12-07T02:18:19.455-0300] {processor.py:186} INFO - Started process (PID=36658) to work on /home/crisu/miniconda3/envs/lab13.1/lib/python3.9/site-packages/airflow/example_dags/plugins/event_listener.py
[2024-12-07T02:18:19.459-0300] {processor.py:914} INFO - Processing file /home/crisu/miniconda3/envs/lab13.1/lib/python3.9/site-packages/airflow/example_dags/plugins/event_listener.py for tasks to queue
[2024-12-07T02:18:19.461-0300] {logging_mixin.py:190} INFO - [2024-12-07T02:18:19.461-0300] {dagbag.py:588} INFO - Filling up the DagBag from /home/crisu/miniconda3/envs/lab13.1/lib/python3.9/site-packages/airflow/example_dags/plugins/event_listener.py
[2024-12-07T02:18:19.463-0300] {processor.py:927} WARNING - No viable dags retrieved from /home/crisu/miniconda3/envs/lab13.1/lib/python3.9/site-packages/airflow/example_dags/plugins/event_listener.py
[2024-12-07T02:18:19.472-0300] {processor.py:208} INFO - Processing /home/crisu/miniconda3/envs/lab13.1/lib/python3.9/site-packages/airflow/example_dags/plugins/event_listener.py took 0.025 seconds
[2024-12-07T02:30:38.857-0300] {processor.py:186} INFO - Started process (PID=37844) to work on /home/crisu/miniconda3/envs/lab13.1/lib/python3.9/site-packages/airflow/example_dags/plugins/event_listener.py
[2024-12-07T02:30:38.859-0300] {processor.py:914} INFO - Processing file /home/crisu/miniconda3/envs/lab13.1/lib/python3.9/site-packages/airflow/example_dags/plugins/event_listener.py for tasks to queue
[2024-12-07T02:30:38.862-0300] {logging_mixin.py:190} INFO - [2024-12-07T02:30:38.862-0300] {dagbag.py:588} INFO - Filling up the DagBag from /home/crisu/miniconda3/envs/lab13.1/lib/python3.9/site-packages/airflow/example_dags/plugins/event_listener.py
[2024-12-07T02:30:38.865-0300] {processor.py:927} WARNING - No viable dags retrieved from /home/crisu/miniconda3/envs/lab13.1/lib/python3.9/site-packages/airflow/example_dags/plugins/event_listener.py
[2024-12-07T02:30:38.875-0300] {processor.py:208} INFO - Processing /home/crisu/miniconda3/envs/lab13.1/lib/python3.9/site-packages/airflow/example_dags/plugins/event_listener.py took 0.026 seconds
[2024-12-07T02:33:16.435-0300] {processor.py:186} INFO - Started process (PID=38131) to work on /home/crisu/miniconda3/envs/lab13.1/lib/python3.9/site-packages/airflow/example_dags/plugins/event_listener.py
[2024-12-07T02:33:16.436-0300] {processor.py:914} INFO - Processing file /home/crisu/miniconda3/envs/lab13.1/lib/python3.9/site-packages/airflow/example_dags/plugins/event_listener.py for tasks to queue
[2024-12-07T02:33:16.438-0300] {logging_mixin.py:190} INFO - [2024-12-07T02:33:16.438-0300] {dagbag.py:588} INFO - Filling up the DagBag from /home/crisu/miniconda3/envs/lab13.1/lib/python3.9/site-packages/airflow/example_dags/plugins/event_listener.py
[2024-12-07T02:33:16.441-0300] {processor.py:927} WARNING - No viable dags retrieved from /home/crisu/miniconda3/envs/lab13.1/lib/python3.9/site-packages/airflow/example_dags/plugins/event_listener.py
[2024-12-07T02:33:16.450-0300] {processor.py:208} INFO - Processing /home/crisu/miniconda3/envs/lab13.1/lib/python3.9/site-packages/airflow/example_dags/plugins/event_listener.py took 0.020 seconds
[2024-12-07T02:34:44.518-0300] {processor.py:186} INFO - Started process (PID=38339) to work on /home/crisu/miniconda3/envs/lab13.1/lib/python3.9/site-packages/airflow/example_dags/plugins/event_listener.py
[2024-12-07T02:34:44.526-0300] {processor.py:914} INFO - Processing file /home/crisu/miniconda3/envs/lab13.1/lib/python3.9/site-packages/airflow/example_dags/plugins/event_listener.py for tasks to queue
[2024-12-07T02:34:44.528-0300] {logging_mixin.py:190} INFO - [2024-12-07T02:34:44.528-0300] {dagbag.py:588} INFO - Filling up the DagBag from /home/crisu/miniconda3/envs/lab13.1/lib/python3.9/site-packages/airflow/example_dags/plugins/event_listener.py
[2024-12-07T02:34:44.530-0300] {processor.py:927} WARNING - No viable dags retrieved from /home/crisu/miniconda3/envs/lab13.1/lib/python3.9/site-packages/airflow/example_dags/plugins/event_listener.py
[2024-12-07T02:34:44.540-0300] {processor.py:208} INFO - Processing /home/crisu/miniconda3/envs/lab13.1/lib/python3.9/site-packages/airflow/example_dags/plugins/event_listener.py took 0.028 seconds
[2024-12-07T02:36:48.488-0300] {processor.py:186} INFO - Started process (PID=38587) to work on /home/crisu/miniconda3/envs/lab13.1/lib/python3.9/site-packages/airflow/example_dags/plugins/event_listener.py
[2024-12-07T02:36:48.500-0300] {processor.py:914} INFO - Processing file /home/crisu/miniconda3/envs/lab13.1/lib/python3.9/site-packages/airflow/example_dags/plugins/event_listener.py for tasks to queue
[2024-12-07T02:36:48.502-0300] {logging_mixin.py:190} INFO - [2024-12-07T02:36:48.502-0300] {dagbag.py:588} INFO - Filling up the DagBag from /home/crisu/miniconda3/envs/lab13.1/lib/python3.9/site-packages/airflow/example_dags/plugins/event_listener.py
[2024-12-07T02:36:48.505-0300] {processor.py:927} WARNING - No viable dags retrieved from /home/crisu/miniconda3/envs/lab13.1/lib/python3.9/site-packages/airflow/example_dags/plugins/event_listener.py
[2024-12-07T02:36:48.516-0300] {processor.py:208} INFO - Processing /home/crisu/miniconda3/envs/lab13.1/lib/python3.9/site-packages/airflow/example_dags/plugins/event_listener.py took 0.034 seconds
[2024-12-07T02:38:20.198-0300] {processor.py:186} INFO - Started process (PID=38734) to work on /home/crisu/miniconda3/envs/lab13.1/lib/python3.9/site-packages/airflow/example_dags/plugins/event_listener.py
[2024-12-07T02:38:20.233-0300] {processor.py:914} INFO - Processing file /home/crisu/miniconda3/envs/lab13.1/lib/python3.9/site-packages/airflow/example_dags/plugins/event_listener.py for tasks to queue
[2024-12-07T02:38:20.236-0300] {logging_mixin.py:190} INFO - [2024-12-07T02:38:20.235-0300] {dagbag.py:588} INFO - Filling up the DagBag from /home/crisu/miniconda3/envs/lab13.1/lib/python3.9/site-packages/airflow/example_dags/plugins/event_listener.py
[2024-12-07T02:38:20.239-0300] {processor.py:927} WARNING - No viable dags retrieved from /home/crisu/miniconda3/envs/lab13.1/lib/python3.9/site-packages/airflow/example_dags/plugins/event_listener.py
[2024-12-07T02:38:20.250-0300] {processor.py:208} INFO - Processing /home/crisu/miniconda3/envs/lab13.1/lib/python3.9/site-packages/airflow/example_dags/plugins/event_listener.py took 0.059 seconds
[2024-12-07T02:40:07.160-0300] {processor.py:186} INFO - Started process (PID=38850) to work on /home/crisu/miniconda3/envs/lab13.1/lib/python3.9/site-packages/airflow/example_dags/plugins/event_listener.py
[2024-12-07T02:40:07.207-0300] {processor.py:914} INFO - Processing file /home/crisu/miniconda3/envs/lab13.1/lib/python3.9/site-packages/airflow/example_dags/plugins/event_listener.py for tasks to queue
[2024-12-07T02:40:07.209-0300] {logging_mixin.py:190} INFO - [2024-12-07T02:40:07.209-0300] {dagbag.py:588} INFO - Filling up the DagBag from /home/crisu/miniconda3/envs/lab13.1/lib/python3.9/site-packages/airflow/example_dags/plugins/event_listener.py
[2024-12-07T02:40:07.211-0300] {processor.py:927} WARNING - No viable dags retrieved from /home/crisu/miniconda3/envs/lab13.1/lib/python3.9/site-packages/airflow/example_dags/plugins/event_listener.py
[2024-12-07T02:40:07.220-0300] {processor.py:208} INFO - Processing /home/crisu/miniconda3/envs/lab13.1/lib/python3.9/site-packages/airflow/example_dags/plugins/event_listener.py took 0.065 seconds
[2024-12-07T02:40:59.716-0300] {processor.py:186} INFO - Started process (PID=38951) to work on /home/crisu/miniconda3/envs/lab13.1/lib/python3.9/site-packages/airflow/example_dags/plugins/event_listener.py
[2024-12-07T02:40:59.728-0300] {processor.py:914} INFO - Processing file /home/crisu/miniconda3/envs/lab13.1/lib/python3.9/site-packages/airflow/example_dags/plugins/event_listener.py for tasks to queue
[2024-12-07T02:40:59.730-0300] {logging_mixin.py:190} INFO - [2024-12-07T02:40:59.729-0300] {dagbag.py:588} INFO - Filling up the DagBag from /home/crisu/miniconda3/envs/lab13.1/lib/python3.9/site-packages/airflow/example_dags/plugins/event_listener.py
[2024-12-07T02:40:59.732-0300] {processor.py:927} WARNING - No viable dags retrieved from /home/crisu/miniconda3/envs/lab13.1/lib/python3.9/site-packages/airflow/example_dags/plugins/event_listener.py
[2024-12-07T02:40:59.743-0300] {processor.py:208} INFO - Processing /home/crisu/miniconda3/envs/lab13.1/lib/python3.9/site-packages/airflow/example_dags/plugins/event_listener.py took 0.032 seconds
[2024-12-07T02:41:35.923-0300] {processor.py:186} INFO - Started process (PID=39006) to work on /home/crisu/miniconda3/envs/lab13.1/lib/python3.9/site-packages/airflow/example_dags/plugins/event_listener.py
[2024-12-07T02:41:35.934-0300] {processor.py:914} INFO - Processing file /home/crisu/miniconda3/envs/lab13.1/lib/python3.9/site-packages/airflow/example_dags/plugins/event_listener.py for tasks to queue
[2024-12-07T02:41:35.936-0300] {logging_mixin.py:190} INFO - [2024-12-07T02:41:35.936-0300] {dagbag.py:588} INFO - Filling up the DagBag from /home/crisu/miniconda3/envs/lab13.1/lib/python3.9/site-packages/airflow/example_dags/plugins/event_listener.py
[2024-12-07T02:41:35.938-0300] {processor.py:927} WARNING - No viable dags retrieved from /home/crisu/miniconda3/envs/lab13.1/lib/python3.9/site-packages/airflow/example_dags/plugins/event_listener.py
[2024-12-07T02:41:35.947-0300] {processor.py:208} INFO - Processing /home/crisu/miniconda3/envs/lab13.1/lib/python3.9/site-packages/airflow/example_dags/plugins/event_listener.py took 0.029 seconds
[2024-12-07T02:42:12.844-0300] {processor.py:186} INFO - Started process (PID=39082) to work on /home/crisu/miniconda3/envs/lab13.1/lib/python3.9/site-packages/airflow/example_dags/plugins/event_listener.py
[2024-12-07T02:42:12.856-0300] {processor.py:914} INFO - Processing file /home/crisu/miniconda3/envs/lab13.1/lib/python3.9/site-packages/airflow/example_dags/plugins/event_listener.py for tasks to queue
[2024-12-07T02:42:12.858-0300] {logging_mixin.py:190} INFO - [2024-12-07T02:42:12.857-0300] {dagbag.py:588} INFO - Filling up the DagBag from /home/crisu/miniconda3/envs/lab13.1/lib/python3.9/site-packages/airflow/example_dags/plugins/event_listener.py
[2024-12-07T02:42:12.860-0300] {processor.py:927} WARNING - No viable dags retrieved from /home/crisu/miniconda3/envs/lab13.1/lib/python3.9/site-packages/airflow/example_dags/plugins/event_listener.py
[2024-12-07T02:42:12.869-0300] {processor.py:208} INFO - Processing /home/crisu/miniconda3/envs/lab13.1/lib/python3.9/site-packages/airflow/example_dags/plugins/event_listener.py took 0.031 seconds
[2024-12-07T02:42:56.782-0300] {processor.py:186} INFO - Started process (PID=39214) to work on /home/crisu/miniconda3/envs/lab13.1/lib/python3.9/site-packages/airflow/example_dags/plugins/event_listener.py
[2024-12-07T02:42:56.783-0300] {processor.py:914} INFO - Processing file /home/crisu/miniconda3/envs/lab13.1/lib/python3.9/site-packages/airflow/example_dags/plugins/event_listener.py for tasks to queue
[2024-12-07T02:42:56.785-0300] {logging_mixin.py:190} INFO - [2024-12-07T02:42:56.784-0300] {dagbag.py:588} INFO - Filling up the DagBag from /home/crisu/miniconda3/envs/lab13.1/lib/python3.9/site-packages/airflow/example_dags/plugins/event_listener.py
[2024-12-07T02:42:56.787-0300] {processor.py:927} WARNING - No viable dags retrieved from /home/crisu/miniconda3/envs/lab13.1/lib/python3.9/site-packages/airflow/example_dags/plugins/event_listener.py
[2024-12-07T02:42:56.796-0300] {processor.py:208} INFO - Processing /home/crisu/miniconda3/envs/lab13.1/lib/python3.9/site-packages/airflow/example_dags/plugins/event_listener.py took 0.020 seconds
[2024-12-07T02:44:22.293-0300] {processor.py:186} INFO - Started process (PID=39662) to work on /home/crisu/miniconda3/envs/lab13.1/lib/python3.9/site-packages/airflow/example_dags/plugins/event_listener.py
[2024-12-07T02:44:22.521-0300] {processor.py:914} INFO - Processing file /home/crisu/miniconda3/envs/lab13.1/lib/python3.9/site-packages/airflow/example_dags/plugins/event_listener.py for tasks to queue
[2024-12-07T02:44:22.523-0300] {logging_mixin.py:190} INFO - [2024-12-07T02:44:22.523-0300] {dagbag.py:588} INFO - Filling up the DagBag from /home/crisu/miniconda3/envs/lab13.1/lib/python3.9/site-packages/airflow/example_dags/plugins/event_listener.py
[2024-12-07T02:44:22.525-0300] {processor.py:927} WARNING - No viable dags retrieved from /home/crisu/miniconda3/envs/lab13.1/lib/python3.9/site-packages/airflow/example_dags/plugins/event_listener.py
[2024-12-07T02:44:22.536-0300] {processor.py:208} INFO - Processing /home/crisu/miniconda3/envs/lab13.1/lib/python3.9/site-packages/airflow/example_dags/plugins/event_listener.py took 0.248 seconds
[2024-12-07T02:45:37.318-0300] {processor.py:186} INFO - Started process (PID=39816) to work on /home/crisu/miniconda3/envs/lab13.1/lib/python3.9/site-packages/airflow/example_dags/plugins/event_listener.py
[2024-12-07T02:45:37.327-0300] {processor.py:914} INFO - Processing file /home/crisu/miniconda3/envs/lab13.1/lib/python3.9/site-packages/airflow/example_dags/plugins/event_listener.py for tasks to queue
[2024-12-07T02:45:37.329-0300] {logging_mixin.py:190} INFO - [2024-12-07T02:45:37.329-0300] {dagbag.py:588} INFO - Filling up the DagBag from /home/crisu/miniconda3/envs/lab13.1/lib/python3.9/site-packages/airflow/example_dags/plugins/event_listener.py
[2024-12-07T02:45:37.331-0300] {processor.py:927} WARNING - No viable dags retrieved from /home/crisu/miniconda3/envs/lab13.1/lib/python3.9/site-packages/airflow/example_dags/plugins/event_listener.py
[2024-12-07T02:45:37.341-0300] {processor.py:208} INFO - Processing /home/crisu/miniconda3/envs/lab13.1/lib/python3.9/site-packages/airflow/example_dags/plugins/event_listener.py took 0.028 seconds
[2024-12-07T02:46:08.692-0300] {processor.py:186} INFO - Started process (PID=39970) to work on /home/crisu/miniconda3/envs/lab13.1/lib/python3.9/site-packages/airflow/example_dags/plugins/event_listener.py
[2024-12-07T02:46:08.693-0300] {processor.py:914} INFO - Processing file /home/crisu/miniconda3/envs/lab13.1/lib/python3.9/site-packages/airflow/example_dags/plugins/event_listener.py for tasks to queue
[2024-12-07T02:46:08.694-0300] {logging_mixin.py:190} INFO - [2024-12-07T02:46:08.694-0300] {dagbag.py:588} INFO - Filling up the DagBag from /home/crisu/miniconda3/envs/lab13.1/lib/python3.9/site-packages/airflow/example_dags/plugins/event_listener.py
[2024-12-07T02:46:08.697-0300] {processor.py:927} WARNING - No viable dags retrieved from /home/crisu/miniconda3/envs/lab13.1/lib/python3.9/site-packages/airflow/example_dags/plugins/event_listener.py
[2024-12-07T02:46:08.706-0300] {processor.py:208} INFO - Processing /home/crisu/miniconda3/envs/lab13.1/lib/python3.9/site-packages/airflow/example_dags/plugins/event_listener.py took 0.020 seconds
[2024-12-07T02:47:17.319-0300] {processor.py:186} INFO - Started process (PID=40191) to work on /home/crisu/miniconda3/envs/lab13.1/lib/python3.9/site-packages/airflow/example_dags/plugins/event_listener.py
[2024-12-07T02:47:17.451-0300] {processor.py:914} INFO - Processing file /home/crisu/miniconda3/envs/lab13.1/lib/python3.9/site-packages/airflow/example_dags/plugins/event_listener.py for tasks to queue
[2024-12-07T02:47:17.453-0300] {logging_mixin.py:190} INFO - [2024-12-07T02:47:17.452-0300] {dagbag.py:588} INFO - Filling up the DagBag from /home/crisu/miniconda3/envs/lab13.1/lib/python3.9/site-packages/airflow/example_dags/plugins/event_listener.py
[2024-12-07T02:47:17.455-0300] {processor.py:927} WARNING - No viable dags retrieved from /home/crisu/miniconda3/envs/lab13.1/lib/python3.9/site-packages/airflow/example_dags/plugins/event_listener.py
[2024-12-07T02:47:17.466-0300] {processor.py:208} INFO - Processing /home/crisu/miniconda3/envs/lab13.1/lib/python3.9/site-packages/airflow/example_dags/plugins/event_listener.py took 0.152 seconds
[2024-12-07T02:48:39.074-0300] {processor.py:186} INFO - Started process (PID=40408) to work on /home/crisu/miniconda3/envs/lab13.1/lib/python3.9/site-packages/airflow/example_dags/plugins/event_listener.py
[2024-12-07T02:48:39.115-0300] {processor.py:914} INFO - Processing file /home/crisu/miniconda3/envs/lab13.1/lib/python3.9/site-packages/airflow/example_dags/plugins/event_listener.py for tasks to queue
[2024-12-07T02:48:39.117-0300] {logging_mixin.py:190} INFO - [2024-12-07T02:48:39.116-0300] {dagbag.py:588} INFO - Filling up the DagBag from /home/crisu/miniconda3/envs/lab13.1/lib/python3.9/site-packages/airflow/example_dags/plugins/event_listener.py
[2024-12-07T02:48:39.119-0300] {processor.py:927} WARNING - No viable dags retrieved from /home/crisu/miniconda3/envs/lab13.1/lib/python3.9/site-packages/airflow/example_dags/plugins/event_listener.py
[2024-12-07T02:48:39.128-0300] {processor.py:208} INFO - Processing /home/crisu/miniconda3/envs/lab13.1/lib/python3.9/site-packages/airflow/example_dags/plugins/event_listener.py took 0.059 seconds
[2024-12-07T02:49:45.014-0300] {processor.py:186} INFO - Started process (PID=40654) to work on /home/crisu/miniconda3/envs/lab13.1/lib/python3.9/site-packages/airflow/example_dags/plugins/event_listener.py
[2024-12-07T02:49:45.016-0300] {processor.py:914} INFO - Processing file /home/crisu/miniconda3/envs/lab13.1/lib/python3.9/site-packages/airflow/example_dags/plugins/event_listener.py for tasks to queue
[2024-12-07T02:49:45.017-0300] {logging_mixin.py:190} INFO - [2024-12-07T02:49:45.017-0300] {dagbag.py:588} INFO - Filling up the DagBag from /home/crisu/miniconda3/envs/lab13.1/lib/python3.9/site-packages/airflow/example_dags/plugins/event_listener.py
[2024-12-07T02:49:45.020-0300] {processor.py:927} WARNING - No viable dags retrieved from /home/crisu/miniconda3/envs/lab13.1/lib/python3.9/site-packages/airflow/example_dags/plugins/event_listener.py
[2024-12-07T02:49:45.029-0300] {processor.py:208} INFO - Processing /home/crisu/miniconda3/envs/lab13.1/lib/python3.9/site-packages/airflow/example_dags/plugins/event_listener.py took 0.019 seconds
[2024-12-07T02:50:58.273-0300] {processor.py:186} INFO - Started process (PID=40935) to work on /home/crisu/miniconda3/envs/lab13.1/lib/python3.9/site-packages/airflow/example_dags/plugins/event_listener.py
[2024-12-07T02:50:58.290-0300] {processor.py:914} INFO - Processing file /home/crisu/miniconda3/envs/lab13.1/lib/python3.9/site-packages/airflow/example_dags/plugins/event_listener.py for tasks to queue
[2024-12-07T02:50:58.293-0300] {logging_mixin.py:190} INFO - [2024-12-07T02:50:58.292-0300] {dagbag.py:588} INFO - Filling up the DagBag from /home/crisu/miniconda3/envs/lab13.1/lib/python3.9/site-packages/airflow/example_dags/plugins/event_listener.py
[2024-12-07T02:50:58.299-0300] {processor.py:927} WARNING - No viable dags retrieved from /home/crisu/miniconda3/envs/lab13.1/lib/python3.9/site-packages/airflow/example_dags/plugins/event_listener.py
[2024-12-07T02:50:58.318-0300] {processor.py:208} INFO - Processing /home/crisu/miniconda3/envs/lab13.1/lib/python3.9/site-packages/airflow/example_dags/plugins/event_listener.py took 0.057 seconds
[2024-12-07T02:54:45.663-0300] {processor.py:186} INFO - Started process (PID=41358) to work on /home/crisu/miniconda3/envs/lab13.1/lib/python3.9/site-packages/airflow/example_dags/plugins/event_listener.py
[2024-12-07T02:54:45.692-0300] {processor.py:914} INFO - Processing file /home/crisu/miniconda3/envs/lab13.1/lib/python3.9/site-packages/airflow/example_dags/plugins/event_listener.py for tasks to queue
[2024-12-07T02:54:45.694-0300] {logging_mixin.py:190} INFO - [2024-12-07T02:54:45.693-0300] {dagbag.py:588} INFO - Filling up the DagBag from /home/crisu/miniconda3/envs/lab13.1/lib/python3.9/site-packages/airflow/example_dags/plugins/event_listener.py
[2024-12-07T02:54:45.696-0300] {processor.py:927} WARNING - No viable dags retrieved from /home/crisu/miniconda3/envs/lab13.1/lib/python3.9/site-packages/airflow/example_dags/plugins/event_listener.py
[2024-12-07T02:54:45.705-0300] {processor.py:208} INFO - Processing /home/crisu/miniconda3/envs/lab13.1/lib/python3.9/site-packages/airflow/example_dags/plugins/event_listener.py took 0.047 seconds
[2024-12-07T03:19:08.708-0300] {processor.py:186} INFO - Started process (PID=42576) to work on /home/crisu/miniconda3/envs/lab13.1/lib/python3.9/site-packages/airflow/example_dags/plugins/event_listener.py
[2024-12-07T03:19:08.733-0300] {processor.py:914} INFO - Processing file /home/crisu/miniconda3/envs/lab13.1/lib/python3.9/site-packages/airflow/example_dags/plugins/event_listener.py for tasks to queue
[2024-12-07T03:19:08.734-0300] {logging_mixin.py:190} INFO - [2024-12-07T03:19:08.734-0300] {dagbag.py:588} INFO - Filling up the DagBag from /home/crisu/miniconda3/envs/lab13.1/lib/python3.9/site-packages/airflow/example_dags/plugins/event_listener.py
[2024-12-07T03:19:08.736-0300] {processor.py:927} WARNING - No viable dags retrieved from /home/crisu/miniconda3/envs/lab13.1/lib/python3.9/site-packages/airflow/example_dags/plugins/event_listener.py
[2024-12-07T03:19:08.745-0300] {processor.py:208} INFO - Processing /home/crisu/miniconda3/envs/lab13.1/lib/python3.9/site-packages/airflow/example_dags/plugins/event_listener.py took 0.042 seconds
[2024-12-07T03:22:40.567-0300] {processor.py:186} INFO - Started process (PID=42807) to work on /home/crisu/miniconda3/envs/lab13.1/lib/python3.9/site-packages/airflow/example_dags/plugins/event_listener.py
[2024-12-07T03:22:40.618-0300] {processor.py:914} INFO - Processing file /home/crisu/miniconda3/envs/lab13.1/lib/python3.9/site-packages/airflow/example_dags/plugins/event_listener.py for tasks to queue
[2024-12-07T03:22:40.619-0300] {logging_mixin.py:190} INFO - [2024-12-07T03:22:40.619-0300] {dagbag.py:588} INFO - Filling up the DagBag from /home/crisu/miniconda3/envs/lab13.1/lib/python3.9/site-packages/airflow/example_dags/plugins/event_listener.py
[2024-12-07T03:22:40.621-0300] {processor.py:927} WARNING - No viable dags retrieved from /home/crisu/miniconda3/envs/lab13.1/lib/python3.9/site-packages/airflow/example_dags/plugins/event_listener.py
[2024-12-07T03:22:40.630-0300] {processor.py:208} INFO - Processing /home/crisu/miniconda3/envs/lab13.1/lib/python3.9/site-packages/airflow/example_dags/plugins/event_listener.py took 0.069 seconds
[2024-12-07T03:26:01.414-0300] {processor.py:186} INFO - Started process (PID=43377) to work on /home/crisu/miniconda3/envs/lab13.1/lib/python3.9/site-packages/airflow/example_dags/plugins/event_listener.py
[2024-12-07T03:26:01.491-0300] {processor.py:914} INFO - Processing file /home/crisu/miniconda3/envs/lab13.1/lib/python3.9/site-packages/airflow/example_dags/plugins/event_listener.py for tasks to queue
[2024-12-07T03:26:01.492-0300] {logging_mixin.py:190} INFO - [2024-12-07T03:26:01.492-0300] {dagbag.py:588} INFO - Filling up the DagBag from /home/crisu/miniconda3/envs/lab13.1/lib/python3.9/site-packages/airflow/example_dags/plugins/event_listener.py
[2024-12-07T03:26:01.494-0300] {processor.py:927} WARNING - No viable dags retrieved from /home/crisu/miniconda3/envs/lab13.1/lib/python3.9/site-packages/airflow/example_dags/plugins/event_listener.py
[2024-12-07T03:26:02.334-0300] {processor.py:208} INFO - Processing /home/crisu/miniconda3/envs/lab13.1/lib/python3.9/site-packages/airflow/example_dags/plugins/event_listener.py took 0.925 seconds
[2024-12-07T03:29:08.580-0300] {processor.py:186} INFO - Started process (PID=43791) to work on /home/crisu/miniconda3/envs/lab13.1/lib/python3.9/site-packages/airflow/example_dags/plugins/event_listener.py
[2024-12-07T03:29:08.600-0300] {processor.py:914} INFO - Processing file /home/crisu/miniconda3/envs/lab13.1/lib/python3.9/site-packages/airflow/example_dags/plugins/event_listener.py for tasks to queue
[2024-12-07T03:29:08.602-0300] {logging_mixin.py:190} INFO - [2024-12-07T03:29:08.601-0300] {dagbag.py:588} INFO - Filling up the DagBag from /home/crisu/miniconda3/envs/lab13.1/lib/python3.9/site-packages/airflow/example_dags/plugins/event_listener.py
[2024-12-07T03:29:08.604-0300] {processor.py:927} WARNING - No viable dags retrieved from /home/crisu/miniconda3/envs/lab13.1/lib/python3.9/site-packages/airflow/example_dags/plugins/event_listener.py
[2024-12-07T03:29:08.612-0300] {processor.py:208} INFO - Processing /home/crisu/miniconda3/envs/lab13.1/lib/python3.9/site-packages/airflow/example_dags/plugins/event_listener.py took 0.038 seconds
[2024-12-07T03:31:52.649-0300] {processor.py:186} INFO - Started process (PID=44074) to work on /home/crisu/miniconda3/envs/lab13.1/lib/python3.9/site-packages/airflow/example_dags/plugins/event_listener.py
[2024-12-07T03:31:52.673-0300] {processor.py:914} INFO - Processing file /home/crisu/miniconda3/envs/lab13.1/lib/python3.9/site-packages/airflow/example_dags/plugins/event_listener.py for tasks to queue
[2024-12-07T03:31:52.674-0300] {logging_mixin.py:190} INFO - [2024-12-07T03:31:52.674-0300] {dagbag.py:588} INFO - Filling up the DagBag from /home/crisu/miniconda3/envs/lab13.1/lib/python3.9/site-packages/airflow/example_dags/plugins/event_listener.py
[2024-12-07T03:31:52.676-0300] {processor.py:927} WARNING - No viable dags retrieved from /home/crisu/miniconda3/envs/lab13.1/lib/python3.9/site-packages/airflow/example_dags/plugins/event_listener.py
[2024-12-07T03:31:53.417-0300] {processor.py:208} INFO - Processing /home/crisu/miniconda3/envs/lab13.1/lib/python3.9/site-packages/airflow/example_dags/plugins/event_listener.py took 0.775 seconds
[2024-12-07T03:35:23.379-0300] {processor.py:186} INFO - Started process (PID=44701) to work on /home/crisu/miniconda3/envs/lab13.1/lib/python3.9/site-packages/airflow/example_dags/plugins/event_listener.py
[2024-12-07T03:35:23.380-0300] {processor.py:914} INFO - Processing file /home/crisu/miniconda3/envs/lab13.1/lib/python3.9/site-packages/airflow/example_dags/plugins/event_listener.py for tasks to queue
[2024-12-07T03:35:23.381-0300] {logging_mixin.py:190} INFO - [2024-12-07T03:35:23.381-0300] {dagbag.py:588} INFO - Filling up the DagBag from /home/crisu/miniconda3/envs/lab13.1/lib/python3.9/site-packages/airflow/example_dags/plugins/event_listener.py
[2024-12-07T03:35:23.384-0300] {processor.py:927} WARNING - No viable dags retrieved from /home/crisu/miniconda3/envs/lab13.1/lib/python3.9/site-packages/airflow/example_dags/plugins/event_listener.py
[2024-12-07T03:35:23.394-0300] {processor.py:208} INFO - Processing /home/crisu/miniconda3/envs/lab13.1/lib/python3.9/site-packages/airflow/example_dags/plugins/event_listener.py took 0.021 seconds
[2024-12-07T03:36:15.439-0300] {processor.py:186} INFO - Started process (PID=44824) to work on /home/crisu/miniconda3/envs/lab13.1/lib/python3.9/site-packages/airflow/example_dags/plugins/event_listener.py
[2024-12-07T03:36:15.495-0300] {processor.py:914} INFO - Processing file /home/crisu/miniconda3/envs/lab13.1/lib/python3.9/site-packages/airflow/example_dags/plugins/event_listener.py for tasks to queue
[2024-12-07T03:36:15.497-0300] {logging_mixin.py:190} INFO - [2024-12-07T03:36:15.497-0300] {dagbag.py:588} INFO - Filling up the DagBag from /home/crisu/miniconda3/envs/lab13.1/lib/python3.9/site-packages/airflow/example_dags/plugins/event_listener.py
[2024-12-07T03:36:15.500-0300] {processor.py:927} WARNING - No viable dags retrieved from /home/crisu/miniconda3/envs/lab13.1/lib/python3.9/site-packages/airflow/example_dags/plugins/event_listener.py
[2024-12-07T03:36:15.512-0300] {processor.py:208} INFO - Processing /home/crisu/miniconda3/envs/lab13.1/lib/python3.9/site-packages/airflow/example_dags/plugins/event_listener.py took 0.077 seconds
[2024-12-07T03:37:26.464-0300] {processor.py:186} INFO - Started process (PID=44928) to work on /home/crisu/miniconda3/envs/lab13.1/lib/python3.9/site-packages/airflow/example_dags/plugins/event_listener.py
[2024-12-07T03:37:26.469-0300] {processor.py:914} INFO - Processing file /home/crisu/miniconda3/envs/lab13.1/lib/python3.9/site-packages/airflow/example_dags/plugins/event_listener.py for tasks to queue
[2024-12-07T03:37:26.472-0300] {logging_mixin.py:190} INFO - [2024-12-07T03:37:26.471-0300] {dagbag.py:588} INFO - Filling up the DagBag from /home/crisu/miniconda3/envs/lab13.1/lib/python3.9/site-packages/airflow/example_dags/plugins/event_listener.py
[2024-12-07T03:37:26.475-0300] {processor.py:927} WARNING - No viable dags retrieved from /home/crisu/miniconda3/envs/lab13.1/lib/python3.9/site-packages/airflow/example_dags/plugins/event_listener.py
[2024-12-07T03:37:26.489-0300] {processor.py:208} INFO - Processing /home/crisu/miniconda3/envs/lab13.1/lib/python3.9/site-packages/airflow/example_dags/plugins/event_listener.py took 0.032 seconds
[2024-12-07T03:38:21.244-0300] {processor.py:186} INFO - Started process (PID=45022) to work on /home/crisu/miniconda3/envs/lab13.1/lib/python3.9/site-packages/airflow/example_dags/plugins/event_listener.py
[2024-12-07T03:38:21.248-0300] {processor.py:914} INFO - Processing file /home/crisu/miniconda3/envs/lab13.1/lib/python3.9/site-packages/airflow/example_dags/plugins/event_listener.py for tasks to queue
[2024-12-07T03:38:21.249-0300] {logging_mixin.py:190} INFO - [2024-12-07T03:38:21.249-0300] {dagbag.py:588} INFO - Filling up the DagBag from /home/crisu/miniconda3/envs/lab13.1/lib/python3.9/site-packages/airflow/example_dags/plugins/event_listener.py
[2024-12-07T03:38:21.251-0300] {processor.py:927} WARNING - No viable dags retrieved from /home/crisu/miniconda3/envs/lab13.1/lib/python3.9/site-packages/airflow/example_dags/plugins/event_listener.py
[2024-12-07T03:38:21.260-0300] {processor.py:208} INFO - Processing /home/crisu/miniconda3/envs/lab13.1/lib/python3.9/site-packages/airflow/example_dags/plugins/event_listener.py took 0.021 seconds
[2024-12-07T03:39:40.298-0300] {processor.py:186} INFO - Started process (PID=45184) to work on /home/crisu/miniconda3/envs/lab13.1/lib/python3.9/site-packages/airflow/example_dags/plugins/event_listener.py
[2024-12-07T03:39:40.309-0300] {processor.py:914} INFO - Processing file /home/crisu/miniconda3/envs/lab13.1/lib/python3.9/site-packages/airflow/example_dags/plugins/event_listener.py for tasks to queue
[2024-12-07T03:39:40.310-0300] {logging_mixin.py:190} INFO - [2024-12-07T03:39:40.310-0300] {dagbag.py:588} INFO - Filling up the DagBag from /home/crisu/miniconda3/envs/lab13.1/lib/python3.9/site-packages/airflow/example_dags/plugins/event_listener.py
[2024-12-07T03:39:40.313-0300] {processor.py:927} WARNING - No viable dags retrieved from /home/crisu/miniconda3/envs/lab13.1/lib/python3.9/site-packages/airflow/example_dags/plugins/event_listener.py
[2024-12-07T03:39:40.323-0300] {processor.py:208} INFO - Processing /home/crisu/miniconda3/envs/lab13.1/lib/python3.9/site-packages/airflow/example_dags/plugins/event_listener.py took 0.031 seconds
[2024-12-07T03:40:54.476-0300] {processor.py:186} INFO - Started process (PID=45327) to work on /home/crisu/miniconda3/envs/lab13.1/lib/python3.9/site-packages/airflow/example_dags/plugins/event_listener.py
[2024-12-07T03:40:54.483-0300] {processor.py:914} INFO - Processing file /home/crisu/miniconda3/envs/lab13.1/lib/python3.9/site-packages/airflow/example_dags/plugins/event_listener.py for tasks to queue
[2024-12-07T03:40:54.485-0300] {logging_mixin.py:190} INFO - [2024-12-07T03:40:54.484-0300] {dagbag.py:588} INFO - Filling up the DagBag from /home/crisu/miniconda3/envs/lab13.1/lib/python3.9/site-packages/airflow/example_dags/plugins/event_listener.py
[2024-12-07T03:40:54.487-0300] {processor.py:927} WARNING - No viable dags retrieved from /home/crisu/miniconda3/envs/lab13.1/lib/python3.9/site-packages/airflow/example_dags/plugins/event_listener.py
[2024-12-07T03:40:54.495-0300] {processor.py:208} INFO - Processing /home/crisu/miniconda3/envs/lab13.1/lib/python3.9/site-packages/airflow/example_dags/plugins/event_listener.py took 0.024 seconds
[2024-12-07T03:43:45.406-0300] {processor.py:186} INFO - Started process (PID=45813) to work on /home/crisu/miniconda3/envs/lab13.1/lib/python3.9/site-packages/airflow/example_dags/plugins/event_listener.py
[2024-12-07T03:43:45.428-0300] {processor.py:914} INFO - Processing file /home/crisu/miniconda3/envs/lab13.1/lib/python3.9/site-packages/airflow/example_dags/plugins/event_listener.py for tasks to queue
[2024-12-07T03:43:45.430-0300] {logging_mixin.py:190} INFO - [2024-12-07T03:43:45.430-0300] {dagbag.py:588} INFO - Filling up the DagBag from /home/crisu/miniconda3/envs/lab13.1/lib/python3.9/site-packages/airflow/example_dags/plugins/event_listener.py
[2024-12-07T03:43:45.432-0300] {processor.py:927} WARNING - No viable dags retrieved from /home/crisu/miniconda3/envs/lab13.1/lib/python3.9/site-packages/airflow/example_dags/plugins/event_listener.py
[2024-12-07T03:43:45.440-0300] {processor.py:208} INFO - Processing /home/crisu/miniconda3/envs/lab13.1/lib/python3.9/site-packages/airflow/example_dags/plugins/event_listener.py took 0.040 seconds
[2024-12-07T03:47:33.752-0300] {processor.py:186} INFO - Started process (PID=46575) to work on /home/crisu/miniconda3/envs/lab13.1/lib/python3.9/site-packages/airflow/example_dags/plugins/event_listener.py
[2024-12-07T03:47:33.797-0300] {processor.py:914} INFO - Processing file /home/crisu/miniconda3/envs/lab13.1/lib/python3.9/site-packages/airflow/example_dags/plugins/event_listener.py for tasks to queue
[2024-12-07T03:47:33.799-0300] {logging_mixin.py:190} INFO - [2024-12-07T03:47:33.799-0300] {dagbag.py:588} INFO - Filling up the DagBag from /home/crisu/miniconda3/envs/lab13.1/lib/python3.9/site-packages/airflow/example_dags/plugins/event_listener.py
[2024-12-07T03:47:33.801-0300] {processor.py:927} WARNING - No viable dags retrieved from /home/crisu/miniconda3/envs/lab13.1/lib/python3.9/site-packages/airflow/example_dags/plugins/event_listener.py
[2024-12-07T03:47:33.810-0300] {processor.py:208} INFO - Processing /home/crisu/miniconda3/envs/lab13.1/lib/python3.9/site-packages/airflow/example_dags/plugins/event_listener.py took 0.063 seconds
[2024-12-07T03:49:37.120-0300] {processor.py:186} INFO - Started process (PID=46867) to work on /home/crisu/miniconda3/envs/lab13.1/lib/python3.9/site-packages/airflow/example_dags/plugins/event_listener.py
[2024-12-07T03:49:37.134-0300] {processor.py:914} INFO - Processing file /home/crisu/miniconda3/envs/lab13.1/lib/python3.9/site-packages/airflow/example_dags/plugins/event_listener.py for tasks to queue
[2024-12-07T03:49:37.137-0300] {logging_mixin.py:190} INFO - [2024-12-07T03:49:37.136-0300] {dagbag.py:588} INFO - Filling up the DagBag from /home/crisu/miniconda3/envs/lab13.1/lib/python3.9/site-packages/airflow/example_dags/plugins/event_listener.py
[2024-12-07T03:49:37.139-0300] {processor.py:927} WARNING - No viable dags retrieved from /home/crisu/miniconda3/envs/lab13.1/lib/python3.9/site-packages/airflow/example_dags/plugins/event_listener.py
[2024-12-07T03:49:37.147-0300] {processor.py:208} INFO - Processing /home/crisu/miniconda3/envs/lab13.1/lib/python3.9/site-packages/airflow/example_dags/plugins/event_listener.py took 0.033 seconds
[2024-12-07T03:51:15.942-0300] {processor.py:186} INFO - Started process (PID=46985) to work on /home/crisu/miniconda3/envs/lab13.1/lib/python3.9/site-packages/airflow/example_dags/plugins/event_listener.py
[2024-12-07T03:51:15.948-0300] {processor.py:914} INFO - Processing file /home/crisu/miniconda3/envs/lab13.1/lib/python3.9/site-packages/airflow/example_dags/plugins/event_listener.py for tasks to queue
[2024-12-07T03:51:15.950-0300] {logging_mixin.py:190} INFO - [2024-12-07T03:51:15.950-0300] {dagbag.py:588} INFO - Filling up the DagBag from /home/crisu/miniconda3/envs/lab13.1/lib/python3.9/site-packages/airflow/example_dags/plugins/event_listener.py
[2024-12-07T03:51:15.952-0300] {processor.py:927} WARNING - No viable dags retrieved from /home/crisu/miniconda3/envs/lab13.1/lib/python3.9/site-packages/airflow/example_dags/plugins/event_listener.py
[2024-12-07T03:51:15.962-0300] {processor.py:208} INFO - Processing /home/crisu/miniconda3/envs/lab13.1/lib/python3.9/site-packages/airflow/example_dags/plugins/event_listener.py took 0.026 seconds
[2024-12-07T03:52:02.956-0300] {processor.py:186} INFO - Started process (PID=47046) to work on /home/crisu/miniconda3/envs/lab13.1/lib/python3.9/site-packages/airflow/example_dags/plugins/event_listener.py
[2024-12-07T03:52:02.964-0300] {processor.py:914} INFO - Processing file /home/crisu/miniconda3/envs/lab13.1/lib/python3.9/site-packages/airflow/example_dags/plugins/event_listener.py for tasks to queue
[2024-12-07T03:52:02.967-0300] {logging_mixin.py:190} INFO - [2024-12-07T03:52:02.966-0300] {dagbag.py:588} INFO - Filling up the DagBag from /home/crisu/miniconda3/envs/lab13.1/lib/python3.9/site-packages/airflow/example_dags/plugins/event_listener.py
[2024-12-07T03:52:02.969-0300] {processor.py:927} WARNING - No viable dags retrieved from /home/crisu/miniconda3/envs/lab13.1/lib/python3.9/site-packages/airflow/example_dags/plugins/event_listener.py
[2024-12-07T03:52:02.978-0300] {processor.py:208} INFO - Processing /home/crisu/miniconda3/envs/lab13.1/lib/python3.9/site-packages/airflow/example_dags/plugins/event_listener.py took 0.028 seconds
[2024-12-07T03:52:43.645-0300] {processor.py:186} INFO - Started process (PID=47132) to work on /home/crisu/miniconda3/envs/lab13.1/lib/python3.9/site-packages/airflow/example_dags/plugins/event_listener.py
[2024-12-07T03:52:43.648-0300] {processor.py:914} INFO - Processing file /home/crisu/miniconda3/envs/lab13.1/lib/python3.9/site-packages/airflow/example_dags/plugins/event_listener.py for tasks to queue
[2024-12-07T03:52:43.650-0300] {logging_mixin.py:190} INFO - [2024-12-07T03:52:43.650-0300] {dagbag.py:588} INFO - Filling up the DagBag from /home/crisu/miniconda3/envs/lab13.1/lib/python3.9/site-packages/airflow/example_dags/plugins/event_listener.py
[2024-12-07T03:52:43.653-0300] {processor.py:927} WARNING - No viable dags retrieved from /home/crisu/miniconda3/envs/lab13.1/lib/python3.9/site-packages/airflow/example_dags/plugins/event_listener.py
[2024-12-07T03:52:43.662-0300] {processor.py:208} INFO - Processing /home/crisu/miniconda3/envs/lab13.1/lib/python3.9/site-packages/airflow/example_dags/plugins/event_listener.py took 0.023 seconds
[2024-12-07T03:53:45.023-0300] {processor.py:186} INFO - Started process (PID=47261) to work on /home/crisu/miniconda3/envs/lab13.1/lib/python3.9/site-packages/airflow/example_dags/plugins/event_listener.py
[2024-12-07T03:53:45.057-0300] {processor.py:914} INFO - Processing file /home/crisu/miniconda3/envs/lab13.1/lib/python3.9/site-packages/airflow/example_dags/plugins/event_listener.py for tasks to queue
[2024-12-07T03:53:45.059-0300] {logging_mixin.py:190} INFO - [2024-12-07T03:53:45.059-0300] {dagbag.py:588} INFO - Filling up the DagBag from /home/crisu/miniconda3/envs/lab13.1/lib/python3.9/site-packages/airflow/example_dags/plugins/event_listener.py
[2024-12-07T03:53:45.061-0300] {processor.py:927} WARNING - No viable dags retrieved from /home/crisu/miniconda3/envs/lab13.1/lib/python3.9/site-packages/airflow/example_dags/plugins/event_listener.py
[2024-12-07T03:53:45.070-0300] {processor.py:208} INFO - Processing /home/crisu/miniconda3/envs/lab13.1/lib/python3.9/site-packages/airflow/example_dags/plugins/event_listener.py took 0.054 seconds
[2024-12-07T03:54:53.188-0300] {processor.py:186} INFO - Started process (PID=47363) to work on /home/crisu/miniconda3/envs/lab13.1/lib/python3.9/site-packages/airflow/example_dags/plugins/event_listener.py
[2024-12-07T03:54:53.192-0300] {processor.py:914} INFO - Processing file /home/crisu/miniconda3/envs/lab13.1/lib/python3.9/site-packages/airflow/example_dags/plugins/event_listener.py for tasks to queue
[2024-12-07T03:54:53.194-0300] {logging_mixin.py:190} INFO - [2024-12-07T03:54:53.193-0300] {dagbag.py:588} INFO - Filling up the DagBag from /home/crisu/miniconda3/envs/lab13.1/lib/python3.9/site-packages/airflow/example_dags/plugins/event_listener.py
[2024-12-07T03:54:53.196-0300] {processor.py:927} WARNING - No viable dags retrieved from /home/crisu/miniconda3/envs/lab13.1/lib/python3.9/site-packages/airflow/example_dags/plugins/event_listener.py
[2024-12-07T03:54:53.204-0300] {processor.py:208} INFO - Processing /home/crisu/miniconda3/envs/lab13.1/lib/python3.9/site-packages/airflow/example_dags/plugins/event_listener.py took 0.022 seconds
[2024-12-07T03:55:59.881-0300] {processor.py:186} INFO - Started process (PID=47535) to work on /home/crisu/miniconda3/envs/lab13.1/lib/python3.9/site-packages/airflow/example_dags/plugins/event_listener.py
[2024-12-07T03:55:59.898-0300] {processor.py:914} INFO - Processing file /home/crisu/miniconda3/envs/lab13.1/lib/python3.9/site-packages/airflow/example_dags/plugins/event_listener.py for tasks to queue
[2024-12-07T03:55:59.901-0300] {logging_mixin.py:190} INFO - [2024-12-07T03:55:59.900-0300] {dagbag.py:588} INFO - Filling up the DagBag from /home/crisu/miniconda3/envs/lab13.1/lib/python3.9/site-packages/airflow/example_dags/plugins/event_listener.py
[2024-12-07T03:55:59.903-0300] {processor.py:927} WARNING - No viable dags retrieved from /home/crisu/miniconda3/envs/lab13.1/lib/python3.9/site-packages/airflow/example_dags/plugins/event_listener.py
[2024-12-07T03:55:59.911-0300] {processor.py:208} INFO - Processing /home/crisu/miniconda3/envs/lab13.1/lib/python3.9/site-packages/airflow/example_dags/plugins/event_listener.py took 0.035 seconds
[2024-12-07T03:56:51.106-0300] {processor.py:186} INFO - Started process (PID=47613) to work on /home/crisu/miniconda3/envs/lab13.1/lib/python3.9/site-packages/airflow/example_dags/plugins/event_listener.py
[2024-12-07T03:56:51.233-0300] {processor.py:914} INFO - Processing file /home/crisu/miniconda3/envs/lab13.1/lib/python3.9/site-packages/airflow/example_dags/plugins/event_listener.py for tasks to queue
[2024-12-07T03:56:51.235-0300] {logging_mixin.py:190} INFO - [2024-12-07T03:56:51.234-0300] {dagbag.py:588} INFO - Filling up the DagBag from /home/crisu/miniconda3/envs/lab13.1/lib/python3.9/site-packages/airflow/example_dags/plugins/event_listener.py
[2024-12-07T03:56:51.237-0300] {processor.py:927} WARNING - No viable dags retrieved from /home/crisu/miniconda3/envs/lab13.1/lib/python3.9/site-packages/airflow/example_dags/plugins/event_listener.py
[2024-12-07T03:56:51.246-0300] {processor.py:208} INFO - Processing /home/crisu/miniconda3/envs/lab13.1/lib/python3.9/site-packages/airflow/example_dags/plugins/event_listener.py took 0.146 seconds
[2024-12-07T03:58:09.348-0300] {processor.py:186} INFO - Started process (PID=47747) to work on /home/crisu/miniconda3/envs/lab13.1/lib/python3.9/site-packages/airflow/example_dags/plugins/event_listener.py
[2024-12-07T03:58:09.357-0300] {processor.py:914} INFO - Processing file /home/crisu/miniconda3/envs/lab13.1/lib/python3.9/site-packages/airflow/example_dags/plugins/event_listener.py for tasks to queue
[2024-12-07T03:58:09.359-0300] {logging_mixin.py:190} INFO - [2024-12-07T03:58:09.359-0300] {dagbag.py:588} INFO - Filling up the DagBag from /home/crisu/miniconda3/envs/lab13.1/lib/python3.9/site-packages/airflow/example_dags/plugins/event_listener.py
[2024-12-07T03:58:09.361-0300] {processor.py:927} WARNING - No viable dags retrieved from /home/crisu/miniconda3/envs/lab13.1/lib/python3.9/site-packages/airflow/example_dags/plugins/event_listener.py
[2024-12-07T03:58:09.370-0300] {processor.py:208} INFO - Processing /home/crisu/miniconda3/envs/lab13.1/lib/python3.9/site-packages/airflow/example_dags/plugins/event_listener.py took 0.028 seconds
[2024-12-07T04:00:05.964-0300] {processor.py:186} INFO - Started process (PID=48012) to work on /home/crisu/miniconda3/envs/lab13.1/lib/python3.9/site-packages/airflow/example_dags/plugins/event_listener.py
[2024-12-07T04:00:05.977-0300] {processor.py:914} INFO - Processing file /home/crisu/miniconda3/envs/lab13.1/lib/python3.9/site-packages/airflow/example_dags/plugins/event_listener.py for tasks to queue
[2024-12-07T04:00:05.979-0300] {logging_mixin.py:190} INFO - [2024-12-07T04:00:05.979-0300] {dagbag.py:588} INFO - Filling up the DagBag from /home/crisu/miniconda3/envs/lab13.1/lib/python3.9/site-packages/airflow/example_dags/plugins/event_listener.py
[2024-12-07T04:00:05.981-0300] {processor.py:927} WARNING - No viable dags retrieved from /home/crisu/miniconda3/envs/lab13.1/lib/python3.9/site-packages/airflow/example_dags/plugins/event_listener.py
[2024-12-07T04:00:05.990-0300] {processor.py:208} INFO - Processing /home/crisu/miniconda3/envs/lab13.1/lib/python3.9/site-packages/airflow/example_dags/plugins/event_listener.py took 0.031 seconds
[2024-12-07T04:01:20.152-0300] {processor.py:186} INFO - Started process (PID=48164) to work on /home/crisu/miniconda3/envs/lab13.1/lib/python3.9/site-packages/airflow/example_dags/plugins/event_listener.py
[2024-12-07T04:01:20.180-0300] {processor.py:914} INFO - Processing file /home/crisu/miniconda3/envs/lab13.1/lib/python3.9/site-packages/airflow/example_dags/plugins/event_listener.py for tasks to queue
[2024-12-07T04:01:20.182-0300] {logging_mixin.py:190} INFO - [2024-12-07T04:01:20.181-0300] {dagbag.py:588} INFO - Filling up the DagBag from /home/crisu/miniconda3/envs/lab13.1/lib/python3.9/site-packages/airflow/example_dags/plugins/event_listener.py
[2024-12-07T04:01:20.184-0300] {processor.py:927} WARNING - No viable dags retrieved from /home/crisu/miniconda3/envs/lab13.1/lib/python3.9/site-packages/airflow/example_dags/plugins/event_listener.py
[2024-12-07T04:01:20.194-0300] {processor.py:208} INFO - Processing /home/crisu/miniconda3/envs/lab13.1/lib/python3.9/site-packages/airflow/example_dags/plugins/event_listener.py took 0.048 seconds
[2024-12-07T04:06:50.111-0300] {processor.py:186} INFO - Started process (PID=49098) to work on /home/crisu/miniconda3/envs/lab13.1/lib/python3.9/site-packages/airflow/example_dags/plugins/event_listener.py
[2024-12-07T04:06:50.191-0300] {processor.py:914} INFO - Processing file /home/crisu/miniconda3/envs/lab13.1/lib/python3.9/site-packages/airflow/example_dags/plugins/event_listener.py for tasks to queue
[2024-12-07T04:06:50.193-0300] {logging_mixin.py:190} INFO - [2024-12-07T04:06:50.192-0300] {dagbag.py:588} INFO - Filling up the DagBag from /home/crisu/miniconda3/envs/lab13.1/lib/python3.9/site-packages/airflow/example_dags/plugins/event_listener.py
[2024-12-07T04:06:50.198-0300] {processor.py:927} WARNING - No viable dags retrieved from /home/crisu/miniconda3/envs/lab13.1/lib/python3.9/site-packages/airflow/example_dags/plugins/event_listener.py
[2024-12-07T04:06:50.214-0300] {processor.py:208} INFO - Processing /home/crisu/miniconda3/envs/lab13.1/lib/python3.9/site-packages/airflow/example_dags/plugins/event_listener.py took 0.112 seconds
[2024-12-07T04:08:25.097-0300] {processor.py:186} INFO - Started process (PID=49307) to work on /home/crisu/miniconda3/envs/lab13.1/lib/python3.9/site-packages/airflow/example_dags/plugins/event_listener.py
[2024-12-07T04:08:25.109-0300] {processor.py:914} INFO - Processing file /home/crisu/miniconda3/envs/lab13.1/lib/python3.9/site-packages/airflow/example_dags/plugins/event_listener.py for tasks to queue
[2024-12-07T04:08:25.110-0300] {logging_mixin.py:190} INFO - [2024-12-07T04:08:25.109-0300] {dagbag.py:588} INFO - Filling up the DagBag from /home/crisu/miniconda3/envs/lab13.1/lib/python3.9/site-packages/airflow/example_dags/plugins/event_listener.py
[2024-12-07T04:08:25.112-0300] {processor.py:927} WARNING - No viable dags retrieved from /home/crisu/miniconda3/envs/lab13.1/lib/python3.9/site-packages/airflow/example_dags/plugins/event_listener.py
[2024-12-07T04:08:25.120-0300] {processor.py:208} INFO - Processing /home/crisu/miniconda3/envs/lab13.1/lib/python3.9/site-packages/airflow/example_dags/plugins/event_listener.py took 0.028 seconds
[2024-12-07T04:09:33.867-0300] {processor.py:186} INFO - Started process (PID=49442) to work on /home/crisu/miniconda3/envs/lab13.1/lib/python3.9/site-packages/airflow/example_dags/plugins/event_listener.py
[2024-12-07T04:09:33.893-0300] {processor.py:914} INFO - Processing file /home/crisu/miniconda3/envs/lab13.1/lib/python3.9/site-packages/airflow/example_dags/plugins/event_listener.py for tasks to queue
[2024-12-07T04:09:33.894-0300] {logging_mixin.py:190} INFO - [2024-12-07T04:09:33.894-0300] {dagbag.py:588} INFO - Filling up the DagBag from /home/crisu/miniconda3/envs/lab13.1/lib/python3.9/site-packages/airflow/example_dags/plugins/event_listener.py
[2024-12-07T04:09:33.897-0300] {processor.py:927} WARNING - No viable dags retrieved from /home/crisu/miniconda3/envs/lab13.1/lib/python3.9/site-packages/airflow/example_dags/plugins/event_listener.py
[2024-12-07T04:09:33.905-0300] {processor.py:208} INFO - Processing /home/crisu/miniconda3/envs/lab13.1/lib/python3.9/site-packages/airflow/example_dags/plugins/event_listener.py took 0.044 seconds
[2024-12-07T04:10:29.152-0300] {processor.py:186} INFO - Started process (PID=49513) to work on /home/crisu/miniconda3/envs/lab13.1/lib/python3.9/site-packages/airflow/example_dags/plugins/event_listener.py
[2024-12-07T04:10:29.220-0300] {processor.py:914} INFO - Processing file /home/crisu/miniconda3/envs/lab13.1/lib/python3.9/site-packages/airflow/example_dags/plugins/event_listener.py for tasks to queue
[2024-12-07T04:10:29.221-0300] {logging_mixin.py:190} INFO - [2024-12-07T04:10:29.221-0300] {dagbag.py:588} INFO - Filling up the DagBag from /home/crisu/miniconda3/envs/lab13.1/lib/python3.9/site-packages/airflow/example_dags/plugins/event_listener.py
[2024-12-07T04:10:29.223-0300] {processor.py:927} WARNING - No viable dags retrieved from /home/crisu/miniconda3/envs/lab13.1/lib/python3.9/site-packages/airflow/example_dags/plugins/event_listener.py
[2024-12-07T04:10:29.232-0300] {processor.py:208} INFO - Processing /home/crisu/miniconda3/envs/lab13.1/lib/python3.9/site-packages/airflow/example_dags/plugins/event_listener.py took 0.084 seconds
[2024-12-07T04:11:36.268-0300] {processor.py:186} INFO - Started process (PID=49614) to work on /home/crisu/miniconda3/envs/lab13.1/lib/python3.9/site-packages/airflow/example_dags/plugins/event_listener.py
[2024-12-07T04:11:36.293-0300] {processor.py:914} INFO - Processing file /home/crisu/miniconda3/envs/lab13.1/lib/python3.9/site-packages/airflow/example_dags/plugins/event_listener.py for tasks to queue
[2024-12-07T04:11:36.294-0300] {logging_mixin.py:190} INFO - [2024-12-07T04:11:36.294-0300] {dagbag.py:588} INFO - Filling up the DagBag from /home/crisu/miniconda3/envs/lab13.1/lib/python3.9/site-packages/airflow/example_dags/plugins/event_listener.py
[2024-12-07T04:11:36.296-0300] {processor.py:927} WARNING - No viable dags retrieved from /home/crisu/miniconda3/envs/lab13.1/lib/python3.9/site-packages/airflow/example_dags/plugins/event_listener.py
[2024-12-07T04:11:36.305-0300] {processor.py:208} INFO - Processing /home/crisu/miniconda3/envs/lab13.1/lib/python3.9/site-packages/airflow/example_dags/plugins/event_listener.py took 0.043 seconds
[2024-12-07T04:12:28.848-0300] {processor.py:186} INFO - Started process (PID=49702) to work on /home/crisu/miniconda3/envs/lab13.1/lib/python3.9/site-packages/airflow/example_dags/plugins/event_listener.py
[2024-12-07T04:12:28.864-0300] {processor.py:914} INFO - Processing file /home/crisu/miniconda3/envs/lab13.1/lib/python3.9/site-packages/airflow/example_dags/plugins/event_listener.py for tasks to queue
[2024-12-07T04:12:28.866-0300] {logging_mixin.py:190} INFO - [2024-12-07T04:12:28.865-0300] {dagbag.py:588} INFO - Filling up the DagBag from /home/crisu/miniconda3/envs/lab13.1/lib/python3.9/site-packages/airflow/example_dags/plugins/event_listener.py
[2024-12-07T04:12:28.870-0300] {processor.py:927} WARNING - No viable dags retrieved from /home/crisu/miniconda3/envs/lab13.1/lib/python3.9/site-packages/airflow/example_dags/plugins/event_listener.py
[2024-12-07T04:12:28.885-0300] {processor.py:208} INFO - Processing /home/crisu/miniconda3/envs/lab13.1/lib/python3.9/site-packages/airflow/example_dags/plugins/event_listener.py took 0.046 seconds
[2024-12-07T04:13:43.324-0300] {processor.py:186} INFO - Started process (PID=49852) to work on /home/crisu/miniconda3/envs/lab13.1/lib/python3.9/site-packages/airflow/example_dags/plugins/event_listener.py
[2024-12-07T04:13:43.508-0300] {processor.py:914} INFO - Processing file /home/crisu/miniconda3/envs/lab13.1/lib/python3.9/site-packages/airflow/example_dags/plugins/event_listener.py for tasks to queue
[2024-12-07T04:13:43.509-0300] {logging_mixin.py:190} INFO - [2024-12-07T04:13:43.509-0300] {dagbag.py:588} INFO - Filling up the DagBag from /home/crisu/miniconda3/envs/lab13.1/lib/python3.9/site-packages/airflow/example_dags/plugins/event_listener.py
[2024-12-07T04:13:43.511-0300] {processor.py:927} WARNING - No viable dags retrieved from /home/crisu/miniconda3/envs/lab13.1/lib/python3.9/site-packages/airflow/example_dags/plugins/event_listener.py
[2024-12-07T04:13:43.522-0300] {processor.py:208} INFO - Processing /home/crisu/miniconda3/envs/lab13.1/lib/python3.9/site-packages/airflow/example_dags/plugins/event_listener.py took 0.203 seconds
[2024-12-07T04:15:01.807-0300] {processor.py:186} INFO - Started process (PID=49987) to work on /home/crisu/miniconda3/envs/lab13.1/lib/python3.9/site-packages/airflow/example_dags/plugins/event_listener.py
[2024-12-07T04:15:01.819-0300] {processor.py:914} INFO - Processing file /home/crisu/miniconda3/envs/lab13.1/lib/python3.9/site-packages/airflow/example_dags/plugins/event_listener.py for tasks to queue
[2024-12-07T04:15:01.820-0300] {logging_mixin.py:190} INFO - [2024-12-07T04:15:01.820-0300] {dagbag.py:588} INFO - Filling up the DagBag from /home/crisu/miniconda3/envs/lab13.1/lib/python3.9/site-packages/airflow/example_dags/plugins/event_listener.py
[2024-12-07T04:15:01.823-0300] {processor.py:927} WARNING - No viable dags retrieved from /home/crisu/miniconda3/envs/lab13.1/lib/python3.9/site-packages/airflow/example_dags/plugins/event_listener.py
[2024-12-07T04:15:01.831-0300] {processor.py:208} INFO - Processing /home/crisu/miniconda3/envs/lab13.1/lib/python3.9/site-packages/airflow/example_dags/plugins/event_listener.py took 0.030 seconds
