[2024-12-07T01:45:36.466-0300] {processor.py:186} INFO - Started process (PID=33172) to work on /home/crisu/miniconda3/envs/lab13.1/lib/python3.9/site-packages/airflow/example_dags/plugins/workday.py
[2024-12-07T01:45:36.467-0300] {processor.py:914} INFO - Processing file /home/crisu/miniconda3/envs/lab13.1/lib/python3.9/site-packages/airflow/example_dags/plugins/workday.py for tasks to queue
[2024-12-07T01:45:36.469-0300] {logging_mixin.py:190} INFO - [2024-12-07T01:45:36.469-0300] {dagbag.py:588} INFO - Filling up the DagBag from /home/crisu/miniconda3/envs/lab13.1/lib/python3.9/site-packages/airflow/example_dags/plugins/workday.py
[2024-12-07T01:45:36.472-0300] {logging_mixin.py:190} INFO - [2024-12-07T01:45:36.472-0300] {workday.py:41} WARNING - Could not import pandas. Holidays will not be considered.
[2024-12-07T01:45:36.472-0300] {processor.py:927} WARNING - No viable dags retrieved from /home/crisu/miniconda3/envs/lab13.1/lib/python3.9/site-packages/airflow/example_dags/plugins/workday.py
[2024-12-07T01:45:37.012-0300] {processor.py:208} INFO - Processing /home/crisu/miniconda3/envs/lab13.1/lib/python3.9/site-packages/airflow/example_dags/plugins/workday.py took 0.551 seconds
[2024-12-07T01:47:51.556-0300] {processor.py:186} INFO - Started process (PID=33426) to work on /home/crisu/miniconda3/envs/lab13.1/lib/python3.9/site-packages/airflow/example_dags/plugins/workday.py
[2024-12-07T01:47:51.567-0300] {processor.py:914} INFO - Processing file /home/crisu/miniconda3/envs/lab13.1/lib/python3.9/site-packages/airflow/example_dags/plugins/workday.py for tasks to queue
[2024-12-07T01:47:51.569-0300] {logging_mixin.py:190} INFO - [2024-12-07T01:47:51.568-0300] {dagbag.py:588} INFO - Filling up the DagBag from /home/crisu/miniconda3/envs/lab13.1/lib/python3.9/site-packages/airflow/example_dags/plugins/workday.py
[2024-12-07T01:47:51.571-0300] {logging_mixin.py:190} INFO - [2024-12-07T01:47:51.571-0300] {workday.py:41} WARNING - Could not import pandas. Holidays will not be considered.
[2024-12-07T01:47:51.572-0300] {processor.py:927} WARNING - No viable dags retrieved from /home/crisu/miniconda3/envs/lab13.1/lib/python3.9/site-packages/airflow/example_dags/plugins/workday.py
[2024-12-07T01:47:51.580-0300] {processor.py:208} INFO - Processing /home/crisu/miniconda3/envs/lab13.1/lib/python3.9/site-packages/airflow/example_dags/plugins/workday.py took 0.029 seconds
[2024-12-07T01:49:32.887-0300] {processor.py:186} INFO - Started process (PID=33672) to work on /home/crisu/miniconda3/envs/lab13.1/lib/python3.9/site-packages/airflow/example_dags/plugins/workday.py
[2024-12-07T01:49:32.889-0300] {processor.py:914} INFO - Processing file /home/crisu/miniconda3/envs/lab13.1/lib/python3.9/site-packages/airflow/example_dags/plugins/workday.py for tasks to queue
[2024-12-07T01:49:32.890-0300] {logging_mixin.py:190} INFO - [2024-12-07T01:49:32.890-0300] {dagbag.py:588} INFO - Filling up the DagBag from /home/crisu/miniconda3/envs/lab13.1/lib/python3.9/site-packages/airflow/example_dags/plugins/workday.py
[2024-12-07T01:49:32.892-0300] {logging_mixin.py:190} INFO - [2024-12-07T01:49:32.892-0300] {workday.py:41} WARNING - Could not import pandas. Holidays will not be considered.
[2024-12-07T01:49:32.893-0300] {processor.py:927} WARNING - No viable dags retrieved from /home/crisu/miniconda3/envs/lab13.1/lib/python3.9/site-packages/airflow/example_dags/plugins/workday.py
[2024-12-07T01:49:32.902-0300] {processor.py:208} INFO - Processing /home/crisu/miniconda3/envs/lab13.1/lib/python3.9/site-packages/airflow/example_dags/plugins/workday.py took 0.021 seconds
[2024-12-07T01:50:28.444-0300] {processor.py:186} INFO - Started process (PID=33761) to work on /home/crisu/miniconda3/envs/lab13.1/lib/python3.9/site-packages/airflow/example_dags/plugins/workday.py
[2024-12-07T01:50:28.447-0300] {processor.py:914} INFO - Processing file /home/crisu/miniconda3/envs/lab13.1/lib/python3.9/site-packages/airflow/example_dags/plugins/workday.py for tasks to queue
[2024-12-07T01:50:28.448-0300] {logging_mixin.py:190} INFO - [2024-12-07T01:50:28.448-0300] {dagbag.py:588} INFO - Filling up the DagBag from /home/crisu/miniconda3/envs/lab13.1/lib/python3.9/site-packages/airflow/example_dags/plugins/workday.py
[2024-12-07T01:50:28.451-0300] {logging_mixin.py:190} INFO - [2024-12-07T01:50:28.451-0300] {workday.py:41} WARNING - Could not import pandas. Holidays will not be considered.
[2024-12-07T01:50:28.451-0300] {processor.py:927} WARNING - No viable dags retrieved from /home/crisu/miniconda3/envs/lab13.1/lib/python3.9/site-packages/airflow/example_dags/plugins/workday.py
[2024-12-07T01:50:28.460-0300] {processor.py:208} INFO - Processing /home/crisu/miniconda3/envs/lab13.1/lib/python3.9/site-packages/airflow/example_dags/plugins/workday.py took 0.021 seconds
[2024-12-07T01:50:48.686-0300] {processor.py:186} INFO - Started process (PID=33820) to work on /home/crisu/miniconda3/envs/lab13.1/lib/python3.9/site-packages/airflow/example_dags/plugins/workday.py
[2024-12-07T01:50:48.694-0300] {processor.py:914} INFO - Processing file /home/crisu/miniconda3/envs/lab13.1/lib/python3.9/site-packages/airflow/example_dags/plugins/workday.py for tasks to queue
[2024-12-07T01:50:48.696-0300] {logging_mixin.py:190} INFO - [2024-12-07T01:50:48.696-0300] {dagbag.py:588} INFO - Filling up the DagBag from /home/crisu/miniconda3/envs/lab13.1/lib/python3.9/site-packages/airflow/example_dags/plugins/workday.py
[2024-12-07T01:50:48.699-0300] {logging_mixin.py:190} INFO - [2024-12-07T01:50:48.698-0300] {workday.py:41} WARNING - Could not import pandas. Holidays will not be considered.
[2024-12-07T01:50:48.699-0300] {processor.py:927} WARNING - No viable dags retrieved from /home/crisu/miniconda3/envs/lab13.1/lib/python3.9/site-packages/airflow/example_dags/plugins/workday.py
[2024-12-07T01:50:48.708-0300] {processor.py:208} INFO - Processing /home/crisu/miniconda3/envs/lab13.1/lib/python3.9/site-packages/airflow/example_dags/plugins/workday.py took 0.029 seconds
[2024-12-07T02:07:23.677-0300] {processor.py:186} INFO - Started process (PID=35249) to work on /home/crisu/miniconda3/envs/lab13.1/lib/python3.9/site-packages/airflow/example_dags/plugins/workday.py
[2024-12-07T02:07:23.699-0300] {processor.py:914} INFO - Processing file /home/crisu/miniconda3/envs/lab13.1/lib/python3.9/site-packages/airflow/example_dags/plugins/workday.py for tasks to queue
[2024-12-07T02:07:23.703-0300] {logging_mixin.py:190} INFO - [2024-12-07T02:07:23.702-0300] {dagbag.py:588} INFO - Filling up the DagBag from /home/crisu/miniconda3/envs/lab13.1/lib/python3.9/site-packages/airflow/example_dags/plugins/workday.py
[2024-12-07T02:07:23.710-0300] {logging_mixin.py:190} INFO - [2024-12-07T02:07:23.709-0300] {workday.py:41} WARNING - Could not import pandas. Holidays will not be considered.
[2024-12-07T02:07:23.710-0300] {processor.py:927} WARNING - No viable dags retrieved from /home/crisu/miniconda3/envs/lab13.1/lib/python3.9/site-packages/airflow/example_dags/plugins/workday.py
[2024-12-07T02:07:23.724-0300] {processor.py:208} INFO - Processing /home/crisu/miniconda3/envs/lab13.1/lib/python3.9/site-packages/airflow/example_dags/plugins/workday.py took 0.054 seconds
[2024-12-07T02:10:43.052-0300] {processor.py:186} INFO - Started process (PID=35806) to work on /home/crisu/miniconda3/envs/lab13.1/lib/python3.9/site-packages/airflow/example_dags/plugins/workday.py
[2024-12-07T02:10:43.200-0300] {processor.py:914} INFO - Processing file /home/crisu/miniconda3/envs/lab13.1/lib/python3.9/site-packages/airflow/example_dags/plugins/workday.py for tasks to queue
[2024-12-07T02:10:43.203-0300] {logging_mixin.py:190} INFO - [2024-12-07T02:10:43.202-0300] {dagbag.py:588} INFO - Filling up the DagBag from /home/crisu/miniconda3/envs/lab13.1/lib/python3.9/site-packages/airflow/example_dags/plugins/workday.py
[2024-12-07T02:10:43.587-0300] {processor.py:927} WARNING - No viable dags retrieved from /home/crisu/miniconda3/envs/lab13.1/lib/python3.9/site-packages/airflow/example_dags/plugins/workday.py
[2024-12-07T02:10:43.596-0300] {processor.py:208} INFO - Processing /home/crisu/miniconda3/envs/lab13.1/lib/python3.9/site-packages/airflow/example_dags/plugins/workday.py took 0.552 seconds
[2024-12-07T02:12:21.313-0300] {processor.py:186} INFO - Started process (PID=35981) to work on /home/crisu/miniconda3/envs/lab13.1/lib/python3.9/site-packages/airflow/example_dags/plugins/workday.py
[2024-12-07T02:12:21.327-0300] {processor.py:914} INFO - Processing file /home/crisu/miniconda3/envs/lab13.1/lib/python3.9/site-packages/airflow/example_dags/plugins/workday.py for tasks to queue
[2024-12-07T02:12:21.329-0300] {logging_mixin.py:190} INFO - [2024-12-07T02:12:21.329-0300] {dagbag.py:588} INFO - Filling up the DagBag from /home/crisu/miniconda3/envs/lab13.1/lib/python3.9/site-packages/airflow/example_dags/plugins/workday.py
[2024-12-07T02:12:21.684-0300] {processor.py:927} WARNING - No viable dags retrieved from /home/crisu/miniconda3/envs/lab13.1/lib/python3.9/site-packages/airflow/example_dags/plugins/workday.py
[2024-12-07T02:12:21.693-0300] {processor.py:208} INFO - Processing /home/crisu/miniconda3/envs/lab13.1/lib/python3.9/site-packages/airflow/example_dags/plugins/workday.py took 0.390 seconds
[2024-12-07T02:13:07.626-0300] {processor.py:186} INFO - Started process (PID=36090) to work on /home/crisu/miniconda3/envs/lab13.1/lib/python3.9/site-packages/airflow/example_dags/plugins/workday.py
[2024-12-07T02:13:07.879-0300] {processor.py:914} INFO - Processing file /home/crisu/miniconda3/envs/lab13.1/lib/python3.9/site-packages/airflow/example_dags/plugins/workday.py for tasks to queue
[2024-12-07T02:13:07.880-0300] {logging_mixin.py:190} INFO - [2024-12-07T02:13:07.880-0300] {dagbag.py:588} INFO - Filling up the DagBag from /home/crisu/miniconda3/envs/lab13.1/lib/python3.9/site-packages/airflow/example_dags/plugins/workday.py
[2024-12-07T02:13:08.204-0300] {processor.py:927} WARNING - No viable dags retrieved from /home/crisu/miniconda3/envs/lab13.1/lib/python3.9/site-packages/airflow/example_dags/plugins/workday.py
[2024-12-07T02:13:09.845-0300] {processor.py:208} INFO - Processing /home/crisu/miniconda3/envs/lab13.1/lib/python3.9/site-packages/airflow/example_dags/plugins/workday.py took 2.229 seconds
[2024-12-07T02:14:35.448-0300] {processor.py:186} INFO - Started process (PID=36284) to work on /home/crisu/miniconda3/envs/lab13.1/lib/python3.9/site-packages/airflow/example_dags/plugins/workday.py
[2024-12-07T02:14:35.476-0300] {processor.py:914} INFO - Processing file /home/crisu/miniconda3/envs/lab13.1/lib/python3.9/site-packages/airflow/example_dags/plugins/workday.py for tasks to queue
[2024-12-07T02:14:35.477-0300] {logging_mixin.py:190} INFO - [2024-12-07T02:14:35.477-0300] {dagbag.py:588} INFO - Filling up the DagBag from /home/crisu/miniconda3/envs/lab13.1/lib/python3.9/site-packages/airflow/example_dags/plugins/workday.py
[2024-12-07T02:14:35.746-0300] {processor.py:927} WARNING - No viable dags retrieved from /home/crisu/miniconda3/envs/lab13.1/lib/python3.9/site-packages/airflow/example_dags/plugins/workday.py
[2024-12-07T02:14:35.753-0300] {processor.py:208} INFO - Processing /home/crisu/miniconda3/envs/lab13.1/lib/python3.9/site-packages/airflow/example_dags/plugins/workday.py took 0.313 seconds
[2024-12-07T02:15:54.893-0300] {processor.py:186} INFO - Started process (PID=36430) to work on /home/crisu/miniconda3/envs/lab13.1/lib/python3.9/site-packages/airflow/example_dags/plugins/workday.py
[2024-12-07T02:15:54.899-0300] {processor.py:914} INFO - Processing file /home/crisu/miniconda3/envs/lab13.1/lib/python3.9/site-packages/airflow/example_dags/plugins/workday.py for tasks to queue
[2024-12-07T02:15:54.901-0300] {logging_mixin.py:190} INFO - [2024-12-07T02:15:54.901-0300] {dagbag.py:588} INFO - Filling up the DagBag from /home/crisu/miniconda3/envs/lab13.1/lib/python3.9/site-packages/airflow/example_dags/plugins/workday.py
[2024-12-07T02:15:55.180-0300] {processor.py:927} WARNING - No viable dags retrieved from /home/crisu/miniconda3/envs/lab13.1/lib/python3.9/site-packages/airflow/example_dags/plugins/workday.py
[2024-12-07T02:15:55.187-0300] {processor.py:208} INFO - Processing /home/crisu/miniconda3/envs/lab13.1/lib/python3.9/site-packages/airflow/example_dags/plugins/workday.py took 0.302 seconds
[2024-12-07T02:16:46.203-0300] {processor.py:186} INFO - Started process (PID=36500) to work on /home/crisu/miniconda3/envs/lab13.1/lib/python3.9/site-packages/airflow/example_dags/plugins/workday.py
[2024-12-07T02:16:46.205-0300] {processor.py:914} INFO - Processing file /home/crisu/miniconda3/envs/lab13.1/lib/python3.9/site-packages/airflow/example_dags/plugins/workday.py for tasks to queue
[2024-12-07T02:16:46.206-0300] {logging_mixin.py:190} INFO - [2024-12-07T02:16:46.206-0300] {dagbag.py:588} INFO - Filling up the DagBag from /home/crisu/miniconda3/envs/lab13.1/lib/python3.9/site-packages/airflow/example_dags/plugins/workday.py
[2024-12-07T02:16:46.473-0300] {processor.py:927} WARNING - No viable dags retrieved from /home/crisu/miniconda3/envs/lab13.1/lib/python3.9/site-packages/airflow/example_dags/plugins/workday.py
[2024-12-07T02:16:46.480-0300] {processor.py:208} INFO - Processing /home/crisu/miniconda3/envs/lab13.1/lib/python3.9/site-packages/airflow/example_dags/plugins/workday.py took 0.284 seconds
[2024-12-07T02:17:31.366-0300] {processor.py:186} INFO - Started process (PID=36576) to work on /home/crisu/miniconda3/envs/lab13.1/lib/python3.9/site-packages/airflow/example_dags/plugins/workday.py
[2024-12-07T02:17:31.373-0300] {processor.py:914} INFO - Processing file /home/crisu/miniconda3/envs/lab13.1/lib/python3.9/site-packages/airflow/example_dags/plugins/workday.py for tasks to queue
[2024-12-07T02:17:31.375-0300] {logging_mixin.py:190} INFO - [2024-12-07T02:17:31.375-0300] {dagbag.py:588} INFO - Filling up the DagBag from /home/crisu/miniconda3/envs/lab13.1/lib/python3.9/site-packages/airflow/example_dags/plugins/workday.py
[2024-12-07T02:17:31.656-0300] {processor.py:927} WARNING - No viable dags retrieved from /home/crisu/miniconda3/envs/lab13.1/lib/python3.9/site-packages/airflow/example_dags/plugins/workday.py
[2024-12-07T02:17:31.663-0300] {processor.py:208} INFO - Processing /home/crisu/miniconda3/envs/lab13.1/lib/python3.9/site-packages/airflow/example_dags/plugins/workday.py took 0.305 seconds
[2024-12-07T02:18:15.343-0300] {processor.py:186} INFO - Started process (PID=36648) to work on /home/crisu/miniconda3/envs/lab13.1/lib/python3.9/site-packages/airflow/example_dags/plugins/workday.py
[2024-12-07T02:18:15.344-0300] {processor.py:914} INFO - Processing file /home/crisu/miniconda3/envs/lab13.1/lib/python3.9/site-packages/airflow/example_dags/plugins/workday.py for tasks to queue
[2024-12-07T02:18:15.346-0300] {logging_mixin.py:190} INFO - [2024-12-07T02:18:15.346-0300] {dagbag.py:588} INFO - Filling up the DagBag from /home/crisu/miniconda3/envs/lab13.1/lib/python3.9/site-packages/airflow/example_dags/plugins/workday.py
[2024-12-07T02:18:15.610-0300] {processor.py:927} WARNING - No viable dags retrieved from /home/crisu/miniconda3/envs/lab13.1/lib/python3.9/site-packages/airflow/example_dags/plugins/workday.py
[2024-12-07T02:18:15.618-0300] {processor.py:208} INFO - Processing /home/crisu/miniconda3/envs/lab13.1/lib/python3.9/site-packages/airflow/example_dags/plugins/workday.py took 0.283 seconds
[2024-12-07T02:30:36.571-0300] {processor.py:186} INFO - Started process (PID=37833) to work on /home/crisu/miniconda3/envs/lab13.1/lib/python3.9/site-packages/airflow/example_dags/plugins/workday.py
[2024-12-07T02:30:36.594-0300] {processor.py:914} INFO - Processing file /home/crisu/miniconda3/envs/lab13.1/lib/python3.9/site-packages/airflow/example_dags/plugins/workday.py for tasks to queue
[2024-12-07T02:30:36.595-0300] {logging_mixin.py:190} INFO - [2024-12-07T02:30:36.595-0300] {dagbag.py:588} INFO - Filling up the DagBag from /home/crisu/miniconda3/envs/lab13.1/lib/python3.9/site-packages/airflow/example_dags/plugins/workday.py
[2024-12-07T02:30:36.598-0300] {processor.py:927} WARNING - No viable dags retrieved from /home/crisu/miniconda3/envs/lab13.1/lib/python3.9/site-packages/airflow/example_dags/plugins/workday.py
[2024-12-07T02:30:36.607-0300] {processor.py:208} INFO - Processing /home/crisu/miniconda3/envs/lab13.1/lib/python3.9/site-packages/airflow/example_dags/plugins/workday.py took 0.042 seconds
[2024-12-07T02:33:13.127-0300] {processor.py:186} INFO - Started process (PID=38123) to work on /home/crisu/miniconda3/envs/lab13.1/lib/python3.9/site-packages/airflow/example_dags/plugins/workday.py
[2024-12-07T02:33:13.130-0300] {processor.py:914} INFO - Processing file /home/crisu/miniconda3/envs/lab13.1/lib/python3.9/site-packages/airflow/example_dags/plugins/workday.py for tasks to queue
[2024-12-07T02:33:13.132-0300] {logging_mixin.py:190} INFO - [2024-12-07T02:33:13.132-0300] {dagbag.py:588} INFO - Filling up the DagBag from /home/crisu/miniconda3/envs/lab13.1/lib/python3.9/site-packages/airflow/example_dags/plugins/workday.py
[2024-12-07T02:33:13.135-0300] {processor.py:927} WARNING - No viable dags retrieved from /home/crisu/miniconda3/envs/lab13.1/lib/python3.9/site-packages/airflow/example_dags/plugins/workday.py
[2024-12-07T02:33:13.145-0300] {processor.py:208} INFO - Processing /home/crisu/miniconda3/envs/lab13.1/lib/python3.9/site-packages/airflow/example_dags/plugins/workday.py took 0.022 seconds
[2024-12-07T02:34:35.825-0300] {processor.py:186} INFO - Started process (PID=38329) to work on /home/crisu/miniconda3/envs/lab13.1/lib/python3.9/site-packages/airflow/example_dags/plugins/workday.py
[2024-12-07T02:34:35.873-0300] {processor.py:914} INFO - Processing file /home/crisu/miniconda3/envs/lab13.1/lib/python3.9/site-packages/airflow/example_dags/plugins/workday.py for tasks to queue
[2024-12-07T02:34:35.875-0300] {logging_mixin.py:190} INFO - [2024-12-07T02:34:35.875-0300] {dagbag.py:588} INFO - Filling up the DagBag from /home/crisu/miniconda3/envs/lab13.1/lib/python3.9/site-packages/airflow/example_dags/plugins/workday.py
[2024-12-07T02:34:35.878-0300] {processor.py:927} WARNING - No viable dags retrieved from /home/crisu/miniconda3/envs/lab13.1/lib/python3.9/site-packages/airflow/example_dags/plugins/workday.py
[2024-12-07T02:34:35.887-0300] {processor.py:208} INFO - Processing /home/crisu/miniconda3/envs/lab13.1/lib/python3.9/site-packages/airflow/example_dags/plugins/workday.py took 0.067 seconds
[2024-12-07T02:36:43.009-0300] {processor.py:186} INFO - Started process (PID=38564) to work on /home/crisu/miniconda3/envs/lab13.1/lib/python3.9/site-packages/airflow/example_dags/plugins/workday.py
[2024-12-07T02:36:43.019-0300] {processor.py:914} INFO - Processing file /home/crisu/miniconda3/envs/lab13.1/lib/python3.9/site-packages/airflow/example_dags/plugins/workday.py for tasks to queue
[2024-12-07T02:36:43.022-0300] {logging_mixin.py:190} INFO - [2024-12-07T02:36:43.021-0300] {dagbag.py:588} INFO - Filling up the DagBag from /home/crisu/miniconda3/envs/lab13.1/lib/python3.9/site-packages/airflow/example_dags/plugins/workday.py
[2024-12-07T02:36:43.026-0300] {processor.py:927} WARNING - No viable dags retrieved from /home/crisu/miniconda3/envs/lab13.1/lib/python3.9/site-packages/airflow/example_dags/plugins/workday.py
[2024-12-07T02:36:43.036-0300] {processor.py:208} INFO - Processing /home/crisu/miniconda3/envs/lab13.1/lib/python3.9/site-packages/airflow/example_dags/plugins/workday.py took 0.034 seconds
[2024-12-07T02:38:16.095-0300] {processor.py:186} INFO - Started process (PID=38730) to work on /home/crisu/miniconda3/envs/lab13.1/lib/python3.9/site-packages/airflow/example_dags/plugins/workday.py
[2024-12-07T02:38:16.310-0300] {processor.py:914} INFO - Processing file /home/crisu/miniconda3/envs/lab13.1/lib/python3.9/site-packages/airflow/example_dags/plugins/workday.py for tasks to queue
[2024-12-07T02:38:16.313-0300] {logging_mixin.py:190} INFO - [2024-12-07T02:38:16.312-0300] {dagbag.py:588} INFO - Filling up the DagBag from /home/crisu/miniconda3/envs/lab13.1/lib/python3.9/site-packages/airflow/example_dags/plugins/workday.py
[2024-12-07T02:38:16.315-0300] {processor.py:927} WARNING - No viable dags retrieved from /home/crisu/miniconda3/envs/lab13.1/lib/python3.9/site-packages/airflow/example_dags/plugins/workday.py
[2024-12-07T02:38:16.324-0300] {processor.py:208} INFO - Processing /home/crisu/miniconda3/envs/lab13.1/lib/python3.9/site-packages/airflow/example_dags/plugins/workday.py took 0.234 seconds
[2024-12-07T02:40:04.097-0300] {processor.py:186} INFO - Started process (PID=38843) to work on /home/crisu/miniconda3/envs/lab13.1/lib/python3.9/site-packages/airflow/example_dags/plugins/workday.py
[2024-12-07T02:40:04.152-0300] {processor.py:914} INFO - Processing file /home/crisu/miniconda3/envs/lab13.1/lib/python3.9/site-packages/airflow/example_dags/plugins/workday.py for tasks to queue
[2024-12-07T02:40:04.154-0300] {logging_mixin.py:190} INFO - [2024-12-07T02:40:04.154-0300] {dagbag.py:588} INFO - Filling up the DagBag from /home/crisu/miniconda3/envs/lab13.1/lib/python3.9/site-packages/airflow/example_dags/plugins/workday.py
[2024-12-07T02:40:04.156-0300] {processor.py:927} WARNING - No viable dags retrieved from /home/crisu/miniconda3/envs/lab13.1/lib/python3.9/site-packages/airflow/example_dags/plugins/workday.py
[2024-12-07T02:40:04.166-0300] {processor.py:208} INFO - Processing /home/crisu/miniconda3/envs/lab13.1/lib/python3.9/site-packages/airflow/example_dags/plugins/workday.py took 0.074 seconds
[2024-12-07T02:40:56.612-0300] {processor.py:186} INFO - Started process (PID=38947) to work on /home/crisu/miniconda3/envs/lab13.1/lib/python3.9/site-packages/airflow/example_dags/plugins/workday.py
[2024-12-07T02:40:56.637-0300] {processor.py:914} INFO - Processing file /home/crisu/miniconda3/envs/lab13.1/lib/python3.9/site-packages/airflow/example_dags/plugins/workday.py for tasks to queue
[2024-12-07T02:40:56.639-0300] {logging_mixin.py:190} INFO - [2024-12-07T02:40:56.639-0300] {dagbag.py:588} INFO - Filling up the DagBag from /home/crisu/miniconda3/envs/lab13.1/lib/python3.9/site-packages/airflow/example_dags/plugins/workday.py
[2024-12-07T02:40:56.642-0300] {processor.py:927} WARNING - No viable dags retrieved from /home/crisu/miniconda3/envs/lab13.1/lib/python3.9/site-packages/airflow/example_dags/plugins/workday.py
[2024-12-07T02:40:56.652-0300] {processor.py:208} INFO - Processing /home/crisu/miniconda3/envs/lab13.1/lib/python3.9/site-packages/airflow/example_dags/plugins/workday.py took 0.046 seconds
[2024-12-07T02:41:33.019-0300] {processor.py:186} INFO - Started process (PID=39001) to work on /home/crisu/miniconda3/envs/lab13.1/lib/python3.9/site-packages/airflow/example_dags/plugins/workday.py
[2024-12-07T02:41:33.030-0300] {processor.py:914} INFO - Processing file /home/crisu/miniconda3/envs/lab13.1/lib/python3.9/site-packages/airflow/example_dags/plugins/workday.py for tasks to queue
[2024-12-07T02:41:33.032-0300] {logging_mixin.py:190} INFO - [2024-12-07T02:41:33.032-0300] {dagbag.py:588} INFO - Filling up the DagBag from /home/crisu/miniconda3/envs/lab13.1/lib/python3.9/site-packages/airflow/example_dags/plugins/workday.py
[2024-12-07T02:41:33.034-0300] {processor.py:927} WARNING - No viable dags retrieved from /home/crisu/miniconda3/envs/lab13.1/lib/python3.9/site-packages/airflow/example_dags/plugins/workday.py
[2024-12-07T02:41:33.044-0300] {processor.py:208} INFO - Processing /home/crisu/miniconda3/envs/lab13.1/lib/python3.9/site-packages/airflow/example_dags/plugins/workday.py took 0.030 seconds
[2024-12-07T02:42:10.074-0300] {processor.py:186} INFO - Started process (PID=39079) to work on /home/crisu/miniconda3/envs/lab13.1/lib/python3.9/site-packages/airflow/example_dags/plugins/workday.py
[2024-12-07T02:42:10.078-0300] {processor.py:914} INFO - Processing file /home/crisu/miniconda3/envs/lab13.1/lib/python3.9/site-packages/airflow/example_dags/plugins/workday.py for tasks to queue
[2024-12-07T02:42:10.079-0300] {logging_mixin.py:190} INFO - [2024-12-07T02:42:10.079-0300] {dagbag.py:588} INFO - Filling up the DagBag from /home/crisu/miniconda3/envs/lab13.1/lib/python3.9/site-packages/airflow/example_dags/plugins/workday.py
[2024-12-07T02:42:10.082-0300] {processor.py:927} WARNING - No viable dags retrieved from /home/crisu/miniconda3/envs/lab13.1/lib/python3.9/site-packages/airflow/example_dags/plugins/workday.py
[2024-12-07T02:42:10.091-0300] {processor.py:208} INFO - Processing /home/crisu/miniconda3/envs/lab13.1/lib/python3.9/site-packages/airflow/example_dags/plugins/workday.py took 0.023 seconds
[2024-12-07T02:42:52.331-0300] {processor.py:186} INFO - Started process (PID=39211) to work on /home/crisu/miniconda3/envs/lab13.1/lib/python3.9/site-packages/airflow/example_dags/plugins/workday.py
[2024-12-07T02:42:52.446-0300] {processor.py:914} INFO - Processing file /home/crisu/miniconda3/envs/lab13.1/lib/python3.9/site-packages/airflow/example_dags/plugins/workday.py for tasks to queue
[2024-12-07T02:42:52.448-0300] {logging_mixin.py:190} INFO - [2024-12-07T02:42:52.448-0300] {dagbag.py:588} INFO - Filling up the DagBag from /home/crisu/miniconda3/envs/lab13.1/lib/python3.9/site-packages/airflow/example_dags/plugins/workday.py
[2024-12-07T02:42:52.451-0300] {processor.py:927} WARNING - No viable dags retrieved from /home/crisu/miniconda3/envs/lab13.1/lib/python3.9/site-packages/airflow/example_dags/plugins/workday.py
[2024-12-07T02:42:52.459-0300] {processor.py:208} INFO - Processing /home/crisu/miniconda3/envs/lab13.1/lib/python3.9/site-packages/airflow/example_dags/plugins/workday.py took 0.133 seconds
[2024-12-07T02:44:16.050-0300] {processor.py:186} INFO - Started process (PID=39614) to work on /home/crisu/miniconda3/envs/lab13.1/lib/python3.9/site-packages/airflow/example_dags/plugins/workday.py
[2024-12-07T02:44:16.088-0300] {processor.py:914} INFO - Processing file /home/crisu/miniconda3/envs/lab13.1/lib/python3.9/site-packages/airflow/example_dags/plugins/workday.py for tasks to queue
[2024-12-07T02:44:16.090-0300] {logging_mixin.py:190} INFO - [2024-12-07T02:44:16.090-0300] {dagbag.py:588} INFO - Filling up the DagBag from /home/crisu/miniconda3/envs/lab13.1/lib/python3.9/site-packages/airflow/example_dags/plugins/workday.py
[2024-12-07T02:44:16.093-0300] {processor.py:927} WARNING - No viable dags retrieved from /home/crisu/miniconda3/envs/lab13.1/lib/python3.9/site-packages/airflow/example_dags/plugins/workday.py
[2024-12-07T02:44:16.103-0300] {processor.py:208} INFO - Processing /home/crisu/miniconda3/envs/lab13.1/lib/python3.9/site-packages/airflow/example_dags/plugins/workday.py took 0.058 seconds
[2024-12-07T02:45:34.462-0300] {processor.py:186} INFO - Started process (PID=39797) to work on /home/crisu/miniconda3/envs/lab13.1/lib/python3.9/site-packages/airflow/example_dags/plugins/workday.py
[2024-12-07T02:45:34.474-0300] {processor.py:914} INFO - Processing file /home/crisu/miniconda3/envs/lab13.1/lib/python3.9/site-packages/airflow/example_dags/plugins/workday.py for tasks to queue
[2024-12-07T02:45:34.476-0300] {logging_mixin.py:190} INFO - [2024-12-07T02:45:34.476-0300] {dagbag.py:588} INFO - Filling up the DagBag from /home/crisu/miniconda3/envs/lab13.1/lib/python3.9/site-packages/airflow/example_dags/plugins/workday.py
[2024-12-07T02:45:34.478-0300] {processor.py:927} WARNING - No viable dags retrieved from /home/crisu/miniconda3/envs/lab13.1/lib/python3.9/site-packages/airflow/example_dags/plugins/workday.py
[2024-12-07T02:45:34.487-0300] {processor.py:208} INFO - Processing /home/crisu/miniconda3/envs/lab13.1/lib/python3.9/site-packages/airflow/example_dags/plugins/workday.py took 0.034 seconds
[2024-12-07T02:45:52.674-0300] {processor.py:186} INFO - Started process (PID=39885) to work on /home/crisu/miniconda3/envs/lab13.1/lib/python3.9/site-packages/airflow/example_dags/plugins/workday.py
[2024-12-07T02:45:52.675-0300] {processor.py:914} INFO - Processing file /home/crisu/miniconda3/envs/lab13.1/lib/python3.9/site-packages/airflow/example_dags/plugins/workday.py for tasks to queue
[2024-12-07T02:45:52.676-0300] {logging_mixin.py:190} INFO - [2024-12-07T02:45:52.676-0300] {dagbag.py:588} INFO - Filling up the DagBag from /home/crisu/miniconda3/envs/lab13.1/lib/python3.9/site-packages/airflow/example_dags/plugins/workday.py
[2024-12-07T02:45:52.679-0300] {processor.py:927} WARNING - No viable dags retrieved from /home/crisu/miniconda3/envs/lab13.1/lib/python3.9/site-packages/airflow/example_dags/plugins/workday.py
[2024-12-07T02:45:52.687-0300] {processor.py:208} INFO - Processing /home/crisu/miniconda3/envs/lab13.1/lib/python3.9/site-packages/airflow/example_dags/plugins/workday.py took 0.018 seconds
[2024-12-07T02:46:05.583-0300] {processor.py:186} INFO - Started process (PID=39967) to work on /home/crisu/miniconda3/envs/lab13.1/lib/python3.9/site-packages/airflow/example_dags/plugins/workday.py
[2024-12-07T02:46:05.584-0300] {processor.py:914} INFO - Processing file /home/crisu/miniconda3/envs/lab13.1/lib/python3.9/site-packages/airflow/example_dags/plugins/workday.py for tasks to queue
[2024-12-07T02:46:05.586-0300] {logging_mixin.py:190} INFO - [2024-12-07T02:46:05.586-0300] {dagbag.py:588} INFO - Filling up the DagBag from /home/crisu/miniconda3/envs/lab13.1/lib/python3.9/site-packages/airflow/example_dags/plugins/workday.py
[2024-12-07T02:46:05.589-0300] {processor.py:927} WARNING - No viable dags retrieved from /home/crisu/miniconda3/envs/lab13.1/lib/python3.9/site-packages/airflow/example_dags/plugins/workday.py
[2024-12-07T02:46:05.597-0300] {processor.py:208} INFO - Processing /home/crisu/miniconda3/envs/lab13.1/lib/python3.9/site-packages/airflow/example_dags/plugins/workday.py took 0.019 seconds
[2024-12-07T02:47:10.615-0300] {processor.py:186} INFO - Started process (PID=40134) to work on /home/crisu/miniconda3/envs/lab13.1/lib/python3.9/site-packages/airflow/example_dags/plugins/workday.py
[2024-12-07T02:47:10.668-0300] {processor.py:914} INFO - Processing file /home/crisu/miniconda3/envs/lab13.1/lib/python3.9/site-packages/airflow/example_dags/plugins/workday.py for tasks to queue
[2024-12-07T02:47:10.670-0300] {logging_mixin.py:190} INFO - [2024-12-07T02:47:10.669-0300] {dagbag.py:588} INFO - Filling up the DagBag from /home/crisu/miniconda3/envs/lab13.1/lib/python3.9/site-packages/airflow/example_dags/plugins/workday.py
[2024-12-07T02:47:10.672-0300] {processor.py:927} WARNING - No viable dags retrieved from /home/crisu/miniconda3/envs/lab13.1/lib/python3.9/site-packages/airflow/example_dags/plugins/workday.py
[2024-12-07T02:47:10.682-0300] {processor.py:208} INFO - Processing /home/crisu/miniconda3/envs/lab13.1/lib/python3.9/site-packages/airflow/example_dags/plugins/workday.py took 0.072 seconds
[2024-12-07T02:48:35.661-0300] {processor.py:186} INFO - Started process (PID=40405) to work on /home/crisu/miniconda3/envs/lab13.1/lib/python3.9/site-packages/airflow/example_dags/plugins/workday.py
[2024-12-07T02:48:35.662-0300] {processor.py:914} INFO - Processing file /home/crisu/miniconda3/envs/lab13.1/lib/python3.9/site-packages/airflow/example_dags/plugins/workday.py for tasks to queue
[2024-12-07T02:48:35.664-0300] {logging_mixin.py:190} INFO - [2024-12-07T02:48:35.663-0300] {dagbag.py:588} INFO - Filling up the DagBag from /home/crisu/miniconda3/envs/lab13.1/lib/python3.9/site-packages/airflow/example_dags/plugins/workday.py
[2024-12-07T02:48:35.666-0300] {processor.py:927} WARNING - No viable dags retrieved from /home/crisu/miniconda3/envs/lab13.1/lib/python3.9/site-packages/airflow/example_dags/plugins/workday.py
[2024-12-07T02:48:35.675-0300] {processor.py:208} INFO - Processing /home/crisu/miniconda3/envs/lab13.1/lib/python3.9/site-packages/airflow/example_dags/plugins/workday.py took 0.019 seconds
[2024-12-07T02:49:40.572-0300] {processor.py:186} INFO - Started process (PID=40640) to work on /home/crisu/miniconda3/envs/lab13.1/lib/python3.9/site-packages/airflow/example_dags/plugins/workday.py
[2024-12-07T02:49:40.573-0300] {processor.py:914} INFO - Processing file /home/crisu/miniconda3/envs/lab13.1/lib/python3.9/site-packages/airflow/example_dags/plugins/workday.py for tasks to queue
[2024-12-07T02:49:40.575-0300] {logging_mixin.py:190} INFO - [2024-12-07T02:49:40.574-0300] {dagbag.py:588} INFO - Filling up the DagBag from /home/crisu/miniconda3/envs/lab13.1/lib/python3.9/site-packages/airflow/example_dags/plugins/workday.py
[2024-12-07T02:49:40.577-0300] {processor.py:927} WARNING - No viable dags retrieved from /home/crisu/miniconda3/envs/lab13.1/lib/python3.9/site-packages/airflow/example_dags/plugins/workday.py
[2024-12-07T02:49:40.589-0300] {processor.py:208} INFO - Processing /home/crisu/miniconda3/envs/lab13.1/lib/python3.9/site-packages/airflow/example_dags/plugins/workday.py took 0.022 seconds
[2024-12-07T02:50:55.393-0300] {processor.py:186} INFO - Started process (PID=40922) to work on /home/crisu/miniconda3/envs/lab13.1/lib/python3.9/site-packages/airflow/example_dags/plugins/workday.py
[2024-12-07T02:50:55.397-0300] {processor.py:914} INFO - Processing file /home/crisu/miniconda3/envs/lab13.1/lib/python3.9/site-packages/airflow/example_dags/plugins/workday.py for tasks to queue
[2024-12-07T02:50:55.399-0300] {logging_mixin.py:190} INFO - [2024-12-07T02:50:55.399-0300] {dagbag.py:588} INFO - Filling up the DagBag from /home/crisu/miniconda3/envs/lab13.1/lib/python3.9/site-packages/airflow/example_dags/plugins/workday.py
[2024-12-07T02:50:55.401-0300] {processor.py:927} WARNING - No viable dags retrieved from /home/crisu/miniconda3/envs/lab13.1/lib/python3.9/site-packages/airflow/example_dags/plugins/workday.py
[2024-12-07T02:50:55.410-0300] {processor.py:208} INFO - Processing /home/crisu/miniconda3/envs/lab13.1/lib/python3.9/site-packages/airflow/example_dags/plugins/workday.py took 0.024 seconds
[2024-12-07T02:52:37.430-0300] {processor.py:186} INFO - Started process (PID=41090) to work on /home/crisu/miniconda3/envs/lab13.1/lib/python3.9/site-packages/airflow/example_dags/plugins/workday.py
[2024-12-07T02:52:37.439-0300] {processor.py:914} INFO - Processing file /home/crisu/miniconda3/envs/lab13.1/lib/python3.9/site-packages/airflow/example_dags/plugins/workday.py for tasks to queue
[2024-12-07T02:52:37.441-0300] {logging_mixin.py:190} INFO - [2024-12-07T02:52:37.440-0300] {dagbag.py:588} INFO - Filling up the DagBag from /home/crisu/miniconda3/envs/lab13.1/lib/python3.9/site-packages/airflow/example_dags/plugins/workday.py
[2024-12-07T02:52:37.443-0300] {processor.py:927} WARNING - No viable dags retrieved from /home/crisu/miniconda3/envs/lab13.1/lib/python3.9/site-packages/airflow/example_dags/plugins/workday.py
[2024-12-07T02:52:38.286-0300] {processor.py:208} INFO - Processing /home/crisu/miniconda3/envs/lab13.1/lib/python3.9/site-packages/airflow/example_dags/plugins/workday.py took 0.864 seconds
[2024-12-07T02:54:11.372-0300] {processor.py:186} INFO - Started process (PID=41273) to work on /home/crisu/miniconda3/envs/lab13.1/lib/python3.9/site-packages/airflow/example_dags/plugins/workday.py
[2024-12-07T02:54:11.378-0300] {processor.py:914} INFO - Processing file /home/crisu/miniconda3/envs/lab13.1/lib/python3.9/site-packages/airflow/example_dags/plugins/workday.py for tasks to queue
[2024-12-07T02:54:11.379-0300] {logging_mixin.py:190} INFO - [2024-12-07T02:54:11.379-0300] {dagbag.py:588} INFO - Filling up the DagBag from /home/crisu/miniconda3/envs/lab13.1/lib/python3.9/site-packages/airflow/example_dags/plugins/workday.py
[2024-12-07T02:54:11.381-0300] {processor.py:927} WARNING - No viable dags retrieved from /home/crisu/miniconda3/envs/lab13.1/lib/python3.9/site-packages/airflow/example_dags/plugins/workday.py
[2024-12-07T02:54:11.391-0300] {processor.py:208} INFO - Processing /home/crisu/miniconda3/envs/lab13.1/lib/python3.9/site-packages/airflow/example_dags/plugins/workday.py took 0.025 seconds
[2024-12-07T03:19:05.230-0300] {processor.py:186} INFO - Started process (PID=42570) to work on /home/crisu/miniconda3/envs/lab13.1/lib/python3.9/site-packages/airflow/example_dags/plugins/workday.py
[2024-12-07T03:19:05.262-0300] {processor.py:914} INFO - Processing file /home/crisu/miniconda3/envs/lab13.1/lib/python3.9/site-packages/airflow/example_dags/plugins/workday.py for tasks to queue
[2024-12-07T03:19:05.263-0300] {logging_mixin.py:190} INFO - [2024-12-07T03:19:05.263-0300] {dagbag.py:588} INFO - Filling up the DagBag from /home/crisu/miniconda3/envs/lab13.1/lib/python3.9/site-packages/airflow/example_dags/plugins/workday.py
[2024-12-07T03:19:05.265-0300] {processor.py:927} WARNING - No viable dags retrieved from /home/crisu/miniconda3/envs/lab13.1/lib/python3.9/site-packages/airflow/example_dags/plugins/workday.py
[2024-12-07T03:19:05.276-0300] {processor.py:208} INFO - Processing /home/crisu/miniconda3/envs/lab13.1/lib/python3.9/site-packages/airflow/example_dags/plugins/workday.py took 0.052 seconds
[2024-12-07T03:22:35.869-0300] {processor.py:186} INFO - Started process (PID=42804) to work on /home/crisu/miniconda3/envs/lab13.1/lib/python3.9/site-packages/airflow/example_dags/plugins/workday.py
[2024-12-07T03:22:35.988-0300] {processor.py:914} INFO - Processing file /home/crisu/miniconda3/envs/lab13.1/lib/python3.9/site-packages/airflow/example_dags/plugins/workday.py for tasks to queue
[2024-12-07T03:22:35.990-0300] {logging_mixin.py:190} INFO - [2024-12-07T03:22:35.989-0300] {dagbag.py:588} INFO - Filling up the DagBag from /home/crisu/miniconda3/envs/lab13.1/lib/python3.9/site-packages/airflow/example_dags/plugins/workday.py
[2024-12-07T03:22:35.992-0300] {processor.py:927} WARNING - No viable dags retrieved from /home/crisu/miniconda3/envs/lab13.1/lib/python3.9/site-packages/airflow/example_dags/plugins/workday.py
[2024-12-07T03:22:36.003-0300] {processor.py:208} INFO - Processing /home/crisu/miniconda3/envs/lab13.1/lib/python3.9/site-packages/airflow/example_dags/plugins/workday.py took 0.138 seconds
[2024-12-07T03:25:57.658-0300] {processor.py:186} INFO - Started process (PID=43374) to work on /home/crisu/miniconda3/envs/lab13.1/lib/python3.9/site-packages/airflow/example_dags/plugins/workday.py
[2024-12-07T03:25:57.823-0300] {processor.py:914} INFO - Processing file /home/crisu/miniconda3/envs/lab13.1/lib/python3.9/site-packages/airflow/example_dags/plugins/workday.py for tasks to queue
[2024-12-07T03:25:57.825-0300] {logging_mixin.py:190} INFO - [2024-12-07T03:25:57.825-0300] {dagbag.py:588} INFO - Filling up the DagBag from /home/crisu/miniconda3/envs/lab13.1/lib/python3.9/site-packages/airflow/example_dags/plugins/workday.py
[2024-12-07T03:25:57.828-0300] {processor.py:927} WARNING - No viable dags retrieved from /home/crisu/miniconda3/envs/lab13.1/lib/python3.9/site-packages/airflow/example_dags/plugins/workday.py
[2024-12-07T03:25:57.836-0300] {processor.py:208} INFO - Processing /home/crisu/miniconda3/envs/lab13.1/lib/python3.9/site-packages/airflow/example_dags/plugins/workday.py took 0.183 seconds
[2024-12-07T03:29:05.844-0300] {processor.py:186} INFO - Started process (PID=43788) to work on /home/crisu/miniconda3/envs/lab13.1/lib/python3.9/site-packages/airflow/example_dags/plugins/workday.py
[2024-12-07T03:29:05.863-0300] {processor.py:914} INFO - Processing file /home/crisu/miniconda3/envs/lab13.1/lib/python3.9/site-packages/airflow/example_dags/plugins/workday.py for tasks to queue
[2024-12-07T03:29:05.867-0300] {logging_mixin.py:190} INFO - [2024-12-07T03:29:05.867-0300] {dagbag.py:588} INFO - Filling up the DagBag from /home/crisu/miniconda3/envs/lab13.1/lib/python3.9/site-packages/airflow/example_dags/plugins/workday.py
[2024-12-07T03:29:05.870-0300] {processor.py:927} WARNING - No viable dags retrieved from /home/crisu/miniconda3/envs/lab13.1/lib/python3.9/site-packages/airflow/example_dags/plugins/workday.py
[2024-12-07T03:29:05.882-0300] {processor.py:208} INFO - Processing /home/crisu/miniconda3/envs/lab13.1/lib/python3.9/site-packages/airflow/example_dags/plugins/workday.py took 0.045 seconds
[2024-12-07T03:31:00.296-0300] {processor.py:186} INFO - Started process (PID=43982) to work on /home/crisu/miniconda3/envs/lab13.1/lib/python3.9/site-packages/airflow/example_dags/plugins/workday.py
[2024-12-07T03:31:00.319-0300] {processor.py:914} INFO - Processing file /home/crisu/miniconda3/envs/lab13.1/lib/python3.9/site-packages/airflow/example_dags/plugins/workday.py for tasks to queue
[2024-12-07T03:31:00.321-0300] {logging_mixin.py:190} INFO - [2024-12-07T03:31:00.320-0300] {dagbag.py:588} INFO - Filling up the DagBag from /home/crisu/miniconda3/envs/lab13.1/lib/python3.9/site-packages/airflow/example_dags/plugins/workday.py
[2024-12-07T03:31:00.324-0300] {processor.py:927} WARNING - No viable dags retrieved from /home/crisu/miniconda3/envs/lab13.1/lib/python3.9/site-packages/airflow/example_dags/plugins/workday.py
[2024-12-07T03:31:00.336-0300] {processor.py:208} INFO - Processing /home/crisu/miniconda3/envs/lab13.1/lib/python3.9/site-packages/airflow/example_dags/plugins/workday.py took 0.046 seconds
[2024-12-07T03:35:18.844-0300] {processor.py:186} INFO - Started process (PID=44698) to work on /home/crisu/miniconda3/envs/lab13.1/lib/python3.9/site-packages/airflow/example_dags/plugins/workday.py
[2024-12-07T03:35:18.881-0300] {processor.py:914} INFO - Processing file /home/crisu/miniconda3/envs/lab13.1/lib/python3.9/site-packages/airflow/example_dags/plugins/workday.py for tasks to queue
[2024-12-07T03:35:18.882-0300] {logging_mixin.py:190} INFO - [2024-12-07T03:35:18.882-0300] {dagbag.py:588} INFO - Filling up the DagBag from /home/crisu/miniconda3/envs/lab13.1/lib/python3.9/site-packages/airflow/example_dags/plugins/workday.py
[2024-12-07T03:35:18.885-0300] {processor.py:927} WARNING - No viable dags retrieved from /home/crisu/miniconda3/envs/lab13.1/lib/python3.9/site-packages/airflow/example_dags/plugins/workday.py
[2024-12-07T03:35:18.894-0300] {processor.py:208} INFO - Processing /home/crisu/miniconda3/envs/lab13.1/lib/python3.9/site-packages/airflow/example_dags/plugins/workday.py took 0.055 seconds
[2024-12-07T03:36:12.579-0300] {processor.py:186} INFO - Started process (PID=44816) to work on /home/crisu/miniconda3/envs/lab13.1/lib/python3.9/site-packages/airflow/example_dags/plugins/workday.py
[2024-12-07T03:36:12.591-0300] {processor.py:914} INFO - Processing file /home/crisu/miniconda3/envs/lab13.1/lib/python3.9/site-packages/airflow/example_dags/plugins/workday.py for tasks to queue
[2024-12-07T03:36:12.592-0300] {logging_mixin.py:190} INFO - [2024-12-07T03:36:12.592-0300] {dagbag.py:588} INFO - Filling up the DagBag from /home/crisu/miniconda3/envs/lab13.1/lib/python3.9/site-packages/airflow/example_dags/plugins/workday.py
[2024-12-07T03:36:12.595-0300] {processor.py:927} WARNING - No viable dags retrieved from /home/crisu/miniconda3/envs/lab13.1/lib/python3.9/site-packages/airflow/example_dags/plugins/workday.py
[2024-12-07T03:36:12.604-0300] {processor.py:208} INFO - Processing /home/crisu/miniconda3/envs/lab13.1/lib/python3.9/site-packages/airflow/example_dags/plugins/workday.py took 0.031 seconds
[2024-12-07T03:37:23.597-0300] {processor.py:186} INFO - Started process (PID=44925) to work on /home/crisu/miniconda3/envs/lab13.1/lib/python3.9/site-packages/airflow/example_dags/plugins/workday.py
[2024-12-07T03:37:23.615-0300] {processor.py:914} INFO - Processing file /home/crisu/miniconda3/envs/lab13.1/lib/python3.9/site-packages/airflow/example_dags/plugins/workday.py for tasks to queue
[2024-12-07T03:37:23.616-0300] {logging_mixin.py:190} INFO - [2024-12-07T03:37:23.616-0300] {dagbag.py:588} INFO - Filling up the DagBag from /home/crisu/miniconda3/envs/lab13.1/lib/python3.9/site-packages/airflow/example_dags/plugins/workday.py
[2024-12-07T03:37:23.618-0300] {processor.py:927} WARNING - No viable dags retrieved from /home/crisu/miniconda3/envs/lab13.1/lib/python3.9/site-packages/airflow/example_dags/plugins/workday.py
[2024-12-07T03:37:23.627-0300] {processor.py:208} INFO - Processing /home/crisu/miniconda3/envs/lab13.1/lib/python3.9/site-packages/airflow/example_dags/plugins/workday.py took 0.036 seconds
[2024-12-07T03:38:18.384-0300] {processor.py:186} INFO - Started process (PID=45019) to work on /home/crisu/miniconda3/envs/lab13.1/lib/python3.9/site-packages/airflow/example_dags/plugins/workday.py
[2024-12-07T03:38:18.392-0300] {processor.py:914} INFO - Processing file /home/crisu/miniconda3/envs/lab13.1/lib/python3.9/site-packages/airflow/example_dags/plugins/workday.py for tasks to queue
[2024-12-07T03:38:18.393-0300] {logging_mixin.py:190} INFO - [2024-12-07T03:38:18.393-0300] {dagbag.py:588} INFO - Filling up the DagBag from /home/crisu/miniconda3/envs/lab13.1/lib/python3.9/site-packages/airflow/example_dags/plugins/workday.py
[2024-12-07T03:38:18.396-0300] {processor.py:927} WARNING - No viable dags retrieved from /home/crisu/miniconda3/envs/lab13.1/lib/python3.9/site-packages/airflow/example_dags/plugins/workday.py
[2024-12-07T03:38:18.404-0300] {processor.py:208} INFO - Processing /home/crisu/miniconda3/envs/lab13.1/lib/python3.9/site-packages/airflow/example_dags/plugins/workday.py took 0.025 seconds
[2024-12-07T03:38:56.707-0300] {processor.py:186} INFO - Started process (PID=45106) to work on /home/crisu/miniconda3/envs/lab13.1/lib/python3.9/site-packages/airflow/example_dags/plugins/workday.py
[2024-12-07T03:38:56.716-0300] {processor.py:914} INFO - Processing file /home/crisu/miniconda3/envs/lab13.1/lib/python3.9/site-packages/airflow/example_dags/plugins/workday.py for tasks to queue
[2024-12-07T03:38:56.717-0300] {logging_mixin.py:190} INFO - [2024-12-07T03:38:56.717-0300] {dagbag.py:588} INFO - Filling up the DagBag from /home/crisu/miniconda3/envs/lab13.1/lib/python3.9/site-packages/airflow/example_dags/plugins/workday.py
[2024-12-07T03:38:56.720-0300] {processor.py:927} WARNING - No viable dags retrieved from /home/crisu/miniconda3/envs/lab13.1/lib/python3.9/site-packages/airflow/example_dags/plugins/workday.py
[2024-12-07T03:38:56.730-0300] {processor.py:208} INFO - Processing /home/crisu/miniconda3/envs/lab13.1/lib/python3.9/site-packages/airflow/example_dags/plugins/workday.py took 0.028 seconds
[2024-12-07T03:39:37.245-0300] {processor.py:186} INFO - Started process (PID=45180) to work on /home/crisu/miniconda3/envs/lab13.1/lib/python3.9/site-packages/airflow/example_dags/plugins/workday.py
[2024-12-07T03:39:37.252-0300] {processor.py:914} INFO - Processing file /home/crisu/miniconda3/envs/lab13.1/lib/python3.9/site-packages/airflow/example_dags/plugins/workday.py for tasks to queue
[2024-12-07T03:39:37.254-0300] {logging_mixin.py:190} INFO - [2024-12-07T03:39:37.253-0300] {dagbag.py:588} INFO - Filling up the DagBag from /home/crisu/miniconda3/envs/lab13.1/lib/python3.9/site-packages/airflow/example_dags/plugins/workday.py
[2024-12-07T03:39:37.257-0300] {processor.py:927} WARNING - No viable dags retrieved from /home/crisu/miniconda3/envs/lab13.1/lib/python3.9/site-packages/airflow/example_dags/plugins/workday.py
[2024-12-07T03:39:37.268-0300] {processor.py:208} INFO - Processing /home/crisu/miniconda3/envs/lab13.1/lib/python3.9/site-packages/airflow/example_dags/plugins/workday.py took 0.029 seconds
[2024-12-07T03:40:15.637-0300] {processor.py:186} INFO - Started process (PID=45245) to work on /home/crisu/miniconda3/envs/lab13.1/lib/python3.9/site-packages/airflow/example_dags/plugins/workday.py
[2024-12-07T03:40:15.642-0300] {processor.py:914} INFO - Processing file /home/crisu/miniconda3/envs/lab13.1/lib/python3.9/site-packages/airflow/example_dags/plugins/workday.py for tasks to queue
[2024-12-07T03:40:15.643-0300] {logging_mixin.py:190} INFO - [2024-12-07T03:40:15.643-0300] {dagbag.py:588} INFO - Filling up the DagBag from /home/crisu/miniconda3/envs/lab13.1/lib/python3.9/site-packages/airflow/example_dags/plugins/workday.py
[2024-12-07T03:40:15.645-0300] {processor.py:927} WARNING - No viable dags retrieved from /home/crisu/miniconda3/envs/lab13.1/lib/python3.9/site-packages/airflow/example_dags/plugins/workday.py
[2024-12-07T03:40:15.656-0300] {processor.py:208} INFO - Processing /home/crisu/miniconda3/envs/lab13.1/lib/python3.9/site-packages/airflow/example_dags/plugins/workday.py took 0.027 seconds
[2024-12-07T03:40:52.198-0300] {processor.py:186} INFO - Started process (PID=45325) to work on /home/crisu/miniconda3/envs/lab13.1/lib/python3.9/site-packages/airflow/example_dags/plugins/workday.py
[2024-12-07T03:40:52.199-0300] {processor.py:914} INFO - Processing file /home/crisu/miniconda3/envs/lab13.1/lib/python3.9/site-packages/airflow/example_dags/plugins/workday.py for tasks to queue
[2024-12-07T03:40:52.200-0300] {logging_mixin.py:190} INFO - [2024-12-07T03:40:52.200-0300] {dagbag.py:588} INFO - Filling up the DagBag from /home/crisu/miniconda3/envs/lab13.1/lib/python3.9/site-packages/airflow/example_dags/plugins/workday.py
[2024-12-07T03:40:52.203-0300] {processor.py:927} WARNING - No viable dags retrieved from /home/crisu/miniconda3/envs/lab13.1/lib/python3.9/site-packages/airflow/example_dags/plugins/workday.py
[2024-12-07T03:40:52.211-0300] {processor.py:208} INFO - Processing /home/crisu/miniconda3/envs/lab13.1/lib/python3.9/site-packages/airflow/example_dags/plugins/workday.py took 0.019 seconds
[2024-12-07T03:43:41.987-0300] {processor.py:186} INFO - Started process (PID=45795) to work on /home/crisu/miniconda3/envs/lab13.1/lib/python3.9/site-packages/airflow/example_dags/plugins/workday.py
[2024-12-07T03:43:41.995-0300] {processor.py:914} INFO - Processing file /home/crisu/miniconda3/envs/lab13.1/lib/python3.9/site-packages/airflow/example_dags/plugins/workday.py for tasks to queue
[2024-12-07T03:43:41.997-0300] {logging_mixin.py:190} INFO - [2024-12-07T03:43:41.997-0300] {dagbag.py:588} INFO - Filling up the DagBag from /home/crisu/miniconda3/envs/lab13.1/lib/python3.9/site-packages/airflow/example_dags/plugins/workday.py
[2024-12-07T03:43:42.000-0300] {processor.py:927} WARNING - No viable dags retrieved from /home/crisu/miniconda3/envs/lab13.1/lib/python3.9/site-packages/airflow/example_dags/plugins/workday.py
[2024-12-07T03:43:42.010-0300] {processor.py:208} INFO - Processing /home/crisu/miniconda3/envs/lab13.1/lib/python3.9/site-packages/airflow/example_dags/plugins/workday.py took 0.028 seconds
[2024-12-07T03:47:27.680-0300] {processor.py:186} INFO - Started process (PID=46569) to work on /home/crisu/miniconda3/envs/lab13.1/lib/python3.9/site-packages/airflow/example_dags/plugins/workday.py
[2024-12-07T03:47:27.764-0300] {processor.py:914} INFO - Processing file /home/crisu/miniconda3/envs/lab13.1/lib/python3.9/site-packages/airflow/example_dags/plugins/workday.py for tasks to queue
[2024-12-07T03:47:27.766-0300] {logging_mixin.py:190} INFO - [2024-12-07T03:47:27.765-0300] {dagbag.py:588} INFO - Filling up the DagBag from /home/crisu/miniconda3/envs/lab13.1/lib/python3.9/site-packages/airflow/example_dags/plugins/workday.py
[2024-12-07T03:47:27.769-0300] {processor.py:927} WARNING - No viable dags retrieved from /home/crisu/miniconda3/envs/lab13.1/lib/python3.9/site-packages/airflow/example_dags/plugins/workday.py
[2024-12-07T03:47:27.781-0300] {processor.py:208} INFO - Processing /home/crisu/miniconda3/envs/lab13.1/lib/python3.9/site-packages/airflow/example_dags/plugins/workday.py took 0.109 seconds
[2024-12-07T03:49:32.478-0300] {processor.py:186} INFO - Started process (PID=46864) to work on /home/crisu/miniconda3/envs/lab13.1/lib/python3.9/site-packages/airflow/example_dags/plugins/workday.py
[2024-12-07T03:49:32.523-0300] {processor.py:914} INFO - Processing file /home/crisu/miniconda3/envs/lab13.1/lib/python3.9/site-packages/airflow/example_dags/plugins/workday.py for tasks to queue
[2024-12-07T03:49:32.525-0300] {logging_mixin.py:190} INFO - [2024-12-07T03:49:32.525-0300] {dagbag.py:588} INFO - Filling up the DagBag from /home/crisu/miniconda3/envs/lab13.1/lib/python3.9/site-packages/airflow/example_dags/plugins/workday.py
[2024-12-07T03:49:32.527-0300] {processor.py:927} WARNING - No viable dags retrieved from /home/crisu/miniconda3/envs/lab13.1/lib/python3.9/site-packages/airflow/example_dags/plugins/workday.py
[2024-12-07T03:49:32.537-0300] {processor.py:208} INFO - Processing /home/crisu/miniconda3/envs/lab13.1/lib/python3.9/site-packages/airflow/example_dags/plugins/workday.py took 0.065 seconds
[2024-12-07T03:51:13.094-0300] {processor.py:186} INFO - Started process (PID=46982) to work on /home/crisu/miniconda3/envs/lab13.1/lib/python3.9/site-packages/airflow/example_dags/plugins/workday.py
[2024-12-07T03:51:13.114-0300] {processor.py:914} INFO - Processing file /home/crisu/miniconda3/envs/lab13.1/lib/python3.9/site-packages/airflow/example_dags/plugins/workday.py for tasks to queue
[2024-12-07T03:51:13.117-0300] {logging_mixin.py:190} INFO - [2024-12-07T03:51:13.116-0300] {dagbag.py:588} INFO - Filling up the DagBag from /home/crisu/miniconda3/envs/lab13.1/lib/python3.9/site-packages/airflow/example_dags/plugins/workday.py
[2024-12-07T03:51:13.119-0300] {processor.py:927} WARNING - No viable dags retrieved from /home/crisu/miniconda3/envs/lab13.1/lib/python3.9/site-packages/airflow/example_dags/plugins/workday.py
[2024-12-07T03:51:13.129-0300] {processor.py:208} INFO - Processing /home/crisu/miniconda3/envs/lab13.1/lib/python3.9/site-packages/airflow/example_dags/plugins/workday.py took 0.041 seconds
[2024-12-07T03:52:00.258-0300] {processor.py:186} INFO - Started process (PID=47043) to work on /home/crisu/miniconda3/envs/lab13.1/lib/python3.9/site-packages/airflow/example_dags/plugins/workday.py
[2024-12-07T03:52:00.264-0300] {processor.py:914} INFO - Processing file /home/crisu/miniconda3/envs/lab13.1/lib/python3.9/site-packages/airflow/example_dags/plugins/workday.py for tasks to queue
[2024-12-07T03:52:00.266-0300] {logging_mixin.py:190} INFO - [2024-12-07T03:52:00.266-0300] {dagbag.py:588} INFO - Filling up the DagBag from /home/crisu/miniconda3/envs/lab13.1/lib/python3.9/site-packages/airflow/example_dags/plugins/workday.py
[2024-12-07T03:52:00.269-0300] {processor.py:927} WARNING - No viable dags retrieved from /home/crisu/miniconda3/envs/lab13.1/lib/python3.9/site-packages/airflow/example_dags/plugins/workday.py
[2024-12-07T03:52:00.278-0300] {processor.py:208} INFO - Processing /home/crisu/miniconda3/envs/lab13.1/lib/python3.9/site-packages/airflow/example_dags/plugins/workday.py took 0.025 seconds
[2024-12-07T03:52:41.076-0300] {processor.py:186} INFO - Started process (PID=47129) to work on /home/crisu/miniconda3/envs/lab13.1/lib/python3.9/site-packages/airflow/example_dags/plugins/workday.py
[2024-12-07T03:52:41.093-0300] {processor.py:914} INFO - Processing file /home/crisu/miniconda3/envs/lab13.1/lib/python3.9/site-packages/airflow/example_dags/plugins/workday.py for tasks to queue
[2024-12-07T03:52:41.095-0300] {logging_mixin.py:190} INFO - [2024-12-07T03:52:41.095-0300] {dagbag.py:588} INFO - Filling up the DagBag from /home/crisu/miniconda3/envs/lab13.1/lib/python3.9/site-packages/airflow/example_dags/plugins/workday.py
[2024-12-07T03:52:41.098-0300] {processor.py:927} WARNING - No viable dags retrieved from /home/crisu/miniconda3/envs/lab13.1/lib/python3.9/site-packages/airflow/example_dags/plugins/workday.py
[2024-12-07T03:52:41.108-0300] {processor.py:208} INFO - Processing /home/crisu/miniconda3/envs/lab13.1/lib/python3.9/site-packages/airflow/example_dags/plugins/workday.py took 0.039 seconds
[2024-12-07T03:53:41.299-0300] {processor.py:186} INFO - Started process (PID=47220) to work on /home/crisu/miniconda3/envs/lab13.1/lib/python3.9/site-packages/airflow/example_dags/plugins/workday.py
[2024-12-07T03:53:41.399-0300] {processor.py:914} INFO - Processing file /home/crisu/miniconda3/envs/lab13.1/lib/python3.9/site-packages/airflow/example_dags/plugins/workday.py for tasks to queue
[2024-12-07T03:53:41.401-0300] {logging_mixin.py:190} INFO - [2024-12-07T03:53:41.401-0300] {dagbag.py:588} INFO - Filling up the DagBag from /home/crisu/miniconda3/envs/lab13.1/lib/python3.9/site-packages/airflow/example_dags/plugins/workday.py
[2024-12-07T03:53:41.403-0300] {processor.py:927} WARNING - No viable dags retrieved from /home/crisu/miniconda3/envs/lab13.1/lib/python3.9/site-packages/airflow/example_dags/plugins/workday.py
[2024-12-07T03:53:41.412-0300] {processor.py:208} INFO - Processing /home/crisu/miniconda3/envs/lab13.1/lib/python3.9/site-packages/airflow/example_dags/plugins/workday.py took 0.119 seconds
[2024-12-07T03:54:50.329-0300] {processor.py:186} INFO - Started process (PID=47360) to work on /home/crisu/miniconda3/envs/lab13.1/lib/python3.9/site-packages/airflow/example_dags/plugins/workday.py
[2024-12-07T03:54:50.336-0300] {processor.py:914} INFO - Processing file /home/crisu/miniconda3/envs/lab13.1/lib/python3.9/site-packages/airflow/example_dags/plugins/workday.py for tasks to queue
[2024-12-07T03:54:50.338-0300] {logging_mixin.py:190} INFO - [2024-12-07T03:54:50.338-0300] {dagbag.py:588} INFO - Filling up the DagBag from /home/crisu/miniconda3/envs/lab13.1/lib/python3.9/site-packages/airflow/example_dags/plugins/workday.py
[2024-12-07T03:54:50.340-0300] {processor.py:927} WARNING - No viable dags retrieved from /home/crisu/miniconda3/envs/lab13.1/lib/python3.9/site-packages/airflow/example_dags/plugins/workday.py
[2024-12-07T03:54:50.348-0300] {processor.py:208} INFO - Processing /home/crisu/miniconda3/envs/lab13.1/lib/python3.9/site-packages/airflow/example_dags/plugins/workday.py took 0.025 seconds
[2024-12-07T03:55:56.767-0300] {processor.py:186} INFO - Started process (PID=47532) to work on /home/crisu/miniconda3/envs/lab13.1/lib/python3.9/site-packages/airflow/example_dags/plugins/workday.py
[2024-12-07T03:55:56.804-0300] {processor.py:914} INFO - Processing file /home/crisu/miniconda3/envs/lab13.1/lib/python3.9/site-packages/airflow/example_dags/plugins/workday.py for tasks to queue
[2024-12-07T03:55:56.807-0300] {logging_mixin.py:190} INFO - [2024-12-07T03:55:56.806-0300] {dagbag.py:588} INFO - Filling up the DagBag from /home/crisu/miniconda3/envs/lab13.1/lib/python3.9/site-packages/airflow/example_dags/plugins/workday.py
[2024-12-07T03:55:56.809-0300] {processor.py:927} WARNING - No viable dags retrieved from /home/crisu/miniconda3/envs/lab13.1/lib/python3.9/site-packages/airflow/example_dags/plugins/workday.py
[2024-12-07T03:55:56.818-0300] {processor.py:208} INFO - Processing /home/crisu/miniconda3/envs/lab13.1/lib/python3.9/site-packages/airflow/example_dags/plugins/workday.py took 0.056 seconds
[2024-12-07T03:56:47.548-0300] {processor.py:186} INFO - Started process (PID=47610) to work on /home/crisu/miniconda3/envs/lab13.1/lib/python3.9/site-packages/airflow/example_dags/plugins/workday.py
[2024-12-07T03:56:47.620-0300] {processor.py:914} INFO - Processing file /home/crisu/miniconda3/envs/lab13.1/lib/python3.9/site-packages/airflow/example_dags/plugins/workday.py for tasks to queue
[2024-12-07T03:56:47.622-0300] {logging_mixin.py:190} INFO - [2024-12-07T03:56:47.622-0300] {dagbag.py:588} INFO - Filling up the DagBag from /home/crisu/miniconda3/envs/lab13.1/lib/python3.9/site-packages/airflow/example_dags/plugins/workday.py
[2024-12-07T03:56:47.624-0300] {processor.py:927} WARNING - No viable dags retrieved from /home/crisu/miniconda3/envs/lab13.1/lib/python3.9/site-packages/airflow/example_dags/plugins/workday.py
[2024-12-07T03:56:47.634-0300] {processor.py:208} INFO - Processing /home/crisu/miniconda3/envs/lab13.1/lib/python3.9/site-packages/airflow/example_dags/plugins/workday.py took 0.090 seconds
[2024-12-07T03:57:27.441-0300] {processor.py:186} INFO - Started process (PID=47685) to work on /home/crisu/miniconda3/envs/lab13.1/lib/python3.9/site-packages/airflow/example_dags/plugins/workday.py
[2024-12-07T03:57:27.449-0300] {processor.py:914} INFO - Processing file /home/crisu/miniconda3/envs/lab13.1/lib/python3.9/site-packages/airflow/example_dags/plugins/workday.py for tasks to queue
[2024-12-07T03:57:27.451-0300] {logging_mixin.py:190} INFO - [2024-12-07T03:57:27.450-0300] {dagbag.py:588} INFO - Filling up the DagBag from /home/crisu/miniconda3/envs/lab13.1/lib/python3.9/site-packages/airflow/example_dags/plugins/workday.py
[2024-12-07T03:57:27.453-0300] {processor.py:927} WARNING - No viable dags retrieved from /home/crisu/miniconda3/envs/lab13.1/lib/python3.9/site-packages/airflow/example_dags/plugins/workday.py
[2024-12-07T03:57:27.462-0300] {processor.py:208} INFO - Processing /home/crisu/miniconda3/envs/lab13.1/lib/python3.9/site-packages/airflow/example_dags/plugins/workday.py took 0.027 seconds
[2024-12-07T03:58:06.730-0300] {processor.py:186} INFO - Started process (PID=47740) to work on /home/crisu/miniconda3/envs/lab13.1/lib/python3.9/site-packages/airflow/example_dags/plugins/workday.py
[2024-12-07T03:58:06.736-0300] {processor.py:914} INFO - Processing file /home/crisu/miniconda3/envs/lab13.1/lib/python3.9/site-packages/airflow/example_dags/plugins/workday.py for tasks to queue
[2024-12-07T03:58:06.737-0300] {logging_mixin.py:190} INFO - [2024-12-07T03:58:06.737-0300] {dagbag.py:588} INFO - Filling up the DagBag from /home/crisu/miniconda3/envs/lab13.1/lib/python3.9/site-packages/airflow/example_dags/plugins/workday.py
[2024-12-07T03:58:06.740-0300] {processor.py:927} WARNING - No viable dags retrieved from /home/crisu/miniconda3/envs/lab13.1/lib/python3.9/site-packages/airflow/example_dags/plugins/workday.py
[2024-12-07T03:58:06.749-0300] {processor.py:208} INFO - Processing /home/crisu/miniconda3/envs/lab13.1/lib/python3.9/site-packages/airflow/example_dags/plugins/workday.py took 0.027 seconds
[2024-12-07T03:58:45.510-0300] {processor.py:186} INFO - Started process (PID=47902) to work on /home/crisu/miniconda3/envs/lab13.1/lib/python3.9/site-packages/airflow/example_dags/plugins/workday.py
[2024-12-07T03:58:45.523-0300] {processor.py:914} INFO - Processing file /home/crisu/miniconda3/envs/lab13.1/lib/python3.9/site-packages/airflow/example_dags/plugins/workday.py for tasks to queue
[2024-12-07T03:58:45.525-0300] {logging_mixin.py:190} INFO - [2024-12-07T03:58:45.525-0300] {dagbag.py:588} INFO - Filling up the DagBag from /home/crisu/miniconda3/envs/lab13.1/lib/python3.9/site-packages/airflow/example_dags/plugins/workday.py
[2024-12-07T03:58:45.527-0300] {processor.py:927} WARNING - No viable dags retrieved from /home/crisu/miniconda3/envs/lab13.1/lib/python3.9/site-packages/airflow/example_dags/plugins/workday.py
[2024-12-07T03:58:45.536-0300] {processor.py:208} INFO - Processing /home/crisu/miniconda3/envs/lab13.1/lib/python3.9/site-packages/airflow/example_dags/plugins/workday.py took 0.031 seconds
[2024-12-07T04:00:01.710-0300] {processor.py:186} INFO - Started process (PID=48008) to work on /home/crisu/miniconda3/envs/lab13.1/lib/python3.9/site-packages/airflow/example_dags/plugins/workday.py
[2024-12-07T04:00:01.838-0300] {processor.py:914} INFO - Processing file /home/crisu/miniconda3/envs/lab13.1/lib/python3.9/site-packages/airflow/example_dags/plugins/workday.py for tasks to queue
[2024-12-07T04:00:01.840-0300] {logging_mixin.py:190} INFO - [2024-12-07T04:00:01.840-0300] {dagbag.py:588} INFO - Filling up the DagBag from /home/crisu/miniconda3/envs/lab13.1/lib/python3.9/site-packages/airflow/example_dags/plugins/workday.py
[2024-12-07T04:00:01.842-0300] {processor.py:927} WARNING - No viable dags retrieved from /home/crisu/miniconda3/envs/lab13.1/lib/python3.9/site-packages/airflow/example_dags/plugins/workday.py
[2024-12-07T04:00:01.851-0300] {processor.py:208} INFO - Processing /home/crisu/miniconda3/envs/lab13.1/lib/python3.9/site-packages/airflow/example_dags/plugins/workday.py took 0.147 seconds
[2024-12-07T04:00:41.023-0300] {processor.py:186} INFO - Started process (PID=48091) to work on /home/crisu/miniconda3/envs/lab13.1/lib/python3.9/site-packages/airflow/example_dags/plugins/workday.py
[2024-12-07T04:00:41.026-0300] {processor.py:914} INFO - Processing file /home/crisu/miniconda3/envs/lab13.1/lib/python3.9/site-packages/airflow/example_dags/plugins/workday.py for tasks to queue
[2024-12-07T04:00:41.028-0300] {logging_mixin.py:190} INFO - [2024-12-07T04:00:41.028-0300] {dagbag.py:588} INFO - Filling up the DagBag from /home/crisu/miniconda3/envs/lab13.1/lib/python3.9/site-packages/airflow/example_dags/plugins/workday.py
[2024-12-07T04:00:41.030-0300] {processor.py:927} WARNING - No viable dags retrieved from /home/crisu/miniconda3/envs/lab13.1/lib/python3.9/site-packages/airflow/example_dags/plugins/workday.py
[2024-12-07T04:00:41.039-0300] {processor.py:208} INFO - Processing /home/crisu/miniconda3/envs/lab13.1/lib/python3.9/site-packages/airflow/example_dags/plugins/workday.py took 0.022 seconds
[2024-12-07T04:01:17.830-0300] {processor.py:186} INFO - Started process (PID=48158) to work on /home/crisu/miniconda3/envs/lab13.1/lib/python3.9/site-packages/airflow/example_dags/plugins/workday.py
[2024-12-07T04:01:17.838-0300] {processor.py:914} INFO - Processing file /home/crisu/miniconda3/envs/lab13.1/lib/python3.9/site-packages/airflow/example_dags/plugins/workday.py for tasks to queue
[2024-12-07T04:01:17.840-0300] {logging_mixin.py:190} INFO - [2024-12-07T04:01:17.840-0300] {dagbag.py:588} INFO - Filling up the DagBag from /home/crisu/miniconda3/envs/lab13.1/lib/python3.9/site-packages/airflow/example_dags/plugins/workday.py
[2024-12-07T04:01:17.842-0300] {processor.py:927} WARNING - No viable dags retrieved from /home/crisu/miniconda3/envs/lab13.1/lib/python3.9/site-packages/airflow/example_dags/plugins/workday.py
[2024-12-07T04:01:17.851-0300] {processor.py:208} INFO - Processing /home/crisu/miniconda3/envs/lab13.1/lib/python3.9/site-packages/airflow/example_dags/plugins/workday.py took 0.026 seconds
[2024-12-07T04:04:38.362-0300] {processor.py:186} INFO - Started process (PID=48717) to work on /home/crisu/miniconda3/envs/lab13.1/lib/python3.9/site-packages/airflow/example_dags/plugins/workday.py
[2024-12-07T04:04:38.379-0300] {processor.py:914} INFO - Processing file /home/crisu/miniconda3/envs/lab13.1/lib/python3.9/site-packages/airflow/example_dags/plugins/workday.py for tasks to queue
[2024-12-07T04:04:38.380-0300] {logging_mixin.py:190} INFO - [2024-12-07T04:04:38.380-0300] {dagbag.py:588} INFO - Filling up the DagBag from /home/crisu/miniconda3/envs/lab13.1/lib/python3.9/site-packages/airflow/example_dags/plugins/workday.py
[2024-12-07T04:04:38.384-0300] {processor.py:927} WARNING - No viable dags retrieved from /home/crisu/miniconda3/envs/lab13.1/lib/python3.9/site-packages/airflow/example_dags/plugins/workday.py
[2024-12-07T04:04:38.395-0300] {processor.py:208} INFO - Processing /home/crisu/miniconda3/envs/lab13.1/lib/python3.9/site-packages/airflow/example_dags/plugins/workday.py took 0.039 seconds
[2024-12-07T04:06:45.321-0300] {processor.py:186} INFO - Started process (PID=49088) to work on /home/crisu/miniconda3/envs/lab13.1/lib/python3.9/site-packages/airflow/example_dags/plugins/workday.py
[2024-12-07T04:06:45.346-0300] {processor.py:914} INFO - Processing file /home/crisu/miniconda3/envs/lab13.1/lib/python3.9/site-packages/airflow/example_dags/plugins/workday.py for tasks to queue
[2024-12-07T04:06:45.347-0300] {logging_mixin.py:190} INFO - [2024-12-07T04:06:45.347-0300] {dagbag.py:588} INFO - Filling up the DagBag from /home/crisu/miniconda3/envs/lab13.1/lib/python3.9/site-packages/airflow/example_dags/plugins/workday.py
[2024-12-07T04:06:45.350-0300] {processor.py:927} WARNING - No viable dags retrieved from /home/crisu/miniconda3/envs/lab13.1/lib/python3.9/site-packages/airflow/example_dags/plugins/workday.py
[2024-12-07T04:06:45.358-0300] {processor.py:208} INFO - Processing /home/crisu/miniconda3/envs/lab13.1/lib/python3.9/site-packages/airflow/example_dags/plugins/workday.py took 0.042 seconds
[2024-12-07T04:08:21.674-0300] {processor.py:186} INFO - Started process (PID=49304) to work on /home/crisu/miniconda3/envs/lab13.1/lib/python3.9/site-packages/airflow/example_dags/plugins/workday.py
[2024-12-07T04:08:21.687-0300] {processor.py:914} INFO - Processing file /home/crisu/miniconda3/envs/lab13.1/lib/python3.9/site-packages/airflow/example_dags/plugins/workday.py for tasks to queue
[2024-12-07T04:08:21.688-0300] {logging_mixin.py:190} INFO - [2024-12-07T04:08:21.688-0300] {dagbag.py:588} INFO - Filling up the DagBag from /home/crisu/miniconda3/envs/lab13.1/lib/python3.9/site-packages/airflow/example_dags/plugins/workday.py
[2024-12-07T04:08:21.690-0300] {processor.py:927} WARNING - No viable dags retrieved from /home/crisu/miniconda3/envs/lab13.1/lib/python3.9/site-packages/airflow/example_dags/plugins/workday.py
[2024-12-07T04:08:21.700-0300] {processor.py:208} INFO - Processing /home/crisu/miniconda3/envs/lab13.1/lib/python3.9/site-packages/airflow/example_dags/plugins/workday.py took 0.032 seconds
[2024-12-07T04:09:31.005-0300] {processor.py:186} INFO - Started process (PID=49426) to work on /home/crisu/miniconda3/envs/lab13.1/lib/python3.9/site-packages/airflow/example_dags/plugins/workday.py
[2024-12-07T04:09:31.040-0300] {processor.py:914} INFO - Processing file /home/crisu/miniconda3/envs/lab13.1/lib/python3.9/site-packages/airflow/example_dags/plugins/workday.py for tasks to queue
[2024-12-07T04:09:31.042-0300] {logging_mixin.py:190} INFO - [2024-12-07T04:09:31.041-0300] {dagbag.py:588} INFO - Filling up the DagBag from /home/crisu/miniconda3/envs/lab13.1/lib/python3.9/site-packages/airflow/example_dags/plugins/workday.py
[2024-12-07T04:09:31.044-0300] {processor.py:927} WARNING - No viable dags retrieved from /home/crisu/miniconda3/envs/lab13.1/lib/python3.9/site-packages/airflow/example_dags/plugins/workday.py
[2024-12-07T04:09:31.054-0300] {processor.py:208} INFO - Processing /home/crisu/miniconda3/envs/lab13.1/lib/python3.9/site-packages/airflow/example_dags/plugins/workday.py took 0.055 seconds
[2024-12-07T04:10:25.634-0300] {processor.py:186} INFO - Started process (PID=49510) to work on /home/crisu/miniconda3/envs/lab13.1/lib/python3.9/site-packages/airflow/example_dags/plugins/workday.py
[2024-12-07T04:10:25.764-0300] {processor.py:914} INFO - Processing file /home/crisu/miniconda3/envs/lab13.1/lib/python3.9/site-packages/airflow/example_dags/plugins/workday.py for tasks to queue
[2024-12-07T04:10:25.765-0300] {logging_mixin.py:190} INFO - [2024-12-07T04:10:25.765-0300] {dagbag.py:588} INFO - Filling up the DagBag from /home/crisu/miniconda3/envs/lab13.1/lib/python3.9/site-packages/airflow/example_dags/plugins/workday.py
[2024-12-07T04:10:25.768-0300] {processor.py:927} WARNING - No viable dags retrieved from /home/crisu/miniconda3/envs/lab13.1/lib/python3.9/site-packages/airflow/example_dags/plugins/workday.py
[2024-12-07T04:10:25.777-0300] {processor.py:208} INFO - Processing /home/crisu/miniconda3/envs/lab13.1/lib/python3.9/site-packages/airflow/example_dags/plugins/workday.py took 0.148 seconds
[2024-12-07T04:11:33.413-0300] {processor.py:186} INFO - Started process (PID=49610) to work on /home/crisu/miniconda3/envs/lab13.1/lib/python3.9/site-packages/airflow/example_dags/plugins/workday.py
[2024-12-07T04:11:33.424-0300] {processor.py:914} INFO - Processing file /home/crisu/miniconda3/envs/lab13.1/lib/python3.9/site-packages/airflow/example_dags/plugins/workday.py for tasks to queue
[2024-12-07T04:11:33.425-0300] {logging_mixin.py:190} INFO - [2024-12-07T04:11:33.425-0300] {dagbag.py:588} INFO - Filling up the DagBag from /home/crisu/miniconda3/envs/lab13.1/lib/python3.9/site-packages/airflow/example_dags/plugins/workday.py
[2024-12-07T04:11:33.428-0300] {processor.py:927} WARNING - No viable dags retrieved from /home/crisu/miniconda3/envs/lab13.1/lib/python3.9/site-packages/airflow/example_dags/plugins/workday.py
[2024-12-07T04:11:33.436-0300] {processor.py:208} INFO - Processing /home/crisu/miniconda3/envs/lab13.1/lib/python3.9/site-packages/airflow/example_dags/plugins/workday.py took 0.029 seconds
[2024-12-07T04:12:25.225-0300] {processor.py:186} INFO - Started process (PID=49690) to work on /home/crisu/miniconda3/envs/lab13.1/lib/python3.9/site-packages/airflow/example_dags/plugins/workday.py
[2024-12-07T04:12:25.229-0300] {processor.py:914} INFO - Processing file /home/crisu/miniconda3/envs/lab13.1/lib/python3.9/site-packages/airflow/example_dags/plugins/workday.py for tasks to queue
[2024-12-07T04:12:25.231-0300] {logging_mixin.py:190} INFO - [2024-12-07T04:12:25.230-0300] {dagbag.py:588} INFO - Filling up the DagBag from /home/crisu/miniconda3/envs/lab13.1/lib/python3.9/site-packages/airflow/example_dags/plugins/workday.py
[2024-12-07T04:12:25.233-0300] {processor.py:927} WARNING - No viable dags retrieved from /home/crisu/miniconda3/envs/lab13.1/lib/python3.9/site-packages/airflow/example_dags/plugins/workday.py
[2024-12-07T04:12:25.242-0300] {processor.py:208} INFO - Processing /home/crisu/miniconda3/envs/lab13.1/lib/python3.9/site-packages/airflow/example_dags/plugins/workday.py took 0.022 seconds
[2024-12-07T04:13:03.426-0300] {processor.py:186} INFO - Started process (PID=49748) to work on /home/crisu/miniconda3/envs/lab13.1/lib/python3.9/site-packages/airflow/example_dags/plugins/workday.py
[2024-12-07T04:13:03.442-0300] {processor.py:914} INFO - Processing file /home/crisu/miniconda3/envs/lab13.1/lib/python3.9/site-packages/airflow/example_dags/plugins/workday.py for tasks to queue
[2024-12-07T04:13:03.444-0300] {logging_mixin.py:190} INFO - [2024-12-07T04:13:03.443-0300] {dagbag.py:588} INFO - Filling up the DagBag from /home/crisu/miniconda3/envs/lab13.1/lib/python3.9/site-packages/airflow/example_dags/plugins/workday.py
[2024-12-07T04:13:03.447-0300] {processor.py:927} WARNING - No viable dags retrieved from /home/crisu/miniconda3/envs/lab13.1/lib/python3.9/site-packages/airflow/example_dags/plugins/workday.py
[2024-12-07T04:13:03.460-0300] {processor.py:208} INFO - Processing /home/crisu/miniconda3/envs/lab13.1/lib/python3.9/site-packages/airflow/example_dags/plugins/workday.py took 0.045 seconds
[2024-12-07T04:13:39.753-0300] {processor.py:186} INFO - Started process (PID=49820) to work on /home/crisu/miniconda3/envs/lab13.1/lib/python3.9/site-packages/airflow/example_dags/plugins/workday.py
[2024-12-07T04:13:39.764-0300] {processor.py:914} INFO - Processing file /home/crisu/miniconda3/envs/lab13.1/lib/python3.9/site-packages/airflow/example_dags/plugins/workday.py for tasks to queue
[2024-12-07T04:13:39.766-0300] {logging_mixin.py:190} INFO - [2024-12-07T04:13:39.765-0300] {dagbag.py:588} INFO - Filling up the DagBag from /home/crisu/miniconda3/envs/lab13.1/lib/python3.9/site-packages/airflow/example_dags/plugins/workday.py
[2024-12-07T04:13:39.768-0300] {processor.py:927} WARNING - No viable dags retrieved from /home/crisu/miniconda3/envs/lab13.1/lib/python3.9/site-packages/airflow/example_dags/plugins/workday.py
[2024-12-07T04:13:39.778-0300] {processor.py:208} INFO - Processing /home/crisu/miniconda3/envs/lab13.1/lib/python3.9/site-packages/airflow/example_dags/plugins/workday.py took 0.029 seconds
[2024-12-07T04:14:19.131-0300] {processor.py:186} INFO - Started process (PID=49928) to work on /home/crisu/miniconda3/envs/lab13.1/lib/python3.9/site-packages/airflow/example_dags/plugins/workday.py
[2024-12-07T04:14:19.152-0300] {processor.py:914} INFO - Processing file /home/crisu/miniconda3/envs/lab13.1/lib/python3.9/site-packages/airflow/example_dags/plugins/workday.py for tasks to queue
[2024-12-07T04:14:19.154-0300] {logging_mixin.py:190} INFO - [2024-12-07T04:14:19.153-0300] {dagbag.py:588} INFO - Filling up the DagBag from /home/crisu/miniconda3/envs/lab13.1/lib/python3.9/site-packages/airflow/example_dags/plugins/workday.py
[2024-12-07T04:14:19.156-0300] {processor.py:927} WARNING - No viable dags retrieved from /home/crisu/miniconda3/envs/lab13.1/lib/python3.9/site-packages/airflow/example_dags/plugins/workday.py
[2024-12-07T04:14:19.166-0300] {processor.py:208} INFO - Processing /home/crisu/miniconda3/envs/lab13.1/lib/python3.9/site-packages/airflow/example_dags/plugins/workday.py took 0.040 seconds
[2024-12-07T04:14:58.951-0300] {processor.py:186} INFO - Started process (PID=49981) to work on /home/crisu/miniconda3/envs/lab13.1/lib/python3.9/site-packages/airflow/example_dags/plugins/workday.py
[2024-12-07T04:14:58.964-0300] {processor.py:914} INFO - Processing file /home/crisu/miniconda3/envs/lab13.1/lib/python3.9/site-packages/airflow/example_dags/plugins/workday.py for tasks to queue
[2024-12-07T04:14:58.965-0300] {logging_mixin.py:190} INFO - [2024-12-07T04:14:58.965-0300] {dagbag.py:588} INFO - Filling up the DagBag from /home/crisu/miniconda3/envs/lab13.1/lib/python3.9/site-packages/airflow/example_dags/plugins/workday.py
[2024-12-07T04:14:58.968-0300] {processor.py:927} WARNING - No viable dags retrieved from /home/crisu/miniconda3/envs/lab13.1/lib/python3.9/site-packages/airflow/example_dags/plugins/workday.py
[2024-12-07T04:14:58.977-0300] {processor.py:208} INFO - Processing /home/crisu/miniconda3/envs/lab13.1/lib/python3.9/site-packages/airflow/example_dags/plugins/workday.py took 0.032 seconds
[2024-12-07T04:15:38.135-0300] {processor.py:186} INFO - Started process (PID=50037) to work on /home/crisu/miniconda3/envs/lab13.1/lib/python3.9/site-packages/airflow/example_dags/plugins/workday.py
[2024-12-07T04:15:38.210-0300] {processor.py:914} INFO - Processing file /home/crisu/miniconda3/envs/lab13.1/lib/python3.9/site-packages/airflow/example_dags/plugins/workday.py for tasks to queue
[2024-12-07T04:15:38.211-0300] {logging_mixin.py:190} INFO - [2024-12-07T04:15:38.211-0300] {dagbag.py:588} INFO - Filling up the DagBag from /home/crisu/miniconda3/envs/lab13.1/lib/python3.9/site-packages/airflow/example_dags/plugins/workday.py
[2024-12-07T04:15:38.214-0300] {processor.py:927} WARNING - No viable dags retrieved from /home/crisu/miniconda3/envs/lab13.1/lib/python3.9/site-packages/airflow/example_dags/plugins/workday.py
[2024-12-07T04:15:38.223-0300] {processor.py:208} INFO - Processing /home/crisu/miniconda3/envs/lab13.1/lib/python3.9/site-packages/airflow/example_dags/plugins/workday.py took 0.093 seconds
