[2024-12-07T04:04:08.248-0300] {local_task_job_runner.py:123} INFO - ::group::Pre task execution logs
[2024-12-07T04:04:08.262-0300] {taskinstance.py:2613} INFO - Dependencies all met for dep_context=non-requeueable deps ti=<TaskInstance: hiring_dynamic_pipeline.download_data_1_and_2 manual__2024-12-07T07:02:09.077063+00:00 [queued]>
[2024-12-07T04:04:08.269-0300] {taskinstance.py:2613} INFO - Dependencies all met for dep_context=requeueable deps ti=<TaskInstance: hiring_dynamic_pipeline.download_data_1_and_2 manual__2024-12-07T07:02:09.077063+00:00 [queued]>
[2024-12-07T04:04:08.270-0300] {taskinstance.py:2866} INFO - Starting attempt 1 of 2
[2024-12-07T04:04:08.329-0300] {taskinstance.py:2889} INFO - Executing <Task(BashOperator): download_data_1_and_2> on 2024-12-07 07:02:09.077063+00:00
[2024-12-07T04:04:08.345-0300] {standard_task_runner.py:72} INFO - Started process 48547 to run task
[2024-12-07T04:04:08.349-0300] {standard_task_runner.py:104} INFO - Running: ['airflow', 'tasks', 'run', 'hiring_dynamic_pipeline', 'download_data_1_and_2', 'manual__2024-12-07T07:02:09.077063+00:00', '--job-id', '48', '--raw', '--subdir', 'DAGS_FOLDER/dag_dynamic.py', '--cfg-path', '/tmp/tmpnx7kcdb_']
[2024-12-07T04:04:08.350-0300] {standard_task_runner.py:105} INFO - Job 48: Subtask download_data_1_and_2
[2024-12-07T04:04:08.431-0300] {task_command.py:467} INFO - Running <TaskInstance: hiring_dynamic_pipeline.download_data_1_and_2 manual__2024-12-07T07:02:09.077063+00:00 [running]> on host crisu-VivoBook-S14-X411UF
[2024-12-07T04:04:08.599-0300] {taskinstance.py:3132} INFO - Exporting env vars: AIRFLOW_CTX_DAG_OWNER='airflow' AIRFLOW_CTX_DAG_ID='hiring_dynamic_pipeline' AIRFLOW_CTX_TASK_ID='download_data_1_and_2' AIRFLOW_CTX_EXECUTION_DATE='2024-12-07T07:02:09.077063+00:00' AIRFLOW_CTX_TRY_NUMBER='1' AIRFLOW_CTX_DAG_RUN_ID='manual__2024-12-07T07:02:09.077063+00:00'
[2024-12-07T04:04:08.600-0300] {logging_mixin.py:190} INFO - Task instance is in running state
[2024-12-07T04:04:08.601-0300] {logging_mixin.py:190} INFO -  Previous state of the Task instance: queued
[2024-12-07T04:04:08.601-0300] {logging_mixin.py:190} INFO - Current task name:download_data_1_and_2 state:running start_date:2024-12-07 07:04:08.262401+00:00
[2024-12-07T04:04:08.601-0300] {logging_mixin.py:190} INFO - Dag name:hiring_dynamic_pipeline and current dag run status:running
[2024-12-07T04:04:08.602-0300] {taskinstance.py:731} INFO - ::endgroup::
[2024-12-07T04:04:08.603-0300] {subprocess.py:78} INFO - Tmp dir root location: /tmp
[2024-12-07T04:04:08.604-0300] {subprocess.py:88} INFO - Running command: ['/usr/bin/bash', '-c', 'curl -o /home/crisu/Universidad/MDS7202-Primavera2024/Lab\\ 13\\ -\\ Airflow/output_2024-12-07/raw/data_1.csv https://gitlab.com/eduardomoyab/laboratorio-13/-/raw/main/files/data_1.csv && curl -o /home/crisu/Universidad/MDS7202-Primavera2024/Lab\\ 13\\ -\\ Airflow/output_2024-12-07/raw/data_2.csv https://gitlab.com/eduardomoyab/laboratorio-13/-/raw/main/files/data_2.csv']
[2024-12-07T04:04:08.619-0300] {subprocess.py:99} INFO - Output:
[2024-12-07T04:04:08.626-0300] {subprocess.py:106} INFO -   % Total    % Received % Xferd  Average Speed   Time    Time     Time  Current
[2024-12-07T04:04:08.626-0300] {subprocess.py:106} INFO -                                  Dload  Upload   Total   Spent    Left  Speed
[2024-12-07T04:04:08.715-0300] {subprocess.py:106} INFO -   0     0    0     0    0     0      0      0 --:--:-- --:--:-- --:--:--     0100 32735  100 32735    0     0   359k      0 --:--:-- --:--:-- --:--:--  363k
[2024-12-07T04:04:08.724-0300] {subprocess.py:106} INFO -   % Total    % Received % Xferd  Average Speed   Time    Time     Time  Current
[2024-12-07T04:04:08.724-0300] {subprocess.py:106} INFO -                                  Dload  Upload   Total   Spent    Left  Speed
[2024-12-07T04:04:09.504-0300] {subprocess.py:106} INFO -   0     0    0     0    0     0      0      0 --:--:-- --:--:-- --:--:--     0100 32687  100 32687    0     0  41920      0 --:--:-- --:--:-- --:--:-- 41906100 32687  100 32687    0     0  41916      0 --:--:-- --:--:-- --:--:-- 41906
[2024-12-07T04:04:09.506-0300] {subprocess.py:110} INFO - Command exited with return code 0
[2024-12-07T04:04:09.595-0300] {taskinstance.py:340} INFO - ::group::Post task execution logs
[2024-12-07T04:04:09.596-0300] {taskinstance.py:352} INFO - Marking task as SUCCESS. dag_id=hiring_dynamic_pipeline, task_id=download_data_1_and_2, run_id=manual__2024-12-07T07:02:09.077063+00:00, execution_date=20241207T070209, start_date=20241207T070408, end_date=20241207T070409
[2024-12-07T04:04:09.651-0300] {logging_mixin.py:190} INFO - Task instance in success state
[2024-12-07T04:04:09.651-0300] {logging_mixin.py:190} INFO -  Previous state of the Task instance: running
[2024-12-07T04:04:09.651-0300] {logging_mixin.py:190} INFO - Dag name:hiring_dynamic_pipeline queued_at:2024-12-07 07:02:10.323724+00:00
[2024-12-07T04:04:09.651-0300] {logging_mixin.py:190} INFO - Task hostname:crisu-VivoBook-S14-X411UF operator:BashOperator
[2024-12-07T04:04:09.685-0300] {local_task_job_runner.py:266} INFO - Task exited with return code 0
[2024-12-07T04:04:09.712-0300] {taskinstance.py:3895} INFO - 1 downstream tasks scheduled from follow-on schedule check
[2024-12-07T04:04:09.752-0300] {local_task_job_runner.py:245} INFO - ::endgroup::
