[2024-12-07T03:33:11.923-0300] {local_task_job_runner.py:123} INFO - ::group::Pre task execution logs
[2024-12-07T03:33:11.932-0300] {taskinstance.py:2613} INFO - Dependencies all met for dep_context=non-requeueable deps ti=<TaskInstance: hiring_dynamic_pipeline.load_and_merge scheduled__2024-11-05T15:00:00+00:00 [queued]>
[2024-12-07T03:33:11.938-0300] {taskinstance.py:2613} INFO - Dependencies all met for dep_context=requeueable deps ti=<TaskInstance: hiring_dynamic_pipeline.load_and_merge scheduled__2024-11-05T15:00:00+00:00 [queued]>
[2024-12-07T03:33:11.938-0300] {taskinstance.py:2866} INFO - Starting attempt 1 of 2
[2024-12-07T03:33:11.991-0300] {taskinstance.py:2889} INFO - Executing <Task(PythonOperator): load_and_merge> on 2024-11-05 15:00:00+00:00
[2024-12-07T03:33:11.998-0300] {standard_task_runner.py:72} INFO - Started process 44271 to run task
[2024-12-07T03:33:12.001-0300] {standard_task_runner.py:104} INFO - Running: ['airflow', 'tasks', 'run', 'hiring_dynamic_pipeline', 'load_and_merge', 'scheduled__2024-11-05T15:00:00+00:00', '--job-id', '60', '--raw', '--subdir', 'DAGS_FOLDER/dag_dynamic.py', '--cfg-path', '/tmp/tmpw8th3zx2']
[2024-12-07T03:33:12.002-0300] {standard_task_runner.py:105} INFO - Job 60: Subtask load_and_merge
[2024-12-07T03:33:12.068-0300] {task_command.py:467} INFO - Running <TaskInstance: hiring_dynamic_pipeline.load_and_merge scheduled__2024-11-05T15:00:00+00:00 [running]> on host crisu-VivoBook-S14-X411UF
[2024-12-07T03:33:12.227-0300] {taskinstance.py:3132} INFO - Exporting env vars: AIRFLOW_CTX_DAG_OWNER='airflow' AIRFLOW_CTX_DAG_ID='hiring_dynamic_pipeline' AIRFLOW_CTX_TASK_ID='load_and_merge' AIRFLOW_CTX_EXECUTION_DATE='2024-11-05T15:00:00+00:00' AIRFLOW_CTX_TRY_NUMBER='1' AIRFLOW_CTX_DAG_RUN_ID='scheduled__2024-11-05T15:00:00+00:00'
[2024-12-07T03:33:12.228-0300] {logging_mixin.py:190} INFO - Task instance is in running state
[2024-12-07T03:33:12.229-0300] {logging_mixin.py:190} INFO -  Previous state of the Task instance: queued
[2024-12-07T03:33:12.229-0300] {logging_mixin.py:190} INFO - Current task name:load_and_merge state:running start_date:2024-12-07 06:33:11.932977+00:00
[2024-12-07T03:33:12.229-0300] {logging_mixin.py:190} INFO - Dag name:hiring_dynamic_pipeline and current dag run status:running
[2024-12-07T03:33:12.230-0300] {taskinstance.py:731} INFO - ::endgroup::
[2024-12-07T03:33:12.244-0300] {python.py:240} INFO - Done. Returned value was: None
[2024-12-07T03:33:12.249-0300] {taskinstance.py:340} INFO - ::group::Post task execution logs
[2024-12-07T03:33:12.249-0300] {taskinstance.py:352} INFO - Marking task as SUCCESS. dag_id=hiring_dynamic_pipeline, task_id=load_and_merge, run_id=scheduled__2024-11-05T15:00:00+00:00, execution_date=20241105T150000, start_date=20241207T063311, end_date=20241207T063312
[2024-12-07T03:33:12.298-0300] {logging_mixin.py:190} INFO - Task instance in success state
[2024-12-07T03:33:12.298-0300] {logging_mixin.py:190} INFO -  Previous state of the Task instance: running
[2024-12-07T03:33:12.299-0300] {logging_mixin.py:190} INFO - Dag name:hiring_dynamic_pipeline queued_at:2024-12-07 06:27:11.618485+00:00
[2024-12-07T03:33:12.299-0300] {logging_mixin.py:190} INFO - Task hostname:crisu-VivoBook-S14-X411UF operator:PythonOperator
[2024-12-07T03:33:12.335-0300] {local_task_job_runner.py:266} INFO - Task exited with return code 0
[2024-12-07T03:33:12.354-0300] {taskinstance.py:3895} INFO - 1 downstream tasks scheduled from follow-on schedule check
[2024-12-07T03:33:12.399-0300] {local_task_job_runner.py:245} INFO - ::endgroup::
[2024-12-07T03:45:55.884-0300] {local_task_job_runner.py:123} INFO - ::group::Pre task execution logs
[2024-12-07T03:45:55.914-0300] {taskinstance.py:2613} INFO - Dependencies all met for dep_context=non-requeueable deps ti=<TaskInstance: hiring_dynamic_pipeline.load_and_merge scheduled__2024-11-05T15:00:00+00:00 [queued]>
[2024-12-07T03:45:55.923-0300] {taskinstance.py:2613} INFO - Dependencies all met for dep_context=requeueable deps ti=<TaskInstance: hiring_dynamic_pipeline.load_and_merge scheduled__2024-11-05T15:00:00+00:00 [queued]>
[2024-12-07T03:45:55.923-0300] {taskinstance.py:2866} INFO - Starting attempt 1 of 2
[2024-12-07T03:45:55.991-0300] {taskinstance.py:2889} INFO - Executing <Task(PythonOperator): load_and_merge> on 2024-11-05 15:00:00+00:00
[2024-12-07T03:45:55.999-0300] {standard_task_runner.py:72} INFO - Started process 46170 to run task
[2024-12-07T03:45:56.002-0300] {standard_task_runner.py:104} INFO - Running: ['airflow', 'tasks', 'run', 'hiring_dynamic_pipeline', 'load_and_merge', 'scheduled__2024-11-05T15:00:00+00:00', '--job-id', '51', '--raw', '--subdir', 'DAGS_FOLDER/dag_dynamic.py', '--cfg-path', '/tmp/tmp1yix0k7q']
[2024-12-07T03:45:56.003-0300] {standard_task_runner.py:105} INFO - Job 51: Subtask load_and_merge
[2024-12-07T03:45:56.074-0300] {task_command.py:467} INFO - Running <TaskInstance: hiring_dynamic_pipeline.load_and_merge scheduled__2024-11-05T15:00:00+00:00 [running]> on host crisu-VivoBook-S14-X411UF
[2024-12-07T03:45:56.229-0300] {taskinstance.py:3132} INFO - Exporting env vars: AIRFLOW_CTX_DAG_OWNER='airflow' AIRFLOW_CTX_DAG_ID='hiring_dynamic_pipeline' AIRFLOW_CTX_TASK_ID='load_and_merge' AIRFLOW_CTX_EXECUTION_DATE='2024-11-05T15:00:00+00:00' AIRFLOW_CTX_TRY_NUMBER='1' AIRFLOW_CTX_DAG_RUN_ID='scheduled__2024-11-05T15:00:00+00:00'
[2024-12-07T03:45:56.230-0300] {logging_mixin.py:190} INFO - Task instance is in running state
[2024-12-07T03:45:56.230-0300] {logging_mixin.py:190} INFO -  Previous state of the Task instance: queued
[2024-12-07T03:45:56.230-0300] {logging_mixin.py:190} INFO - Current task name:load_and_merge state:running start_date:2024-12-07 06:45:55.915072+00:00
[2024-12-07T03:45:56.231-0300] {logging_mixin.py:190} INFO - Dag name:hiring_dynamic_pipeline and current dag run status:running
[2024-12-07T03:45:56.231-0300] {taskinstance.py:731} INFO - ::endgroup::
[2024-12-07T03:45:56.248-0300] {python.py:240} INFO - Done. Returned value was: None
[2024-12-07T03:45:56.252-0300] {taskinstance.py:340} INFO - ::group::Post task execution logs
[2024-12-07T03:45:56.253-0300] {taskinstance.py:352} INFO - Marking task as SUCCESS. dag_id=hiring_dynamic_pipeline, task_id=load_and_merge, run_id=scheduled__2024-11-05T15:00:00+00:00, execution_date=20241105T150000, start_date=20241207T064555, end_date=20241207T064556
[2024-12-07T03:45:56.310-0300] {logging_mixin.py:190} INFO - Task instance in success state
[2024-12-07T03:45:56.311-0300] {logging_mixin.py:190} INFO -  Previous state of the Task instance: running
[2024-12-07T03:45:56.311-0300] {logging_mixin.py:190} INFO - Dag name:hiring_dynamic_pipeline queued_at:2024-12-07 06:44:29.722220+00:00
[2024-12-07T03:45:56.311-0300] {logging_mixin.py:190} INFO - Task hostname:crisu-VivoBook-S14-X411UF operator:PythonOperator
[2024-12-07T03:45:56.335-0300] {local_task_job_runner.py:266} INFO - Task exited with return code 0
[2024-12-07T03:45:56.354-0300] {taskinstance.py:3895} INFO - 1 downstream tasks scheduled from follow-on schedule check
[2024-12-07T03:45:56.400-0300] {local_task_job_runner.py:245} INFO - ::endgroup::
[2024-12-07T04:04:28.877-0300] {local_task_job_runner.py:123} INFO - ::group::Pre task execution logs
[2024-12-07T04:04:28.913-0300] {taskinstance.py:2613} INFO - Dependencies all met for dep_context=non-requeueable deps ti=<TaskInstance: hiring_dynamic_pipeline.load_and_merge scheduled__2024-11-05T15:00:00+00:00 [queued]>
[2024-12-07T04:04:28.918-0300] {taskinstance.py:2613} INFO - Dependencies all met for dep_context=requeueable deps ti=<TaskInstance: hiring_dynamic_pipeline.load_and_merge scheduled__2024-11-05T15:00:00+00:00 [queued]>
[2024-12-07T04:04:28.918-0300] {taskinstance.py:2866} INFO - Starting attempt 1 of 2
[2024-12-07T04:04:29.101-0300] {taskinstance.py:2889} INFO - Executing <Task(PythonOperator): load_and_merge> on 2024-11-05 15:00:00+00:00
[2024-12-07T04:04:29.108-0300] {standard_task_runner.py:72} INFO - Started process 48663 to run task
[2024-12-07T04:04:29.111-0300] {standard_task_runner.py:104} INFO - Running: ['airflow', 'tasks', 'run', 'hiring_dynamic_pipeline', 'load_and_merge', 'scheduled__2024-11-05T15:00:00+00:00', '--job-id', '52', '--raw', '--subdir', 'DAGS_FOLDER/dag_dynamic.py', '--cfg-path', '/tmp/tmpjmo6qk7n']
[2024-12-07T04:04:29.112-0300] {standard_task_runner.py:105} INFO - Job 52: Subtask load_and_merge
[2024-12-07T04:04:29.183-0300] {task_command.py:467} INFO - Running <TaskInstance: hiring_dynamic_pipeline.load_and_merge scheduled__2024-11-05T15:00:00+00:00 [running]> on host crisu-VivoBook-S14-X411UF
[2024-12-07T04:04:29.383-0300] {taskinstance.py:3132} INFO - Exporting env vars: AIRFLOW_CTX_DAG_OWNER='airflow' AIRFLOW_CTX_DAG_ID='hiring_dynamic_pipeline' AIRFLOW_CTX_TASK_ID='load_and_merge' AIRFLOW_CTX_EXECUTION_DATE='2024-11-05T15:00:00+00:00' AIRFLOW_CTX_TRY_NUMBER='1' AIRFLOW_CTX_DAG_RUN_ID='scheduled__2024-11-05T15:00:00+00:00'
[2024-12-07T04:04:29.384-0300] {logging_mixin.py:190} INFO - Task instance is in running state
[2024-12-07T04:04:29.384-0300] {logging_mixin.py:190} INFO -  Previous state of the Task instance: queued
[2024-12-07T04:04:29.385-0300] {logging_mixin.py:190} INFO - Current task name:load_and_merge state:running start_date:2024-12-07 07:04:28.913569+00:00
[2024-12-07T04:04:29.385-0300] {logging_mixin.py:190} INFO - Dag name:hiring_dynamic_pipeline and current dag run status:running
[2024-12-07T04:04:29.385-0300] {taskinstance.py:731} INFO - ::endgroup::
[2024-12-07T04:04:29.386-0300] {logging_mixin.py:190} INFO - Leyendo archivo: output_2024-11-05/raw/data_1.csv
[2024-12-07T04:04:29.391-0300] {logging_mixin.py:190} INFO - Leyendo archivo: output_2024-11-05/raw/data_2.csv
[2024-12-07T04:04:29.401-0300] {logging_mixin.py:190} INFO - Datos combinados guardados en: output_2024-11-05/preprocessed/combined_data.csv
[2024-12-07T04:04:29.401-0300] {python.py:240} INFO - Done. Returned value was: None
[2024-12-07T04:04:29.405-0300] {taskinstance.py:340} INFO - ::group::Post task execution logs
[2024-12-07T04:04:29.405-0300] {taskinstance.py:352} INFO - Marking task as SUCCESS. dag_id=hiring_dynamic_pipeline, task_id=load_and_merge, run_id=scheduled__2024-11-05T15:00:00+00:00, execution_date=20241105T150000, start_date=20241207T070428, end_date=20241207T070429
[2024-12-07T04:04:29.454-0300] {logging_mixin.py:190} INFO - Task instance in success state
[2024-12-07T04:04:29.454-0300] {logging_mixin.py:190} INFO -  Previous state of the Task instance: running
[2024-12-07T04:04:29.454-0300] {logging_mixin.py:190} INFO - Dag name:hiring_dynamic_pipeline queued_at:2024-12-07 07:02:23.453548+00:00
[2024-12-07T04:04:29.454-0300] {logging_mixin.py:190} INFO - Task hostname:crisu-VivoBook-S14-X411UF operator:PythonOperator
[2024-12-07T04:04:29.485-0300] {local_task_job_runner.py:266} INFO - Task exited with return code 0
[2024-12-07T04:04:29.502-0300] {taskinstance.py:3895} INFO - 1 downstream tasks scheduled from follow-on schedule check
[2024-12-07T04:04:29.544-0300] {local_task_job_runner.py:245} INFO - ::endgroup::
