[2024-12-07T03:33:56.466-0300] {local_task_job_runner.py:123} INFO - ::group::Pre task execution logs
[2024-12-07T03:33:56.474-0300] {taskinstance.py:2613} INFO - Dependencies all met for dep_context=non-requeueable deps ti=<TaskInstance: hiring_dynamic_pipeline.evaluate_models manual__2024-12-07T06:26:56.979469+00:00 [queued]>
[2024-12-07T03:33:56.480-0300] {taskinstance.py:2613} INFO - Dependencies all met for dep_context=requeueable deps ti=<TaskInstance: hiring_dynamic_pipeline.evaluate_models manual__2024-12-07T06:26:56.979469+00:00 [queued]>
[2024-12-07T03:33:56.480-0300] {taskinstance.py:2866} INFO - Starting attempt 1 of 2
[2024-12-07T03:33:56.536-0300] {taskinstance.py:2889} INFO - Executing <Task(PythonOperator): evaluate_models> on 2024-12-07 06:26:56.979469+00:00
[2024-12-07T03:33:56.543-0300] {standard_task_runner.py:72} INFO - Started process 44544 to run task
[2024-12-07T03:33:56.546-0300] {standard_task_runner.py:104} INFO - Running: ['airflow', 'tasks', 'run', 'hiring_dynamic_pipeline', 'evaluate_models', 'manual__2024-12-07T06:26:56.979469+00:00', '--job-id', '71', '--raw', '--subdir', 'DAGS_FOLDER/dag_dynamic.py', '--cfg-path', '/tmp/tmpdofpqyze']
[2024-12-07T03:33:56.547-0300] {standard_task_runner.py:105} INFO - Job 71: Subtask evaluate_models
[2024-12-07T03:33:56.615-0300] {task_command.py:467} INFO - Running <TaskInstance: hiring_dynamic_pipeline.evaluate_models manual__2024-12-07T06:26:56.979469+00:00 [running]> on host crisu-VivoBook-S14-X411UF
[2024-12-07T03:33:56.862-0300] {taskinstance.py:3132} INFO - Exporting env vars: AIRFLOW_CTX_DAG_OWNER='airflow' AIRFLOW_CTX_DAG_ID='hiring_dynamic_pipeline' AIRFLOW_CTX_TASK_ID='evaluate_models' AIRFLOW_CTX_EXECUTION_DATE='2024-12-07T06:26:56.979469+00:00' AIRFLOW_CTX_TRY_NUMBER='1' AIRFLOW_CTX_DAG_RUN_ID='manual__2024-12-07T06:26:56.979469+00:00'
[2024-12-07T03:33:56.863-0300] {logging_mixin.py:190} INFO - Task instance is in running state
[2024-12-07T03:33:56.864-0300] {logging_mixin.py:190} INFO -  Previous state of the Task instance: queued
[2024-12-07T03:33:56.864-0300] {logging_mixin.py:190} INFO - Current task name:evaluate_models state:running start_date:2024-12-07 06:33:56.475011+00:00
[2024-12-07T03:33:56.864-0300] {logging_mixin.py:190} INFO - Dag name:hiring_dynamic_pipeline and current dag run status:running
[2024-12-07T03:33:56.865-0300] {taskinstance.py:731} INFO - ::endgroup::
[2024-12-07T03:33:56.938-0300] {logging_mixin.py:190} INFO - Modelo: hiring_model, Accuracy: 0.9400
[2024-12-07T03:33:56.991-0300] {logging_mixin.py:190} INFO - Modelo: RandomForestClassifier, Accuracy: 0.9200
[2024-12-07T03:33:57.006-0300] {logging_mixin.py:190} INFO - Modelo: SVC, Accuracy: 0.8767
[2024-12-07T03:33:57.013-0300] {logging_mixin.py:190} INFO - Modelo: LogisticRegression, Accuracy: 0.9033
[2024-12-07T03:33:57.082-0300] {logging_mixin.py:190} INFO - Mejor modelo: hiring_model, Accuracy: 0.9400
[2024-12-07T03:33:57.083-0300] {python.py:240} INFO - Done. Returned value was: None
[2024-12-07T03:33:57.090-0300] {taskinstance.py:340} INFO - ::group::Post task execution logs
[2024-12-07T03:33:57.091-0300] {taskinstance.py:352} INFO - Marking task as SUCCESS. dag_id=hiring_dynamic_pipeline, task_id=evaluate_models, run_id=manual__2024-12-07T06:26:56.979469+00:00, execution_date=20241207T062656, start_date=20241207T063356, end_date=20241207T063357
[2024-12-07T03:33:57.167-0300] {logging_mixin.py:190} INFO - Task instance in success state
[2024-12-07T03:33:57.168-0300] {logging_mixin.py:190} INFO -  Previous state of the Task instance: running
[2024-12-07T03:33:57.168-0300] {logging_mixin.py:190} INFO - Dag name:hiring_dynamic_pipeline queued_at:2024-12-07 06:26:58.026518+00:00
[2024-12-07T03:33:57.168-0300] {logging_mixin.py:190} INFO - Task hostname:crisu-VivoBook-S14-X411UF operator:PythonOperator
[2024-12-07T03:33:57.201-0300] {local_task_job_runner.py:266} INFO - Task exited with return code 0
[2024-12-07T03:33:57.213-0300] {taskinstance.py:3895} INFO - 0 downstream tasks scheduled from follow-on schedule check
[2024-12-07T03:33:57.214-0300] {local_task_job_runner.py:245} INFO - ::endgroup::
