[2024-12-07T03:31:06.529-0300] {local_task_job_runner.py:123} INFO - ::group::Pre task execution logs
[2024-12-07T03:31:06.541-0300] {taskinstance.py:2613} INFO - Dependencies all met for dep_context=non-requeueable deps ti=<TaskInstance: hiring_dynamic_pipeline.download_data_1_and_2 scheduled__2024-10-05T15:00:00+00:00 [queued]>
[2024-12-07T03:31:06.547-0300] {taskinstance.py:2613} INFO - Dependencies all met for dep_context=requeueable deps ti=<TaskInstance: hiring_dynamic_pipeline.download_data_1_and_2 scheduled__2024-10-05T15:00:00+00:00 [queued]>
[2024-12-07T03:31:06.548-0300] {taskinstance.py:2866} INFO - Starting attempt 1 of 2
[2024-12-07T03:31:06.954-0300] {taskinstance.py:2889} INFO - Executing <Task(BashOperator): download_data_1_and_2> on 2024-10-05 15:00:00+00:00
[2024-12-07T03:31:06.963-0300] {standard_task_runner.py:72} INFO - Started process 44008 to run task
[2024-12-07T03:31:06.965-0300] {standard_task_runner.py:104} INFO - Running: ['airflow', 'tasks', 'run', 'hiring_dynamic_pipeline', 'download_data_1_and_2', 'scheduled__2024-10-05T15:00:00+00:00', '--job-id', '49', '--raw', '--subdir', 'DAGS_FOLDER/dag_dynamic.py', '--cfg-path', '/tmp/tmpyi4nho_q']
[2024-12-07T03:31:06.966-0300] {standard_task_runner.py:105} INFO - Job 49: Subtask download_data_1_and_2
[2024-12-07T03:31:09.924-0300] {task_command.py:467} INFO - Running <TaskInstance: hiring_dynamic_pipeline.download_data_1_and_2 scheduled__2024-10-05T15:00:00+00:00 [running]> on host crisu-VivoBook-S14-X411UF
[2024-12-07T03:31:14.750-0300] {taskinstance.py:3132} INFO - Exporting env vars: AIRFLOW_CTX_DAG_OWNER='airflow' AIRFLOW_CTX_DAG_ID='hiring_dynamic_pipeline' AIRFLOW_CTX_TASK_ID='download_data_1_and_2' AIRFLOW_CTX_EXECUTION_DATE='2024-10-05T15:00:00+00:00' AIRFLOW_CTX_TRY_NUMBER='1' AIRFLOW_CTX_DAG_RUN_ID='scheduled__2024-10-05T15:00:00+00:00'
[2024-12-07T03:31:14.751-0300] {logging_mixin.py:190} INFO - Task instance is in running state
[2024-12-07T03:31:14.752-0300] {logging_mixin.py:190} INFO -  Previous state of the Task instance: queued
[2024-12-07T03:31:14.752-0300] {logging_mixin.py:190} INFO - Current task name:download_data_1_and_2 state:running start_date:2024-12-07 06:31:06.541871+00:00
[2024-12-07T03:31:14.752-0300] {logging_mixin.py:190} INFO - Dag name:hiring_dynamic_pipeline and current dag run status:running
[2024-12-07T03:31:14.752-0300] {taskinstance.py:731} INFO - ::endgroup::
[2024-12-07T03:31:14.753-0300] {subprocess.py:78} INFO - Tmp dir root location: /tmp
[2024-12-07T03:31:14.754-0300] {subprocess.py:88} INFO - Running command: ['/usr/bin/bash', '-c', 'curl -o /home/crisu/Universidad/MDS7202-Primavera2024/Lab\\ 13\\ -\\ Airflow/output_2024-10-05/raw/data_1.csv https://gitlab.com/eduardomoyab/laboratorio-13/-/raw/main/files/data_1.csv && curl -o /home/crisu/Universidad/MDS7202-Primavera2024/Lab\\ 13\\ -\\ Airflow/output_2024-10-05/raw/data_2.csv https://gitlab.com/eduardomoyab/laboratorio-13/-/raw/main/files/data_2.csv']
[2024-12-07T03:31:14.773-0300] {subprocess.py:99} INFO - Output:
[2024-12-07T03:31:14.789-0300] {subprocess.py:106} INFO -   % Total    % Received % Xferd  Average Speed   Time    Time     Time  Current
[2024-12-07T03:31:14.789-0300] {subprocess.py:106} INFO -                                  Dload  Upload   Total   Spent    Left  Speed
[2024-12-07T03:31:15.376-0300] {subprocess.py:106} INFO -   0     0    0     0    0     0      0      0 --:--:-- --:--:-- --:--:--     0 41 32735   41 13672    0     0  23321      0  0:00:01 --:--:--  0:00:01 23291100 32735  100 32735    0     0  55727      0 --:--:-- --:--:-- --:--:-- 55671
[2024-12-07T03:31:15.384-0300] {subprocess.py:106} INFO -   % Total    % Received % Xferd  Average Speed   Time    Time     Time  Current
[2024-12-07T03:31:15.384-0300] {subprocess.py:106} INFO -                                  Dload  Upload   Total   Spent    Left  Speed
[2024-12-07T03:31:15.970-0300] {subprocess.py:106} INFO -   0     0    0     0    0     0      0      0 --:--:-- --:--:-- --:--:--     0100 32687  100 32687    0     0  55804      0 --:--:-- --:--:-- --:--:-- 55875
[2024-12-07T03:31:15.972-0300] {subprocess.py:110} INFO - Command exited with return code 0
[2024-12-07T03:31:16.556-0300] {job.py:229} INFO - Heartbeat recovered after 10.71 seconds
[2024-12-07T03:31:17.426-0300] {taskinstance.py:340} INFO - ::group::Post task execution logs
[2024-12-07T03:31:17.427-0300] {taskinstance.py:352} INFO - Marking task as SUCCESS. dag_id=hiring_dynamic_pipeline, task_id=download_data_1_and_2, run_id=scheduled__2024-10-05T15:00:00+00:00, execution_date=20241005T150000, start_date=20241207T063106, end_date=20241207T063117
[2024-12-07T03:31:18.584-0300] {logging_mixin.py:190} INFO - Task instance in success state
[2024-12-07T03:31:18.585-0300] {logging_mixin.py:190} INFO -  Previous state of the Task instance: running
[2024-12-07T03:31:18.585-0300] {logging_mixin.py:190} INFO - Dag name:hiring_dynamic_pipeline queued_at:2024-12-07 06:27:03.158666+00:00
[2024-12-07T03:31:18.585-0300] {logging_mixin.py:190} INFO - Task hostname:crisu-VivoBook-S14-X411UF operator:BashOperator
[2024-12-07T03:31:18.624-0300] {local_task_job_runner.py:266} INFO - Task exited with return code 0
[2024-12-07T03:31:18.642-0300] {taskinstance.py:3895} INFO - 1 downstream tasks scheduled from follow-on schedule check
[2024-12-07T03:31:19.259-0300] {local_task_job_runner.py:245} INFO - ::endgroup::
