[2024-12-07T03:27:27.270-0300] {local_task_job_runner.py:123} INFO - ::group::Pre task execution logs
[2024-12-07T03:27:27.281-0300] {taskinstance.py:2613} INFO - Dependencies all met for dep_context=non-requeueable deps ti=<TaskInstance: hiring_dynamic_pipeline.create_folders scheduled__2024-11-05T15:00:00+00:00 [queued]>
[2024-12-07T03:27:27.285-0300] {taskinstance.py:2613} INFO - Dependencies all met for dep_context=requeueable deps ti=<TaskInstance: hiring_dynamic_pipeline.create_folders scheduled__2024-11-05T15:00:00+00:00 [queued]>
[2024-12-07T03:27:27.286-0300] {taskinstance.py:2866} INFO - Starting attempt 1 of 2
[2024-12-07T03:27:27.337-0300] {taskinstance.py:2889} INFO - Executing <Task(PythonOperator): create_folders> on 2024-11-05 15:00:00+00:00
[2024-12-07T03:27:27.343-0300] {standard_task_runner.py:72} INFO - Started process 43534 to run task
[2024-12-07T03:27:27.346-0300] {standard_task_runner.py:104} INFO - Running: ['airflow', 'tasks', 'run', 'hiring_dynamic_pipeline', 'create_folders', 'scheduled__2024-11-05T15:00:00+00:00', '--job-id', '42', '--raw', '--subdir', 'DAGS_FOLDER/dag_dynamic.py', '--cfg-path', '/tmp/tmpqa824mcp']
[2024-12-07T03:27:27.347-0300] {standard_task_runner.py:105} INFO - Job 42: Subtask create_folders
[2024-12-07T03:27:27.428-0300] {task_command.py:467} INFO - Running <TaskInstance: hiring_dynamic_pipeline.create_folders scheduled__2024-11-05T15:00:00+00:00 [running]> on host crisu-VivoBook-S14-X411UF
[2024-12-07T03:27:27.553-0300] {taskinstance.py:3132} INFO - Exporting env vars: AIRFLOW_CTX_DAG_OWNER='airflow' AIRFLOW_CTX_DAG_ID='hiring_dynamic_pipeline' AIRFLOW_CTX_TASK_ID='create_folders' AIRFLOW_CTX_EXECUTION_DATE='2024-11-05T15:00:00+00:00' AIRFLOW_CTX_TRY_NUMBER='1' AIRFLOW_CTX_DAG_RUN_ID='scheduled__2024-11-05T15:00:00+00:00'
[2024-12-07T03:27:27.554-0300] {logging_mixin.py:190} INFO - Task instance is in running state
[2024-12-07T03:27:27.554-0300] {logging_mixin.py:190} INFO -  Previous state of the Task instance: queued
[2024-12-07T03:27:27.554-0300] {logging_mixin.py:190} INFO - Current task name:create_folders state:running start_date:2024-12-07 06:27:27.281409+00:00
[2024-12-07T03:27:27.554-0300] {logging_mixin.py:190} INFO - Dag name:hiring_dynamic_pipeline and current dag run status:running
[2024-12-07T03:27:27.554-0300] {taskinstance.py:731} INFO - ::endgroup::
[2024-12-07T03:27:27.555-0300] {logging_mixin.py:190} INFO - Creating folders for /home/crisu/Universidad/MDS7202-Primavera2024/Lab 13 - Airflow/output_2024-11-05/raw
[2024-12-07T03:27:27.555-0300] {logging_mixin.py:190} INFO - Creating folders for /home/crisu/Universidad/MDS7202-Primavera2024/Lab 13 - Airflow/output_2024-11-05/splits
[2024-12-07T03:27:27.556-0300] {logging_mixin.py:190} INFO - Creating folders for /home/crisu/Universidad/MDS7202-Primavera2024/Lab 13 - Airflow/output_2024-11-05/models
[2024-12-07T03:27:27.556-0300] {logging_mixin.py:190} INFO - Creating folders for /home/crisu/Universidad/MDS7202-Primavera2024/Lab 13 - Airflow/output_2024-11-05/preprocessed
[2024-12-07T03:27:27.556-0300] {python.py:240} INFO - Done. Returned value was: None
[2024-12-07T03:27:27.560-0300] {taskinstance.py:340} INFO - ::group::Post task execution logs
[2024-12-07T03:27:27.560-0300] {taskinstance.py:352} INFO - Marking task as SUCCESS. dag_id=hiring_dynamic_pipeline, task_id=create_folders, run_id=scheduled__2024-11-05T15:00:00+00:00, execution_date=20241105T150000, start_date=20241207T062727, end_date=20241207T062727
[2024-12-07T03:27:27.611-0300] {logging_mixin.py:190} INFO - Task instance in success state
[2024-12-07T03:27:27.611-0300] {logging_mixin.py:190} INFO -  Previous state of the Task instance: running
[2024-12-07T03:27:27.612-0300] {logging_mixin.py:190} INFO - Dag name:hiring_dynamic_pipeline queued_at:2024-12-07 06:27:11.618485+00:00
[2024-12-07T03:27:27.612-0300] {logging_mixin.py:190} INFO - Task hostname:crisu-VivoBook-S14-X411UF operator:PythonOperator
[2024-12-07T03:27:27.640-0300] {local_task_job_runner.py:266} INFO - Task exited with return code 0
[2024-12-07T03:27:27.658-0300] {taskinstance.py:3895} INFO - 1 downstream tasks scheduled from follow-on schedule check
[2024-12-07T03:27:27.701-0300] {local_task_job_runner.py:245} INFO - ::endgroup::
[2024-12-07T03:44:58.710-0300] {local_task_job_runner.py:123} INFO - ::group::Pre task execution logs
[2024-12-07T03:44:58.748-0300] {taskinstance.py:2613} INFO - Dependencies all met for dep_context=non-requeueable deps ti=<TaskInstance: hiring_dynamic_pipeline.create_folders scheduled__2024-11-05T15:00:00+00:00 [queued]>
[2024-12-07T03:44:58.753-0300] {taskinstance.py:2613} INFO - Dependencies all met for dep_context=requeueable deps ti=<TaskInstance: hiring_dynamic_pipeline.create_folders scheduled__2024-11-05T15:00:00+00:00 [queued]>
[2024-12-07T03:44:58.753-0300] {taskinstance.py:2866} INFO - Starting attempt 1 of 2
[2024-12-07T03:44:59.279-0300] {taskinstance.py:2889} INFO - Executing <Task(PythonOperator): create_folders> on 2024-11-05 15:00:00+00:00
[2024-12-07T03:44:59.291-0300] {standard_task_runner.py:72} INFO - Started process 45977 to run task
[2024-12-07T03:44:59.297-0300] {standard_task_runner.py:104} INFO - Running: ['airflow', 'tasks', 'run', 'hiring_dynamic_pipeline', 'create_folders', 'scheduled__2024-11-05T15:00:00+00:00', '--job-id', '42', '--raw', '--subdir', 'DAGS_FOLDER/dag_dynamic.py', '--cfg-path', '/tmp/tmpegkr6tbg']
[2024-12-07T03:44:59.298-0300] {standard_task_runner.py:105} INFO - Job 42: Subtask create_folders
[2024-12-07T03:45:00.025-0300] {task_command.py:467} INFO - Running <TaskInstance: hiring_dynamic_pipeline.create_folders scheduled__2024-11-05T15:00:00+00:00 [running]> on host crisu-VivoBook-S14-X411UF
[2024-12-07T03:45:02.812-0300] {taskinstance.py:3132} INFO - Exporting env vars: AIRFLOW_CTX_DAG_OWNER='airflow' AIRFLOW_CTX_DAG_ID='hiring_dynamic_pipeline' AIRFLOW_CTX_TASK_ID='create_folders' AIRFLOW_CTX_EXECUTION_DATE='2024-11-05T15:00:00+00:00' AIRFLOW_CTX_TRY_NUMBER='1' AIRFLOW_CTX_DAG_RUN_ID='scheduled__2024-11-05T15:00:00+00:00'
[2024-12-07T03:45:02.813-0300] {logging_mixin.py:190} INFO - Task instance is in running state
[2024-12-07T03:45:02.813-0300] {logging_mixin.py:190} INFO -  Previous state of the Task instance: queued
[2024-12-07T03:45:02.814-0300] {logging_mixin.py:190} INFO - Current task name:create_folders state:running start_date:2024-12-07 06:44:58.748967+00:00
[2024-12-07T03:45:02.814-0300] {logging_mixin.py:190} INFO - Dag name:hiring_dynamic_pipeline and current dag run status:running
[2024-12-07T03:45:02.814-0300] {taskinstance.py:731} INFO - ::endgroup::
[2024-12-07T03:45:02.815-0300] {logging_mixin.py:190} INFO - Creating folders for /home/crisu/Universidad/MDS7202-Primavera2024/Lab 13 - Airflow/output_2024-11-05/raw
[2024-12-07T03:45:02.815-0300] {logging_mixin.py:190} INFO - Creating folders for /home/crisu/Universidad/MDS7202-Primavera2024/Lab 13 - Airflow/output_2024-11-05/splits
[2024-12-07T03:45:02.816-0300] {logging_mixin.py:190} INFO - Creating folders for /home/crisu/Universidad/MDS7202-Primavera2024/Lab 13 - Airflow/output_2024-11-05/models
[2024-12-07T03:45:02.816-0300] {logging_mixin.py:190} INFO - Creating folders for /home/crisu/Universidad/MDS7202-Primavera2024/Lab 13 - Airflow/output_2024-11-05/preprocessed
[2024-12-07T03:45:02.816-0300] {python.py:240} INFO - Done. Returned value was: None
[2024-12-07T03:45:02.821-0300] {taskinstance.py:340} INFO - ::group::Post task execution logs
[2024-12-07T03:45:02.821-0300] {taskinstance.py:352} INFO - Marking task as SUCCESS. dag_id=hiring_dynamic_pipeline, task_id=create_folders, run_id=scheduled__2024-11-05T15:00:00+00:00, execution_date=20241105T150000, start_date=20241207T064458, end_date=20241207T064502
[2024-12-07T03:45:03.489-0300] {logging_mixin.py:190} INFO - Task instance in success state
[2024-12-07T03:45:03.489-0300] {logging_mixin.py:190} INFO -  Previous state of the Task instance: running
[2024-12-07T03:45:03.490-0300] {logging_mixin.py:190} INFO - Dag name:hiring_dynamic_pipeline queued_at:2024-12-07 06:44:29.722220+00:00
[2024-12-07T03:45:03.490-0300] {logging_mixin.py:190} INFO - Task hostname:crisu-VivoBook-S14-X411UF operator:PythonOperator
[2024-12-07T03:45:03.527-0300] {local_task_job_runner.py:266} INFO - Task exited with return code 0
[2024-12-07T03:45:03.550-0300] {taskinstance.py:3895} INFO - 1 downstream tasks scheduled from follow-on schedule check
[2024-12-07T03:45:03.956-0300] {local_task_job_runner.py:245} INFO - ::endgroup::
[2024-12-07T03:45:04.302-0300] {standard_task_runner.py:217} INFO - Process not found (most likely exited), stop collecting metrics
[2024-12-07T04:03:09.628-0300] {local_task_job_runner.py:123} INFO - ::group::Pre task execution logs
[2024-12-07T04:03:09.702-0300] {taskinstance.py:2613} INFO - Dependencies all met for dep_context=non-requeueable deps ti=<TaskInstance: hiring_dynamic_pipeline.create_folders scheduled__2024-11-05T15:00:00+00:00 [queued]>
[2024-12-07T04:03:09.707-0300] {taskinstance.py:2613} INFO - Dependencies all met for dep_context=requeueable deps ti=<TaskInstance: hiring_dynamic_pipeline.create_folders scheduled__2024-11-05T15:00:00+00:00 [queued]>
[2024-12-07T04:03:09.708-0300] {taskinstance.py:2866} INFO - Starting attempt 1 of 2
[2024-12-07T04:03:11.277-0300] {taskinstance.py:2889} INFO - Executing <Task(PythonOperator): create_folders> on 2024-11-05 15:00:00+00:00
[2024-12-07T04:03:11.284-0300] {standard_task_runner.py:72} INFO - Started process 48383 to run task
[2024-12-07T04:03:11.287-0300] {standard_task_runner.py:104} INFO - Running: ['airflow', 'tasks', 'run', 'hiring_dynamic_pipeline', 'create_folders', 'scheduled__2024-11-05T15:00:00+00:00', '--job-id', '43', '--raw', '--subdir', 'DAGS_FOLDER/dag_dynamic.py', '--cfg-path', '/tmp/tmp9qqum6xn']
[2024-12-07T04:03:11.288-0300] {standard_task_runner.py:105} INFO - Job 43: Subtask create_folders
[2024-12-07T04:03:11.999-0300] {task_command.py:467} INFO - Running <TaskInstance: hiring_dynamic_pipeline.create_folders scheduled__2024-11-05T15:00:00+00:00 [running]> on host crisu-VivoBook-S14-X411UF
[2024-12-07T04:03:14.030-0300] {taskinstance.py:3132} INFO - Exporting env vars: AIRFLOW_CTX_DAG_OWNER='airflow' AIRFLOW_CTX_DAG_ID='hiring_dynamic_pipeline' AIRFLOW_CTX_TASK_ID='create_folders' AIRFLOW_CTX_EXECUTION_DATE='2024-11-05T15:00:00+00:00' AIRFLOW_CTX_TRY_NUMBER='1' AIRFLOW_CTX_DAG_RUN_ID='scheduled__2024-11-05T15:00:00+00:00'
[2024-12-07T04:03:14.031-0300] {logging_mixin.py:190} INFO - Task instance is in running state
[2024-12-07T04:03:14.031-0300] {logging_mixin.py:190} INFO -  Previous state of the Task instance: queued
[2024-12-07T04:03:14.031-0300] {logging_mixin.py:190} INFO - Current task name:create_folders state:running start_date:2024-12-07 07:03:09.703102+00:00
[2024-12-07T04:03:14.031-0300] {logging_mixin.py:190} INFO - Dag name:hiring_dynamic_pipeline and current dag run status:running
[2024-12-07T04:03:14.032-0300] {taskinstance.py:731} INFO - ::endgroup::
[2024-12-07T04:03:14.032-0300] {logging_mixin.py:190} INFO - Creating folders for /home/crisu/Universidad/MDS7202-Primavera2024/Lab 13 - Airflow/output_2024-11-05/raw
[2024-12-07T04:03:14.032-0300] {logging_mixin.py:190} INFO - Creating folders for /home/crisu/Universidad/MDS7202-Primavera2024/Lab 13 - Airflow/output_2024-11-05/splits
[2024-12-07T04:03:14.033-0300] {logging_mixin.py:190} INFO - Creating folders for /home/crisu/Universidad/MDS7202-Primavera2024/Lab 13 - Airflow/output_2024-11-05/models
[2024-12-07T04:03:14.033-0300] {logging_mixin.py:190} INFO - Creating folders for /home/crisu/Universidad/MDS7202-Primavera2024/Lab 13 - Airflow/output_2024-11-05/preprocessed
[2024-12-07T04:03:14.033-0300] {python.py:240} INFO - Done. Returned value was: None
[2024-12-07T04:03:14.036-0300] {taskinstance.py:340} INFO - ::group::Post task execution logs
[2024-12-07T04:03:14.037-0300] {taskinstance.py:352} INFO - Marking task as SUCCESS. dag_id=hiring_dynamic_pipeline, task_id=create_folders, run_id=scheduled__2024-11-05T15:00:00+00:00, execution_date=20241105T150000, start_date=20241207T070309, end_date=20241207T070314
[2024-12-07T04:03:15.034-0300] {logging_mixin.py:190} INFO - Task instance in success state
[2024-12-07T04:03:15.034-0300] {logging_mixin.py:190} INFO -  Previous state of the Task instance: running
[2024-12-07T04:03:15.035-0300] {logging_mixin.py:190} INFO - Dag name:hiring_dynamic_pipeline queued_at:2024-12-07 07:02:23.453548+00:00
[2024-12-07T04:03:15.035-0300] {logging_mixin.py:190} INFO - Task hostname:crisu-VivoBook-S14-X411UF operator:PythonOperator
[2024-12-07T04:03:15.074-0300] {local_task_job_runner.py:266} INFO - Task exited with return code 0
[2024-12-07T04:03:16.236-0300] {taskinstance.py:3895} INFO - 1 downstream tasks scheduled from follow-on schedule check
[2024-12-07T04:03:16.294-0300] {standard_task_runner.py:217} INFO - Process not found (most likely exited), stop collecting metrics
[2024-12-07T04:03:17.153-0300] {local_task_job_runner.py:245} INFO - ::endgroup::
