[2024-12-07T03:32:08.806-0300] {local_task_job_runner.py:123} INFO - ::group::Pre task execution logs
[2024-12-07T03:32:08.815-0300] {taskinstance.py:2613} INFO - Dependencies all met for dep_context=non-requeueable deps ti=<TaskInstance: hiring_dynamic_pipeline.train_logistic_regression scheduled__2024-10-05T15:00:00+00:00 [queued]>
[2024-12-07T03:32:08.820-0300] {taskinstance.py:2613} INFO - Dependencies all met for dep_context=requeueable deps ti=<TaskInstance: hiring_dynamic_pipeline.train_logistic_regression scheduled__2024-10-05T15:00:00+00:00 [queued]>
[2024-12-07T03:32:08.821-0300] {taskinstance.py:2866} INFO - Starting attempt 1 of 2
[2024-12-07T03:32:09.314-0300] {taskinstance.py:2889} INFO - Executing <Task(PythonOperator): train_logistic_regression> on 2024-10-05 15:00:00+00:00
[2024-12-07T03:32:09.322-0300] {standard_task_runner.py:72} INFO - Started process 44113 to run task
[2024-12-07T03:32:09.324-0300] {standard_task_runner.py:104} INFO - Running: ['airflow', 'tasks', 'run', 'hiring_dynamic_pipeline', 'train_logistic_regression', 'scheduled__2024-10-05T15:00:00+00:00', '--job-id', '53', '--raw', '--subdir', 'DAGS_FOLDER/dag_dynamic.py', '--cfg-path', '/tmp/tmpz98to_kw']
[2024-12-07T03:32:09.325-0300] {standard_task_runner.py:105} INFO - Job 53: Subtask train_logistic_regression
[2024-12-07T03:32:10.407-0300] {task_command.py:467} INFO - Running <TaskInstance: hiring_dynamic_pipeline.train_logistic_regression scheduled__2024-10-05T15:00:00+00:00 [running]> on host crisu-VivoBook-S14-X411UF
[2024-12-07T03:32:13.026-0300] {taskinstance.py:3132} INFO - Exporting env vars: AIRFLOW_CTX_DAG_OWNER='airflow' AIRFLOW_CTX_DAG_ID='hiring_dynamic_pipeline' AIRFLOW_CTX_TASK_ID='train_logistic_regression' AIRFLOW_CTX_EXECUTION_DATE='2024-10-05T15:00:00+00:00' AIRFLOW_CTX_TRY_NUMBER='1' AIRFLOW_CTX_DAG_RUN_ID='scheduled__2024-10-05T15:00:00+00:00'
[2024-12-07T03:32:13.027-0300] {logging_mixin.py:190} INFO - Task instance is in running state
[2024-12-07T03:32:13.028-0300] {logging_mixin.py:190} INFO -  Previous state of the Task instance: queued
[2024-12-07T03:32:13.028-0300] {logging_mixin.py:190} INFO - Current task name:train_logistic_regression state:running start_date:2024-12-07 06:32:08.815858+00:00
[2024-12-07T03:32:13.028-0300] {logging_mixin.py:190} INFO - Dag name:hiring_dynamic_pipeline and current dag run status:running
[2024-12-07T03:32:13.028-0300] {taskinstance.py:731} INFO - ::endgroup::
[2024-12-07T03:32:13.059-0300] {python.py:240} INFO - Done. Returned value was: None
[2024-12-07T03:32:13.065-0300] {taskinstance.py:340} INFO - ::group::Post task execution logs
[2024-12-07T03:32:13.065-0300] {taskinstance.py:352} INFO - Marking task as SUCCESS. dag_id=hiring_dynamic_pipeline, task_id=train_logistic_regression, run_id=scheduled__2024-10-05T15:00:00+00:00, execution_date=20241005T150000, start_date=20241207T063208, end_date=20241207T063213
[2024-12-07T03:32:14.792-0300] {logging_mixin.py:190} INFO - Task instance in success state
[2024-12-07T03:32:14.792-0300] {logging_mixin.py:190} INFO -  Previous state of the Task instance: running
[2024-12-07T03:32:14.793-0300] {logging_mixin.py:190} INFO - Dag name:hiring_dynamic_pipeline queued_at:2024-12-07 06:27:03.158666+00:00
[2024-12-07T03:32:14.793-0300] {logging_mixin.py:190} INFO - Task hostname:crisu-VivoBook-S14-X411UF operator:PythonOperator
[2024-12-07T03:32:15.554-0300] {local_task_job_runner.py:266} INFO - Task exited with return code 0
[2024-12-07T03:32:15.566-0300] {taskinstance.py:3895} INFO - 0 downstream tasks scheduled from follow-on schedule check
[2024-12-07T03:32:15.566-0300] {local_task_job_runner.py:245} INFO - ::endgroup::
[2024-12-07T03:46:23.556-0300] {local_task_job_runner.py:123} INFO - ::group::Pre task execution logs
[2024-12-07T03:46:23.576-0300] {taskinstance.py:2613} INFO - Dependencies all met for dep_context=non-requeueable deps ti=<TaskInstance: hiring_dynamic_pipeline.train_logistic_regression scheduled__2024-10-05T15:00:00+00:00 [queued]>
[2024-12-07T03:46:23.582-0300] {taskinstance.py:2613} INFO - Dependencies all met for dep_context=requeueable deps ti=<TaskInstance: hiring_dynamic_pipeline.train_logistic_regression scheduled__2024-10-05T15:00:00+00:00 [queued]>
[2024-12-07T03:46:23.582-0300] {taskinstance.py:2866} INFO - Starting attempt 1 of 2
[2024-12-07T03:46:23.635-0300] {taskinstance.py:2889} INFO - Executing <Task(PythonOperator): train_logistic_regression> on 2024-10-05 15:00:00+00:00
[2024-12-07T03:46:23.642-0300] {standard_task_runner.py:72} INFO - Started process 46286 to run task
[2024-12-07T03:46:23.645-0300] {standard_task_runner.py:104} INFO - Running: ['airflow', 'tasks', 'run', 'hiring_dynamic_pipeline', 'train_logistic_regression', 'scheduled__2024-10-05T15:00:00+00:00', '--job-id', '57', '--raw', '--subdir', 'DAGS_FOLDER/dag_dynamic.py', '--cfg-path', '/tmp/tmpzirl8wbh']
[2024-12-07T03:46:23.646-0300] {standard_task_runner.py:105} INFO - Job 57: Subtask train_logistic_regression
[2024-12-07T03:46:23.726-0300] {task_command.py:467} INFO - Running <TaskInstance: hiring_dynamic_pipeline.train_logistic_regression scheduled__2024-10-05T15:00:00+00:00 [running]> on host crisu-VivoBook-S14-X411UF
[2024-12-07T03:46:23.871-0300] {taskinstance.py:3132} INFO - Exporting env vars: AIRFLOW_CTX_DAG_OWNER='airflow' AIRFLOW_CTX_DAG_ID='hiring_dynamic_pipeline' AIRFLOW_CTX_TASK_ID='train_logistic_regression' AIRFLOW_CTX_EXECUTION_DATE='2024-10-05T15:00:00+00:00' AIRFLOW_CTX_TRY_NUMBER='1' AIRFLOW_CTX_DAG_RUN_ID='scheduled__2024-10-05T15:00:00+00:00'
[2024-12-07T03:46:23.872-0300] {logging_mixin.py:190} INFO - Task instance is in running state
[2024-12-07T03:46:23.872-0300] {logging_mixin.py:190} INFO -  Previous state of the Task instance: queued
[2024-12-07T03:46:23.872-0300] {logging_mixin.py:190} INFO - Current task name:train_logistic_regression state:running start_date:2024-12-07 06:46:23.576547+00:00
[2024-12-07T03:46:23.873-0300] {logging_mixin.py:190} INFO - Dag name:hiring_dynamic_pipeline and current dag run status:running
[2024-12-07T03:46:23.873-0300] {taskinstance.py:731} INFO - ::endgroup::
[2024-12-07T03:46:23.900-0300] {python.py:240} INFO - Done. Returned value was: None
[2024-12-07T03:46:23.904-0300] {taskinstance.py:340} INFO - ::group::Post task execution logs
[2024-12-07T03:46:23.905-0300] {taskinstance.py:352} INFO - Marking task as SUCCESS. dag_id=hiring_dynamic_pipeline, task_id=train_logistic_regression, run_id=scheduled__2024-10-05T15:00:00+00:00, execution_date=20241005T150000, start_date=20241207T064623, end_date=20241207T064623
[2024-12-07T03:46:23.964-0300] {logging_mixin.py:190} INFO - Task instance in success state
[2024-12-07T03:46:23.964-0300] {logging_mixin.py:190} INFO -  Previous state of the Task instance: running
[2024-12-07T03:46:23.964-0300] {logging_mixin.py:190} INFO - Dag name:hiring_dynamic_pipeline queued_at:2024-12-07 06:44:27.637067+00:00
[2024-12-07T03:46:23.964-0300] {logging_mixin.py:190} INFO - Task hostname:crisu-VivoBook-S14-X411UF operator:PythonOperator
[2024-12-07T03:46:23.977-0300] {local_task_job_runner.py:266} INFO - Task exited with return code 0
[2024-12-07T03:46:23.995-0300] {taskinstance.py:3895} INFO - 0 downstream tasks scheduled from follow-on schedule check
[2024-12-07T03:46:23.996-0300] {local_task_job_runner.py:245} INFO - ::endgroup::
[2024-12-07T04:04:51.273-0300] {local_task_job_runner.py:123} INFO - ::group::Pre task execution logs
[2024-12-07T04:04:51.303-0300] {taskinstance.py:2613} INFO - Dependencies all met for dep_context=non-requeueable deps ti=<TaskInstance: hiring_dynamic_pipeline.train_logistic_regression scheduled__2024-10-05T15:00:00+00:00 [queued]>
[2024-12-07T04:04:51.309-0300] {taskinstance.py:2613} INFO - Dependencies all met for dep_context=requeueable deps ti=<TaskInstance: hiring_dynamic_pipeline.train_logistic_regression scheduled__2024-10-05T15:00:00+00:00 [queued]>
[2024-12-07T04:04:51.309-0300] {taskinstance.py:2866} INFO - Starting attempt 1 of 2
[2024-12-07T04:04:51.373-0300] {taskinstance.py:2889} INFO - Executing <Task(PythonOperator): train_logistic_regression> on 2024-10-05 15:00:00+00:00
[2024-12-07T04:04:51.380-0300] {standard_task_runner.py:72} INFO - Started process 48788 to run task
[2024-12-07T04:04:51.383-0300] {standard_task_runner.py:104} INFO - Running: ['airflow', 'tasks', 'run', 'hiring_dynamic_pipeline', 'train_logistic_regression', 'scheduled__2024-10-05T15:00:00+00:00', '--job-id', '57', '--raw', '--subdir', 'DAGS_FOLDER/dag_dynamic.py', '--cfg-path', '/tmp/tmp0_m19ez5']
[2024-12-07T04:04:51.384-0300] {standard_task_runner.py:105} INFO - Job 57: Subtask train_logistic_regression
[2024-12-07T04:04:51.452-0300] {task_command.py:467} INFO - Running <TaskInstance: hiring_dynamic_pipeline.train_logistic_regression scheduled__2024-10-05T15:00:00+00:00 [running]> on host crisu-VivoBook-S14-X411UF
[2024-12-07T04:04:51.587-0300] {taskinstance.py:3132} INFO - Exporting env vars: AIRFLOW_CTX_DAG_OWNER='airflow' AIRFLOW_CTX_DAG_ID='hiring_dynamic_pipeline' AIRFLOW_CTX_TASK_ID='train_logistic_regression' AIRFLOW_CTX_EXECUTION_DATE='2024-10-05T15:00:00+00:00' AIRFLOW_CTX_TRY_NUMBER='1' AIRFLOW_CTX_DAG_RUN_ID='scheduled__2024-10-05T15:00:00+00:00'
[2024-12-07T04:04:51.588-0300] {logging_mixin.py:190} INFO - Task instance is in running state
[2024-12-07T04:04:51.588-0300] {logging_mixin.py:190} INFO -  Previous state of the Task instance: queued
[2024-12-07T04:04:51.589-0300] {logging_mixin.py:190} INFO - Current task name:train_logistic_regression state:running start_date:2024-12-07 07:04:51.303901+00:00
[2024-12-07T04:04:51.589-0300] {logging_mixin.py:190} INFO - Dag name:hiring_dynamic_pipeline and current dag run status:running
[2024-12-07T04:04:51.589-0300] {taskinstance.py:731} INFO - ::endgroup::
[2024-12-07T04:04:51.614-0300] {python.py:240} INFO - Done. Returned value was: None
[2024-12-07T04:04:51.618-0300] {taskinstance.py:340} INFO - ::group::Post task execution logs
[2024-12-07T04:04:51.619-0300] {taskinstance.py:352} INFO - Marking task as SUCCESS. dag_id=hiring_dynamic_pipeline, task_id=train_logistic_regression, run_id=scheduled__2024-10-05T15:00:00+00:00, execution_date=20241005T150000, start_date=20241207T070451, end_date=20241207T070451
[2024-12-07T04:04:51.668-0300] {logging_mixin.py:190} INFO - Task instance in success state
[2024-12-07T04:04:51.669-0300] {logging_mixin.py:190} INFO -  Previous state of the Task instance: running
[2024-12-07T04:04:51.669-0300] {logging_mixin.py:190} INFO - Dag name:hiring_dynamic_pipeline queued_at:2024-12-07 07:02:12.234495+00:00
[2024-12-07T04:04:51.669-0300] {logging_mixin.py:190} INFO - Task hostname:crisu-VivoBook-S14-X411UF operator:PythonOperator
[2024-12-07T04:04:51.717-0300] {local_task_job_runner.py:266} INFO - Task exited with return code 0
[2024-12-07T04:04:51.733-0300] {taskinstance.py:3895} INFO - 0 downstream tasks scheduled from follow-on schedule check
[2024-12-07T04:04:51.734-0300] {local_task_job_runner.py:245} INFO - ::endgroup::
