[2024-12-07T02:54:33.631-0300] {local_task_job_runner.py:123} INFO - ::group::Pre task execution logs
[2024-12-07T02:54:33.639-0300] {taskinstance.py:2613} INFO - Dependencies all met for dep_context=non-requeueable deps ti=<TaskInstance: hiring_lineal.preprocess_and_train manual__2024-12-07T05:53:24.415827+00:00 [queued]>
[2024-12-07T02:54:33.645-0300] {taskinstance.py:2613} INFO - Dependencies all met for dep_context=requeueable deps ti=<TaskInstance: hiring_lineal.preprocess_and_train manual__2024-12-07T05:53:24.415827+00:00 [queued]>
[2024-12-07T02:54:33.645-0300] {taskinstance.py:2866} INFO - Starting attempt 1 of 2
[2024-12-07T02:54:34.374-0300] {taskinstance.py:2889} INFO - Executing <Task(PythonOperator): preprocess_and_train> on 2024-12-07 05:53:24.415827+00:00
[2024-12-07T02:54:34.381-0300] {standard_task_runner.py:72} INFO - Started process 41347 to run task
[2024-12-07T02:54:34.384-0300] {standard_task_runner.py:104} INFO - Running: ['airflow', 'tasks', 'run', 'hiring_lineal', 'preprocess_and_train', 'manual__2024-12-07T05:53:24.415827+00:00', '--job-id', '35', '--raw', '--subdir', 'DAGS_FOLDER/dag_lineal1.py', '--cfg-path', '/tmp/tmprnxkodzy']
[2024-12-07T02:54:34.385-0300] {standard_task_runner.py:105} INFO - Job 35: Subtask preprocess_and_train
[2024-12-07T02:54:35.059-0300] {task_command.py:467} INFO - Running <TaskInstance: hiring_lineal.preprocess_and_train manual__2024-12-07T05:53:24.415827+00:00 [running]> on host crisu-VivoBook-S14-X411UF
[2024-12-07T02:54:36.772-0300] {taskinstance.py:3132} INFO - Exporting env vars: AIRFLOW_CTX_DAG_OWNER='airflow' AIRFLOW_CTX_DAG_ID='hiring_lineal' AIRFLOW_CTX_TASK_ID='preprocess_and_train' AIRFLOW_CTX_EXECUTION_DATE='2024-12-07T05:53:24.415827+00:00' AIRFLOW_CTX_TRY_NUMBER='1' AIRFLOW_CTX_DAG_RUN_ID='manual__2024-12-07T05:53:24.415827+00:00'
[2024-12-07T02:54:36.773-0300] {logging_mixin.py:190} INFO - Task instance is in running state
[2024-12-07T02:54:36.774-0300] {logging_mixin.py:190} INFO -  Previous state of the Task instance: queued
[2024-12-07T02:54:36.774-0300] {logging_mixin.py:190} INFO - Current task name:preprocess_and_train state:running start_date:2024-12-07 05:54:33.640218+00:00
[2024-12-07T02:54:36.774-0300] {logging_mixin.py:190} INFO - Dag name:hiring_lineal and current dag run status:running
[2024-12-07T02:54:36.774-0300] {taskinstance.py:731} INFO - ::endgroup::
[2024-12-07T02:54:36.979-0300] {logging_mixin.py:190} INFO - Accuracy: 0.9133
[2024-12-07T02:54:36.982-0300] {logging_mixin.py:190} INFO - F1 Score (Positive Class): 0.8434
[2024-12-07T02:54:37.266-0300] {python.py:240} INFO - Done. Returned value was: None
[2024-12-07T02:54:38.500-0300] {taskinstance.py:340} INFO - ::group::Post task execution logs
[2024-12-07T02:54:38.501-0300] {taskinstance.py:352} INFO - Marking task as SUCCESS. dag_id=hiring_lineal, task_id=preprocess_and_train, run_id=manual__2024-12-07T05:53:24.415827+00:00, execution_date=20241207T055324, start_date=20241207T055433, end_date=20241207T055438
[2024-12-07T02:54:41.361-0300] {logging_mixin.py:190} INFO - Task instance in success state
[2024-12-07T02:54:41.361-0300] {logging_mixin.py:190} INFO -  Previous state of the Task instance: running
[2024-12-07T02:54:41.361-0300] {logging_mixin.py:190} INFO - Dag name:hiring_lineal queued_at:2024-12-07 05:53:24.426200+00:00
[2024-12-07T02:54:41.362-0300] {logging_mixin.py:190} INFO - Task hostname:crisu-VivoBook-S14-X411UF operator:PythonOperator
[2024-12-07T02:54:42.618-0300] {local_task_job_runner.py:266} INFO - Task exited with return code 0
[2024-12-07T02:54:42.632-0300] {taskinstance.py:3895} INFO - 1 downstream tasks scheduled from follow-on schedule check
[2024-12-07T02:54:43.275-0300] {local_task_job_runner.py:245} INFO - ::endgroup::
[2024-12-07T02:54:44.394-0300] {standard_task_runner.py:217} INFO - Process not found (most likely exited), stop collecting metrics
