[2024-12-07T03:33:28.187-0300] {local_task_job_runner.py:123} INFO - ::group::Pre task execution logs
[2024-12-07T03:33:28.196-0300] {taskinstance.py:2613} INFO - Dependencies all met for dep_context=non-requeueable deps ti=<TaskInstance: hiring_dynamic_pipeline.train_random_forest scheduled__2024-11-05T15:00:00+00:00 [queued]>
[2024-12-07T03:33:28.201-0300] {taskinstance.py:2613} INFO - Dependencies all met for dep_context=requeueable deps ti=<TaskInstance: hiring_dynamic_pipeline.train_random_forest scheduled__2024-11-05T15:00:00+00:00 [queued]>
[2024-12-07T03:33:28.201-0300] {taskinstance.py:2866} INFO - Starting attempt 1 of 2
[2024-12-07T03:33:28.277-0300] {taskinstance.py:2889} INFO - Executing <Task(PythonOperator): train_random_forest> on 2024-11-05 15:00:00+00:00
[2024-12-07T03:33:28.284-0300] {standard_task_runner.py:72} INFO - Started process 44349 to run task
[2024-12-07T03:33:28.287-0300] {standard_task_runner.py:104} INFO - Running: ['airflow', 'tasks', 'run', 'hiring_dynamic_pipeline', 'train_random_forest', 'scheduled__2024-11-05T15:00:00+00:00', '--job-id', '64', '--raw', '--subdir', 'DAGS_FOLDER/dag_dynamic.py', '--cfg-path', '/tmp/tmptes_ksq4']
[2024-12-07T03:33:28.288-0300] {standard_task_runner.py:105} INFO - Job 64: Subtask train_random_forest
[2024-12-07T03:33:28.363-0300] {task_command.py:467} INFO - Running <TaskInstance: hiring_dynamic_pipeline.train_random_forest scheduled__2024-11-05T15:00:00+00:00 [running]> on host crisu-VivoBook-S14-X411UF
[2024-12-07T03:33:28.502-0300] {taskinstance.py:3132} INFO - Exporting env vars: AIRFLOW_CTX_DAG_OWNER='airflow' AIRFLOW_CTX_DAG_ID='hiring_dynamic_pipeline' AIRFLOW_CTX_TASK_ID='train_random_forest' AIRFLOW_CTX_EXECUTION_DATE='2024-11-05T15:00:00+00:00' AIRFLOW_CTX_TRY_NUMBER='1' AIRFLOW_CTX_DAG_RUN_ID='scheduled__2024-11-05T15:00:00+00:00'
[2024-12-07T03:33:28.503-0300] {logging_mixin.py:190} INFO - Task instance is in running state
[2024-12-07T03:33:28.503-0300] {logging_mixin.py:190} INFO -  Previous state of the Task instance: queued
[2024-12-07T03:33:28.504-0300] {logging_mixin.py:190} INFO - Current task name:train_random_forest state:running start_date:2024-12-07 06:33:28.196574+00:00
[2024-12-07T03:33:28.504-0300] {logging_mixin.py:190} INFO - Dag name:hiring_dynamic_pipeline and current dag run status:running
[2024-12-07T03:33:28.504-0300] {taskinstance.py:731} INFO - ::endgroup::
[2024-12-07T03:33:28.844-0300] {python.py:240} INFO - Done. Returned value was: None
[2024-12-07T03:33:28.848-0300] {taskinstance.py:340} INFO - ::group::Post task execution logs
[2024-12-07T03:33:28.849-0300] {taskinstance.py:352} INFO - Marking task as SUCCESS. dag_id=hiring_dynamic_pipeline, task_id=train_random_forest, run_id=scheduled__2024-11-05T15:00:00+00:00, execution_date=20241105T150000, start_date=20241207T063328, end_date=20241207T063328
[2024-12-07T03:33:29.310-0300] {logging_mixin.py:190} INFO - Task instance in success state
[2024-12-07T03:33:29.311-0300] {logging_mixin.py:190} INFO -  Previous state of the Task instance: running
[2024-12-07T03:33:29.311-0300] {logging_mixin.py:190} INFO - Dag name:hiring_dynamic_pipeline queued_at:2024-12-07 06:27:11.618485+00:00
[2024-12-07T03:33:29.311-0300] {logging_mixin.py:190} INFO - Task hostname:crisu-VivoBook-S14-X411UF operator:PythonOperator
[2024-12-07T03:33:29.343-0300] {local_task_job_runner.py:266} INFO - Task exited with return code 0
[2024-12-07T03:33:29.359-0300] {taskinstance.py:3895} INFO - 0 downstream tasks scheduled from follow-on schedule check
[2024-12-07T03:33:29.359-0300] {local_task_job_runner.py:245} INFO - ::endgroup::
[2024-12-07T03:46:32.638-0300] {local_task_job_runner.py:123} INFO - ::group::Pre task execution logs
[2024-12-07T03:46:32.684-0300] {taskinstance.py:2613} INFO - Dependencies all met for dep_context=non-requeueable deps ti=<TaskInstance: hiring_dynamic_pipeline.train_random_forest scheduled__2024-11-05T15:00:00+00:00 [queued]>
[2024-12-07T03:46:32.697-0300] {taskinstance.py:2613} INFO - Dependencies all met for dep_context=requeueable deps ti=<TaskInstance: hiring_dynamic_pipeline.train_random_forest scheduled__2024-11-05T15:00:00+00:00 [queued]>
[2024-12-07T03:46:32.698-0300] {taskinstance.py:2866} INFO - Starting attempt 1 of 2
[2024-12-07T03:46:32.902-0300] {taskinstance.py:2889} INFO - Executing <Task(PythonOperator): train_random_forest> on 2024-11-05 15:00:00+00:00
[2024-12-07T03:46:32.910-0300] {standard_task_runner.py:72} INFO - Started process 46329 to run task
[2024-12-07T03:46:32.914-0300] {standard_task_runner.py:104} INFO - Running: ['airflow', 'tasks', 'run', 'hiring_dynamic_pipeline', 'train_random_forest', 'scheduled__2024-11-05T15:00:00+00:00', '--job-id', '59', '--raw', '--subdir', 'DAGS_FOLDER/dag_dynamic.py', '--cfg-path', '/tmp/tmpril1oqdl']
[2024-12-07T03:46:32.915-0300] {standard_task_runner.py:105} INFO - Job 59: Subtask train_random_forest
[2024-12-07T03:46:33.091-0300] {task_command.py:467} INFO - Running <TaskInstance: hiring_dynamic_pipeline.train_random_forest scheduled__2024-11-05T15:00:00+00:00 [running]> on host crisu-VivoBook-S14-X411UF
[2024-12-07T03:46:33.372-0300] {taskinstance.py:3132} INFO - Exporting env vars: AIRFLOW_CTX_DAG_OWNER='airflow' AIRFLOW_CTX_DAG_ID='hiring_dynamic_pipeline' AIRFLOW_CTX_TASK_ID='train_random_forest' AIRFLOW_CTX_EXECUTION_DATE='2024-11-05T15:00:00+00:00' AIRFLOW_CTX_TRY_NUMBER='1' AIRFLOW_CTX_DAG_RUN_ID='scheduled__2024-11-05T15:00:00+00:00'
[2024-12-07T03:46:33.373-0300] {logging_mixin.py:190} INFO - Task instance is in running state
[2024-12-07T03:46:33.373-0300] {logging_mixin.py:190} INFO -  Previous state of the Task instance: queued
[2024-12-07T03:46:33.374-0300] {logging_mixin.py:190} INFO - Current task name:train_random_forest state:running start_date:2024-12-07 06:46:32.685462+00:00
[2024-12-07T03:46:33.374-0300] {logging_mixin.py:190} INFO - Dag name:hiring_dynamic_pipeline and current dag run status:running
[2024-12-07T03:46:33.374-0300] {taskinstance.py:731} INFO - ::endgroup::
[2024-12-07T03:46:33.708-0300] {python.py:240} INFO - Done. Returned value was: None
[2024-12-07T03:46:33.712-0300] {taskinstance.py:340} INFO - ::group::Post task execution logs
[2024-12-07T03:46:33.712-0300] {taskinstance.py:352} INFO - Marking task as SUCCESS. dag_id=hiring_dynamic_pipeline, task_id=train_random_forest, run_id=scheduled__2024-11-05T15:00:00+00:00, execution_date=20241105T150000, start_date=20241207T064632, end_date=20241207T064633
[2024-12-07T03:46:33.936-0300] {logging_mixin.py:190} INFO - Task instance in success state
[2024-12-07T03:46:33.937-0300] {logging_mixin.py:190} INFO -  Previous state of the Task instance: running
[2024-12-07T03:46:33.937-0300] {logging_mixin.py:190} INFO - Dag name:hiring_dynamic_pipeline queued_at:2024-12-07 06:44:29.722220+00:00
[2024-12-07T03:46:33.937-0300] {logging_mixin.py:190} INFO - Task hostname:crisu-VivoBook-S14-X411UF operator:PythonOperator
[2024-12-07T03:46:33.971-0300] {local_task_job_runner.py:266} INFO - Task exited with return code 0
[2024-12-07T03:46:33.987-0300] {taskinstance.py:3895} INFO - 0 downstream tasks scheduled from follow-on schedule check
[2024-12-07T03:46:33.988-0300] {local_task_job_runner.py:245} INFO - ::endgroup::
[2024-12-07T04:05:12.242-0300] {local_task_job_runner.py:123} INFO - ::group::Pre task execution logs
[2024-12-07T04:05:12.266-0300] {taskinstance.py:2613} INFO - Dependencies all met for dep_context=non-requeueable deps ti=<TaskInstance: hiring_dynamic_pipeline.train_random_forest scheduled__2024-11-05T15:00:00+00:00 [queued]>
[2024-12-07T04:05:12.272-0300] {taskinstance.py:2613} INFO - Dependencies all met for dep_context=requeueable deps ti=<TaskInstance: hiring_dynamic_pipeline.train_random_forest scheduled__2024-11-05T15:00:00+00:00 [queued]>
[2024-12-07T04:05:12.272-0300] {taskinstance.py:2866} INFO - Starting attempt 1 of 2
[2024-12-07T04:05:12.367-0300] {taskinstance.py:2889} INFO - Executing <Task(PythonOperator): train_random_forest> on 2024-11-05 15:00:00+00:00
[2024-12-07T04:05:12.374-0300] {standard_task_runner.py:72} INFO - Started process 48901 to run task
[2024-12-07T04:05:12.377-0300] {standard_task_runner.py:104} INFO - Running: ['airflow', 'tasks', 'run', 'hiring_dynamic_pipeline', 'train_random_forest', 'scheduled__2024-11-05T15:00:00+00:00', '--job-id', '62', '--raw', '--subdir', 'DAGS_FOLDER/dag_dynamic.py', '--cfg-path', '/tmp/tmpeofs1kt0']
[2024-12-07T04:05:12.378-0300] {standard_task_runner.py:105} INFO - Job 62: Subtask train_random_forest
[2024-12-07T04:05:12.449-0300] {task_command.py:467} INFO - Running <TaskInstance: hiring_dynamic_pipeline.train_random_forest scheduled__2024-11-05T15:00:00+00:00 [running]> on host crisu-VivoBook-S14-X411UF
[2024-12-07T04:05:12.582-0300] {taskinstance.py:3132} INFO - Exporting env vars: AIRFLOW_CTX_DAG_OWNER='airflow' AIRFLOW_CTX_DAG_ID='hiring_dynamic_pipeline' AIRFLOW_CTX_TASK_ID='train_random_forest' AIRFLOW_CTX_EXECUTION_DATE='2024-11-05T15:00:00+00:00' AIRFLOW_CTX_TRY_NUMBER='1' AIRFLOW_CTX_DAG_RUN_ID='scheduled__2024-11-05T15:00:00+00:00'
[2024-12-07T04:05:12.583-0300] {logging_mixin.py:190} INFO - Task instance is in running state
[2024-12-07T04:05:12.583-0300] {logging_mixin.py:190} INFO -  Previous state of the Task instance: queued
[2024-12-07T04:05:12.583-0300] {logging_mixin.py:190} INFO - Current task name:train_random_forest state:running start_date:2024-12-07 07:05:12.266781+00:00
[2024-12-07T04:05:12.584-0300] {logging_mixin.py:190} INFO - Dag name:hiring_dynamic_pipeline and current dag run status:running
[2024-12-07T04:05:12.584-0300] {taskinstance.py:731} INFO - ::endgroup::
[2024-12-07T04:05:12.857-0300] {python.py:240} INFO - Done. Returned value was: None
[2024-12-07T04:05:12.861-0300] {taskinstance.py:340} INFO - ::group::Post task execution logs
[2024-12-07T04:05:12.861-0300] {taskinstance.py:352} INFO - Marking task as SUCCESS. dag_id=hiring_dynamic_pipeline, task_id=train_random_forest, run_id=scheduled__2024-11-05T15:00:00+00:00, execution_date=20241105T150000, start_date=20241207T070512, end_date=20241207T070512
[2024-12-07T04:05:13.007-0300] {logging_mixin.py:190} INFO - Task instance in success state
[2024-12-07T04:05:13.007-0300] {logging_mixin.py:190} INFO -  Previous state of the Task instance: running
[2024-12-07T04:05:13.007-0300] {logging_mixin.py:190} INFO - Dag name:hiring_dynamic_pipeline queued_at:2024-12-07 07:02:23.453548+00:00
[2024-12-07T04:05:13.008-0300] {logging_mixin.py:190} INFO - Task hostname:crisu-VivoBook-S14-X411UF operator:PythonOperator
[2024-12-07T04:05:13.031-0300] {local_task_job_runner.py:266} INFO - Task exited with return code 0
[2024-12-07T04:05:13.048-0300] {taskinstance.py:3895} INFO - 0 downstream tasks scheduled from follow-on schedule check
[2024-12-07T04:05:13.049-0300] {local_task_job_runner.py:245} INFO - ::endgroup::
