[2024-12-07T03:31:59.089-0300] {local_task_job_runner.py:123} INFO - ::group::Pre task execution logs
[2024-12-07T03:31:59.100-0300] {taskinstance.py:2613} INFO - Dependencies all met for dep_context=non-requeueable deps ti=<TaskInstance: hiring_dynamic_pipeline.train_random_forest scheduled__2024-10-05T15:00:00+00:00 [queued]>
[2024-12-07T03:31:59.106-0300] {taskinstance.py:2613} INFO - Dependencies all met for dep_context=requeueable deps ti=<TaskInstance: hiring_dynamic_pipeline.train_random_forest scheduled__2024-10-05T15:00:00+00:00 [queued]>
[2024-12-07T03:31:59.106-0300] {taskinstance.py:2866} INFO - Starting attempt 1 of 2
[2024-12-07T03:31:59.620-0300] {taskinstance.py:2889} INFO - Executing <Task(PythonOperator): train_random_forest> on 2024-10-05 15:00:00+00:00
[2024-12-07T03:31:59.627-0300] {standard_task_runner.py:72} INFO - Started process 44092 to run task
[2024-12-07T03:31:59.630-0300] {standard_task_runner.py:104} INFO - Running: ['airflow', 'tasks', 'run', 'hiring_dynamic_pipeline', 'train_random_forest', 'scheduled__2024-10-05T15:00:00+00:00', '--job-id', '52', '--raw', '--subdir', 'DAGS_FOLDER/dag_dynamic.py', '--cfg-path', '/tmp/tmpvpmynpzc']
[2024-12-07T03:31:59.631-0300] {standard_task_runner.py:105} INFO - Job 52: Subtask train_random_forest
[2024-12-07T03:32:00.212-0300] {task_command.py:467} INFO - Running <TaskInstance: hiring_dynamic_pipeline.train_random_forest scheduled__2024-10-05T15:00:00+00:00 [running]> on host crisu-VivoBook-S14-X411UF
[2024-12-07T03:32:02.023-0300] {taskinstance.py:3132} INFO - Exporting env vars: AIRFLOW_CTX_DAG_OWNER='airflow' AIRFLOW_CTX_DAG_ID='hiring_dynamic_pipeline' AIRFLOW_CTX_TASK_ID='train_random_forest' AIRFLOW_CTX_EXECUTION_DATE='2024-10-05T15:00:00+00:00' AIRFLOW_CTX_TRY_NUMBER='1' AIRFLOW_CTX_DAG_RUN_ID='scheduled__2024-10-05T15:00:00+00:00'
[2024-12-07T03:32:02.024-0300] {logging_mixin.py:190} INFO - Task instance is in running state
[2024-12-07T03:32:02.024-0300] {logging_mixin.py:190} INFO -  Previous state of the Task instance: queued
[2024-12-07T03:32:02.024-0300] {logging_mixin.py:190} INFO - Current task name:train_random_forest state:running start_date:2024-12-07 06:31:59.100760+00:00
[2024-12-07T03:32:02.024-0300] {logging_mixin.py:190} INFO - Dag name:hiring_dynamic_pipeline and current dag run status:running
[2024-12-07T03:32:02.024-0300] {taskinstance.py:731} INFO - ::endgroup::
[2024-12-07T03:32:02.293-0300] {python.py:240} INFO - Done. Returned value was: None
[2024-12-07T03:32:02.628-0300] {taskinstance.py:340} INFO - ::group::Post task execution logs
[2024-12-07T03:32:02.629-0300] {taskinstance.py:352} INFO - Marking task as SUCCESS. dag_id=hiring_dynamic_pipeline, task_id=train_random_forest, run_id=scheduled__2024-10-05T15:00:00+00:00, execution_date=20241005T150000, start_date=20241207T063159, end_date=20241207T063202
[2024-12-07T03:32:03.068-0300] {logging_mixin.py:190} INFO - Task instance in success state
[2024-12-07T03:32:03.068-0300] {logging_mixin.py:190} INFO -  Previous state of the Task instance: running
[2024-12-07T03:32:03.068-0300] {logging_mixin.py:190} INFO - Dag name:hiring_dynamic_pipeline queued_at:2024-12-07 06:27:03.158666+00:00
[2024-12-07T03:32:03.068-0300] {logging_mixin.py:190} INFO - Task hostname:crisu-VivoBook-S14-X411UF operator:PythonOperator
[2024-12-07T03:32:03.096-0300] {local_task_job_runner.py:266} INFO - Task exited with return code 0
[2024-12-07T03:32:03.111-0300] {taskinstance.py:3895} INFO - 0 downstream tasks scheduled from follow-on schedule check
[2024-12-07T03:32:03.112-0300] {local_task_job_runner.py:245} INFO - ::endgroup::
[2024-12-07T03:46:18.749-0300] {local_task_job_runner.py:123} INFO - ::group::Pre task execution logs
[2024-12-07T03:46:18.763-0300] {taskinstance.py:2613} INFO - Dependencies all met for dep_context=non-requeueable deps ti=<TaskInstance: hiring_dynamic_pipeline.train_random_forest scheduled__2024-10-05T15:00:00+00:00 [queued]>
[2024-12-07T03:46:18.769-0300] {taskinstance.py:2613} INFO - Dependencies all met for dep_context=requeueable deps ti=<TaskInstance: hiring_dynamic_pipeline.train_random_forest scheduled__2024-10-05T15:00:00+00:00 [queued]>
[2024-12-07T03:46:18.769-0300] {taskinstance.py:2866} INFO - Starting attempt 1 of 2
[2024-12-07T03:46:18.891-0300] {taskinstance.py:2889} INFO - Executing <Task(PythonOperator): train_random_forest> on 2024-10-05 15:00:00+00:00
[2024-12-07T03:46:18.901-0300] {standard_task_runner.py:72} INFO - Started process 46267 to run task
[2024-12-07T03:46:18.904-0300] {standard_task_runner.py:104} INFO - Running: ['airflow', 'tasks', 'run', 'hiring_dynamic_pipeline', 'train_random_forest', 'scheduled__2024-10-05T15:00:00+00:00', '--job-id', '56', '--raw', '--subdir', 'DAGS_FOLDER/dag_dynamic.py', '--cfg-path', '/tmp/tmp37u05u8x']
[2024-12-07T03:46:18.905-0300] {standard_task_runner.py:105} INFO - Job 56: Subtask train_random_forest
[2024-12-07T03:46:18.985-0300] {task_command.py:467} INFO - Running <TaskInstance: hiring_dynamic_pipeline.train_random_forest scheduled__2024-10-05T15:00:00+00:00 [running]> on host crisu-VivoBook-S14-X411UF
[2024-12-07T03:46:19.128-0300] {taskinstance.py:3132} INFO - Exporting env vars: AIRFLOW_CTX_DAG_OWNER='airflow' AIRFLOW_CTX_DAG_ID='hiring_dynamic_pipeline' AIRFLOW_CTX_TASK_ID='train_random_forest' AIRFLOW_CTX_EXECUTION_DATE='2024-10-05T15:00:00+00:00' AIRFLOW_CTX_TRY_NUMBER='1' AIRFLOW_CTX_DAG_RUN_ID='scheduled__2024-10-05T15:00:00+00:00'
[2024-12-07T03:46:19.130-0300] {logging_mixin.py:190} INFO - Task instance is in running state
[2024-12-07T03:46:19.130-0300] {logging_mixin.py:190} INFO -  Previous state of the Task instance: queued
[2024-12-07T03:46:19.130-0300] {logging_mixin.py:190} INFO - Current task name:train_random_forest state:running start_date:2024-12-07 06:46:18.764011+00:00
[2024-12-07T03:46:19.130-0300] {logging_mixin.py:190} INFO - Dag name:hiring_dynamic_pipeline and current dag run status:running
[2024-12-07T03:46:19.131-0300] {taskinstance.py:731} INFO - ::endgroup::
[2024-12-07T03:46:19.531-0300] {python.py:240} INFO - Done. Returned value was: None
[2024-12-07T03:46:19.535-0300] {taskinstance.py:340} INFO - ::group::Post task execution logs
[2024-12-07T03:46:19.536-0300] {taskinstance.py:352} INFO - Marking task as SUCCESS. dag_id=hiring_dynamic_pipeline, task_id=train_random_forest, run_id=scheduled__2024-10-05T15:00:00+00:00, execution_date=20241005T150000, start_date=20241207T064618, end_date=20241207T064619
[2024-12-07T03:46:19.614-0300] {logging_mixin.py:190} INFO - Task instance in success state
[2024-12-07T03:46:19.614-0300] {logging_mixin.py:190} INFO -  Previous state of the Task instance: running
[2024-12-07T03:46:19.615-0300] {logging_mixin.py:190} INFO - Dag name:hiring_dynamic_pipeline queued_at:2024-12-07 06:44:27.637067+00:00
[2024-12-07T03:46:19.615-0300] {logging_mixin.py:190} INFO - Task hostname:crisu-VivoBook-S14-X411UF operator:PythonOperator
[2024-12-07T03:46:19.640-0300] {local_task_job_runner.py:266} INFO - Task exited with return code 0
[2024-12-07T03:46:19.716-0300] {taskinstance.py:3895} INFO - 0 downstream tasks scheduled from follow-on schedule check
[2024-12-07T03:46:19.717-0300] {local_task_job_runner.py:245} INFO - ::endgroup::
[2024-12-07T04:04:46.980-0300] {local_task_job_runner.py:123} INFO - ::group::Pre task execution logs
[2024-12-07T04:04:47.010-0300] {taskinstance.py:2613} INFO - Dependencies all met for dep_context=non-requeueable deps ti=<TaskInstance: hiring_dynamic_pipeline.train_random_forest scheduled__2024-10-05T15:00:00+00:00 [queued]>
[2024-12-07T04:04:47.017-0300] {taskinstance.py:2613} INFO - Dependencies all met for dep_context=requeueable deps ti=<TaskInstance: hiring_dynamic_pipeline.train_random_forest scheduled__2024-10-05T15:00:00+00:00 [queued]>
[2024-12-07T04:04:47.017-0300] {taskinstance.py:2866} INFO - Starting attempt 1 of 2
[2024-12-07T04:04:47.079-0300] {taskinstance.py:2889} INFO - Executing <Task(PythonOperator): train_random_forest> on 2024-10-05 15:00:00+00:00
[2024-12-07T04:04:47.086-0300] {standard_task_runner.py:72} INFO - Started process 48767 to run task
[2024-12-07T04:04:47.089-0300] {standard_task_runner.py:104} INFO - Running: ['airflow', 'tasks', 'run', 'hiring_dynamic_pipeline', 'train_random_forest', 'scheduled__2024-10-05T15:00:00+00:00', '--job-id', '56', '--raw', '--subdir', 'DAGS_FOLDER/dag_dynamic.py', '--cfg-path', '/tmp/tmp6fjva39e']
[2024-12-07T04:04:47.090-0300] {standard_task_runner.py:105} INFO - Job 56: Subtask train_random_forest
[2024-12-07T04:04:47.160-0300] {task_command.py:467} INFO - Running <TaskInstance: hiring_dynamic_pipeline.train_random_forest scheduled__2024-10-05T15:00:00+00:00 [running]> on host crisu-VivoBook-S14-X411UF
[2024-12-07T04:04:47.293-0300] {taskinstance.py:3132} INFO - Exporting env vars: AIRFLOW_CTX_DAG_OWNER='airflow' AIRFLOW_CTX_DAG_ID='hiring_dynamic_pipeline' AIRFLOW_CTX_TASK_ID='train_random_forest' AIRFLOW_CTX_EXECUTION_DATE='2024-10-05T15:00:00+00:00' AIRFLOW_CTX_TRY_NUMBER='1' AIRFLOW_CTX_DAG_RUN_ID='scheduled__2024-10-05T15:00:00+00:00'
[2024-12-07T04:04:47.294-0300] {logging_mixin.py:190} INFO - Task instance is in running state
[2024-12-07T04:04:47.294-0300] {logging_mixin.py:190} INFO -  Previous state of the Task instance: queued
[2024-12-07T04:04:47.294-0300] {logging_mixin.py:190} INFO - Current task name:train_random_forest state:running start_date:2024-12-07 07:04:47.011171+00:00
[2024-12-07T04:04:47.294-0300] {logging_mixin.py:190} INFO - Dag name:hiring_dynamic_pipeline and current dag run status:running
[2024-12-07T04:04:47.295-0300] {taskinstance.py:731} INFO - ::endgroup::
[2024-12-07T04:04:47.579-0300] {python.py:240} INFO - Done. Returned value was: None
[2024-12-07T04:04:47.584-0300] {taskinstance.py:340} INFO - ::group::Post task execution logs
[2024-12-07T04:04:47.585-0300] {taskinstance.py:352} INFO - Marking task as SUCCESS. dag_id=hiring_dynamic_pipeline, task_id=train_random_forest, run_id=scheduled__2024-10-05T15:00:00+00:00, execution_date=20241005T150000, start_date=20241207T070447, end_date=20241207T070447
[2024-12-07T04:04:47.640-0300] {logging_mixin.py:190} INFO - Task instance in success state
[2024-12-07T04:04:47.641-0300] {logging_mixin.py:190} INFO -  Previous state of the Task instance: running
[2024-12-07T04:04:47.641-0300] {logging_mixin.py:190} INFO - Dag name:hiring_dynamic_pipeline queued_at:2024-12-07 07:02:12.234495+00:00
[2024-12-07T04:04:47.641-0300] {logging_mixin.py:190} INFO - Task hostname:crisu-VivoBook-S14-X411UF operator:PythonOperator
[2024-12-07T04:04:47.663-0300] {local_task_job_runner.py:266} INFO - Task exited with return code 0
[2024-12-07T04:04:47.685-0300] {taskinstance.py:3895} INFO - 0 downstream tasks scheduled from follow-on schedule check
[2024-12-07T04:04:47.686-0300] {local_task_job_runner.py:245} INFO - ::endgroup::
