[2024-12-07T03:45:11.593-0300] {local_task_job_runner.py:123} INFO - ::group::Pre task execution logs
[2024-12-07T03:45:11.605-0300] {taskinstance.py:2613} INFO - Dependencies all met for dep_context=non-requeueable deps ti=<TaskInstance: hiring_dynamic_pipeline.create_folders manual__2024-12-07T06:44:27.135234+00:00 [queued]>
[2024-12-07T03:45:11.612-0300] {taskinstance.py:2613} INFO - Dependencies all met for dep_context=requeueable deps ti=<TaskInstance: hiring_dynamic_pipeline.create_folders manual__2024-12-07T06:44:27.135234+00:00 [queued]>
[2024-12-07T03:45:11.613-0300] {taskinstance.py:2866} INFO - Starting attempt 1 of 2
[2024-12-07T03:45:12.972-0300] {taskinstance.py:2889} INFO - Executing <Task(PythonOperator): create_folders> on 2024-12-07 06:44:27.135234+00:00
[2024-12-07T03:45:12.980-0300] {standard_task_runner.py:72} INFO - Started process 46000 to run task
[2024-12-07T03:45:12.983-0300] {standard_task_runner.py:104} INFO - Running: ['airflow', 'tasks', 'run', 'hiring_dynamic_pipeline', 'create_folders', 'manual__2024-12-07T06:44:27.135234+00:00', '--job-id', '43', '--raw', '--subdir', 'DAGS_FOLDER/dag_dynamic.py', '--cfg-path', '/tmp/tmpg7ur6sim']
[2024-12-07T03:45:12.984-0300] {standard_task_runner.py:105} INFO - Job 43: Subtask create_folders
[2024-12-07T03:45:14.035-0300] {task_command.py:467} INFO - Running <TaskInstance: hiring_dynamic_pipeline.create_folders manual__2024-12-07T06:44:27.135234+00:00 [running]> on host crisu-VivoBook-S14-X411UF
[2024-12-07T03:45:15.228-0300] {taskinstance.py:3132} INFO - Exporting env vars: AIRFLOW_CTX_DAG_OWNER='airflow' AIRFLOW_CTX_DAG_ID='hiring_dynamic_pipeline' AIRFLOW_CTX_TASK_ID='create_folders' AIRFLOW_CTX_EXECUTION_DATE='2024-12-07T06:44:27.135234+00:00' AIRFLOW_CTX_TRY_NUMBER='1' AIRFLOW_CTX_DAG_RUN_ID='manual__2024-12-07T06:44:27.135234+00:00'
[2024-12-07T03:45:15.229-0300] {logging_mixin.py:190} INFO - Task instance is in running state
[2024-12-07T03:45:15.229-0300] {logging_mixin.py:190} INFO -  Previous state of the Task instance: queued
[2024-12-07T03:45:15.229-0300] {logging_mixin.py:190} INFO - Current task name:create_folders state:running start_date:2024-12-07 06:45:11.605443+00:00
[2024-12-07T03:45:15.229-0300] {logging_mixin.py:190} INFO - Dag name:hiring_dynamic_pipeline and current dag run status:running
[2024-12-07T03:45:15.230-0300] {taskinstance.py:731} INFO - ::endgroup::
[2024-12-07T03:45:15.230-0300] {logging_mixin.py:190} INFO - Creating folders for /home/crisu/Universidad/MDS7202-Primavera2024/Lab 13 - Airflow/output_2024-12-07/raw
[2024-12-07T03:45:15.231-0300] {logging_mixin.py:190} INFO - Creating folders for /home/crisu/Universidad/MDS7202-Primavera2024/Lab 13 - Airflow/output_2024-12-07/splits
[2024-12-07T03:45:15.231-0300] {logging_mixin.py:190} INFO - Creating folders for /home/crisu/Universidad/MDS7202-Primavera2024/Lab 13 - Airflow/output_2024-12-07/models
[2024-12-07T03:45:15.231-0300] {logging_mixin.py:190} INFO - Creating folders for /home/crisu/Universidad/MDS7202-Primavera2024/Lab 13 - Airflow/output_2024-12-07/preprocessed
[2024-12-07T03:45:15.232-0300] {python.py:240} INFO - Done. Returned value was: None
[2024-12-07T03:45:15.238-0300] {taskinstance.py:340} INFO - ::group::Post task execution logs
[2024-12-07T03:45:15.239-0300] {taskinstance.py:352} INFO - Marking task as SUCCESS. dag_id=hiring_dynamic_pipeline, task_id=create_folders, run_id=manual__2024-12-07T06:44:27.135234+00:00, execution_date=20241207T064427, start_date=20241207T064511, end_date=20241207T064515
[2024-12-07T03:45:15.901-0300] {logging_mixin.py:190} INFO - Task instance in success state
[2024-12-07T03:45:15.901-0300] {logging_mixin.py:190} INFO -  Previous state of the Task instance: running
[2024-12-07T03:45:15.901-0300] {logging_mixin.py:190} INFO - Dag name:hiring_dynamic_pipeline queued_at:2024-12-07 06:44:27.203747+00:00
[2024-12-07T03:45:15.902-0300] {logging_mixin.py:190} INFO - Task hostname:crisu-VivoBook-S14-X411UF operator:PythonOperator
[2024-12-07T03:45:15.925-0300] {local_task_job_runner.py:266} INFO - Task exited with return code 0
[2024-12-07T03:45:15.952-0300] {taskinstance.py:3895} INFO - 1 downstream tasks scheduled from follow-on schedule check
[2024-12-07T03:45:16.441-0300] {local_task_job_runner.py:245} INFO - ::endgroup::
