[2024-12-07T01:53:51.775-0300] {processor.py:186} INFO - Started process (PID=34091) to work on /home/crisu/miniconda3/envs/lab13.1/lib/python3.9/site-packages/airflow/example_dags/example_nested_branch_dag.py
[2024-12-07T01:53:51.776-0300] {processor.py:914} INFO - Processing file /home/crisu/miniconda3/envs/lab13.1/lib/python3.9/site-packages/airflow/example_dags/example_nested_branch_dag.py for tasks to queue
[2024-12-07T01:53:51.780-0300] {logging_mixin.py:190} INFO - [2024-12-07T01:53:51.779-0300] {dagbag.py:588} INFO - Filling up the DagBag from /home/crisu/miniconda3/envs/lab13.1/lib/python3.9/site-packages/airflow/example_dags/example_nested_branch_dag.py
[2024-12-07T01:53:51.796-0300] {processor.py:925} INFO - DAG(s) 'example_nested_branch_dag' retrieved from /home/crisu/miniconda3/envs/lab13.1/lib/python3.9/site-packages/airflow/example_dags/example_nested_branch_dag.py
[2024-12-07T01:53:54.469-0300] {logging_mixin.py:190} INFO - [2024-12-07T01:53:54.468-0300] {override.py:1911} INFO - Created Permission View: can delete on DAG:example_nested_branch_dag
[2024-12-07T01:53:55.547-0300] {logging_mixin.py:190} INFO - [2024-12-07T01:53:55.547-0300] {override.py:1911} INFO - Created Permission View: can edit on DAG:example_nested_branch_dag
[2024-12-07T01:53:56.650-0300] {logging_mixin.py:190} INFO - [2024-12-07T01:53:56.650-0300] {override.py:1911} INFO - Created Permission View: can read on DAG:example_nested_branch_dag
[2024-12-07T01:53:59.096-0300] {logging_mixin.py:190} INFO - [2024-12-07T01:53:59.095-0300] {override.py:1911} INFO - Created Permission View: menu access on DAG Run:example_nested_branch_dag
[2024-12-07T01:54:00.924-0300] {logging_mixin.py:190} INFO - [2024-12-07T01:54:00.923-0300] {override.py:1911} INFO - Created Permission View: can delete on DAG Run:example_nested_branch_dag
[2024-12-07T01:54:03.294-0300] {logging_mixin.py:190} INFO - [2024-12-07T01:54:03.294-0300] {override.py:1911} INFO - Created Permission View: can read on DAG Run:example_nested_branch_dag
[2024-12-07T01:54:04.383-0300] {logging_mixin.py:190} INFO - [2024-12-07T01:54:04.382-0300] {override.py:1911} INFO - Created Permission View: can create on DAG Run:example_nested_branch_dag
[2024-12-07T01:54:04.383-0300] {logging_mixin.py:190} INFO - [2024-12-07T01:54:04.383-0300] {dag.py:3239} INFO - Sync 1 DAGs
[2024-12-07T01:54:04.393-0300] {logging_mixin.py:190} INFO - [2024-12-07T01:54:04.393-0300] {dag.py:3262} INFO - Creating ORM DAG for example_nested_branch_dag
[2024-12-07T01:54:04.403-0300] {logging_mixin.py:190} INFO - [2024-12-07T01:54:04.403-0300] {dag.py:4180} INFO - Setting next_dagrun for example_nested_branch_dag to 2024-12-06 00:00:00+00:00, run_after=2024-12-07 00:00:00+00:00
[2024-12-07T01:54:05.305-0300] {processor.py:208} INFO - Processing /home/crisu/miniconda3/envs/lab13.1/lib/python3.9/site-packages/airflow/example_dags/example_nested_branch_dag.py took 13.540 seconds
[2024-12-07T02:08:03.433-0300] {processor.py:186} INFO - Started process (PID=35447) to work on /home/crisu/miniconda3/envs/lab13.1/lib/python3.9/site-packages/airflow/example_dags/example_nested_branch_dag.py
[2024-12-07T02:08:03.488-0300] {processor.py:914} INFO - Processing file /home/crisu/miniconda3/envs/lab13.1/lib/python3.9/site-packages/airflow/example_dags/example_nested_branch_dag.py for tasks to queue
[2024-12-07T02:08:03.490-0300] {logging_mixin.py:190} INFO - [2024-12-07T02:08:03.490-0300] {dagbag.py:588} INFO - Filling up the DagBag from /home/crisu/miniconda3/envs/lab13.1/lib/python3.9/site-packages/airflow/example_dags/example_nested_branch_dag.py
[2024-12-07T02:08:03.503-0300] {processor.py:925} INFO - DAG(s) 'example_nested_branch_dag' retrieved from /home/crisu/miniconda3/envs/lab13.1/lib/python3.9/site-packages/airflow/example_dags/example_nested_branch_dag.py
[2024-12-07T02:08:03.520-0300] {logging_mixin.py:190} INFO - [2024-12-07T02:08:03.520-0300] {dag.py:3239} INFO - Sync 1 DAGs
[2024-12-07T02:08:03.541-0300] {logging_mixin.py:190} INFO - [2024-12-07T02:08:03.541-0300] {dag.py:4180} INFO - Setting next_dagrun for example_nested_branch_dag to 2024-12-06 00:00:00+00:00, run_after=2024-12-07 00:00:00+00:00
[2024-12-07T02:08:04.629-0300] {processor.py:208} INFO - Processing /home/crisu/miniconda3/envs/lab13.1/lib/python3.9/site-packages/airflow/example_dags/example_nested_branch_dag.py took 1.203 seconds
[2024-12-07T02:11:56.661-0300] {processor.py:186} INFO - Started process (PID=35930) to work on /home/crisu/miniconda3/envs/lab13.1/lib/python3.9/site-packages/airflow/example_dags/example_nested_branch_dag.py
[2024-12-07T02:11:56.675-0300] {processor.py:914} INFO - Processing file /home/crisu/miniconda3/envs/lab13.1/lib/python3.9/site-packages/airflow/example_dags/example_nested_branch_dag.py for tasks to queue
[2024-12-07T02:11:56.678-0300] {logging_mixin.py:190} INFO - [2024-12-07T02:11:56.677-0300] {dagbag.py:588} INFO - Filling up the DagBag from /home/crisu/miniconda3/envs/lab13.1/lib/python3.9/site-packages/airflow/example_dags/example_nested_branch_dag.py
[2024-12-07T02:11:56.689-0300] {processor.py:925} INFO - DAG(s) 'example_nested_branch_dag' retrieved from /home/crisu/miniconda3/envs/lab13.1/lib/python3.9/site-packages/airflow/example_dags/example_nested_branch_dag.py
[2024-12-07T02:11:56.704-0300] {logging_mixin.py:190} INFO - [2024-12-07T02:11:56.704-0300] {dag.py:3239} INFO - Sync 1 DAGs
[2024-12-07T02:11:56.725-0300] {logging_mixin.py:190} INFO - [2024-12-07T02:11:56.725-0300] {dag.py:4180} INFO - Setting next_dagrun for example_nested_branch_dag to 2024-12-06 00:00:00+00:00, run_after=2024-12-07 00:00:00+00:00
[2024-12-07T02:11:56.791-0300] {processor.py:208} INFO - Processing /home/crisu/miniconda3/envs/lab13.1/lib/python3.9/site-packages/airflow/example_dags/example_nested_branch_dag.py took 0.137 seconds
[2024-12-07T02:14:04.902-0300] {processor.py:186} INFO - Started process (PID=36202) to work on /home/crisu/miniconda3/envs/lab13.1/lib/python3.9/site-packages/airflow/example_dags/example_nested_branch_dag.py
[2024-12-07T02:14:04.965-0300] {processor.py:914} INFO - Processing file /home/crisu/miniconda3/envs/lab13.1/lib/python3.9/site-packages/airflow/example_dags/example_nested_branch_dag.py for tasks to queue
[2024-12-07T02:14:04.967-0300] {logging_mixin.py:190} INFO - [2024-12-07T02:14:04.966-0300] {dagbag.py:588} INFO - Filling up the DagBag from /home/crisu/miniconda3/envs/lab13.1/lib/python3.9/site-packages/airflow/example_dags/example_nested_branch_dag.py
[2024-12-07T02:14:04.979-0300] {processor.py:925} INFO - DAG(s) 'example_nested_branch_dag' retrieved from /home/crisu/miniconda3/envs/lab13.1/lib/python3.9/site-packages/airflow/example_dags/example_nested_branch_dag.py
[2024-12-07T02:14:04.996-0300] {logging_mixin.py:190} INFO - [2024-12-07T02:14:04.995-0300] {dag.py:3239} INFO - Sync 1 DAGs
[2024-12-07T02:14:05.018-0300] {logging_mixin.py:190} INFO - [2024-12-07T02:14:05.018-0300] {dag.py:4180} INFO - Setting next_dagrun for example_nested_branch_dag to 2024-12-06 00:00:00+00:00, run_after=2024-12-07 00:00:00+00:00
[2024-12-07T02:14:05.151-0300] {processor.py:208} INFO - Processing /home/crisu/miniconda3/envs/lab13.1/lib/python3.9/site-packages/airflow/example_dags/example_nested_branch_dag.py took 0.258 seconds
[2024-12-07T02:16:19.531-0300] {processor.py:186} INFO - Started process (PID=36464) to work on /home/crisu/miniconda3/envs/lab13.1/lib/python3.9/site-packages/airflow/example_dags/example_nested_branch_dag.py
[2024-12-07T02:16:19.542-0300] {processor.py:914} INFO - Processing file /home/crisu/miniconda3/envs/lab13.1/lib/python3.9/site-packages/airflow/example_dags/example_nested_branch_dag.py for tasks to queue
[2024-12-07T02:16:19.544-0300] {logging_mixin.py:190} INFO - [2024-12-07T02:16:19.543-0300] {dagbag.py:588} INFO - Filling up the DagBag from /home/crisu/miniconda3/envs/lab13.1/lib/python3.9/site-packages/airflow/example_dags/example_nested_branch_dag.py
[2024-12-07T02:16:19.554-0300] {processor.py:925} INFO - DAG(s) 'example_nested_branch_dag' retrieved from /home/crisu/miniconda3/envs/lab13.1/lib/python3.9/site-packages/airflow/example_dags/example_nested_branch_dag.py
[2024-12-07T02:16:19.569-0300] {logging_mixin.py:190} INFO - [2024-12-07T02:16:19.568-0300] {dag.py:3239} INFO - Sync 1 DAGs
[2024-12-07T02:16:19.588-0300] {logging_mixin.py:190} INFO - [2024-12-07T02:16:19.587-0300] {dag.py:4180} INFO - Setting next_dagrun for example_nested_branch_dag to 2024-12-06 00:00:00+00:00, run_after=2024-12-07 00:00:00+00:00
[2024-12-07T02:16:19.647-0300] {processor.py:208} INFO - Processing /home/crisu/miniconda3/envs/lab13.1/lib/python3.9/site-packages/airflow/example_dags/example_nested_branch_dag.py took 0.123 seconds
[2024-12-07T02:17:49.366-0300] {processor.py:186} INFO - Started process (PID=36608) to work on /home/crisu/miniconda3/envs/lab13.1/lib/python3.9/site-packages/airflow/example_dags/example_nested_branch_dag.py
[2024-12-07T02:17:49.367-0300] {processor.py:914} INFO - Processing file /home/crisu/miniconda3/envs/lab13.1/lib/python3.9/site-packages/airflow/example_dags/example_nested_branch_dag.py for tasks to queue
[2024-12-07T02:17:49.370-0300] {logging_mixin.py:190} INFO - [2024-12-07T02:17:49.369-0300] {dagbag.py:588} INFO - Filling up the DagBag from /home/crisu/miniconda3/envs/lab13.1/lib/python3.9/site-packages/airflow/example_dags/example_nested_branch_dag.py
[2024-12-07T02:17:49.382-0300] {processor.py:925} INFO - DAG(s) 'example_nested_branch_dag' retrieved from /home/crisu/miniconda3/envs/lab13.1/lib/python3.9/site-packages/airflow/example_dags/example_nested_branch_dag.py
[2024-12-07T02:17:49.396-0300] {logging_mixin.py:190} INFO - [2024-12-07T02:17:49.396-0300] {dag.py:3239} INFO - Sync 1 DAGs
[2024-12-07T02:17:49.417-0300] {logging_mixin.py:190} INFO - [2024-12-07T02:17:49.417-0300] {dag.py:4180} INFO - Setting next_dagrun for example_nested_branch_dag to 2024-12-06 00:00:00+00:00, run_after=2024-12-07 00:00:00+00:00
[2024-12-07T02:17:49.505-0300] {processor.py:208} INFO - Processing /home/crisu/miniconda3/envs/lab13.1/lib/python3.9/site-packages/airflow/example_dags/example_nested_branch_dag.py took 0.147 seconds
[2024-12-07T02:31:25.424-0300] {processor.py:186} INFO - Started process (PID=37998) to work on /home/crisu/miniconda3/envs/lab13.1/lib/python3.9/site-packages/airflow/example_dags/example_nested_branch_dag.py
[2024-12-07T02:31:25.454-0300] {processor.py:914} INFO - Processing file /home/crisu/miniconda3/envs/lab13.1/lib/python3.9/site-packages/airflow/example_dags/example_nested_branch_dag.py for tasks to queue
[2024-12-07T02:31:25.456-0300] {logging_mixin.py:190} INFO - [2024-12-07T02:31:25.456-0300] {dagbag.py:588} INFO - Filling up the DagBag from /home/crisu/miniconda3/envs/lab13.1/lib/python3.9/site-packages/airflow/example_dags/example_nested_branch_dag.py
[2024-12-07T02:31:25.467-0300] {processor.py:925} INFO - DAG(s) 'example_nested_branch_dag' retrieved from /home/crisu/miniconda3/envs/lab13.1/lib/python3.9/site-packages/airflow/example_dags/example_nested_branch_dag.py
[2024-12-07T02:31:25.484-0300] {logging_mixin.py:190} INFO - [2024-12-07T02:31:25.483-0300] {dag.py:3239} INFO - Sync 1 DAGs
[2024-12-07T02:31:25.502-0300] {logging_mixin.py:190} INFO - [2024-12-07T02:31:25.502-0300] {dag.py:4180} INFO - Setting next_dagrun for example_nested_branch_dag to 2024-12-06 00:00:00+00:00, run_after=2024-12-07 00:00:00+00:00
[2024-12-07T02:31:26.482-0300] {processor.py:208} INFO - Processing /home/crisu/miniconda3/envs/lab13.1/lib/python3.9/site-packages/airflow/example_dags/example_nested_branch_dag.py took 1.062 seconds
[2024-12-07T02:33:53.359-0300] {processor.py:186} INFO - Started process (PID=38221) to work on /home/crisu/miniconda3/envs/lab13.1/lib/python3.9/site-packages/airflow/example_dags/example_nested_branch_dag.py
[2024-12-07T02:33:53.372-0300] {processor.py:914} INFO - Processing file /home/crisu/miniconda3/envs/lab13.1/lib/python3.9/site-packages/airflow/example_dags/example_nested_branch_dag.py for tasks to queue
[2024-12-07T02:33:53.374-0300] {logging_mixin.py:190} INFO - [2024-12-07T02:33:53.373-0300] {dagbag.py:588} INFO - Filling up the DagBag from /home/crisu/miniconda3/envs/lab13.1/lib/python3.9/site-packages/airflow/example_dags/example_nested_branch_dag.py
[2024-12-07T02:33:53.384-0300] {processor.py:925} INFO - DAG(s) 'example_nested_branch_dag' retrieved from /home/crisu/miniconda3/envs/lab13.1/lib/python3.9/site-packages/airflow/example_dags/example_nested_branch_dag.py
[2024-12-07T02:33:53.399-0300] {logging_mixin.py:190} INFO - [2024-12-07T02:33:53.399-0300] {dag.py:3239} INFO - Sync 1 DAGs
[2024-12-07T02:33:53.416-0300] {logging_mixin.py:190} INFO - [2024-12-07T02:33:53.416-0300] {dag.py:4180} INFO - Setting next_dagrun for example_nested_branch_dag to 2024-12-06 00:00:00+00:00, run_after=2024-12-07 00:00:00+00:00
[2024-12-07T02:33:53.476-0300] {processor.py:208} INFO - Processing /home/crisu/miniconda3/envs/lab13.1/lib/python3.9/site-packages/airflow/example_dags/example_nested_branch_dag.py took 0.123 seconds
[2024-12-07T02:36:22.505-0300] {processor.py:186} INFO - Started process (PID=38521) to work on /home/crisu/miniconda3/envs/lab13.1/lib/python3.9/site-packages/airflow/example_dags/example_nested_branch_dag.py
[2024-12-07T02:36:22.507-0300] {processor.py:914} INFO - Processing file /home/crisu/miniconda3/envs/lab13.1/lib/python3.9/site-packages/airflow/example_dags/example_nested_branch_dag.py for tasks to queue
[2024-12-07T02:36:22.508-0300] {logging_mixin.py:190} INFO - [2024-12-07T02:36:22.508-0300] {dagbag.py:588} INFO - Filling up the DagBag from /home/crisu/miniconda3/envs/lab13.1/lib/python3.9/site-packages/airflow/example_dags/example_nested_branch_dag.py
[2024-12-07T02:36:22.519-0300] {processor.py:925} INFO - DAG(s) 'example_nested_branch_dag' retrieved from /home/crisu/miniconda3/envs/lab13.1/lib/python3.9/site-packages/airflow/example_dags/example_nested_branch_dag.py
[2024-12-07T02:36:22.534-0300] {logging_mixin.py:190} INFO - [2024-12-07T02:36:22.533-0300] {dag.py:3239} INFO - Sync 1 DAGs
[2024-12-07T02:36:22.551-0300] {logging_mixin.py:190} INFO - [2024-12-07T02:36:22.551-0300] {dag.py:4180} INFO - Setting next_dagrun for example_nested_branch_dag to 2024-12-06 00:00:00+00:00, run_after=2024-12-07 00:00:00+00:00
[2024-12-07T02:36:22.606-0300] {processor.py:208} INFO - Processing /home/crisu/miniconda3/envs/lab13.1/lib/python3.9/site-packages/airflow/example_dags/example_nested_branch_dag.py took 0.107 seconds
[2024-12-07T02:39:24.119-0300] {processor.py:186} INFO - Started process (PID=38795) to work on /home/crisu/miniconda3/envs/lab13.1/lib/python3.9/site-packages/airflow/example_dags/example_nested_branch_dag.py
[2024-12-07T02:39:24.121-0300] {processor.py:914} INFO - Processing file /home/crisu/miniconda3/envs/lab13.1/lib/python3.9/site-packages/airflow/example_dags/example_nested_branch_dag.py for tasks to queue
[2024-12-07T02:39:24.122-0300] {logging_mixin.py:190} INFO - [2024-12-07T02:39:24.122-0300] {dagbag.py:588} INFO - Filling up the DagBag from /home/crisu/miniconda3/envs/lab13.1/lib/python3.9/site-packages/airflow/example_dags/example_nested_branch_dag.py
[2024-12-07T02:39:24.133-0300] {processor.py:925} INFO - DAG(s) 'example_nested_branch_dag' retrieved from /home/crisu/miniconda3/envs/lab13.1/lib/python3.9/site-packages/airflow/example_dags/example_nested_branch_dag.py
[2024-12-07T02:39:24.152-0300] {logging_mixin.py:190} INFO - [2024-12-07T02:39:24.152-0300] {dag.py:3239} INFO - Sync 1 DAGs
[2024-12-07T02:39:24.171-0300] {logging_mixin.py:190} INFO - [2024-12-07T02:39:24.171-0300] {dag.py:4180} INFO - Setting next_dagrun for example_nested_branch_dag to 2024-12-06 00:00:00+00:00, run_after=2024-12-07 00:00:00+00:00
[2024-12-07T02:39:24.984-0300] {processor.py:208} INFO - Processing /home/crisu/miniconda3/envs/lab13.1/lib/python3.9/site-packages/airflow/example_dags/example_nested_branch_dag.py took 0.870 seconds
[2024-12-07T02:40:40.276-0300] {processor.py:186} INFO - Started process (PID=38897) to work on /home/crisu/miniconda3/envs/lab13.1/lib/python3.9/site-packages/airflow/example_dags/example_nested_branch_dag.py
[2024-12-07T02:40:40.290-0300] {processor.py:914} INFO - Processing file /home/crisu/miniconda3/envs/lab13.1/lib/python3.9/site-packages/airflow/example_dags/example_nested_branch_dag.py for tasks to queue
[2024-12-07T02:40:40.292-0300] {logging_mixin.py:190} INFO - [2024-12-07T02:40:40.292-0300] {dagbag.py:588} INFO - Filling up the DagBag from /home/crisu/miniconda3/envs/lab13.1/lib/python3.9/site-packages/airflow/example_dags/example_nested_branch_dag.py
[2024-12-07T02:40:40.303-0300] {processor.py:925} INFO - DAG(s) 'example_nested_branch_dag' retrieved from /home/crisu/miniconda3/envs/lab13.1/lib/python3.9/site-packages/airflow/example_dags/example_nested_branch_dag.py
[2024-12-07T02:40:40.324-0300] {logging_mixin.py:190} INFO - [2024-12-07T02:40:40.324-0300] {dag.py:3239} INFO - Sync 1 DAGs
[2024-12-07T02:40:40.343-0300] {logging_mixin.py:190} INFO - [2024-12-07T02:40:40.342-0300] {dag.py:4180} INFO - Setting next_dagrun for example_nested_branch_dag to 2024-12-06 00:00:00+00:00, run_after=2024-12-07 00:00:00+00:00
[2024-12-07T02:40:40.426-0300] {processor.py:208} INFO - Processing /home/crisu/miniconda3/envs/lab13.1/lib/python3.9/site-packages/airflow/example_dags/example_nested_branch_dag.py took 0.156 seconds
[2024-12-07T02:41:52.525-0300] {processor.py:186} INFO - Started process (PID=39039) to work on /home/crisu/miniconda3/envs/lab13.1/lib/python3.9/site-packages/airflow/example_dags/example_nested_branch_dag.py
[2024-12-07T02:41:52.537-0300] {processor.py:914} INFO - Processing file /home/crisu/miniconda3/envs/lab13.1/lib/python3.9/site-packages/airflow/example_dags/example_nested_branch_dag.py for tasks to queue
[2024-12-07T02:41:52.538-0300] {logging_mixin.py:190} INFO - [2024-12-07T02:41:52.538-0300] {dagbag.py:588} INFO - Filling up the DagBag from /home/crisu/miniconda3/envs/lab13.1/lib/python3.9/site-packages/airflow/example_dags/example_nested_branch_dag.py
[2024-12-07T02:41:52.550-0300] {processor.py:925} INFO - DAG(s) 'example_nested_branch_dag' retrieved from /home/crisu/miniconda3/envs/lab13.1/lib/python3.9/site-packages/airflow/example_dags/example_nested_branch_dag.py
[2024-12-07T02:41:52.568-0300] {logging_mixin.py:190} INFO - [2024-12-07T02:41:52.567-0300] {dag.py:3239} INFO - Sync 1 DAGs
[2024-12-07T02:41:52.589-0300] {logging_mixin.py:190} INFO - [2024-12-07T02:41:52.588-0300] {dag.py:4180} INFO - Setting next_dagrun for example_nested_branch_dag to 2024-12-06 00:00:00+00:00, run_after=2024-12-07 00:00:00+00:00
[2024-12-07T02:41:52.674-0300] {processor.py:208} INFO - Processing /home/crisu/miniconda3/envs/lab13.1/lib/python3.9/site-packages/airflow/example_dags/example_nested_branch_dag.py took 0.154 seconds
[2024-12-07T02:45:02.006-0300] {processor.py:186} INFO - Started process (PID=39721) to work on /home/crisu/miniconda3/envs/lab13.1/lib/python3.9/site-packages/airflow/example_dags/example_nested_branch_dag.py
[2024-12-07T02:45:02.030-0300] {processor.py:914} INFO - Processing file /home/crisu/miniconda3/envs/lab13.1/lib/python3.9/site-packages/airflow/example_dags/example_nested_branch_dag.py for tasks to queue
[2024-12-07T02:45:02.032-0300] {logging_mixin.py:190} INFO - [2024-12-07T02:45:02.031-0300] {dagbag.py:588} INFO - Filling up the DagBag from /home/crisu/miniconda3/envs/lab13.1/lib/python3.9/site-packages/airflow/example_dags/example_nested_branch_dag.py
[2024-12-07T02:45:02.042-0300] {processor.py:925} INFO - DAG(s) 'example_nested_branch_dag' retrieved from /home/crisu/miniconda3/envs/lab13.1/lib/python3.9/site-packages/airflow/example_dags/example_nested_branch_dag.py
[2024-12-07T02:45:02.062-0300] {logging_mixin.py:190} INFO - [2024-12-07T02:45:02.061-0300] {dag.py:3239} INFO - Sync 1 DAGs
[2024-12-07T02:45:02.081-0300] {logging_mixin.py:190} INFO - [2024-12-07T02:45:02.081-0300] {dag.py:4180} INFO - Setting next_dagrun for example_nested_branch_dag to 2024-12-06 00:00:00+00:00, run_after=2024-12-07 00:00:00+00:00
[2024-12-07T02:45:02.154-0300] {processor.py:208} INFO - Processing /home/crisu/miniconda3/envs/lab13.1/lib/python3.9/site-packages/airflow/example_dags/example_nested_branch_dag.py took 0.153 seconds
[2024-12-07T02:46:41.566-0300] {processor.py:186} INFO - Started process (PID=40056) to work on /home/crisu/miniconda3/envs/lab13.1/lib/python3.9/site-packages/airflow/example_dags/example_nested_branch_dag.py
[2024-12-07T02:46:41.619-0300] {processor.py:914} INFO - Processing file /home/crisu/miniconda3/envs/lab13.1/lib/python3.9/site-packages/airflow/example_dags/example_nested_branch_dag.py for tasks to queue
[2024-12-07T02:46:41.621-0300] {logging_mixin.py:190} INFO - [2024-12-07T02:46:41.621-0300] {dagbag.py:588} INFO - Filling up the DagBag from /home/crisu/miniconda3/envs/lab13.1/lib/python3.9/site-packages/airflow/example_dags/example_nested_branch_dag.py
[2024-12-07T02:46:41.632-0300] {processor.py:925} INFO - DAG(s) 'example_nested_branch_dag' retrieved from /home/crisu/miniconda3/envs/lab13.1/lib/python3.9/site-packages/airflow/example_dags/example_nested_branch_dag.py
[2024-12-07T02:46:41.648-0300] {logging_mixin.py:190} INFO - [2024-12-07T02:46:41.648-0300] {dag.py:3239} INFO - Sync 1 DAGs
[2024-12-07T02:46:41.666-0300] {logging_mixin.py:190} INFO - [2024-12-07T02:46:41.666-0300] {dag.py:4180} INFO - Setting next_dagrun for example_nested_branch_dag to 2024-12-06 00:00:00+00:00, run_after=2024-12-07 00:00:00+00:00
[2024-12-07T02:46:42.417-0300] {processor.py:208} INFO - Processing /home/crisu/miniconda3/envs/lab13.1/lib/python3.9/site-packages/airflow/example_dags/example_nested_branch_dag.py took 0.856 seconds
[2024-12-07T02:50:22.494-0300] {processor.py:186} INFO - Started process (PID=40810) to work on /home/crisu/miniconda3/envs/lab13.1/lib/python3.9/site-packages/airflow/example_dags/example_nested_branch_dag.py
[2024-12-07T02:50:22.495-0300] {processor.py:914} INFO - Processing file /home/crisu/miniconda3/envs/lab13.1/lib/python3.9/site-packages/airflow/example_dags/example_nested_branch_dag.py for tasks to queue
[2024-12-07T02:50:22.497-0300] {logging_mixin.py:190} INFO - [2024-12-07T02:50:22.497-0300] {dagbag.py:588} INFO - Filling up the DagBag from /home/crisu/miniconda3/envs/lab13.1/lib/python3.9/site-packages/airflow/example_dags/example_nested_branch_dag.py
[2024-12-07T02:50:22.508-0300] {processor.py:925} INFO - DAG(s) 'example_nested_branch_dag' retrieved from /home/crisu/miniconda3/envs/lab13.1/lib/python3.9/site-packages/airflow/example_dags/example_nested_branch_dag.py
[2024-12-07T02:50:22.525-0300] {logging_mixin.py:190} INFO - [2024-12-07T02:50:22.525-0300] {dag.py:3239} INFO - Sync 1 DAGs
[2024-12-07T02:50:22.543-0300] {logging_mixin.py:190} INFO - [2024-12-07T02:50:22.543-0300] {dag.py:4180} INFO - Setting next_dagrun for example_nested_branch_dag to 2024-12-06 00:00:00+00:00, run_after=2024-12-07 00:00:00+00:00
[2024-12-07T02:50:22.609-0300] {processor.py:208} INFO - Processing /home/crisu/miniconda3/envs/lab13.1/lib/python3.9/site-packages/airflow/example_dags/example_nested_branch_dag.py took 0.120 seconds
[2024-12-07T03:20:38.310-0300] {processor.py:186} INFO - Started process (PID=42679) to work on /home/crisu/miniconda3/envs/lab13.1/lib/python3.9/site-packages/airflow/example_dags/example_nested_branch_dag.py
[2024-12-07T03:20:38.312-0300] {processor.py:914} INFO - Processing file /home/crisu/miniconda3/envs/lab13.1/lib/python3.9/site-packages/airflow/example_dags/example_nested_branch_dag.py for tasks to queue
[2024-12-07T03:20:38.313-0300] {logging_mixin.py:190} INFO - [2024-12-07T03:20:38.312-0300] {dagbag.py:588} INFO - Filling up the DagBag from /home/crisu/miniconda3/envs/lab13.1/lib/python3.9/site-packages/airflow/example_dags/example_nested_branch_dag.py
[2024-12-07T03:20:38.322-0300] {processor.py:925} INFO - DAG(s) 'example_nested_branch_dag' retrieved from /home/crisu/miniconda3/envs/lab13.1/lib/python3.9/site-packages/airflow/example_dags/example_nested_branch_dag.py
[2024-12-07T03:20:38.340-0300] {logging_mixin.py:190} INFO - [2024-12-07T03:20:38.340-0300] {dag.py:3239} INFO - Sync 1 DAGs
[2024-12-07T03:20:38.359-0300] {logging_mixin.py:190} INFO - [2024-12-07T03:20:38.359-0300] {dag.py:4180} INFO - Setting next_dagrun for example_nested_branch_dag to 2024-12-06 00:00:00+00:00, run_after=2024-12-07 00:00:00+00:00
[2024-12-07T03:20:39.023-0300] {processor.py:208} INFO - Processing /home/crisu/miniconda3/envs/lab13.1/lib/python3.9/site-packages/airflow/example_dags/example_nested_branch_dag.py took 0.718 seconds
[2024-12-07T03:23:53.464-0300] {processor.py:186} INFO - Started process (PID=42919) to work on /home/crisu/miniconda3/envs/lab13.1/lib/python3.9/site-packages/airflow/example_dags/example_nested_branch_dag.py
[2024-12-07T03:23:53.533-0300] {processor.py:914} INFO - Processing file /home/crisu/miniconda3/envs/lab13.1/lib/python3.9/site-packages/airflow/example_dags/example_nested_branch_dag.py for tasks to queue
[2024-12-07T03:23:53.534-0300] {logging_mixin.py:190} INFO - [2024-12-07T03:23:53.534-0300] {dagbag.py:588} INFO - Filling up the DagBag from /home/crisu/miniconda3/envs/lab13.1/lib/python3.9/site-packages/airflow/example_dags/example_nested_branch_dag.py
[2024-12-07T03:23:53.548-0300] {processor.py:925} INFO - DAG(s) 'example_nested_branch_dag' retrieved from /home/crisu/miniconda3/envs/lab13.1/lib/python3.9/site-packages/airflow/example_dags/example_nested_branch_dag.py
[2024-12-07T03:23:53.565-0300] {logging_mixin.py:190} INFO - [2024-12-07T03:23:53.565-0300] {dag.py:3239} INFO - Sync 1 DAGs
[2024-12-07T03:23:53.583-0300] {logging_mixin.py:190} INFO - [2024-12-07T03:23:53.583-0300] {dag.py:4180} INFO - Setting next_dagrun for example_nested_branch_dag to 2024-12-06 00:00:00+00:00, run_after=2024-12-07 00:00:00+00:00
[2024-12-07T03:23:55.092-0300] {processor.py:208} INFO - Processing /home/crisu/miniconda3/envs/lab13.1/lib/python3.9/site-packages/airflow/example_dags/example_nested_branch_dag.py took 1.634 seconds
[2024-12-07T03:27:49.642-0300] {processor.py:186} INFO - Started process (PID=43646) to work on /home/crisu/miniconda3/envs/lab13.1/lib/python3.9/site-packages/airflow/example_dags/example_nested_branch_dag.py
[2024-12-07T03:27:49.666-0300] {processor.py:914} INFO - Processing file /home/crisu/miniconda3/envs/lab13.1/lib/python3.9/site-packages/airflow/example_dags/example_nested_branch_dag.py for tasks to queue
[2024-12-07T03:27:49.669-0300] {logging_mixin.py:190} INFO - [2024-12-07T03:27:49.668-0300] {dagbag.py:588} INFO - Filling up the DagBag from /home/crisu/miniconda3/envs/lab13.1/lib/python3.9/site-packages/airflow/example_dags/example_nested_branch_dag.py
[2024-12-07T03:27:49.684-0300] {processor.py:925} INFO - DAG(s) 'example_nested_branch_dag' retrieved from /home/crisu/miniconda3/envs/lab13.1/lib/python3.9/site-packages/airflow/example_dags/example_nested_branch_dag.py
[2024-12-07T03:27:49.703-0300] {logging_mixin.py:190} INFO - [2024-12-07T03:27:49.703-0300] {dag.py:3239} INFO - Sync 1 DAGs
[2024-12-07T03:27:49.726-0300] {logging_mixin.py:190} INFO - [2024-12-07T03:27:49.726-0300] {dag.py:4180} INFO - Setting next_dagrun for example_nested_branch_dag to 2024-12-06 00:00:00+00:00, run_after=2024-12-07 00:00:00+00:00
[2024-12-07T03:27:49.806-0300] {processor.py:208} INFO - Processing /home/crisu/miniconda3/envs/lab13.1/lib/python3.9/site-packages/airflow/example_dags/example_nested_branch_dag.py took 0.170 seconds
[2024-12-07T03:29:53.220-0300] {processor.py:186} INFO - Started process (PID=43871) to work on /home/crisu/miniconda3/envs/lab13.1/lib/python3.9/site-packages/airflow/example_dags/example_nested_branch_dag.py
[2024-12-07T03:29:53.258-0300] {processor.py:914} INFO - Processing file /home/crisu/miniconda3/envs/lab13.1/lib/python3.9/site-packages/airflow/example_dags/example_nested_branch_dag.py for tasks to queue
[2024-12-07T03:29:53.261-0300] {logging_mixin.py:190} INFO - [2024-12-07T03:29:53.261-0300] {dagbag.py:588} INFO - Filling up the DagBag from /home/crisu/miniconda3/envs/lab13.1/lib/python3.9/site-packages/airflow/example_dags/example_nested_branch_dag.py
[2024-12-07T03:29:53.274-0300] {processor.py:925} INFO - DAG(s) 'example_nested_branch_dag' retrieved from /home/crisu/miniconda3/envs/lab13.1/lib/python3.9/site-packages/airflow/example_dags/example_nested_branch_dag.py
[2024-12-07T03:29:53.297-0300] {logging_mixin.py:190} INFO - [2024-12-07T03:29:53.297-0300] {dag.py:3239} INFO - Sync 1 DAGs
[2024-12-07T03:29:53.323-0300] {logging_mixin.py:190} INFO - [2024-12-07T03:29:53.323-0300] {dag.py:4180} INFO - Setting next_dagrun for example_nested_branch_dag to 2024-12-06 00:00:00+00:00, run_after=2024-12-07 00:00:00+00:00
[2024-12-07T03:29:54.197-0300] {processor.py:208} INFO - Processing /home/crisu/miniconda3/envs/lab13.1/lib/python3.9/site-packages/airflow/example_dags/example_nested_branch_dag.py took 0.983 seconds
[2024-12-07T03:34:21.187-0300] {processor.py:186} INFO - Started process (PID=44600) to work on /home/crisu/miniconda3/envs/lab13.1/lib/python3.9/site-packages/airflow/example_dags/example_nested_branch_dag.py
[2024-12-07T03:34:21.206-0300] {processor.py:914} INFO - Processing file /home/crisu/miniconda3/envs/lab13.1/lib/python3.9/site-packages/airflow/example_dags/example_nested_branch_dag.py for tasks to queue
[2024-12-07T03:34:21.207-0300] {logging_mixin.py:190} INFO - [2024-12-07T03:34:21.207-0300] {dagbag.py:588} INFO - Filling up the DagBag from /home/crisu/miniconda3/envs/lab13.1/lib/python3.9/site-packages/airflow/example_dags/example_nested_branch_dag.py
[2024-12-07T03:34:21.215-0300] {processor.py:925} INFO - DAG(s) 'example_nested_branch_dag' retrieved from /home/crisu/miniconda3/envs/lab13.1/lib/python3.9/site-packages/airflow/example_dags/example_nested_branch_dag.py
[2024-12-07T03:34:21.234-0300] {logging_mixin.py:190} INFO - [2024-12-07T03:34:21.234-0300] {dag.py:3239} INFO - Sync 1 DAGs
[2024-12-07T03:34:21.252-0300] {logging_mixin.py:190} INFO - [2024-12-07T03:34:21.251-0300] {dag.py:4180} INFO - Setting next_dagrun for example_nested_branch_dag to 2024-12-06 00:00:00+00:00, run_after=2024-12-07 00:00:00+00:00
[2024-12-07T03:34:21.324-0300] {processor.py:208} INFO - Processing /home/crisu/miniconda3/envs/lab13.1/lib/python3.9/site-packages/airflow/example_dags/example_nested_branch_dag.py took 0.143 seconds
[2024-12-07T03:35:55.327-0300] {processor.py:186} INFO - Started process (PID=44775) to work on /home/crisu/miniconda3/envs/lab13.1/lib/python3.9/site-packages/airflow/example_dags/example_nested_branch_dag.py
[2024-12-07T03:35:55.334-0300] {processor.py:914} INFO - Processing file /home/crisu/miniconda3/envs/lab13.1/lib/python3.9/site-packages/airflow/example_dags/example_nested_branch_dag.py for tasks to queue
[2024-12-07T03:35:55.335-0300] {logging_mixin.py:190} INFO - [2024-12-07T03:35:55.335-0300] {dagbag.py:588} INFO - Filling up the DagBag from /home/crisu/miniconda3/envs/lab13.1/lib/python3.9/site-packages/airflow/example_dags/example_nested_branch_dag.py
[2024-12-07T03:35:55.343-0300] {processor.py:925} INFO - DAG(s) 'example_nested_branch_dag' retrieved from /home/crisu/miniconda3/envs/lab13.1/lib/python3.9/site-packages/airflow/example_dags/example_nested_branch_dag.py
[2024-12-07T03:35:55.358-0300] {logging_mixin.py:190} INFO - [2024-12-07T03:35:55.357-0300] {dag.py:3239} INFO - Sync 1 DAGs
[2024-12-07T03:35:55.373-0300] {logging_mixin.py:190} INFO - [2024-12-07T03:35:55.373-0300] {dag.py:4180} INFO - Setting next_dagrun for example_nested_branch_dag to 2024-12-06 00:00:00+00:00, run_after=2024-12-07 00:00:00+00:00
[2024-12-07T03:35:55.435-0300] {processor.py:208} INFO - Processing /home/crisu/miniconda3/envs/lab13.1/lib/python3.9/site-packages/airflow/example_dags/example_nested_branch_dag.py took 0.114 seconds
[2024-12-07T03:37:57.950-0300] {processor.py:186} INFO - Started process (PID=44979) to work on /home/crisu/miniconda3/envs/lab13.1/lib/python3.9/site-packages/airflow/example_dags/example_nested_branch_dag.py
[2024-12-07T03:37:57.977-0300] {processor.py:914} INFO - Processing file /home/crisu/miniconda3/envs/lab13.1/lib/python3.9/site-packages/airflow/example_dags/example_nested_branch_dag.py for tasks to queue
[2024-12-07T03:37:57.979-0300] {logging_mixin.py:190} INFO - [2024-12-07T03:37:57.978-0300] {dagbag.py:588} INFO - Filling up the DagBag from /home/crisu/miniconda3/envs/lab13.1/lib/python3.9/site-packages/airflow/example_dags/example_nested_branch_dag.py
[2024-12-07T03:37:57.987-0300] {processor.py:925} INFO - DAG(s) 'example_nested_branch_dag' retrieved from /home/crisu/miniconda3/envs/lab13.1/lib/python3.9/site-packages/airflow/example_dags/example_nested_branch_dag.py
[2024-12-07T03:37:58.002-0300] {logging_mixin.py:190} INFO - [2024-12-07T03:37:58.002-0300] {dag.py:3239} INFO - Sync 1 DAGs
[2024-12-07T03:37:58.018-0300] {logging_mixin.py:190} INFO - [2024-12-07T03:37:58.018-0300] {dag.py:4180} INFO - Setting next_dagrun for example_nested_branch_dag to 2024-12-06 00:00:00+00:00, run_after=2024-12-07 00:00:00+00:00
[2024-12-07T03:37:58.096-0300] {processor.py:208} INFO - Processing /home/crisu/miniconda3/envs/lab13.1/lib/python3.9/site-packages/airflow/example_dags/example_nested_branch_dag.py took 0.152 seconds
[2024-12-07T03:39:16.942-0300] {processor.py:186} INFO - Started process (PID=45137) to work on /home/crisu/miniconda3/envs/lab13.1/lib/python3.9/site-packages/airflow/example_dags/example_nested_branch_dag.py
[2024-12-07T03:39:16.949-0300] {processor.py:914} INFO - Processing file /home/crisu/miniconda3/envs/lab13.1/lib/python3.9/site-packages/airflow/example_dags/example_nested_branch_dag.py for tasks to queue
[2024-12-07T03:39:16.950-0300] {logging_mixin.py:190} INFO - [2024-12-07T03:39:16.950-0300] {dagbag.py:588} INFO - Filling up the DagBag from /home/crisu/miniconda3/envs/lab13.1/lib/python3.9/site-packages/airflow/example_dags/example_nested_branch_dag.py
[2024-12-07T03:39:16.959-0300] {processor.py:925} INFO - DAG(s) 'example_nested_branch_dag' retrieved from /home/crisu/miniconda3/envs/lab13.1/lib/python3.9/site-packages/airflow/example_dags/example_nested_branch_dag.py
[2024-12-07T03:39:16.974-0300] {logging_mixin.py:190} INFO - [2024-12-07T03:39:16.973-0300] {dag.py:3239} INFO - Sync 1 DAGs
[2024-12-07T03:39:16.989-0300] {logging_mixin.py:190} INFO - [2024-12-07T03:39:16.989-0300] {dag.py:4180} INFO - Setting next_dagrun for example_nested_branch_dag to 2024-12-06 00:00:00+00:00, run_after=2024-12-07 00:00:00+00:00
[2024-12-07T03:39:17.049-0300] {processor.py:208} INFO - Processing /home/crisu/miniconda3/envs/lab13.1/lib/python3.9/site-packages/airflow/example_dags/example_nested_branch_dag.py took 0.112 seconds
[2024-12-07T03:40:32.880-0300] {processor.py:186} INFO - Started process (PID=45283) to work on /home/crisu/miniconda3/envs/lab13.1/lib/python3.9/site-packages/airflow/example_dags/example_nested_branch_dag.py
[2024-12-07T03:40:32.892-0300] {processor.py:914} INFO - Processing file /home/crisu/miniconda3/envs/lab13.1/lib/python3.9/site-packages/airflow/example_dags/example_nested_branch_dag.py for tasks to queue
[2024-12-07T03:40:32.893-0300] {logging_mixin.py:190} INFO - [2024-12-07T03:40:32.893-0300] {dagbag.py:588} INFO - Filling up the DagBag from /home/crisu/miniconda3/envs/lab13.1/lib/python3.9/site-packages/airflow/example_dags/example_nested_branch_dag.py
[2024-12-07T03:40:32.901-0300] {processor.py:925} INFO - DAG(s) 'example_nested_branch_dag' retrieved from /home/crisu/miniconda3/envs/lab13.1/lib/python3.9/site-packages/airflow/example_dags/example_nested_branch_dag.py
[2024-12-07T03:40:32.916-0300] {logging_mixin.py:190} INFO - [2024-12-07T03:40:32.916-0300] {dag.py:3239} INFO - Sync 1 DAGs
[2024-12-07T03:40:32.932-0300] {logging_mixin.py:190} INFO - [2024-12-07T03:40:32.932-0300] {dag.py:4180} INFO - Setting next_dagrun for example_nested_branch_dag to 2024-12-06 00:00:00+00:00, run_after=2024-12-07 00:00:00+00:00
[2024-12-07T03:40:32.991-0300] {processor.py:208} INFO - Processing /home/crisu/miniconda3/envs/lab13.1/lib/python3.9/site-packages/airflow/example_dags/example_nested_branch_dag.py took 0.117 seconds
[2024-12-07T03:44:19.499-0300] {processor.py:186} INFO - Started process (PID=45895) to work on /home/crisu/miniconda3/envs/lab13.1/lib/python3.9/site-packages/airflow/example_dags/example_nested_branch_dag.py
[2024-12-07T03:44:19.516-0300] {processor.py:914} INFO - Processing file /home/crisu/miniconda3/envs/lab13.1/lib/python3.9/site-packages/airflow/example_dags/example_nested_branch_dag.py for tasks to queue
[2024-12-07T03:44:19.518-0300] {logging_mixin.py:190} INFO - [2024-12-07T03:44:19.518-0300] {dagbag.py:588} INFO - Filling up the DagBag from /home/crisu/miniconda3/envs/lab13.1/lib/python3.9/site-packages/airflow/example_dags/example_nested_branch_dag.py
[2024-12-07T03:44:19.529-0300] {processor.py:925} INFO - DAG(s) 'example_nested_branch_dag' retrieved from /home/crisu/miniconda3/envs/lab13.1/lib/python3.9/site-packages/airflow/example_dags/example_nested_branch_dag.py
[2024-12-07T03:44:19.548-0300] {logging_mixin.py:190} INFO - [2024-12-07T03:44:19.547-0300] {dag.py:3239} INFO - Sync 1 DAGs
[2024-12-07T03:44:19.565-0300] {logging_mixin.py:190} INFO - [2024-12-07T03:44:19.565-0300] {dag.py:4180} INFO - Setting next_dagrun for example_nested_branch_dag to 2024-12-06 00:00:00+00:00, run_after=2024-12-07 00:00:00+00:00
[2024-12-07T03:44:19.636-0300] {processor.py:208} INFO - Processing /home/crisu/miniconda3/envs/lab13.1/lib/python3.9/site-packages/airflow/example_dags/example_nested_branch_dag.py took 0.141 seconds
[2024-12-07T03:48:43.584-0300] {processor.py:186} INFO - Started process (PID=46761) to work on /home/crisu/miniconda3/envs/lab13.1/lib/python3.9/site-packages/airflow/example_dags/example_nested_branch_dag.py
[2024-12-07T03:48:43.675-0300] {processor.py:914} INFO - Processing file /home/crisu/miniconda3/envs/lab13.1/lib/python3.9/site-packages/airflow/example_dags/example_nested_branch_dag.py for tasks to queue
[2024-12-07T03:48:43.678-0300] {logging_mixin.py:190} INFO - [2024-12-07T03:48:43.677-0300] {dagbag.py:588} INFO - Filling up the DagBag from /home/crisu/miniconda3/envs/lab13.1/lib/python3.9/site-packages/airflow/example_dags/example_nested_branch_dag.py
[2024-12-07T03:48:43.690-0300] {processor.py:925} INFO - DAG(s) 'example_nested_branch_dag' retrieved from /home/crisu/miniconda3/envs/lab13.1/lib/python3.9/site-packages/airflow/example_dags/example_nested_branch_dag.py
[2024-12-07T03:48:43.709-0300] {logging_mixin.py:190} INFO - [2024-12-07T03:48:43.709-0300] {dag.py:3239} INFO - Sync 1 DAGs
[2024-12-07T03:48:43.731-0300] {logging_mixin.py:190} INFO - [2024-12-07T03:48:43.731-0300] {dag.py:4180} INFO - Setting next_dagrun for example_nested_branch_dag to 2024-12-06 00:00:00+00:00, run_after=2024-12-07 00:00:00+00:00
[2024-12-07T03:48:44.657-0300] {processor.py:208} INFO - Processing /home/crisu/miniconda3/envs/lab13.1/lib/python3.9/site-packages/airflow/example_dags/example_nested_branch_dag.py took 1.079 seconds
[2024-12-07T03:50:50.386-0300] {processor.py:186} INFO - Started process (PID=46947) to work on /home/crisu/miniconda3/envs/lab13.1/lib/python3.9/site-packages/airflow/example_dags/example_nested_branch_dag.py
[2024-12-07T03:50:50.407-0300] {processor.py:914} INFO - Processing file /home/crisu/miniconda3/envs/lab13.1/lib/python3.9/site-packages/airflow/example_dags/example_nested_branch_dag.py for tasks to queue
[2024-12-07T03:50:50.409-0300] {logging_mixin.py:190} INFO - [2024-12-07T03:50:50.409-0300] {dagbag.py:588} INFO - Filling up the DagBag from /home/crisu/miniconda3/envs/lab13.1/lib/python3.9/site-packages/airflow/example_dags/example_nested_branch_dag.py
[2024-12-07T03:50:50.420-0300] {processor.py:925} INFO - DAG(s) 'example_nested_branch_dag' retrieved from /home/crisu/miniconda3/envs/lab13.1/lib/python3.9/site-packages/airflow/example_dags/example_nested_branch_dag.py
[2024-12-07T03:50:50.435-0300] {logging_mixin.py:190} INFO - [2024-12-07T03:50:50.435-0300] {dag.py:3239} INFO - Sync 1 DAGs
[2024-12-07T03:50:50.454-0300] {logging_mixin.py:190} INFO - [2024-12-07T03:50:50.454-0300] {dag.py:4180} INFO - Setting next_dagrun for example_nested_branch_dag to 2024-12-06 00:00:00+00:00, run_after=2024-12-07 00:00:00+00:00
[2024-12-07T03:50:51.344-0300] {processor.py:208} INFO - Processing /home/crisu/miniconda3/envs/lab13.1/lib/python3.9/site-packages/airflow/example_dags/example_nested_branch_dag.py took 0.963 seconds
[2024-12-07T03:52:17.012-0300] {processor.py:186} INFO - Started process (PID=47058) to work on /home/crisu/miniconda3/envs/lab13.1/lib/python3.9/site-packages/airflow/example_dags/example_nested_branch_dag.py
[2024-12-07T03:52:17.020-0300] {processor.py:914} INFO - Processing file /home/crisu/miniconda3/envs/lab13.1/lib/python3.9/site-packages/airflow/example_dags/example_nested_branch_dag.py for tasks to queue
[2024-12-07T03:52:17.023-0300] {logging_mixin.py:190} INFO - [2024-12-07T03:52:17.023-0300] {dagbag.py:588} INFO - Filling up the DagBag from /home/crisu/miniconda3/envs/lab13.1/lib/python3.9/site-packages/airflow/example_dags/example_nested_branch_dag.py
[2024-12-07T03:52:17.037-0300] {processor.py:925} INFO - DAG(s) 'example_nested_branch_dag' retrieved from /home/crisu/miniconda3/envs/lab13.1/lib/python3.9/site-packages/airflow/example_dags/example_nested_branch_dag.py
[2024-12-07T03:52:17.052-0300] {logging_mixin.py:190} INFO - [2024-12-07T03:52:17.052-0300] {dag.py:3239} INFO - Sync 1 DAGs
[2024-12-07T03:52:17.075-0300] {logging_mixin.py:190} INFO - [2024-12-07T03:52:17.075-0300] {dag.py:4180} INFO - Setting next_dagrun for example_nested_branch_dag to 2024-12-06 00:00:00+00:00, run_after=2024-12-07 00:00:00+00:00
[2024-12-07T03:52:17.137-0300] {processor.py:208} INFO - Processing /home/crisu/miniconda3/envs/lab13.1/lib/python3.9/site-packages/airflow/example_dags/example_nested_branch_dag.py took 0.134 seconds
[2024-12-07T03:54:28.041-0300] {processor.py:186} INFO - Started process (PID=47321) to work on /home/crisu/miniconda3/envs/lab13.1/lib/python3.9/site-packages/airflow/example_dags/example_nested_branch_dag.py
[2024-12-07T03:54:28.042-0300] {processor.py:914} INFO - Processing file /home/crisu/miniconda3/envs/lab13.1/lib/python3.9/site-packages/airflow/example_dags/example_nested_branch_dag.py for tasks to queue
[2024-12-07T03:54:28.045-0300] {logging_mixin.py:190} INFO - [2024-12-07T03:54:28.045-0300] {dagbag.py:588} INFO - Filling up the DagBag from /home/crisu/miniconda3/envs/lab13.1/lib/python3.9/site-packages/airflow/example_dags/example_nested_branch_dag.py
[2024-12-07T03:54:28.056-0300] {processor.py:925} INFO - DAG(s) 'example_nested_branch_dag' retrieved from /home/crisu/miniconda3/envs/lab13.1/lib/python3.9/site-packages/airflow/example_dags/example_nested_branch_dag.py
[2024-12-07T03:54:28.072-0300] {logging_mixin.py:190} INFO - [2024-12-07T03:54:28.072-0300] {dag.py:3239} INFO - Sync 1 DAGs
[2024-12-07T03:54:28.094-0300] {logging_mixin.py:190} INFO - [2024-12-07T03:54:28.094-0300] {dag.py:4180} INFO - Setting next_dagrun for example_nested_branch_dag to 2024-12-06 00:00:00+00:00, run_after=2024-12-07 00:00:00+00:00
[2024-12-07T03:54:28.150-0300] {processor.py:208} INFO - Processing /home/crisu/miniconda3/envs/lab13.1/lib/python3.9/site-packages/airflow/example_dags/example_nested_branch_dag.py took 0.114 seconds
[2024-12-07T03:56:26.268-0300] {processor.py:186} INFO - Started process (PID=47565) to work on /home/crisu/miniconda3/envs/lab13.1/lib/python3.9/site-packages/airflow/example_dags/example_nested_branch_dag.py
[2024-12-07T03:56:26.274-0300] {processor.py:914} INFO - Processing file /home/crisu/miniconda3/envs/lab13.1/lib/python3.9/site-packages/airflow/example_dags/example_nested_branch_dag.py for tasks to queue
[2024-12-07T03:56:26.276-0300] {logging_mixin.py:190} INFO - [2024-12-07T03:56:26.276-0300] {dagbag.py:588} INFO - Filling up the DagBag from /home/crisu/miniconda3/envs/lab13.1/lib/python3.9/site-packages/airflow/example_dags/example_nested_branch_dag.py
[2024-12-07T03:56:26.288-0300] {processor.py:925} INFO - DAG(s) 'example_nested_branch_dag' retrieved from /home/crisu/miniconda3/envs/lab13.1/lib/python3.9/site-packages/airflow/example_dags/example_nested_branch_dag.py
[2024-12-07T03:56:26.304-0300] {logging_mixin.py:190} INFO - [2024-12-07T03:56:26.304-0300] {dag.py:3239} INFO - Sync 1 DAGs
[2024-12-07T03:56:26.324-0300] {logging_mixin.py:190} INFO - [2024-12-07T03:56:26.324-0300] {dag.py:4180} INFO - Setting next_dagrun for example_nested_branch_dag to 2024-12-06 00:00:00+00:00, run_after=2024-12-07 00:00:00+00:00
[2024-12-07T03:56:26.392-0300] {processor.py:208} INFO - Processing /home/crisu/miniconda3/envs/lab13.1/lib/python3.9/site-packages/airflow/example_dags/example_nested_branch_dag.py took 0.129 seconds
[2024-12-07T03:57:45.282-0300] {processor.py:186} INFO - Started process (PID=47702) to work on /home/crisu/miniconda3/envs/lab13.1/lib/python3.9/site-packages/airflow/example_dags/example_nested_branch_dag.py
[2024-12-07T03:57:45.303-0300] {processor.py:914} INFO - Processing file /home/crisu/miniconda3/envs/lab13.1/lib/python3.9/site-packages/airflow/example_dags/example_nested_branch_dag.py for tasks to queue
[2024-12-07T03:57:45.306-0300] {logging_mixin.py:190} INFO - [2024-12-07T03:57:45.306-0300] {dagbag.py:588} INFO - Filling up the DagBag from /home/crisu/miniconda3/envs/lab13.1/lib/python3.9/site-packages/airflow/example_dags/example_nested_branch_dag.py
[2024-12-07T03:57:45.322-0300] {processor.py:925} INFO - DAG(s) 'example_nested_branch_dag' retrieved from /home/crisu/miniconda3/envs/lab13.1/lib/python3.9/site-packages/airflow/example_dags/example_nested_branch_dag.py
[2024-12-07T03:57:45.337-0300] {logging_mixin.py:190} INFO - [2024-12-07T03:57:45.337-0300] {dag.py:3239} INFO - Sync 1 DAGs
[2024-12-07T03:57:45.355-0300] {logging_mixin.py:190} INFO - [2024-12-07T03:57:45.355-0300] {dag.py:4180} INFO - Setting next_dagrun for example_nested_branch_dag to 2024-12-06 00:00:00+00:00, run_after=2024-12-07 00:00:00+00:00
[2024-12-07T03:57:45.415-0300] {processor.py:208} INFO - Processing /home/crisu/miniconda3/envs/lab13.1/lib/python3.9/site-packages/airflow/example_dags/example_nested_branch_dag.py took 0.138 seconds
[2024-12-07T03:59:40.401-0300] {processor.py:186} INFO - Started process (PID=47970) to work on /home/crisu/miniconda3/envs/lab13.1/lib/python3.9/site-packages/airflow/example_dags/example_nested_branch_dag.py
[2024-12-07T03:59:40.414-0300] {processor.py:914} INFO - Processing file /home/crisu/miniconda3/envs/lab13.1/lib/python3.9/site-packages/airflow/example_dags/example_nested_branch_dag.py for tasks to queue
[2024-12-07T03:59:40.416-0300] {logging_mixin.py:190} INFO - [2024-12-07T03:59:40.416-0300] {dagbag.py:588} INFO - Filling up the DagBag from /home/crisu/miniconda3/envs/lab13.1/lib/python3.9/site-packages/airflow/example_dags/example_nested_branch_dag.py
[2024-12-07T03:59:40.429-0300] {processor.py:925} INFO - DAG(s) 'example_nested_branch_dag' retrieved from /home/crisu/miniconda3/envs/lab13.1/lib/python3.9/site-packages/airflow/example_dags/example_nested_branch_dag.py
[2024-12-07T03:59:40.443-0300] {logging_mixin.py:190} INFO - [2024-12-07T03:59:40.443-0300] {dag.py:3239} INFO - Sync 1 DAGs
[2024-12-07T03:59:40.461-0300] {logging_mixin.py:190} INFO - [2024-12-07T03:59:40.461-0300] {dag.py:4180} INFO - Setting next_dagrun for example_nested_branch_dag to 2024-12-06 00:00:00+00:00, run_after=2024-12-07 00:00:00+00:00
[2024-12-07T03:59:40.519-0300] {processor.py:208} INFO - Processing /home/crisu/miniconda3/envs/lab13.1/lib/python3.9/site-packages/airflow/example_dags/example_nested_branch_dag.py took 0.123 seconds
[2024-12-07T04:00:56.444-0300] {processor.py:186} INFO - Started process (PID=48119) to work on /home/crisu/miniconda3/envs/lab13.1/lib/python3.9/site-packages/airflow/example_dags/example_nested_branch_dag.py
[2024-12-07T04:00:56.459-0300] {processor.py:914} INFO - Processing file /home/crisu/miniconda3/envs/lab13.1/lib/python3.9/site-packages/airflow/example_dags/example_nested_branch_dag.py for tasks to queue
[2024-12-07T04:00:56.461-0300] {logging_mixin.py:190} INFO - [2024-12-07T04:00:56.460-0300] {dagbag.py:588} INFO - Filling up the DagBag from /home/crisu/miniconda3/envs/lab13.1/lib/python3.9/site-packages/airflow/example_dags/example_nested_branch_dag.py
[2024-12-07T04:00:56.471-0300] {processor.py:925} INFO - DAG(s) 'example_nested_branch_dag' retrieved from /home/crisu/miniconda3/envs/lab13.1/lib/python3.9/site-packages/airflow/example_dags/example_nested_branch_dag.py
[2024-12-07T04:00:56.486-0300] {logging_mixin.py:190} INFO - [2024-12-07T04:00:56.486-0300] {dag.py:3239} INFO - Sync 1 DAGs
[2024-12-07T04:00:56.504-0300] {logging_mixin.py:190} INFO - [2024-12-07T04:00:56.504-0300] {dag.py:4180} INFO - Setting next_dagrun for example_nested_branch_dag to 2024-12-06 00:00:00+00:00, run_after=2024-12-07 00:00:00+00:00
[2024-12-07T04:00:56.560-0300] {processor.py:208} INFO - Processing /home/crisu/miniconda3/envs/lab13.1/lib/python3.9/site-packages/airflow/example_dags/example_nested_branch_dag.py took 0.121 seconds
[2024-12-07T04:07:48.803-0300] {processor.py:186} INFO - Started process (PID=49213) to work on /home/crisu/miniconda3/envs/lab13.1/lib/python3.9/site-packages/airflow/example_dags/example_nested_branch_dag.py
[2024-12-07T04:07:48.805-0300] {processor.py:914} INFO - Processing file /home/crisu/miniconda3/envs/lab13.1/lib/python3.9/site-packages/airflow/example_dags/example_nested_branch_dag.py for tasks to queue
[2024-12-07T04:07:48.806-0300] {logging_mixin.py:190} INFO - [2024-12-07T04:07:48.806-0300] {dagbag.py:588} INFO - Filling up the DagBag from /home/crisu/miniconda3/envs/lab13.1/lib/python3.9/site-packages/airflow/example_dags/example_nested_branch_dag.py
[2024-12-07T04:07:48.814-0300] {processor.py:925} INFO - DAG(s) 'example_nested_branch_dag' retrieved from /home/crisu/miniconda3/envs/lab13.1/lib/python3.9/site-packages/airflow/example_dags/example_nested_branch_dag.py
[2024-12-07T04:07:48.830-0300] {logging_mixin.py:190} INFO - [2024-12-07T04:07:48.830-0300] {dag.py:3239} INFO - Sync 1 DAGs
[2024-12-07T04:07:48.846-0300] {logging_mixin.py:190} INFO - [2024-12-07T04:07:48.846-0300] {dag.py:4180} INFO - Setting next_dagrun for example_nested_branch_dag to 2024-12-06 00:00:00+00:00, run_after=2024-12-07 00:00:00+00:00
[2024-12-07T04:07:48.917-0300] {processor.py:208} INFO - Processing /home/crisu/miniconda3/envs/lab13.1/lib/python3.9/site-packages/airflow/example_dags/example_nested_branch_dag.py took 0.119 seconds
[2024-12-07T04:09:52.181-0300] {processor.py:186} INFO - Started process (PID=49460) to work on /home/crisu/miniconda3/envs/lab13.1/lib/python3.9/site-packages/airflow/example_dags/example_nested_branch_dag.py
[2024-12-07T04:09:52.183-0300] {processor.py:914} INFO - Processing file /home/crisu/miniconda3/envs/lab13.1/lib/python3.9/site-packages/airflow/example_dags/example_nested_branch_dag.py for tasks to queue
[2024-12-07T04:09:52.185-0300] {logging_mixin.py:190} INFO - [2024-12-07T04:09:52.184-0300] {dagbag.py:588} INFO - Filling up the DagBag from /home/crisu/miniconda3/envs/lab13.1/lib/python3.9/site-packages/airflow/example_dags/example_nested_branch_dag.py
[2024-12-07T04:09:52.195-0300] {processor.py:925} INFO - DAG(s) 'example_nested_branch_dag' retrieved from /home/crisu/miniconda3/envs/lab13.1/lib/python3.9/site-packages/airflow/example_dags/example_nested_branch_dag.py
[2024-12-07T04:09:52.211-0300] {logging_mixin.py:190} INFO - [2024-12-07T04:09:52.211-0300] {dag.py:3239} INFO - Sync 1 DAGs
[2024-12-07T04:09:52.229-0300] {logging_mixin.py:190} INFO - [2024-12-07T04:09:52.229-0300] {dag.py:4180} INFO - Setting next_dagrun for example_nested_branch_dag to 2024-12-06 00:00:00+00:00, run_after=2024-12-07 00:00:00+00:00
[2024-12-07T04:09:52.282-0300] {processor.py:208} INFO - Processing /home/crisu/miniconda3/envs/lab13.1/lib/python3.9/site-packages/airflow/example_dags/example_nested_branch_dag.py took 0.106 seconds
[2024-12-07T04:11:52.155-0300] {processor.py:186} INFO - Started process (PID=49631) to work on /home/crisu/miniconda3/envs/lab13.1/lib/python3.9/site-packages/airflow/example_dags/example_nested_branch_dag.py
[2024-12-07T04:11:52.164-0300] {processor.py:914} INFO - Processing file /home/crisu/miniconda3/envs/lab13.1/lib/python3.9/site-packages/airflow/example_dags/example_nested_branch_dag.py for tasks to queue
[2024-12-07T04:11:52.166-0300] {logging_mixin.py:190} INFO - [2024-12-07T04:11:52.165-0300] {dagbag.py:588} INFO - Filling up the DagBag from /home/crisu/miniconda3/envs/lab13.1/lib/python3.9/site-packages/airflow/example_dags/example_nested_branch_dag.py
[2024-12-07T04:11:52.173-0300] {processor.py:925} INFO - DAG(s) 'example_nested_branch_dag' retrieved from /home/crisu/miniconda3/envs/lab13.1/lib/python3.9/site-packages/airflow/example_dags/example_nested_branch_dag.py
[2024-12-07T04:11:52.192-0300] {logging_mixin.py:190} INFO - [2024-12-07T04:11:52.191-0300] {dag.py:3239} INFO - Sync 1 DAGs
[2024-12-07T04:11:52.209-0300] {logging_mixin.py:190} INFO - [2024-12-07T04:11:52.208-0300] {dag.py:4180} INFO - Setting next_dagrun for example_nested_branch_dag to 2024-12-06 00:00:00+00:00, run_after=2024-12-07 00:00:00+00:00
[2024-12-07T04:11:52.381-0300] {processor.py:208} INFO - Processing /home/crisu/miniconda3/envs/lab13.1/lib/python3.9/site-packages/airflow/example_dags/example_nested_branch_dag.py took 0.232 seconds
[2024-12-07T04:13:07.404-0300] {processor.py:186} INFO - Started process (PID=49752) to work on /home/crisu/miniconda3/envs/lab13.1/lib/python3.9/site-packages/airflow/example_dags/example_nested_branch_dag.py
[2024-12-07T04:13:07.412-0300] {processor.py:914} INFO - Processing file /home/crisu/miniconda3/envs/lab13.1/lib/python3.9/site-packages/airflow/example_dags/example_nested_branch_dag.py for tasks to queue
[2024-12-07T04:13:07.414-0300] {logging_mixin.py:190} INFO - [2024-12-07T04:13:07.414-0300] {dagbag.py:588} INFO - Filling up the DagBag from /home/crisu/miniconda3/envs/lab13.1/lib/python3.9/site-packages/airflow/example_dags/example_nested_branch_dag.py
[2024-12-07T04:13:07.424-0300] {processor.py:925} INFO - DAG(s) 'example_nested_branch_dag' retrieved from /home/crisu/miniconda3/envs/lab13.1/lib/python3.9/site-packages/airflow/example_dags/example_nested_branch_dag.py
[2024-12-07T04:13:07.446-0300] {logging_mixin.py:190} INFO - [2024-12-07T04:13:07.446-0300] {dag.py:3239} INFO - Sync 1 DAGs
[2024-12-07T04:13:07.462-0300] {logging_mixin.py:190} INFO - [2024-12-07T04:13:07.462-0300] {dag.py:4180} INFO - Setting next_dagrun for example_nested_branch_dag to 2024-12-06 00:00:00+00:00, run_after=2024-12-07 00:00:00+00:00
[2024-12-07T04:13:07.550-0300] {processor.py:208} INFO - Processing /home/crisu/miniconda3/envs/lab13.1/lib/python3.9/site-packages/airflow/example_dags/example_nested_branch_dag.py took 0.151 seconds
[2024-12-07T04:14:26.328-0300] {processor.py:186} INFO - Started process (PID=49934) to work on /home/crisu/miniconda3/envs/lab13.1/lib/python3.9/site-packages/airflow/example_dags/example_nested_branch_dag.py
[2024-12-07T04:14:26.341-0300] {processor.py:914} INFO - Processing file /home/crisu/miniconda3/envs/lab13.1/lib/python3.9/site-packages/airflow/example_dags/example_nested_branch_dag.py for tasks to queue
[2024-12-07T04:14:26.342-0300] {logging_mixin.py:190} INFO - [2024-12-07T04:14:26.342-0300] {dagbag.py:588} INFO - Filling up the DagBag from /home/crisu/miniconda3/envs/lab13.1/lib/python3.9/site-packages/airflow/example_dags/example_nested_branch_dag.py
[2024-12-07T04:14:26.352-0300] {processor.py:925} INFO - DAG(s) 'example_nested_branch_dag' retrieved from /home/crisu/miniconda3/envs/lab13.1/lib/python3.9/site-packages/airflow/example_dags/example_nested_branch_dag.py
[2024-12-07T04:14:26.367-0300] {logging_mixin.py:190} INFO - [2024-12-07T04:14:26.367-0300] {dag.py:3239} INFO - Sync 1 DAGs
[2024-12-07T04:14:26.388-0300] {logging_mixin.py:190} INFO - [2024-12-07T04:14:26.388-0300] {dag.py:4180} INFO - Setting next_dagrun for example_nested_branch_dag to 2024-12-06 00:00:00+00:00, run_after=2024-12-07 00:00:00+00:00
[2024-12-07T04:14:26.471-0300] {processor.py:208} INFO - Processing /home/crisu/miniconda3/envs/lab13.1/lib/python3.9/site-packages/airflow/example_dags/example_nested_branch_dag.py took 0.150 seconds
[2024-12-07T04:15:43.526-0300] {processor.py:186} INFO - Started process (PID=50043) to work on /home/crisu/miniconda3/envs/lab13.1/lib/python3.9/site-packages/airflow/example_dags/example_nested_branch_dag.py
[2024-12-07T04:15:43.541-0300] {processor.py:914} INFO - Processing file /home/crisu/miniconda3/envs/lab13.1/lib/python3.9/site-packages/airflow/example_dags/example_nested_branch_dag.py for tasks to queue
[2024-12-07T04:15:43.542-0300] {logging_mixin.py:190} INFO - [2024-12-07T04:15:43.542-0300] {dagbag.py:588} INFO - Filling up the DagBag from /home/crisu/miniconda3/envs/lab13.1/lib/python3.9/site-packages/airflow/example_dags/example_nested_branch_dag.py
[2024-12-07T04:15:43.552-0300] {processor.py:925} INFO - DAG(s) 'example_nested_branch_dag' retrieved from /home/crisu/miniconda3/envs/lab13.1/lib/python3.9/site-packages/airflow/example_dags/example_nested_branch_dag.py
[2024-12-07T04:15:43.569-0300] {logging_mixin.py:190} INFO - [2024-12-07T04:15:43.569-0300] {dag.py:3239} INFO - Sync 1 DAGs
[2024-12-07T04:15:43.589-0300] {logging_mixin.py:190} INFO - [2024-12-07T04:15:43.589-0300] {dag.py:4180} INFO - Setting next_dagrun for example_nested_branch_dag to 2024-12-06 00:00:00+00:00, run_after=2024-12-07 00:00:00+00:00
[2024-12-07T04:15:43.653-0300] {processor.py:208} INFO - Processing /home/crisu/miniconda3/envs/lab13.1/lib/python3.9/site-packages/airflow/example_dags/example_nested_branch_dag.py took 0.132 seconds
