[2024-12-07T01:51:58.576-0300] {processor.py:186} INFO - Started process (PID=33961) to work on /home/crisu/miniconda3/envs/lab13.1/lib/python3.9/site-packages/airflow/example_dags/example_xcom.py
[2024-12-07T01:51:58.577-0300] {processor.py:914} INFO - Processing file /home/crisu/miniconda3/envs/lab13.1/lib/python3.9/site-packages/airflow/example_dags/example_xcom.py for tasks to queue
[2024-12-07T01:51:58.579-0300] {logging_mixin.py:190} INFO - [2024-12-07T01:51:58.579-0300] {dagbag.py:588} INFO - Filling up the DagBag from /home/crisu/miniconda3/envs/lab13.1/lib/python3.9/site-packages/airflow/example_dags/example_xcom.py
[2024-12-07T01:51:58.587-0300] {processor.py:925} INFO - DAG(s) 'example_xcom' retrieved from /home/crisu/miniconda3/envs/lab13.1/lib/python3.9/site-packages/airflow/example_dags/example_xcom.py
[2024-12-07T01:52:00.230-0300] {logging_mixin.py:190} INFO - [2024-12-07T01:52:00.229-0300] {override.py:1911} INFO - Created Permission View: can delete on DAG:example_xcom
[2024-12-07T01:52:01.272-0300] {logging_mixin.py:190} INFO - [2024-12-07T01:52:01.272-0300] {override.py:1911} INFO - Created Permission View: can edit on DAG:example_xcom
[2024-12-07T01:52:02.342-0300] {logging_mixin.py:190} INFO - [2024-12-07T01:52:02.341-0300] {override.py:1911} INFO - Created Permission View: can read on DAG:example_xcom
[2024-12-07T01:52:04.991-0300] {logging_mixin.py:190} INFO - [2024-12-07T01:52:04.990-0300] {override.py:1911} INFO - Created Permission View: menu access on DAG Run:example_xcom
[2024-12-07T01:52:06.326-0300] {logging_mixin.py:190} INFO - [2024-12-07T01:52:06.326-0300] {override.py:1911} INFO - Created Permission View: can delete on DAG Run:example_xcom
[2024-12-07T01:52:08.220-0300] {logging_mixin.py:190} INFO - [2024-12-07T01:52:08.220-0300] {override.py:1911} INFO - Created Permission View: can read on DAG Run:example_xcom
[2024-12-07T01:52:09.726-0300] {logging_mixin.py:190} INFO - [2024-12-07T01:52:09.726-0300] {override.py:1911} INFO - Created Permission View: can create on DAG Run:example_xcom
[2024-12-07T01:52:09.727-0300] {logging_mixin.py:190} INFO - [2024-12-07T01:52:09.727-0300] {dag.py:3239} INFO - Sync 1 DAGs
[2024-12-07T01:52:09.739-0300] {logging_mixin.py:190} INFO - [2024-12-07T01:52:09.739-0300] {dag.py:3262} INFO - Creating ORM DAG for example_xcom
[2024-12-07T01:52:09.746-0300] {logging_mixin.py:190} INFO - [2024-12-07T01:52:09.746-0300] {dag.py:4180} INFO - Setting next_dagrun for example_xcom to 2021-01-01 00:00:00+00:00, run_after=2021-01-01 00:00:00+00:00
[2024-12-07T01:52:10.988-0300] {processor.py:208} INFO - Processing /home/crisu/miniconda3/envs/lab13.1/lib/python3.9/site-packages/airflow/example_dags/example_xcom.py took 12.417 seconds
[2024-12-07T02:07:41.637-0300] {processor.py:186} INFO - Started process (PID=35339) to work on /home/crisu/miniconda3/envs/lab13.1/lib/python3.9/site-packages/airflow/example_dags/example_xcom.py
[2024-12-07T02:07:41.638-0300] {processor.py:914} INFO - Processing file /home/crisu/miniconda3/envs/lab13.1/lib/python3.9/site-packages/airflow/example_dags/example_xcom.py for tasks to queue
[2024-12-07T02:07:41.640-0300] {logging_mixin.py:190} INFO - [2024-12-07T02:07:41.640-0300] {dagbag.py:588} INFO - Filling up the DagBag from /home/crisu/miniconda3/envs/lab13.1/lib/python3.9/site-packages/airflow/example_dags/example_xcom.py
[2024-12-07T02:07:41.648-0300] {processor.py:925} INFO - DAG(s) 'example_xcom' retrieved from /home/crisu/miniconda3/envs/lab13.1/lib/python3.9/site-packages/airflow/example_dags/example_xcom.py
[2024-12-07T02:07:41.665-0300] {logging_mixin.py:190} INFO - [2024-12-07T02:07:41.665-0300] {dag.py:3239} INFO - Sync 1 DAGs
[2024-12-07T02:07:41.683-0300] {logging_mixin.py:190} INFO - [2024-12-07T02:07:41.683-0300] {dag.py:4180} INFO - Setting next_dagrun for example_xcom to 2021-01-01 00:00:00+00:00, run_after=2021-01-01 00:00:00+00:00
[2024-12-07T02:07:41.740-0300] {processor.py:208} INFO - Processing /home/crisu/miniconda3/envs/lab13.1/lib/python3.9/site-packages/airflow/example_dags/example_xcom.py took 0.108 seconds
[2024-12-07T02:11:06.645-0300] {processor.py:186} INFO - Started process (PID=35884) to work on /home/crisu/miniconda3/envs/lab13.1/lib/python3.9/site-packages/airflow/example_dags/example_xcom.py
[2024-12-07T02:11:06.647-0300] {processor.py:914} INFO - Processing file /home/crisu/miniconda3/envs/lab13.1/lib/python3.9/site-packages/airflow/example_dags/example_xcom.py for tasks to queue
[2024-12-07T02:11:06.650-0300] {logging_mixin.py:190} INFO - [2024-12-07T02:11:06.649-0300] {dagbag.py:588} INFO - Filling up the DagBag from /home/crisu/miniconda3/envs/lab13.1/lib/python3.9/site-packages/airflow/example_dags/example_xcom.py
[2024-12-07T02:11:06.661-0300] {processor.py:925} INFO - DAG(s) 'example_xcom' retrieved from /home/crisu/miniconda3/envs/lab13.1/lib/python3.9/site-packages/airflow/example_dags/example_xcom.py
[2024-12-07T02:11:06.675-0300] {logging_mixin.py:190} INFO - [2024-12-07T02:11:06.675-0300] {dag.py:3239} INFO - Sync 1 DAGs
[2024-12-07T02:11:06.693-0300] {logging_mixin.py:190} INFO - [2024-12-07T02:11:06.693-0300] {dag.py:4180} INFO - Setting next_dagrun for example_xcom to 2021-01-01 00:00:00+00:00, run_after=2021-01-01 00:00:00+00:00
[2024-12-07T02:11:06.880-0300] {processor.py:208} INFO - Processing /home/crisu/miniconda3/envs/lab13.1/lib/python3.9/site-packages/airflow/example_dags/example_xcom.py took 0.244 seconds
[2024-12-07T02:12:39.924-0300] {processor.py:186} INFO - Started process (PID=36007) to work on /home/crisu/miniconda3/envs/lab13.1/lib/python3.9/site-packages/airflow/example_dags/example_xcom.py
[2024-12-07T02:12:39.931-0300] {processor.py:914} INFO - Processing file /home/crisu/miniconda3/envs/lab13.1/lib/python3.9/site-packages/airflow/example_dags/example_xcom.py for tasks to queue
[2024-12-07T02:12:39.933-0300] {logging_mixin.py:190} INFO - [2024-12-07T02:12:39.933-0300] {dagbag.py:588} INFO - Filling up the DagBag from /home/crisu/miniconda3/envs/lab13.1/lib/python3.9/site-packages/airflow/example_dags/example_xcom.py
[2024-12-07T02:12:39.942-0300] {processor.py:925} INFO - DAG(s) 'example_xcom' retrieved from /home/crisu/miniconda3/envs/lab13.1/lib/python3.9/site-packages/airflow/example_dags/example_xcom.py
[2024-12-07T02:12:39.958-0300] {logging_mixin.py:190} INFO - [2024-12-07T02:12:39.958-0300] {dag.py:3239} INFO - Sync 1 DAGs
[2024-12-07T02:12:39.976-0300] {logging_mixin.py:190} INFO - [2024-12-07T02:12:39.976-0300] {dag.py:4180} INFO - Setting next_dagrun for example_xcom to 2021-01-01 00:00:00+00:00, run_after=2021-01-01 00:00:00+00:00
[2024-12-07T02:12:40.035-0300] {processor.py:208} INFO - Processing /home/crisu/miniconda3/envs/lab13.1/lib/python3.9/site-packages/airflow/example_dags/example_xcom.py took 0.119 seconds
[2024-12-07T02:15:19.012-0300] {processor.py:186} INFO - Started process (PID=36346) to work on /home/crisu/miniconda3/envs/lab13.1/lib/python3.9/site-packages/airflow/example_dags/example_xcom.py
[2024-12-07T02:15:19.065-0300] {processor.py:914} INFO - Processing file /home/crisu/miniconda3/envs/lab13.1/lib/python3.9/site-packages/airflow/example_dags/example_xcom.py for tasks to queue
[2024-12-07T02:15:19.067-0300] {logging_mixin.py:190} INFO - [2024-12-07T02:15:19.067-0300] {dagbag.py:588} INFO - Filling up the DagBag from /home/crisu/miniconda3/envs/lab13.1/lib/python3.9/site-packages/airflow/example_dags/example_xcom.py
[2024-12-07T02:15:19.077-0300] {processor.py:925} INFO - DAG(s) 'example_xcom' retrieved from /home/crisu/miniconda3/envs/lab13.1/lib/python3.9/site-packages/airflow/example_dags/example_xcom.py
[2024-12-07T02:15:19.094-0300] {logging_mixin.py:190} INFO - [2024-12-07T02:15:19.094-0300] {dag.py:3239} INFO - Sync 1 DAGs
[2024-12-07T02:15:19.112-0300] {logging_mixin.py:190} INFO - [2024-12-07T02:15:19.112-0300] {dag.py:4180} INFO - Setting next_dagrun for example_xcom to 2021-01-01 00:00:00+00:00, run_after=2021-01-01 00:00:00+00:00
[2024-12-07T02:15:20.056-0300] {processor.py:208} INFO - Processing /home/crisu/miniconda3/envs/lab13.1/lib/python3.9/site-packages/airflow/example_dags/example_xcom.py took 1.051 seconds
[2024-12-07T02:16:15.498-0300] {processor.py:186} INFO - Started process (PID=36460) to work on /home/crisu/miniconda3/envs/lab13.1/lib/python3.9/site-packages/airflow/example_dags/example_xcom.py
[2024-12-07T02:16:15.512-0300] {processor.py:914} INFO - Processing file /home/crisu/miniconda3/envs/lab13.1/lib/python3.9/site-packages/airflow/example_dags/example_xcom.py for tasks to queue
[2024-12-07T02:16:15.514-0300] {logging_mixin.py:190} INFO - [2024-12-07T02:16:15.514-0300] {dagbag.py:588} INFO - Filling up the DagBag from /home/crisu/miniconda3/envs/lab13.1/lib/python3.9/site-packages/airflow/example_dags/example_xcom.py
[2024-12-07T02:16:15.522-0300] {processor.py:925} INFO - DAG(s) 'example_xcom' retrieved from /home/crisu/miniconda3/envs/lab13.1/lib/python3.9/site-packages/airflow/example_dags/example_xcom.py
[2024-12-07T02:16:15.537-0300] {logging_mixin.py:190} INFO - [2024-12-07T02:16:15.537-0300] {dag.py:3239} INFO - Sync 1 DAGs
[2024-12-07T02:16:15.553-0300] {logging_mixin.py:190} INFO - [2024-12-07T02:16:15.552-0300] {dag.py:4180} INFO - Setting next_dagrun for example_xcom to 2021-01-01 00:00:00+00:00, run_after=2021-01-01 00:00:00+00:00
[2024-12-07T02:16:15.609-0300] {processor.py:208} INFO - Processing /home/crisu/miniconda3/envs/lab13.1/lib/python3.9/site-packages/airflow/example_dags/example_xcom.py took 0.118 seconds
[2024-12-07T02:17:46.057-0300] {processor.py:186} INFO - Started process (PID=36605) to work on /home/crisu/miniconda3/envs/lab13.1/lib/python3.9/site-packages/airflow/example_dags/example_xcom.py
[2024-12-07T02:17:46.059-0300] {processor.py:914} INFO - Processing file /home/crisu/miniconda3/envs/lab13.1/lib/python3.9/site-packages/airflow/example_dags/example_xcom.py for tasks to queue
[2024-12-07T02:17:46.061-0300] {logging_mixin.py:190} INFO - [2024-12-07T02:17:46.060-0300] {dagbag.py:588} INFO - Filling up the DagBag from /home/crisu/miniconda3/envs/lab13.1/lib/python3.9/site-packages/airflow/example_dags/example_xcom.py
[2024-12-07T02:17:46.069-0300] {processor.py:925} INFO - DAG(s) 'example_xcom' retrieved from /home/crisu/miniconda3/envs/lab13.1/lib/python3.9/site-packages/airflow/example_dags/example_xcom.py
[2024-12-07T02:17:46.084-0300] {logging_mixin.py:190} INFO - [2024-12-07T02:17:46.084-0300] {dag.py:3239} INFO - Sync 1 DAGs
[2024-12-07T02:17:46.110-0300] {logging_mixin.py:190} INFO - [2024-12-07T02:17:46.109-0300] {dag.py:4180} INFO - Setting next_dagrun for example_xcom to 2021-01-01 00:00:00+00:00, run_after=2021-01-01 00:00:00+00:00
[2024-12-07T02:17:46.189-0300] {processor.py:208} INFO - Processing /home/crisu/miniconda3/envs/lab13.1/lib/python3.9/site-packages/airflow/example_dags/example_xcom.py took 0.140 seconds
[2024-12-07T02:31:03.008-0300] {processor.py:186} INFO - Started process (PID=37972) to work on /home/crisu/miniconda3/envs/lab13.1/lib/python3.9/site-packages/airflow/example_dags/example_xcom.py
[2024-12-07T02:31:03.022-0300] {processor.py:914} INFO - Processing file /home/crisu/miniconda3/envs/lab13.1/lib/python3.9/site-packages/airflow/example_dags/example_xcom.py for tasks to queue
[2024-12-07T02:31:03.024-0300] {logging_mixin.py:190} INFO - [2024-12-07T02:31:03.024-0300] {dagbag.py:588} INFO - Filling up the DagBag from /home/crisu/miniconda3/envs/lab13.1/lib/python3.9/site-packages/airflow/example_dags/example_xcom.py
[2024-12-07T02:31:03.033-0300] {processor.py:925} INFO - DAG(s) 'example_xcom' retrieved from /home/crisu/miniconda3/envs/lab13.1/lib/python3.9/site-packages/airflow/example_dags/example_xcom.py
[2024-12-07T02:31:03.049-0300] {logging_mixin.py:190} INFO - [2024-12-07T02:31:03.049-0300] {dag.py:3239} INFO - Sync 1 DAGs
[2024-12-07T02:31:03.066-0300] {logging_mixin.py:190} INFO - [2024-12-07T02:31:03.066-0300] {dag.py:4180} INFO - Setting next_dagrun for example_xcom to 2021-01-01 00:00:00+00:00, run_after=2021-01-01 00:00:00+00:00
[2024-12-07T02:31:03.124-0300] {processor.py:208} INFO - Processing /home/crisu/miniconda3/envs/lab13.1/lib/python3.9/site-packages/airflow/example_dags/example_xcom.py took 0.121 seconds
[2024-12-07T02:33:34.273-0300] {processor.py:186} INFO - Started process (PID=38175) to work on /home/crisu/miniconda3/envs/lab13.1/lib/python3.9/site-packages/airflow/example_dags/example_xcom.py
[2024-12-07T02:33:34.288-0300] {processor.py:914} INFO - Processing file /home/crisu/miniconda3/envs/lab13.1/lib/python3.9/site-packages/airflow/example_dags/example_xcom.py for tasks to queue
[2024-12-07T02:33:34.290-0300] {logging_mixin.py:190} INFO - [2024-12-07T02:33:34.290-0300] {dagbag.py:588} INFO - Filling up the DagBag from /home/crisu/miniconda3/envs/lab13.1/lib/python3.9/site-packages/airflow/example_dags/example_xcom.py
[2024-12-07T02:33:34.300-0300] {processor.py:925} INFO - DAG(s) 'example_xcom' retrieved from /home/crisu/miniconda3/envs/lab13.1/lib/python3.9/site-packages/airflow/example_dags/example_xcom.py
[2024-12-07T02:33:34.314-0300] {logging_mixin.py:190} INFO - [2024-12-07T02:33:34.314-0300] {dag.py:3239} INFO - Sync 1 DAGs
[2024-12-07T02:33:34.331-0300] {logging_mixin.py:190} INFO - [2024-12-07T02:33:34.331-0300] {dag.py:4180} INFO - Setting next_dagrun for example_xcom to 2021-01-01 00:00:00+00:00, run_after=2021-01-01 00:00:00+00:00
[2024-12-07T02:33:34.394-0300] {processor.py:208} INFO - Processing /home/crisu/miniconda3/envs/lab13.1/lib/python3.9/site-packages/airflow/example_dags/example_xcom.py took 0.127 seconds
[2024-12-07T02:35:35.796-0300] {processor.py:186} INFO - Started process (PID=38388) to work on /home/crisu/miniconda3/envs/lab13.1/lib/python3.9/site-packages/airflow/example_dags/example_xcom.py
[2024-12-07T02:35:35.797-0300] {processor.py:914} INFO - Processing file /home/crisu/miniconda3/envs/lab13.1/lib/python3.9/site-packages/airflow/example_dags/example_xcom.py for tasks to queue
[2024-12-07T02:35:35.799-0300] {logging_mixin.py:190} INFO - [2024-12-07T02:35:35.798-0300] {dagbag.py:588} INFO - Filling up the DagBag from /home/crisu/miniconda3/envs/lab13.1/lib/python3.9/site-packages/airflow/example_dags/example_xcom.py
[2024-12-07T02:35:35.807-0300] {processor.py:925} INFO - DAG(s) 'example_xcom' retrieved from /home/crisu/miniconda3/envs/lab13.1/lib/python3.9/site-packages/airflow/example_dags/example_xcom.py
[2024-12-07T02:35:35.821-0300] {logging_mixin.py:190} INFO - [2024-12-07T02:35:35.821-0300] {dag.py:3239} INFO - Sync 1 DAGs
[2024-12-07T02:35:35.839-0300] {logging_mixin.py:190} INFO - [2024-12-07T02:35:35.839-0300] {dag.py:4180} INFO - Setting next_dagrun for example_xcom to 2021-01-01 00:00:00+00:00, run_after=2021-01-01 00:00:00+00:00
[2024-12-07T02:35:36.426-0300] {processor.py:208} INFO - Processing /home/crisu/miniconda3/envs/lab13.1/lib/python3.9/site-packages/airflow/example_dags/example_xcom.py took 0.635 seconds
[2024-12-07T02:37:05.536-0300] {processor.py:186} INFO - Started process (PID=38614) to work on /home/crisu/miniconda3/envs/lab13.1/lib/python3.9/site-packages/airflow/example_dags/example_xcom.py
[2024-12-07T02:37:05.548-0300] {processor.py:914} INFO - Processing file /home/crisu/miniconda3/envs/lab13.1/lib/python3.9/site-packages/airflow/example_dags/example_xcom.py for tasks to queue
[2024-12-07T02:37:05.550-0300] {logging_mixin.py:190} INFO - [2024-12-07T02:37:05.550-0300] {dagbag.py:588} INFO - Filling up the DagBag from /home/crisu/miniconda3/envs/lab13.1/lib/python3.9/site-packages/airflow/example_dags/example_xcom.py
[2024-12-07T02:37:05.559-0300] {processor.py:925} INFO - DAG(s) 'example_xcom' retrieved from /home/crisu/miniconda3/envs/lab13.1/lib/python3.9/site-packages/airflow/example_dags/example_xcom.py
[2024-12-07T02:37:05.573-0300] {logging_mixin.py:190} INFO - [2024-12-07T02:37:05.573-0300] {dag.py:3239} INFO - Sync 1 DAGs
[2024-12-07T02:37:05.589-0300] {logging_mixin.py:190} INFO - [2024-12-07T02:37:05.589-0300] {dag.py:4180} INFO - Setting next_dagrun for example_xcom to 2021-01-01 00:00:00+00:00, run_after=2021-01-01 00:00:00+00:00
[2024-12-07T02:37:05.742-0300] {processor.py:208} INFO - Processing /home/crisu/miniconda3/envs/lab13.1/lib/python3.9/site-packages/airflow/example_dags/example_xcom.py took 0.211 seconds
[2024-12-07T02:38:47.976-0300] {processor.py:186} INFO - Started process (PID=38772) to work on /home/crisu/miniconda3/envs/lab13.1/lib/python3.9/site-packages/airflow/example_dags/example_xcom.py
[2024-12-07T02:38:47.978-0300] {processor.py:914} INFO - Processing file /home/crisu/miniconda3/envs/lab13.1/lib/python3.9/site-packages/airflow/example_dags/example_xcom.py for tasks to queue
[2024-12-07T02:38:47.980-0300] {logging_mixin.py:190} INFO - [2024-12-07T02:38:47.979-0300] {dagbag.py:588} INFO - Filling up the DagBag from /home/crisu/miniconda3/envs/lab13.1/lib/python3.9/site-packages/airflow/example_dags/example_xcom.py
[2024-12-07T02:38:47.988-0300] {processor.py:925} INFO - DAG(s) 'example_xcom' retrieved from /home/crisu/miniconda3/envs/lab13.1/lib/python3.9/site-packages/airflow/example_dags/example_xcom.py
[2024-12-07T02:38:48.002-0300] {logging_mixin.py:190} INFO - [2024-12-07T02:38:48.002-0300] {dag.py:3239} INFO - Sync 1 DAGs
[2024-12-07T02:38:48.018-0300] {logging_mixin.py:190} INFO - [2024-12-07T02:38:48.018-0300] {dag.py:4180} INFO - Setting next_dagrun for example_xcom to 2021-01-01 00:00:00+00:00, run_after=2021-01-01 00:00:00+00:00
[2024-12-07T02:38:48.903-0300] {processor.py:208} INFO - Processing /home/crisu/miniconda3/envs/lab13.1/lib/python3.9/site-packages/airflow/example_dags/example_xcom.py took 0.932 seconds
[2024-12-07T02:40:21.854-0300] {processor.py:186} INFO - Started process (PID=38879) to work on /home/crisu/miniconda3/envs/lab13.1/lib/python3.9/site-packages/airflow/example_dags/example_xcom.py
[2024-12-07T02:40:21.855-0300] {processor.py:914} INFO - Processing file /home/crisu/miniconda3/envs/lab13.1/lib/python3.9/site-packages/airflow/example_dags/example_xcom.py for tasks to queue
[2024-12-07T02:40:21.857-0300] {logging_mixin.py:190} INFO - [2024-12-07T02:40:21.857-0300] {dagbag.py:588} INFO - Filling up the DagBag from /home/crisu/miniconda3/envs/lab13.1/lib/python3.9/site-packages/airflow/example_dags/example_xcom.py
[2024-12-07T02:40:21.866-0300] {processor.py:925} INFO - DAG(s) 'example_xcom' retrieved from /home/crisu/miniconda3/envs/lab13.1/lib/python3.9/site-packages/airflow/example_dags/example_xcom.py
[2024-12-07T02:40:21.882-0300] {logging_mixin.py:190} INFO - [2024-12-07T02:40:21.882-0300] {dag.py:3239} INFO - Sync 1 DAGs
[2024-12-07T02:40:21.899-0300] {logging_mixin.py:190} INFO - [2024-12-07T02:40:21.899-0300] {dag.py:4180} INFO - Setting next_dagrun for example_xcom to 2021-01-01 00:00:00+00:00, run_after=2021-01-01 00:00:00+00:00
[2024-12-07T02:40:22.046-0300] {processor.py:208} INFO - Processing /home/crisu/miniconda3/envs/lab13.1/lib/python3.9/site-packages/airflow/example_dags/example_xcom.py took 0.199 seconds
[2024-12-07T02:41:14.300-0300] {processor.py:186} INFO - Started process (PID=38969) to work on /home/crisu/miniconda3/envs/lab13.1/lib/python3.9/site-packages/airflow/example_dags/example_xcom.py
[2024-12-07T02:41:14.301-0300] {processor.py:914} INFO - Processing file /home/crisu/miniconda3/envs/lab13.1/lib/python3.9/site-packages/airflow/example_dags/example_xcom.py for tasks to queue
[2024-12-07T02:41:14.304-0300] {logging_mixin.py:190} INFO - [2024-12-07T02:41:14.303-0300] {dagbag.py:588} INFO - Filling up the DagBag from /home/crisu/miniconda3/envs/lab13.1/lib/python3.9/site-packages/airflow/example_dags/example_xcom.py
[2024-12-07T02:41:14.313-0300] {processor.py:925} INFO - DAG(s) 'example_xcom' retrieved from /home/crisu/miniconda3/envs/lab13.1/lib/python3.9/site-packages/airflow/example_dags/example_xcom.py
[2024-12-07T02:41:14.329-0300] {logging_mixin.py:190} INFO - [2024-12-07T02:41:14.329-0300] {dag.py:3239} INFO - Sync 1 DAGs
[2024-12-07T02:41:14.348-0300] {logging_mixin.py:190} INFO - [2024-12-07T02:41:14.348-0300] {dag.py:4180} INFO - Setting next_dagrun for example_xcom to 2021-01-01 00:00:00+00:00, run_after=2021-01-01 00:00:00+00:00
[2024-12-07T02:41:14.409-0300] {processor.py:208} INFO - Processing /home/crisu/miniconda3/envs/lab13.1/lib/python3.9/site-packages/airflow/example_dags/example_xcom.py took 0.115 seconds
[2024-12-07T02:44:42.595-0300] {processor.py:186} INFO - Started process (PID=39695) to work on /home/crisu/miniconda3/envs/lab13.1/lib/python3.9/site-packages/airflow/example_dags/example_xcom.py
[2024-12-07T02:44:42.618-0300] {processor.py:914} INFO - Processing file /home/crisu/miniconda3/envs/lab13.1/lib/python3.9/site-packages/airflow/example_dags/example_xcom.py for tasks to queue
[2024-12-07T02:44:42.620-0300] {logging_mixin.py:190} INFO - [2024-12-07T02:44:42.620-0300] {dagbag.py:588} INFO - Filling up the DagBag from /home/crisu/miniconda3/envs/lab13.1/lib/python3.9/site-packages/airflow/example_dags/example_xcom.py
[2024-12-07T02:44:42.628-0300] {processor.py:925} INFO - DAG(s) 'example_xcom' retrieved from /home/crisu/miniconda3/envs/lab13.1/lib/python3.9/site-packages/airflow/example_dags/example_xcom.py
[2024-12-07T02:44:42.645-0300] {logging_mixin.py:190} INFO - [2024-12-07T02:44:42.645-0300] {dag.py:3239} INFO - Sync 1 DAGs
[2024-12-07T02:44:42.662-0300] {logging_mixin.py:190} INFO - [2024-12-07T02:44:42.662-0300] {dag.py:4180} INFO - Setting next_dagrun for example_xcom to 2021-01-01 00:00:00+00:00, run_after=2021-01-01 00:00:00+00:00
[2024-12-07T02:44:42.732-0300] {processor.py:208} INFO - Processing /home/crisu/miniconda3/envs/lab13.1/lib/python3.9/site-packages/airflow/example_dags/example_xcom.py took 0.142 seconds
[2024-12-07T02:46:22.571-0300] {processor.py:186} INFO - Started process (PID=39990) to work on /home/crisu/miniconda3/envs/lab13.1/lib/python3.9/site-packages/airflow/example_dags/example_xcom.py
[2024-12-07T02:46:22.573-0300] {processor.py:914} INFO - Processing file /home/crisu/miniconda3/envs/lab13.1/lib/python3.9/site-packages/airflow/example_dags/example_xcom.py for tasks to queue
[2024-12-07T02:46:22.574-0300] {logging_mixin.py:190} INFO - [2024-12-07T02:46:22.574-0300] {dagbag.py:588} INFO - Filling up the DagBag from /home/crisu/miniconda3/envs/lab13.1/lib/python3.9/site-packages/airflow/example_dags/example_xcom.py
[2024-12-07T02:46:22.583-0300] {processor.py:925} INFO - DAG(s) 'example_xcom' retrieved from /home/crisu/miniconda3/envs/lab13.1/lib/python3.9/site-packages/airflow/example_dags/example_xcom.py
[2024-12-07T02:46:22.600-0300] {logging_mixin.py:190} INFO - [2024-12-07T02:46:22.600-0300] {dag.py:3239} INFO - Sync 1 DAGs
[2024-12-07T02:46:22.617-0300] {logging_mixin.py:190} INFO - [2024-12-07T02:46:22.616-0300] {dag.py:4180} INFO - Setting next_dagrun for example_xcom to 2021-01-01 00:00:00+00:00, run_after=2021-01-01 00:00:00+00:00
[2024-12-07T02:46:22.676-0300] {processor.py:208} INFO - Processing /home/crisu/miniconda3/envs/lab13.1/lib/python3.9/site-packages/airflow/example_dags/example_xcom.py took 0.110 seconds
[2024-12-07T02:47:41.963-0300] {processor.py:186} INFO - Started process (PID=40209) to work on /home/crisu/miniconda3/envs/lab13.1/lib/python3.9/site-packages/airflow/example_dags/example_xcom.py
[2024-12-07T02:47:42.118-0300] {processor.py:914} INFO - Processing file /home/crisu/miniconda3/envs/lab13.1/lib/python3.9/site-packages/airflow/example_dags/example_xcom.py for tasks to queue
[2024-12-07T02:47:42.120-0300] {logging_mixin.py:190} INFO - [2024-12-07T02:47:42.120-0300] {dagbag.py:588} INFO - Filling up the DagBag from /home/crisu/miniconda3/envs/lab13.1/lib/python3.9/site-packages/airflow/example_dags/example_xcom.py
[2024-12-07T02:47:42.128-0300] {processor.py:925} INFO - DAG(s) 'example_xcom' retrieved from /home/crisu/miniconda3/envs/lab13.1/lib/python3.9/site-packages/airflow/example_dags/example_xcom.py
[2024-12-07T02:47:42.146-0300] {logging_mixin.py:190} INFO - [2024-12-07T02:47:42.146-0300] {dag.py:3239} INFO - Sync 1 DAGs
[2024-12-07T02:47:42.162-0300] {logging_mixin.py:190} INFO - [2024-12-07T02:47:42.162-0300] {dag.py:4180} INFO - Setting next_dagrun for example_xcom to 2021-01-01 00:00:00+00:00, run_after=2021-01-01 00:00:00+00:00
[2024-12-07T02:47:42.937-0300] {processor.py:208} INFO - Processing /home/crisu/miniconda3/envs/lab13.1/lib/python3.9/site-packages/airflow/example_dags/example_xcom.py took 0.980 seconds
[2024-12-07T02:49:08.191-0300] {processor.py:186} INFO - Started process (PID=40520) to work on /home/crisu/miniconda3/envs/lab13.1/lib/python3.9/site-packages/airflow/example_dags/example_xcom.py
[2024-12-07T02:49:08.240-0300] {processor.py:914} INFO - Processing file /home/crisu/miniconda3/envs/lab13.1/lib/python3.9/site-packages/airflow/example_dags/example_xcom.py for tasks to queue
[2024-12-07T02:49:08.243-0300] {logging_mixin.py:190} INFO - [2024-12-07T02:49:08.243-0300] {dagbag.py:588} INFO - Filling up the DagBag from /home/crisu/miniconda3/envs/lab13.1/lib/python3.9/site-packages/airflow/example_dags/example_xcom.py
[2024-12-07T02:49:08.251-0300] {processor.py:925} INFO - DAG(s) 'example_xcom' retrieved from /home/crisu/miniconda3/envs/lab13.1/lib/python3.9/site-packages/airflow/example_dags/example_xcom.py
[2024-12-07T02:49:08.270-0300] {logging_mixin.py:190} INFO - [2024-12-07T02:49:08.270-0300] {dag.py:3239} INFO - Sync 1 DAGs
[2024-12-07T02:49:08.287-0300] {logging_mixin.py:190} INFO - [2024-12-07T02:49:08.287-0300] {dag.py:4180} INFO - Setting next_dagrun for example_xcom to 2021-01-01 00:00:00+00:00, run_after=2021-01-01 00:00:00+00:00
[2024-12-07T02:49:09.439-0300] {processor.py:208} INFO - Processing /home/crisu/miniconda3/envs/lab13.1/lib/python3.9/site-packages/airflow/example_dags/example_xcom.py took 1.253 seconds
[2024-12-07T02:50:03.066-0300] {processor.py:186} INFO - Started process (PID=40763) to work on /home/crisu/miniconda3/envs/lab13.1/lib/python3.9/site-packages/airflow/example_dags/example_xcom.py
[2024-12-07T02:50:03.083-0300] {processor.py:914} INFO - Processing file /home/crisu/miniconda3/envs/lab13.1/lib/python3.9/site-packages/airflow/example_dags/example_xcom.py for tasks to queue
[2024-12-07T02:50:03.087-0300] {logging_mixin.py:190} INFO - [2024-12-07T02:50:03.085-0300] {dagbag.py:588} INFO - Filling up the DagBag from /home/crisu/miniconda3/envs/lab13.1/lib/python3.9/site-packages/airflow/example_dags/example_xcom.py
[2024-12-07T02:50:03.102-0300] {processor.py:925} INFO - DAG(s) 'example_xcom' retrieved from /home/crisu/miniconda3/envs/lab13.1/lib/python3.9/site-packages/airflow/example_dags/example_xcom.py
[2024-12-07T02:50:03.132-0300] {logging_mixin.py:190} INFO - [2024-12-07T02:50:03.132-0300] {dag.py:3239} INFO - Sync 1 DAGs
[2024-12-07T02:50:03.165-0300] {logging_mixin.py:190} INFO - [2024-12-07T02:50:03.164-0300] {dag.py:4180} INFO - Setting next_dagrun for example_xcom to 2021-01-01 00:00:00+00:00, run_after=2021-01-01 00:00:00+00:00
[2024-12-07T02:50:03.235-0300] {processor.py:208} INFO - Processing /home/crisu/miniconda3/envs/lab13.1/lib/python3.9/site-packages/airflow/example_dags/example_xcom.py took 0.179 seconds
[2024-12-07T02:51:18.898-0300] {processor.py:186} INFO - Started process (PID=40964) to work on /home/crisu/miniconda3/envs/lab13.1/lib/python3.9/site-packages/airflow/example_dags/example_xcom.py
[2024-12-07T02:51:19.049-0300] {processor.py:914} INFO - Processing file /home/crisu/miniconda3/envs/lab13.1/lib/python3.9/site-packages/airflow/example_dags/example_xcom.py for tasks to queue
[2024-12-07T02:51:19.051-0300] {logging_mixin.py:190} INFO - [2024-12-07T02:51:19.051-0300] {dagbag.py:588} INFO - Filling up the DagBag from /home/crisu/miniconda3/envs/lab13.1/lib/python3.9/site-packages/airflow/example_dags/example_xcom.py
[2024-12-07T02:51:19.064-0300] {processor.py:925} INFO - DAG(s) 'example_xcom' retrieved from /home/crisu/miniconda3/envs/lab13.1/lib/python3.9/site-packages/airflow/example_dags/example_xcom.py
[2024-12-07T02:51:19.081-0300] {logging_mixin.py:190} INFO - [2024-12-07T02:51:19.081-0300] {dag.py:3239} INFO - Sync 1 DAGs
[2024-12-07T02:51:19.102-0300] {logging_mixin.py:190} INFO - [2024-12-07T02:51:19.101-0300] {dag.py:4180} INFO - Setting next_dagrun for example_xcom to 2021-01-01 00:00:00+00:00, run_after=2021-01-01 00:00:00+00:00
[2024-12-07T02:51:20.851-0300] {processor.py:208} INFO - Processing /home/crisu/miniconda3/envs/lab13.1/lib/python3.9/site-packages/airflow/example_dags/example_xcom.py took 1.961 seconds
[2024-12-07T03:19:38.157-0300] {processor.py:186} INFO - Started process (PID=42634) to work on /home/crisu/miniconda3/envs/lab13.1/lib/python3.9/site-packages/airflow/example_dags/example_xcom.py
[2024-12-07T03:19:38.221-0300] {processor.py:914} INFO - Processing file /home/crisu/miniconda3/envs/lab13.1/lib/python3.9/site-packages/airflow/example_dags/example_xcom.py for tasks to queue
[2024-12-07T03:19:38.222-0300] {logging_mixin.py:190} INFO - [2024-12-07T03:19:38.222-0300] {dagbag.py:588} INFO - Filling up the DagBag from /home/crisu/miniconda3/envs/lab13.1/lib/python3.9/site-packages/airflow/example_dags/example_xcom.py
[2024-12-07T03:19:38.229-0300] {processor.py:925} INFO - DAG(s) 'example_xcom' retrieved from /home/crisu/miniconda3/envs/lab13.1/lib/python3.9/site-packages/airflow/example_dags/example_xcom.py
[2024-12-07T03:19:45.619-0300] {logging_mixin.py:190} INFO - [2024-12-07T03:19:45.619-0300] {dag.py:3239} INFO - Sync 1 DAGs
[2024-12-07T03:19:45.634-0300] {logging_mixin.py:190} INFO - [2024-12-07T03:19:45.634-0300] {dag.py:4180} INFO - Setting next_dagrun for example_xcom to 2021-01-01 00:00:00+00:00, run_after=2021-01-01 00:00:00+00:00
[2024-12-07T03:19:46.813-0300] {processor.py:208} INFO - Processing /home/crisu/miniconda3/envs/lab13.1/lib/python3.9/site-packages/airflow/example_dags/example_xcom.py took 8.661 seconds
[2024-12-07T03:23:08.583-0300] {processor.py:186} INFO - Started process (PID=42836) to work on /home/crisu/miniconda3/envs/lab13.1/lib/python3.9/site-packages/airflow/example_dags/example_xcom.py
[2024-12-07T03:23:08.638-0300] {processor.py:914} INFO - Processing file /home/crisu/miniconda3/envs/lab13.1/lib/python3.9/site-packages/airflow/example_dags/example_xcom.py for tasks to queue
[2024-12-07T03:23:08.640-0300] {logging_mixin.py:190} INFO - [2024-12-07T03:23:08.639-0300] {dagbag.py:588} INFO - Filling up the DagBag from /home/crisu/miniconda3/envs/lab13.1/lib/python3.9/site-packages/airflow/example_dags/example_xcom.py
[2024-12-07T03:23:08.648-0300] {processor.py:925} INFO - DAG(s) 'example_xcom' retrieved from /home/crisu/miniconda3/envs/lab13.1/lib/python3.9/site-packages/airflow/example_dags/example_xcom.py
[2024-12-07T03:23:08.666-0300] {logging_mixin.py:190} INFO - [2024-12-07T03:23:08.666-0300] {dag.py:3239} INFO - Sync 1 DAGs
[2024-12-07T03:23:08.690-0300] {logging_mixin.py:190} INFO - [2024-12-07T03:23:08.689-0300] {dag.py:4180} INFO - Setting next_dagrun for example_xcom to 2021-01-01 00:00:00+00:00, run_after=2021-01-01 00:00:00+00:00
[2024-12-07T03:23:09.210-0300] {processor.py:208} INFO - Processing /home/crisu/miniconda3/envs/lab13.1/lib/python3.9/site-packages/airflow/example_dags/example_xcom.py took 0.632 seconds
[2024-12-07T03:26:47.605-0300] {processor.py:186} INFO - Started process (PID=43431) to work on /home/crisu/miniconda3/envs/lab13.1/lib/python3.9/site-packages/airflow/example_dags/example_xcom.py
[2024-12-07T03:26:47.649-0300] {processor.py:914} INFO - Processing file /home/crisu/miniconda3/envs/lab13.1/lib/python3.9/site-packages/airflow/example_dags/example_xcom.py for tasks to queue
[2024-12-07T03:26:47.651-0300] {logging_mixin.py:190} INFO - [2024-12-07T03:26:47.651-0300] {dagbag.py:588} INFO - Filling up the DagBag from /home/crisu/miniconda3/envs/lab13.1/lib/python3.9/site-packages/airflow/example_dags/example_xcom.py
[2024-12-07T03:26:47.660-0300] {processor.py:925} INFO - DAG(s) 'example_xcom' retrieved from /home/crisu/miniconda3/envs/lab13.1/lib/python3.9/site-packages/airflow/example_dags/example_xcom.py
[2024-12-07T03:26:47.675-0300] {logging_mixin.py:190} INFO - [2024-12-07T03:26:47.675-0300] {dag.py:3239} INFO - Sync 1 DAGs
[2024-12-07T03:26:47.694-0300] {logging_mixin.py:190} INFO - [2024-12-07T03:26:47.693-0300] {dag.py:4180} INFO - Setting next_dagrun for example_xcom to 2021-01-01 00:00:00+00:00, run_after=2021-01-01 00:00:00+00:00
[2024-12-07T03:26:48.552-0300] {processor.py:208} INFO - Processing /home/crisu/miniconda3/envs/lab13.1/lib/python3.9/site-packages/airflow/example_dags/example_xcom.py took 0.952 seconds
[2024-12-07T03:29:25.375-0300] {processor.py:186} INFO - Started process (PID=43820) to work on /home/crisu/miniconda3/envs/lab13.1/lib/python3.9/site-packages/airflow/example_dags/example_xcom.py
[2024-12-07T03:29:25.382-0300] {processor.py:914} INFO - Processing file /home/crisu/miniconda3/envs/lab13.1/lib/python3.9/site-packages/airflow/example_dags/example_xcom.py for tasks to queue
[2024-12-07T03:29:25.384-0300] {logging_mixin.py:190} INFO - [2024-12-07T03:29:25.383-0300] {dagbag.py:588} INFO - Filling up the DagBag from /home/crisu/miniconda3/envs/lab13.1/lib/python3.9/site-packages/airflow/example_dags/example_xcom.py
[2024-12-07T03:29:25.393-0300] {processor.py:925} INFO - DAG(s) 'example_xcom' retrieved from /home/crisu/miniconda3/envs/lab13.1/lib/python3.9/site-packages/airflow/example_dags/example_xcom.py
[2024-12-07T03:29:25.407-0300] {logging_mixin.py:190} INFO - [2024-12-07T03:29:25.407-0300] {dag.py:3239} INFO - Sync 1 DAGs
[2024-12-07T03:29:25.425-0300] {logging_mixin.py:190} INFO - [2024-12-07T03:29:25.425-0300] {dag.py:4180} INFO - Setting next_dagrun for example_xcom to 2021-01-01 00:00:00+00:00, run_after=2021-01-01 00:00:00+00:00
[2024-12-07T03:29:25.489-0300] {processor.py:208} INFO - Processing /home/crisu/miniconda3/envs/lab13.1/lib/python3.9/site-packages/airflow/example_dags/example_xcom.py took 0.119 seconds
[2024-12-07T03:34:02.808-0300] {processor.py:186} INFO - Started process (PID=44559) to work on /home/crisu/miniconda3/envs/lab13.1/lib/python3.9/site-packages/airflow/example_dags/example_xcom.py
[2024-12-07T03:34:02.810-0300] {processor.py:914} INFO - Processing file /home/crisu/miniconda3/envs/lab13.1/lib/python3.9/site-packages/airflow/example_dags/example_xcom.py for tasks to queue
[2024-12-07T03:34:02.811-0300] {logging_mixin.py:190} INFO - [2024-12-07T03:34:02.811-0300] {dagbag.py:588} INFO - Filling up the DagBag from /home/crisu/miniconda3/envs/lab13.1/lib/python3.9/site-packages/airflow/example_dags/example_xcom.py
[2024-12-07T03:34:02.818-0300] {processor.py:925} INFO - DAG(s) 'example_xcom' retrieved from /home/crisu/miniconda3/envs/lab13.1/lib/python3.9/site-packages/airflow/example_dags/example_xcom.py
[2024-12-07T03:34:02.834-0300] {logging_mixin.py:190} INFO - [2024-12-07T03:34:02.834-0300] {dag.py:3239} INFO - Sync 1 DAGs
[2024-12-07T03:34:02.850-0300] {logging_mixin.py:190} INFO - [2024-12-07T03:34:02.849-0300] {dag.py:4180} INFO - Setting next_dagrun for example_xcom to 2021-01-01 00:00:00+00:00, run_after=2021-01-01 00:00:00+00:00
[2024-12-07T03:34:02.909-0300] {processor.py:208} INFO - Processing /home/crisu/miniconda3/envs/lab13.1/lib/python3.9/site-packages/airflow/example_dags/example_xcom.py took 0.106 seconds
[2024-12-07T03:35:36.887-0300] {processor.py:186} INFO - Started process (PID=44714) to work on /home/crisu/miniconda3/envs/lab13.1/lib/python3.9/site-packages/airflow/example_dags/example_xcom.py
[2024-12-07T03:35:36.901-0300] {processor.py:914} INFO - Processing file /home/crisu/miniconda3/envs/lab13.1/lib/python3.9/site-packages/airflow/example_dags/example_xcom.py for tasks to queue
[2024-12-07T03:35:36.903-0300] {logging_mixin.py:190} INFO - [2024-12-07T03:35:36.902-0300] {dagbag.py:588} INFO - Filling up the DagBag from /home/crisu/miniconda3/envs/lab13.1/lib/python3.9/site-packages/airflow/example_dags/example_xcom.py
[2024-12-07T03:35:36.909-0300] {processor.py:925} INFO - DAG(s) 'example_xcom' retrieved from /home/crisu/miniconda3/envs/lab13.1/lib/python3.9/site-packages/airflow/example_dags/example_xcom.py
[2024-12-07T03:35:36.925-0300] {logging_mixin.py:190} INFO - [2024-12-07T03:35:36.925-0300] {dag.py:3239} INFO - Sync 1 DAGs
[2024-12-07T03:35:36.940-0300] {logging_mixin.py:190} INFO - [2024-12-07T03:35:36.940-0300] {dag.py:4180} INFO - Setting next_dagrun for example_xcom to 2021-01-01 00:00:00+00:00, run_after=2021-01-01 00:00:00+00:00
[2024-12-07T03:35:36.996-0300] {processor.py:208} INFO - Processing /home/crisu/miniconda3/envs/lab13.1/lib/python3.9/site-packages/airflow/example_dags/example_xcom.py took 0.114 seconds
[2024-12-07T03:37:42.047-0300] {processor.py:186} INFO - Started process (PID=44948) to work on /home/crisu/miniconda3/envs/lab13.1/lib/python3.9/site-packages/airflow/example_dags/example_xcom.py
[2024-12-07T03:37:42.063-0300] {processor.py:914} INFO - Processing file /home/crisu/miniconda3/envs/lab13.1/lib/python3.9/site-packages/airflow/example_dags/example_xcom.py for tasks to queue
[2024-12-07T03:37:42.064-0300] {logging_mixin.py:190} INFO - [2024-12-07T03:37:42.064-0300] {dagbag.py:588} INFO - Filling up the DagBag from /home/crisu/miniconda3/envs/lab13.1/lib/python3.9/site-packages/airflow/example_dags/example_xcom.py
[2024-12-07T03:37:42.072-0300] {processor.py:925} INFO - DAG(s) 'example_xcom' retrieved from /home/crisu/miniconda3/envs/lab13.1/lib/python3.9/site-packages/airflow/example_dags/example_xcom.py
[2024-12-07T03:37:42.086-0300] {logging_mixin.py:190} INFO - [2024-12-07T03:37:42.086-0300] {dag.py:3239} INFO - Sync 1 DAGs
[2024-12-07T03:37:42.101-0300] {logging_mixin.py:190} INFO - [2024-12-07T03:37:42.101-0300] {dag.py:4180} INFO - Setting next_dagrun for example_xcom to 2021-01-01 00:00:00+00:00, run_after=2021-01-01 00:00:00+00:00
[2024-12-07T03:37:42.173-0300] {processor.py:208} INFO - Processing /home/crisu/miniconda3/envs/lab13.1/lib/python3.9/site-packages/airflow/example_dags/example_xcom.py took 0.132 seconds
[2024-12-07T03:38:58.993-0300] {processor.py:186} INFO - Started process (PID=45108) to work on /home/crisu/miniconda3/envs/lab13.1/lib/python3.9/site-packages/airflow/example_dags/example_xcom.py
[2024-12-07T03:38:59.000-0300] {processor.py:914} INFO - Processing file /home/crisu/miniconda3/envs/lab13.1/lib/python3.9/site-packages/airflow/example_dags/example_xcom.py for tasks to queue
[2024-12-07T03:38:59.002-0300] {logging_mixin.py:190} INFO - [2024-12-07T03:38:59.001-0300] {dagbag.py:588} INFO - Filling up the DagBag from /home/crisu/miniconda3/envs/lab13.1/lib/python3.9/site-packages/airflow/example_dags/example_xcom.py
[2024-12-07T03:38:59.009-0300] {processor.py:925} INFO - DAG(s) 'example_xcom' retrieved from /home/crisu/miniconda3/envs/lab13.1/lib/python3.9/site-packages/airflow/example_dags/example_xcom.py
[2024-12-07T03:38:59.025-0300] {logging_mixin.py:190} INFO - [2024-12-07T03:38:59.025-0300] {dag.py:3239} INFO - Sync 1 DAGs
[2024-12-07T03:38:59.044-0300] {logging_mixin.py:190} INFO - [2024-12-07T03:38:59.044-0300] {dag.py:4180} INFO - Setting next_dagrun for example_xcom to 2021-01-01 00:00:00+00:00, run_after=2021-01-01 00:00:00+00:00
[2024-12-07T03:38:59.112-0300] {processor.py:208} INFO - Processing /home/crisu/miniconda3/envs/lab13.1/lib/python3.9/site-packages/airflow/example_dags/example_xcom.py took 0.124 seconds
[2024-12-07T03:39:54.556-0300] {processor.py:186} INFO - Started process (PID=45202) to work on /home/crisu/miniconda3/envs/lab13.1/lib/python3.9/site-packages/airflow/example_dags/example_xcom.py
[2024-12-07T03:39:54.565-0300] {processor.py:914} INFO - Processing file /home/crisu/miniconda3/envs/lab13.1/lib/python3.9/site-packages/airflow/example_dags/example_xcom.py for tasks to queue
[2024-12-07T03:39:54.566-0300] {logging_mixin.py:190} INFO - [2024-12-07T03:39:54.565-0300] {dagbag.py:588} INFO - Filling up the DagBag from /home/crisu/miniconda3/envs/lab13.1/lib/python3.9/site-packages/airflow/example_dags/example_xcom.py
[2024-12-07T03:39:54.573-0300] {processor.py:925} INFO - DAG(s) 'example_xcom' retrieved from /home/crisu/miniconda3/envs/lab13.1/lib/python3.9/site-packages/airflow/example_dags/example_xcom.py
[2024-12-07T03:39:54.587-0300] {logging_mixin.py:190} INFO - [2024-12-07T03:39:54.587-0300] {dag.py:3239} INFO - Sync 1 DAGs
[2024-12-07T03:39:54.602-0300] {logging_mixin.py:190} INFO - [2024-12-07T03:39:54.602-0300] {dag.py:4180} INFO - Setting next_dagrun for example_xcom to 2021-01-01 00:00:00+00:00, run_after=2021-01-01 00:00:00+00:00
[2024-12-07T03:39:54.660-0300] {processor.py:208} INFO - Processing /home/crisu/miniconda3/envs/lab13.1/lib/python3.9/site-packages/airflow/example_dags/example_xcom.py took 0.109 seconds
[2024-12-07T03:41:11.255-0300] {processor.py:186} INFO - Started process (PID=45382) to work on /home/crisu/miniconda3/envs/lab13.1/lib/python3.9/site-packages/airflow/example_dags/example_xcom.py
[2024-12-07T03:41:11.268-0300] {processor.py:914} INFO - Processing file /home/crisu/miniconda3/envs/lab13.1/lib/python3.9/site-packages/airflow/example_dags/example_xcom.py for tasks to queue
[2024-12-07T03:41:11.270-0300] {logging_mixin.py:190} INFO - [2024-12-07T03:41:11.269-0300] {dagbag.py:588} INFO - Filling up the DagBag from /home/crisu/miniconda3/envs/lab13.1/lib/python3.9/site-packages/airflow/example_dags/example_xcom.py
[2024-12-07T03:41:11.277-0300] {processor.py:925} INFO - DAG(s) 'example_xcom' retrieved from /home/crisu/miniconda3/envs/lab13.1/lib/python3.9/site-packages/airflow/example_dags/example_xcom.py
[2024-12-07T03:41:11.292-0300] {logging_mixin.py:190} INFO - [2024-12-07T03:41:11.292-0300] {dag.py:3239} INFO - Sync 1 DAGs
[2024-12-07T03:41:11.310-0300] {logging_mixin.py:190} INFO - [2024-12-07T03:41:11.310-0300] {dag.py:4180} INFO - Setting next_dagrun for example_xcom to 2021-01-01 00:00:00+00:00, run_after=2021-01-01 00:00:00+00:00
[2024-12-07T03:41:11.423-0300] {processor.py:208} INFO - Processing /home/crisu/miniconda3/envs/lab13.1/lib/python3.9/site-packages/airflow/example_dags/example_xcom.py took 0.175 seconds
[2024-12-07T03:43:59.912-0300] {processor.py:186} INFO - Started process (PID=45839) to work on /home/crisu/miniconda3/envs/lab13.1/lib/python3.9/site-packages/airflow/example_dags/example_xcom.py
[2024-12-07T03:43:59.933-0300] {processor.py:914} INFO - Processing file /home/crisu/miniconda3/envs/lab13.1/lib/python3.9/site-packages/airflow/example_dags/example_xcom.py for tasks to queue
[2024-12-07T03:43:59.935-0300] {logging_mixin.py:190} INFO - [2024-12-07T03:43:59.934-0300] {dagbag.py:588} INFO - Filling up the DagBag from /home/crisu/miniconda3/envs/lab13.1/lib/python3.9/site-packages/airflow/example_dags/example_xcom.py
[2024-12-07T03:43:59.944-0300] {processor.py:925} INFO - DAG(s) 'example_xcom' retrieved from /home/crisu/miniconda3/envs/lab13.1/lib/python3.9/site-packages/airflow/example_dags/example_xcom.py
[2024-12-07T03:43:59.961-0300] {logging_mixin.py:190} INFO - [2024-12-07T03:43:59.960-0300] {dag.py:3239} INFO - Sync 1 DAGs
[2024-12-07T03:43:59.978-0300] {logging_mixin.py:190} INFO - [2024-12-07T03:43:59.978-0300] {dag.py:4180} INFO - Setting next_dagrun for example_xcom to 2021-01-01 00:00:00+00:00, run_after=2021-01-01 00:00:00+00:00
[2024-12-07T03:44:00.046-0300] {processor.py:208} INFO - Processing /home/crisu/miniconda3/envs/lab13.1/lib/python3.9/site-packages/airflow/example_dags/example_xcom.py took 0.138 seconds
[2024-12-07T03:48:06.442-0300] {processor.py:186} INFO - Started process (PID=46636) to work on /home/crisu/miniconda3/envs/lab13.1/lib/python3.9/site-packages/airflow/example_dags/example_xcom.py
[2024-12-07T03:48:06.466-0300] {processor.py:914} INFO - Processing file /home/crisu/miniconda3/envs/lab13.1/lib/python3.9/site-packages/airflow/example_dags/example_xcom.py for tasks to queue
[2024-12-07T03:48:06.468-0300] {logging_mixin.py:190} INFO - [2024-12-07T03:48:06.468-0300] {dagbag.py:588} INFO - Filling up the DagBag from /home/crisu/miniconda3/envs/lab13.1/lib/python3.9/site-packages/airflow/example_dags/example_xcom.py
[2024-12-07T03:48:06.477-0300] {processor.py:925} INFO - DAG(s) 'example_xcom' retrieved from /home/crisu/miniconda3/envs/lab13.1/lib/python3.9/site-packages/airflow/example_dags/example_xcom.py
[2024-12-07T03:48:06.492-0300] {logging_mixin.py:190} INFO - [2024-12-07T03:48:06.492-0300] {dag.py:3239} INFO - Sync 1 DAGs
[2024-12-07T03:48:06.509-0300] {logging_mixin.py:190} INFO - [2024-12-07T03:48:06.509-0300] {dag.py:4180} INFO - Setting next_dagrun for example_xcom to 2021-01-01 00:00:00+00:00, run_after=2021-01-01 00:00:00+00:00
[2024-12-07T03:48:07.512-0300] {processor.py:208} INFO - Processing /home/crisu/miniconda3/envs/lab13.1/lib/python3.9/site-packages/airflow/example_dags/example_xcom.py took 1.075 seconds
[2024-12-07T03:50:10.308-0300] {processor.py:186} INFO - Started process (PID=46917) to work on /home/crisu/miniconda3/envs/lab13.1/lib/python3.9/site-packages/airflow/example_dags/example_xcom.py
[2024-12-07T03:50:10.351-0300] {processor.py:914} INFO - Processing file /home/crisu/miniconda3/envs/lab13.1/lib/python3.9/site-packages/airflow/example_dags/example_xcom.py for tasks to queue
[2024-12-07T03:50:10.353-0300] {logging_mixin.py:190} INFO - [2024-12-07T03:50:10.353-0300] {dagbag.py:588} INFO - Filling up the DagBag from /home/crisu/miniconda3/envs/lab13.1/lib/python3.9/site-packages/airflow/example_dags/example_xcom.py
[2024-12-07T03:50:10.364-0300] {processor.py:925} INFO - DAG(s) 'example_xcom' retrieved from /home/crisu/miniconda3/envs/lab13.1/lib/python3.9/site-packages/airflow/example_dags/example_xcom.py
[2024-12-07T03:50:10.379-0300] {logging_mixin.py:190} INFO - [2024-12-07T03:50:10.379-0300] {dag.py:3239} INFO - Sync 1 DAGs
[2024-12-07T03:50:10.400-0300] {logging_mixin.py:190} INFO - [2024-12-07T03:50:10.400-0300] {dag.py:4180} INFO - Setting next_dagrun for example_xcom to 2021-01-01 00:00:00+00:00, run_after=2021-01-01 00:00:00+00:00
[2024-12-07T03:50:11.480-0300] {processor.py:208} INFO - Processing /home/crisu/miniconda3/envs/lab13.1/lib/python3.9/site-packages/airflow/example_dags/example_xcom.py took 1.178 seconds
[2024-12-07T03:51:31.143-0300] {processor.py:186} INFO - Started process (PID=46998) to work on /home/crisu/miniconda3/envs/lab13.1/lib/python3.9/site-packages/airflow/example_dags/example_xcom.py
[2024-12-07T03:51:31.150-0300] {processor.py:914} INFO - Processing file /home/crisu/miniconda3/envs/lab13.1/lib/python3.9/site-packages/airflow/example_dags/example_xcom.py for tasks to queue
[2024-12-07T03:51:31.153-0300] {logging_mixin.py:190} INFO - [2024-12-07T03:51:31.152-0300] {dagbag.py:588} INFO - Filling up the DagBag from /home/crisu/miniconda3/envs/lab13.1/lib/python3.9/site-packages/airflow/example_dags/example_xcom.py
[2024-12-07T03:51:31.166-0300] {processor.py:925} INFO - DAG(s) 'example_xcom' retrieved from /home/crisu/miniconda3/envs/lab13.1/lib/python3.9/site-packages/airflow/example_dags/example_xcom.py
[2024-12-07T03:51:31.192-0300] {logging_mixin.py:190} INFO - [2024-12-07T03:51:31.192-0300] {dag.py:3239} INFO - Sync 1 DAGs
[2024-12-07T03:51:31.226-0300] {logging_mixin.py:190} INFO - [2024-12-07T03:51:31.224-0300] {dag.py:4180} INFO - Setting next_dagrun for example_xcom to 2021-01-01 00:00:00+00:00, run_after=2021-01-01 00:00:00+00:00
[2024-12-07T03:51:31.296-0300] {processor.py:208} INFO - Processing /home/crisu/miniconda3/envs/lab13.1/lib/python3.9/site-packages/airflow/example_dags/example_xcom.py took 0.161 seconds
[2024-12-07T03:52:52.642-0300] {processor.py:186} INFO - Started process (PID=47147) to work on /home/crisu/miniconda3/envs/lab13.1/lib/python3.9/site-packages/airflow/example_dags/example_xcom.py
[2024-12-07T03:52:52.649-0300] {processor.py:914} INFO - Processing file /home/crisu/miniconda3/envs/lab13.1/lib/python3.9/site-packages/airflow/example_dags/example_xcom.py for tasks to queue
[2024-12-07T03:52:52.651-0300] {logging_mixin.py:190} INFO - [2024-12-07T03:52:52.651-0300] {dagbag.py:588} INFO - Filling up the DagBag from /home/crisu/miniconda3/envs/lab13.1/lib/python3.9/site-packages/airflow/example_dags/example_xcom.py
[2024-12-07T03:52:52.660-0300] {processor.py:925} INFO - DAG(s) 'example_xcom' retrieved from /home/crisu/miniconda3/envs/lab13.1/lib/python3.9/site-packages/airflow/example_dags/example_xcom.py
[2024-12-07T03:52:52.675-0300] {logging_mixin.py:190} INFO - [2024-12-07T03:52:52.675-0300] {dag.py:3239} INFO - Sync 1 DAGs
[2024-12-07T03:52:52.693-0300] {logging_mixin.py:190} INFO - [2024-12-07T03:52:52.693-0300] {dag.py:4180} INFO - Setting next_dagrun for example_xcom to 2021-01-01 00:00:00+00:00, run_after=2021-01-01 00:00:00+00:00
[2024-12-07T03:52:52.750-0300] {processor.py:208} INFO - Processing /home/crisu/miniconda3/envs/lab13.1/lib/python3.9/site-packages/airflow/example_dags/example_xcom.py took 0.113 seconds
[2024-12-07T03:54:11.302-0300] {processor.py:186} INFO - Started process (PID=47295) to work on /home/crisu/miniconda3/envs/lab13.1/lib/python3.9/site-packages/airflow/example_dags/example_xcom.py
[2024-12-07T03:54:11.427-0300] {processor.py:914} INFO - Processing file /home/crisu/miniconda3/envs/lab13.1/lib/python3.9/site-packages/airflow/example_dags/example_xcom.py for tasks to queue
[2024-12-07T03:54:11.431-0300] {logging_mixin.py:190} INFO - [2024-12-07T03:54:11.430-0300] {dagbag.py:588} INFO - Filling up the DagBag from /home/crisu/miniconda3/envs/lab13.1/lib/python3.9/site-packages/airflow/example_dags/example_xcom.py
[2024-12-07T03:54:11.444-0300] {processor.py:925} INFO - DAG(s) 'example_xcom' retrieved from /home/crisu/miniconda3/envs/lab13.1/lib/python3.9/site-packages/airflow/example_dags/example_xcom.py
[2024-12-07T03:54:11.467-0300] {logging_mixin.py:190} INFO - [2024-12-07T03:54:11.467-0300] {dag.py:3239} INFO - Sync 1 DAGs
[2024-12-07T03:54:11.496-0300] {logging_mixin.py:190} INFO - [2024-12-07T03:54:11.495-0300] {dag.py:4180} INFO - Setting next_dagrun for example_xcom to 2021-01-01 00:00:00+00:00, run_after=2021-01-01 00:00:00+00:00
[2024-12-07T03:54:11.847-0300] {processor.py:208} INFO - Processing /home/crisu/miniconda3/envs/lab13.1/lib/python3.9/site-packages/airflow/example_dags/example_xcom.py took 0.561 seconds
[2024-12-07T03:55:13.275-0300] {processor.py:186} INFO - Started process (PID=47412) to work on /home/crisu/miniconda3/envs/lab13.1/lib/python3.9/site-packages/airflow/example_dags/example_xcom.py
[2024-12-07T03:55:13.328-0300] {processor.py:914} INFO - Processing file /home/crisu/miniconda3/envs/lab13.1/lib/python3.9/site-packages/airflow/example_dags/example_xcom.py for tasks to queue
[2024-12-07T03:55:13.330-0300] {logging_mixin.py:190} INFO - [2024-12-07T03:55:13.330-0300] {dagbag.py:588} INFO - Filling up the DagBag from /home/crisu/miniconda3/envs/lab13.1/lib/python3.9/site-packages/airflow/example_dags/example_xcom.py
[2024-12-07T03:55:13.339-0300] {processor.py:925} INFO - DAG(s) 'example_xcom' retrieved from /home/crisu/miniconda3/envs/lab13.1/lib/python3.9/site-packages/airflow/example_dags/example_xcom.py
[2024-12-07T03:55:13.354-0300] {logging_mixin.py:190} INFO - [2024-12-07T03:55:13.354-0300] {dag.py:3239} INFO - Sync 1 DAGs
[2024-12-07T03:55:13.371-0300] {logging_mixin.py:190} INFO - [2024-12-07T03:55:13.370-0300] {dag.py:4180} INFO - Setting next_dagrun for example_xcom to 2021-01-01 00:00:00+00:00, run_after=2021-01-01 00:00:00+00:00
[2024-12-07T03:55:14.530-0300] {processor.py:208} INFO - Processing /home/crisu/miniconda3/envs/lab13.1/lib/python3.9/site-packages/airflow/example_dags/example_xcom.py took 1.261 seconds
[2024-12-07T03:56:14.086-0300] {processor.py:186} INFO - Started process (PID=47553) to work on /home/crisu/miniconda3/envs/lab13.1/lib/python3.9/site-packages/airflow/example_dags/example_xcom.py
[2024-12-07T03:56:14.088-0300] {processor.py:914} INFO - Processing file /home/crisu/miniconda3/envs/lab13.1/lib/python3.9/site-packages/airflow/example_dags/example_xcom.py for tasks to queue
[2024-12-07T03:56:14.089-0300] {logging_mixin.py:190} INFO - [2024-12-07T03:56:14.089-0300] {dagbag.py:588} INFO - Filling up the DagBag from /home/crisu/miniconda3/envs/lab13.1/lib/python3.9/site-packages/airflow/example_dags/example_xcom.py
[2024-12-07T03:56:14.099-0300] {processor.py:925} INFO - DAG(s) 'example_xcom' retrieved from /home/crisu/miniconda3/envs/lab13.1/lib/python3.9/site-packages/airflow/example_dags/example_xcom.py
[2024-12-07T03:56:14.114-0300] {logging_mixin.py:190} INFO - [2024-12-07T03:56:14.114-0300] {dag.py:3239} INFO - Sync 1 DAGs
[2024-12-07T03:56:14.134-0300] {logging_mixin.py:190} INFO - [2024-12-07T03:56:14.134-0300] {dag.py:4180} INFO - Setting next_dagrun for example_xcom to 2021-01-01 00:00:00+00:00, run_after=2021-01-01 00:00:00+00:00
[2024-12-07T03:56:14.190-0300] {processor.py:208} INFO - Processing /home/crisu/miniconda3/envs/lab13.1/lib/python3.9/site-packages/airflow/example_dags/example_xcom.py took 0.109 seconds
[2024-12-07T03:57:32.717-0300] {processor.py:186} INFO - Started process (PID=47690) to work on /home/crisu/miniconda3/envs/lab13.1/lib/python3.9/site-packages/airflow/example_dags/example_xcom.py
[2024-12-07T03:57:32.730-0300] {processor.py:914} INFO - Processing file /home/crisu/miniconda3/envs/lab13.1/lib/python3.9/site-packages/airflow/example_dags/example_xcom.py for tasks to queue
[2024-12-07T03:57:32.732-0300] {logging_mixin.py:190} INFO - [2024-12-07T03:57:32.732-0300] {dagbag.py:588} INFO - Filling up the DagBag from /home/crisu/miniconda3/envs/lab13.1/lib/python3.9/site-packages/airflow/example_dags/example_xcom.py
[2024-12-07T03:57:32.741-0300] {processor.py:925} INFO - DAG(s) 'example_xcom' retrieved from /home/crisu/miniconda3/envs/lab13.1/lib/python3.9/site-packages/airflow/example_dags/example_xcom.py
[2024-12-07T03:57:32.755-0300] {logging_mixin.py:190} INFO - [2024-12-07T03:57:32.755-0300] {dag.py:3239} INFO - Sync 1 DAGs
[2024-12-07T03:57:32.772-0300] {logging_mixin.py:190} INFO - [2024-12-07T03:57:32.771-0300] {dag.py:4180} INFO - Setting next_dagrun for example_xcom to 2021-01-01 00:00:00+00:00, run_after=2021-01-01 00:00:00+00:00
[2024-12-07T03:57:32.826-0300] {processor.py:208} INFO - Processing /home/crisu/miniconda3/envs/lab13.1/lib/python3.9/site-packages/airflow/example_dags/example_xcom.py took 0.114 seconds
[2024-12-07T03:59:03.750-0300] {processor.py:186} INFO - Started process (PID=47922) to work on /home/crisu/miniconda3/envs/lab13.1/lib/python3.9/site-packages/airflow/example_dags/example_xcom.py
[2024-12-07T03:59:03.837-0300] {processor.py:914} INFO - Processing file /home/crisu/miniconda3/envs/lab13.1/lib/python3.9/site-packages/airflow/example_dags/example_xcom.py for tasks to queue
[2024-12-07T03:59:03.839-0300] {logging_mixin.py:190} INFO - [2024-12-07T03:59:03.839-0300] {dagbag.py:588} INFO - Filling up the DagBag from /home/crisu/miniconda3/envs/lab13.1/lib/python3.9/site-packages/airflow/example_dags/example_xcom.py
[2024-12-07T03:59:03.848-0300] {processor.py:925} INFO - DAG(s) 'example_xcom' retrieved from /home/crisu/miniconda3/envs/lab13.1/lib/python3.9/site-packages/airflow/example_dags/example_xcom.py
[2024-12-07T03:59:18.206-0300] {logging_mixin.py:190} INFO - [2024-12-07T03:59:18.205-0300] {dag.py:3239} INFO - Sync 1 DAGs
[2024-12-07T03:59:18.224-0300] {logging_mixin.py:190} INFO - [2024-12-07T03:59:18.224-0300] {dag.py:4180} INFO - Setting next_dagrun for example_xcom to 2021-01-01 00:00:00+00:00, run_after=2021-01-01 00:00:00+00:00
[2024-12-07T03:59:21.418-0300] {processor.py:208} INFO - Processing /home/crisu/miniconda3/envs/lab13.1/lib/python3.9/site-packages/airflow/example_dags/example_xcom.py took 17.674 seconds
[2024-12-07T04:00:19.481-0300] {processor.py:186} INFO - Started process (PID=48044) to work on /home/crisu/miniconda3/envs/lab13.1/lib/python3.9/site-packages/airflow/example_dags/example_xcom.py
[2024-12-07T04:00:19.493-0300] {processor.py:914} INFO - Processing file /home/crisu/miniconda3/envs/lab13.1/lib/python3.9/site-packages/airflow/example_dags/example_xcom.py for tasks to queue
[2024-12-07T04:00:19.495-0300] {logging_mixin.py:190} INFO - [2024-12-07T04:00:19.495-0300] {dagbag.py:588} INFO - Filling up the DagBag from /home/crisu/miniconda3/envs/lab13.1/lib/python3.9/site-packages/airflow/example_dags/example_xcom.py
[2024-12-07T04:00:19.504-0300] {processor.py:925} INFO - DAG(s) 'example_xcom' retrieved from /home/crisu/miniconda3/envs/lab13.1/lib/python3.9/site-packages/airflow/example_dags/example_xcom.py
[2024-12-07T04:00:19.519-0300] {logging_mixin.py:190} INFO - [2024-12-07T04:00:19.519-0300] {dag.py:3239} INFO - Sync 1 DAGs
[2024-12-07T04:00:19.536-0300] {logging_mixin.py:190} INFO - [2024-12-07T04:00:19.535-0300] {dag.py:4180} INFO - Setting next_dagrun for example_xcom to 2021-01-01 00:00:00+00:00, run_after=2021-01-01 00:00:00+00:00
[2024-12-07T04:00:19.591-0300] {processor.py:208} INFO - Processing /home/crisu/miniconda3/envs/lab13.1/lib/python3.9/site-packages/airflow/example_dags/example_xcom.py took 0.115 seconds
[2024-12-07T04:01:33.624-0300] {processor.py:186} INFO - Started process (PID=48199) to work on /home/crisu/miniconda3/envs/lab13.1/lib/python3.9/site-packages/airflow/example_dags/example_xcom.py
[2024-12-07T04:01:33.636-0300] {processor.py:914} INFO - Processing file /home/crisu/miniconda3/envs/lab13.1/lib/python3.9/site-packages/airflow/example_dags/example_xcom.py for tasks to queue
[2024-12-07T04:01:33.639-0300] {logging_mixin.py:190} INFO - [2024-12-07T04:01:33.638-0300] {dagbag.py:588} INFO - Filling up the DagBag from /home/crisu/miniconda3/envs/lab13.1/lib/python3.9/site-packages/airflow/example_dags/example_xcom.py
[2024-12-07T04:01:33.650-0300] {processor.py:925} INFO - DAG(s) 'example_xcom' retrieved from /home/crisu/miniconda3/envs/lab13.1/lib/python3.9/site-packages/airflow/example_dags/example_xcom.py
[2024-12-07T04:01:33.669-0300] {logging_mixin.py:190} INFO - [2024-12-07T04:01:33.669-0300] {dag.py:3239} INFO - Sync 1 DAGs
[2024-12-07T04:01:33.691-0300] {logging_mixin.py:190} INFO - [2024-12-07T04:01:33.690-0300] {dag.py:4180} INFO - Setting next_dagrun for example_xcom to 2021-01-01 00:00:00+00:00, run_after=2021-01-01 00:00:00+00:00
[2024-12-07T04:01:33.750-0300] {processor.py:208} INFO - Processing /home/crisu/miniconda3/envs/lab13.1/lib/python3.9/site-packages/airflow/example_dags/example_xcom.py took 0.135 seconds
[2024-12-07T04:07:20.414-0300] {processor.py:186} INFO - Started process (PID=49123) to work on /home/crisu/miniconda3/envs/lab13.1/lib/python3.9/site-packages/airflow/example_dags/example_xcom.py
[2024-12-07T04:07:20.466-0300] {processor.py:914} INFO - Processing file /home/crisu/miniconda3/envs/lab13.1/lib/python3.9/site-packages/airflow/example_dags/example_xcom.py for tasks to queue
[2024-12-07T04:07:20.468-0300] {logging_mixin.py:190} INFO - [2024-12-07T04:07:20.467-0300] {dagbag.py:588} INFO - Filling up the DagBag from /home/crisu/miniconda3/envs/lab13.1/lib/python3.9/site-packages/airflow/example_dags/example_xcom.py
[2024-12-07T04:07:20.476-0300] {processor.py:925} INFO - DAG(s) 'example_xcom' retrieved from /home/crisu/miniconda3/envs/lab13.1/lib/python3.9/site-packages/airflow/example_dags/example_xcom.py
[2024-12-07T04:07:20.492-0300] {logging_mixin.py:190} INFO - [2024-12-07T04:07:20.492-0300] {dag.py:3239} INFO - Sync 1 DAGs
[2024-12-07T04:07:20.508-0300] {logging_mixin.py:190} INFO - [2024-12-07T04:07:20.508-0300] {dag.py:4180} INFO - Setting next_dagrun for example_xcom to 2021-01-01 00:00:00+00:00, run_after=2021-01-01 00:00:00+00:00
[2024-12-07T04:07:21.533-0300] {processor.py:208} INFO - Processing /home/crisu/miniconda3/envs/lab13.1/lib/python3.9/site-packages/airflow/example_dags/example_xcom.py took 1.128 seconds
[2024-12-07T04:08:52.418-0300] {processor.py:186} INFO - Started process (PID=49378) to work on /home/crisu/miniconda3/envs/lab13.1/lib/python3.9/site-packages/airflow/example_dags/example_xcom.py
[2024-12-07T04:08:52.443-0300] {processor.py:914} INFO - Processing file /home/crisu/miniconda3/envs/lab13.1/lib/python3.9/site-packages/airflow/example_dags/example_xcom.py for tasks to queue
[2024-12-07T04:08:52.445-0300] {logging_mixin.py:190} INFO - [2024-12-07T04:08:52.444-0300] {dagbag.py:588} INFO - Filling up the DagBag from /home/crisu/miniconda3/envs/lab13.1/lib/python3.9/site-packages/airflow/example_dags/example_xcom.py
[2024-12-07T04:08:52.456-0300] {processor.py:925} INFO - DAG(s) 'example_xcom' retrieved from /home/crisu/miniconda3/envs/lab13.1/lib/python3.9/site-packages/airflow/example_dags/example_xcom.py
[2024-12-07T04:08:52.477-0300] {logging_mixin.py:190} INFO - [2024-12-07T04:08:52.476-0300] {dag.py:3239} INFO - Sync 1 DAGs
[2024-12-07T04:08:52.500-0300] {logging_mixin.py:190} INFO - [2024-12-07T04:08:52.500-0300] {dag.py:4180} INFO - Setting next_dagrun for example_xcom to 2021-01-01 00:00:00+00:00, run_after=2021-01-01 00:00:00+00:00
[2024-12-07T04:08:53.021-0300] {processor.py:208} INFO - Processing /home/crisu/miniconda3/envs/lab13.1/lib/python3.9/site-packages/airflow/example_dags/example_xcom.py took 0.609 seconds
[2024-12-07T04:09:48.115-0300] {processor.py:186} INFO - Started process (PID=49456) to work on /home/crisu/miniconda3/envs/lab13.1/lib/python3.9/site-packages/airflow/example_dags/example_xcom.py
[2024-12-07T04:09:48.118-0300] {processor.py:914} INFO - Processing file /home/crisu/miniconda3/envs/lab13.1/lib/python3.9/site-packages/airflow/example_dags/example_xcom.py for tasks to queue
[2024-12-07T04:09:48.119-0300] {logging_mixin.py:190} INFO - [2024-12-07T04:09:48.119-0300] {dagbag.py:588} INFO - Filling up the DagBag from /home/crisu/miniconda3/envs/lab13.1/lib/python3.9/site-packages/airflow/example_dags/example_xcom.py
[2024-12-07T04:09:48.126-0300] {processor.py:925} INFO - DAG(s) 'example_xcom' retrieved from /home/crisu/miniconda3/envs/lab13.1/lib/python3.9/site-packages/airflow/example_dags/example_xcom.py
[2024-12-07T04:09:48.140-0300] {logging_mixin.py:190} INFO - [2024-12-07T04:09:48.140-0300] {dag.py:3239} INFO - Sync 1 DAGs
[2024-12-07T04:09:48.155-0300] {logging_mixin.py:190} INFO - [2024-12-07T04:09:48.155-0300] {dag.py:4180} INFO - Setting next_dagrun for example_xcom to 2021-01-01 00:00:00+00:00, run_after=2021-01-01 00:00:00+00:00
[2024-12-07T04:09:48.208-0300] {processor.py:208} INFO - Processing /home/crisu/miniconda3/envs/lab13.1/lib/python3.9/site-packages/airflow/example_dags/example_xcom.py took 0.099 seconds
[2024-12-07T04:11:48.154-0300] {processor.py:186} INFO - Started process (PID=49627) to work on /home/crisu/miniconda3/envs/lab13.1/lib/python3.9/site-packages/airflow/example_dags/example_xcom.py
[2024-12-07T04:11:48.176-0300] {processor.py:914} INFO - Processing file /home/crisu/miniconda3/envs/lab13.1/lib/python3.9/site-packages/airflow/example_dags/example_xcom.py for tasks to queue
[2024-12-07T04:11:48.178-0300] {logging_mixin.py:190} INFO - [2024-12-07T04:11:48.177-0300] {dagbag.py:588} INFO - Filling up the DagBag from /home/crisu/miniconda3/envs/lab13.1/lib/python3.9/site-packages/airflow/example_dags/example_xcom.py
[2024-12-07T04:11:48.184-0300] {processor.py:925} INFO - DAG(s) 'example_xcom' retrieved from /home/crisu/miniconda3/envs/lab13.1/lib/python3.9/site-packages/airflow/example_dags/example_xcom.py
[2024-12-07T04:11:48.199-0300] {logging_mixin.py:190} INFO - [2024-12-07T04:11:48.198-0300] {dag.py:3239} INFO - Sync 1 DAGs
[2024-12-07T04:11:48.214-0300] {logging_mixin.py:190} INFO - [2024-12-07T04:11:48.214-0300] {dag.py:4180} INFO - Setting next_dagrun for example_xcom to 2021-01-01 00:00:00+00:00, run_after=2021-01-01 00:00:00+00:00
[2024-12-07T04:11:48.285-0300] {processor.py:208} INFO - Processing /home/crisu/miniconda3/envs/lab13.1/lib/python3.9/site-packages/airflow/example_dags/example_xcom.py took 0.136 seconds
[2024-12-07T04:12:41.967-0300] {processor.py:186} INFO - Started process (PID=49715) to work on /home/crisu/miniconda3/envs/lab13.1/lib/python3.9/site-packages/airflow/example_dags/example_xcom.py
[2024-12-07T04:12:41.979-0300] {processor.py:914} INFO - Processing file /home/crisu/miniconda3/envs/lab13.1/lib/python3.9/site-packages/airflow/example_dags/example_xcom.py for tasks to queue
[2024-12-07T04:12:41.980-0300] {logging_mixin.py:190} INFO - [2024-12-07T04:12:41.980-0300] {dagbag.py:588} INFO - Filling up the DagBag from /home/crisu/miniconda3/envs/lab13.1/lib/python3.9/site-packages/airflow/example_dags/example_xcom.py
[2024-12-07T04:12:41.987-0300] {processor.py:925} INFO - DAG(s) 'example_xcom' retrieved from /home/crisu/miniconda3/envs/lab13.1/lib/python3.9/site-packages/airflow/example_dags/example_xcom.py
[2024-12-07T04:12:42.005-0300] {logging_mixin.py:190} INFO - [2024-12-07T04:12:42.004-0300] {dag.py:3239} INFO - Sync 1 DAGs
[2024-12-07T04:12:42.028-0300] {logging_mixin.py:190} INFO - [2024-12-07T04:12:42.028-0300] {dag.py:4180} INFO - Setting next_dagrun for example_xcom to 2021-01-01 00:00:00+00:00, run_after=2021-01-01 00:00:00+00:00
[2024-12-07T04:12:42.103-0300] {processor.py:208} INFO - Processing /home/crisu/miniconda3/envs/lab13.1/lib/python3.9/site-packages/airflow/example_dags/example_xcom.py took 0.142 seconds
[2024-12-07T04:13:58.647-0300] {processor.py:186} INFO - Started process (PID=49869) to work on /home/crisu/miniconda3/envs/lab13.1/lib/python3.9/site-packages/airflow/example_dags/example_xcom.py
[2024-12-07T04:13:58.651-0300] {processor.py:914} INFO - Processing file /home/crisu/miniconda3/envs/lab13.1/lib/python3.9/site-packages/airflow/example_dags/example_xcom.py for tasks to queue
[2024-12-07T04:13:58.653-0300] {logging_mixin.py:190} INFO - [2024-12-07T04:13:58.653-0300] {dagbag.py:588} INFO - Filling up the DagBag from /home/crisu/miniconda3/envs/lab13.1/lib/python3.9/site-packages/airflow/example_dags/example_xcom.py
[2024-12-07T04:13:58.660-0300] {processor.py:925} INFO - DAG(s) 'example_xcom' retrieved from /home/crisu/miniconda3/envs/lab13.1/lib/python3.9/site-packages/airflow/example_dags/example_xcom.py
[2024-12-07T04:13:58.676-0300] {logging_mixin.py:190} INFO - [2024-12-07T04:13:58.676-0300] {dag.py:3239} INFO - Sync 1 DAGs
[2024-12-07T04:13:58.691-0300] {logging_mixin.py:190} INFO - [2024-12-07T04:13:58.691-0300] {dag.py:4180} INFO - Setting next_dagrun for example_xcom to 2021-01-01 00:00:00+00:00, run_after=2021-01-01 00:00:00+00:00
[2024-12-07T04:13:58.748-0300] {processor.py:208} INFO - Processing /home/crisu/miniconda3/envs/lab13.1/lib/python3.9/site-packages/airflow/example_dags/example_xcom.py took 0.106 seconds
[2024-12-07T04:15:16.215-0300] {processor.py:186} INFO - Started process (PID=50000) to work on /home/crisu/miniconda3/envs/lab13.1/lib/python3.9/site-packages/airflow/example_dags/example_xcom.py
[2024-12-07T04:15:16.220-0300] {processor.py:914} INFO - Processing file /home/crisu/miniconda3/envs/lab13.1/lib/python3.9/site-packages/airflow/example_dags/example_xcom.py for tasks to queue
[2024-12-07T04:15:16.222-0300] {logging_mixin.py:190} INFO - [2024-12-07T04:15:16.221-0300] {dagbag.py:588} INFO - Filling up the DagBag from /home/crisu/miniconda3/envs/lab13.1/lib/python3.9/site-packages/airflow/example_dags/example_xcom.py
[2024-12-07T04:15:16.229-0300] {processor.py:925} INFO - DAG(s) 'example_xcom' retrieved from /home/crisu/miniconda3/envs/lab13.1/lib/python3.9/site-packages/airflow/example_dags/example_xcom.py
[2024-12-07T04:15:16.244-0300] {logging_mixin.py:190} INFO - [2024-12-07T04:15:16.244-0300] {dag.py:3239} INFO - Sync 1 DAGs
[2024-12-07T04:15:16.259-0300] {logging_mixin.py:190} INFO - [2024-12-07T04:15:16.259-0300] {dag.py:4180} INFO - Setting next_dagrun for example_xcom to 2021-01-01 00:00:00+00:00, run_after=2021-01-01 00:00:00+00:00
[2024-12-07T04:15:16.323-0300] {processor.py:208} INFO - Processing /home/crisu/miniconda3/envs/lab13.1/lib/python3.9/site-packages/airflow/example_dags/example_xcom.py took 0.113 seconds
