[2024-12-07T02:09:14.292-0300] {processor.py:186} INFO - Started process (PID=35592) to work on /home/crisu/miniconda3/envs/lab13.1/lib/python3.9/site-packages/airflow/example_dags/example_dataset_alias_with_no_taskflow.py
[2024-12-07T02:09:14.293-0300] {processor.py:914} INFO - Processing file /home/crisu/miniconda3/envs/lab13.1/lib/python3.9/site-packages/airflow/example_dags/example_dataset_alias_with_no_taskflow.py for tasks to queue
[2024-12-07T02:09:14.295-0300] {logging_mixin.py:190} INFO - [2024-12-07T02:09:14.295-0300] {dagbag.py:588} INFO - Filling up the DagBag from /home/crisu/miniconda3/envs/lab13.1/lib/python3.9/site-packages/airflow/example_dags/example_dataset_alias_with_no_taskflow.py
[2024-12-07T02:09:14.310-0300] {processor.py:925} INFO - DAG(s) 'dataset_s3_bucket_producer_with_no_taskflow', 'dataset_s3_bucket_consumer_with_no_taskflow', 'dataset_alias_example_alias_consumer_with_no_taskflow', 'dataset_alias_example_alias_producer_with_no_taskflow' retrieved from /home/crisu/miniconda3/envs/lab13.1/lib/python3.9/site-packages/airflow/example_dags/example_dataset_alias_with_no_taskflow.py
[2024-12-07T02:09:14.559-0300] {logging_mixin.py:190} INFO - [2024-12-07T02:09:14.558-0300] {override.py:1911} INFO - Created Permission View: can edit on DAG:dataset_s3_bucket_producer_with_no_taskflow
[2024-12-07T02:09:14.615-0300] {logging_mixin.py:190} INFO - [2024-12-07T02:09:14.615-0300] {override.py:1911} INFO - Created Permission View: can read on DAG:dataset_s3_bucket_producer_with_no_taskflow
[2024-12-07T02:09:14.661-0300] {logging_mixin.py:190} INFO - [2024-12-07T02:09:14.660-0300] {override.py:1911} INFO - Created Permission View: can delete on DAG:dataset_s3_bucket_producer_with_no_taskflow
[2024-12-07T02:09:14.752-0300] {logging_mixin.py:190} INFO - [2024-12-07T02:09:14.751-0300] {override.py:1911} INFO - Created Permission View: can read on DAG Run:dataset_s3_bucket_producer_with_no_taskflow
[2024-12-07T02:09:14.797-0300] {logging_mixin.py:190} INFO - [2024-12-07T02:09:14.797-0300] {override.py:1911} INFO - Created Permission View: can delete on DAG Run:dataset_s3_bucket_producer_with_no_taskflow
[2024-12-07T02:09:14.843-0300] {logging_mixin.py:190} INFO - [2024-12-07T02:09:14.842-0300] {override.py:1911} INFO - Created Permission View: menu access on DAG Run:dataset_s3_bucket_producer_with_no_taskflow
[2024-12-07T02:09:14.888-0300] {logging_mixin.py:190} INFO - [2024-12-07T02:09:14.887-0300] {override.py:1911} INFO - Created Permission View: can create on DAG Run:dataset_s3_bucket_producer_with_no_taskflow
[2024-12-07T02:09:15.091-0300] {logging_mixin.py:190} INFO - [2024-12-07T02:09:15.090-0300] {override.py:1911} INFO - Created Permission View: can edit on DAG:dataset_s3_bucket_consumer_with_no_taskflow
[2024-12-07T02:09:15.138-0300] {logging_mixin.py:190} INFO - [2024-12-07T02:09:15.137-0300] {override.py:1911} INFO - Created Permission View: can read on DAG:dataset_s3_bucket_consumer_with_no_taskflow
[2024-12-07T02:09:15.185-0300] {logging_mixin.py:190} INFO - [2024-12-07T02:09:15.184-0300] {override.py:1911} INFO - Created Permission View: can delete on DAG:dataset_s3_bucket_consumer_with_no_taskflow
[2024-12-07T02:09:15.694-0300] {logging_mixin.py:190} INFO - [2024-12-07T02:09:15.694-0300] {override.py:1911} INFO - Created Permission View: can read on DAG Run:dataset_s3_bucket_consumer_with_no_taskflow
[2024-12-07T02:09:15.741-0300] {logging_mixin.py:190} INFO - [2024-12-07T02:09:15.741-0300] {override.py:1911} INFO - Created Permission View: can delete on DAG Run:dataset_s3_bucket_consumer_with_no_taskflow
[2024-12-07T02:09:15.843-0300] {logging_mixin.py:190} INFO - [2024-12-07T02:09:15.842-0300] {override.py:1911} INFO - Created Permission View: menu access on DAG Run:dataset_s3_bucket_consumer_with_no_taskflow
[2024-12-07T02:09:15.888-0300] {logging_mixin.py:190} INFO - [2024-12-07T02:09:15.888-0300] {override.py:1911} INFO - Created Permission View: can create on DAG Run:dataset_s3_bucket_consumer_with_no_taskflow
[2024-12-07T02:09:15.991-0300] {logging_mixin.py:190} INFO - [2024-12-07T02:09:15.991-0300] {override.py:1911} INFO - Created Permission View: can edit on DAG:dataset_alias_example_alias_consumer_with_no_taskflow
[2024-12-07T02:09:16.059-0300] {logging_mixin.py:190} INFO - [2024-12-07T02:09:16.059-0300] {override.py:1911} INFO - Created Permission View: can read on DAG:dataset_alias_example_alias_consumer_with_no_taskflow
[2024-12-07T02:09:16.105-0300] {logging_mixin.py:190} INFO - [2024-12-07T02:09:16.104-0300] {override.py:1911} INFO - Created Permission View: can delete on DAG:dataset_alias_example_alias_consumer_with_no_taskflow
[2024-12-07T02:09:16.196-0300] {logging_mixin.py:190} INFO - [2024-12-07T02:09:16.195-0300] {override.py:1911} INFO - Created Permission View: can read on DAG Run:dataset_alias_example_alias_consumer_with_no_taskflow
[2024-12-07T02:09:16.241-0300] {logging_mixin.py:190} INFO - [2024-12-07T02:09:16.241-0300] {override.py:1911} INFO - Created Permission View: can delete on DAG Run:dataset_alias_example_alias_consumer_with_no_taskflow
[2024-12-07T02:09:16.288-0300] {logging_mixin.py:190} INFO - [2024-12-07T02:09:16.287-0300] {override.py:1911} INFO - Created Permission View: menu access on DAG Run:dataset_alias_example_alias_consumer_with_no_taskflow
[2024-12-07T02:09:16.333-0300] {logging_mixin.py:190} INFO - [2024-12-07T02:09:16.333-0300] {override.py:1911} INFO - Created Permission View: can create on DAG Run:dataset_alias_example_alias_consumer_with_no_taskflow
[2024-12-07T02:09:16.448-0300] {logging_mixin.py:190} INFO - [2024-12-07T02:09:16.447-0300] {override.py:1911} INFO - Created Permission View: can edit on DAG:dataset_alias_example_alias_producer_with_no_taskflow
[2024-12-07T02:09:16.493-0300] {logging_mixin.py:190} INFO - [2024-12-07T02:09:16.492-0300] {override.py:1911} INFO - Created Permission View: can read on DAG:dataset_alias_example_alias_producer_with_no_taskflow
[2024-12-07T02:09:16.538-0300] {logging_mixin.py:190} INFO - [2024-12-07T02:09:16.538-0300] {override.py:1911} INFO - Created Permission View: can delete on DAG:dataset_alias_example_alias_producer_with_no_taskflow
[2024-12-07T02:09:16.629-0300] {logging_mixin.py:190} INFO - [2024-12-07T02:09:16.629-0300] {override.py:1911} INFO - Created Permission View: can read on DAG Run:dataset_alias_example_alias_producer_with_no_taskflow
[2024-12-07T02:09:16.674-0300] {logging_mixin.py:190} INFO - [2024-12-07T02:09:16.674-0300] {override.py:1911} INFO - Created Permission View: can delete on DAG Run:dataset_alias_example_alias_producer_with_no_taskflow
[2024-12-07T02:09:16.720-0300] {logging_mixin.py:190} INFO - [2024-12-07T02:09:16.720-0300] {override.py:1911} INFO - Created Permission View: menu access on DAG Run:dataset_alias_example_alias_producer_with_no_taskflow
[2024-12-07T02:09:16.779-0300] {logging_mixin.py:190} INFO - [2024-12-07T02:09:16.778-0300] {override.py:1911} INFO - Created Permission View: can create on DAG Run:dataset_alias_example_alias_producer_with_no_taskflow
[2024-12-07T02:09:16.780-0300] {logging_mixin.py:190} INFO - [2024-12-07T02:09:16.780-0300] {dag.py:3239} INFO - Sync 4 DAGs
[2024-12-07T02:09:16.791-0300] {logging_mixin.py:190} INFO - [2024-12-07T02:09:16.791-0300] {dag.py:3262} INFO - Creating ORM DAG for dataset_alias_example_alias_producer_with_no_taskflow
[2024-12-07T02:09:16.792-0300] {logging_mixin.py:190} INFO - [2024-12-07T02:09:16.792-0300] {dag.py:3262} INFO - Creating ORM DAG for dataset_alias_example_alias_consumer_with_no_taskflow
[2024-12-07T02:09:16.792-0300] {logging_mixin.py:190} INFO - [2024-12-07T02:09:16.792-0300] {dag.py:3262} INFO - Creating ORM DAG for dataset_s3_bucket_producer_with_no_taskflow
[2024-12-07T02:09:16.793-0300] {logging_mixin.py:190} INFO - [2024-12-07T02:09:16.793-0300] {dag.py:3262} INFO - Creating ORM DAG for dataset_s3_bucket_consumer_with_no_taskflow
[2024-12-07T02:09:16.801-0300] {logging_mixin.py:190} INFO - [2024-12-07T02:09:16.801-0300] {dag.py:4180} INFO - Setting next_dagrun for dataset_alias_example_alias_consumer_with_no_taskflow to None, run_after=None
[2024-12-07T02:09:16.802-0300] {logging_mixin.py:190} INFO - [2024-12-07T02:09:16.802-0300] {dag.py:4180} INFO - Setting next_dagrun for dataset_alias_example_alias_producer_with_no_taskflow to None, run_after=None
[2024-12-07T02:09:16.803-0300] {logging_mixin.py:190} INFO - [2024-12-07T02:09:16.803-0300] {dag.py:4180} INFO - Setting next_dagrun for dataset_s3_bucket_consumer_with_no_taskflow to None, run_after=None
[2024-12-07T02:09:16.803-0300] {logging_mixin.py:190} INFO - [2024-12-07T02:09:16.803-0300] {dag.py:4180} INFO - Setting next_dagrun for dataset_s3_bucket_producer_with_no_taskflow to None, run_after=None
[2024-12-07T02:09:16.876-0300] {processor.py:208} INFO - Processing /home/crisu/miniconda3/envs/lab13.1/lib/python3.9/site-packages/airflow/example_dags/example_dataset_alias_with_no_taskflow.py took 2.591 seconds
[2024-12-07T02:12:10.710-0300] {processor.py:186} INFO - Started process (PID=35943) to work on /home/crisu/miniconda3/envs/lab13.1/lib/python3.9/site-packages/airflow/example_dags/example_dataset_alias_with_no_taskflow.py
[2024-12-07T02:12:10.728-0300] {processor.py:914} INFO - Processing file /home/crisu/miniconda3/envs/lab13.1/lib/python3.9/site-packages/airflow/example_dags/example_dataset_alias_with_no_taskflow.py for tasks to queue
[2024-12-07T02:12:10.729-0300] {logging_mixin.py:190} INFO - [2024-12-07T02:12:10.729-0300] {dagbag.py:588} INFO - Filling up the DagBag from /home/crisu/miniconda3/envs/lab13.1/lib/python3.9/site-packages/airflow/example_dags/example_dataset_alias_with_no_taskflow.py
[2024-12-07T02:12:10.748-0300] {processor.py:925} INFO - DAG(s) 'dataset_alias_example_alias_consumer_with_no_taskflow', 'dataset_s3_bucket_consumer_with_no_taskflow', 'dataset_alias_example_alias_producer_with_no_taskflow', 'dataset_s3_bucket_producer_with_no_taskflow' retrieved from /home/crisu/miniconda3/envs/lab13.1/lib/python3.9/site-packages/airflow/example_dags/example_dataset_alias_with_no_taskflow.py
[2024-12-07T02:12:10.765-0300] {logging_mixin.py:190} INFO - [2024-12-07T02:12:10.765-0300] {dag.py:3239} INFO - Sync 4 DAGs
[2024-12-07T02:12:10.787-0300] {logging_mixin.py:190} INFO - [2024-12-07T02:12:10.787-0300] {dag.py:4180} INFO - Setting next_dagrun for dataset_alias_example_alias_consumer_with_no_taskflow to None, run_after=None
[2024-12-07T02:12:10.791-0300] {logging_mixin.py:190} INFO - [2024-12-07T02:12:10.791-0300] {dag.py:4180} INFO - Setting next_dagrun for dataset_alias_example_alias_producer_with_no_taskflow to None, run_after=None
[2024-12-07T02:12:10.792-0300] {logging_mixin.py:190} INFO - [2024-12-07T02:12:10.792-0300] {dag.py:4180} INFO - Setting next_dagrun for dataset_s3_bucket_consumer_with_no_taskflow to None, run_after=None
[2024-12-07T02:12:10.793-0300] {logging_mixin.py:190} INFO - [2024-12-07T02:12:10.793-0300] {dag.py:4180} INFO - Setting next_dagrun for dataset_s3_bucket_producer_with_no_taskflow to None, run_after=None
[2024-12-07T02:12:10.863-0300] {processor.py:208} INFO - Processing /home/crisu/miniconda3/envs/lab13.1/lib/python3.9/site-packages/airflow/example_dags/example_dataset_alias_with_no_taskflow.py took 0.160 seconds
[2024-12-07T02:14:23.667-0300] {processor.py:186} INFO - Started process (PID=36260) to work on /home/crisu/miniconda3/envs/lab13.1/lib/python3.9/site-packages/airflow/example_dags/example_dataset_alias_with_no_taskflow.py
[2024-12-07T02:14:23.723-0300] {processor.py:914} INFO - Processing file /home/crisu/miniconda3/envs/lab13.1/lib/python3.9/site-packages/airflow/example_dags/example_dataset_alias_with_no_taskflow.py for tasks to queue
[2024-12-07T02:14:23.726-0300] {logging_mixin.py:190} INFO - [2024-12-07T02:14:23.725-0300] {dagbag.py:588} INFO - Filling up the DagBag from /home/crisu/miniconda3/envs/lab13.1/lib/python3.9/site-packages/airflow/example_dags/example_dataset_alias_with_no_taskflow.py
[2024-12-07T02:14:23.748-0300] {processor.py:925} INFO - DAG(s) 'dataset_alias_example_alias_consumer_with_no_taskflow', 'dataset_s3_bucket_consumer_with_no_taskflow', 'dataset_alias_example_alias_producer_with_no_taskflow', 'dataset_s3_bucket_producer_with_no_taskflow' retrieved from /home/crisu/miniconda3/envs/lab13.1/lib/python3.9/site-packages/airflow/example_dags/example_dataset_alias_with_no_taskflow.py
[2024-12-07T02:14:23.772-0300] {logging_mixin.py:190} INFO - [2024-12-07T02:14:23.771-0300] {dag.py:3239} INFO - Sync 4 DAGs
[2024-12-07T02:14:23.794-0300] {logging_mixin.py:190} INFO - [2024-12-07T02:14:23.794-0300] {dag.py:4180} INFO - Setting next_dagrun for dataset_alias_example_alias_consumer_with_no_taskflow to None, run_after=None
[2024-12-07T02:14:23.796-0300] {logging_mixin.py:190} INFO - [2024-12-07T02:14:23.796-0300] {dag.py:4180} INFO - Setting next_dagrun for dataset_alias_example_alias_producer_with_no_taskflow to None, run_after=None
[2024-12-07T02:14:23.798-0300] {logging_mixin.py:190} INFO - [2024-12-07T02:14:23.797-0300] {dag.py:4180} INFO - Setting next_dagrun for dataset_s3_bucket_consumer_with_no_taskflow to None, run_after=None
[2024-12-07T02:14:23.799-0300] {logging_mixin.py:190} INFO - [2024-12-07T02:14:23.799-0300] {dag.py:4180} INFO - Setting next_dagrun for dataset_s3_bucket_producer_with_no_taskflow to None, run_after=None
[2024-12-07T02:14:23.867-0300] {processor.py:208} INFO - Processing /home/crisu/miniconda3/envs/lab13.1/lib/python3.9/site-packages/airflow/example_dags/example_dataset_alias_with_no_taskflow.py took 0.208 seconds
[2024-12-07T02:16:35.465-0300] {processor.py:186} INFO - Started process (PID=36476) to work on /home/crisu/miniconda3/envs/lab13.1/lib/python3.9/site-packages/airflow/example_dags/example_dataset_alias_with_no_taskflow.py
[2024-12-07T02:16:35.483-0300] {processor.py:914} INFO - Processing file /home/crisu/miniconda3/envs/lab13.1/lib/python3.9/site-packages/airflow/example_dags/example_dataset_alias_with_no_taskflow.py for tasks to queue
[2024-12-07T02:16:35.485-0300] {logging_mixin.py:190} INFO - [2024-12-07T02:16:35.485-0300] {dagbag.py:588} INFO - Filling up the DagBag from /home/crisu/miniconda3/envs/lab13.1/lib/python3.9/site-packages/airflow/example_dags/example_dataset_alias_with_no_taskflow.py
[2024-12-07T02:16:35.505-0300] {processor.py:925} INFO - DAG(s) 'dataset_alias_example_alias_producer_with_no_taskflow', 'dataset_s3_bucket_consumer_with_no_taskflow', 'dataset_s3_bucket_producer_with_no_taskflow', 'dataset_alias_example_alias_consumer_with_no_taskflow' retrieved from /home/crisu/miniconda3/envs/lab13.1/lib/python3.9/site-packages/airflow/example_dags/example_dataset_alias_with_no_taskflow.py
[2024-12-07T02:16:35.523-0300] {logging_mixin.py:190} INFO - [2024-12-07T02:16:35.522-0300] {dag.py:3239} INFO - Sync 4 DAGs
[2024-12-07T02:16:35.542-0300] {logging_mixin.py:190} INFO - [2024-12-07T02:16:35.542-0300] {dag.py:4180} INFO - Setting next_dagrun for dataset_alias_example_alias_consumer_with_no_taskflow to None, run_after=None
[2024-12-07T02:16:35.545-0300] {logging_mixin.py:190} INFO - [2024-12-07T02:16:35.545-0300] {dag.py:4180} INFO - Setting next_dagrun for dataset_alias_example_alias_producer_with_no_taskflow to None, run_after=None
[2024-12-07T02:16:35.546-0300] {logging_mixin.py:190} INFO - [2024-12-07T02:16:35.546-0300] {dag.py:4180} INFO - Setting next_dagrun for dataset_s3_bucket_consumer_with_no_taskflow to None, run_after=None
[2024-12-07T02:16:35.547-0300] {logging_mixin.py:190} INFO - [2024-12-07T02:16:35.547-0300] {dag.py:4180} INFO - Setting next_dagrun for dataset_s3_bucket_producer_with_no_taskflow to None, run_after=None
[2024-12-07T02:16:35.614-0300] {processor.py:208} INFO - Processing /home/crisu/miniconda3/envs/lab13.1/lib/python3.9/site-packages/airflow/example_dags/example_dataset_alias_with_no_taskflow.py took 0.158 seconds
[2024-12-07T02:18:04.741-0300] {processor.py:186} INFO - Started process (PID=36634) to work on /home/crisu/miniconda3/envs/lab13.1/lib/python3.9/site-packages/airflow/example_dags/example_dataset_alias_with_no_taskflow.py
[2024-12-07T02:18:04.754-0300] {processor.py:914} INFO - Processing file /home/crisu/miniconda3/envs/lab13.1/lib/python3.9/site-packages/airflow/example_dags/example_dataset_alias_with_no_taskflow.py for tasks to queue
[2024-12-07T02:18:04.756-0300] {logging_mixin.py:190} INFO - [2024-12-07T02:18:04.756-0300] {dagbag.py:588} INFO - Filling up the DagBag from /home/crisu/miniconda3/envs/lab13.1/lib/python3.9/site-packages/airflow/example_dags/example_dataset_alias_with_no_taskflow.py
[2024-12-07T02:18:04.777-0300] {processor.py:925} INFO - DAG(s) 'dataset_s3_bucket_consumer_with_no_taskflow', 'dataset_s3_bucket_producer_with_no_taskflow', 'dataset_alias_example_alias_consumer_with_no_taskflow', 'dataset_alias_example_alias_producer_with_no_taskflow' retrieved from /home/crisu/miniconda3/envs/lab13.1/lib/python3.9/site-packages/airflow/example_dags/example_dataset_alias_with_no_taskflow.py
[2024-12-07T02:18:04.798-0300] {logging_mixin.py:190} INFO - [2024-12-07T02:18:04.797-0300] {dag.py:3239} INFO - Sync 4 DAGs
[2024-12-07T02:18:04.815-0300] {logging_mixin.py:190} INFO - [2024-12-07T02:18:04.815-0300] {dag.py:4180} INFO - Setting next_dagrun for dataset_alias_example_alias_consumer_with_no_taskflow to None, run_after=None
[2024-12-07T02:18:04.817-0300] {logging_mixin.py:190} INFO - [2024-12-07T02:18:04.817-0300] {dag.py:4180} INFO - Setting next_dagrun for dataset_alias_example_alias_producer_with_no_taskflow to None, run_after=None
[2024-12-07T02:18:04.818-0300] {logging_mixin.py:190} INFO - [2024-12-07T02:18:04.818-0300] {dag.py:4180} INFO - Setting next_dagrun for dataset_s3_bucket_consumer_with_no_taskflow to None, run_after=None
[2024-12-07T02:18:04.819-0300] {logging_mixin.py:190} INFO - [2024-12-07T02:18:04.819-0300] {dag.py:4180} INFO - Setting next_dagrun for dataset_s3_bucket_producer_with_no_taskflow to None, run_after=None
[2024-12-07T02:18:04.983-0300] {processor.py:208} INFO - Processing /home/crisu/miniconda3/envs/lab13.1/lib/python3.9/site-packages/airflow/example_dags/example_dataset_alias_with_no_taskflow.py took 0.250 seconds
[2024-12-07T02:32:14.599-0300] {processor.py:186} INFO - Started process (PID=38042) to work on /home/crisu/miniconda3/envs/lab13.1/lib/python3.9/site-packages/airflow/example_dags/example_dataset_alias_with_no_taskflow.py
[2024-12-07T02:32:14.601-0300] {processor.py:914} INFO - Processing file /home/crisu/miniconda3/envs/lab13.1/lib/python3.9/site-packages/airflow/example_dags/example_dataset_alias_with_no_taskflow.py for tasks to queue
[2024-12-07T02:32:14.604-0300] {logging_mixin.py:190} INFO - [2024-12-07T02:32:14.603-0300] {dagbag.py:588} INFO - Filling up the DagBag from /home/crisu/miniconda3/envs/lab13.1/lib/python3.9/site-packages/airflow/example_dags/example_dataset_alias_with_no_taskflow.py
[2024-12-07T02:32:14.625-0300] {processor.py:925} INFO - DAG(s) 'dataset_alias_example_alias_consumer_with_no_taskflow', 'dataset_s3_bucket_consumer_with_no_taskflow', 'dataset_s3_bucket_producer_with_no_taskflow', 'dataset_alias_example_alias_producer_with_no_taskflow' retrieved from /home/crisu/miniconda3/envs/lab13.1/lib/python3.9/site-packages/airflow/example_dags/example_dataset_alias_with_no_taskflow.py
[2024-12-07T02:32:14.645-0300] {logging_mixin.py:190} INFO - [2024-12-07T02:32:14.645-0300] {dag.py:3239} INFO - Sync 4 DAGs
[2024-12-07T02:32:14.677-0300] {logging_mixin.py:190} INFO - [2024-12-07T02:32:14.676-0300] {dag.py:4180} INFO - Setting next_dagrun for dataset_alias_example_alias_consumer_with_no_taskflow to None, run_after=None
[2024-12-07T02:32:14.680-0300] {logging_mixin.py:190} INFO - [2024-12-07T02:32:14.680-0300] {dag.py:4180} INFO - Setting next_dagrun for dataset_alias_example_alias_producer_with_no_taskflow to None, run_after=None
[2024-12-07T02:32:14.682-0300] {logging_mixin.py:190} INFO - [2024-12-07T02:32:14.682-0300] {dag.py:4180} INFO - Setting next_dagrun for dataset_s3_bucket_consumer_with_no_taskflow to None, run_after=None
[2024-12-07T02:32:14.684-0300] {logging_mixin.py:190} INFO - [2024-12-07T02:32:14.683-0300] {dag.py:4180} INFO - Setting next_dagrun for dataset_s3_bucket_producer_with_no_taskflow to None, run_after=None
[2024-12-07T02:32:15.362-0300] {processor.py:208} INFO - Processing /home/crisu/miniconda3/envs/lab13.1/lib/python3.9/site-packages/airflow/example_dags/example_dataset_alias_with_no_taskflow.py took 0.772 seconds
[2024-12-07T02:34:09.196-0300] {processor.py:186} INFO - Started process (PID=38281) to work on /home/crisu/miniconda3/envs/lab13.1/lib/python3.9/site-packages/airflow/example_dags/example_dataset_alias_with_no_taskflow.py
[2024-12-07T02:34:09.208-0300] {processor.py:914} INFO - Processing file /home/crisu/miniconda3/envs/lab13.1/lib/python3.9/site-packages/airflow/example_dags/example_dataset_alias_with_no_taskflow.py for tasks to queue
[2024-12-07T02:34:09.210-0300] {logging_mixin.py:190} INFO - [2024-12-07T02:34:09.209-0300] {dagbag.py:588} INFO - Filling up the DagBag from /home/crisu/miniconda3/envs/lab13.1/lib/python3.9/site-packages/airflow/example_dags/example_dataset_alias_with_no_taskflow.py
[2024-12-07T02:34:09.229-0300] {processor.py:925} INFO - DAG(s) 'dataset_s3_bucket_consumer_with_no_taskflow', 'dataset_alias_example_alias_consumer_with_no_taskflow', 'dataset_alias_example_alias_producer_with_no_taskflow', 'dataset_s3_bucket_producer_with_no_taskflow' retrieved from /home/crisu/miniconda3/envs/lab13.1/lib/python3.9/site-packages/airflow/example_dags/example_dataset_alias_with_no_taskflow.py
[2024-12-07T02:34:09.247-0300] {logging_mixin.py:190} INFO - [2024-12-07T02:34:09.247-0300] {dag.py:3239} INFO - Sync 4 DAGs
[2024-12-07T02:34:09.265-0300] {logging_mixin.py:190} INFO - [2024-12-07T02:34:09.265-0300] {dag.py:4180} INFO - Setting next_dagrun for dataset_alias_example_alias_consumer_with_no_taskflow to None, run_after=None
[2024-12-07T02:34:09.356-0300] {logging_mixin.py:190} INFO - [2024-12-07T02:34:09.356-0300] {dag.py:4180} INFO - Setting next_dagrun for dataset_alias_example_alias_producer_with_no_taskflow to None, run_after=None
[2024-12-07T02:34:09.357-0300] {logging_mixin.py:190} INFO - [2024-12-07T02:34:09.357-0300] {dag.py:4180} INFO - Setting next_dagrun for dataset_s3_bucket_consumer_with_no_taskflow to None, run_after=None
[2024-12-07T02:34:09.357-0300] {logging_mixin.py:190} INFO - [2024-12-07T02:34:09.357-0300] {dag.py:4180} INFO - Setting next_dagrun for dataset_s3_bucket_producer_with_no_taskflow to None, run_after=None
[2024-12-07T02:34:09.420-0300] {processor.py:208} INFO - Processing /home/crisu/miniconda3/envs/lab13.1/lib/python3.9/site-packages/airflow/example_dags/example_dataset_alias_with_no_taskflow.py took 0.229 seconds
[2024-12-07T02:37:57.547-0300] {processor.py:186} INFO - Started process (PID=38690) to work on /home/crisu/miniconda3/envs/lab13.1/lib/python3.9/site-packages/airflow/example_dags/example_dataset_alias_with_no_taskflow.py
[2024-12-07T02:37:57.549-0300] {processor.py:914} INFO - Processing file /home/crisu/miniconda3/envs/lab13.1/lib/python3.9/site-packages/airflow/example_dags/example_dataset_alias_with_no_taskflow.py for tasks to queue
[2024-12-07T02:37:57.550-0300] {logging_mixin.py:190} INFO - [2024-12-07T02:37:57.550-0300] {dagbag.py:588} INFO - Filling up the DagBag from /home/crisu/miniconda3/envs/lab13.1/lib/python3.9/site-packages/airflow/example_dags/example_dataset_alias_with_no_taskflow.py
[2024-12-07T02:37:57.569-0300] {processor.py:925} INFO - DAG(s) 'dataset_s3_bucket_producer_with_no_taskflow', 'dataset_alias_example_alias_producer_with_no_taskflow', 'dataset_alias_example_alias_consumer_with_no_taskflow', 'dataset_s3_bucket_consumer_with_no_taskflow' retrieved from /home/crisu/miniconda3/envs/lab13.1/lib/python3.9/site-packages/airflow/example_dags/example_dataset_alias_with_no_taskflow.py
[2024-12-07T02:37:57.586-0300] {logging_mixin.py:190} INFO - [2024-12-07T02:37:57.586-0300] {dag.py:3239} INFO - Sync 4 DAGs
[2024-12-07T02:37:57.689-0300] {logging_mixin.py:190} INFO - [2024-12-07T02:37:57.689-0300] {dag.py:4180} INFO - Setting next_dagrun for dataset_alias_example_alias_consumer_with_no_taskflow to None, run_after=None
[2024-12-07T02:37:57.691-0300] {logging_mixin.py:190} INFO - [2024-12-07T02:37:57.691-0300] {dag.py:4180} INFO - Setting next_dagrun for dataset_alias_example_alias_producer_with_no_taskflow to None, run_after=None
[2024-12-07T02:37:57.692-0300] {logging_mixin.py:190} INFO - [2024-12-07T02:37:57.692-0300] {dag.py:4180} INFO - Setting next_dagrun for dataset_s3_bucket_consumer_with_no_taskflow to None, run_after=None
[2024-12-07T02:37:57.693-0300] {logging_mixin.py:190} INFO - [2024-12-07T02:37:57.693-0300] {dag.py:4180} INFO - Setting next_dagrun for dataset_s3_bucket_producer_with_no_taskflow to None, run_after=None
[2024-12-07T02:37:58.672-0300] {processor.py:208} INFO - Processing /home/crisu/miniconda3/envs/lab13.1/lib/python3.9/site-packages/airflow/example_dags/example_dataset_alias_with_no_taskflow.py took 1.129 seconds
[2024-12-07T02:40:49.612-0300] {processor.py:186} INFO - Started process (PID=38924) to work on /home/crisu/miniconda3/envs/lab13.1/lib/python3.9/site-packages/airflow/example_dags/example_dataset_alias_with_no_taskflow.py
[2024-12-07T02:40:49.636-0300] {processor.py:914} INFO - Processing file /home/crisu/miniconda3/envs/lab13.1/lib/python3.9/site-packages/airflow/example_dags/example_dataset_alias_with_no_taskflow.py for tasks to queue
[2024-12-07T02:40:49.638-0300] {logging_mixin.py:190} INFO - [2024-12-07T02:40:49.638-0300] {dagbag.py:588} INFO - Filling up the DagBag from /home/crisu/miniconda3/envs/lab13.1/lib/python3.9/site-packages/airflow/example_dags/example_dataset_alias_with_no_taskflow.py
[2024-12-07T02:40:49.657-0300] {processor.py:925} INFO - DAG(s) 'dataset_alias_example_alias_consumer_with_no_taskflow', 'dataset_s3_bucket_consumer_with_no_taskflow', 'dataset_s3_bucket_producer_with_no_taskflow', 'dataset_alias_example_alias_producer_with_no_taskflow' retrieved from /home/crisu/miniconda3/envs/lab13.1/lib/python3.9/site-packages/airflow/example_dags/example_dataset_alias_with_no_taskflow.py
[2024-12-07T02:40:49.674-0300] {logging_mixin.py:190} INFO - [2024-12-07T02:40:49.674-0300] {dag.py:3239} INFO - Sync 4 DAGs
[2024-12-07T02:40:49.691-0300] {logging_mixin.py:190} INFO - [2024-12-07T02:40:49.691-0300] {dag.py:4180} INFO - Setting next_dagrun for dataset_alias_example_alias_consumer_with_no_taskflow to None, run_after=None
[2024-12-07T02:40:49.693-0300] {logging_mixin.py:190} INFO - [2024-12-07T02:40:49.693-0300] {dag.py:4180} INFO - Setting next_dagrun for dataset_alias_example_alias_producer_with_no_taskflow to None, run_after=None
[2024-12-07T02:40:49.694-0300] {logging_mixin.py:190} INFO - [2024-12-07T02:40:49.694-0300] {dag.py:4180} INFO - Setting next_dagrun for dataset_s3_bucket_consumer_with_no_taskflow to None, run_after=None
[2024-12-07T02:40:49.695-0300] {logging_mixin.py:190} INFO - [2024-12-07T02:40:49.695-0300] {dag.py:4180} INFO - Setting next_dagrun for dataset_s3_bucket_producer_with_no_taskflow to None, run_after=None
[2024-12-07T02:40:49.790-0300] {processor.py:208} INFO - Processing /home/crisu/miniconda3/envs/lab13.1/lib/python3.9/site-packages/airflow/example_dags/example_dataset_alias_with_no_taskflow.py took 0.183 seconds
[2024-12-07T02:42:02.144-0300] {processor.py:186} INFO - Started process (PID=39059) to work on /home/crisu/miniconda3/envs/lab13.1/lib/python3.9/site-packages/airflow/example_dags/example_dataset_alias_with_no_taskflow.py
[2024-12-07T02:42:02.158-0300] {processor.py:914} INFO - Processing file /home/crisu/miniconda3/envs/lab13.1/lib/python3.9/site-packages/airflow/example_dags/example_dataset_alias_with_no_taskflow.py for tasks to queue
[2024-12-07T02:42:02.159-0300] {logging_mixin.py:190} INFO - [2024-12-07T02:42:02.159-0300] {dagbag.py:588} INFO - Filling up the DagBag from /home/crisu/miniconda3/envs/lab13.1/lib/python3.9/site-packages/airflow/example_dags/example_dataset_alias_with_no_taskflow.py
[2024-12-07T02:42:02.179-0300] {processor.py:925} INFO - DAG(s) 'dataset_s3_bucket_producer_with_no_taskflow', 'dataset_s3_bucket_consumer_with_no_taskflow', 'dataset_alias_example_alias_producer_with_no_taskflow', 'dataset_alias_example_alias_consumer_with_no_taskflow' retrieved from /home/crisu/miniconda3/envs/lab13.1/lib/python3.9/site-packages/airflow/example_dags/example_dataset_alias_with_no_taskflow.py
[2024-12-07T02:42:02.196-0300] {logging_mixin.py:190} INFO - [2024-12-07T02:42:02.196-0300] {dag.py:3239} INFO - Sync 4 DAGs
[2024-12-07T02:42:02.214-0300] {logging_mixin.py:190} INFO - [2024-12-07T02:42:02.214-0300] {dag.py:4180} INFO - Setting next_dagrun for dataset_alias_example_alias_consumer_with_no_taskflow to None, run_after=None
[2024-12-07T02:42:02.216-0300] {logging_mixin.py:190} INFO - [2024-12-07T02:42:02.216-0300] {dag.py:4180} INFO - Setting next_dagrun for dataset_alias_example_alias_producer_with_no_taskflow to None, run_after=None
[2024-12-07T02:42:02.217-0300] {logging_mixin.py:190} INFO - [2024-12-07T02:42:02.217-0300] {dag.py:4180} INFO - Setting next_dagrun for dataset_s3_bucket_consumer_with_no_taskflow to None, run_after=None
[2024-12-07T02:42:02.218-0300] {logging_mixin.py:190} INFO - [2024-12-07T02:42:02.217-0300] {dag.py:4180} INFO - Setting next_dagrun for dataset_s3_bucket_producer_with_no_taskflow to None, run_after=None
[2024-12-07T02:42:02.275-0300] {processor.py:208} INFO - Processing /home/crisu/miniconda3/envs/lab13.1/lib/python3.9/site-packages/airflow/example_dags/example_dataset_alias_with_no_taskflow.py took 0.136 seconds
[2024-12-07T02:45:15.516-0300] {processor.py:186} INFO - Started process (PID=39747) to work on /home/crisu/miniconda3/envs/lab13.1/lib/python3.9/site-packages/airflow/example_dags/example_dataset_alias_with_no_taskflow.py
[2024-12-07T02:45:15.517-0300] {processor.py:914} INFO - Processing file /home/crisu/miniconda3/envs/lab13.1/lib/python3.9/site-packages/airflow/example_dags/example_dataset_alias_with_no_taskflow.py for tasks to queue
[2024-12-07T02:45:15.519-0300] {logging_mixin.py:190} INFO - [2024-12-07T02:45:15.518-0300] {dagbag.py:588} INFO - Filling up the DagBag from /home/crisu/miniconda3/envs/lab13.1/lib/python3.9/site-packages/airflow/example_dags/example_dataset_alias_with_no_taskflow.py
[2024-12-07T02:45:15.540-0300] {processor.py:925} INFO - DAG(s) 'dataset_s3_bucket_producer_with_no_taskflow', 'dataset_alias_example_alias_consumer_with_no_taskflow', 'dataset_s3_bucket_consumer_with_no_taskflow', 'dataset_alias_example_alias_producer_with_no_taskflow' retrieved from /home/crisu/miniconda3/envs/lab13.1/lib/python3.9/site-packages/airflow/example_dags/example_dataset_alias_with_no_taskflow.py
[2024-12-07T02:45:15.559-0300] {logging_mixin.py:190} INFO - [2024-12-07T02:45:15.559-0300] {dag.py:3239} INFO - Sync 4 DAGs
[2024-12-07T02:45:15.580-0300] {logging_mixin.py:190} INFO - [2024-12-07T02:45:15.580-0300] {dag.py:4180} INFO - Setting next_dagrun for dataset_alias_example_alias_consumer_with_no_taskflow to None, run_after=None
[2024-12-07T02:45:15.582-0300] {logging_mixin.py:190} INFO - [2024-12-07T02:45:15.582-0300] {dag.py:4180} INFO - Setting next_dagrun for dataset_alias_example_alias_producer_with_no_taskflow to None, run_after=None
[2024-12-07T02:45:15.583-0300] {logging_mixin.py:190} INFO - [2024-12-07T02:45:15.583-0300] {dag.py:4180} INFO - Setting next_dagrun for dataset_s3_bucket_consumer_with_no_taskflow to None, run_after=None
[2024-12-07T02:45:15.584-0300] {logging_mixin.py:190} INFO - [2024-12-07T02:45:15.584-0300] {dag.py:4180} INFO - Setting next_dagrun for dataset_s3_bucket_producer_with_no_taskflow to None, run_after=None
[2024-12-07T02:45:15.646-0300] {processor.py:208} INFO - Processing /home/crisu/miniconda3/envs/lab13.1/lib/python3.9/site-packages/airflow/example_dags/example_dataset_alias_with_no_taskflow.py took 0.136 seconds
[2024-12-07T02:50:36.072-0300] {processor.py:186} INFO - Started process (PID=40834) to work on /home/crisu/miniconda3/envs/lab13.1/lib/python3.9/site-packages/airflow/example_dags/example_dataset_alias_with_no_taskflow.py
[2024-12-07T02:50:36.073-0300] {processor.py:914} INFO - Processing file /home/crisu/miniconda3/envs/lab13.1/lib/python3.9/site-packages/airflow/example_dags/example_dataset_alias_with_no_taskflow.py for tasks to queue
[2024-12-07T02:50:36.075-0300] {logging_mixin.py:190} INFO - [2024-12-07T02:50:36.075-0300] {dagbag.py:588} INFO - Filling up the DagBag from /home/crisu/miniconda3/envs/lab13.1/lib/python3.9/site-packages/airflow/example_dags/example_dataset_alias_with_no_taskflow.py
[2024-12-07T02:50:36.094-0300] {processor.py:925} INFO - DAG(s) 'dataset_s3_bucket_consumer_with_no_taskflow', 'dataset_alias_example_alias_consumer_with_no_taskflow', 'dataset_s3_bucket_producer_with_no_taskflow', 'dataset_alias_example_alias_producer_with_no_taskflow' retrieved from /home/crisu/miniconda3/envs/lab13.1/lib/python3.9/site-packages/airflow/example_dags/example_dataset_alias_with_no_taskflow.py
[2024-12-07T02:50:36.117-0300] {logging_mixin.py:190} INFO - [2024-12-07T02:50:36.117-0300] {dag.py:3239} INFO - Sync 4 DAGs
[2024-12-07T02:50:36.137-0300] {logging_mixin.py:190} INFO - [2024-12-07T02:50:36.137-0300] {dag.py:4180} INFO - Setting next_dagrun for dataset_alias_example_alias_consumer_with_no_taskflow to None, run_after=None
[2024-12-07T02:50:36.140-0300] {logging_mixin.py:190} INFO - [2024-12-07T02:50:36.140-0300] {dag.py:4180} INFO - Setting next_dagrun for dataset_alias_example_alias_producer_with_no_taskflow to None, run_after=None
[2024-12-07T02:50:36.141-0300] {logging_mixin.py:190} INFO - [2024-12-07T02:50:36.141-0300] {dag.py:4180} INFO - Setting next_dagrun for dataset_s3_bucket_consumer_with_no_taskflow to None, run_after=None
[2024-12-07T02:50:36.142-0300] {logging_mixin.py:190} INFO - [2024-12-07T02:50:36.142-0300] {dag.py:4180} INFO - Setting next_dagrun for dataset_s3_bucket_producer_with_no_taskflow to None, run_after=None
[2024-12-07T02:50:36.231-0300] {processor.py:208} INFO - Processing /home/crisu/miniconda3/envs/lab13.1/lib/python3.9/site-packages/airflow/example_dags/example_dataset_alias_with_no_taskflow.py took 0.167 seconds
[2024-12-07T03:21:24.817-0300] {processor.py:186} INFO - Started process (PID=42724) to work on /home/crisu/miniconda3/envs/lab13.1/lib/python3.9/site-packages/airflow/example_dags/example_dataset_alias_with_no_taskflow.py
[2024-12-07T03:21:24.883-0300] {processor.py:914} INFO - Processing file /home/crisu/miniconda3/envs/lab13.1/lib/python3.9/site-packages/airflow/example_dags/example_dataset_alias_with_no_taskflow.py for tasks to queue
[2024-12-07T03:21:24.884-0300] {logging_mixin.py:190} INFO - [2024-12-07T03:21:24.884-0300] {dagbag.py:588} INFO - Filling up the DagBag from /home/crisu/miniconda3/envs/lab13.1/lib/python3.9/site-packages/airflow/example_dags/example_dataset_alias_with_no_taskflow.py
[2024-12-07T03:21:32.849-0300] {logging_mixin.py:190} INFO - [2024-12-07T03:21:32.843-0300] {dagbag.py:387} ERROR - Failed to import: /home/crisu/miniconda3/envs/lab13.1/lib/python3.9/site-packages/airflow/example_dags/example_dataset_alias_with_no_taskflow.py
Traceback (most recent call last):
  File "/home/crisu/miniconda3/envs/lab13.1/lib/python3.9/site-packages/sqlalchemy/engine/base.py", line 1910, in _execute_context
    self.dialect.do_execute(
  File "/home/crisu/miniconda3/envs/lab13.1/lib/python3.9/site-packages/sqlalchemy/engine/default.py", line 736, in do_execute
    cursor.execute(statement, parameters)
sqlite3.OperationalError: database is locked

The above exception was the direct cause of the following exception:

Traceback (most recent call last):
  File "/home/crisu/miniconda3/envs/lab13.1/lib/python3.9/site-packages/airflow/models/dagbag.py", line 383, in parse
    loader.exec_module(new_module)
  File "<frozen importlib._bootstrap_external>", line 850, in exec_module
  File "<frozen importlib._bootstrap>", line 228, in _call_with_frames_removed
  File "/home/crisu/miniconda3/envs/lab13.1/lib/python3.9/site-packages/airflow/example_dags/example_dataset_alias_with_no_taskflow.py", line 92, in <module>
    with DAG(
  File "/home/crisu/miniconda3/envs/lab13.1/lib/python3.9/site-packages/airflow/models/dag.py", line 686, in __init__
    self.timetable = DatasetTriggeredTimetable(DatasetAll(*schedule))
  File "/home/crisu/miniconda3/envs/lab13.1/lib/python3.9/site-packages/airflow/datasets/__init__.py", line 330, in __init__
    self.objects = [
  File "/home/crisu/miniconda3/envs/lab13.1/lib/python3.9/site-packages/airflow/datasets/__init__.py", line 331, in <listcomp>
    _DatasetAliasCondition(obj.name) if isinstance(obj, DatasetAlias) else obj for obj in objects
  File "/home/crisu/miniconda3/envs/lab13.1/lib/python3.9/site-packages/airflow/datasets/__init__.py", line 393, in __init__
    self.objects = expand_alias_to_datasets(name)
  File "/home/crisu/miniconda3/envs/lab13.1/lib/python3.9/site-packages/airflow/api_internal/internal_api_call.py", line 166, in wrapper
    return func(*args, **kwargs)
  File "/home/crisu/miniconda3/envs/lab13.1/lib/python3.9/site-packages/airflow/utils/session.py", line 97, in wrapper
    return func(*args, session=session, **kwargs)
  File "/home/crisu/miniconda3/envs/lab13.1/lib/python3.9/site-packages/airflow/datasets/__init__.py", line 152, in expand_alias_to_datasets
    dataset_alias_obj = session.scalar(
  File "/home/crisu/miniconda3/envs/lab13.1/lib/python3.9/site-packages/sqlalchemy/orm/session.py", line 1747, in scalar
    return self.execute(
  File "/home/crisu/miniconda3/envs/lab13.1/lib/python3.9/site-packages/sqlalchemy/orm/session.py", line 1717, in execute
    result = conn._execute_20(statement, params or {}, execution_options)
  File "/home/crisu/miniconda3/envs/lab13.1/lib/python3.9/site-packages/sqlalchemy/engine/base.py", line 1710, in _execute_20
    return meth(self, args_10style, kwargs_10style, execution_options)
  File "/home/crisu/miniconda3/envs/lab13.1/lib/python3.9/site-packages/sqlalchemy/sql/elements.py", line 334, in _execute_on_connection
    return connection._execute_clauseelement(
  File "/home/crisu/miniconda3/envs/lab13.1/lib/python3.9/site-packages/sqlalchemy/engine/base.py", line 1577, in _execute_clauseelement
    ret = self._execute_context(
  File "/home/crisu/miniconda3/envs/lab13.1/lib/python3.9/site-packages/sqlalchemy/engine/base.py", line 1953, in _execute_context
    self._handle_dbapi_exception(
  File "/home/crisu/miniconda3/envs/lab13.1/lib/python3.9/site-packages/sqlalchemy/engine/base.py", line 2134, in _handle_dbapi_exception
    util.raise_(
  File "/home/crisu/miniconda3/envs/lab13.1/lib/python3.9/site-packages/sqlalchemy/util/compat.py", line 211, in raise_
    raise exception
  File "/home/crisu/miniconda3/envs/lab13.1/lib/python3.9/site-packages/sqlalchemy/engine/base.py", line 1910, in _execute_context
    self.dialect.do_execute(
  File "/home/crisu/miniconda3/envs/lab13.1/lib/python3.9/site-packages/sqlalchemy/engine/default.py", line 736, in do_execute
    cursor.execute(statement, parameters)
sqlalchemy.exc.OperationalError: (sqlite3.OperationalError) database is locked
[SQL: SELECT dataset_alias.id, dataset_alias.name 
FROM dataset_alias 
WHERE dataset_alias.name = ?
 LIMIT ? OFFSET ?]
[parameters: ('example-alias-no-taskflow', 1, 0)]
(Background on this error at: https://sqlalche.me/e/14/e3q8)
[2024-12-07T03:21:32.849-0300] {processor.py:927} WARNING - No viable dags retrieved from /home/crisu/miniconda3/envs/lab13.1/lib/python3.9/site-packages/airflow/example_dags/example_dataset_alias_with_no_taskflow.py
[2024-12-07T03:21:37.311-0300] {processor.py:208} INFO - Processing /home/crisu/miniconda3/envs/lab13.1/lib/python3.9/site-packages/airflow/example_dags/example_dataset_alias_with_no_taskflow.py took 12.500 seconds
[2024-12-07T03:28:03.040-0300] {processor.py:186} INFO - Started process (PID=43658) to work on /home/crisu/miniconda3/envs/lab13.1/lib/python3.9/site-packages/airflow/example_dags/example_dataset_alias_with_no_taskflow.py
[2024-12-07T03:28:03.042-0300] {processor.py:914} INFO - Processing file /home/crisu/miniconda3/envs/lab13.1/lib/python3.9/site-packages/airflow/example_dags/example_dataset_alias_with_no_taskflow.py for tasks to queue
[2024-12-07T03:28:03.044-0300] {logging_mixin.py:190} INFO - [2024-12-07T03:28:03.043-0300] {dagbag.py:588} INFO - Filling up the DagBag from /home/crisu/miniconda3/envs/lab13.1/lib/python3.9/site-packages/airflow/example_dags/example_dataset_alias_with_no_taskflow.py
[2024-12-07T03:28:03.062-0300] {processor.py:925} INFO - DAG(s) 'dataset_alias_example_alias_consumer_with_no_taskflow', 'dataset_s3_bucket_producer_with_no_taskflow', 'dataset_alias_example_alias_producer_with_no_taskflow', 'dataset_s3_bucket_consumer_with_no_taskflow' retrieved from /home/crisu/miniconda3/envs/lab13.1/lib/python3.9/site-packages/airflow/example_dags/example_dataset_alias_with_no_taskflow.py
[2024-12-07T03:28:03.239-0300] {logging_mixin.py:190} INFO - [2024-12-07T03:28:03.238-0300] {dag.py:3239} INFO - Sync 4 DAGs
[2024-12-07T03:28:03.255-0300] {logging_mixin.py:190} INFO - [2024-12-07T03:28:03.255-0300] {dag.py:4180} INFO - Setting next_dagrun for dataset_alias_example_alias_consumer_with_no_taskflow to None, run_after=None
[2024-12-07T03:28:03.257-0300] {logging_mixin.py:190} INFO - [2024-12-07T03:28:03.257-0300] {dag.py:4180} INFO - Setting next_dagrun for dataset_alias_example_alias_producer_with_no_taskflow to None, run_after=None
[2024-12-07T03:28:03.258-0300] {logging_mixin.py:190} INFO - [2024-12-07T03:28:03.258-0300] {dag.py:4180} INFO - Setting next_dagrun for dataset_s3_bucket_consumer_with_no_taskflow to None, run_after=None
[2024-12-07T03:28:03.259-0300] {logging_mixin.py:190} INFO - [2024-12-07T03:28:03.259-0300] {dag.py:4180} INFO - Setting next_dagrun for dataset_s3_bucket_producer_with_no_taskflow to None, run_after=None
[2024-12-07T03:28:03.375-0300] {processor.py:208} INFO - Processing /home/crisu/miniconda3/envs/lab13.1/lib/python3.9/site-packages/airflow/example_dags/example_dataset_alias_with_no_taskflow.py took 0.340 seconds
[2024-12-07T03:34:42.505-0300] {processor.py:186} INFO - Started process (PID=44663) to work on /home/crisu/miniconda3/envs/lab13.1/lib/python3.9/site-packages/airflow/example_dags/example_dataset_alias_with_no_taskflow.py
[2024-12-07T03:34:42.536-0300] {processor.py:914} INFO - Processing file /home/crisu/miniconda3/envs/lab13.1/lib/python3.9/site-packages/airflow/example_dags/example_dataset_alias_with_no_taskflow.py for tasks to queue
[2024-12-07T03:34:42.538-0300] {logging_mixin.py:190} INFO - [2024-12-07T03:34:42.537-0300] {dagbag.py:588} INFO - Filling up the DagBag from /home/crisu/miniconda3/envs/lab13.1/lib/python3.9/site-packages/airflow/example_dags/example_dataset_alias_with_no_taskflow.py
[2024-12-07T03:34:42.557-0300] {processor.py:925} INFO - DAG(s) 'dataset_alias_example_alias_producer_with_no_taskflow', 'dataset_s3_bucket_producer_with_no_taskflow', 'dataset_s3_bucket_consumer_with_no_taskflow', 'dataset_alias_example_alias_consumer_with_no_taskflow' retrieved from /home/crisu/miniconda3/envs/lab13.1/lib/python3.9/site-packages/airflow/example_dags/example_dataset_alias_with_no_taskflow.py
[2024-12-07T03:34:42.582-0300] {logging_mixin.py:190} INFO - [2024-12-07T03:34:42.582-0300] {dag.py:3239} INFO - Sync 4 DAGs
[2024-12-07T03:34:42.602-0300] {logging_mixin.py:190} INFO - [2024-12-07T03:34:42.602-0300] {dag.py:4180} INFO - Setting next_dagrun for dataset_alias_example_alias_consumer_with_no_taskflow to None, run_after=None
[2024-12-07T03:34:42.605-0300] {logging_mixin.py:190} INFO - [2024-12-07T03:34:42.605-0300] {dag.py:4180} INFO - Setting next_dagrun for dataset_alias_example_alias_producer_with_no_taskflow to None, run_after=None
[2024-12-07T03:34:42.606-0300] {logging_mixin.py:190} INFO - [2024-12-07T03:34:42.606-0300] {dag.py:4180} INFO - Setting next_dagrun for dataset_s3_bucket_consumer_with_no_taskflow to None, run_after=None
[2024-12-07T03:34:42.606-0300] {logging_mixin.py:190} INFO - [2024-12-07T03:34:42.606-0300] {dag.py:4180} INFO - Setting next_dagrun for dataset_s3_bucket_producer_with_no_taskflow to None, run_after=None
[2024-12-07T03:34:43.705-0300] {processor.py:208} INFO - Processing /home/crisu/miniconda3/envs/lab13.1/lib/python3.9/site-packages/airflow/example_dags/example_dataset_alias_with_no_taskflow.py took 1.208 seconds
[2024-12-07T03:36:46.411-0300] {processor.py:186} INFO - Started process (PID=44853) to work on /home/crisu/miniconda3/envs/lab13.1/lib/python3.9/site-packages/airflow/example_dags/example_dataset_alias_with_no_taskflow.py
[2024-12-07T03:36:46.469-0300] {processor.py:914} INFO - Processing file /home/crisu/miniconda3/envs/lab13.1/lib/python3.9/site-packages/airflow/example_dags/example_dataset_alias_with_no_taskflow.py for tasks to queue
[2024-12-07T03:36:46.470-0300] {logging_mixin.py:190} INFO - [2024-12-07T03:36:46.470-0300] {dagbag.py:588} INFO - Filling up the DagBag from /home/crisu/miniconda3/envs/lab13.1/lib/python3.9/site-packages/airflow/example_dags/example_dataset_alias_with_no_taskflow.py
[2024-12-07T03:36:46.499-0300] {processor.py:925} INFO - DAG(s) 'dataset_s3_bucket_consumer_with_no_taskflow', 'dataset_alias_example_alias_producer_with_no_taskflow', 'dataset_alias_example_alias_consumer_with_no_taskflow', 'dataset_s3_bucket_producer_with_no_taskflow' retrieved from /home/crisu/miniconda3/envs/lab13.1/lib/python3.9/site-packages/airflow/example_dags/example_dataset_alias_with_no_taskflow.py
[2024-12-07T03:36:46.535-0300] {logging_mixin.py:190} INFO - [2024-12-07T03:36:46.534-0300] {dag.py:3239} INFO - Sync 4 DAGs
[2024-12-07T03:36:46.566-0300] {logging_mixin.py:190} INFO - [2024-12-07T03:36:46.565-0300] {dag.py:4180} INFO - Setting next_dagrun for dataset_alias_example_alias_consumer_with_no_taskflow to None, run_after=None
[2024-12-07T03:36:46.569-0300] {logging_mixin.py:190} INFO - [2024-12-07T03:36:46.569-0300] {dag.py:4180} INFO - Setting next_dagrun for dataset_alias_example_alias_producer_with_no_taskflow to None, run_after=None
[2024-12-07T03:36:46.571-0300] {logging_mixin.py:190} INFO - [2024-12-07T03:36:46.571-0300] {dag.py:4180} INFO - Setting next_dagrun for dataset_s3_bucket_consumer_with_no_taskflow to None, run_after=None
[2024-12-07T03:36:46.573-0300] {logging_mixin.py:190} INFO - [2024-12-07T03:36:46.573-0300] {dag.py:4180} INFO - Setting next_dagrun for dataset_s3_bucket_producer_with_no_taskflow to None, run_after=None
[2024-12-07T03:36:47.671-0300] {processor.py:208} INFO - Processing /home/crisu/miniconda3/envs/lab13.1/lib/python3.9/site-packages/airflow/example_dags/example_dataset_alias_with_no_taskflow.py took 1.269 seconds
[2024-12-07T03:38:37.562-0300] {processor.py:186} INFO - Started process (PID=45040) to work on /home/crisu/miniconda3/envs/lab13.1/lib/python3.9/site-packages/airflow/example_dags/example_dataset_alias_with_no_taskflow.py
[2024-12-07T03:38:37.572-0300] {processor.py:914} INFO - Processing file /home/crisu/miniconda3/envs/lab13.1/lib/python3.9/site-packages/airflow/example_dags/example_dataset_alias_with_no_taskflow.py for tasks to queue
[2024-12-07T03:38:37.573-0300] {logging_mixin.py:190} INFO - [2024-12-07T03:38:37.573-0300] {dagbag.py:588} INFO - Filling up the DagBag from /home/crisu/miniconda3/envs/lab13.1/lib/python3.9/site-packages/airflow/example_dags/example_dataset_alias_with_no_taskflow.py
[2024-12-07T03:38:37.589-0300] {processor.py:925} INFO - DAG(s) 'dataset_s3_bucket_producer_with_no_taskflow', 'dataset_alias_example_alias_consumer_with_no_taskflow', 'dataset_alias_example_alias_producer_with_no_taskflow', 'dataset_s3_bucket_consumer_with_no_taskflow' retrieved from /home/crisu/miniconda3/envs/lab13.1/lib/python3.9/site-packages/airflow/example_dags/example_dataset_alias_with_no_taskflow.py
[2024-12-07T03:38:37.607-0300] {logging_mixin.py:190} INFO - [2024-12-07T03:38:37.607-0300] {dag.py:3239} INFO - Sync 4 DAGs
[2024-12-07T03:38:37.621-0300] {logging_mixin.py:190} INFO - [2024-12-07T03:38:37.621-0300] {dag.py:4180} INFO - Setting next_dagrun for dataset_alias_example_alias_consumer_with_no_taskflow to None, run_after=None
[2024-12-07T03:38:37.623-0300] {logging_mixin.py:190} INFO - [2024-12-07T03:38:37.623-0300] {dag.py:4180} INFO - Setting next_dagrun for dataset_alias_example_alias_producer_with_no_taskflow to None, run_after=None
[2024-12-07T03:38:37.624-0300] {logging_mixin.py:190} INFO - [2024-12-07T03:38:37.624-0300] {dag.py:4180} INFO - Setting next_dagrun for dataset_s3_bucket_consumer_with_no_taskflow to None, run_after=None
[2024-12-07T03:38:37.625-0300] {logging_mixin.py:190} INFO - [2024-12-07T03:38:37.625-0300] {dag.py:4180} INFO - Setting next_dagrun for dataset_s3_bucket_producer_with_no_taskflow to None, run_after=None
[2024-12-07T03:38:37.690-0300] {processor.py:208} INFO - Processing /home/crisu/miniconda3/envs/lab13.1/lib/python3.9/site-packages/airflow/example_dags/example_dataset_alias_with_no_taskflow.py took 0.133 seconds
[2024-12-07T03:39:57.201-0300] {processor.py:186} INFO - Started process (PID=45204) to work on /home/crisu/miniconda3/envs/lab13.1/lib/python3.9/site-packages/airflow/example_dags/example_dataset_alias_with_no_taskflow.py
[2024-12-07T03:39:57.206-0300] {processor.py:914} INFO - Processing file /home/crisu/miniconda3/envs/lab13.1/lib/python3.9/site-packages/airflow/example_dags/example_dataset_alias_with_no_taskflow.py for tasks to queue
[2024-12-07T03:39:57.207-0300] {logging_mixin.py:190} INFO - [2024-12-07T03:39:57.207-0300] {dagbag.py:588} INFO - Filling up the DagBag from /home/crisu/miniconda3/envs/lab13.1/lib/python3.9/site-packages/airflow/example_dags/example_dataset_alias_with_no_taskflow.py
[2024-12-07T03:39:57.223-0300] {processor.py:925} INFO - DAG(s) 'dataset_alias_example_alias_producer_with_no_taskflow', 'dataset_alias_example_alias_consumer_with_no_taskflow', 'dataset_s3_bucket_consumer_with_no_taskflow', 'dataset_s3_bucket_producer_with_no_taskflow' retrieved from /home/crisu/miniconda3/envs/lab13.1/lib/python3.9/site-packages/airflow/example_dags/example_dataset_alias_with_no_taskflow.py
[2024-12-07T03:39:57.240-0300] {logging_mixin.py:190} INFO - [2024-12-07T03:39:57.240-0300] {dag.py:3239} INFO - Sync 4 DAGs
[2024-12-07T03:39:57.255-0300] {logging_mixin.py:190} INFO - [2024-12-07T03:39:57.255-0300] {dag.py:4180} INFO - Setting next_dagrun for dataset_alias_example_alias_consumer_with_no_taskflow to None, run_after=None
[2024-12-07T03:39:57.257-0300] {logging_mixin.py:190} INFO - [2024-12-07T03:39:57.257-0300] {dag.py:4180} INFO - Setting next_dagrun for dataset_alias_example_alias_producer_with_no_taskflow to None, run_after=None
[2024-12-07T03:39:57.258-0300] {logging_mixin.py:190} INFO - [2024-12-07T03:39:57.257-0300] {dag.py:4180} INFO - Setting next_dagrun for dataset_s3_bucket_consumer_with_no_taskflow to None, run_after=None
[2024-12-07T03:39:57.258-0300] {logging_mixin.py:190} INFO - [2024-12-07T03:39:57.258-0300] {dag.py:4180} INFO - Setting next_dagrun for dataset_s3_bucket_producer_with_no_taskflow to None, run_after=None
[2024-12-07T03:39:57.317-0300] {processor.py:208} INFO - Processing /home/crisu/miniconda3/envs/lab13.1/lib/python3.9/site-packages/airflow/example_dags/example_dataset_alias_with_no_taskflow.py took 0.121 seconds
[2024-12-07T03:41:14.198-0300] {processor.py:186} INFO - Started process (PID=45384) to work on /home/crisu/miniconda3/envs/lab13.1/lib/python3.9/site-packages/airflow/example_dags/example_dataset_alias_with_no_taskflow.py
[2024-12-07T03:41:14.199-0300] {processor.py:914} INFO - Processing file /home/crisu/miniconda3/envs/lab13.1/lib/python3.9/site-packages/airflow/example_dags/example_dataset_alias_with_no_taskflow.py for tasks to queue
[2024-12-07T03:41:14.200-0300] {logging_mixin.py:190} INFO - [2024-12-07T03:41:14.200-0300] {dagbag.py:588} INFO - Filling up the DagBag from /home/crisu/miniconda3/envs/lab13.1/lib/python3.9/site-packages/airflow/example_dags/example_dataset_alias_with_no_taskflow.py
[2024-12-07T03:41:14.219-0300] {processor.py:925} INFO - DAG(s) 'dataset_s3_bucket_producer_with_no_taskflow', 'dataset_s3_bucket_consumer_with_no_taskflow', 'dataset_alias_example_alias_producer_with_no_taskflow', 'dataset_alias_example_alias_consumer_with_no_taskflow' retrieved from /home/crisu/miniconda3/envs/lab13.1/lib/python3.9/site-packages/airflow/example_dags/example_dataset_alias_with_no_taskflow.py
[2024-12-07T03:41:14.239-0300] {logging_mixin.py:190} INFO - [2024-12-07T03:41:14.239-0300] {dag.py:3239} INFO - Sync 4 DAGs
[2024-12-07T03:41:14.255-0300] {logging_mixin.py:190} INFO - [2024-12-07T03:41:14.255-0300] {dag.py:4180} INFO - Setting next_dagrun for dataset_alias_example_alias_consumer_with_no_taskflow to None, run_after=None
[2024-12-07T03:41:14.257-0300] {logging_mixin.py:190} INFO - [2024-12-07T03:41:14.257-0300] {dag.py:4180} INFO - Setting next_dagrun for dataset_alias_example_alias_producer_with_no_taskflow to None, run_after=None
[2024-12-07T03:41:14.258-0300] {logging_mixin.py:190} INFO - [2024-12-07T03:41:14.258-0300] {dag.py:4180} INFO - Setting next_dagrun for dataset_s3_bucket_consumer_with_no_taskflow to None, run_after=None
[2024-12-07T03:41:14.259-0300] {logging_mixin.py:190} INFO - [2024-12-07T03:41:14.259-0300] {dag.py:4180} INFO - Setting next_dagrun for dataset_s3_bucket_producer_with_no_taskflow to None, run_after=None
[2024-12-07T03:41:14.326-0300] {processor.py:208} INFO - Processing /home/crisu/miniconda3/envs/lab13.1/lib/python3.9/site-packages/airflow/example_dags/example_dataset_alias_with_no_taskflow.py took 0.134 seconds
[2024-12-07T03:45:37.954-0300] {processor.py:186} INFO - Started process (PID=46082) to work on /home/crisu/miniconda3/envs/lab13.1/lib/python3.9/site-packages/airflow/example_dags/example_dataset_alias_with_no_taskflow.py
[2024-12-07T03:45:37.980-0300] {processor.py:914} INFO - Processing file /home/crisu/miniconda3/envs/lab13.1/lib/python3.9/site-packages/airflow/example_dags/example_dataset_alias_with_no_taskflow.py for tasks to queue
[2024-12-07T03:45:37.984-0300] {logging_mixin.py:190} INFO - [2024-12-07T03:45:37.983-0300] {dagbag.py:588} INFO - Filling up the DagBag from /home/crisu/miniconda3/envs/lab13.1/lib/python3.9/site-packages/airflow/example_dags/example_dataset_alias_with_no_taskflow.py
[2024-12-07T03:45:38.017-0300] {processor.py:925} INFO - DAG(s) 'dataset_s3_bucket_consumer_with_no_taskflow', 'dataset_s3_bucket_producer_with_no_taskflow', 'dataset_alias_example_alias_producer_with_no_taskflow', 'dataset_alias_example_alias_consumer_with_no_taskflow' retrieved from /home/crisu/miniconda3/envs/lab13.1/lib/python3.9/site-packages/airflow/example_dags/example_dataset_alias_with_no_taskflow.py
[2024-12-07T03:45:38.046-0300] {logging_mixin.py:190} INFO - [2024-12-07T03:45:38.046-0300] {dag.py:3239} INFO - Sync 4 DAGs
[2024-12-07T03:45:38.071-0300] {logging_mixin.py:190} INFO - [2024-12-07T03:45:38.071-0300] {dag.py:4180} INFO - Setting next_dagrun for dataset_alias_example_alias_consumer_with_no_taskflow to None, run_after=None
[2024-12-07T03:45:38.074-0300] {logging_mixin.py:190} INFO - [2024-12-07T03:45:38.074-0300] {dag.py:4180} INFO - Setting next_dagrun for dataset_alias_example_alias_producer_with_no_taskflow to None, run_after=None
[2024-12-07T03:45:38.075-0300] {logging_mixin.py:190} INFO - [2024-12-07T03:45:38.075-0300] {dag.py:4180} INFO - Setting next_dagrun for dataset_s3_bucket_consumer_with_no_taskflow to None, run_after=None
[2024-12-07T03:45:38.076-0300] {logging_mixin.py:190} INFO - [2024-12-07T03:45:38.076-0300] {dag.py:4180} INFO - Setting next_dagrun for dataset_s3_bucket_producer_with_no_taskflow to None, run_after=None
[2024-12-07T03:45:38.266-0300] {processor.py:208} INFO - Processing /home/crisu/miniconda3/envs/lab13.1/lib/python3.9/site-packages/airflow/example_dags/example_dataset_alias_with_no_taskflow.py took 0.319 seconds
[2024-12-07T03:49:11.078-0300] {processor.py:186} INFO - Started process (PID=46819) to work on /home/crisu/miniconda3/envs/lab13.1/lib/python3.9/site-packages/airflow/example_dags/example_dataset_alias_with_no_taskflow.py
[2024-12-07T03:49:11.156-0300] {processor.py:914} INFO - Processing file /home/crisu/miniconda3/envs/lab13.1/lib/python3.9/site-packages/airflow/example_dags/example_dataset_alias_with_no_taskflow.py for tasks to queue
[2024-12-07T03:49:11.158-0300] {logging_mixin.py:190} INFO - [2024-12-07T03:49:11.158-0300] {dagbag.py:588} INFO - Filling up the DagBag from /home/crisu/miniconda3/envs/lab13.1/lib/python3.9/site-packages/airflow/example_dags/example_dataset_alias_with_no_taskflow.py
[2024-12-07T03:49:11.176-0300] {processor.py:925} INFO - DAG(s) 'dataset_s3_bucket_producer_with_no_taskflow', 'dataset_alias_example_alias_producer_with_no_taskflow', 'dataset_s3_bucket_consumer_with_no_taskflow', 'dataset_alias_example_alias_consumer_with_no_taskflow' retrieved from /home/crisu/miniconda3/envs/lab13.1/lib/python3.9/site-packages/airflow/example_dags/example_dataset_alias_with_no_taskflow.py
[2024-12-07T03:49:11.195-0300] {logging_mixin.py:190} INFO - [2024-12-07T03:49:11.195-0300] {dag.py:3239} INFO - Sync 4 DAGs
[2024-12-07T03:49:11.213-0300] {logging_mixin.py:190} INFO - [2024-12-07T03:49:11.213-0300] {dag.py:4180} INFO - Setting next_dagrun for dataset_alias_example_alias_consumer_with_no_taskflow to None, run_after=None
[2024-12-07T03:49:11.215-0300] {logging_mixin.py:190} INFO - [2024-12-07T03:49:11.215-0300] {dag.py:4180} INFO - Setting next_dagrun for dataset_alias_example_alias_producer_with_no_taskflow to None, run_after=None
[2024-12-07T03:49:11.216-0300] {logging_mixin.py:190} INFO - [2024-12-07T03:49:11.215-0300] {dag.py:4180} INFO - Setting next_dagrun for dataset_s3_bucket_consumer_with_no_taskflow to None, run_after=None
[2024-12-07T03:49:11.216-0300] {logging_mixin.py:190} INFO - [2024-12-07T03:49:11.216-0300] {dag.py:4180} INFO - Setting next_dagrun for dataset_s3_bucket_producer_with_no_taskflow to None, run_after=None
[2024-12-07T03:49:12.562-0300] {processor.py:208} INFO - Processing /home/crisu/miniconda3/envs/lab13.1/lib/python3.9/site-packages/airflow/example_dags/example_dataset_alias_with_no_taskflow.py took 1.490 seconds
[2024-12-07T03:51:49.517-0300] {processor.py:186} INFO - Started process (PID=47019) to work on /home/crisu/miniconda3/envs/lab13.1/lib/python3.9/site-packages/airflow/example_dags/example_dataset_alias_with_no_taskflow.py
[2024-12-07T03:51:49.519-0300] {processor.py:914} INFO - Processing file /home/crisu/miniconda3/envs/lab13.1/lib/python3.9/site-packages/airflow/example_dags/example_dataset_alias_with_no_taskflow.py for tasks to queue
[2024-12-07T03:51:49.521-0300] {logging_mixin.py:190} INFO - [2024-12-07T03:51:49.520-0300] {dagbag.py:588} INFO - Filling up the DagBag from /home/crisu/miniconda3/envs/lab13.1/lib/python3.9/site-packages/airflow/example_dags/example_dataset_alias_with_no_taskflow.py
[2024-12-07T03:51:49.546-0300] {processor.py:925} INFO - DAG(s) 'dataset_s3_bucket_producer_with_no_taskflow', 'dataset_alias_example_alias_consumer_with_no_taskflow', 'dataset_alias_example_alias_producer_with_no_taskflow', 'dataset_s3_bucket_consumer_with_no_taskflow' retrieved from /home/crisu/miniconda3/envs/lab13.1/lib/python3.9/site-packages/airflow/example_dags/example_dataset_alias_with_no_taskflow.py
[2024-12-07T03:51:49.569-0300] {logging_mixin.py:190} INFO - [2024-12-07T03:51:49.568-0300] {dag.py:3239} INFO - Sync 4 DAGs
[2024-12-07T03:51:49.587-0300] {logging_mixin.py:190} INFO - [2024-12-07T03:51:49.587-0300] {dag.py:4180} INFO - Setting next_dagrun for dataset_alias_example_alias_consumer_with_no_taskflow to None, run_after=None
[2024-12-07T03:51:49.591-0300] {logging_mixin.py:190} INFO - [2024-12-07T03:51:49.591-0300] {dag.py:4180} INFO - Setting next_dagrun for dataset_alias_example_alias_producer_with_no_taskflow to None, run_after=None
[2024-12-07T03:51:49.592-0300] {logging_mixin.py:190} INFO - [2024-12-07T03:51:49.592-0300] {dag.py:4180} INFO - Setting next_dagrun for dataset_s3_bucket_consumer_with_no_taskflow to None, run_after=None
[2024-12-07T03:51:49.593-0300] {logging_mixin.py:190} INFO - [2024-12-07T03:51:49.592-0300] {dag.py:4180} INFO - Setting next_dagrun for dataset_s3_bucket_producer_with_no_taskflow to None, run_after=None
[2024-12-07T03:51:49.661-0300] {processor.py:208} INFO - Processing /home/crisu/miniconda3/envs/lab13.1/lib/python3.9/site-packages/airflow/example_dags/example_dataset_alias_with_no_taskflow.py took 0.151 seconds
[2024-12-07T03:53:24.513-0300] {processor.py:186} INFO - Started process (PID=47182) to work on /home/crisu/miniconda3/envs/lab13.1/lib/python3.9/site-packages/airflow/example_dags/example_dataset_alias_with_no_taskflow.py
[2024-12-07T03:53:24.533-0300] {processor.py:914} INFO - Processing file /home/crisu/miniconda3/envs/lab13.1/lib/python3.9/site-packages/airflow/example_dags/example_dataset_alias_with_no_taskflow.py for tasks to queue
[2024-12-07T03:53:24.535-0300] {logging_mixin.py:190} INFO - [2024-12-07T03:53:24.535-0300] {dagbag.py:588} INFO - Filling up the DagBag from /home/crisu/miniconda3/envs/lab13.1/lib/python3.9/site-packages/airflow/example_dags/example_dataset_alias_with_no_taskflow.py
[2024-12-07T03:53:24.554-0300] {processor.py:925} INFO - DAG(s) 'dataset_s3_bucket_consumer_with_no_taskflow', 'dataset_s3_bucket_producer_with_no_taskflow', 'dataset_alias_example_alias_consumer_with_no_taskflow', 'dataset_alias_example_alias_producer_with_no_taskflow' retrieved from /home/crisu/miniconda3/envs/lab13.1/lib/python3.9/site-packages/airflow/example_dags/example_dataset_alias_with_no_taskflow.py
[2024-12-07T03:53:24.571-0300] {logging_mixin.py:190} INFO - [2024-12-07T03:53:24.571-0300] {dag.py:3239} INFO - Sync 4 DAGs
[2024-12-07T03:53:24.589-0300] {logging_mixin.py:190} INFO - [2024-12-07T03:53:24.589-0300] {dag.py:4180} INFO - Setting next_dagrun for dataset_alias_example_alias_consumer_with_no_taskflow to None, run_after=None
[2024-12-07T03:53:24.592-0300] {logging_mixin.py:190} INFO - [2024-12-07T03:53:24.592-0300] {dag.py:4180} INFO - Setting next_dagrun for dataset_alias_example_alias_producer_with_no_taskflow to None, run_after=None
[2024-12-07T03:53:24.593-0300] {logging_mixin.py:190} INFO - [2024-12-07T03:53:24.593-0300] {dag.py:4180} INFO - Setting next_dagrun for dataset_s3_bucket_consumer_with_no_taskflow to None, run_after=None
[2024-12-07T03:53:24.594-0300] {logging_mixin.py:190} INFO - [2024-12-07T03:53:24.594-0300] {dag.py:4180} INFO - Setting next_dagrun for dataset_s3_bucket_producer_with_no_taskflow to None, run_after=None
[2024-12-07T03:53:24.974-0300] {processor.py:208} INFO - Processing /home/crisu/miniconda3/envs/lab13.1/lib/python3.9/site-packages/airflow/example_dags/example_dataset_alias_with_no_taskflow.py took 0.467 seconds
[2024-12-07T03:55:40.410-0300] {processor.py:186} INFO - Started process (PID=47482) to work on /home/crisu/miniconda3/envs/lab13.1/lib/python3.9/site-packages/airflow/example_dags/example_dataset_alias_with_no_taskflow.py
[2024-12-07T03:55:40.441-0300] {processor.py:914} INFO - Processing file /home/crisu/miniconda3/envs/lab13.1/lib/python3.9/site-packages/airflow/example_dags/example_dataset_alias_with_no_taskflow.py for tasks to queue
[2024-12-07T03:55:40.443-0300] {logging_mixin.py:190} INFO - [2024-12-07T03:55:40.443-0300] {dagbag.py:588} INFO - Filling up the DagBag from /home/crisu/miniconda3/envs/lab13.1/lib/python3.9/site-packages/airflow/example_dags/example_dataset_alias_with_no_taskflow.py
[2024-12-07T03:55:40.463-0300] {processor.py:925} INFO - DAG(s) 'dataset_s3_bucket_consumer_with_no_taskflow', 'dataset_alias_example_alias_producer_with_no_taskflow', 'dataset_alias_example_alias_consumer_with_no_taskflow', 'dataset_s3_bucket_producer_with_no_taskflow' retrieved from /home/crisu/miniconda3/envs/lab13.1/lib/python3.9/site-packages/airflow/example_dags/example_dataset_alias_with_no_taskflow.py
[2024-12-07T03:55:40.480-0300] {logging_mixin.py:190} INFO - [2024-12-07T03:55:40.480-0300] {dag.py:3239} INFO - Sync 4 DAGs
[2024-12-07T03:55:40.498-0300] {logging_mixin.py:190} INFO - [2024-12-07T03:55:40.498-0300] {dag.py:4180} INFO - Setting next_dagrun for dataset_alias_example_alias_consumer_with_no_taskflow to None, run_after=None
[2024-12-07T03:55:40.500-0300] {logging_mixin.py:190} INFO - [2024-12-07T03:55:40.500-0300] {dag.py:4180} INFO - Setting next_dagrun for dataset_alias_example_alias_producer_with_no_taskflow to None, run_after=None
[2024-12-07T03:55:40.501-0300] {logging_mixin.py:190} INFO - [2024-12-07T03:55:40.501-0300] {dag.py:4180} INFO - Setting next_dagrun for dataset_s3_bucket_consumer_with_no_taskflow to None, run_after=None
[2024-12-07T03:55:40.502-0300] {logging_mixin.py:190} INFO - [2024-12-07T03:55:40.502-0300] {dag.py:4180} INFO - Setting next_dagrun for dataset_s3_bucket_producer_with_no_taskflow to None, run_after=None
[2024-12-07T03:55:40.955-0300] {processor.py:208} INFO - Processing /home/crisu/miniconda3/envs/lab13.1/lib/python3.9/site-packages/airflow/example_dags/example_dataset_alias_with_no_taskflow.py took 0.550 seconds
[2024-12-07T03:57:16.234-0300] {processor.py:186} INFO - Started process (PID=47661) to work on /home/crisu/miniconda3/envs/lab13.1/lib/python3.9/site-packages/airflow/example_dags/example_dataset_alias_with_no_taskflow.py
[2024-12-07T03:57:16.242-0300] {processor.py:914} INFO - Processing file /home/crisu/miniconda3/envs/lab13.1/lib/python3.9/site-packages/airflow/example_dags/example_dataset_alias_with_no_taskflow.py for tasks to queue
[2024-12-07T03:57:16.244-0300] {logging_mixin.py:190} INFO - [2024-12-07T03:57:16.244-0300] {dagbag.py:588} INFO - Filling up the DagBag from /home/crisu/miniconda3/envs/lab13.1/lib/python3.9/site-packages/airflow/example_dags/example_dataset_alias_with_no_taskflow.py
[2024-12-07T03:57:16.263-0300] {processor.py:925} INFO - DAG(s) 'dataset_s3_bucket_consumer_with_no_taskflow', 'dataset_s3_bucket_producer_with_no_taskflow', 'dataset_alias_example_alias_consumer_with_no_taskflow', 'dataset_alias_example_alias_producer_with_no_taskflow' retrieved from /home/crisu/miniconda3/envs/lab13.1/lib/python3.9/site-packages/airflow/example_dags/example_dataset_alias_with_no_taskflow.py
[2024-12-07T03:57:16.282-0300] {logging_mixin.py:190} INFO - [2024-12-07T03:57:16.281-0300] {dag.py:3239} INFO - Sync 4 DAGs
[2024-12-07T03:57:16.299-0300] {logging_mixin.py:190} INFO - [2024-12-07T03:57:16.299-0300] {dag.py:4180} INFO - Setting next_dagrun for dataset_alias_example_alias_consumer_with_no_taskflow to None, run_after=None
[2024-12-07T03:57:16.301-0300] {logging_mixin.py:190} INFO - [2024-12-07T03:57:16.301-0300] {dag.py:4180} INFO - Setting next_dagrun for dataset_alias_example_alias_producer_with_no_taskflow to None, run_after=None
[2024-12-07T03:57:16.302-0300] {logging_mixin.py:190} INFO - [2024-12-07T03:57:16.302-0300] {dag.py:4180} INFO - Setting next_dagrun for dataset_s3_bucket_consumer_with_no_taskflow to None, run_after=None
[2024-12-07T03:57:16.303-0300] {logging_mixin.py:190} INFO - [2024-12-07T03:57:16.302-0300] {dag.py:4180} INFO - Setting next_dagrun for dataset_s3_bucket_producer_with_no_taskflow to None, run_after=None
[2024-12-07T03:57:16.359-0300] {processor.py:208} INFO - Processing /home/crisu/miniconda3/envs/lab13.1/lib/python3.9/site-packages/airflow/example_dags/example_dataset_alias_with_no_taskflow.py took 0.130 seconds
[2024-12-07T03:58:34.033-0300] {processor.py:186} INFO - Started process (PID=47825) to work on /home/crisu/miniconda3/envs/lab13.1/lib/python3.9/site-packages/airflow/example_dags/example_dataset_alias_with_no_taskflow.py
[2024-12-07T03:58:34.044-0300] {processor.py:914} INFO - Processing file /home/crisu/miniconda3/envs/lab13.1/lib/python3.9/site-packages/airflow/example_dags/example_dataset_alias_with_no_taskflow.py for tasks to queue
[2024-12-07T03:58:34.046-0300] {logging_mixin.py:190} INFO - [2024-12-07T03:58:34.046-0300] {dagbag.py:588} INFO - Filling up the DagBag from /home/crisu/miniconda3/envs/lab13.1/lib/python3.9/site-packages/airflow/example_dags/example_dataset_alias_with_no_taskflow.py
[2024-12-07T03:58:34.065-0300] {processor.py:925} INFO - DAG(s) 'dataset_s3_bucket_producer_with_no_taskflow', 'dataset_alias_example_alias_consumer_with_no_taskflow', 'dataset_s3_bucket_consumer_with_no_taskflow', 'dataset_alias_example_alias_producer_with_no_taskflow' retrieved from /home/crisu/miniconda3/envs/lab13.1/lib/python3.9/site-packages/airflow/example_dags/example_dataset_alias_with_no_taskflow.py
[2024-12-07T03:58:34.084-0300] {logging_mixin.py:190} INFO - [2024-12-07T03:58:34.084-0300] {dag.py:3239} INFO - Sync 4 DAGs
[2024-12-07T03:58:34.101-0300] {logging_mixin.py:190} INFO - [2024-12-07T03:58:34.100-0300] {dag.py:4180} INFO - Setting next_dagrun for dataset_alias_example_alias_consumer_with_no_taskflow to None, run_after=None
[2024-12-07T03:58:34.103-0300] {logging_mixin.py:190} INFO - [2024-12-07T03:58:34.102-0300] {dag.py:4180} INFO - Setting next_dagrun for dataset_alias_example_alias_producer_with_no_taskflow to None, run_after=None
[2024-12-07T03:58:34.103-0300] {logging_mixin.py:190} INFO - [2024-12-07T03:58:34.103-0300] {dag.py:4180} INFO - Setting next_dagrun for dataset_s3_bucket_consumer_with_no_taskflow to None, run_after=None
[2024-12-07T03:58:34.104-0300] {logging_mixin.py:190} INFO - [2024-12-07T03:58:34.104-0300] {dag.py:4180} INFO - Setting next_dagrun for dataset_s3_bucket_producer_with_no_taskflow to None, run_after=None
[2024-12-07T03:58:34.162-0300] {processor.py:208} INFO - Processing /home/crisu/miniconda3/envs/lab13.1/lib/python3.9/site-packages/airflow/example_dags/example_dataset_alias_with_no_taskflow.py took 0.136 seconds
[2024-12-07T04:00:30.077-0300] {processor.py:186} INFO - Started process (PID=48060) to work on /home/crisu/miniconda3/envs/lab13.1/lib/python3.9/site-packages/airflow/example_dags/example_dataset_alias_with_no_taskflow.py
[2024-12-07T04:00:30.085-0300] {processor.py:914} INFO - Processing file /home/crisu/miniconda3/envs/lab13.1/lib/python3.9/site-packages/airflow/example_dags/example_dataset_alias_with_no_taskflow.py for tasks to queue
[2024-12-07T04:00:30.087-0300] {logging_mixin.py:190} INFO - [2024-12-07T04:00:30.087-0300] {dagbag.py:588} INFO - Filling up the DagBag from /home/crisu/miniconda3/envs/lab13.1/lib/python3.9/site-packages/airflow/example_dags/example_dataset_alias_with_no_taskflow.py
[2024-12-07T04:00:30.106-0300] {processor.py:925} INFO - DAG(s) 'dataset_alias_example_alias_consumer_with_no_taskflow', 'dataset_s3_bucket_producer_with_no_taskflow', 'dataset_alias_example_alias_producer_with_no_taskflow', 'dataset_s3_bucket_consumer_with_no_taskflow' retrieved from /home/crisu/miniconda3/envs/lab13.1/lib/python3.9/site-packages/airflow/example_dags/example_dataset_alias_with_no_taskflow.py
[2024-12-07T04:00:30.123-0300] {logging_mixin.py:190} INFO - [2024-12-07T04:00:30.123-0300] {dag.py:3239} INFO - Sync 4 DAGs
[2024-12-07T04:00:30.140-0300] {logging_mixin.py:190} INFO - [2024-12-07T04:00:30.140-0300] {dag.py:4180} INFO - Setting next_dagrun for dataset_alias_example_alias_consumer_with_no_taskflow to None, run_after=None
[2024-12-07T04:00:30.142-0300] {logging_mixin.py:190} INFO - [2024-12-07T04:00:30.142-0300] {dag.py:4180} INFO - Setting next_dagrun for dataset_alias_example_alias_producer_with_no_taskflow to None, run_after=None
[2024-12-07T04:00:30.143-0300] {logging_mixin.py:190} INFO - [2024-12-07T04:00:30.142-0300] {dag.py:4180} INFO - Setting next_dagrun for dataset_s3_bucket_consumer_with_no_taskflow to None, run_after=None
[2024-12-07T04:00:30.143-0300] {logging_mixin.py:190} INFO - [2024-12-07T04:00:30.143-0300] {dag.py:4180} INFO - Setting next_dagrun for dataset_s3_bucket_producer_with_no_taskflow to None, run_after=None
[2024-12-07T04:00:30.207-0300] {processor.py:208} INFO - Processing /home/crisu/miniconda3/envs/lab13.1/lib/python3.9/site-packages/airflow/example_dags/example_dataset_alias_with_no_taskflow.py took 0.136 seconds
[2024-12-07T04:01:48.617-0300] {processor.py:186} INFO - Started process (PID=48258) to work on /home/crisu/miniconda3/envs/lab13.1/lib/python3.9/site-packages/airflow/example_dags/example_dataset_alias_with_no_taskflow.py
[2024-12-07T04:01:48.753-0300] {processor.py:914} INFO - Processing file /home/crisu/miniconda3/envs/lab13.1/lib/python3.9/site-packages/airflow/example_dags/example_dataset_alias_with_no_taskflow.py for tasks to queue
[2024-12-07T04:01:48.755-0300] {logging_mixin.py:190} INFO - [2024-12-07T04:01:48.754-0300] {dagbag.py:588} INFO - Filling up the DagBag from /home/crisu/miniconda3/envs/lab13.1/lib/python3.9/site-packages/airflow/example_dags/example_dataset_alias_with_no_taskflow.py
[2024-12-07T04:01:48.777-0300] {processor.py:925} INFO - DAG(s) 'dataset_s3_bucket_producer_with_no_taskflow', 'dataset_alias_example_alias_consumer_with_no_taskflow', 'dataset_s3_bucket_consumer_with_no_taskflow', 'dataset_alias_example_alias_producer_with_no_taskflow' retrieved from /home/crisu/miniconda3/envs/lab13.1/lib/python3.9/site-packages/airflow/example_dags/example_dataset_alias_with_no_taskflow.py
[2024-12-07T04:01:48.799-0300] {logging_mixin.py:190} INFO - [2024-12-07T04:01:48.799-0300] {dag.py:3239} INFO - Sync 4 DAGs
[2024-12-07T04:01:48.824-0300] {logging_mixin.py:190} INFO - [2024-12-07T04:01:48.824-0300] {dag.py:4180} INFO - Setting next_dagrun for dataset_alias_example_alias_consumer_with_no_taskflow to None, run_after=None
[2024-12-07T04:01:48.826-0300] {logging_mixin.py:190} INFO - [2024-12-07T04:01:48.826-0300] {dag.py:4180} INFO - Setting next_dagrun for dataset_alias_example_alias_producer_with_no_taskflow to None, run_after=None
[2024-12-07T04:01:48.827-0300] {logging_mixin.py:190} INFO - [2024-12-07T04:01:48.827-0300] {dag.py:4180} INFO - Setting next_dagrun for dataset_s3_bucket_consumer_with_no_taskflow to None, run_after=None
[2024-12-07T04:01:48.828-0300] {logging_mixin.py:190} INFO - [2024-12-07T04:01:48.828-0300] {dag.py:4180} INFO - Setting next_dagrun for dataset_s3_bucket_producer_with_no_taskflow to None, run_after=None
[2024-12-07T04:01:50.052-0300] {processor.py:208} INFO - Processing /home/crisu/miniconda3/envs/lab13.1/lib/python3.9/site-packages/airflow/example_dags/example_dataset_alias_with_no_taskflow.py took 1.442 seconds
[2024-12-07T04:08:03.021-0300] {processor.py:186} INFO - Started process (PID=49254) to work on /home/crisu/miniconda3/envs/lab13.1/lib/python3.9/site-packages/airflow/example_dags/example_dataset_alias_with_no_taskflow.py
[2024-12-07T04:08:03.022-0300] {processor.py:914} INFO - Processing file /home/crisu/miniconda3/envs/lab13.1/lib/python3.9/site-packages/airflow/example_dags/example_dataset_alias_with_no_taskflow.py for tasks to queue
[2024-12-07T04:08:03.024-0300] {logging_mixin.py:190} INFO - [2024-12-07T04:08:03.024-0300] {dagbag.py:588} INFO - Filling up the DagBag from /home/crisu/miniconda3/envs/lab13.1/lib/python3.9/site-packages/airflow/example_dags/example_dataset_alias_with_no_taskflow.py
[2024-12-07T04:08:03.042-0300] {processor.py:925} INFO - DAG(s) 'dataset_alias_example_alias_producer_with_no_taskflow', 'dataset_s3_bucket_consumer_with_no_taskflow', 'dataset_alias_example_alias_consumer_with_no_taskflow', 'dataset_s3_bucket_producer_with_no_taskflow' retrieved from /home/crisu/miniconda3/envs/lab13.1/lib/python3.9/site-packages/airflow/example_dags/example_dataset_alias_with_no_taskflow.py
[2024-12-07T04:08:03.063-0300] {logging_mixin.py:190} INFO - [2024-12-07T04:08:03.063-0300] {dag.py:3239} INFO - Sync 4 DAGs
[2024-12-07T04:08:03.081-0300] {logging_mixin.py:190} INFO - [2024-12-07T04:08:03.080-0300] {dag.py:4180} INFO - Setting next_dagrun for dataset_alias_example_alias_consumer_with_no_taskflow to None, run_after=None
[2024-12-07T04:08:03.083-0300] {logging_mixin.py:190} INFO - [2024-12-07T04:08:03.082-0300] {dag.py:4180} INFO - Setting next_dagrun for dataset_alias_example_alias_producer_with_no_taskflow to None, run_after=None
[2024-12-07T04:08:03.083-0300] {logging_mixin.py:190} INFO - [2024-12-07T04:08:03.083-0300] {dag.py:4180} INFO - Setting next_dagrun for dataset_s3_bucket_consumer_with_no_taskflow to None, run_after=None
[2024-12-07T04:08:03.084-0300] {logging_mixin.py:190} INFO - [2024-12-07T04:08:03.084-0300] {dag.py:4180} INFO - Setting next_dagrun for dataset_s3_bucket_producer_with_no_taskflow to None, run_after=None
[2024-12-07T04:08:03.151-0300] {processor.py:208} INFO - Processing /home/crisu/miniconda3/envs/lab13.1/lib/python3.9/site-packages/airflow/example_dags/example_dataset_alias_with_no_taskflow.py took 0.135 seconds
[2024-12-07T04:10:04.410-0300] {processor.py:186} INFO - Started process (PID=49473) to work on /home/crisu/miniconda3/envs/lab13.1/lib/python3.9/site-packages/airflow/example_dags/example_dataset_alias_with_no_taskflow.py
[2024-12-07T04:10:04.416-0300] {processor.py:914} INFO - Processing file /home/crisu/miniconda3/envs/lab13.1/lib/python3.9/site-packages/airflow/example_dags/example_dataset_alias_with_no_taskflow.py for tasks to queue
[2024-12-07T04:10:04.417-0300] {logging_mixin.py:190} INFO - [2024-12-07T04:10:04.417-0300] {dagbag.py:588} INFO - Filling up the DagBag from /home/crisu/miniconda3/envs/lab13.1/lib/python3.9/site-packages/airflow/example_dags/example_dataset_alias_with_no_taskflow.py
[2024-12-07T04:10:04.434-0300] {processor.py:925} INFO - DAG(s) 'dataset_alias_example_alias_producer_with_no_taskflow', 'dataset_alias_example_alias_consumer_with_no_taskflow', 'dataset_s3_bucket_producer_with_no_taskflow', 'dataset_s3_bucket_consumer_with_no_taskflow' retrieved from /home/crisu/miniconda3/envs/lab13.1/lib/python3.9/site-packages/airflow/example_dags/example_dataset_alias_with_no_taskflow.py
[2024-12-07T04:10:04.452-0300] {logging_mixin.py:190} INFO - [2024-12-07T04:10:04.451-0300] {dag.py:3239} INFO - Sync 4 DAGs
[2024-12-07T04:10:04.466-0300] {logging_mixin.py:190} INFO - [2024-12-07T04:10:04.466-0300] {dag.py:4180} INFO - Setting next_dagrun for dataset_alias_example_alias_consumer_with_no_taskflow to None, run_after=None
[2024-12-07T04:10:04.469-0300] {logging_mixin.py:190} INFO - [2024-12-07T04:10:04.469-0300] {dag.py:4180} INFO - Setting next_dagrun for dataset_alias_example_alias_producer_with_no_taskflow to None, run_after=None
[2024-12-07T04:10:04.470-0300] {logging_mixin.py:190} INFO - [2024-12-07T04:10:04.470-0300] {dag.py:4180} INFO - Setting next_dagrun for dataset_s3_bucket_consumer_with_no_taskflow to None, run_after=None
[2024-12-07T04:10:04.470-0300] {logging_mixin.py:190} INFO - [2024-12-07T04:10:04.470-0300] {dag.py:4180} INFO - Setting next_dagrun for dataset_s3_bucket_producer_with_no_taskflow to None, run_after=None
[2024-12-07T04:10:04.557-0300] {processor.py:208} INFO - Processing /home/crisu/miniconda3/envs/lab13.1/lib/python3.9/site-packages/airflow/example_dags/example_dataset_alias_with_no_taskflow.py took 0.153 seconds
[2024-12-07T04:12:04.758-0300] {processor.py:186} INFO - Started process (PID=49647) to work on /home/crisu/miniconda3/envs/lab13.1/lib/python3.9/site-packages/airflow/example_dags/example_dataset_alias_with_no_taskflow.py
[2024-12-07T04:12:04.760-0300] {processor.py:914} INFO - Processing file /home/crisu/miniconda3/envs/lab13.1/lib/python3.9/site-packages/airflow/example_dags/example_dataset_alias_with_no_taskflow.py for tasks to queue
[2024-12-07T04:12:04.761-0300] {logging_mixin.py:190} INFO - [2024-12-07T04:12:04.761-0300] {dagbag.py:588} INFO - Filling up the DagBag from /home/crisu/miniconda3/envs/lab13.1/lib/python3.9/site-packages/airflow/example_dags/example_dataset_alias_with_no_taskflow.py
[2024-12-07T04:12:04.780-0300] {processor.py:925} INFO - DAG(s) 'dataset_alias_example_alias_producer_with_no_taskflow', 'dataset_s3_bucket_consumer_with_no_taskflow', 'dataset_alias_example_alias_consumer_with_no_taskflow', 'dataset_s3_bucket_producer_with_no_taskflow' retrieved from /home/crisu/miniconda3/envs/lab13.1/lib/python3.9/site-packages/airflow/example_dags/example_dataset_alias_with_no_taskflow.py
[2024-12-07T04:12:04.801-0300] {logging_mixin.py:190} INFO - [2024-12-07T04:12:04.801-0300] {dag.py:3239} INFO - Sync 4 DAGs
[2024-12-07T04:12:04.817-0300] {logging_mixin.py:190} INFO - [2024-12-07T04:12:04.817-0300] {dag.py:4180} INFO - Setting next_dagrun for dataset_alias_example_alias_consumer_with_no_taskflow to None, run_after=None
[2024-12-07T04:12:04.819-0300] {logging_mixin.py:190} INFO - [2024-12-07T04:12:04.819-0300] {dag.py:4180} INFO - Setting next_dagrun for dataset_alias_example_alias_producer_with_no_taskflow to None, run_after=None
[2024-12-07T04:12:04.820-0300] {logging_mixin.py:190} INFO - [2024-12-07T04:12:04.820-0300] {dag.py:4180} INFO - Setting next_dagrun for dataset_s3_bucket_consumer_with_no_taskflow to None, run_after=None
[2024-12-07T04:12:04.821-0300] {logging_mixin.py:190} INFO - [2024-12-07T04:12:04.821-0300] {dag.py:4180} INFO - Setting next_dagrun for dataset_s3_bucket_producer_with_no_taskflow to None, run_after=None
[2024-12-07T04:12:04.881-0300] {processor.py:208} INFO - Processing /home/crisu/miniconda3/envs/lab13.1/lib/python3.9/site-packages/airflow/example_dags/example_dataset_alias_with_no_taskflow.py took 0.129 seconds
[2024-12-07T04:13:20.631-0300] {processor.py:186} INFO - Started process (PID=49764) to work on /home/crisu/miniconda3/envs/lab13.1/lib/python3.9/site-packages/airflow/example_dags/example_dataset_alias_with_no_taskflow.py
[2024-12-07T04:13:20.642-0300] {processor.py:914} INFO - Processing file /home/crisu/miniconda3/envs/lab13.1/lib/python3.9/site-packages/airflow/example_dags/example_dataset_alias_with_no_taskflow.py for tasks to queue
[2024-12-07T04:13:20.644-0300] {logging_mixin.py:190} INFO - [2024-12-07T04:13:20.644-0300] {dagbag.py:588} INFO - Filling up the DagBag from /home/crisu/miniconda3/envs/lab13.1/lib/python3.9/site-packages/airflow/example_dags/example_dataset_alias_with_no_taskflow.py
[2024-12-07T04:13:20.663-0300] {processor.py:925} INFO - DAG(s) 'dataset_s3_bucket_producer_with_no_taskflow', 'dataset_alias_example_alias_consumer_with_no_taskflow', 'dataset_s3_bucket_consumer_with_no_taskflow', 'dataset_alias_example_alias_producer_with_no_taskflow' retrieved from /home/crisu/miniconda3/envs/lab13.1/lib/python3.9/site-packages/airflow/example_dags/example_dataset_alias_with_no_taskflow.py
[2024-12-07T04:13:20.687-0300] {logging_mixin.py:190} INFO - [2024-12-07T04:13:20.687-0300] {dag.py:3239} INFO - Sync 4 DAGs
[2024-12-07T04:13:20.703-0300] {logging_mixin.py:190} INFO - [2024-12-07T04:13:20.702-0300] {dag.py:4180} INFO - Setting next_dagrun for dataset_alias_example_alias_consumer_with_no_taskflow to None, run_after=None
[2024-12-07T04:13:20.706-0300] {logging_mixin.py:190} INFO - [2024-12-07T04:13:20.705-0300] {dag.py:4180} INFO - Setting next_dagrun for dataset_alias_example_alias_producer_with_no_taskflow to None, run_after=None
[2024-12-07T04:13:20.707-0300] {logging_mixin.py:190} INFO - [2024-12-07T04:13:20.707-0300] {dag.py:4180} INFO - Setting next_dagrun for dataset_s3_bucket_consumer_with_no_taskflow to None, run_after=None
[2024-12-07T04:13:20.709-0300] {logging_mixin.py:190} INFO - [2024-12-07T04:13:20.709-0300] {dag.py:4180} INFO - Setting next_dagrun for dataset_s3_bucket_producer_with_no_taskflow to None, run_after=None
[2024-12-07T04:13:20.880-0300] {processor.py:208} INFO - Processing /home/crisu/miniconda3/envs/lab13.1/lib/python3.9/site-packages/airflow/example_dags/example_dataset_alias_with_no_taskflow.py took 0.256 seconds
[2024-12-07T04:14:39.418-0300] {processor.py:186} INFO - Started process (PID=49947) to work on /home/crisu/miniconda3/envs/lab13.1/lib/python3.9/site-packages/airflow/example_dags/example_dataset_alias_with_no_taskflow.py
[2024-12-07T04:14:39.422-0300] {processor.py:914} INFO - Processing file /home/crisu/miniconda3/envs/lab13.1/lib/python3.9/site-packages/airflow/example_dags/example_dataset_alias_with_no_taskflow.py for tasks to queue
[2024-12-07T04:14:39.423-0300] {logging_mixin.py:190} INFO - [2024-12-07T04:14:39.423-0300] {dagbag.py:588} INFO - Filling up the DagBag from /home/crisu/miniconda3/envs/lab13.1/lib/python3.9/site-packages/airflow/example_dags/example_dataset_alias_with_no_taskflow.py
[2024-12-07T04:14:39.440-0300] {processor.py:925} INFO - DAG(s) 'dataset_s3_bucket_producer_with_no_taskflow', 'dataset_alias_example_alias_consumer_with_no_taskflow', 'dataset_s3_bucket_consumer_with_no_taskflow', 'dataset_alias_example_alias_producer_with_no_taskflow' retrieved from /home/crisu/miniconda3/envs/lab13.1/lib/python3.9/site-packages/airflow/example_dags/example_dataset_alias_with_no_taskflow.py
[2024-12-07T04:14:39.460-0300] {logging_mixin.py:190} INFO - [2024-12-07T04:14:39.459-0300] {dag.py:3239} INFO - Sync 4 DAGs
[2024-12-07T04:14:39.477-0300] {logging_mixin.py:190} INFO - [2024-12-07T04:14:39.477-0300] {dag.py:4180} INFO - Setting next_dagrun for dataset_alias_example_alias_consumer_with_no_taskflow to None, run_after=None
[2024-12-07T04:14:39.479-0300] {logging_mixin.py:190} INFO - [2024-12-07T04:14:39.479-0300] {dag.py:4180} INFO - Setting next_dagrun for dataset_alias_example_alias_producer_with_no_taskflow to None, run_after=None
[2024-12-07T04:14:39.480-0300] {logging_mixin.py:190} INFO - [2024-12-07T04:14:39.480-0300] {dag.py:4180} INFO - Setting next_dagrun for dataset_s3_bucket_consumer_with_no_taskflow to None, run_after=None
[2024-12-07T04:14:39.481-0300] {logging_mixin.py:190} INFO - [2024-12-07T04:14:39.480-0300] {dag.py:4180} INFO - Setting next_dagrun for dataset_s3_bucket_producer_with_no_taskflow to None, run_after=None
[2024-12-07T04:14:39.577-0300] {processor.py:208} INFO - Processing /home/crisu/miniconda3/envs/lab13.1/lib/python3.9/site-packages/airflow/example_dags/example_dataset_alias_with_no_taskflow.py took 0.165 seconds
[2024-12-07T04:15:57.736-0300] {processor.py:186} INFO - Started process (PID=50056) to work on /home/crisu/miniconda3/envs/lab13.1/lib/python3.9/site-packages/airflow/example_dags/example_dataset_alias_with_no_taskflow.py
[2024-12-07T04:15:57.746-0300] {processor.py:914} INFO - Processing file /home/crisu/miniconda3/envs/lab13.1/lib/python3.9/site-packages/airflow/example_dags/example_dataset_alias_with_no_taskflow.py for tasks to queue
[2024-12-07T04:15:57.747-0300] {logging_mixin.py:190} INFO - [2024-12-07T04:15:57.747-0300] {dagbag.py:588} INFO - Filling up the DagBag from /home/crisu/miniconda3/envs/lab13.1/lib/python3.9/site-packages/airflow/example_dags/example_dataset_alias_with_no_taskflow.py
[2024-12-07T04:15:57.765-0300] {processor.py:925} INFO - DAG(s) 'dataset_alias_example_alias_consumer_with_no_taskflow', 'dataset_s3_bucket_producer_with_no_taskflow', 'dataset_s3_bucket_consumer_with_no_taskflow', 'dataset_alias_example_alias_producer_with_no_taskflow' retrieved from /home/crisu/miniconda3/envs/lab13.1/lib/python3.9/site-packages/airflow/example_dags/example_dataset_alias_with_no_taskflow.py
[2024-12-07T04:15:57.784-0300] {logging_mixin.py:190} INFO - [2024-12-07T04:15:57.784-0300] {dag.py:3239} INFO - Sync 4 DAGs
[2024-12-07T04:15:57.800-0300] {logging_mixin.py:190} INFO - [2024-12-07T04:15:57.800-0300] {dag.py:4180} INFO - Setting next_dagrun for dataset_alias_example_alias_consumer_with_no_taskflow to None, run_after=None
[2024-12-07T04:15:57.802-0300] {logging_mixin.py:190} INFO - [2024-12-07T04:15:57.802-0300] {dag.py:4180} INFO - Setting next_dagrun for dataset_alias_example_alias_producer_with_no_taskflow to None, run_after=None
[2024-12-07T04:15:57.803-0300] {logging_mixin.py:190} INFO - [2024-12-07T04:15:57.802-0300] {dag.py:4180} INFO - Setting next_dagrun for dataset_s3_bucket_consumer_with_no_taskflow to None, run_after=None
[2024-12-07T04:15:57.803-0300] {logging_mixin.py:190} INFO - [2024-12-07T04:15:57.803-0300] {dag.py:4180} INFO - Setting next_dagrun for dataset_s3_bucket_producer_with_no_taskflow to None, run_after=None
[2024-12-07T04:15:57.868-0300] {processor.py:208} INFO - Processing /home/crisu/miniconda3/envs/lab13.1/lib/python3.9/site-packages/airflow/example_dags/example_dataset_alias_with_no_taskflow.py took 0.137 seconds
