[2024-12-07T02:09:20.978-0300] {processor.py:186} INFO - Started process (PID=35640) to work on /home/crisu/miniconda3/envs/lab13.1/lib/python3.9/site-packages/airflow/example_dags/example_dataset_alias.py
[2024-12-07T02:09:20.979-0300] {processor.py:914} INFO - Processing file /home/crisu/miniconda3/envs/lab13.1/lib/python3.9/site-packages/airflow/example_dags/example_dataset_alias.py for tasks to queue
[2024-12-07T02:09:20.981-0300] {logging_mixin.py:190} INFO - [2024-12-07T02:09:20.981-0300] {dagbag.py:588} INFO - Filling up the DagBag from /home/crisu/miniconda3/envs/lab13.1/lib/python3.9/site-packages/airflow/example_dags/example_dataset_alias.py
[2024-12-07T02:09:20.997-0300] {processor.py:925} INFO - DAG(s) 'dataset_s3_bucket_consumer', 'dataset_alias_example_alias_consumer', 'dataset_alias_example_alias_producer', 'dataset_s3_bucket_producer' retrieved from /home/crisu/miniconda3/envs/lab13.1/lib/python3.9/site-packages/airflow/example_dags/example_dataset_alias.py
[2024-12-07T02:09:21.170-0300] {logging_mixin.py:190} INFO - [2024-12-07T02:09:21.169-0300] {override.py:1911} INFO - Created Permission View: can edit on DAG:dataset_s3_bucket_consumer
[2024-12-07T02:09:21.216-0300] {logging_mixin.py:190} INFO - [2024-12-07T02:09:21.215-0300] {override.py:1911} INFO - Created Permission View: can read on DAG:dataset_s3_bucket_consumer
[2024-12-07T02:09:21.261-0300] {logging_mixin.py:190} INFO - [2024-12-07T02:09:21.261-0300] {override.py:1911} INFO - Created Permission View: can delete on DAG:dataset_s3_bucket_consumer
[2024-12-07T02:09:21.352-0300] {logging_mixin.py:190} INFO - [2024-12-07T02:09:21.351-0300] {override.py:1911} INFO - Created Permission View: can read on DAG Run:dataset_s3_bucket_consumer
[2024-12-07T02:09:21.398-0300] {logging_mixin.py:190} INFO - [2024-12-07T02:09:21.397-0300] {override.py:1911} INFO - Created Permission View: can delete on DAG Run:dataset_s3_bucket_consumer
[2024-12-07T02:09:21.443-0300] {logging_mixin.py:190} INFO - [2024-12-07T02:09:21.443-0300] {override.py:1911} INFO - Created Permission View: menu access on DAG Run:dataset_s3_bucket_consumer
[2024-12-07T02:09:21.488-0300] {logging_mixin.py:190} INFO - [2024-12-07T02:09:21.488-0300] {override.py:1911} INFO - Created Permission View: can create on DAG Run:dataset_s3_bucket_consumer
[2024-12-07T02:09:21.591-0300] {logging_mixin.py:190} INFO - [2024-12-07T02:09:21.591-0300] {override.py:1911} INFO - Created Permission View: can edit on DAG:dataset_alias_example_alias_consumer
[2024-12-07T02:09:21.637-0300] {logging_mixin.py:190} INFO - [2024-12-07T02:09:21.636-0300] {override.py:1911} INFO - Created Permission View: can read on DAG:dataset_alias_example_alias_consumer
[2024-12-07T02:09:21.683-0300] {logging_mixin.py:190} INFO - [2024-12-07T02:09:21.683-0300] {override.py:1911} INFO - Created Permission View: can delete on DAG:dataset_alias_example_alias_consumer
[2024-12-07T02:09:21.775-0300] {logging_mixin.py:190} INFO - [2024-12-07T02:09:21.774-0300] {override.py:1911} INFO - Created Permission View: can read on DAG Run:dataset_alias_example_alias_consumer
[2024-12-07T02:09:21.820-0300] {logging_mixin.py:190} INFO - [2024-12-07T02:09:21.819-0300] {override.py:1911} INFO - Created Permission View: can delete on DAG Run:dataset_alias_example_alias_consumer
[2024-12-07T02:09:21.888-0300] {logging_mixin.py:190} INFO - [2024-12-07T02:09:21.888-0300] {override.py:1911} INFO - Created Permission View: menu access on DAG Run:dataset_alias_example_alias_consumer
[2024-12-07T02:09:21.933-0300] {logging_mixin.py:190} INFO - [2024-12-07T02:09:21.933-0300] {override.py:1911} INFO - Created Permission View: can create on DAG Run:dataset_alias_example_alias_consumer
[2024-12-07T02:09:22.047-0300] {logging_mixin.py:190} INFO - [2024-12-07T02:09:22.047-0300] {override.py:1911} INFO - Created Permission View: can edit on DAG:dataset_alias_example_alias_producer
[2024-12-07T02:09:22.093-0300] {logging_mixin.py:190} INFO - [2024-12-07T02:09:22.092-0300] {override.py:1911} INFO - Created Permission View: can read on DAG:dataset_alias_example_alias_producer
[2024-12-07T02:09:22.138-0300] {logging_mixin.py:190} INFO - [2024-12-07T02:09:22.138-0300] {override.py:1911} INFO - Created Permission View: can delete on DAG:dataset_alias_example_alias_producer
[2024-12-07T02:09:22.231-0300] {logging_mixin.py:190} INFO - [2024-12-07T02:09:22.230-0300] {override.py:1911} INFO - Created Permission View: can read on DAG Run:dataset_alias_example_alias_producer
[2024-12-07T02:09:22.299-0300] {logging_mixin.py:190} INFO - [2024-12-07T02:09:22.298-0300] {override.py:1911} INFO - Created Permission View: can delete on DAG Run:dataset_alias_example_alias_producer
[2024-12-07T02:09:22.366-0300] {logging_mixin.py:190} INFO - [2024-12-07T02:09:22.366-0300] {override.py:1911} INFO - Created Permission View: menu access on DAG Run:dataset_alias_example_alias_producer
[2024-12-07T02:09:22.412-0300] {logging_mixin.py:190} INFO - [2024-12-07T02:09:22.411-0300] {override.py:1911} INFO - Created Permission View: can create on DAG Run:dataset_alias_example_alias_producer
[2024-12-07T02:09:22.525-0300] {logging_mixin.py:190} INFO - [2024-12-07T02:09:22.525-0300] {override.py:1911} INFO - Created Permission View: can edit on DAG:dataset_s3_bucket_producer
[2024-12-07T02:09:22.694-0300] {logging_mixin.py:190} INFO - [2024-12-07T02:09:22.693-0300] {override.py:1911} INFO - Created Permission View: can read on DAG:dataset_s3_bucket_producer
[2024-12-07T02:09:22.775-0300] {logging_mixin.py:190} INFO - [2024-12-07T02:09:22.775-0300] {override.py:1911} INFO - Created Permission View: can delete on DAG:dataset_s3_bucket_producer
[2024-12-07T02:09:22.878-0300] {logging_mixin.py:190} INFO - [2024-12-07T02:09:22.878-0300] {override.py:1911} INFO - Created Permission View: can read on DAG Run:dataset_s3_bucket_producer
[2024-12-07T02:09:22.980-0300] {logging_mixin.py:190} INFO - [2024-12-07T02:09:22.979-0300] {override.py:1911} INFO - Created Permission View: can delete on DAG Run:dataset_s3_bucket_producer
[2024-12-07T02:09:23.026-0300] {logging_mixin.py:190} INFO - [2024-12-07T02:09:23.025-0300] {override.py:1911} INFO - Created Permission View: menu access on DAG Run:dataset_s3_bucket_producer
[2024-12-07T02:09:23.071-0300] {logging_mixin.py:190} INFO - [2024-12-07T02:09:23.070-0300] {override.py:1911} INFO - Created Permission View: can create on DAG Run:dataset_s3_bucket_producer
[2024-12-07T02:09:23.071-0300] {logging_mixin.py:190} INFO - [2024-12-07T02:09:23.071-0300] {dag.py:3239} INFO - Sync 4 DAGs
[2024-12-07T02:09:23.084-0300] {logging_mixin.py:190} INFO - [2024-12-07T02:09:23.084-0300] {dag.py:3262} INFO - Creating ORM DAG for dataset_alias_example_alias_consumer
[2024-12-07T02:09:23.084-0300] {logging_mixin.py:190} INFO - [2024-12-07T02:09:23.084-0300] {dag.py:3262} INFO - Creating ORM DAG for dataset_s3_bucket_consumer
[2024-12-07T02:09:23.085-0300] {logging_mixin.py:190} INFO - [2024-12-07T02:09:23.085-0300] {dag.py:3262} INFO - Creating ORM DAG for dataset_alias_example_alias_producer
[2024-12-07T02:09:23.085-0300] {logging_mixin.py:190} INFO - [2024-12-07T02:09:23.085-0300] {dag.py:3262} INFO - Creating ORM DAG for dataset_s3_bucket_producer
[2024-12-07T02:09:23.092-0300] {logging_mixin.py:190} INFO - [2024-12-07T02:09:23.092-0300] {dag.py:4180} INFO - Setting next_dagrun for dataset_alias_example_alias_consumer to None, run_after=None
[2024-12-07T02:09:23.093-0300] {logging_mixin.py:190} INFO - [2024-12-07T02:09:23.093-0300] {dag.py:4180} INFO - Setting next_dagrun for dataset_alias_example_alias_producer to None, run_after=None
[2024-12-07T02:09:23.093-0300] {logging_mixin.py:190} INFO - [2024-12-07T02:09:23.093-0300] {dag.py:4180} INFO - Setting next_dagrun for dataset_s3_bucket_consumer to None, run_after=None
[2024-12-07T02:09:23.094-0300] {logging_mixin.py:190} INFO - [2024-12-07T02:09:23.094-0300] {dag.py:4180} INFO - Setting next_dagrun for dataset_s3_bucket_producer to None, run_after=None
[2024-12-07T02:09:23.175-0300] {processor.py:208} INFO - Processing /home/crisu/miniconda3/envs/lab13.1/lib/python3.9/site-packages/airflow/example_dags/example_dataset_alias.py took 2.204 seconds
[2024-12-07T02:12:13.613-0300] {processor.py:186} INFO - Started process (PID=35957) to work on /home/crisu/miniconda3/envs/lab13.1/lib/python3.9/site-packages/airflow/example_dags/example_dataset_alias.py
[2024-12-07T02:12:13.615-0300] {processor.py:914} INFO - Processing file /home/crisu/miniconda3/envs/lab13.1/lib/python3.9/site-packages/airflow/example_dags/example_dataset_alias.py for tasks to queue
[2024-12-07T02:12:13.617-0300] {logging_mixin.py:190} INFO - [2024-12-07T02:12:13.617-0300] {dagbag.py:588} INFO - Filling up the DagBag from /home/crisu/miniconda3/envs/lab13.1/lib/python3.9/site-packages/airflow/example_dags/example_dataset_alias.py
[2024-12-07T02:12:13.638-0300] {processor.py:925} INFO - DAG(s) 'dataset_s3_bucket_consumer', 'dataset_s3_bucket_producer', 'dataset_alias_example_alias_producer', 'dataset_alias_example_alias_consumer' retrieved from /home/crisu/miniconda3/envs/lab13.1/lib/python3.9/site-packages/airflow/example_dags/example_dataset_alias.py
[2024-12-07T02:12:13.656-0300] {logging_mixin.py:190} INFO - [2024-12-07T02:12:13.656-0300] {dag.py:3239} INFO - Sync 4 DAGs
[2024-12-07T02:12:13.673-0300] {logging_mixin.py:190} INFO - [2024-12-07T02:12:13.673-0300] {dag.py:4180} INFO - Setting next_dagrun for dataset_alias_example_alias_consumer to None, run_after=None
[2024-12-07T02:12:13.675-0300] {logging_mixin.py:190} INFO - [2024-12-07T02:12:13.675-0300] {dag.py:4180} INFO - Setting next_dagrun for dataset_alias_example_alias_producer to None, run_after=None
[2024-12-07T02:12:13.676-0300] {logging_mixin.py:190} INFO - [2024-12-07T02:12:13.676-0300] {dag.py:4180} INFO - Setting next_dagrun for dataset_s3_bucket_consumer to None, run_after=None
[2024-12-07T02:12:13.677-0300] {logging_mixin.py:190} INFO - [2024-12-07T02:12:13.676-0300] {dag.py:4180} INFO - Setting next_dagrun for dataset_s3_bucket_producer to None, run_after=None
[2024-12-07T02:12:13.743-0300] {processor.py:208} INFO - Processing /home/crisu/miniconda3/envs/lab13.1/lib/python3.9/site-packages/airflow/example_dags/example_dataset_alias.py took 0.137 seconds
[2024-12-07T02:14:27.423-0300] {processor.py:186} INFO - Started process (PID=36263) to work on /home/crisu/miniconda3/envs/lab13.1/lib/python3.9/site-packages/airflow/example_dags/example_dataset_alias.py
[2024-12-07T02:14:27.424-0300] {processor.py:914} INFO - Processing file /home/crisu/miniconda3/envs/lab13.1/lib/python3.9/site-packages/airflow/example_dags/example_dataset_alias.py for tasks to queue
[2024-12-07T02:14:27.426-0300] {logging_mixin.py:190} INFO - [2024-12-07T02:14:27.426-0300] {dagbag.py:588} INFO - Filling up the DagBag from /home/crisu/miniconda3/envs/lab13.1/lib/python3.9/site-packages/airflow/example_dags/example_dataset_alias.py
[2024-12-07T02:14:27.446-0300] {processor.py:925} INFO - DAG(s) 'dataset_alias_example_alias_consumer', 'dataset_s3_bucket_producer', 'dataset_alias_example_alias_producer', 'dataset_s3_bucket_consumer' retrieved from /home/crisu/miniconda3/envs/lab13.1/lib/python3.9/site-packages/airflow/example_dags/example_dataset_alias.py
[2024-12-07T02:14:27.463-0300] {logging_mixin.py:190} INFO - [2024-12-07T02:14:27.463-0300] {dag.py:3239} INFO - Sync 4 DAGs
[2024-12-07T02:14:27.480-0300] {logging_mixin.py:190} INFO - [2024-12-07T02:14:27.480-0300] {dag.py:4180} INFO - Setting next_dagrun for dataset_alias_example_alias_consumer to None, run_after=None
[2024-12-07T02:14:27.482-0300] {logging_mixin.py:190} INFO - [2024-12-07T02:14:27.482-0300] {dag.py:4180} INFO - Setting next_dagrun for dataset_alias_example_alias_producer to None, run_after=None
[2024-12-07T02:14:27.483-0300] {logging_mixin.py:190} INFO - [2024-12-07T02:14:27.483-0300] {dag.py:4180} INFO - Setting next_dagrun for dataset_s3_bucket_consumer to None, run_after=None
[2024-12-07T02:14:27.484-0300] {logging_mixin.py:190} INFO - [2024-12-07T02:14:27.484-0300] {dag.py:4180} INFO - Setting next_dagrun for dataset_s3_bucket_producer to None, run_after=None
[2024-12-07T02:14:27.549-0300] {processor.py:208} INFO - Processing /home/crisu/miniconda3/envs/lab13.1/lib/python3.9/site-packages/airflow/example_dags/example_dataset_alias.py took 0.133 seconds
[2024-12-07T02:16:38.392-0300] {processor.py:186} INFO - Started process (PID=36479) to work on /home/crisu/miniconda3/envs/lab13.1/lib/python3.9/site-packages/airflow/example_dags/example_dataset_alias.py
[2024-12-07T02:16:38.472-0300] {processor.py:914} INFO - Processing file /home/crisu/miniconda3/envs/lab13.1/lib/python3.9/site-packages/airflow/example_dags/example_dataset_alias.py for tasks to queue
[2024-12-07T02:16:38.474-0300] {logging_mixin.py:190} INFO - [2024-12-07T02:16:38.474-0300] {dagbag.py:588} INFO - Filling up the DagBag from /home/crisu/miniconda3/envs/lab13.1/lib/python3.9/site-packages/airflow/example_dags/example_dataset_alias.py
[2024-12-07T02:16:38.494-0300] {processor.py:925} INFO - DAG(s) 'dataset_alias_example_alias_consumer', 'dataset_s3_bucket_consumer', 'dataset_s3_bucket_producer', 'dataset_alias_example_alias_producer' retrieved from /home/crisu/miniconda3/envs/lab13.1/lib/python3.9/site-packages/airflow/example_dags/example_dataset_alias.py
[2024-12-07T02:16:38.511-0300] {logging_mixin.py:190} INFO - [2024-12-07T02:16:38.511-0300] {dag.py:3239} INFO - Sync 4 DAGs
[2024-12-07T02:16:38.527-0300] {logging_mixin.py:190} INFO - [2024-12-07T02:16:38.527-0300] {dag.py:4180} INFO - Setting next_dagrun for dataset_alias_example_alias_consumer to None, run_after=None
[2024-12-07T02:16:38.529-0300] {logging_mixin.py:190} INFO - [2024-12-07T02:16:38.529-0300] {dag.py:4180} INFO - Setting next_dagrun for dataset_alias_example_alias_producer to None, run_after=None
[2024-12-07T02:16:38.530-0300] {logging_mixin.py:190} INFO - [2024-12-07T02:16:38.530-0300] {dag.py:4180} INFO - Setting next_dagrun for dataset_s3_bucket_consumer to None, run_after=None
[2024-12-07T02:16:38.531-0300] {logging_mixin.py:190} INFO - [2024-12-07T02:16:38.531-0300] {dag.py:4180} INFO - Setting next_dagrun for dataset_s3_bucket_producer to None, run_after=None
[2024-12-07T02:16:38.587-0300] {processor.py:208} INFO - Processing /home/crisu/miniconda3/envs/lab13.1/lib/python3.9/site-packages/airflow/example_dags/example_dataset_alias.py took 0.202 seconds
[2024-12-07T02:18:08.822-0300] {processor.py:186} INFO - Started process (PID=36642) to work on /home/crisu/miniconda3/envs/lab13.1/lib/python3.9/site-packages/airflow/example_dags/example_dataset_alias.py
[2024-12-07T02:18:08.910-0300] {processor.py:914} INFO - Processing file /home/crisu/miniconda3/envs/lab13.1/lib/python3.9/site-packages/airflow/example_dags/example_dataset_alias.py for tasks to queue
[2024-12-07T02:18:08.912-0300] {logging_mixin.py:190} INFO - [2024-12-07T02:18:08.912-0300] {dagbag.py:588} INFO - Filling up the DagBag from /home/crisu/miniconda3/envs/lab13.1/lib/python3.9/site-packages/airflow/example_dags/example_dataset_alias.py
[2024-12-07T02:18:08.941-0300] {processor.py:925} INFO - DAG(s) 'dataset_s3_bucket_producer', 'dataset_alias_example_alias_producer', 'dataset_alias_example_alias_consumer', 'dataset_s3_bucket_consumer' retrieved from /home/crisu/miniconda3/envs/lab13.1/lib/python3.9/site-packages/airflow/example_dags/example_dataset_alias.py
[2024-12-07T02:18:08.967-0300] {logging_mixin.py:190} INFO - [2024-12-07T02:18:08.967-0300] {dag.py:3239} INFO - Sync 4 DAGs
[2024-12-07T02:18:08.987-0300] {logging_mixin.py:190} INFO - [2024-12-07T02:18:08.986-0300] {dag.py:4180} INFO - Setting next_dagrun for dataset_alias_example_alias_consumer to None, run_after=None
[2024-12-07T02:18:08.989-0300] {logging_mixin.py:190} INFO - [2024-12-07T02:18:08.988-0300] {dag.py:4180} INFO - Setting next_dagrun for dataset_alias_example_alias_producer to None, run_after=None
[2024-12-07T02:18:08.990-0300] {logging_mixin.py:190} INFO - [2024-12-07T02:18:08.990-0300] {dag.py:4180} INFO - Setting next_dagrun for dataset_s3_bucket_consumer to None, run_after=None
[2024-12-07T02:18:08.991-0300] {logging_mixin.py:190} INFO - [2024-12-07T02:18:08.991-0300] {dag.py:4180} INFO - Setting next_dagrun for dataset_s3_bucket_producer to None, run_after=None
[2024-12-07T02:18:09.072-0300] {processor.py:208} INFO - Processing /home/crisu/miniconda3/envs/lab13.1/lib/python3.9/site-packages/airflow/example_dags/example_dataset_alias.py took 0.257 seconds
[2024-12-07T02:32:39.010-0300] {processor.py:186} INFO - Started process (PID=38085) to work on /home/crisu/miniconda3/envs/lab13.1/lib/python3.9/site-packages/airflow/example_dags/example_dataset_alias.py
[2024-12-07T02:32:39.023-0300] {processor.py:914} INFO - Processing file /home/crisu/miniconda3/envs/lab13.1/lib/python3.9/site-packages/airflow/example_dags/example_dataset_alias.py for tasks to queue
[2024-12-07T02:32:39.025-0300] {logging_mixin.py:190} INFO - [2024-12-07T02:32:39.025-0300] {dagbag.py:588} INFO - Filling up the DagBag from /home/crisu/miniconda3/envs/lab13.1/lib/python3.9/site-packages/airflow/example_dags/example_dataset_alias.py
[2024-12-07T02:32:39.045-0300] {processor.py:925} INFO - DAG(s) 'dataset_alias_example_alias_consumer', 'dataset_s3_bucket_producer', 'dataset_alias_example_alias_producer', 'dataset_s3_bucket_consumer' retrieved from /home/crisu/miniconda3/envs/lab13.1/lib/python3.9/site-packages/airflow/example_dags/example_dataset_alias.py
[2024-12-07T02:32:39.062-0300] {logging_mixin.py:190} INFO - [2024-12-07T02:32:39.062-0300] {dag.py:3239} INFO - Sync 4 DAGs
[2024-12-07T02:32:39.080-0300] {logging_mixin.py:190} INFO - [2024-12-07T02:32:39.079-0300] {dag.py:4180} INFO - Setting next_dagrun for dataset_alias_example_alias_consumer to None, run_after=None
[2024-12-07T02:32:39.082-0300] {logging_mixin.py:190} INFO - [2024-12-07T02:32:39.081-0300] {dag.py:4180} INFO - Setting next_dagrun for dataset_alias_example_alias_producer to None, run_after=None
[2024-12-07T02:32:39.082-0300] {logging_mixin.py:190} INFO - [2024-12-07T02:32:39.082-0300] {dag.py:4180} INFO - Setting next_dagrun for dataset_s3_bucket_consumer to None, run_after=None
[2024-12-07T02:32:39.083-0300] {logging_mixin.py:190} INFO - [2024-12-07T02:32:39.083-0300] {dag.py:4180} INFO - Setting next_dagrun for dataset_s3_bucket_producer to None, run_after=None
[2024-12-07T02:32:39.734-0300] {processor.py:208} INFO - Processing /home/crisu/miniconda3/envs/lab13.1/lib/python3.9/site-packages/airflow/example_dags/example_dataset_alias.py took 0.730 seconds
[2024-12-07T02:34:22.900-0300] {processor.py:186} INFO - Started process (PID=38317) to work on /home/crisu/miniconda3/envs/lab13.1/lib/python3.9/site-packages/airflow/example_dags/example_dataset_alias.py
[2024-12-07T02:34:22.939-0300] {processor.py:914} INFO - Processing file /home/crisu/miniconda3/envs/lab13.1/lib/python3.9/site-packages/airflow/example_dags/example_dataset_alias.py for tasks to queue
[2024-12-07T02:34:22.946-0300] {logging_mixin.py:190} INFO - [2024-12-07T02:34:22.946-0300] {dagbag.py:588} INFO - Filling up the DagBag from /home/crisu/miniconda3/envs/lab13.1/lib/python3.9/site-packages/airflow/example_dags/example_dataset_alias.py
[2024-12-07T02:34:22.996-0300] {processor.py:925} INFO - DAG(s) 'dataset_s3_bucket_producer', 'dataset_s3_bucket_consumer', 'dataset_alias_example_alias_consumer', 'dataset_alias_example_alias_producer' retrieved from /home/crisu/miniconda3/envs/lab13.1/lib/python3.9/site-packages/airflow/example_dags/example_dataset_alias.py
[2024-12-07T02:34:23.029-0300] {logging_mixin.py:190} INFO - [2024-12-07T02:34:23.029-0300] {dag.py:3239} INFO - Sync 4 DAGs
[2024-12-07T02:34:23.062-0300] {logging_mixin.py:190} INFO - [2024-12-07T02:34:23.062-0300] {dag.py:4180} INFO - Setting next_dagrun for dataset_alias_example_alias_consumer to None, run_after=None
[2024-12-07T02:34:23.066-0300] {logging_mixin.py:190} INFO - [2024-12-07T02:34:23.066-0300] {dag.py:4180} INFO - Setting next_dagrun for dataset_alias_example_alias_producer to None, run_after=None
[2024-12-07T02:34:23.068-0300] {logging_mixin.py:190} INFO - [2024-12-07T02:34:23.068-0300] {dag.py:4180} INFO - Setting next_dagrun for dataset_s3_bucket_consumer to None, run_after=None
[2024-12-07T02:34:23.069-0300] {logging_mixin.py:190} INFO - [2024-12-07T02:34:23.069-0300] {dag.py:4180} INFO - Setting next_dagrun for dataset_s3_bucket_producer to None, run_after=None
[2024-12-07T02:34:24.117-0300] {processor.py:208} INFO - Processing /home/crisu/miniconda3/envs/lab13.1/lib/python3.9/site-packages/airflow/example_dags/example_dataset_alias.py took 1.221 seconds
[2024-12-07T02:38:07.142-0300] {processor.py:186} INFO - Started process (PID=38697) to work on /home/crisu/miniconda3/envs/lab13.1/lib/python3.9/site-packages/airflow/example_dags/example_dataset_alias.py
[2024-12-07T02:38:07.202-0300] {processor.py:914} INFO - Processing file /home/crisu/miniconda3/envs/lab13.1/lib/python3.9/site-packages/airflow/example_dags/example_dataset_alias.py for tasks to queue
[2024-12-07T02:38:07.204-0300] {logging_mixin.py:190} INFO - [2024-12-07T02:38:07.203-0300] {dagbag.py:588} INFO - Filling up the DagBag from /home/crisu/miniconda3/envs/lab13.1/lib/python3.9/site-packages/airflow/example_dags/example_dataset_alias.py
[2024-12-07T02:38:07.224-0300] {processor.py:925} INFO - DAG(s) 'dataset_alias_example_alias_consumer', 'dataset_alias_example_alias_producer', 'dataset_s3_bucket_consumer', 'dataset_s3_bucket_producer' retrieved from /home/crisu/miniconda3/envs/lab13.1/lib/python3.9/site-packages/airflow/example_dags/example_dataset_alias.py
[2024-12-07T02:38:07.242-0300] {logging_mixin.py:190} INFO - [2024-12-07T02:38:07.242-0300] {dag.py:3239} INFO - Sync 4 DAGs
[2024-12-07T02:38:07.260-0300] {logging_mixin.py:190} INFO - [2024-12-07T02:38:07.260-0300] {dag.py:4180} INFO - Setting next_dagrun for dataset_alias_example_alias_consumer to None, run_after=None
[2024-12-07T02:38:07.262-0300] {logging_mixin.py:190} INFO - [2024-12-07T02:38:07.262-0300] {dag.py:4180} INFO - Setting next_dagrun for dataset_alias_example_alias_producer to None, run_after=None
[2024-12-07T02:38:07.263-0300] {logging_mixin.py:190} INFO - [2024-12-07T02:38:07.263-0300] {dag.py:4180} INFO - Setting next_dagrun for dataset_s3_bucket_consumer to None, run_after=None
[2024-12-07T02:38:07.263-0300] {logging_mixin.py:190} INFO - [2024-12-07T02:38:07.263-0300] {dag.py:4180} INFO - Setting next_dagrun for dataset_s3_bucket_producer to None, run_after=None
[2024-12-07T02:38:08.600-0300] {processor.py:208} INFO - Processing /home/crisu/miniconda3/envs/lab13.1/lib/python3.9/site-packages/airflow/example_dags/example_dataset_alias.py took 1.464 seconds
[2024-12-07T02:40:53.323-0300] {processor.py:186} INFO - Started process (PID=38927) to work on /home/crisu/miniconda3/envs/lab13.1/lib/python3.9/site-packages/airflow/example_dags/example_dataset_alias.py
[2024-12-07T02:40:53.348-0300] {processor.py:914} INFO - Processing file /home/crisu/miniconda3/envs/lab13.1/lib/python3.9/site-packages/airflow/example_dags/example_dataset_alias.py for tasks to queue
[2024-12-07T02:40:53.350-0300] {logging_mixin.py:190} INFO - [2024-12-07T02:40:53.350-0300] {dagbag.py:588} INFO - Filling up the DagBag from /home/crisu/miniconda3/envs/lab13.1/lib/python3.9/site-packages/airflow/example_dags/example_dataset_alias.py
[2024-12-07T02:40:53.372-0300] {processor.py:925} INFO - DAG(s) 'dataset_s3_bucket_consumer', 'dataset_alias_example_alias_producer', 'dataset_s3_bucket_producer', 'dataset_alias_example_alias_consumer' retrieved from /home/crisu/miniconda3/envs/lab13.1/lib/python3.9/site-packages/airflow/example_dags/example_dataset_alias.py
[2024-12-07T02:40:53.393-0300] {logging_mixin.py:190} INFO - [2024-12-07T02:40:53.393-0300] {dag.py:3239} INFO - Sync 4 DAGs
[2024-12-07T02:40:53.410-0300] {logging_mixin.py:190} INFO - [2024-12-07T02:40:53.410-0300] {dag.py:4180} INFO - Setting next_dagrun for dataset_alias_example_alias_consumer to None, run_after=None
[2024-12-07T02:40:53.412-0300] {logging_mixin.py:190} INFO - [2024-12-07T02:40:53.412-0300] {dag.py:4180} INFO - Setting next_dagrun for dataset_alias_example_alias_producer to None, run_after=None
[2024-12-07T02:40:53.413-0300] {logging_mixin.py:190} INFO - [2024-12-07T02:40:53.413-0300] {dag.py:4180} INFO - Setting next_dagrun for dataset_s3_bucket_consumer to None, run_after=None
[2024-12-07T02:40:53.414-0300] {logging_mixin.py:190} INFO - [2024-12-07T02:40:53.414-0300] {dag.py:4180} INFO - Setting next_dagrun for dataset_s3_bucket_producer to None, run_after=None
[2024-12-07T02:40:53.508-0300] {processor.py:208} INFO - Processing /home/crisu/miniconda3/envs/lab13.1/lib/python3.9/site-packages/airflow/example_dags/example_dataset_alias.py took 0.192 seconds
[2024-12-07T02:42:05.867-0300] {processor.py:186} INFO - Started process (PID=39067) to work on /home/crisu/miniconda3/envs/lab13.1/lib/python3.9/site-packages/airflow/example_dags/example_dataset_alias.py
[2024-12-07T02:42:05.882-0300] {processor.py:914} INFO - Processing file /home/crisu/miniconda3/envs/lab13.1/lib/python3.9/site-packages/airflow/example_dags/example_dataset_alias.py for tasks to queue
[2024-12-07T02:42:05.884-0300] {logging_mixin.py:190} INFO - [2024-12-07T02:42:05.883-0300] {dagbag.py:588} INFO - Filling up the DagBag from /home/crisu/miniconda3/envs/lab13.1/lib/python3.9/site-packages/airflow/example_dags/example_dataset_alias.py
[2024-12-07T02:42:05.915-0300] {processor.py:925} INFO - DAG(s) 'dataset_alias_example_alias_producer', 'dataset_s3_bucket_consumer', 'dataset_s3_bucket_producer', 'dataset_alias_example_alias_consumer' retrieved from /home/crisu/miniconda3/envs/lab13.1/lib/python3.9/site-packages/airflow/example_dags/example_dataset_alias.py
[2024-12-07T02:42:05.947-0300] {logging_mixin.py:190} INFO - [2024-12-07T02:42:05.947-0300] {dag.py:3239} INFO - Sync 4 DAGs
[2024-12-07T02:42:05.974-0300] {logging_mixin.py:190} INFO - [2024-12-07T02:42:05.973-0300] {dag.py:4180} INFO - Setting next_dagrun for dataset_alias_example_alias_consumer to None, run_after=None
[2024-12-07T02:42:05.977-0300] {logging_mixin.py:190} INFO - [2024-12-07T02:42:05.977-0300] {dag.py:4180} INFO - Setting next_dagrun for dataset_alias_example_alias_producer to None, run_after=None
[2024-12-07T02:42:05.978-0300] {logging_mixin.py:190} INFO - [2024-12-07T02:42:05.978-0300] {dag.py:4180} INFO - Setting next_dagrun for dataset_s3_bucket_consumer to None, run_after=None
[2024-12-07T02:42:05.979-0300] {logging_mixin.py:190} INFO - [2024-12-07T02:42:05.979-0300] {dag.py:4180} INFO - Setting next_dagrun for dataset_s3_bucket_producer to None, run_after=None
[2024-12-07T02:42:06.040-0300] {processor.py:208} INFO - Processing /home/crisu/miniconda3/envs/lab13.1/lib/python3.9/site-packages/airflow/example_dags/example_dataset_alias.py took 0.178 seconds
[2024-12-07T02:45:19.195-0300] {processor.py:186} INFO - Started process (PID=39750) to work on /home/crisu/miniconda3/envs/lab13.1/lib/python3.9/site-packages/airflow/example_dags/example_dataset_alias.py
[2024-12-07T02:45:19.196-0300] {processor.py:914} INFO - Processing file /home/crisu/miniconda3/envs/lab13.1/lib/python3.9/site-packages/airflow/example_dags/example_dataset_alias.py for tasks to queue
[2024-12-07T02:45:19.198-0300] {logging_mixin.py:190} INFO - [2024-12-07T02:45:19.198-0300] {dagbag.py:588} INFO - Filling up the DagBag from /home/crisu/miniconda3/envs/lab13.1/lib/python3.9/site-packages/airflow/example_dags/example_dataset_alias.py
[2024-12-07T02:45:19.218-0300] {processor.py:925} INFO - DAG(s) 'dataset_s3_bucket_consumer', 'dataset_s3_bucket_producer', 'dataset_alias_example_alias_producer', 'dataset_alias_example_alias_consumer' retrieved from /home/crisu/miniconda3/envs/lab13.1/lib/python3.9/site-packages/airflow/example_dags/example_dataset_alias.py
[2024-12-07T02:45:19.236-0300] {logging_mixin.py:190} INFO - [2024-12-07T02:45:19.236-0300] {dag.py:3239} INFO - Sync 4 DAGs
[2024-12-07T02:45:19.253-0300] {logging_mixin.py:190} INFO - [2024-12-07T02:45:19.253-0300] {dag.py:4180} INFO - Setting next_dagrun for dataset_alias_example_alias_consumer to None, run_after=None
[2024-12-07T02:45:19.255-0300] {logging_mixin.py:190} INFO - [2024-12-07T02:45:19.255-0300] {dag.py:4180} INFO - Setting next_dagrun for dataset_alias_example_alias_producer to None, run_after=None
[2024-12-07T02:45:19.256-0300] {logging_mixin.py:190} INFO - [2024-12-07T02:45:19.255-0300] {dag.py:4180} INFO - Setting next_dagrun for dataset_s3_bucket_consumer to None, run_after=None
[2024-12-07T02:45:19.256-0300] {logging_mixin.py:190} INFO - [2024-12-07T02:45:19.256-0300] {dag.py:4180} INFO - Setting next_dagrun for dataset_s3_bucket_producer to None, run_after=None
[2024-12-07T02:45:19.319-0300] {processor.py:208} INFO - Processing /home/crisu/miniconda3/envs/lab13.1/lib/python3.9/site-packages/airflow/example_dags/example_dataset_alias.py took 0.130 seconds
[2024-12-07T02:50:38.914-0300] {processor.py:186} INFO - Started process (PID=40846) to work on /home/crisu/miniconda3/envs/lab13.1/lib/python3.9/site-packages/airflow/example_dags/example_dataset_alias.py
[2024-12-07T02:50:38.915-0300] {processor.py:914} INFO - Processing file /home/crisu/miniconda3/envs/lab13.1/lib/python3.9/site-packages/airflow/example_dags/example_dataset_alias.py for tasks to queue
[2024-12-07T02:50:38.918-0300] {logging_mixin.py:190} INFO - [2024-12-07T02:50:38.917-0300] {dagbag.py:588} INFO - Filling up the DagBag from /home/crisu/miniconda3/envs/lab13.1/lib/python3.9/site-packages/airflow/example_dags/example_dataset_alias.py
[2024-12-07T02:50:38.940-0300] {processor.py:925} INFO - DAG(s) 'dataset_alias_example_alias_producer', 'dataset_s3_bucket_consumer', 'dataset_s3_bucket_producer', 'dataset_alias_example_alias_consumer' retrieved from /home/crisu/miniconda3/envs/lab13.1/lib/python3.9/site-packages/airflow/example_dags/example_dataset_alias.py
[2024-12-07T02:50:38.958-0300] {logging_mixin.py:190} INFO - [2024-12-07T02:50:38.958-0300] {dag.py:3239} INFO - Sync 4 DAGs
[2024-12-07T02:50:38.977-0300] {logging_mixin.py:190} INFO - [2024-12-07T02:50:38.977-0300] {dag.py:4180} INFO - Setting next_dagrun for dataset_alias_example_alias_consumer to None, run_after=None
[2024-12-07T02:50:38.980-0300] {logging_mixin.py:190} INFO - [2024-12-07T02:50:38.979-0300] {dag.py:4180} INFO - Setting next_dagrun for dataset_alias_example_alias_producer to None, run_after=None
[2024-12-07T02:50:38.981-0300] {logging_mixin.py:190} INFO - [2024-12-07T02:50:38.981-0300] {dag.py:4180} INFO - Setting next_dagrun for dataset_s3_bucket_consumer to None, run_after=None
[2024-12-07T02:50:38.982-0300] {logging_mixin.py:190} INFO - [2024-12-07T02:50:38.982-0300] {dag.py:4180} INFO - Setting next_dagrun for dataset_s3_bucket_producer to None, run_after=None
[2024-12-07T02:50:39.063-0300] {processor.py:208} INFO - Processing /home/crisu/miniconda3/envs/lab13.1/lib/python3.9/site-packages/airflow/example_dags/example_dataset_alias.py took 0.159 seconds
[2024-12-07T03:21:53.063-0300] {processor.py:186} INFO - Started process (PID=42744) to work on /home/crisu/miniconda3/envs/lab13.1/lib/python3.9/site-packages/airflow/example_dags/example_dataset_alias.py
[2024-12-07T03:21:53.136-0300] {processor.py:914} INFO - Processing file /home/crisu/miniconda3/envs/lab13.1/lib/python3.9/site-packages/airflow/example_dags/example_dataset_alias.py for tasks to queue
[2024-12-07T03:21:53.137-0300] {logging_mixin.py:190} INFO - [2024-12-07T03:21:53.137-0300] {dagbag.py:588} INFO - Filling up the DagBag from /home/crisu/miniconda3/envs/lab13.1/lib/python3.9/site-packages/airflow/example_dags/example_dataset_alias.py
[2024-12-07T03:21:53.156-0300] {processor.py:925} INFO - DAG(s) 'dataset_alias_example_alias_producer', 'dataset_s3_bucket_consumer', 'dataset_alias_example_alias_consumer', 'dataset_s3_bucket_producer' retrieved from /home/crisu/miniconda3/envs/lab13.1/lib/python3.9/site-packages/airflow/example_dags/example_dataset_alias.py
[2024-12-07T03:21:53.173-0300] {logging_mixin.py:190} INFO - [2024-12-07T03:21:53.173-0300] {dag.py:3239} INFO - Sync 4 DAGs
[2024-12-07T03:21:53.189-0300] {logging_mixin.py:190} INFO - [2024-12-07T03:21:53.188-0300] {dag.py:4180} INFO - Setting next_dagrun for dataset_alias_example_alias_consumer to None, run_after=None
[2024-12-07T03:21:53.191-0300] {logging_mixin.py:190} INFO - [2024-12-07T03:21:53.191-0300] {dag.py:4180} INFO - Setting next_dagrun for dataset_alias_example_alias_producer to None, run_after=None
[2024-12-07T03:21:53.192-0300] {logging_mixin.py:190} INFO - [2024-12-07T03:21:53.192-0300] {dag.py:4180} INFO - Setting next_dagrun for dataset_s3_bucket_consumer to None, run_after=None
[2024-12-07T03:21:53.193-0300] {logging_mixin.py:190} INFO - [2024-12-07T03:21:53.192-0300] {dag.py:4180} INFO - Setting next_dagrun for dataset_s3_bucket_producer to None, run_after=None
[2024-12-07T03:21:54.598-0300] {processor.py:208} INFO - Processing /home/crisu/miniconda3/envs/lab13.1/lib/python3.9/site-packages/airflow/example_dags/example_dataset_alias.py took 1.541 seconds
[2024-12-07T03:28:07.030-0300] {processor.py:186} INFO - Started process (PID=43666) to work on /home/crisu/miniconda3/envs/lab13.1/lib/python3.9/site-packages/airflow/example_dags/example_dataset_alias.py
[2024-12-07T03:28:07.061-0300] {processor.py:914} INFO - Processing file /home/crisu/miniconda3/envs/lab13.1/lib/python3.9/site-packages/airflow/example_dags/example_dataset_alias.py for tasks to queue
[2024-12-07T03:28:07.063-0300] {logging_mixin.py:190} INFO - [2024-12-07T03:28:07.063-0300] {dagbag.py:588} INFO - Filling up the DagBag from /home/crisu/miniconda3/envs/lab13.1/lib/python3.9/site-packages/airflow/example_dags/example_dataset_alias.py
[2024-12-07T03:28:07.085-0300] {processor.py:925} INFO - DAG(s) 'dataset_s3_bucket_producer', 'dataset_alias_example_alias_consumer', 'dataset_s3_bucket_consumer', 'dataset_alias_example_alias_producer' retrieved from /home/crisu/miniconda3/envs/lab13.1/lib/python3.9/site-packages/airflow/example_dags/example_dataset_alias.py
[2024-12-07T03:28:07.105-0300] {logging_mixin.py:190} INFO - [2024-12-07T03:28:07.104-0300] {dag.py:3239} INFO - Sync 4 DAGs
[2024-12-07T03:28:07.126-0300] {logging_mixin.py:190} INFO - [2024-12-07T03:28:07.126-0300] {dag.py:4180} INFO - Setting next_dagrun for dataset_alias_example_alias_consumer to None, run_after=None
[2024-12-07T03:28:07.130-0300] {logging_mixin.py:190} INFO - [2024-12-07T03:28:07.130-0300] {dag.py:4180} INFO - Setting next_dagrun for dataset_alias_example_alias_producer to None, run_after=None
[2024-12-07T03:28:07.132-0300] {logging_mixin.py:190} INFO - [2024-12-07T03:28:07.132-0300] {dag.py:4180} INFO - Setting next_dagrun for dataset_s3_bucket_consumer to None, run_after=None
[2024-12-07T03:28:07.133-0300] {logging_mixin.py:190} INFO - [2024-12-07T03:28:07.133-0300] {dag.py:4180} INFO - Setting next_dagrun for dataset_s3_bucket_producer to None, run_after=None
[2024-12-07T03:28:07.209-0300] {processor.py:208} INFO - Processing /home/crisu/miniconda3/envs/lab13.1/lib/python3.9/site-packages/airflow/example_dags/example_dataset_alias.py took 0.187 seconds
[2024-12-07T03:34:48.751-0300] {processor.py:186} INFO - Started process (PID=44666) to work on /home/crisu/miniconda3/envs/lab13.1/lib/python3.9/site-packages/airflow/example_dags/example_dataset_alias.py
[2024-12-07T03:34:48.769-0300] {processor.py:914} INFO - Processing file /home/crisu/miniconda3/envs/lab13.1/lib/python3.9/site-packages/airflow/example_dags/example_dataset_alias.py for tasks to queue
[2024-12-07T03:34:48.770-0300] {logging_mixin.py:190} INFO - [2024-12-07T03:34:48.769-0300] {dagbag.py:588} INFO - Filling up the DagBag from /home/crisu/miniconda3/envs/lab13.1/lib/python3.9/site-packages/airflow/example_dags/example_dataset_alias.py
[2024-12-07T03:34:48.787-0300] {processor.py:925} INFO - DAG(s) 'dataset_alias_example_alias_producer', 'dataset_alias_example_alias_consumer', 'dataset_s3_bucket_producer', 'dataset_s3_bucket_consumer' retrieved from /home/crisu/miniconda3/envs/lab13.1/lib/python3.9/site-packages/airflow/example_dags/example_dataset_alias.py
[2024-12-07T03:34:48.805-0300] {logging_mixin.py:190} INFO - [2024-12-07T03:34:48.805-0300] {dag.py:3239} INFO - Sync 4 DAGs
[2024-12-07T03:34:48.819-0300] {logging_mixin.py:190} INFO - [2024-12-07T03:34:48.819-0300] {dag.py:4180} INFO - Setting next_dagrun for dataset_alias_example_alias_consumer to None, run_after=None
[2024-12-07T03:34:48.821-0300] {logging_mixin.py:190} INFO - [2024-12-07T03:34:48.821-0300] {dag.py:4180} INFO - Setting next_dagrun for dataset_alias_example_alias_producer to None, run_after=None
[2024-12-07T03:34:48.822-0300] {logging_mixin.py:190} INFO - [2024-12-07T03:34:48.822-0300] {dag.py:4180} INFO - Setting next_dagrun for dataset_s3_bucket_consumer to None, run_after=None
[2024-12-07T03:34:48.823-0300] {logging_mixin.py:190} INFO - [2024-12-07T03:34:48.823-0300] {dag.py:4180} INFO - Setting next_dagrun for dataset_s3_bucket_producer to None, run_after=None
[2024-12-07T03:34:49.394-0300] {processor.py:208} INFO - Processing /home/crisu/miniconda3/envs/lab13.1/lib/python3.9/site-packages/airflow/example_dags/example_dataset_alias.py took 0.648 seconds
[2024-12-07T03:36:53.667-0300] {processor.py:186} INFO - Started process (PID=44860) to work on /home/crisu/miniconda3/envs/lab13.1/lib/python3.9/site-packages/airflow/example_dags/example_dataset_alias.py
[2024-12-07T03:36:53.690-0300] {processor.py:914} INFO - Processing file /home/crisu/miniconda3/envs/lab13.1/lib/python3.9/site-packages/airflow/example_dags/example_dataset_alias.py for tasks to queue
[2024-12-07T03:36:53.691-0300] {logging_mixin.py:190} INFO - [2024-12-07T03:36:53.690-0300] {dagbag.py:588} INFO - Filling up the DagBag from /home/crisu/miniconda3/envs/lab13.1/lib/python3.9/site-packages/airflow/example_dags/example_dataset_alias.py
[2024-12-07T03:36:53.710-0300] {processor.py:925} INFO - DAG(s) 'dataset_s3_bucket_producer', 'dataset_alias_example_alias_producer', 'dataset_alias_example_alias_consumer', 'dataset_s3_bucket_consumer' retrieved from /home/crisu/miniconda3/envs/lab13.1/lib/python3.9/site-packages/airflow/example_dags/example_dataset_alias.py
[2024-12-07T03:36:53.729-0300] {logging_mixin.py:190} INFO - [2024-12-07T03:36:53.729-0300] {dag.py:3239} INFO - Sync 4 DAGs
[2024-12-07T03:36:53.745-0300] {logging_mixin.py:190} INFO - [2024-12-07T03:36:53.745-0300] {dag.py:4180} INFO - Setting next_dagrun for dataset_alias_example_alias_consumer to None, run_after=None
[2024-12-07T03:36:53.747-0300] {logging_mixin.py:190} INFO - [2024-12-07T03:36:53.747-0300] {dag.py:4180} INFO - Setting next_dagrun for dataset_alias_example_alias_producer to None, run_after=None
[2024-12-07T03:36:53.748-0300] {logging_mixin.py:190} INFO - [2024-12-07T03:36:53.748-0300] {dag.py:4180} INFO - Setting next_dagrun for dataset_s3_bucket_consumer to None, run_after=None
[2024-12-07T03:36:53.749-0300] {logging_mixin.py:190} INFO - [2024-12-07T03:36:53.749-0300] {dag.py:4180} INFO - Setting next_dagrun for dataset_s3_bucket_producer to None, run_after=None
[2024-12-07T03:36:54.487-0300] {processor.py:208} INFO - Processing /home/crisu/miniconda3/envs/lab13.1/lib/python3.9/site-packages/airflow/example_dags/example_dataset_alias.py took 0.825 seconds
[2024-12-07T03:38:41.191-0300] {processor.py:186} INFO - Started process (PID=45053) to work on /home/crisu/miniconda3/envs/lab13.1/lib/python3.9/site-packages/airflow/example_dags/example_dataset_alias.py
[2024-12-07T03:38:41.198-0300] {processor.py:914} INFO - Processing file /home/crisu/miniconda3/envs/lab13.1/lib/python3.9/site-packages/airflow/example_dags/example_dataset_alias.py for tasks to queue
[2024-12-07T03:38:41.199-0300] {logging_mixin.py:190} INFO - [2024-12-07T03:38:41.199-0300] {dagbag.py:588} INFO - Filling up the DagBag from /home/crisu/miniconda3/envs/lab13.1/lib/python3.9/site-packages/airflow/example_dags/example_dataset_alias.py
[2024-12-07T03:38:41.218-0300] {processor.py:925} INFO - DAG(s) 'dataset_alias_example_alias_producer', 'dataset_s3_bucket_producer', 'dataset_alias_example_alias_consumer', 'dataset_s3_bucket_consumer' retrieved from /home/crisu/miniconda3/envs/lab13.1/lib/python3.9/site-packages/airflow/example_dags/example_dataset_alias.py
[2024-12-07T03:38:41.235-0300] {logging_mixin.py:190} INFO - [2024-12-07T03:38:41.235-0300] {dag.py:3239} INFO - Sync 4 DAGs
[2024-12-07T03:38:41.250-0300] {logging_mixin.py:190} INFO - [2024-12-07T03:38:41.250-0300] {dag.py:4180} INFO - Setting next_dagrun for dataset_alias_example_alias_consumer to None, run_after=None
[2024-12-07T03:38:41.253-0300] {logging_mixin.py:190} INFO - [2024-12-07T03:38:41.252-0300] {dag.py:4180} INFO - Setting next_dagrun for dataset_alias_example_alias_producer to None, run_after=None
[2024-12-07T03:38:41.253-0300] {logging_mixin.py:190} INFO - [2024-12-07T03:38:41.253-0300] {dag.py:4180} INFO - Setting next_dagrun for dataset_s3_bucket_consumer to None, run_after=None
[2024-12-07T03:38:41.254-0300] {logging_mixin.py:190} INFO - [2024-12-07T03:38:41.254-0300] {dag.py:4180} INFO - Setting next_dagrun for dataset_s3_bucket_producer to None, run_after=None
[2024-12-07T03:38:41.318-0300] {processor.py:208} INFO - Processing /home/crisu/miniconda3/envs/lab13.1/lib/python3.9/site-packages/airflow/example_dags/example_dataset_alias.py took 0.134 seconds
[2024-12-07T03:39:59.331-0300] {processor.py:186} INFO - Started process (PID=45207) to work on /home/crisu/miniconda3/envs/lab13.1/lib/python3.9/site-packages/airflow/example_dags/example_dataset_alias.py
[2024-12-07T03:39:59.338-0300] {processor.py:914} INFO - Processing file /home/crisu/miniconda3/envs/lab13.1/lib/python3.9/site-packages/airflow/example_dags/example_dataset_alias.py for tasks to queue
[2024-12-07T03:39:59.340-0300] {logging_mixin.py:190} INFO - [2024-12-07T03:39:59.339-0300] {dagbag.py:588} INFO - Filling up the DagBag from /home/crisu/miniconda3/envs/lab13.1/lib/python3.9/site-packages/airflow/example_dags/example_dataset_alias.py
[2024-12-07T03:39:59.357-0300] {processor.py:925} INFO - DAG(s) 'dataset_s3_bucket_producer', 'dataset_s3_bucket_consumer', 'dataset_alias_example_alias_consumer', 'dataset_alias_example_alias_producer' retrieved from /home/crisu/miniconda3/envs/lab13.1/lib/python3.9/site-packages/airflow/example_dags/example_dataset_alias.py
[2024-12-07T03:39:59.376-0300] {logging_mixin.py:190} INFO - [2024-12-07T03:39:59.375-0300] {dag.py:3239} INFO - Sync 4 DAGs
[2024-12-07T03:39:59.390-0300] {logging_mixin.py:190} INFO - [2024-12-07T03:39:59.390-0300] {dag.py:4180} INFO - Setting next_dagrun for dataset_alias_example_alias_consumer to None, run_after=None
[2024-12-07T03:39:59.392-0300] {logging_mixin.py:190} INFO - [2024-12-07T03:39:59.392-0300] {dag.py:4180} INFO - Setting next_dagrun for dataset_alias_example_alias_producer to None, run_after=None
[2024-12-07T03:39:59.393-0300] {logging_mixin.py:190} INFO - [2024-12-07T03:39:59.392-0300] {dag.py:4180} INFO - Setting next_dagrun for dataset_s3_bucket_consumer to None, run_after=None
[2024-12-07T03:39:59.393-0300] {logging_mixin.py:190} INFO - [2024-12-07T03:39:59.393-0300] {dag.py:4180} INFO - Setting next_dagrun for dataset_s3_bucket_producer to None, run_after=None
[2024-12-07T03:39:59.458-0300] {processor.py:208} INFO - Processing /home/crisu/miniconda3/envs/lab13.1/lib/python3.9/site-packages/airflow/example_dags/example_dataset_alias.py took 0.131 seconds
[2024-12-07T03:41:23.472-0300] {processor.py:186} INFO - Started process (PID=45432) to work on /home/crisu/miniconda3/envs/lab13.1/lib/python3.9/site-packages/airflow/example_dags/example_dataset_alias.py
[2024-12-07T03:41:23.478-0300] {processor.py:914} INFO - Processing file /home/crisu/miniconda3/envs/lab13.1/lib/python3.9/site-packages/airflow/example_dags/example_dataset_alias.py for tasks to queue
[2024-12-07T03:41:23.479-0300] {logging_mixin.py:190} INFO - [2024-12-07T03:41:23.479-0300] {dagbag.py:588} INFO - Filling up the DagBag from /home/crisu/miniconda3/envs/lab13.1/lib/python3.9/site-packages/airflow/example_dags/example_dataset_alias.py
[2024-12-07T03:41:23.498-0300] {processor.py:925} INFO - DAG(s) 'dataset_alias_example_alias_consumer', 'dataset_alias_example_alias_producer', 'dataset_s3_bucket_producer', 'dataset_s3_bucket_consumer' retrieved from /home/crisu/miniconda3/envs/lab13.1/lib/python3.9/site-packages/airflow/example_dags/example_dataset_alias.py
[2024-12-07T03:41:23.521-0300] {logging_mixin.py:190} INFO - [2024-12-07T03:41:23.521-0300] {dag.py:3239} INFO - Sync 4 DAGs
[2024-12-07T03:41:23.538-0300] {logging_mixin.py:190} INFO - [2024-12-07T03:41:23.538-0300] {dag.py:4180} INFO - Setting next_dagrun for dataset_alias_example_alias_consumer to None, run_after=None
[2024-12-07T03:41:23.540-0300] {logging_mixin.py:190} INFO - [2024-12-07T03:41:23.540-0300] {dag.py:4180} INFO - Setting next_dagrun for dataset_alias_example_alias_producer to None, run_after=None
[2024-12-07T03:41:23.542-0300] {logging_mixin.py:190} INFO - [2024-12-07T03:41:23.542-0300] {dag.py:4180} INFO - Setting next_dagrun for dataset_s3_bucket_consumer to None, run_after=None
[2024-12-07T03:41:23.543-0300] {logging_mixin.py:190} INFO - [2024-12-07T03:41:23.543-0300] {dag.py:4180} INFO - Setting next_dagrun for dataset_s3_bucket_producer to None, run_after=None
[2024-12-07T03:41:23.628-0300] {processor.py:208} INFO - Processing /home/crisu/miniconda3/envs/lab13.1/lib/python3.9/site-packages/airflow/example_dags/example_dataset_alias.py took 0.161 seconds
[2024-12-07T03:46:28.481-0300] {processor.py:186} INFO - Started process (PID=46307) to work on /home/crisu/miniconda3/envs/lab13.1/lib/python3.9/site-packages/airflow/example_dags/example_dataset_alias.py
[2024-12-07T03:46:28.504-0300] {processor.py:914} INFO - Processing file /home/crisu/miniconda3/envs/lab13.1/lib/python3.9/site-packages/airflow/example_dags/example_dataset_alias.py for tasks to queue
[2024-12-07T03:46:28.506-0300] {logging_mixin.py:190} INFO - [2024-12-07T03:46:28.506-0300] {dagbag.py:588} INFO - Filling up the DagBag from /home/crisu/miniconda3/envs/lab13.1/lib/python3.9/site-packages/airflow/example_dags/example_dataset_alias.py
[2024-12-07T03:46:28.534-0300] {processor.py:925} INFO - DAG(s) 'dataset_alias_example_alias_producer', 'dataset_alias_example_alias_consumer', 'dataset_s3_bucket_producer', 'dataset_s3_bucket_consumer' retrieved from /home/crisu/miniconda3/envs/lab13.1/lib/python3.9/site-packages/airflow/example_dags/example_dataset_alias.py
[2024-12-07T03:46:28.558-0300] {logging_mixin.py:190} INFO - [2024-12-07T03:46:28.557-0300] {dag.py:3239} INFO - Sync 4 DAGs
[2024-12-07T03:46:28.577-0300] {logging_mixin.py:190} INFO - [2024-12-07T03:46:28.577-0300] {dag.py:4180} INFO - Setting next_dagrun for dataset_alias_example_alias_consumer to None, run_after=None
[2024-12-07T03:46:28.579-0300] {logging_mixin.py:190} INFO - [2024-12-07T03:46:28.579-0300] {dag.py:4180} INFO - Setting next_dagrun for dataset_alias_example_alias_producer to None, run_after=None
[2024-12-07T03:46:28.581-0300] {logging_mixin.py:190} INFO - [2024-12-07T03:46:28.580-0300] {dag.py:4180} INFO - Setting next_dagrun for dataset_s3_bucket_consumer to None, run_after=None
[2024-12-07T03:46:28.581-0300] {logging_mixin.py:190} INFO - [2024-12-07T03:46:28.581-0300] {dag.py:4180} INFO - Setting next_dagrun for dataset_s3_bucket_producer to None, run_after=None
[2024-12-07T03:46:28.661-0300] {processor.py:208} INFO - Processing /home/crisu/miniconda3/envs/lab13.1/lib/python3.9/site-packages/airflow/example_dags/example_dataset_alias.py took 0.188 seconds
[2024-12-07T03:49:19.655-0300] {processor.py:186} INFO - Started process (PID=46840) to work on /home/crisu/miniconda3/envs/lab13.1/lib/python3.9/site-packages/airflow/example_dags/example_dataset_alias.py
[2024-12-07T03:49:19.724-0300] {processor.py:914} INFO - Processing file /home/crisu/miniconda3/envs/lab13.1/lib/python3.9/site-packages/airflow/example_dags/example_dataset_alias.py for tasks to queue
[2024-12-07T03:49:19.727-0300] {logging_mixin.py:190} INFO - [2024-12-07T03:49:19.726-0300] {dagbag.py:588} INFO - Filling up the DagBag from /home/crisu/miniconda3/envs/lab13.1/lib/python3.9/site-packages/airflow/example_dags/example_dataset_alias.py
[2024-12-07T03:49:19.758-0300] {processor.py:925} INFO - DAG(s) 'dataset_s3_bucket_consumer', 'dataset_s3_bucket_producer', 'dataset_alias_example_alias_producer', 'dataset_alias_example_alias_consumer' retrieved from /home/crisu/miniconda3/envs/lab13.1/lib/python3.9/site-packages/airflow/example_dags/example_dataset_alias.py
[2024-12-07T03:49:19.793-0300] {logging_mixin.py:190} INFO - [2024-12-07T03:49:19.793-0300] {dag.py:3239} INFO - Sync 4 DAGs
[2024-12-07T03:49:19.826-0300] {logging_mixin.py:190} INFO - [2024-12-07T03:49:19.825-0300] {dag.py:4180} INFO - Setting next_dagrun for dataset_alias_example_alias_consumer to None, run_after=None
[2024-12-07T03:49:19.829-0300] {logging_mixin.py:190} INFO - [2024-12-07T03:49:19.829-0300] {dag.py:4180} INFO - Setting next_dagrun for dataset_alias_example_alias_producer to None, run_after=None
[2024-12-07T03:49:19.831-0300] {logging_mixin.py:190} INFO - [2024-12-07T03:49:19.831-0300] {dag.py:4180} INFO - Setting next_dagrun for dataset_s3_bucket_consumer to None, run_after=None
[2024-12-07T03:49:19.833-0300] {logging_mixin.py:190} INFO - [2024-12-07T03:49:19.833-0300] {dag.py:4180} INFO - Setting next_dagrun for dataset_s3_bucket_producer to None, run_after=None
[2024-12-07T03:49:21.612-0300] {processor.py:208} INFO - Processing /home/crisu/miniconda3/envs/lab13.1/lib/python3.9/site-packages/airflow/example_dags/example_dataset_alias.py took 1.966 seconds
[2024-12-07T03:51:52.161-0300] {processor.py:186} INFO - Started process (PID=47022) to work on /home/crisu/miniconda3/envs/lab13.1/lib/python3.9/site-packages/airflow/example_dags/example_dataset_alias.py
[2024-12-07T03:51:52.163-0300] {processor.py:914} INFO - Processing file /home/crisu/miniconda3/envs/lab13.1/lib/python3.9/site-packages/airflow/example_dags/example_dataset_alias.py for tasks to queue
[2024-12-07T03:51:52.164-0300] {logging_mixin.py:190} INFO - [2024-12-07T03:51:52.164-0300] {dagbag.py:588} INFO - Filling up the DagBag from /home/crisu/miniconda3/envs/lab13.1/lib/python3.9/site-packages/airflow/example_dags/example_dataset_alias.py
[2024-12-07T03:51:52.185-0300] {processor.py:925} INFO - DAG(s) 'dataset_alias_example_alias_producer', 'dataset_alias_example_alias_consumer', 'dataset_s3_bucket_consumer', 'dataset_s3_bucket_producer' retrieved from /home/crisu/miniconda3/envs/lab13.1/lib/python3.9/site-packages/airflow/example_dags/example_dataset_alias.py
[2024-12-07T03:51:52.207-0300] {logging_mixin.py:190} INFO - [2024-12-07T03:51:52.206-0300] {dag.py:3239} INFO - Sync 4 DAGs
[2024-12-07T03:51:52.224-0300] {logging_mixin.py:190} INFO - [2024-12-07T03:51:52.224-0300] {dag.py:4180} INFO - Setting next_dagrun for dataset_alias_example_alias_consumer to None, run_after=None
[2024-12-07T03:51:52.226-0300] {logging_mixin.py:190} INFO - [2024-12-07T03:51:52.226-0300] {dag.py:4180} INFO - Setting next_dagrun for dataset_alias_example_alias_producer to None, run_after=None
[2024-12-07T03:51:52.227-0300] {logging_mixin.py:190} INFO - [2024-12-07T03:51:52.227-0300] {dag.py:4180} INFO - Setting next_dagrun for dataset_s3_bucket_consumer to None, run_after=None
[2024-12-07T03:51:52.228-0300] {logging_mixin.py:190} INFO - [2024-12-07T03:51:52.227-0300] {dag.py:4180} INFO - Setting next_dagrun for dataset_s3_bucket_producer to None, run_after=None
[2024-12-07T03:51:52.298-0300] {processor.py:208} INFO - Processing /home/crisu/miniconda3/envs/lab13.1/lib/python3.9/site-packages/airflow/example_dags/example_dataset_alias.py took 0.142 seconds
[2024-12-07T03:53:30.306-0300] {processor.py:186} INFO - Started process (PID=47189) to work on /home/crisu/miniconda3/envs/lab13.1/lib/python3.9/site-packages/airflow/example_dags/example_dataset_alias.py
[2024-12-07T03:53:30.367-0300] {processor.py:914} INFO - Processing file /home/crisu/miniconda3/envs/lab13.1/lib/python3.9/site-packages/airflow/example_dags/example_dataset_alias.py for tasks to queue
[2024-12-07T03:53:30.369-0300] {logging_mixin.py:190} INFO - [2024-12-07T03:53:30.369-0300] {dagbag.py:588} INFO - Filling up the DagBag from /home/crisu/miniconda3/envs/lab13.1/lib/python3.9/site-packages/airflow/example_dags/example_dataset_alias.py
[2024-12-07T03:53:30.390-0300] {processor.py:925} INFO - DAG(s) 'dataset_alias_example_alias_consumer', 'dataset_alias_example_alias_producer', 'dataset_s3_bucket_producer', 'dataset_s3_bucket_consumer' retrieved from /home/crisu/miniconda3/envs/lab13.1/lib/python3.9/site-packages/airflow/example_dags/example_dataset_alias.py
[2024-12-07T03:53:30.408-0300] {logging_mixin.py:190} INFO - [2024-12-07T03:53:30.408-0300] {dag.py:3239} INFO - Sync 4 DAGs
[2024-12-07T03:53:30.427-0300] {logging_mixin.py:190} INFO - [2024-12-07T03:53:30.427-0300] {dag.py:4180} INFO - Setting next_dagrun for dataset_alias_example_alias_consumer to None, run_after=None
[2024-12-07T03:53:30.429-0300] {logging_mixin.py:190} INFO - [2024-12-07T03:53:30.429-0300] {dag.py:4180} INFO - Setting next_dagrun for dataset_alias_example_alias_producer to None, run_after=None
[2024-12-07T03:53:30.430-0300] {logging_mixin.py:190} INFO - [2024-12-07T03:53:30.430-0300] {dag.py:4180} INFO - Setting next_dagrun for dataset_s3_bucket_consumer to None, run_after=None
[2024-12-07T03:53:30.431-0300] {logging_mixin.py:190} INFO - [2024-12-07T03:53:30.431-0300] {dag.py:4180} INFO - Setting next_dagrun for dataset_s3_bucket_producer to None, run_after=None
[2024-12-07T03:53:30.954-0300] {processor.py:208} INFO - Processing /home/crisu/miniconda3/envs/lab13.1/lib/python3.9/site-packages/airflow/example_dags/example_dataset_alias.py took 0.654 seconds
[2024-12-07T03:55:44.853-0300] {processor.py:186} INFO - Started process (PID=47493) to work on /home/crisu/miniconda3/envs/lab13.1/lib/python3.9/site-packages/airflow/example_dags/example_dataset_alias.py
[2024-12-07T03:55:44.854-0300] {processor.py:914} INFO - Processing file /home/crisu/miniconda3/envs/lab13.1/lib/python3.9/site-packages/airflow/example_dags/example_dataset_alias.py for tasks to queue
[2024-12-07T03:55:44.856-0300] {logging_mixin.py:190} INFO - [2024-12-07T03:55:44.856-0300] {dagbag.py:588} INFO - Filling up the DagBag from /home/crisu/miniconda3/envs/lab13.1/lib/python3.9/site-packages/airflow/example_dags/example_dataset_alias.py
[2024-12-07T03:55:44.876-0300] {processor.py:925} INFO - DAG(s) 'dataset_s3_bucket_producer', 'dataset_alias_example_alias_consumer', 'dataset_s3_bucket_consumer', 'dataset_alias_example_alias_producer' retrieved from /home/crisu/miniconda3/envs/lab13.1/lib/python3.9/site-packages/airflow/example_dags/example_dataset_alias.py
[2024-12-07T03:55:44.894-0300] {logging_mixin.py:190} INFO - [2024-12-07T03:55:44.893-0300] {dag.py:3239} INFO - Sync 4 DAGs
[2024-12-07T03:55:44.911-0300] {logging_mixin.py:190} INFO - [2024-12-07T03:55:44.910-0300] {dag.py:4180} INFO - Setting next_dagrun for dataset_alias_example_alias_consumer to None, run_after=None
[2024-12-07T03:55:44.913-0300] {logging_mixin.py:190} INFO - [2024-12-07T03:55:44.913-0300] {dag.py:4180} INFO - Setting next_dagrun for dataset_alias_example_alias_producer to None, run_after=None
[2024-12-07T03:55:44.914-0300] {logging_mixin.py:190} INFO - [2024-12-07T03:55:44.913-0300] {dag.py:4180} INFO - Setting next_dagrun for dataset_s3_bucket_consumer to None, run_after=None
[2024-12-07T03:55:44.914-0300] {logging_mixin.py:190} INFO - [2024-12-07T03:55:44.914-0300] {dag.py:4180} INFO - Setting next_dagrun for dataset_s3_bucket_producer to None, run_after=None
[2024-12-07T03:55:45.455-0300] {processor.py:208} INFO - Processing /home/crisu/miniconda3/envs/lab13.1/lib/python3.9/site-packages/airflow/example_dags/example_dataset_alias.py took 0.608 seconds
[2024-12-07T03:57:19.237-0300] {processor.py:186} INFO - Started process (PID=47664) to work on /home/crisu/miniconda3/envs/lab13.1/lib/python3.9/site-packages/airflow/example_dags/example_dataset_alias.py
[2024-12-07T03:57:19.256-0300] {processor.py:914} INFO - Processing file /home/crisu/miniconda3/envs/lab13.1/lib/python3.9/site-packages/airflow/example_dags/example_dataset_alias.py for tasks to queue
[2024-12-07T03:57:19.258-0300] {logging_mixin.py:190} INFO - [2024-12-07T03:57:19.257-0300] {dagbag.py:588} INFO - Filling up the DagBag from /home/crisu/miniconda3/envs/lab13.1/lib/python3.9/site-packages/airflow/example_dags/example_dataset_alias.py
[2024-12-07T03:57:19.279-0300] {processor.py:925} INFO - DAG(s) 'dataset_s3_bucket_consumer', 'dataset_s3_bucket_producer', 'dataset_alias_example_alias_consumer', 'dataset_alias_example_alias_producer' retrieved from /home/crisu/miniconda3/envs/lab13.1/lib/python3.9/site-packages/airflow/example_dags/example_dataset_alias.py
[2024-12-07T03:57:19.298-0300] {logging_mixin.py:190} INFO - [2024-12-07T03:57:19.297-0300] {dag.py:3239} INFO - Sync 4 DAGs
[2024-12-07T03:57:19.315-0300] {logging_mixin.py:190} INFO - [2024-12-07T03:57:19.315-0300] {dag.py:4180} INFO - Setting next_dagrun for dataset_alias_example_alias_consumer to None, run_after=None
[2024-12-07T03:57:19.317-0300] {logging_mixin.py:190} INFO - [2024-12-07T03:57:19.317-0300] {dag.py:4180} INFO - Setting next_dagrun for dataset_alias_example_alias_producer to None, run_after=None
[2024-12-07T03:57:19.318-0300] {logging_mixin.py:190} INFO - [2024-12-07T03:57:19.318-0300] {dag.py:4180} INFO - Setting next_dagrun for dataset_s3_bucket_consumer to None, run_after=None
[2024-12-07T03:57:19.319-0300] {logging_mixin.py:190} INFO - [2024-12-07T03:57:19.319-0300] {dag.py:4180} INFO - Setting next_dagrun for dataset_s3_bucket_producer to None, run_after=None
[2024-12-07T03:57:19.386-0300] {processor.py:208} INFO - Processing /home/crisu/miniconda3/envs/lab13.1/lib/python3.9/site-packages/airflow/example_dags/example_dataset_alias.py took 0.154 seconds
[2024-12-07T03:58:36.794-0300] {processor.py:186} INFO - Started process (PID=47828) to work on /home/crisu/miniconda3/envs/lab13.1/lib/python3.9/site-packages/airflow/example_dags/example_dataset_alias.py
[2024-12-07T03:58:36.802-0300] {processor.py:914} INFO - Processing file /home/crisu/miniconda3/envs/lab13.1/lib/python3.9/site-packages/airflow/example_dags/example_dataset_alias.py for tasks to queue
[2024-12-07T03:58:36.805-0300] {logging_mixin.py:190} INFO - [2024-12-07T03:58:36.804-0300] {dagbag.py:588} INFO - Filling up the DagBag from /home/crisu/miniconda3/envs/lab13.1/lib/python3.9/site-packages/airflow/example_dags/example_dataset_alias.py
[2024-12-07T03:58:36.826-0300] {processor.py:925} INFO - DAG(s) 'dataset_s3_bucket_producer', 'dataset_alias_example_alias_producer', 'dataset_alias_example_alias_consumer', 'dataset_s3_bucket_consumer' retrieved from /home/crisu/miniconda3/envs/lab13.1/lib/python3.9/site-packages/airflow/example_dags/example_dataset_alias.py
[2024-12-07T03:58:36.843-0300] {logging_mixin.py:190} INFO - [2024-12-07T03:58:36.843-0300] {dag.py:3239} INFO - Sync 4 DAGs
[2024-12-07T03:58:36.860-0300] {logging_mixin.py:190} INFO - [2024-12-07T03:58:36.860-0300] {dag.py:4180} INFO - Setting next_dagrun for dataset_alias_example_alias_consumer to None, run_after=None
[2024-12-07T03:58:36.863-0300] {logging_mixin.py:190} INFO - [2024-12-07T03:58:36.863-0300] {dag.py:4180} INFO - Setting next_dagrun for dataset_alias_example_alias_producer to None, run_after=None
[2024-12-07T03:58:36.864-0300] {logging_mixin.py:190} INFO - [2024-12-07T03:58:36.864-0300] {dag.py:4180} INFO - Setting next_dagrun for dataset_s3_bucket_consumer to None, run_after=None
[2024-12-07T03:58:36.865-0300] {logging_mixin.py:190} INFO - [2024-12-07T03:58:36.865-0300] {dag.py:4180} INFO - Setting next_dagrun for dataset_s3_bucket_producer to None, run_after=None
[2024-12-07T03:58:36.924-0300] {processor.py:208} INFO - Processing /home/crisu/miniconda3/envs/lab13.1/lib/python3.9/site-packages/airflow/example_dags/example_dataset_alias.py took 0.136 seconds
[2024-12-07T04:00:33.713-0300] {processor.py:186} INFO - Started process (PID=48065) to work on /home/crisu/miniconda3/envs/lab13.1/lib/python3.9/site-packages/airflow/example_dags/example_dataset_alias.py
[2024-12-07T04:00:33.752-0300] {processor.py:914} INFO - Processing file /home/crisu/miniconda3/envs/lab13.1/lib/python3.9/site-packages/airflow/example_dags/example_dataset_alias.py for tasks to queue
[2024-12-07T04:00:33.754-0300] {logging_mixin.py:190} INFO - [2024-12-07T04:00:33.753-0300] {dagbag.py:588} INFO - Filling up the DagBag from /home/crisu/miniconda3/envs/lab13.1/lib/python3.9/site-packages/airflow/example_dags/example_dataset_alias.py
[2024-12-07T04:00:33.777-0300] {processor.py:925} INFO - DAG(s) 'dataset_s3_bucket_producer', 'dataset_alias_example_alias_producer', 'dataset_alias_example_alias_consumer', 'dataset_s3_bucket_consumer' retrieved from /home/crisu/miniconda3/envs/lab13.1/lib/python3.9/site-packages/airflow/example_dags/example_dataset_alias.py
[2024-12-07T04:00:33.796-0300] {logging_mixin.py:190} INFO - [2024-12-07T04:00:33.796-0300] {dag.py:3239} INFO - Sync 4 DAGs
[2024-12-07T04:00:33.814-0300] {logging_mixin.py:190} INFO - [2024-12-07T04:00:33.814-0300] {dag.py:4180} INFO - Setting next_dagrun for dataset_alias_example_alias_consumer to None, run_after=None
[2024-12-07T04:00:33.817-0300] {logging_mixin.py:190} INFO - [2024-12-07T04:00:33.817-0300] {dag.py:4180} INFO - Setting next_dagrun for dataset_alias_example_alias_producer to None, run_after=None
[2024-12-07T04:00:33.818-0300] {logging_mixin.py:190} INFO - [2024-12-07T04:00:33.818-0300] {dag.py:4180} INFO - Setting next_dagrun for dataset_s3_bucket_consumer to None, run_after=None
[2024-12-07T04:00:33.819-0300] {logging_mixin.py:190} INFO - [2024-12-07T04:00:33.819-0300] {dag.py:4180} INFO - Setting next_dagrun for dataset_s3_bucket_producer to None, run_after=None
[2024-12-07T04:00:33.891-0300] {processor.py:208} INFO - Processing /home/crisu/miniconda3/envs/lab13.1/lib/python3.9/site-packages/airflow/example_dags/example_dataset_alias.py took 0.183 seconds
[2024-12-07T04:02:06.380-0300] {processor.py:186} INFO - Started process (PID=48277) to work on /home/crisu/miniconda3/envs/lab13.1/lib/python3.9/site-packages/airflow/example_dags/example_dataset_alias.py
[2024-12-07T04:02:06.605-0300] {processor.py:914} INFO - Processing file /home/crisu/miniconda3/envs/lab13.1/lib/python3.9/site-packages/airflow/example_dags/example_dataset_alias.py for tasks to queue
[2024-12-07T04:02:06.608-0300] {logging_mixin.py:190} INFO - [2024-12-07T04:02:06.607-0300] {dagbag.py:588} INFO - Filling up the DagBag from /home/crisu/miniconda3/envs/lab13.1/lib/python3.9/site-packages/airflow/example_dags/example_dataset_alias.py
[2024-12-07T04:02:06.630-0300] {processor.py:925} INFO - DAG(s) 'dataset_s3_bucket_consumer', 'dataset_s3_bucket_producer', 'dataset_alias_example_alias_consumer', 'dataset_alias_example_alias_producer' retrieved from /home/crisu/miniconda3/envs/lab13.1/lib/python3.9/site-packages/airflow/example_dags/example_dataset_alias.py
[2024-12-07T04:02:06.650-0300] {logging_mixin.py:190} INFO - [2024-12-07T04:02:06.650-0300] {dag.py:3239} INFO - Sync 4 DAGs
[2024-12-07T04:02:06.670-0300] {logging_mixin.py:190} INFO - [2024-12-07T04:02:06.670-0300] {dag.py:4180} INFO - Setting next_dagrun for dataset_alias_example_alias_consumer to None, run_after=None
[2024-12-07T04:02:06.673-0300] {logging_mixin.py:190} INFO - [2024-12-07T04:02:06.673-0300] {dag.py:4180} INFO - Setting next_dagrun for dataset_alias_example_alias_producer to None, run_after=None
[2024-12-07T04:02:06.674-0300] {logging_mixin.py:190} INFO - [2024-12-07T04:02:06.674-0300] {dag.py:4180} INFO - Setting next_dagrun for dataset_s3_bucket_consumer to None, run_after=None
[2024-12-07T04:02:06.675-0300] {logging_mixin.py:190} INFO - [2024-12-07T04:02:06.675-0300] {dag.py:4180} INFO - Setting next_dagrun for dataset_s3_bucket_producer to None, run_after=None
[2024-12-07T04:02:07.778-0300] {processor.py:208} INFO - Processing /home/crisu/miniconda3/envs/lab13.1/lib/python3.9/site-packages/airflow/example_dags/example_dataset_alias.py took 1.403 seconds
[2024-12-07T04:08:05.293-0300] {processor.py:186} INFO - Started process (PID=49257) to work on /home/crisu/miniconda3/envs/lab13.1/lib/python3.9/site-packages/airflow/example_dags/example_dataset_alias.py
[2024-12-07T04:08:05.314-0300] {processor.py:914} INFO - Processing file /home/crisu/miniconda3/envs/lab13.1/lib/python3.9/site-packages/airflow/example_dags/example_dataset_alias.py for tasks to queue
[2024-12-07T04:08:05.315-0300] {logging_mixin.py:190} INFO - [2024-12-07T04:08:05.315-0300] {dagbag.py:588} INFO - Filling up the DagBag from /home/crisu/miniconda3/envs/lab13.1/lib/python3.9/site-packages/airflow/example_dags/example_dataset_alias.py
[2024-12-07T04:08:05.333-0300] {processor.py:925} INFO - DAG(s) 'dataset_alias_example_alias_consumer', 'dataset_s3_bucket_consumer', 'dataset_s3_bucket_producer', 'dataset_alias_example_alias_producer' retrieved from /home/crisu/miniconda3/envs/lab13.1/lib/python3.9/site-packages/airflow/example_dags/example_dataset_alias.py
[2024-12-07T04:08:05.354-0300] {logging_mixin.py:190} INFO - [2024-12-07T04:08:05.353-0300] {dag.py:3239} INFO - Sync 4 DAGs
[2024-12-07T04:08:05.372-0300] {logging_mixin.py:190} INFO - [2024-12-07T04:08:05.372-0300] {dag.py:4180} INFO - Setting next_dagrun for dataset_alias_example_alias_consumer to None, run_after=None
[2024-12-07T04:08:05.374-0300] {logging_mixin.py:190} INFO - [2024-12-07T04:08:05.374-0300] {dag.py:4180} INFO - Setting next_dagrun for dataset_alias_example_alias_producer to None, run_after=None
[2024-12-07T04:08:05.375-0300] {logging_mixin.py:190} INFO - [2024-12-07T04:08:05.375-0300] {dag.py:4180} INFO - Setting next_dagrun for dataset_s3_bucket_consumer to None, run_after=None
[2024-12-07T04:08:05.376-0300] {logging_mixin.py:190} INFO - [2024-12-07T04:08:05.376-0300] {dag.py:4180} INFO - Setting next_dagrun for dataset_s3_bucket_producer to None, run_after=None
[2024-12-07T04:08:05.455-0300] {processor.py:208} INFO - Processing /home/crisu/miniconda3/envs/lab13.1/lib/python3.9/site-packages/airflow/example_dags/example_dataset_alias.py took 0.169 seconds
[2024-12-07T04:10:07.659-0300] {processor.py:186} INFO - Started process (PID=49480) to work on /home/crisu/miniconda3/envs/lab13.1/lib/python3.9/site-packages/airflow/example_dags/example_dataset_alias.py
[2024-12-07T04:10:07.678-0300] {processor.py:914} INFO - Processing file /home/crisu/miniconda3/envs/lab13.1/lib/python3.9/site-packages/airflow/example_dags/example_dataset_alias.py for tasks to queue
[2024-12-07T04:10:07.680-0300] {logging_mixin.py:190} INFO - [2024-12-07T04:10:07.679-0300] {dagbag.py:588} INFO - Filling up the DagBag from /home/crisu/miniconda3/envs/lab13.1/lib/python3.9/site-packages/airflow/example_dags/example_dataset_alias.py
[2024-12-07T04:10:07.698-0300] {processor.py:925} INFO - DAG(s) 'dataset_s3_bucket_producer', 'dataset_alias_example_alias_producer', 'dataset_alias_example_alias_consumer', 'dataset_s3_bucket_consumer' retrieved from /home/crisu/miniconda3/envs/lab13.1/lib/python3.9/site-packages/airflow/example_dags/example_dataset_alias.py
[2024-12-07T04:10:07.716-0300] {logging_mixin.py:190} INFO - [2024-12-07T04:10:07.716-0300] {dag.py:3239} INFO - Sync 4 DAGs
[2024-12-07T04:10:07.732-0300] {logging_mixin.py:190} INFO - [2024-12-07T04:10:07.731-0300] {dag.py:4180} INFO - Setting next_dagrun for dataset_alias_example_alias_consumer to None, run_after=None
[2024-12-07T04:10:07.734-0300] {logging_mixin.py:190} INFO - [2024-12-07T04:10:07.734-0300] {dag.py:4180} INFO - Setting next_dagrun for dataset_alias_example_alias_producer to None, run_after=None
[2024-12-07T04:10:07.736-0300] {logging_mixin.py:190} INFO - [2024-12-07T04:10:07.736-0300] {dag.py:4180} INFO - Setting next_dagrun for dataset_s3_bucket_consumer to None, run_after=None
[2024-12-07T04:10:07.737-0300] {logging_mixin.py:190} INFO - [2024-12-07T04:10:07.737-0300] {dag.py:4180} INFO - Setting next_dagrun for dataset_s3_bucket_producer to None, run_after=None
[2024-12-07T04:10:07.816-0300] {processor.py:208} INFO - Processing /home/crisu/miniconda3/envs/lab13.1/lib/python3.9/site-packages/airflow/example_dags/example_dataset_alias.py took 0.162 seconds
[2024-12-07T04:12:07.554-0300] {processor.py:186} INFO - Started process (PID=49650) to work on /home/crisu/miniconda3/envs/lab13.1/lib/python3.9/site-packages/airflow/example_dags/example_dataset_alias.py
[2024-12-07T04:12:07.578-0300] {processor.py:914} INFO - Processing file /home/crisu/miniconda3/envs/lab13.1/lib/python3.9/site-packages/airflow/example_dags/example_dataset_alias.py for tasks to queue
[2024-12-07T04:12:07.580-0300] {logging_mixin.py:190} INFO - [2024-12-07T04:12:07.579-0300] {dagbag.py:588} INFO - Filling up the DagBag from /home/crisu/miniconda3/envs/lab13.1/lib/python3.9/site-packages/airflow/example_dags/example_dataset_alias.py
[2024-12-07T04:12:07.606-0300] {processor.py:925} INFO - DAG(s) 'dataset_s3_bucket_producer', 'dataset_alias_example_alias_consumer', 'dataset_s3_bucket_consumer', 'dataset_alias_example_alias_producer' retrieved from /home/crisu/miniconda3/envs/lab13.1/lib/python3.9/site-packages/airflow/example_dags/example_dataset_alias.py
[2024-12-07T04:12:07.629-0300] {logging_mixin.py:190} INFO - [2024-12-07T04:12:07.629-0300] {dag.py:3239} INFO - Sync 4 DAGs
[2024-12-07T04:12:07.646-0300] {logging_mixin.py:190} INFO - [2024-12-07T04:12:07.646-0300] {dag.py:4180} INFO - Setting next_dagrun for dataset_alias_example_alias_consumer to None, run_after=None
[2024-12-07T04:12:07.648-0300] {logging_mixin.py:190} INFO - [2024-12-07T04:12:07.648-0300] {dag.py:4180} INFO - Setting next_dagrun for dataset_alias_example_alias_producer to None, run_after=None
[2024-12-07T04:12:07.649-0300] {logging_mixin.py:190} INFO - [2024-12-07T04:12:07.649-0300] {dag.py:4180} INFO - Setting next_dagrun for dataset_s3_bucket_consumer to None, run_after=None
[2024-12-07T04:12:07.650-0300] {logging_mixin.py:190} INFO - [2024-12-07T04:12:07.650-0300] {dag.py:4180} INFO - Setting next_dagrun for dataset_s3_bucket_producer to None, run_after=None
[2024-12-07T04:12:07.718-0300] {processor.py:208} INFO - Processing /home/crisu/miniconda3/envs/lab13.1/lib/python3.9/site-packages/airflow/example_dags/example_dataset_alias.py took 0.168 seconds
[2024-12-07T04:13:24.454-0300] {processor.py:186} INFO - Started process (PID=49767) to work on /home/crisu/miniconda3/envs/lab13.1/lib/python3.9/site-packages/airflow/example_dags/example_dataset_alias.py
[2024-12-07T04:13:24.464-0300] {processor.py:914} INFO - Processing file /home/crisu/miniconda3/envs/lab13.1/lib/python3.9/site-packages/airflow/example_dags/example_dataset_alias.py for tasks to queue
[2024-12-07T04:13:24.466-0300] {logging_mixin.py:190} INFO - [2024-12-07T04:13:24.465-0300] {dagbag.py:588} INFO - Filling up the DagBag from /home/crisu/miniconda3/envs/lab13.1/lib/python3.9/site-packages/airflow/example_dags/example_dataset_alias.py
[2024-12-07T04:13:24.486-0300] {processor.py:925} INFO - DAG(s) 'dataset_s3_bucket_producer', 'dataset_s3_bucket_consumer', 'dataset_alias_example_alias_producer', 'dataset_alias_example_alias_consumer' retrieved from /home/crisu/miniconda3/envs/lab13.1/lib/python3.9/site-packages/airflow/example_dags/example_dataset_alias.py
[2024-12-07T04:13:24.505-0300] {logging_mixin.py:190} INFO - [2024-12-07T04:13:24.504-0300] {dag.py:3239} INFO - Sync 4 DAGs
[2024-12-07T04:13:24.520-0300] {logging_mixin.py:190} INFO - [2024-12-07T04:13:24.520-0300] {dag.py:4180} INFO - Setting next_dagrun for dataset_alias_example_alias_consumer to None, run_after=None
[2024-12-07T04:13:24.522-0300] {logging_mixin.py:190} INFO - [2024-12-07T04:13:24.522-0300] {dag.py:4180} INFO - Setting next_dagrun for dataset_alias_example_alias_producer to None, run_after=None
[2024-12-07T04:13:24.523-0300] {logging_mixin.py:190} INFO - [2024-12-07T04:13:24.522-0300] {dag.py:4180} INFO - Setting next_dagrun for dataset_s3_bucket_consumer to None, run_after=None
[2024-12-07T04:13:24.523-0300] {logging_mixin.py:190} INFO - [2024-12-07T04:13:24.523-0300] {dag.py:4180} INFO - Setting next_dagrun for dataset_s3_bucket_producer to None, run_after=None
[2024-12-07T04:13:24.592-0300] {processor.py:208} INFO - Processing /home/crisu/miniconda3/envs/lab13.1/lib/python3.9/site-packages/airflow/example_dags/example_dataset_alias.py took 0.144 seconds
[2024-12-07T04:14:43.041-0300] {processor.py:186} INFO - Started process (PID=49952) to work on /home/crisu/miniconda3/envs/lab13.1/lib/python3.9/site-packages/airflow/example_dags/example_dataset_alias.py
[2024-12-07T04:14:43.046-0300] {processor.py:914} INFO - Processing file /home/crisu/miniconda3/envs/lab13.1/lib/python3.9/site-packages/airflow/example_dags/example_dataset_alias.py for tasks to queue
[2024-12-07T04:14:43.047-0300] {logging_mixin.py:190} INFO - [2024-12-07T04:14:43.047-0300] {dagbag.py:588} INFO - Filling up the DagBag from /home/crisu/miniconda3/envs/lab13.1/lib/python3.9/site-packages/airflow/example_dags/example_dataset_alias.py
[2024-12-07T04:14:43.065-0300] {processor.py:925} INFO - DAG(s) 'dataset_s3_bucket_consumer', 'dataset_alias_example_alias_consumer', 'dataset_s3_bucket_producer', 'dataset_alias_example_alias_producer' retrieved from /home/crisu/miniconda3/envs/lab13.1/lib/python3.9/site-packages/airflow/example_dags/example_dataset_alias.py
[2024-12-07T04:14:43.084-0300] {logging_mixin.py:190} INFO - [2024-12-07T04:14:43.083-0300] {dag.py:3239} INFO - Sync 4 DAGs
[2024-12-07T04:14:43.099-0300] {logging_mixin.py:190} INFO - [2024-12-07T04:14:43.098-0300] {dag.py:4180} INFO - Setting next_dagrun for dataset_alias_example_alias_consumer to None, run_after=None
[2024-12-07T04:14:43.101-0300] {logging_mixin.py:190} INFO - [2024-12-07T04:14:43.100-0300] {dag.py:4180} INFO - Setting next_dagrun for dataset_alias_example_alias_producer to None, run_after=None
[2024-12-07T04:14:43.101-0300] {logging_mixin.py:190} INFO - [2024-12-07T04:14:43.101-0300] {dag.py:4180} INFO - Setting next_dagrun for dataset_s3_bucket_consumer to None, run_after=None
[2024-12-07T04:14:43.102-0300] {logging_mixin.py:190} INFO - [2024-12-07T04:14:43.102-0300] {dag.py:4180} INFO - Setting next_dagrun for dataset_s3_bucket_producer to None, run_after=None
[2024-12-07T04:14:43.160-0300] {processor.py:208} INFO - Processing /home/crisu/miniconda3/envs/lab13.1/lib/python3.9/site-packages/airflow/example_dags/example_dataset_alias.py took 0.125 seconds
[2024-12-07T04:16:01.054-0300] {processor.py:186} INFO - Started process (PID=50059) to work on /home/crisu/miniconda3/envs/lab13.1/lib/python3.9/site-packages/airflow/example_dags/example_dataset_alias.py
[2024-12-07T04:16:01.057-0300] {processor.py:914} INFO - Processing file /home/crisu/miniconda3/envs/lab13.1/lib/python3.9/site-packages/airflow/example_dags/example_dataset_alias.py for tasks to queue
[2024-12-07T04:16:01.059-0300] {logging_mixin.py:190} INFO - [2024-12-07T04:16:01.058-0300] {dagbag.py:588} INFO - Filling up the DagBag from /home/crisu/miniconda3/envs/lab13.1/lib/python3.9/site-packages/airflow/example_dags/example_dataset_alias.py
[2024-12-07T04:16:01.078-0300] {processor.py:925} INFO - DAG(s) 'dataset_s3_bucket_consumer', 'dataset_alias_example_alias_consumer', 'dataset_alias_example_alias_producer', 'dataset_s3_bucket_producer' retrieved from /home/crisu/miniconda3/envs/lab13.1/lib/python3.9/site-packages/airflow/example_dags/example_dataset_alias.py
[2024-12-07T04:16:01.095-0300] {logging_mixin.py:190} INFO - [2024-12-07T04:16:01.095-0300] {dag.py:3239} INFO - Sync 4 DAGs
[2024-12-07T04:16:01.111-0300] {logging_mixin.py:190} INFO - [2024-12-07T04:16:01.111-0300] {dag.py:4180} INFO - Setting next_dagrun for dataset_alias_example_alias_consumer to None, run_after=None
[2024-12-07T04:16:01.113-0300] {logging_mixin.py:190} INFO - [2024-12-07T04:16:01.113-0300] {dag.py:4180} INFO - Setting next_dagrun for dataset_alias_example_alias_producer to None, run_after=None
[2024-12-07T04:16:01.114-0300] {logging_mixin.py:190} INFO - [2024-12-07T04:16:01.114-0300] {dag.py:4180} INFO - Setting next_dagrun for dataset_s3_bucket_consumer to None, run_after=None
[2024-12-07T04:16:01.115-0300] {logging_mixin.py:190} INFO - [2024-12-07T04:16:01.115-0300] {dag.py:4180} INFO - Setting next_dagrun for dataset_s3_bucket_producer to None, run_after=None
[2024-12-07T04:16:01.174-0300] {processor.py:208} INFO - Processing /home/crisu/miniconda3/envs/lab13.1/lib/python3.9/site-packages/airflow/example_dags/example_dataset_alias.py took 0.125 seconds
