[2024-12-07T01:53:25.947-0300] {processor.py:186} INFO - Started process (PID=34046) to work on /home/crisu/miniconda3/envs/lab13.1/lib/python3.9/site-packages/airflow/example_dags/example_sensors.py
[2024-12-07T01:53:25.948-0300] {processor.py:914} INFO - Processing file /home/crisu/miniconda3/envs/lab13.1/lib/python3.9/site-packages/airflow/example_dags/example_sensors.py for tasks to queue
[2024-12-07T01:53:25.949-0300] {logging_mixin.py:190} INFO - [2024-12-07T01:53:25.949-0300] {dagbag.py:588} INFO - Filling up the DagBag from /home/crisu/miniconda3/envs/lab13.1/lib/python3.9/site-packages/airflow/example_dags/example_sensors.py
[2024-12-07T01:53:25.959-0300] {processor.py:925} INFO - DAG(s) 'example_sensors' retrieved from /home/crisu/miniconda3/envs/lab13.1/lib/python3.9/site-packages/airflow/example_dags/example_sensors.py
[2024-12-07T01:53:27.903-0300] {logging_mixin.py:190} INFO - [2024-12-07T01:53:27.902-0300] {override.py:1911} INFO - Created Permission View: can delete on DAG:example_sensors
[2024-12-07T01:53:29.362-0300] {logging_mixin.py:190} INFO - [2024-12-07T01:53:29.361-0300] {override.py:1911} INFO - Created Permission View: can edit on DAG:example_sensors
[2024-12-07T01:53:30.433-0300] {logging_mixin.py:190} INFO - [2024-12-07T01:53:30.433-0300] {override.py:1911} INFO - Created Permission View: can read on DAG:example_sensors
[2024-12-07T01:53:32.732-0300] {logging_mixin.py:190} INFO - [2024-12-07T01:53:32.732-0300] {override.py:1911} INFO - Created Permission View: menu access on DAG Run:example_sensors
[2024-12-07T01:53:33.841-0300] {logging_mixin.py:190} INFO - [2024-12-07T01:53:33.841-0300] {override.py:1911} INFO - Created Permission View: can delete on DAG Run:example_sensors
[2024-12-07T01:53:34.544-0300] {logging_mixin.py:190} INFO - [2024-12-07T01:53:34.544-0300] {override.py:1911} INFO - Created Permission View: can read on DAG Run:example_sensors
[2024-12-07T01:53:35.236-0300] {logging_mixin.py:190} INFO - [2024-12-07T01:53:35.236-0300] {override.py:1911} INFO - Created Permission View: can create on DAG Run:example_sensors
[2024-12-07T01:53:35.236-0300] {logging_mixin.py:190} INFO - [2024-12-07T01:53:35.236-0300] {dag.py:3239} INFO - Sync 1 DAGs
[2024-12-07T01:53:35.249-0300] {logging_mixin.py:190} INFO - [2024-12-07T01:53:35.249-0300] {dag.py:3262} INFO - Creating ORM DAG for example_sensors
[2024-12-07T01:53:35.250-0300] {logging_mixin.py:190} INFO - [2024-12-07T01:53:35.250-0300] {dag.py:4180} INFO - Setting next_dagrun for example_sensors to None, run_after=None
[2024-12-07T01:53:36.099-0300] {processor.py:208} INFO - Processing /home/crisu/miniconda3/envs/lab13.1/lib/python3.9/site-packages/airflow/example_dags/example_sensors.py took 10.158 seconds
[2024-12-07T02:07:57.212-0300] {processor.py:186} INFO - Started process (PID=35425) to work on /home/crisu/miniconda3/envs/lab13.1/lib/python3.9/site-packages/airflow/example_dags/example_sensors.py
[2024-12-07T02:07:57.253-0300] {processor.py:914} INFO - Processing file /home/crisu/miniconda3/envs/lab13.1/lib/python3.9/site-packages/airflow/example_dags/example_sensors.py for tasks to queue
[2024-12-07T02:07:57.255-0300] {logging_mixin.py:190} INFO - [2024-12-07T02:07:57.255-0300] {dagbag.py:588} INFO - Filling up the DagBag from /home/crisu/miniconda3/envs/lab13.1/lib/python3.9/site-packages/airflow/example_dags/example_sensors.py
[2024-12-07T02:07:57.267-0300] {processor.py:925} INFO - DAG(s) 'example_sensors' retrieved from /home/crisu/miniconda3/envs/lab13.1/lib/python3.9/site-packages/airflow/example_dags/example_sensors.py
[2024-12-07T02:07:57.293-0300] {logging_mixin.py:190} INFO - [2024-12-07T02:07:57.293-0300] {dag.py:3239} INFO - Sync 1 DAGs
[2024-12-07T02:07:57.305-0300] {logging_mixin.py:190} INFO - [2024-12-07T02:07:57.305-0300] {dag.py:4180} INFO - Setting next_dagrun for example_sensors to None, run_after=None
[2024-12-07T02:07:58.179-0300] {processor.py:208} INFO - Processing /home/crisu/miniconda3/envs/lab13.1/lib/python3.9/site-packages/airflow/example_dags/example_sensors.py took 0.974 seconds
[2024-12-07T02:11:54.075-0300] {processor.py:186} INFO - Started process (PID=35928) to work on /home/crisu/miniconda3/envs/lab13.1/lib/python3.9/site-packages/airflow/example_dags/example_sensors.py
[2024-12-07T02:11:54.106-0300] {processor.py:914} INFO - Processing file /home/crisu/miniconda3/envs/lab13.1/lib/python3.9/site-packages/airflow/example_dags/example_sensors.py for tasks to queue
[2024-12-07T02:11:54.108-0300] {logging_mixin.py:190} INFO - [2024-12-07T02:11:54.108-0300] {dagbag.py:588} INFO - Filling up the DagBag from /home/crisu/miniconda3/envs/lab13.1/lib/python3.9/site-packages/airflow/example_dags/example_sensors.py
[2024-12-07T02:11:54.118-0300] {processor.py:925} INFO - DAG(s) 'example_sensors' retrieved from /home/crisu/miniconda3/envs/lab13.1/lib/python3.9/site-packages/airflow/example_dags/example_sensors.py
[2024-12-07T02:11:54.140-0300] {logging_mixin.py:190} INFO - [2024-12-07T02:11:54.139-0300] {dag.py:3239} INFO - Sync 1 DAGs
[2024-12-07T02:11:54.153-0300] {logging_mixin.py:190} INFO - [2024-12-07T02:11:54.153-0300] {dag.py:4180} INFO - Setting next_dagrun for example_sensors to None, run_after=None
[2024-12-07T02:11:54.226-0300] {processor.py:208} INFO - Processing /home/crisu/miniconda3/envs/lab13.1/lib/python3.9/site-packages/airflow/example_dags/example_sensors.py took 0.160 seconds
[2024-12-07T02:14:02.841-0300] {processor.py:186} INFO - Started process (PID=36200) to work on /home/crisu/miniconda3/envs/lab13.1/lib/python3.9/site-packages/airflow/example_dags/example_sensors.py
[2024-12-07T02:14:02.853-0300] {processor.py:914} INFO - Processing file /home/crisu/miniconda3/envs/lab13.1/lib/python3.9/site-packages/airflow/example_dags/example_sensors.py for tasks to queue
[2024-12-07T02:14:02.859-0300] {logging_mixin.py:190} INFO - [2024-12-07T02:14:02.858-0300] {dagbag.py:588} INFO - Filling up the DagBag from /home/crisu/miniconda3/envs/lab13.1/lib/python3.9/site-packages/airflow/example_dags/example_sensors.py
[2024-12-07T02:14:02.869-0300] {processor.py:925} INFO - DAG(s) 'example_sensors' retrieved from /home/crisu/miniconda3/envs/lab13.1/lib/python3.9/site-packages/airflow/example_dags/example_sensors.py
[2024-12-07T02:14:02.892-0300] {logging_mixin.py:190} INFO - [2024-12-07T02:14:02.891-0300] {dag.py:3239} INFO - Sync 1 DAGs
[2024-12-07T02:14:02.903-0300] {logging_mixin.py:190} INFO - [2024-12-07T02:14:02.903-0300] {dag.py:4180} INFO - Setting next_dagrun for example_sensors to None, run_after=None
[2024-12-07T02:14:02.965-0300] {processor.py:208} INFO - Processing /home/crisu/miniconda3/envs/lab13.1/lib/python3.9/site-packages/airflow/example_dags/example_sensors.py took 0.133 seconds
[2024-12-07T02:16:16.809-0300] {processor.py:186} INFO - Started process (PID=36462) to work on /home/crisu/miniconda3/envs/lab13.1/lib/python3.9/site-packages/airflow/example_dags/example_sensors.py
[2024-12-07T02:16:16.827-0300] {processor.py:914} INFO - Processing file /home/crisu/miniconda3/envs/lab13.1/lib/python3.9/site-packages/airflow/example_dags/example_sensors.py for tasks to queue
[2024-12-07T02:16:16.830-0300] {logging_mixin.py:190} INFO - [2024-12-07T02:16:16.829-0300] {dagbag.py:588} INFO - Filling up the DagBag from /home/crisu/miniconda3/envs/lab13.1/lib/python3.9/site-packages/airflow/example_dags/example_sensors.py
[2024-12-07T02:16:16.842-0300] {processor.py:925} INFO - DAG(s) 'example_sensors' retrieved from /home/crisu/miniconda3/envs/lab13.1/lib/python3.9/site-packages/airflow/example_dags/example_sensors.py
[2024-12-07T02:16:16.861-0300] {logging_mixin.py:190} INFO - [2024-12-07T02:16:16.861-0300] {dag.py:3239} INFO - Sync 1 DAGs
[2024-12-07T02:16:16.872-0300] {logging_mixin.py:190} INFO - [2024-12-07T02:16:16.872-0300] {dag.py:4180} INFO - Setting next_dagrun for example_sensors to None, run_after=None
[2024-12-07T02:16:16.945-0300] {processor.py:208} INFO - Processing /home/crisu/miniconda3/envs/lab13.1/lib/python3.9/site-packages/airflow/example_dags/example_sensors.py took 0.144 seconds
[2024-12-07T02:17:47.347-0300] {processor.py:186} INFO - Started process (PID=36606) to work on /home/crisu/miniconda3/envs/lab13.1/lib/python3.9/site-packages/airflow/example_dags/example_sensors.py
[2024-12-07T02:17:47.358-0300] {processor.py:914} INFO - Processing file /home/crisu/miniconda3/envs/lab13.1/lib/python3.9/site-packages/airflow/example_dags/example_sensors.py for tasks to queue
[2024-12-07T02:17:47.361-0300] {logging_mixin.py:190} INFO - [2024-12-07T02:17:47.360-0300] {dagbag.py:588} INFO - Filling up the DagBag from /home/crisu/miniconda3/envs/lab13.1/lib/python3.9/site-packages/airflow/example_dags/example_sensors.py
[2024-12-07T02:17:47.372-0300] {processor.py:925} INFO - DAG(s) 'example_sensors' retrieved from /home/crisu/miniconda3/envs/lab13.1/lib/python3.9/site-packages/airflow/example_dags/example_sensors.py
[2024-12-07T02:17:47.393-0300] {logging_mixin.py:190} INFO - [2024-12-07T02:17:47.393-0300] {dag.py:3239} INFO - Sync 1 DAGs
[2024-12-07T02:17:47.407-0300] {logging_mixin.py:190} INFO - [2024-12-07T02:17:47.407-0300] {dag.py:4180} INFO - Setting next_dagrun for example_sensors to None, run_after=None
[2024-12-07T02:17:47.471-0300] {processor.py:208} INFO - Processing /home/crisu/miniconda3/envs/lab13.1/lib/python3.9/site-packages/airflow/example_dags/example_sensors.py took 0.131 seconds
[2024-12-07T02:31:20.332-0300] {processor.py:186} INFO - Started process (PID=37996) to work on /home/crisu/miniconda3/envs/lab13.1/lib/python3.9/site-packages/airflow/example_dags/example_sensors.py
[2024-12-07T02:31:20.355-0300] {processor.py:914} INFO - Processing file /home/crisu/miniconda3/envs/lab13.1/lib/python3.9/site-packages/airflow/example_dags/example_sensors.py for tasks to queue
[2024-12-07T02:31:20.357-0300] {logging_mixin.py:190} INFO - [2024-12-07T02:31:20.356-0300] {dagbag.py:588} INFO - Filling up the DagBag from /home/crisu/miniconda3/envs/lab13.1/lib/python3.9/site-packages/airflow/example_dags/example_sensors.py
[2024-12-07T02:31:20.367-0300] {processor.py:925} INFO - DAG(s) 'example_sensors' retrieved from /home/crisu/miniconda3/envs/lab13.1/lib/python3.9/site-packages/airflow/example_dags/example_sensors.py
[2024-12-07T02:31:20.388-0300] {logging_mixin.py:190} INFO - [2024-12-07T02:31:20.388-0300] {dag.py:3239} INFO - Sync 1 DAGs
[2024-12-07T02:31:20.407-0300] {logging_mixin.py:190} INFO - [2024-12-07T02:31:20.406-0300] {dag.py:4180} INFO - Setting next_dagrun for example_sensors to None, run_after=None
[2024-12-07T02:31:20.517-0300] {processor.py:208} INFO - Processing /home/crisu/miniconda3/envs/lab13.1/lib/python3.9/site-packages/airflow/example_dags/example_sensors.py took 0.190 seconds
[2024-12-07T02:33:50.707-0300] {processor.py:186} INFO - Started process (PID=38219) to work on /home/crisu/miniconda3/envs/lab13.1/lib/python3.9/site-packages/airflow/example_dags/example_sensors.py
[2024-12-07T02:33:50.728-0300] {processor.py:914} INFO - Processing file /home/crisu/miniconda3/envs/lab13.1/lib/python3.9/site-packages/airflow/example_dags/example_sensors.py for tasks to queue
[2024-12-07T02:33:50.730-0300] {logging_mixin.py:190} INFO - [2024-12-07T02:33:50.730-0300] {dagbag.py:588} INFO - Filling up the DagBag from /home/crisu/miniconda3/envs/lab13.1/lib/python3.9/site-packages/airflow/example_dags/example_sensors.py
[2024-12-07T02:33:50.740-0300] {processor.py:925} INFO - DAG(s) 'example_sensors' retrieved from /home/crisu/miniconda3/envs/lab13.1/lib/python3.9/site-packages/airflow/example_dags/example_sensors.py
[2024-12-07T02:33:50.760-0300] {logging_mixin.py:190} INFO - [2024-12-07T02:33:50.759-0300] {dag.py:3239} INFO - Sync 1 DAGs
[2024-12-07T02:33:50.778-0300] {logging_mixin.py:190} INFO - [2024-12-07T02:33:50.778-0300] {dag.py:4180} INFO - Setting next_dagrun for example_sensors to None, run_after=None
[2024-12-07T02:33:50.858-0300] {processor.py:208} INFO - Processing /home/crisu/miniconda3/envs/lab13.1/lib/python3.9/site-packages/airflow/example_dags/example_sensors.py took 0.156 seconds
[2024-12-07T02:36:21.102-0300] {processor.py:186} INFO - Started process (PID=38519) to work on /home/crisu/miniconda3/envs/lab13.1/lib/python3.9/site-packages/airflow/example_dags/example_sensors.py
[2024-12-07T02:36:21.118-0300] {processor.py:914} INFO - Processing file /home/crisu/miniconda3/envs/lab13.1/lib/python3.9/site-packages/airflow/example_dags/example_sensors.py for tasks to queue
[2024-12-07T02:36:21.120-0300] {logging_mixin.py:190} INFO - [2024-12-07T02:36:21.120-0300] {dagbag.py:588} INFO - Filling up the DagBag from /home/crisu/miniconda3/envs/lab13.1/lib/python3.9/site-packages/airflow/example_dags/example_sensors.py
[2024-12-07T02:36:21.131-0300] {processor.py:925} INFO - DAG(s) 'example_sensors' retrieved from /home/crisu/miniconda3/envs/lab13.1/lib/python3.9/site-packages/airflow/example_dags/example_sensors.py
[2024-12-07T02:36:21.151-0300] {logging_mixin.py:190} INFO - [2024-12-07T02:36:21.150-0300] {dag.py:3239} INFO - Sync 1 DAGs
[2024-12-07T02:36:21.162-0300] {logging_mixin.py:190} INFO - [2024-12-07T02:36:21.162-0300] {dag.py:4180} INFO - Setting next_dagrun for example_sensors to None, run_after=None
[2024-12-07T02:36:21.234-0300] {processor.py:208} INFO - Processing /home/crisu/miniconda3/envs/lab13.1/lib/python3.9/site-packages/airflow/example_dags/example_sensors.py took 0.137 seconds
[2024-12-07T02:39:20.159-0300] {processor.py:186} INFO - Started process (PID=38793) to work on /home/crisu/miniconda3/envs/lab13.1/lib/python3.9/site-packages/airflow/example_dags/example_sensors.py
[2024-12-07T02:39:20.191-0300] {processor.py:914} INFO - Processing file /home/crisu/miniconda3/envs/lab13.1/lib/python3.9/site-packages/airflow/example_dags/example_sensors.py for tasks to queue
[2024-12-07T02:39:20.193-0300] {logging_mixin.py:190} INFO - [2024-12-07T02:39:20.193-0300] {dagbag.py:588} INFO - Filling up the DagBag from /home/crisu/miniconda3/envs/lab13.1/lib/python3.9/site-packages/airflow/example_dags/example_sensors.py
[2024-12-07T02:39:20.203-0300] {processor.py:925} INFO - DAG(s) 'example_sensors' retrieved from /home/crisu/miniconda3/envs/lab13.1/lib/python3.9/site-packages/airflow/example_dags/example_sensors.py
[2024-12-07T02:39:20.222-0300] {logging_mixin.py:190} INFO - [2024-12-07T02:39:20.222-0300] {dag.py:3239} INFO - Sync 1 DAGs
[2024-12-07T02:39:20.233-0300] {logging_mixin.py:190} INFO - [2024-12-07T02:39:20.232-0300] {dag.py:4180} INFO - Setting next_dagrun for example_sensors to None, run_after=None
[2024-12-07T02:39:21.204-0300] {processor.py:208} INFO - Processing /home/crisu/miniconda3/envs/lab13.1/lib/python3.9/site-packages/airflow/example_dags/example_sensors.py took 1.050 seconds
[2024-12-07T02:40:37.690-0300] {processor.py:186} INFO - Started process (PID=38895) to work on /home/crisu/miniconda3/envs/lab13.1/lib/python3.9/site-packages/airflow/example_dags/example_sensors.py
[2024-12-07T02:40:37.703-0300] {processor.py:914} INFO - Processing file /home/crisu/miniconda3/envs/lab13.1/lib/python3.9/site-packages/airflow/example_dags/example_sensors.py for tasks to queue
[2024-12-07T02:40:37.705-0300] {logging_mixin.py:190} INFO - [2024-12-07T02:40:37.705-0300] {dagbag.py:588} INFO - Filling up the DagBag from /home/crisu/miniconda3/envs/lab13.1/lib/python3.9/site-packages/airflow/example_dags/example_sensors.py
[2024-12-07T02:40:37.716-0300] {processor.py:925} INFO - DAG(s) 'example_sensors' retrieved from /home/crisu/miniconda3/envs/lab13.1/lib/python3.9/site-packages/airflow/example_dags/example_sensors.py
[2024-12-07T02:40:37.735-0300] {logging_mixin.py:190} INFO - [2024-12-07T02:40:37.735-0300] {dag.py:3239} INFO - Sync 1 DAGs
[2024-12-07T02:40:37.745-0300] {logging_mixin.py:190} INFO - [2024-12-07T02:40:37.745-0300] {dag.py:4180} INFO - Setting next_dagrun for example_sensors to None, run_after=None
[2024-12-07T02:40:37.810-0300] {processor.py:208} INFO - Processing /home/crisu/miniconda3/envs/lab13.1/lib/python3.9/site-packages/airflow/example_dags/example_sensors.py took 0.125 seconds
[2024-12-07T02:41:50.344-0300] {processor.py:186} INFO - Started process (PID=39023) to work on /home/crisu/miniconda3/envs/lab13.1/lib/python3.9/site-packages/airflow/example_dags/example_sensors.py
[2024-12-07T02:41:50.355-0300] {processor.py:914} INFO - Processing file /home/crisu/miniconda3/envs/lab13.1/lib/python3.9/site-packages/airflow/example_dags/example_sensors.py for tasks to queue
[2024-12-07T02:41:50.357-0300] {logging_mixin.py:190} INFO - [2024-12-07T02:41:50.357-0300] {dagbag.py:588} INFO - Filling up the DagBag from /home/crisu/miniconda3/envs/lab13.1/lib/python3.9/site-packages/airflow/example_dags/example_sensors.py
[2024-12-07T02:41:50.367-0300] {processor.py:925} INFO - DAG(s) 'example_sensors' retrieved from /home/crisu/miniconda3/envs/lab13.1/lib/python3.9/site-packages/airflow/example_dags/example_sensors.py
[2024-12-07T02:41:50.386-0300] {logging_mixin.py:190} INFO - [2024-12-07T02:41:50.386-0300] {dag.py:3239} INFO - Sync 1 DAGs
[2024-12-07T02:41:50.397-0300] {logging_mixin.py:190} INFO - [2024-12-07T02:41:50.397-0300] {dag.py:4180} INFO - Setting next_dagrun for example_sensors to None, run_after=None
[2024-12-07T02:41:50.459-0300] {processor.py:208} INFO - Processing /home/crisu/miniconda3/envs/lab13.1/lib/python3.9/site-packages/airflow/example_dags/example_sensors.py took 0.120 seconds
[2024-12-07T02:44:59.473-0300] {processor.py:186} INFO - Started process (PID=39715) to work on /home/crisu/miniconda3/envs/lab13.1/lib/python3.9/site-packages/airflow/example_dags/example_sensors.py
[2024-12-07T02:44:59.474-0300] {processor.py:914} INFO - Processing file /home/crisu/miniconda3/envs/lab13.1/lib/python3.9/site-packages/airflow/example_dags/example_sensors.py for tasks to queue
[2024-12-07T02:44:59.477-0300] {logging_mixin.py:190} INFO - [2024-12-07T02:44:59.477-0300] {dagbag.py:588} INFO - Filling up the DagBag from /home/crisu/miniconda3/envs/lab13.1/lib/python3.9/site-packages/airflow/example_dags/example_sensors.py
[2024-12-07T02:44:59.488-0300] {processor.py:925} INFO - DAG(s) 'example_sensors' retrieved from /home/crisu/miniconda3/envs/lab13.1/lib/python3.9/site-packages/airflow/example_dags/example_sensors.py
[2024-12-07T02:44:59.511-0300] {logging_mixin.py:190} INFO - [2024-12-07T02:44:59.510-0300] {dag.py:3239} INFO - Sync 1 DAGs
[2024-12-07T02:44:59.523-0300] {logging_mixin.py:190} INFO - [2024-12-07T02:44:59.523-0300] {dag.py:4180} INFO - Setting next_dagrun for example_sensors to None, run_after=None
[2024-12-07T02:44:59.584-0300] {processor.py:208} INFO - Processing /home/crisu/miniconda3/envs/lab13.1/lib/python3.9/site-packages/airflow/example_dags/example_sensors.py took 0.116 seconds
[2024-12-07T02:46:38.591-0300] {processor.py:186} INFO - Started process (PID=40045) to work on /home/crisu/miniconda3/envs/lab13.1/lib/python3.9/site-packages/airflow/example_dags/example_sensors.py
[2024-12-07T02:46:38.630-0300] {processor.py:914} INFO - Processing file /home/crisu/miniconda3/envs/lab13.1/lib/python3.9/site-packages/airflow/example_dags/example_sensors.py for tasks to queue
[2024-12-07T02:46:38.632-0300] {logging_mixin.py:190} INFO - [2024-12-07T02:46:38.631-0300] {dagbag.py:588} INFO - Filling up the DagBag from /home/crisu/miniconda3/envs/lab13.1/lib/python3.9/site-packages/airflow/example_dags/example_sensors.py
[2024-12-07T02:46:38.645-0300] {processor.py:925} INFO - DAG(s) 'example_sensors' retrieved from /home/crisu/miniconda3/envs/lab13.1/lib/python3.9/site-packages/airflow/example_dags/example_sensors.py
[2024-12-07T02:46:38.679-0300] {logging_mixin.py:190} INFO - [2024-12-07T02:46:38.679-0300] {dag.py:3239} INFO - Sync 1 DAGs
[2024-12-07T02:46:38.695-0300] {logging_mixin.py:190} INFO - [2024-12-07T02:46:38.694-0300] {dag.py:4180} INFO - Setting next_dagrun for example_sensors to None, run_after=None
[2024-12-07T02:46:39.076-0300] {processor.py:208} INFO - Processing /home/crisu/miniconda3/envs/lab13.1/lib/python3.9/site-packages/airflow/example_dags/example_sensors.py took 0.490 seconds
[2024-12-07T02:50:20.012-0300] {processor.py:186} INFO - Started process (PID=40808) to work on /home/crisu/miniconda3/envs/lab13.1/lib/python3.9/site-packages/airflow/example_dags/example_sensors.py
[2024-12-07T02:50:20.033-0300] {processor.py:914} INFO - Processing file /home/crisu/miniconda3/envs/lab13.1/lib/python3.9/site-packages/airflow/example_dags/example_sensors.py for tasks to queue
[2024-12-07T02:50:20.035-0300] {logging_mixin.py:190} INFO - [2024-12-07T02:50:20.035-0300] {dagbag.py:588} INFO - Filling up the DagBag from /home/crisu/miniconda3/envs/lab13.1/lib/python3.9/site-packages/airflow/example_dags/example_sensors.py
[2024-12-07T02:50:20.045-0300] {processor.py:925} INFO - DAG(s) 'example_sensors' retrieved from /home/crisu/miniconda3/envs/lab13.1/lib/python3.9/site-packages/airflow/example_dags/example_sensors.py
[2024-12-07T02:50:20.065-0300] {logging_mixin.py:190} INFO - [2024-12-07T02:50:20.065-0300] {dag.py:3239} INFO - Sync 1 DAGs
[2024-12-07T02:50:20.076-0300] {logging_mixin.py:190} INFO - [2024-12-07T02:50:20.076-0300] {dag.py:4180} INFO - Setting next_dagrun for example_sensors to None, run_after=None
[2024-12-07T02:50:20.170-0300] {processor.py:208} INFO - Processing /home/crisu/miniconda3/envs/lab13.1/lib/python3.9/site-packages/airflow/example_dags/example_sensors.py took 0.163 seconds
[2024-12-07T03:20:35.775-0300] {processor.py:186} INFO - Started process (PID=42676) to work on /home/crisu/miniconda3/envs/lab13.1/lib/python3.9/site-packages/airflow/example_dags/example_sensors.py
[2024-12-07T03:20:35.800-0300] {processor.py:914} INFO - Processing file /home/crisu/miniconda3/envs/lab13.1/lib/python3.9/site-packages/airflow/example_dags/example_sensors.py for tasks to queue
[2024-12-07T03:20:35.801-0300] {logging_mixin.py:190} INFO - [2024-12-07T03:20:35.800-0300] {dagbag.py:588} INFO - Filling up the DagBag from /home/crisu/miniconda3/envs/lab13.1/lib/python3.9/site-packages/airflow/example_dags/example_sensors.py
[2024-12-07T03:20:35.810-0300] {processor.py:925} INFO - DAG(s) 'example_sensors' retrieved from /home/crisu/miniconda3/envs/lab13.1/lib/python3.9/site-packages/airflow/example_dags/example_sensors.py
[2024-12-07T03:20:35.831-0300] {logging_mixin.py:190} INFO - [2024-12-07T03:20:35.831-0300] {dag.py:3239} INFO - Sync 1 DAGs
[2024-12-07T03:20:35.841-0300] {logging_mixin.py:190} INFO - [2024-12-07T03:20:35.841-0300] {dag.py:4180} INFO - Setting next_dagrun for example_sensors to None, run_after=None
[2024-12-07T03:20:36.522-0300] {processor.py:208} INFO - Processing /home/crisu/miniconda3/envs/lab13.1/lib/python3.9/site-packages/airflow/example_dags/example_sensors.py took 0.754 seconds
[2024-12-07T03:23:46.690-0300] {processor.py:186} INFO - Started process (PID=42909) to work on /home/crisu/miniconda3/envs/lab13.1/lib/python3.9/site-packages/airflow/example_dags/example_sensors.py
[2024-12-07T03:23:46.936-0300] {processor.py:914} INFO - Processing file /home/crisu/miniconda3/envs/lab13.1/lib/python3.9/site-packages/airflow/example_dags/example_sensors.py for tasks to queue
[2024-12-07T03:23:46.937-0300] {logging_mixin.py:190} INFO - [2024-12-07T03:23:46.937-0300] {dagbag.py:588} INFO - Filling up the DagBag from /home/crisu/miniconda3/envs/lab13.1/lib/python3.9/site-packages/airflow/example_dags/example_sensors.py
[2024-12-07T03:23:46.946-0300] {processor.py:925} INFO - DAG(s) 'example_sensors' retrieved from /home/crisu/miniconda3/envs/lab13.1/lib/python3.9/site-packages/airflow/example_dags/example_sensors.py
[2024-12-07T03:23:46.969-0300] {logging_mixin.py:190} INFO - [2024-12-07T03:23:46.968-0300] {dag.py:3239} INFO - Sync 1 DAGs
[2024-12-07T03:23:46.980-0300] {logging_mixin.py:190} INFO - [2024-12-07T03:23:46.980-0300] {dag.py:4180} INFO - Setting next_dagrun for example_sensors to None, run_after=None
[2024-12-07T03:23:48.450-0300] {processor.py:208} INFO - Processing /home/crisu/miniconda3/envs/lab13.1/lib/python3.9/site-packages/airflow/example_dags/example_sensors.py took 1.767 seconds
[2024-12-07T03:27:46.954-0300] {processor.py:186} INFO - Started process (PID=43642) to work on /home/crisu/miniconda3/envs/lab13.1/lib/python3.9/site-packages/airflow/example_dags/example_sensors.py
[2024-12-07T03:27:46.961-0300] {processor.py:914} INFO - Processing file /home/crisu/miniconda3/envs/lab13.1/lib/python3.9/site-packages/airflow/example_dags/example_sensors.py for tasks to queue
[2024-12-07T03:27:46.963-0300] {logging_mixin.py:190} INFO - [2024-12-07T03:27:46.962-0300] {dagbag.py:588} INFO - Filling up the DagBag from /home/crisu/miniconda3/envs/lab13.1/lib/python3.9/site-packages/airflow/example_dags/example_sensors.py
[2024-12-07T03:27:46.974-0300] {processor.py:925} INFO - DAG(s) 'example_sensors' retrieved from /home/crisu/miniconda3/envs/lab13.1/lib/python3.9/site-packages/airflow/example_dags/example_sensors.py
[2024-12-07T03:27:46.999-0300] {logging_mixin.py:190} INFO - [2024-12-07T03:27:46.998-0300] {dag.py:3239} INFO - Sync 1 DAGs
[2024-12-07T03:27:47.010-0300] {logging_mixin.py:190} INFO - [2024-12-07T03:27:47.009-0300] {dag.py:4180} INFO - Setting next_dagrun for example_sensors to None, run_after=None
[2024-12-07T03:27:47.070-0300] {processor.py:208} INFO - Processing /home/crisu/miniconda3/envs/lab13.1/lib/python3.9/site-packages/airflow/example_dags/example_sensors.py took 0.121 seconds
[2024-12-07T03:29:44.860-0300] {processor.py:186} INFO - Started process (PID=43847) to work on /home/crisu/miniconda3/envs/lab13.1/lib/python3.9/site-packages/airflow/example_dags/example_sensors.py
[2024-12-07T03:29:44.940-0300] {processor.py:914} INFO - Processing file /home/crisu/miniconda3/envs/lab13.1/lib/python3.9/site-packages/airflow/example_dags/example_sensors.py for tasks to queue
[2024-12-07T03:29:44.942-0300] {logging_mixin.py:190} INFO - [2024-12-07T03:29:44.942-0300] {dagbag.py:588} INFO - Filling up the DagBag from /home/crisu/miniconda3/envs/lab13.1/lib/python3.9/site-packages/airflow/example_dags/example_sensors.py
[2024-12-07T03:29:44.953-0300] {processor.py:925} INFO - DAG(s) 'example_sensors' retrieved from /home/crisu/miniconda3/envs/lab13.1/lib/python3.9/site-packages/airflow/example_dags/example_sensors.py
[2024-12-07T03:29:44.972-0300] {logging_mixin.py:190} INFO - [2024-12-07T03:29:44.972-0300] {dag.py:3239} INFO - Sync 1 DAGs
[2024-12-07T03:29:44.983-0300] {logging_mixin.py:190} INFO - [2024-12-07T03:29:44.983-0300] {dag.py:4180} INFO - Setting next_dagrun for example_sensors to None, run_after=None
[2024-12-07T03:29:46.576-0300] {processor.py:208} INFO - Processing /home/crisu/miniconda3/envs/lab13.1/lib/python3.9/site-packages/airflow/example_dags/example_sensors.py took 1.722 seconds
[2024-12-07T03:34:19.023-0300] {processor.py:186} INFO - Started process (PID=44590) to work on /home/crisu/miniconda3/envs/lab13.1/lib/python3.9/site-packages/airflow/example_dags/example_sensors.py
[2024-12-07T03:34:19.024-0300] {processor.py:914} INFO - Processing file /home/crisu/miniconda3/envs/lab13.1/lib/python3.9/site-packages/airflow/example_dags/example_sensors.py for tasks to queue
[2024-12-07T03:34:19.025-0300] {logging_mixin.py:190} INFO - [2024-12-07T03:34:19.025-0300] {dagbag.py:588} INFO - Filling up the DagBag from /home/crisu/miniconda3/envs/lab13.1/lib/python3.9/site-packages/airflow/example_dags/example_sensors.py
[2024-12-07T03:34:19.035-0300] {processor.py:925} INFO - DAG(s) 'example_sensors' retrieved from /home/crisu/miniconda3/envs/lab13.1/lib/python3.9/site-packages/airflow/example_dags/example_sensors.py
[2024-12-07T03:34:19.057-0300] {logging_mixin.py:190} INFO - [2024-12-07T03:34:19.057-0300] {dag.py:3239} INFO - Sync 1 DAGs
[2024-12-07T03:34:19.067-0300] {logging_mixin.py:190} INFO - [2024-12-07T03:34:19.067-0300] {dag.py:4180} INFO - Setting next_dagrun for example_sensors to None, run_after=None
[2024-12-07T03:34:19.127-0300] {processor.py:208} INFO - Processing /home/crisu/miniconda3/envs/lab13.1/lib/python3.9/site-packages/airflow/example_dags/example_sensors.py took 0.110 seconds
[2024-12-07T03:35:53.419-0300] {processor.py:186} INFO - Started process (PID=44773) to work on /home/crisu/miniconda3/envs/lab13.1/lib/python3.9/site-packages/airflow/example_dags/example_sensors.py
[2024-12-07T03:35:53.433-0300] {processor.py:914} INFO - Processing file /home/crisu/miniconda3/envs/lab13.1/lib/python3.9/site-packages/airflow/example_dags/example_sensors.py for tasks to queue
[2024-12-07T03:35:53.435-0300] {logging_mixin.py:190} INFO - [2024-12-07T03:35:53.434-0300] {dagbag.py:588} INFO - Filling up the DagBag from /home/crisu/miniconda3/envs/lab13.1/lib/python3.9/site-packages/airflow/example_dags/example_sensors.py
[2024-12-07T03:35:53.445-0300] {processor.py:925} INFO - DAG(s) 'example_sensors' retrieved from /home/crisu/miniconda3/envs/lab13.1/lib/python3.9/site-packages/airflow/example_dags/example_sensors.py
[2024-12-07T03:35:53.464-0300] {logging_mixin.py:190} INFO - [2024-12-07T03:35:53.464-0300] {dag.py:3239} INFO - Sync 1 DAGs
[2024-12-07T03:35:53.476-0300] {logging_mixin.py:190} INFO - [2024-12-07T03:35:53.476-0300] {dag.py:4180} INFO - Setting next_dagrun for example_sensors to None, run_after=None
[2024-12-07T03:35:53.557-0300] {processor.py:208} INFO - Processing /home/crisu/miniconda3/envs/lab13.1/lib/python3.9/site-packages/airflow/example_dags/example_sensors.py took 0.146 seconds
[2024-12-07T03:37:56.412-0300] {processor.py:186} INFO - Started process (PID=44977) to work on /home/crisu/miniconda3/envs/lab13.1/lib/python3.9/site-packages/airflow/example_dags/example_sensors.py
[2024-12-07T03:37:56.422-0300] {processor.py:914} INFO - Processing file /home/crisu/miniconda3/envs/lab13.1/lib/python3.9/site-packages/airflow/example_dags/example_sensors.py for tasks to queue
[2024-12-07T03:37:56.424-0300] {logging_mixin.py:190} INFO - [2024-12-07T03:37:56.423-0300] {dagbag.py:588} INFO - Filling up the DagBag from /home/crisu/miniconda3/envs/lab13.1/lib/python3.9/site-packages/airflow/example_dags/example_sensors.py
[2024-12-07T03:37:56.432-0300] {processor.py:925} INFO - DAG(s) 'example_sensors' retrieved from /home/crisu/miniconda3/envs/lab13.1/lib/python3.9/site-packages/airflow/example_dags/example_sensors.py
[2024-12-07T03:37:56.451-0300] {logging_mixin.py:190} INFO - [2024-12-07T03:37:56.451-0300] {dag.py:3239} INFO - Sync 1 DAGs
[2024-12-07T03:37:56.462-0300] {logging_mixin.py:190} INFO - [2024-12-07T03:37:56.461-0300] {dag.py:4180} INFO - Setting next_dagrun for example_sensors to None, run_after=None
[2024-12-07T03:37:56.521-0300] {processor.py:208} INFO - Processing /home/crisu/miniconda3/envs/lab13.1/lib/python3.9/site-packages/airflow/example_dags/example_sensors.py took 0.114 seconds
[2024-12-07T03:39:15.113-0300] {processor.py:186} INFO - Started process (PID=45135) to work on /home/crisu/miniconda3/envs/lab13.1/lib/python3.9/site-packages/airflow/example_dags/example_sensors.py
[2024-12-07T03:39:15.127-0300] {processor.py:914} INFO - Processing file /home/crisu/miniconda3/envs/lab13.1/lib/python3.9/site-packages/airflow/example_dags/example_sensors.py for tasks to queue
[2024-12-07T03:39:15.128-0300] {logging_mixin.py:190} INFO - [2024-12-07T03:39:15.128-0300] {dagbag.py:588} INFO - Filling up the DagBag from /home/crisu/miniconda3/envs/lab13.1/lib/python3.9/site-packages/airflow/example_dags/example_sensors.py
[2024-12-07T03:39:15.137-0300] {processor.py:925} INFO - DAG(s) 'example_sensors' retrieved from /home/crisu/miniconda3/envs/lab13.1/lib/python3.9/site-packages/airflow/example_dags/example_sensors.py
[2024-12-07T03:39:15.156-0300] {logging_mixin.py:190} INFO - [2024-12-07T03:39:15.156-0300] {dag.py:3239} INFO - Sync 1 DAGs
[2024-12-07T03:39:15.167-0300] {logging_mixin.py:190} INFO - [2024-12-07T03:39:15.167-0300] {dag.py:4180} INFO - Setting next_dagrun for example_sensors to None, run_after=None
[2024-12-07T03:39:15.229-0300] {processor.py:208} INFO - Processing /home/crisu/miniconda3/envs/lab13.1/lib/python3.9/site-packages/airflow/example_dags/example_sensors.py took 0.120 seconds
[2024-12-07T03:40:30.403-0300] {processor.py:186} INFO - Started process (PID=45281) to work on /home/crisu/miniconda3/envs/lab13.1/lib/python3.9/site-packages/airflow/example_dags/example_sensors.py
[2024-12-07T03:40:30.414-0300] {processor.py:914} INFO - Processing file /home/crisu/miniconda3/envs/lab13.1/lib/python3.9/site-packages/airflow/example_dags/example_sensors.py for tasks to queue
[2024-12-07T03:40:30.415-0300] {logging_mixin.py:190} INFO - [2024-12-07T03:40:30.415-0300] {dagbag.py:588} INFO - Filling up the DagBag from /home/crisu/miniconda3/envs/lab13.1/lib/python3.9/site-packages/airflow/example_dags/example_sensors.py
[2024-12-07T03:40:30.428-0300] {processor.py:925} INFO - DAG(s) 'example_sensors' retrieved from /home/crisu/miniconda3/envs/lab13.1/lib/python3.9/site-packages/airflow/example_dags/example_sensors.py
[2024-12-07T03:40:30.454-0300] {logging_mixin.py:190} INFO - [2024-12-07T03:40:30.453-0300] {dag.py:3239} INFO - Sync 1 DAGs
[2024-12-07T03:40:30.464-0300] {logging_mixin.py:190} INFO - [2024-12-07T03:40:30.463-0300] {dag.py:4180} INFO - Setting next_dagrun for example_sensors to None, run_after=None
[2024-12-07T03:40:30.523-0300] {processor.py:208} INFO - Processing /home/crisu/miniconda3/envs/lab13.1/lib/python3.9/site-packages/airflow/example_dags/example_sensors.py took 0.125 seconds
[2024-12-07T03:44:16.838-0300] {processor.py:186} INFO - Started process (PID=45888) to work on /home/crisu/miniconda3/envs/lab13.1/lib/python3.9/site-packages/airflow/example_dags/example_sensors.py
[2024-12-07T03:44:16.862-0300] {processor.py:914} INFO - Processing file /home/crisu/miniconda3/envs/lab13.1/lib/python3.9/site-packages/airflow/example_dags/example_sensors.py for tasks to queue
[2024-12-07T03:44:16.864-0300] {logging_mixin.py:190} INFO - [2024-12-07T03:44:16.864-0300] {dagbag.py:588} INFO - Filling up the DagBag from /home/crisu/miniconda3/envs/lab13.1/lib/python3.9/site-packages/airflow/example_dags/example_sensors.py
[2024-12-07T03:44:16.875-0300] {processor.py:925} INFO - DAG(s) 'example_sensors' retrieved from /home/crisu/miniconda3/envs/lab13.1/lib/python3.9/site-packages/airflow/example_dags/example_sensors.py
[2024-12-07T03:44:16.894-0300] {logging_mixin.py:190} INFO - [2024-12-07T03:44:16.894-0300] {dag.py:3239} INFO - Sync 1 DAGs
[2024-12-07T03:44:16.906-0300] {logging_mixin.py:190} INFO - [2024-12-07T03:44:16.906-0300] {dag.py:4180} INFO - Setting next_dagrun for example_sensors to None, run_after=None
[2024-12-07T03:44:16.976-0300] {processor.py:208} INFO - Processing /home/crisu/miniconda3/envs/lab13.1/lib/python3.9/site-packages/airflow/example_dags/example_sensors.py took 0.143 seconds
[2024-12-07T03:48:38.569-0300] {processor.py:186} INFO - Started process (PID=46735) to work on /home/crisu/miniconda3/envs/lab13.1/lib/python3.9/site-packages/airflow/example_dags/example_sensors.py
[2024-12-07T03:48:38.616-0300] {processor.py:914} INFO - Processing file /home/crisu/miniconda3/envs/lab13.1/lib/python3.9/site-packages/airflow/example_dags/example_sensors.py for tasks to queue
[2024-12-07T03:48:38.618-0300] {logging_mixin.py:190} INFO - [2024-12-07T03:48:38.618-0300] {dagbag.py:588} INFO - Filling up the DagBag from /home/crisu/miniconda3/envs/lab13.1/lib/python3.9/site-packages/airflow/example_dags/example_sensors.py
[2024-12-07T03:48:38.629-0300] {processor.py:925} INFO - DAG(s) 'example_sensors' retrieved from /home/crisu/miniconda3/envs/lab13.1/lib/python3.9/site-packages/airflow/example_dags/example_sensors.py
[2024-12-07T03:48:38.648-0300] {logging_mixin.py:190} INFO - [2024-12-07T03:48:38.648-0300] {dag.py:3239} INFO - Sync 1 DAGs
[2024-12-07T03:48:38.659-0300] {logging_mixin.py:190} INFO - [2024-12-07T03:48:38.659-0300] {dag.py:4180} INFO - Setting next_dagrun for example_sensors to None, run_after=None
[2024-12-07T03:48:39.176-0300] {processor.py:208} INFO - Processing /home/crisu/miniconda3/envs/lab13.1/lib/python3.9/site-packages/airflow/example_dags/example_sensors.py took 0.611 seconds
[2024-12-07T03:50:45.232-0300] {processor.py:186} INFO - Started process (PID=46945) to work on /home/crisu/miniconda3/envs/lab13.1/lib/python3.9/site-packages/airflow/example_dags/example_sensors.py
[2024-12-07T03:50:45.403-0300] {processor.py:914} INFO - Processing file /home/crisu/miniconda3/envs/lab13.1/lib/python3.9/site-packages/airflow/example_dags/example_sensors.py for tasks to queue
[2024-12-07T03:50:45.405-0300] {logging_mixin.py:190} INFO - [2024-12-07T03:50:45.405-0300] {dagbag.py:588} INFO - Filling up the DagBag from /home/crisu/miniconda3/envs/lab13.1/lib/python3.9/site-packages/airflow/example_dags/example_sensors.py
[2024-12-07T03:50:45.415-0300] {processor.py:925} INFO - DAG(s) 'example_sensors' retrieved from /home/crisu/miniconda3/envs/lab13.1/lib/python3.9/site-packages/airflow/example_dags/example_sensors.py
[2024-12-07T03:50:45.434-0300] {logging_mixin.py:190} INFO - [2024-12-07T03:50:45.434-0300] {dag.py:3239} INFO - Sync 1 DAGs
[2024-12-07T03:50:45.445-0300] {logging_mixin.py:190} INFO - [2024-12-07T03:50:45.445-0300] {dag.py:4180} INFO - Setting next_dagrun for example_sensors to None, run_after=None
[2024-12-07T03:50:46.639-0300] {processor.py:208} INFO - Processing /home/crisu/miniconda3/envs/lab13.1/lib/python3.9/site-packages/airflow/example_dags/example_sensors.py took 1.413 seconds
[2024-12-07T03:52:14.512-0300] {processor.py:186} INFO - Started process (PID=47056) to work on /home/crisu/miniconda3/envs/lab13.1/lib/python3.9/site-packages/airflow/example_dags/example_sensors.py
[2024-12-07T03:52:14.521-0300] {processor.py:914} INFO - Processing file /home/crisu/miniconda3/envs/lab13.1/lib/python3.9/site-packages/airflow/example_dags/example_sensors.py for tasks to queue
[2024-12-07T03:52:14.523-0300] {logging_mixin.py:190} INFO - [2024-12-07T03:52:14.523-0300] {dagbag.py:588} INFO - Filling up the DagBag from /home/crisu/miniconda3/envs/lab13.1/lib/python3.9/site-packages/airflow/example_dags/example_sensors.py
[2024-12-07T03:52:14.533-0300] {processor.py:925} INFO - DAG(s) 'example_sensors' retrieved from /home/crisu/miniconda3/envs/lab13.1/lib/python3.9/site-packages/airflow/example_dags/example_sensors.py
[2024-12-07T03:52:14.551-0300] {logging_mixin.py:190} INFO - [2024-12-07T03:52:14.551-0300] {dag.py:3239} INFO - Sync 1 DAGs
[2024-12-07T03:52:14.562-0300] {logging_mixin.py:190} INFO - [2024-12-07T03:52:14.561-0300] {dag.py:4180} INFO - Setting next_dagrun for example_sensors to None, run_after=None
[2024-12-07T03:52:14.620-0300] {processor.py:208} INFO - Processing /home/crisu/miniconda3/envs/lab13.1/lib/python3.9/site-packages/airflow/example_dags/example_sensors.py took 0.114 seconds
[2024-12-07T03:54:25.481-0300] {processor.py:186} INFO - Started process (PID=47315) to work on /home/crisu/miniconda3/envs/lab13.1/lib/python3.9/site-packages/airflow/example_dags/example_sensors.py
[2024-12-07T03:54:25.483-0300] {processor.py:914} INFO - Processing file /home/crisu/miniconda3/envs/lab13.1/lib/python3.9/site-packages/airflow/example_dags/example_sensors.py for tasks to queue
[2024-12-07T03:54:25.485-0300] {logging_mixin.py:190} INFO - [2024-12-07T03:54:25.484-0300] {dagbag.py:588} INFO - Filling up the DagBag from /home/crisu/miniconda3/envs/lab13.1/lib/python3.9/site-packages/airflow/example_dags/example_sensors.py
[2024-12-07T03:54:25.498-0300] {processor.py:925} INFO - DAG(s) 'example_sensors' retrieved from /home/crisu/miniconda3/envs/lab13.1/lib/python3.9/site-packages/airflow/example_dags/example_sensors.py
[2024-12-07T03:54:25.520-0300] {logging_mixin.py:190} INFO - [2024-12-07T03:54:25.520-0300] {dag.py:3239} INFO - Sync 1 DAGs
[2024-12-07T03:54:25.536-0300] {logging_mixin.py:190} INFO - [2024-12-07T03:54:25.535-0300] {dag.py:4180} INFO - Setting next_dagrun for example_sensors to None, run_after=None
[2024-12-07T03:54:25.596-0300] {processor.py:208} INFO - Processing /home/crisu/miniconda3/envs/lab13.1/lib/python3.9/site-packages/airflow/example_dags/example_sensors.py took 0.120 seconds
[2024-12-07T03:56:25.619-0300] {processor.py:186} INFO - Started process (PID=47563) to work on /home/crisu/miniconda3/envs/lab13.1/lib/python3.9/site-packages/airflow/example_dags/example_sensors.py
[2024-12-07T03:56:25.621-0300] {processor.py:914} INFO - Processing file /home/crisu/miniconda3/envs/lab13.1/lib/python3.9/site-packages/airflow/example_dags/example_sensors.py for tasks to queue
[2024-12-07T03:56:25.622-0300] {logging_mixin.py:190} INFO - [2024-12-07T03:56:25.622-0300] {dagbag.py:588} INFO - Filling up the DagBag from /home/crisu/miniconda3/envs/lab13.1/lib/python3.9/site-packages/airflow/example_dags/example_sensors.py
[2024-12-07T03:56:25.632-0300] {processor.py:925} INFO - DAG(s) 'example_sensors' retrieved from /home/crisu/miniconda3/envs/lab13.1/lib/python3.9/site-packages/airflow/example_dags/example_sensors.py
[2024-12-07T03:56:25.651-0300] {logging_mixin.py:190} INFO - [2024-12-07T03:56:25.651-0300] {dag.py:3239} INFO - Sync 1 DAGs
[2024-12-07T03:56:25.662-0300] {logging_mixin.py:190} INFO - [2024-12-07T03:56:25.662-0300] {dag.py:4180} INFO - Setting next_dagrun for example_sensors to None, run_after=None
[2024-12-07T03:56:25.720-0300] {processor.py:208} INFO - Processing /home/crisu/miniconda3/envs/lab13.1/lib/python3.9/site-packages/airflow/example_dags/example_sensors.py took 0.106 seconds
[2024-12-07T03:57:42.802-0300] {processor.py:186} INFO - Started process (PID=47700) to work on /home/crisu/miniconda3/envs/lab13.1/lib/python3.9/site-packages/airflow/example_dags/example_sensors.py
[2024-12-07T03:57:42.814-0300] {processor.py:914} INFO - Processing file /home/crisu/miniconda3/envs/lab13.1/lib/python3.9/site-packages/airflow/example_dags/example_sensors.py for tasks to queue
[2024-12-07T03:57:42.816-0300] {logging_mixin.py:190} INFO - [2024-12-07T03:57:42.816-0300] {dagbag.py:588} INFO - Filling up the DagBag from /home/crisu/miniconda3/envs/lab13.1/lib/python3.9/site-packages/airflow/example_dags/example_sensors.py
[2024-12-07T03:57:42.826-0300] {processor.py:925} INFO - DAG(s) 'example_sensors' retrieved from /home/crisu/miniconda3/envs/lab13.1/lib/python3.9/site-packages/airflow/example_dags/example_sensors.py
[2024-12-07T03:57:42.844-0300] {logging_mixin.py:190} INFO - [2024-12-07T03:57:42.844-0300] {dag.py:3239} INFO - Sync 1 DAGs
[2024-12-07T03:57:42.855-0300] {logging_mixin.py:190} INFO - [2024-12-07T03:57:42.854-0300] {dag.py:4180} INFO - Setting next_dagrun for example_sensors to None, run_after=None
[2024-12-07T03:57:42.916-0300] {processor.py:208} INFO - Processing /home/crisu/miniconda3/envs/lab13.1/lib/python3.9/site-packages/airflow/example_dags/example_sensors.py took 0.119 seconds
[2024-12-07T03:59:37.918-0300] {processor.py:186} INFO - Started process (PID=47968) to work on /home/crisu/miniconda3/envs/lab13.1/lib/python3.9/site-packages/airflow/example_dags/example_sensors.py
[2024-12-07T03:59:37.926-0300] {processor.py:914} INFO - Processing file /home/crisu/miniconda3/envs/lab13.1/lib/python3.9/site-packages/airflow/example_dags/example_sensors.py for tasks to queue
[2024-12-07T03:59:37.928-0300] {logging_mixin.py:190} INFO - [2024-12-07T03:59:37.927-0300] {dagbag.py:588} INFO - Filling up the DagBag from /home/crisu/miniconda3/envs/lab13.1/lib/python3.9/site-packages/airflow/example_dags/example_sensors.py
[2024-12-07T03:59:37.938-0300] {processor.py:925} INFO - DAG(s) 'example_sensors' retrieved from /home/crisu/miniconda3/envs/lab13.1/lib/python3.9/site-packages/airflow/example_dags/example_sensors.py
[2024-12-07T03:59:37.956-0300] {logging_mixin.py:190} INFO - [2024-12-07T03:59:37.956-0300] {dag.py:3239} INFO - Sync 1 DAGs
[2024-12-07T03:59:37.967-0300] {logging_mixin.py:190} INFO - [2024-12-07T03:59:37.967-0300] {dag.py:4180} INFO - Setting next_dagrun for example_sensors to None, run_after=None
[2024-12-07T03:59:38.022-0300] {processor.py:208} INFO - Processing /home/crisu/miniconda3/envs/lab13.1/lib/python3.9/site-packages/airflow/example_dags/example_sensors.py took 0.109 seconds
[2024-12-07T04:00:53.966-0300] {processor.py:186} INFO - Started process (PID=48117) to work on /home/crisu/miniconda3/envs/lab13.1/lib/python3.9/site-packages/airflow/example_dags/example_sensors.py
[2024-12-07T04:00:53.970-0300] {processor.py:914} INFO - Processing file /home/crisu/miniconda3/envs/lab13.1/lib/python3.9/site-packages/airflow/example_dags/example_sensors.py for tasks to queue
[2024-12-07T04:00:53.972-0300] {logging_mixin.py:190} INFO - [2024-12-07T04:00:53.972-0300] {dagbag.py:588} INFO - Filling up the DagBag from /home/crisu/miniconda3/envs/lab13.1/lib/python3.9/site-packages/airflow/example_dags/example_sensors.py
[2024-12-07T04:00:53.984-0300] {processor.py:925} INFO - DAG(s) 'example_sensors' retrieved from /home/crisu/miniconda3/envs/lab13.1/lib/python3.9/site-packages/airflow/example_dags/example_sensors.py
[2024-12-07T04:00:54.003-0300] {logging_mixin.py:190} INFO - [2024-12-07T04:00:54.002-0300] {dag.py:3239} INFO - Sync 1 DAGs
[2024-12-07T04:00:54.014-0300] {logging_mixin.py:190} INFO - [2024-12-07T04:00:54.013-0300] {dag.py:4180} INFO - Setting next_dagrun for example_sensors to None, run_after=None
[2024-12-07T04:00:54.084-0300] {processor.py:208} INFO - Processing /home/crisu/miniconda3/envs/lab13.1/lib/python3.9/site-packages/airflow/example_dags/example_sensors.py took 0.124 seconds
[2024-12-07T04:07:47.330-0300] {processor.py:186} INFO - Started process (PID=49188) to work on /home/crisu/miniconda3/envs/lab13.1/lib/python3.9/site-packages/airflow/example_dags/example_sensors.py
[2024-12-07T04:07:47.348-0300] {processor.py:914} INFO - Processing file /home/crisu/miniconda3/envs/lab13.1/lib/python3.9/site-packages/airflow/example_dags/example_sensors.py for tasks to queue
[2024-12-07T04:07:47.349-0300] {logging_mixin.py:190} INFO - [2024-12-07T04:07:47.349-0300] {dagbag.py:588} INFO - Filling up the DagBag from /home/crisu/miniconda3/envs/lab13.1/lib/python3.9/site-packages/airflow/example_dags/example_sensors.py
[2024-12-07T04:07:47.358-0300] {processor.py:925} INFO - DAG(s) 'example_sensors' retrieved from /home/crisu/miniconda3/envs/lab13.1/lib/python3.9/site-packages/airflow/example_dags/example_sensors.py
[2024-12-07T04:07:47.380-0300] {logging_mixin.py:190} INFO - [2024-12-07T04:07:47.379-0300] {dag.py:3239} INFO - Sync 1 DAGs
[2024-12-07T04:07:47.390-0300] {logging_mixin.py:190} INFO - [2024-12-07T04:07:47.390-0300] {dag.py:4180} INFO - Setting next_dagrun for example_sensors to None, run_after=None
[2024-12-07T04:07:47.463-0300] {processor.py:208} INFO - Processing /home/crisu/miniconda3/envs/lab13.1/lib/python3.9/site-packages/airflow/example_dags/example_sensors.py took 0.138 seconds
[2024-12-07T04:09:49.637-0300] {processor.py:186} INFO - Started process (PID=49458) to work on /home/crisu/miniconda3/envs/lab13.1/lib/python3.9/site-packages/airflow/example_dags/example_sensors.py
[2024-12-07T04:09:49.660-0300] {processor.py:914} INFO - Processing file /home/crisu/miniconda3/envs/lab13.1/lib/python3.9/site-packages/airflow/example_dags/example_sensors.py for tasks to queue
[2024-12-07T04:09:49.662-0300] {logging_mixin.py:190} INFO - [2024-12-07T04:09:49.661-0300] {dagbag.py:588} INFO - Filling up the DagBag from /home/crisu/miniconda3/envs/lab13.1/lib/python3.9/site-packages/airflow/example_dags/example_sensors.py
[2024-12-07T04:09:49.674-0300] {processor.py:925} INFO - DAG(s) 'example_sensors' retrieved from /home/crisu/miniconda3/envs/lab13.1/lib/python3.9/site-packages/airflow/example_dags/example_sensors.py
[2024-12-07T04:09:49.696-0300] {logging_mixin.py:190} INFO - [2024-12-07T04:09:49.696-0300] {dag.py:3239} INFO - Sync 1 DAGs
[2024-12-07T04:09:49.709-0300] {logging_mixin.py:190} INFO - [2024-12-07T04:09:49.708-0300] {dag.py:4180} INFO - Setting next_dagrun for example_sensors to None, run_after=None
[2024-12-07T04:09:49.779-0300] {processor.py:208} INFO - Processing /home/crisu/miniconda3/envs/lab13.1/lib/python3.9/site-packages/airflow/example_dags/example_sensors.py took 0.149 seconds
[2024-12-07T04:11:50.630-0300] {processor.py:186} INFO - Started process (PID=49629) to work on /home/crisu/miniconda3/envs/lab13.1/lib/python3.9/site-packages/airflow/example_dags/example_sensors.py
[2024-12-07T04:11:50.643-0300] {processor.py:914} INFO - Processing file /home/crisu/miniconda3/envs/lab13.1/lib/python3.9/site-packages/airflow/example_dags/example_sensors.py for tasks to queue
[2024-12-07T04:11:50.644-0300] {logging_mixin.py:190} INFO - [2024-12-07T04:11:50.644-0300] {dagbag.py:588} INFO - Filling up the DagBag from /home/crisu/miniconda3/envs/lab13.1/lib/python3.9/site-packages/airflow/example_dags/example_sensors.py
[2024-12-07T04:11:50.653-0300] {processor.py:925} INFO - DAG(s) 'example_sensors' retrieved from /home/crisu/miniconda3/envs/lab13.1/lib/python3.9/site-packages/airflow/example_dags/example_sensors.py
[2024-12-07T04:11:50.672-0300] {logging_mixin.py:190} INFO - [2024-12-07T04:11:50.672-0300] {dag.py:3239} INFO - Sync 1 DAGs
[2024-12-07T04:11:50.683-0300] {logging_mixin.py:190} INFO - [2024-12-07T04:11:50.683-0300] {dag.py:4180} INFO - Setting next_dagrun for example_sensors to None, run_after=None
[2024-12-07T04:11:50.743-0300] {processor.py:208} INFO - Processing /home/crisu/miniconda3/envs/lab13.1/lib/python3.9/site-packages/airflow/example_dags/example_sensors.py took 0.118 seconds
[2024-12-07T04:13:05.810-0300] {processor.py:186} INFO - Started process (PID=49750) to work on /home/crisu/miniconda3/envs/lab13.1/lib/python3.9/site-packages/airflow/example_dags/example_sensors.py
[2024-12-07T04:13:05.823-0300] {processor.py:914} INFO - Processing file /home/crisu/miniconda3/envs/lab13.1/lib/python3.9/site-packages/airflow/example_dags/example_sensors.py for tasks to queue
[2024-12-07T04:13:05.825-0300] {logging_mixin.py:190} INFO - [2024-12-07T04:13:05.824-0300] {dagbag.py:588} INFO - Filling up the DagBag from /home/crisu/miniconda3/envs/lab13.1/lib/python3.9/site-packages/airflow/example_dags/example_sensors.py
[2024-12-07T04:13:05.835-0300] {processor.py:925} INFO - DAG(s) 'example_sensors' retrieved from /home/crisu/miniconda3/envs/lab13.1/lib/python3.9/site-packages/airflow/example_dags/example_sensors.py
[2024-12-07T04:13:05.856-0300] {logging_mixin.py:190} INFO - [2024-12-07T04:13:05.856-0300] {dag.py:3239} INFO - Sync 1 DAGs
[2024-12-07T04:13:05.868-0300] {logging_mixin.py:190} INFO - [2024-12-07T04:13:05.867-0300] {dag.py:4180} INFO - Setting next_dagrun for example_sensors to None, run_after=None
[2024-12-07T04:13:05.948-0300] {processor.py:208} INFO - Processing /home/crisu/miniconda3/envs/lab13.1/lib/python3.9/site-packages/airflow/example_dags/example_sensors.py took 0.143 seconds
[2024-12-07T04:14:23.840-0300] {processor.py:186} INFO - Started process (PID=49932) to work on /home/crisu/miniconda3/envs/lab13.1/lib/python3.9/site-packages/airflow/example_dags/example_sensors.py
[2024-12-07T04:14:23.852-0300] {processor.py:914} INFO - Processing file /home/crisu/miniconda3/envs/lab13.1/lib/python3.9/site-packages/airflow/example_dags/example_sensors.py for tasks to queue
[2024-12-07T04:14:23.853-0300] {logging_mixin.py:190} INFO - [2024-12-07T04:14:23.853-0300] {dagbag.py:588} INFO - Filling up the DagBag from /home/crisu/miniconda3/envs/lab13.1/lib/python3.9/site-packages/airflow/example_dags/example_sensors.py
[2024-12-07T04:14:23.862-0300] {processor.py:925} INFO - DAG(s) 'example_sensors' retrieved from /home/crisu/miniconda3/envs/lab13.1/lib/python3.9/site-packages/airflow/example_dags/example_sensors.py
[2024-12-07T04:14:23.883-0300] {logging_mixin.py:190} INFO - [2024-12-07T04:14:23.883-0300] {dag.py:3239} INFO - Sync 1 DAGs
[2024-12-07T04:14:23.894-0300] {logging_mixin.py:190} INFO - [2024-12-07T04:14:23.893-0300] {dag.py:4180} INFO - Setting next_dagrun for example_sensors to None, run_after=None
[2024-12-07T04:14:23.962-0300] {processor.py:208} INFO - Processing /home/crisu/miniconda3/envs/lab13.1/lib/python3.9/site-packages/airflow/example_dags/example_sensors.py took 0.128 seconds
[2024-12-07T04:15:40.996-0300] {processor.py:186} INFO - Started process (PID=50041) to work on /home/crisu/miniconda3/envs/lab13.1/lib/python3.9/site-packages/airflow/example_dags/example_sensors.py
[2024-12-07T04:15:41.007-0300] {processor.py:914} INFO - Processing file /home/crisu/miniconda3/envs/lab13.1/lib/python3.9/site-packages/airflow/example_dags/example_sensors.py for tasks to queue
[2024-12-07T04:15:41.008-0300] {logging_mixin.py:190} INFO - [2024-12-07T04:15:41.008-0300] {dagbag.py:588} INFO - Filling up the DagBag from /home/crisu/miniconda3/envs/lab13.1/lib/python3.9/site-packages/airflow/example_dags/example_sensors.py
[2024-12-07T04:15:41.019-0300] {processor.py:925} INFO - DAG(s) 'example_sensors' retrieved from /home/crisu/miniconda3/envs/lab13.1/lib/python3.9/site-packages/airflow/example_dags/example_sensors.py
[2024-12-07T04:15:41.042-0300] {logging_mixin.py:190} INFO - [2024-12-07T04:15:41.041-0300] {dag.py:3239} INFO - Sync 1 DAGs
[2024-12-07T04:15:41.052-0300] {logging_mixin.py:190} INFO - [2024-12-07T04:15:41.052-0300] {dag.py:4180} INFO - Setting next_dagrun for example_sensors to None, run_after=None
[2024-12-07T04:15:41.113-0300] {processor.py:208} INFO - Processing /home/crisu/miniconda3/envs/lab13.1/lib/python3.9/site-packages/airflow/example_dags/example_sensors.py took 0.123 seconds
