[2024-12-07T01:48:40.964-0300] {processor.py:186} INFO - Started process (PID=33562) to work on /home/crisu/miniconda3/envs/lab13.1/lib/python3.9/site-packages/airflow/example_dags/example_trigger_controller_dag.py
[2024-12-07T01:48:40.965-0300] {processor.py:914} INFO - Processing file /home/crisu/miniconda3/envs/lab13.1/lib/python3.9/site-packages/airflow/example_dags/example_trigger_controller_dag.py for tasks to queue
[2024-12-07T01:48:40.967-0300] {logging_mixin.py:190} INFO - [2024-12-07T01:48:40.966-0300] {dagbag.py:588} INFO - Filling up the DagBag from /home/crisu/miniconda3/envs/lab13.1/lib/python3.9/site-packages/airflow/example_dags/example_trigger_controller_dag.py
[2024-12-07T01:48:40.972-0300] {processor.py:925} INFO - DAG(s) 'example_trigger_controller_dag' retrieved from /home/crisu/miniconda3/envs/lab13.1/lib/python3.9/site-packages/airflow/example_dags/example_trigger_controller_dag.py
[2024-12-07T01:48:43.889-0300] {logging_mixin.py:190} INFO - [2024-12-07T01:48:43.888-0300] {override.py:1911} INFO - Created Permission View: can delete on DAG:example_trigger_controller_dag
[2024-12-07T01:48:44.631-0300] {logging_mixin.py:190} INFO - [2024-12-07T01:48:44.630-0300] {override.py:1911} INFO - Created Permission View: can edit on DAG:example_trigger_controller_dag
[2024-12-07T01:48:45.780-0300] {logging_mixin.py:190} INFO - [2024-12-07T01:48:45.780-0300] {override.py:1911} INFO - Created Permission View: can read on DAG:example_trigger_controller_dag
[2024-12-07T01:48:48.477-0300] {logging_mixin.py:190} INFO - [2024-12-07T01:48:48.477-0300] {override.py:1911} INFO - Created Permission View: can delete on DAG Run:example_trigger_controller_dag
[2024-12-07T01:48:49.524-0300] {logging_mixin.py:190} INFO - [2024-12-07T01:48:49.524-0300] {override.py:1911} INFO - Created Permission View: can create on DAG Run:example_trigger_controller_dag
[2024-12-07T01:48:50.227-0300] {logging_mixin.py:190} INFO - [2024-12-07T01:48:50.227-0300] {override.py:1911} INFO - Created Permission View: menu access on DAG Run:example_trigger_controller_dag
[2024-12-07T01:48:50.892-0300] {logging_mixin.py:190} INFO - [2024-12-07T01:48:50.892-0300] {override.py:1911} INFO - Created Permission View: can read on DAG Run:example_trigger_controller_dag
[2024-12-07T01:48:50.892-0300] {logging_mixin.py:190} INFO - [2024-12-07T01:48:50.892-0300] {dag.py:3239} INFO - Sync 1 DAGs
[2024-12-07T01:48:50.903-0300] {logging_mixin.py:190} INFO - [2024-12-07T01:48:50.903-0300] {dag.py:3262} INFO - Creating ORM DAG for example_trigger_controller_dag
[2024-12-07T01:48:50.910-0300] {logging_mixin.py:190} INFO - [2024-12-07T01:48:50.910-0300] {dag.py:4180} INFO - Setting next_dagrun for example_trigger_controller_dag to 2021-01-01 00:00:00+00:00, run_after=2021-01-01 00:00:00+00:00
[2024-12-07T01:48:52.233-0300] {processor.py:208} INFO - Processing /home/crisu/miniconda3/envs/lab13.1/lib/python3.9/site-packages/airflow/example_dags/example_trigger_controller_dag.py took 11.274 seconds
[2024-12-07T01:50:41.338-0300] {processor.py:186} INFO - Started process (PID=33791) to work on /home/crisu/miniconda3/envs/lab13.1/lib/python3.9/site-packages/airflow/example_dags/example_trigger_controller_dag.py
[2024-12-07T01:50:41.345-0300] {processor.py:914} INFO - Processing file /home/crisu/miniconda3/envs/lab13.1/lib/python3.9/site-packages/airflow/example_dags/example_trigger_controller_dag.py for tasks to queue
[2024-12-07T01:50:41.347-0300] {logging_mixin.py:190} INFO - [2024-12-07T01:50:41.347-0300] {dagbag.py:588} INFO - Filling up the DagBag from /home/crisu/miniconda3/envs/lab13.1/lib/python3.9/site-packages/airflow/example_dags/example_trigger_controller_dag.py
[2024-12-07T01:50:41.353-0300] {processor.py:925} INFO - DAG(s) 'example_trigger_controller_dag' retrieved from /home/crisu/miniconda3/envs/lab13.1/lib/python3.9/site-packages/airflow/example_dags/example_trigger_controller_dag.py
[2024-12-07T01:50:41.368-0300] {logging_mixin.py:190} INFO - [2024-12-07T01:50:41.368-0300] {dag.py:3239} INFO - Sync 1 DAGs
[2024-12-07T01:50:41.386-0300] {logging_mixin.py:190} INFO - [2024-12-07T01:50:41.386-0300] {dag.py:4180} INFO - Setting next_dagrun for example_trigger_controller_dag to 2021-01-01 00:00:00+00:00, run_after=2021-01-01 00:00:00+00:00
[2024-12-07T01:50:41.441-0300] {processor.py:208} INFO - Processing /home/crisu/miniconda3/envs/lab13.1/lib/python3.9/site-packages/airflow/example_dags/example_trigger_controller_dag.py took 0.108 seconds
[2024-12-07T01:51:02.438-0300] {processor.py:186} INFO - Started process (PID=33838) to work on /home/crisu/miniconda3/envs/lab13.1/lib/python3.9/site-packages/airflow/example_dags/example_trigger_controller_dag.py
[2024-12-07T01:51:02.443-0300] {processor.py:914} INFO - Processing file /home/crisu/miniconda3/envs/lab13.1/lib/python3.9/site-packages/airflow/example_dags/example_trigger_controller_dag.py for tasks to queue
[2024-12-07T01:51:02.445-0300] {logging_mixin.py:190} INFO - [2024-12-07T01:51:02.444-0300] {dagbag.py:588} INFO - Filling up the DagBag from /home/crisu/miniconda3/envs/lab13.1/lib/python3.9/site-packages/airflow/example_dags/example_trigger_controller_dag.py
[2024-12-07T01:51:02.450-0300] {processor.py:925} INFO - DAG(s) 'example_trigger_controller_dag' retrieved from /home/crisu/miniconda3/envs/lab13.1/lib/python3.9/site-packages/airflow/example_dags/example_trigger_controller_dag.py
[2024-12-07T01:51:02.464-0300] {logging_mixin.py:190} INFO - [2024-12-07T01:51:02.464-0300] {dag.py:3239} INFO - Sync 1 DAGs
[2024-12-07T01:51:02.481-0300] {logging_mixin.py:190} INFO - [2024-12-07T01:51:02.481-0300] {dag.py:4180} INFO - Setting next_dagrun for example_trigger_controller_dag to 2021-01-01 00:00:00+00:00, run_after=2021-01-01 00:00:00+00:00
[2024-12-07T01:51:02.542-0300] {processor.py:208} INFO - Processing /home/crisu/miniconda3/envs/lab13.1/lib/python3.9/site-packages/airflow/example_dags/example_trigger_controller_dag.py took 0.110 seconds
[2024-12-07T02:07:36.680-0300] {processor.py:186} INFO - Started process (PID=35335) to work on /home/crisu/miniconda3/envs/lab13.1/lib/python3.9/site-packages/airflow/example_dags/example_trigger_controller_dag.py
[2024-12-07T02:07:36.681-0300] {processor.py:914} INFO - Processing file /home/crisu/miniconda3/envs/lab13.1/lib/python3.9/site-packages/airflow/example_dags/example_trigger_controller_dag.py for tasks to queue
[2024-12-07T02:07:36.683-0300] {logging_mixin.py:190} INFO - [2024-12-07T02:07:36.683-0300] {dagbag.py:588} INFO - Filling up the DagBag from /home/crisu/miniconda3/envs/lab13.1/lib/python3.9/site-packages/airflow/example_dags/example_trigger_controller_dag.py
[2024-12-07T02:07:36.688-0300] {processor.py:925} INFO - DAG(s) 'example_trigger_controller_dag' retrieved from /home/crisu/miniconda3/envs/lab13.1/lib/python3.9/site-packages/airflow/example_dags/example_trigger_controller_dag.py
[2024-12-07T02:07:36.702-0300] {logging_mixin.py:190} INFO - [2024-12-07T02:07:36.702-0300] {dag.py:3239} INFO - Sync 1 DAGs
[2024-12-07T02:07:36.718-0300] {logging_mixin.py:190} INFO - [2024-12-07T02:07:36.718-0300] {dag.py:4180} INFO - Setting next_dagrun for example_trigger_controller_dag to 2021-01-01 00:00:00+00:00, run_after=2021-01-01 00:00:00+00:00
[2024-12-07T02:07:36.780-0300] {processor.py:208} INFO - Processing /home/crisu/miniconda3/envs/lab13.1/lib/python3.9/site-packages/airflow/example_dags/example_trigger_controller_dag.py took 0.105 seconds
[2024-12-07T02:10:56.548-0300] {processor.py:186} INFO - Started process (PID=35829) to work on /home/crisu/miniconda3/envs/lab13.1/lib/python3.9/site-packages/airflow/example_dags/example_trigger_controller_dag.py
[2024-12-07T02:10:56.550-0300] {processor.py:914} INFO - Processing file /home/crisu/miniconda3/envs/lab13.1/lib/python3.9/site-packages/airflow/example_dags/example_trigger_controller_dag.py for tasks to queue
[2024-12-07T02:10:56.553-0300] {logging_mixin.py:190} INFO - [2024-12-07T02:10:56.552-0300] {dagbag.py:588} INFO - Filling up the DagBag from /home/crisu/miniconda3/envs/lab13.1/lib/python3.9/site-packages/airflow/example_dags/example_trigger_controller_dag.py
[2024-12-07T02:10:56.561-0300] {processor.py:925} INFO - DAG(s) 'example_trigger_controller_dag' retrieved from /home/crisu/miniconda3/envs/lab13.1/lib/python3.9/site-packages/airflow/example_dags/example_trigger_controller_dag.py
[2024-12-07T02:10:56.628-0300] {logging_mixin.py:190} INFO - [2024-12-07T02:10:56.628-0300] {dag.py:3239} INFO - Sync 1 DAGs
[2024-12-07T02:10:56.653-0300] {logging_mixin.py:190} INFO - [2024-12-07T02:10:56.652-0300] {dag.py:4180} INFO - Setting next_dagrun for example_trigger_controller_dag to 2021-01-01 00:00:00+00:00, run_after=2021-01-01 00:00:00+00:00
[2024-12-07T02:10:56.710-0300] {processor.py:208} INFO - Processing /home/crisu/miniconda3/envs/lab13.1/lib/python3.9/site-packages/airflow/example_dags/example_trigger_controller_dag.py took 0.173 seconds
[2024-12-07T02:12:34.929-0300] {processor.py:186} INFO - Started process (PID=36002) to work on /home/crisu/miniconda3/envs/lab13.1/lib/python3.9/site-packages/airflow/example_dags/example_trigger_controller_dag.py
[2024-12-07T02:12:34.940-0300] {processor.py:914} INFO - Processing file /home/crisu/miniconda3/envs/lab13.1/lib/python3.9/site-packages/airflow/example_dags/example_trigger_controller_dag.py for tasks to queue
[2024-12-07T02:12:34.942-0300] {logging_mixin.py:190} INFO - [2024-12-07T02:12:34.941-0300] {dagbag.py:588} INFO - Filling up the DagBag from /home/crisu/miniconda3/envs/lab13.1/lib/python3.9/site-packages/airflow/example_dags/example_trigger_controller_dag.py
[2024-12-07T02:12:34.947-0300] {processor.py:925} INFO - DAG(s) 'example_trigger_controller_dag' retrieved from /home/crisu/miniconda3/envs/lab13.1/lib/python3.9/site-packages/airflow/example_dags/example_trigger_controller_dag.py
[2024-12-07T02:12:34.960-0300] {logging_mixin.py:190} INFO - [2024-12-07T02:12:34.960-0300] {dag.py:3239} INFO - Sync 1 DAGs
[2024-12-07T02:12:34.978-0300] {logging_mixin.py:190} INFO - [2024-12-07T02:12:34.978-0300] {dag.py:4180} INFO - Setting next_dagrun for example_trigger_controller_dag to 2021-01-01 00:00:00+00:00, run_after=2021-01-01 00:00:00+00:00
[2024-12-07T02:12:35.041-0300] {processor.py:208} INFO - Processing /home/crisu/miniconda3/envs/lab13.1/lib/python3.9/site-packages/airflow/example_dags/example_trigger_controller_dag.py took 0.119 seconds
[2024-12-07T02:15:04.308-0300] {processor.py:186} INFO - Started process (PID=36332) to work on /home/crisu/miniconda3/envs/lab13.1/lib/python3.9/site-packages/airflow/example_dags/example_trigger_controller_dag.py
[2024-12-07T02:15:04.309-0300] {processor.py:914} INFO - Processing file /home/crisu/miniconda3/envs/lab13.1/lib/python3.9/site-packages/airflow/example_dags/example_trigger_controller_dag.py for tasks to queue
[2024-12-07T02:15:04.311-0300] {logging_mixin.py:190} INFO - [2024-12-07T02:15:04.311-0300] {dagbag.py:588} INFO - Filling up the DagBag from /home/crisu/miniconda3/envs/lab13.1/lib/python3.9/site-packages/airflow/example_dags/example_trigger_controller_dag.py
[2024-12-07T02:15:04.317-0300] {processor.py:925} INFO - DAG(s) 'example_trigger_controller_dag' retrieved from /home/crisu/miniconda3/envs/lab13.1/lib/python3.9/site-packages/airflow/example_dags/example_trigger_controller_dag.py
[2024-12-07T02:15:04.332-0300] {logging_mixin.py:190} INFO - [2024-12-07T02:15:04.332-0300] {dag.py:3239} INFO - Sync 1 DAGs
[2024-12-07T02:15:04.351-0300] {logging_mixin.py:190} INFO - [2024-12-07T02:15:04.351-0300] {dag.py:4180} INFO - Setting next_dagrun for example_trigger_controller_dag to 2021-01-01 00:00:00+00:00, run_after=2021-01-01 00:00:00+00:00
[2024-12-07T02:15:05.481-0300] {processor.py:208} INFO - Processing /home/crisu/miniconda3/envs/lab13.1/lib/python3.9/site-packages/airflow/example_dags/example_trigger_controller_dag.py took 1.183 seconds
[2024-12-07T02:16:10.426-0300] {processor.py:186} INFO - Started process (PID=36454) to work on /home/crisu/miniconda3/envs/lab13.1/lib/python3.9/site-packages/airflow/example_dags/example_trigger_controller_dag.py
[2024-12-07T02:16:10.432-0300] {processor.py:914} INFO - Processing file /home/crisu/miniconda3/envs/lab13.1/lib/python3.9/site-packages/airflow/example_dags/example_trigger_controller_dag.py for tasks to queue
[2024-12-07T02:16:10.433-0300] {logging_mixin.py:190} INFO - [2024-12-07T02:16:10.433-0300] {dagbag.py:588} INFO - Filling up the DagBag from /home/crisu/miniconda3/envs/lab13.1/lib/python3.9/site-packages/airflow/example_dags/example_trigger_controller_dag.py
[2024-12-07T02:16:10.439-0300] {processor.py:925} INFO - DAG(s) 'example_trigger_controller_dag' retrieved from /home/crisu/miniconda3/envs/lab13.1/lib/python3.9/site-packages/airflow/example_dags/example_trigger_controller_dag.py
[2024-12-07T02:16:10.452-0300] {logging_mixin.py:190} INFO - [2024-12-07T02:16:10.452-0300] {dag.py:3239} INFO - Sync 1 DAGs
[2024-12-07T02:16:10.471-0300] {logging_mixin.py:190} INFO - [2024-12-07T02:16:10.471-0300] {dag.py:4180} INFO - Setting next_dagrun for example_trigger_controller_dag to 2021-01-01 00:00:00+00:00, run_after=2021-01-01 00:00:00+00:00
[2024-12-07T02:16:10.536-0300] {processor.py:208} INFO - Processing /home/crisu/miniconda3/envs/lab13.1/lib/python3.9/site-packages/airflow/example_dags/example_trigger_controller_dag.py took 0.117 seconds
[2024-12-07T02:16:59.370-0300] {processor.py:186} INFO - Started process (PID=36519) to work on /home/crisu/miniconda3/envs/lab13.1/lib/python3.9/site-packages/airflow/example_dags/example_trigger_controller_dag.py
[2024-12-07T02:16:59.427-0300] {processor.py:914} INFO - Processing file /home/crisu/miniconda3/envs/lab13.1/lib/python3.9/site-packages/airflow/example_dags/example_trigger_controller_dag.py for tasks to queue
[2024-12-07T02:16:59.428-0300] {logging_mixin.py:190} INFO - [2024-12-07T02:16:59.428-0300] {dagbag.py:588} INFO - Filling up the DagBag from /home/crisu/miniconda3/envs/lab13.1/lib/python3.9/site-packages/airflow/example_dags/example_trigger_controller_dag.py
[2024-12-07T02:16:59.435-0300] {processor.py:925} INFO - DAG(s) 'example_trigger_controller_dag' retrieved from /home/crisu/miniconda3/envs/lab13.1/lib/python3.9/site-packages/airflow/example_dags/example_trigger_controller_dag.py
[2024-12-07T02:16:59.447-0300] {logging_mixin.py:190} INFO - [2024-12-07T02:16:59.447-0300] {dag.py:3239} INFO - Sync 1 DAGs
[2024-12-07T02:16:59.463-0300] {logging_mixin.py:190} INFO - [2024-12-07T02:16:59.463-0300] {dag.py:4180} INFO - Setting next_dagrun for example_trigger_controller_dag to 2021-01-01 00:00:00+00:00, run_after=2021-01-01 00:00:00+00:00
[2024-12-07T02:16:59.527-0300] {processor.py:208} INFO - Processing /home/crisu/miniconda3/envs/lab13.1/lib/python3.9/site-packages/airflow/example_dags/example_trigger_controller_dag.py took 0.164 seconds
[2024-12-07T02:18:28.689-0300] {processor.py:186} INFO - Started process (PID=36666) to work on /home/crisu/miniconda3/envs/lab13.1/lib/python3.9/site-packages/airflow/example_dags/example_trigger_controller_dag.py
[2024-12-07T02:18:28.739-0300] {processor.py:914} INFO - Processing file /home/crisu/miniconda3/envs/lab13.1/lib/python3.9/site-packages/airflow/example_dags/example_trigger_controller_dag.py for tasks to queue
[2024-12-07T02:18:28.741-0300] {logging_mixin.py:190} INFO - [2024-12-07T02:18:28.741-0300] {dagbag.py:588} INFO - Filling up the DagBag from /home/crisu/miniconda3/envs/lab13.1/lib/python3.9/site-packages/airflow/example_dags/example_trigger_controller_dag.py
[2024-12-07T02:18:28.747-0300] {processor.py:925} INFO - DAG(s) 'example_trigger_controller_dag' retrieved from /home/crisu/miniconda3/envs/lab13.1/lib/python3.9/site-packages/airflow/example_dags/example_trigger_controller_dag.py
[2024-12-07T02:18:28.759-0300] {logging_mixin.py:190} INFO - [2024-12-07T02:18:28.759-0300] {dag.py:3239} INFO - Sync 1 DAGs
[2024-12-07T02:18:28.775-0300] {logging_mixin.py:190} INFO - [2024-12-07T02:18:28.775-0300] {dag.py:4180} INFO - Setting next_dagrun for example_trigger_controller_dag to 2021-01-01 00:00:00+00:00, run_after=2021-01-01 00:00:00+00:00
[2024-12-07T02:18:28.841-0300] {processor.py:208} INFO - Processing /home/crisu/miniconda3/envs/lab13.1/lib/python3.9/site-packages/airflow/example_dags/example_trigger_controller_dag.py took 0.159 seconds
[2024-12-07T02:30:51.695-0300] {processor.py:186} INFO - Started process (PID=37907) to work on /home/crisu/miniconda3/envs/lab13.1/lib/python3.9/site-packages/airflow/example_dags/example_trigger_controller_dag.py
[2024-12-07T02:30:51.705-0300] {processor.py:914} INFO - Processing file /home/crisu/miniconda3/envs/lab13.1/lib/python3.9/site-packages/airflow/example_dags/example_trigger_controller_dag.py for tasks to queue
[2024-12-07T02:30:51.708-0300] {logging_mixin.py:190} INFO - [2024-12-07T02:30:51.707-0300] {dagbag.py:588} INFO - Filling up the DagBag from /home/crisu/miniconda3/envs/lab13.1/lib/python3.9/site-packages/airflow/example_dags/example_trigger_controller_dag.py
[2024-12-07T02:30:51.713-0300] {processor.py:925} INFO - DAG(s) 'example_trigger_controller_dag' retrieved from /home/crisu/miniconda3/envs/lab13.1/lib/python3.9/site-packages/airflow/example_dags/example_trigger_controller_dag.py
[2024-12-07T02:30:51.732-0300] {logging_mixin.py:190} INFO - [2024-12-07T02:30:51.732-0300] {dag.py:3239} INFO - Sync 1 DAGs
[2024-12-07T02:30:51.751-0300] {logging_mixin.py:190} INFO - [2024-12-07T02:30:51.751-0300] {dag.py:4180} INFO - Setting next_dagrun for example_trigger_controller_dag to 2021-01-01 00:00:00+00:00, run_after=2021-01-01 00:00:00+00:00
[2024-12-07T02:30:51.816-0300] {processor.py:208} INFO - Processing /home/crisu/miniconda3/envs/lab13.1/lib/python3.9/site-packages/airflow/example_dags/example_trigger_controller_dag.py took 0.127 seconds
[2024-12-07T02:33:29.270-0300] {processor.py:186} INFO - Started process (PID=38159) to work on /home/crisu/miniconda3/envs/lab13.1/lib/python3.9/site-packages/airflow/example_dags/example_trigger_controller_dag.py
[2024-12-07T02:33:29.296-0300] {processor.py:914} INFO - Processing file /home/crisu/miniconda3/envs/lab13.1/lib/python3.9/site-packages/airflow/example_dags/example_trigger_controller_dag.py for tasks to queue
[2024-12-07T02:33:29.298-0300] {logging_mixin.py:190} INFO - [2024-12-07T02:33:29.298-0300] {dagbag.py:588} INFO - Filling up the DagBag from /home/crisu/miniconda3/envs/lab13.1/lib/python3.9/site-packages/airflow/example_dags/example_trigger_controller_dag.py
[2024-12-07T02:33:29.304-0300] {processor.py:925} INFO - DAG(s) 'example_trigger_controller_dag' retrieved from /home/crisu/miniconda3/envs/lab13.1/lib/python3.9/site-packages/airflow/example_dags/example_trigger_controller_dag.py
[2024-12-07T02:33:29.398-0300] {logging_mixin.py:190} INFO - [2024-12-07T02:33:29.398-0300] {dag.py:3239} INFO - Sync 1 DAGs
[2024-12-07T02:33:29.416-0300] {logging_mixin.py:190} INFO - [2024-12-07T02:33:29.416-0300] {dag.py:4180} INFO - Setting next_dagrun for example_trigger_controller_dag to 2021-01-01 00:00:00+00:00, run_after=2021-01-01 00:00:00+00:00
[2024-12-07T02:33:29.477-0300] {processor.py:208} INFO - Processing /home/crisu/miniconda3/envs/lab13.1/lib/python3.9/site-packages/airflow/example_dags/example_trigger_controller_dag.py took 0.212 seconds
[2024-12-07T02:35:16.770-0300] {processor.py:186} INFO - Started process (PID=38366) to work on /home/crisu/miniconda3/envs/lab13.1/lib/python3.9/site-packages/airflow/example_dags/example_trigger_controller_dag.py
[2024-12-07T02:35:16.797-0300] {processor.py:914} INFO - Processing file /home/crisu/miniconda3/envs/lab13.1/lib/python3.9/site-packages/airflow/example_dags/example_trigger_controller_dag.py for tasks to queue
[2024-12-07T02:35:16.799-0300] {logging_mixin.py:190} INFO - [2024-12-07T02:35:16.799-0300] {dagbag.py:588} INFO - Filling up the DagBag from /home/crisu/miniconda3/envs/lab13.1/lib/python3.9/site-packages/airflow/example_dags/example_trigger_controller_dag.py
[2024-12-07T02:35:16.805-0300] {processor.py:925} INFO - DAG(s) 'example_trigger_controller_dag' retrieved from /home/crisu/miniconda3/envs/lab13.1/lib/python3.9/site-packages/airflow/example_dags/example_trigger_controller_dag.py
[2024-12-07T02:35:16.817-0300] {logging_mixin.py:190} INFO - [2024-12-07T02:35:16.817-0300] {dag.py:3239} INFO - Sync 1 DAGs
[2024-12-07T02:35:16.834-0300] {logging_mixin.py:190} INFO - [2024-12-07T02:35:16.833-0300] {dag.py:4180} INFO - Setting next_dagrun for example_trigger_controller_dag to 2021-01-01 00:00:00+00:00, run_after=2021-01-01 00:00:00+00:00
[2024-12-07T02:35:17.542-0300] {processor.py:208} INFO - Processing /home/crisu/miniconda3/envs/lab13.1/lib/python3.9/site-packages/airflow/example_dags/example_trigger_controller_dag.py took 0.777 seconds
[2024-12-07T02:37:00.087-0300] {processor.py:186} INFO - Started process (PID=38610) to work on /home/crisu/miniconda3/envs/lab13.1/lib/python3.9/site-packages/airflow/example_dags/example_trigger_controller_dag.py
[2024-12-07T02:37:00.095-0300] {processor.py:914} INFO - Processing file /home/crisu/miniconda3/envs/lab13.1/lib/python3.9/site-packages/airflow/example_dags/example_trigger_controller_dag.py for tasks to queue
[2024-12-07T02:37:00.098-0300] {logging_mixin.py:190} INFO - [2024-12-07T02:37:00.097-0300] {dagbag.py:588} INFO - Filling up the DagBag from /home/crisu/miniconda3/envs/lab13.1/lib/python3.9/site-packages/airflow/example_dags/example_trigger_controller_dag.py
[2024-12-07T02:37:00.104-0300] {processor.py:925} INFO - DAG(s) 'example_trigger_controller_dag' retrieved from /home/crisu/miniconda3/envs/lab13.1/lib/python3.9/site-packages/airflow/example_dags/example_trigger_controller_dag.py
[2024-12-07T02:37:00.118-0300] {logging_mixin.py:190} INFO - [2024-12-07T02:37:00.118-0300] {dag.py:3239} INFO - Sync 1 DAGs
[2024-12-07T02:37:00.138-0300] {logging_mixin.py:190} INFO - [2024-12-07T02:37:00.137-0300] {dag.py:4180} INFO - Setting next_dagrun for example_trigger_controller_dag to 2021-01-01 00:00:00+00:00, run_after=2021-01-01 00:00:00+00:00
[2024-12-07T02:37:00.219-0300] {processor.py:208} INFO - Processing /home/crisu/miniconda3/envs/lab13.1/lib/python3.9/site-packages/airflow/example_dags/example_trigger_controller_dag.py took 0.137 seconds
[2024-12-07T02:38:38.455-0300] {processor.py:186} INFO - Started process (PID=38743) to work on /home/crisu/miniconda3/envs/lab13.1/lib/python3.9/site-packages/airflow/example_dags/example_trigger_controller_dag.py
[2024-12-07T02:38:38.477-0300] {processor.py:914} INFO - Processing file /home/crisu/miniconda3/envs/lab13.1/lib/python3.9/site-packages/airflow/example_dags/example_trigger_controller_dag.py for tasks to queue
[2024-12-07T02:38:38.480-0300] {logging_mixin.py:190} INFO - [2024-12-07T02:38:38.479-0300] {dagbag.py:588} INFO - Filling up the DagBag from /home/crisu/miniconda3/envs/lab13.1/lib/python3.9/site-packages/airflow/example_dags/example_trigger_controller_dag.py
[2024-12-07T02:38:38.486-0300] {processor.py:925} INFO - DAG(s) 'example_trigger_controller_dag' retrieved from /home/crisu/miniconda3/envs/lab13.1/lib/python3.9/site-packages/airflow/example_dags/example_trigger_controller_dag.py
[2024-12-07T02:38:38.502-0300] {logging_mixin.py:190} INFO - [2024-12-07T02:38:38.502-0300] {dag.py:3239} INFO - Sync 1 DAGs
[2024-12-07T02:38:38.526-0300] {logging_mixin.py:190} INFO - [2024-12-07T02:38:38.525-0300] {dag.py:4180} INFO - Setting next_dagrun for example_trigger_controller_dag to 2021-01-01 00:00:00+00:00, run_after=2021-01-01 00:00:00+00:00
[2024-12-07T02:38:39.462-0300] {processor.py:208} INFO - Processing /home/crisu/miniconda3/envs/lab13.1/lib/python3.9/site-packages/airflow/example_dags/example_trigger_controller_dag.py took 1.013 seconds
[2024-12-07T02:40:16.457-0300] {processor.py:186} INFO - Started process (PID=38859) to work on /home/crisu/miniconda3/envs/lab13.1/lib/python3.9/site-packages/airflow/example_dags/example_trigger_controller_dag.py
[2024-12-07T02:40:16.475-0300] {processor.py:914} INFO - Processing file /home/crisu/miniconda3/envs/lab13.1/lib/python3.9/site-packages/airflow/example_dags/example_trigger_controller_dag.py for tasks to queue
[2024-12-07T02:40:16.477-0300] {logging_mixin.py:190} INFO - [2024-12-07T02:40:16.477-0300] {dagbag.py:588} INFO - Filling up the DagBag from /home/crisu/miniconda3/envs/lab13.1/lib/python3.9/site-packages/airflow/example_dags/example_trigger_controller_dag.py
[2024-12-07T02:40:16.483-0300] {processor.py:925} INFO - DAG(s) 'example_trigger_controller_dag' retrieved from /home/crisu/miniconda3/envs/lab13.1/lib/python3.9/site-packages/airflow/example_dags/example_trigger_controller_dag.py
[2024-12-07T02:40:16.496-0300] {logging_mixin.py:190} INFO - [2024-12-07T02:40:16.495-0300] {dag.py:3239} INFO - Sync 1 DAGs
[2024-12-07T02:40:16.513-0300] {logging_mixin.py:190} INFO - [2024-12-07T02:40:16.512-0300] {dag.py:4180} INFO - Setting next_dagrun for example_trigger_controller_dag to 2021-01-01 00:00:00+00:00, run_after=2021-01-01 00:00:00+00:00
[2024-12-07T02:40:16.678-0300] {processor.py:208} INFO - Processing /home/crisu/miniconda3/envs/lab13.1/lib/python3.9/site-packages/airflow/example_dags/example_trigger_controller_dag.py took 0.225 seconds
[2024-12-07T02:41:09.178-0300] {processor.py:186} INFO - Started process (PID=38960) to work on /home/crisu/miniconda3/envs/lab13.1/lib/python3.9/site-packages/airflow/example_dags/example_trigger_controller_dag.py
[2024-12-07T02:41:09.180-0300] {processor.py:914} INFO - Processing file /home/crisu/miniconda3/envs/lab13.1/lib/python3.9/site-packages/airflow/example_dags/example_trigger_controller_dag.py for tasks to queue
[2024-12-07T02:41:09.182-0300] {logging_mixin.py:190} INFO - [2024-12-07T02:41:09.182-0300] {dagbag.py:588} INFO - Filling up the DagBag from /home/crisu/miniconda3/envs/lab13.1/lib/python3.9/site-packages/airflow/example_dags/example_trigger_controller_dag.py
[2024-12-07T02:41:09.188-0300] {processor.py:925} INFO - DAG(s) 'example_trigger_controller_dag' retrieved from /home/crisu/miniconda3/envs/lab13.1/lib/python3.9/site-packages/airflow/example_dags/example_trigger_controller_dag.py
[2024-12-07T02:41:09.203-0300] {logging_mixin.py:190} INFO - [2024-12-07T02:41:09.203-0300] {dag.py:3239} INFO - Sync 1 DAGs
[2024-12-07T02:41:09.221-0300] {logging_mixin.py:190} INFO - [2024-12-07T02:41:09.220-0300] {dag.py:4180} INFO - Setting next_dagrun for example_trigger_controller_dag to 2021-01-01 00:00:00+00:00, run_after=2021-01-01 00:00:00+00:00
[2024-12-07T02:41:09.291-0300] {processor.py:208} INFO - Processing /home/crisu/miniconda3/envs/lab13.1/lib/python3.9/site-packages/airflow/example_dags/example_trigger_controller_dag.py took 0.118 seconds
[2024-12-07T02:42:23.099-0300] {processor.py:186} INFO - Started process (PID=39101) to work on /home/crisu/miniconda3/envs/lab13.1/lib/python3.9/site-packages/airflow/example_dags/example_trigger_controller_dag.py
[2024-12-07T02:42:23.114-0300] {processor.py:914} INFO - Processing file /home/crisu/miniconda3/envs/lab13.1/lib/python3.9/site-packages/airflow/example_dags/example_trigger_controller_dag.py for tasks to queue
[2024-12-07T02:42:23.116-0300] {logging_mixin.py:190} INFO - [2024-12-07T02:42:23.115-0300] {dagbag.py:588} INFO - Filling up the DagBag from /home/crisu/miniconda3/envs/lab13.1/lib/python3.9/site-packages/airflow/example_dags/example_trigger_controller_dag.py
[2024-12-07T02:42:23.123-0300] {processor.py:925} INFO - DAG(s) 'example_trigger_controller_dag' retrieved from /home/crisu/miniconda3/envs/lab13.1/lib/python3.9/site-packages/airflow/example_dags/example_trigger_controller_dag.py
[2024-12-07T02:42:23.142-0300] {logging_mixin.py:190} INFO - [2024-12-07T02:42:23.142-0300] {dag.py:3239} INFO - Sync 1 DAGs
[2024-12-07T02:42:23.163-0300] {logging_mixin.py:190} INFO - [2024-12-07T02:42:23.163-0300] {dag.py:4180} INFO - Setting next_dagrun for example_trigger_controller_dag to 2021-01-01 00:00:00+00:00, run_after=2021-01-01 00:00:00+00:00
[2024-12-07T02:42:23.245-0300] {processor.py:208} INFO - Processing /home/crisu/miniconda3/envs/lab13.1/lib/python3.9/site-packages/airflow/example_dags/example_trigger_controller_dag.py took 0.155 seconds
[2024-12-07T02:44:37.561-0300] {processor.py:186} INFO - Started process (PID=39690) to work on /home/crisu/miniconda3/envs/lab13.1/lib/python3.9/site-packages/airflow/example_dags/example_trigger_controller_dag.py
[2024-12-07T02:44:37.563-0300] {processor.py:914} INFO - Processing file /home/crisu/miniconda3/envs/lab13.1/lib/python3.9/site-packages/airflow/example_dags/example_trigger_controller_dag.py for tasks to queue
[2024-12-07T02:44:37.565-0300] {logging_mixin.py:190} INFO - [2024-12-07T02:44:37.564-0300] {dagbag.py:588} INFO - Filling up the DagBag from /home/crisu/miniconda3/envs/lab13.1/lib/python3.9/site-packages/airflow/example_dags/example_trigger_controller_dag.py
[2024-12-07T02:44:37.570-0300] {processor.py:925} INFO - DAG(s) 'example_trigger_controller_dag' retrieved from /home/crisu/miniconda3/envs/lab13.1/lib/python3.9/site-packages/airflow/example_dags/example_trigger_controller_dag.py
[2024-12-07T02:44:37.586-0300] {logging_mixin.py:190} INFO - [2024-12-07T02:44:37.585-0300] {dag.py:3239} INFO - Sync 1 DAGs
[2024-12-07T02:44:37.602-0300] {logging_mixin.py:190} INFO - [2024-12-07T02:44:37.602-0300] {dag.py:4180} INFO - Setting next_dagrun for example_trigger_controller_dag to 2021-01-01 00:00:00+00:00, run_after=2021-01-01 00:00:00+00:00
[2024-12-07T02:44:37.658-0300] {processor.py:208} INFO - Processing /home/crisu/miniconda3/envs/lab13.1/lib/python3.9/site-packages/airflow/example_dags/example_trigger_controller_dag.py took 0.101 seconds
[2024-12-07T02:46:17.873-0300] {processor.py:186} INFO - Started process (PID=39985) to work on /home/crisu/miniconda3/envs/lab13.1/lib/python3.9/site-packages/airflow/example_dags/example_trigger_controller_dag.py
[2024-12-07T02:46:17.875-0300] {processor.py:914} INFO - Processing file /home/crisu/miniconda3/envs/lab13.1/lib/python3.9/site-packages/airflow/example_dags/example_trigger_controller_dag.py for tasks to queue
[2024-12-07T02:46:17.877-0300] {logging_mixin.py:190} INFO - [2024-12-07T02:46:17.876-0300] {dagbag.py:588} INFO - Filling up the DagBag from /home/crisu/miniconda3/envs/lab13.1/lib/python3.9/site-packages/airflow/example_dags/example_trigger_controller_dag.py
[2024-12-07T02:46:17.882-0300] {processor.py:925} INFO - DAG(s) 'example_trigger_controller_dag' retrieved from /home/crisu/miniconda3/envs/lab13.1/lib/python3.9/site-packages/airflow/example_dags/example_trigger_controller_dag.py
[2024-12-07T02:46:17.899-0300] {logging_mixin.py:190} INFO - [2024-12-07T02:46:17.898-0300] {dag.py:3239} INFO - Sync 1 DAGs
[2024-12-07T02:46:17.915-0300] {logging_mixin.py:190} INFO - [2024-12-07T02:46:17.915-0300] {dag.py:4180} INFO - Setting next_dagrun for example_trigger_controller_dag to 2021-01-01 00:00:00+00:00, run_after=2021-01-01 00:00:00+00:00
[2024-12-07T02:46:17.972-0300] {processor.py:208} INFO - Processing /home/crisu/miniconda3/envs/lab13.1/lib/python3.9/site-packages/airflow/example_dags/example_trigger_controller_dag.py took 0.105 seconds
[2024-12-07T02:47:33.045-0300] {processor.py:186} INFO - Started process (PID=40205) to work on /home/crisu/miniconda3/envs/lab13.1/lib/python3.9/site-packages/airflow/example_dags/example_trigger_controller_dag.py
[2024-12-07T02:47:33.046-0300] {processor.py:914} INFO - Processing file /home/crisu/miniconda3/envs/lab13.1/lib/python3.9/site-packages/airflow/example_dags/example_trigger_controller_dag.py for tasks to queue
[2024-12-07T02:47:33.048-0300] {logging_mixin.py:190} INFO - [2024-12-07T02:47:33.048-0300] {dagbag.py:588} INFO - Filling up the DagBag from /home/crisu/miniconda3/envs/lab13.1/lib/python3.9/site-packages/airflow/example_dags/example_trigger_controller_dag.py
[2024-12-07T02:47:33.054-0300] {processor.py:925} INFO - DAG(s) 'example_trigger_controller_dag' retrieved from /home/crisu/miniconda3/envs/lab13.1/lib/python3.9/site-packages/airflow/example_dags/example_trigger_controller_dag.py
[2024-12-07T02:47:33.070-0300] {logging_mixin.py:190} INFO - [2024-12-07T02:47:33.070-0300] {dag.py:3239} INFO - Sync 1 DAGs
[2024-12-07T02:47:33.086-0300] {logging_mixin.py:190} INFO - [2024-12-07T02:47:33.086-0300] {dag.py:4180} INFO - Setting next_dagrun for example_trigger_controller_dag to 2021-01-01 00:00:00+00:00, run_after=2021-01-01 00:00:00+00:00
[2024-12-07T02:47:33.581-0300] {processor.py:208} INFO - Processing /home/crisu/miniconda3/envs/lab13.1/lib/python3.9/site-packages/airflow/example_dags/example_trigger_controller_dag.py took 0.542 seconds
[2024-12-07T02:48:58.744-0300] {processor.py:186} INFO - Started process (PID=40462) to work on /home/crisu/miniconda3/envs/lab13.1/lib/python3.9/site-packages/airflow/example_dags/example_trigger_controller_dag.py
[2024-12-07T02:48:58.760-0300] {processor.py:914} INFO - Processing file /home/crisu/miniconda3/envs/lab13.1/lib/python3.9/site-packages/airflow/example_dags/example_trigger_controller_dag.py for tasks to queue
[2024-12-07T02:48:58.763-0300] {logging_mixin.py:190} INFO - [2024-12-07T02:48:58.762-0300] {dagbag.py:588} INFO - Filling up the DagBag from /home/crisu/miniconda3/envs/lab13.1/lib/python3.9/site-packages/airflow/example_dags/example_trigger_controller_dag.py
[2024-12-07T02:48:58.769-0300] {processor.py:925} INFO - DAG(s) 'example_trigger_controller_dag' retrieved from /home/crisu/miniconda3/envs/lab13.1/lib/python3.9/site-packages/airflow/example_dags/example_trigger_controller_dag.py
[2024-12-07T02:48:58.785-0300] {logging_mixin.py:190} INFO - [2024-12-07T02:48:58.784-0300] {dag.py:3239} INFO - Sync 1 DAGs
[2024-12-07T02:48:58.801-0300] {logging_mixin.py:190} INFO - [2024-12-07T02:48:58.801-0300] {dag.py:4180} INFO - Setting next_dagrun for example_trigger_controller_dag to 2021-01-01 00:00:00+00:00, run_after=2021-01-01 00:00:00+00:00
[2024-12-07T02:48:59.697-0300] {processor.py:208} INFO - Processing /home/crisu/miniconda3/envs/lab13.1/lib/python3.9/site-packages/airflow/example_dags/example_trigger_controller_dag.py took 0.959 seconds
[2024-12-07T02:49:58.031-0300] {processor.py:186} INFO - Started process (PID=40742) to work on /home/crisu/miniconda3/envs/lab13.1/lib/python3.9/site-packages/airflow/example_dags/example_trigger_controller_dag.py
[2024-12-07T02:49:58.040-0300] {processor.py:914} INFO - Processing file /home/crisu/miniconda3/envs/lab13.1/lib/python3.9/site-packages/airflow/example_dags/example_trigger_controller_dag.py for tasks to queue
[2024-12-07T02:49:58.042-0300] {logging_mixin.py:190} INFO - [2024-12-07T02:49:58.041-0300] {dagbag.py:588} INFO - Filling up the DagBag from /home/crisu/miniconda3/envs/lab13.1/lib/python3.9/site-packages/airflow/example_dags/example_trigger_controller_dag.py
[2024-12-07T02:49:58.047-0300] {processor.py:925} INFO - DAG(s) 'example_trigger_controller_dag' retrieved from /home/crisu/miniconda3/envs/lab13.1/lib/python3.9/site-packages/airflow/example_dags/example_trigger_controller_dag.py
[2024-12-07T02:49:58.064-0300] {logging_mixin.py:190} INFO - [2024-12-07T02:49:58.063-0300] {dag.py:3239} INFO - Sync 1 DAGs
[2024-12-07T02:49:58.081-0300] {logging_mixin.py:190} INFO - [2024-12-07T02:49:58.080-0300] {dag.py:4180} INFO - Setting next_dagrun for example_trigger_controller_dag to 2021-01-01 00:00:00+00:00, run_after=2021-01-01 00:00:00+00:00
[2024-12-07T02:49:58.141-0300] {processor.py:208} INFO - Processing /home/crisu/miniconda3/envs/lab13.1/lib/python3.9/site-packages/airflow/example_dags/example_trigger_controller_dag.py took 0.114 seconds
[2024-12-07T02:51:08.256-0300] {processor.py:186} INFO - Started process (PID=40945) to work on /home/crisu/miniconda3/envs/lab13.1/lib/python3.9/site-packages/airflow/example_dags/example_trigger_controller_dag.py
[2024-12-07T02:51:08.263-0300] {processor.py:914} INFO - Processing file /home/crisu/miniconda3/envs/lab13.1/lib/python3.9/site-packages/airflow/example_dags/example_trigger_controller_dag.py for tasks to queue
[2024-12-07T02:51:08.264-0300] {logging_mixin.py:190} INFO - [2024-12-07T02:51:08.264-0300] {dagbag.py:588} INFO - Filling up the DagBag from /home/crisu/miniconda3/envs/lab13.1/lib/python3.9/site-packages/airflow/example_dags/example_trigger_controller_dag.py
[2024-12-07T02:51:08.270-0300] {processor.py:925} INFO - DAG(s) 'example_trigger_controller_dag' retrieved from /home/crisu/miniconda3/envs/lab13.1/lib/python3.9/site-packages/airflow/example_dags/example_trigger_controller_dag.py
[2024-12-07T02:51:08.283-0300] {logging_mixin.py:190} INFO - [2024-12-07T02:51:08.283-0300] {dag.py:3239} INFO - Sync 1 DAGs
[2024-12-07T02:51:08.300-0300] {logging_mixin.py:190} INFO - [2024-12-07T02:51:08.299-0300] {dag.py:4180} INFO - Setting next_dagrun for example_trigger_controller_dag to 2021-01-01 00:00:00+00:00, run_after=2021-01-01 00:00:00+00:00
[2024-12-07T02:51:08.448-0300] {processor.py:208} INFO - Processing /home/crisu/miniconda3/envs/lab13.1/lib/python3.9/site-packages/airflow/example_dags/example_trigger_controller_dag.py took 0.200 seconds
[2024-12-07T03:19:22.242-0300] {processor.py:186} INFO - Started process (PID=42610) to work on /home/crisu/miniconda3/envs/lab13.1/lib/python3.9/site-packages/airflow/example_dags/example_trigger_controller_dag.py
[2024-12-07T03:19:22.269-0300] {processor.py:914} INFO - Processing file /home/crisu/miniconda3/envs/lab13.1/lib/python3.9/site-packages/airflow/example_dags/example_trigger_controller_dag.py for tasks to queue
[2024-12-07T03:19:22.271-0300] {logging_mixin.py:190} INFO - [2024-12-07T03:19:22.270-0300] {dagbag.py:588} INFO - Filling up the DagBag from /home/crisu/miniconda3/envs/lab13.1/lib/python3.9/site-packages/airflow/example_dags/example_trigger_controller_dag.py
[2024-12-07T03:19:22.275-0300] {processor.py:925} INFO - DAG(s) 'example_trigger_controller_dag' retrieved from /home/crisu/miniconda3/envs/lab13.1/lib/python3.9/site-packages/airflow/example_dags/example_trigger_controller_dag.py
[2024-12-07T03:19:22.290-0300] {logging_mixin.py:190} INFO - [2024-12-07T03:19:22.290-0300] {dag.py:3239} INFO - Sync 1 DAGs
[2024-12-07T03:19:22.307-0300] {logging_mixin.py:190} INFO - [2024-12-07T03:19:22.307-0300] {dag.py:4180} INFO - Setting next_dagrun for example_trigger_controller_dag to 2021-01-01 00:00:00+00:00, run_after=2021-01-01 00:00:00+00:00
[2024-12-07T03:19:22.833-0300] {processor.py:208} INFO - Processing /home/crisu/miniconda3/envs/lab13.1/lib/python3.9/site-packages/airflow/example_dags/example_trigger_controller_dag.py took 0.597 seconds
[2024-12-07T03:22:58.807-0300] {processor.py:186} INFO - Started process (PID=42831) to work on /home/crisu/miniconda3/envs/lab13.1/lib/python3.9/site-packages/airflow/example_dags/example_trigger_controller_dag.py
[2024-12-07T03:22:58.852-0300] {processor.py:914} INFO - Processing file /home/crisu/miniconda3/envs/lab13.1/lib/python3.9/site-packages/airflow/example_dags/example_trigger_controller_dag.py for tasks to queue
[2024-12-07T03:22:58.853-0300] {logging_mixin.py:190} INFO - [2024-12-07T03:22:58.853-0300] {dagbag.py:588} INFO - Filling up the DagBag from /home/crisu/miniconda3/envs/lab13.1/lib/python3.9/site-packages/airflow/example_dags/example_trigger_controller_dag.py
[2024-12-07T03:22:58.858-0300] {processor.py:925} INFO - DAG(s) 'example_trigger_controller_dag' retrieved from /home/crisu/miniconda3/envs/lab13.1/lib/python3.9/site-packages/airflow/example_dags/example_trigger_controller_dag.py
[2024-12-07T03:22:58.872-0300] {logging_mixin.py:190} INFO - [2024-12-07T03:22:58.872-0300] {dag.py:3239} INFO - Sync 1 DAGs
[2024-12-07T03:22:58.887-0300] {logging_mixin.py:190} INFO - [2024-12-07T03:22:58.887-0300] {dag.py:4180} INFO - Setting next_dagrun for example_trigger_controller_dag to 2021-01-01 00:00:00+00:00, run_after=2021-01-01 00:00:00+00:00
[2024-12-07T03:22:59.554-0300] {processor.py:208} INFO - Processing /home/crisu/miniconda3/envs/lab13.1/lib/python3.9/site-packages/airflow/example_dags/example_trigger_controller_dag.py took 0.754 seconds
[2024-12-07T03:26:36.355-0300] {processor.py:186} INFO - Started process (PID=43426) to work on /home/crisu/miniconda3/envs/lab13.1/lib/python3.9/site-packages/airflow/example_dags/example_trigger_controller_dag.py
[2024-12-07T03:26:36.369-0300] {processor.py:914} INFO - Processing file /home/crisu/miniconda3/envs/lab13.1/lib/python3.9/site-packages/airflow/example_dags/example_trigger_controller_dag.py for tasks to queue
[2024-12-07T03:26:36.373-0300] {logging_mixin.py:190} INFO - [2024-12-07T03:26:36.372-0300] {dagbag.py:588} INFO - Filling up the DagBag from /home/crisu/miniconda3/envs/lab13.1/lib/python3.9/site-packages/airflow/example_dags/example_trigger_controller_dag.py
[2024-12-07T03:26:36.390-0300] {processor.py:925} INFO - DAG(s) 'example_trigger_controller_dag' retrieved from /home/crisu/miniconda3/envs/lab13.1/lib/python3.9/site-packages/airflow/example_dags/example_trigger_controller_dag.py
[2024-12-07T03:26:36.421-0300] {logging_mixin.py:190} INFO - [2024-12-07T03:26:36.421-0300] {dag.py:3239} INFO - Sync 1 DAGs
[2024-12-07T03:26:36.451-0300] {logging_mixin.py:190} INFO - [2024-12-07T03:26:36.450-0300] {dag.py:4180} INFO - Setting next_dagrun for example_trigger_controller_dag to 2021-01-01 00:00:00+00:00, run_after=2021-01-01 00:00:00+00:00
[2024-12-07T03:26:37.751-0300] {processor.py:208} INFO - Processing /home/crisu/miniconda3/envs/lab13.1/lib/python3.9/site-packages/airflow/example_dags/example_trigger_controller_dag.py took 1.412 seconds
[2024-12-07T03:29:20.268-0300] {processor.py:186} INFO - Started process (PID=43816) to work on /home/crisu/miniconda3/envs/lab13.1/lib/python3.9/site-packages/airflow/example_dags/example_trigger_controller_dag.py
[2024-12-07T03:29:20.281-0300] {processor.py:914} INFO - Processing file /home/crisu/miniconda3/envs/lab13.1/lib/python3.9/site-packages/airflow/example_dags/example_trigger_controller_dag.py for tasks to queue
[2024-12-07T03:29:20.283-0300] {logging_mixin.py:190} INFO - [2024-12-07T03:29:20.282-0300] {dagbag.py:588} INFO - Filling up the DagBag from /home/crisu/miniconda3/envs/lab13.1/lib/python3.9/site-packages/airflow/example_dags/example_trigger_controller_dag.py
[2024-12-07T03:29:20.289-0300] {processor.py:925} INFO - DAG(s) 'example_trigger_controller_dag' retrieved from /home/crisu/miniconda3/envs/lab13.1/lib/python3.9/site-packages/airflow/example_dags/example_trigger_controller_dag.py
[2024-12-07T03:29:20.302-0300] {logging_mixin.py:190} INFO - [2024-12-07T03:29:20.301-0300] {dag.py:3239} INFO - Sync 1 DAGs
[2024-12-07T03:29:20.321-0300] {logging_mixin.py:190} INFO - [2024-12-07T03:29:20.321-0300] {dag.py:4180} INFO - Setting next_dagrun for example_trigger_controller_dag to 2021-01-01 00:00:00+00:00, run_after=2021-01-01 00:00:00+00:00
[2024-12-07T03:29:20.398-0300] {processor.py:208} INFO - Processing /home/crisu/miniconda3/envs/lab13.1/lib/python3.9/site-packages/airflow/example_dags/example_trigger_controller_dag.py took 0.136 seconds
[2024-12-07T03:33:59.120-0300] {processor.py:186} INFO - Started process (PID=44555) to work on /home/crisu/miniconda3/envs/lab13.1/lib/python3.9/site-packages/airflow/example_dags/example_trigger_controller_dag.py
[2024-12-07T03:33:59.136-0300] {processor.py:914} INFO - Processing file /home/crisu/miniconda3/envs/lab13.1/lib/python3.9/site-packages/airflow/example_dags/example_trigger_controller_dag.py for tasks to queue
[2024-12-07T03:33:59.137-0300] {logging_mixin.py:190} INFO - [2024-12-07T03:33:59.137-0300] {dagbag.py:588} INFO - Filling up the DagBag from /home/crisu/miniconda3/envs/lab13.1/lib/python3.9/site-packages/airflow/example_dags/example_trigger_controller_dag.py
[2024-12-07T03:33:59.142-0300] {processor.py:925} INFO - DAG(s) 'example_trigger_controller_dag' retrieved from /home/crisu/miniconda3/envs/lab13.1/lib/python3.9/site-packages/airflow/example_dags/example_trigger_controller_dag.py
[2024-12-07T03:33:59.161-0300] {logging_mixin.py:190} INFO - [2024-12-07T03:33:59.161-0300] {dag.py:3239} INFO - Sync 1 DAGs
[2024-12-07T03:33:59.187-0300] {logging_mixin.py:190} INFO - [2024-12-07T03:33:59.186-0300] {dag.py:4180} INFO - Setting next_dagrun for example_trigger_controller_dag to 2021-01-01 00:00:00+00:00, run_after=2021-01-01 00:00:00+00:00
[2024-12-07T03:33:59.252-0300] {processor.py:208} INFO - Processing /home/crisu/miniconda3/envs/lab13.1/lib/python3.9/site-packages/airflow/example_dags/example_trigger_controller_dag.py took 0.139 seconds
[2024-12-07T03:35:32.351-0300] {processor.py:186} INFO - Started process (PID=44710) to work on /home/crisu/miniconda3/envs/lab13.1/lib/python3.9/site-packages/airflow/example_dags/example_trigger_controller_dag.py
[2024-12-07T03:35:32.365-0300] {processor.py:914} INFO - Processing file /home/crisu/miniconda3/envs/lab13.1/lib/python3.9/site-packages/airflow/example_dags/example_trigger_controller_dag.py for tasks to queue
[2024-12-07T03:35:32.368-0300] {logging_mixin.py:190} INFO - [2024-12-07T03:35:32.367-0300] {dagbag.py:588} INFO - Filling up the DagBag from /home/crisu/miniconda3/envs/lab13.1/lib/python3.9/site-packages/airflow/example_dags/example_trigger_controller_dag.py
[2024-12-07T03:35:32.373-0300] {processor.py:925} INFO - DAG(s) 'example_trigger_controller_dag' retrieved from /home/crisu/miniconda3/envs/lab13.1/lib/python3.9/site-packages/airflow/example_dags/example_trigger_controller_dag.py
[2024-12-07T03:35:32.389-0300] {logging_mixin.py:190} INFO - [2024-12-07T03:35:32.388-0300] {dag.py:3239} INFO - Sync 1 DAGs
[2024-12-07T03:35:32.408-0300] {logging_mixin.py:190} INFO - [2024-12-07T03:35:32.407-0300] {dag.py:4180} INFO - Setting next_dagrun for example_trigger_controller_dag to 2021-01-01 00:00:00+00:00, run_after=2021-01-01 00:00:00+00:00
[2024-12-07T03:35:32.463-0300] {processor.py:208} INFO - Processing /home/crisu/miniconda3/envs/lab13.1/lib/python3.9/site-packages/airflow/example_dags/example_trigger_controller_dag.py took 0.119 seconds
[2024-12-07T03:36:35.272-0300] {processor.py:186} INFO - Started process (PID=44839) to work on /home/crisu/miniconda3/envs/lab13.1/lib/python3.9/site-packages/airflow/example_dags/example_trigger_controller_dag.py
[2024-12-07T03:36:35.320-0300] {processor.py:914} INFO - Processing file /home/crisu/miniconda3/envs/lab13.1/lib/python3.9/site-packages/airflow/example_dags/example_trigger_controller_dag.py for tasks to queue
[2024-12-07T03:36:35.321-0300] {logging_mixin.py:190} INFO - [2024-12-07T03:36:35.321-0300] {dagbag.py:588} INFO - Filling up the DagBag from /home/crisu/miniconda3/envs/lab13.1/lib/python3.9/site-packages/airflow/example_dags/example_trigger_controller_dag.py
[2024-12-07T03:36:35.325-0300] {processor.py:925} INFO - DAG(s) 'example_trigger_controller_dag' retrieved from /home/crisu/miniconda3/envs/lab13.1/lib/python3.9/site-packages/airflow/example_dags/example_trigger_controller_dag.py
[2024-12-07T03:36:35.338-0300] {logging_mixin.py:190} INFO - [2024-12-07T03:36:35.338-0300] {dag.py:3239} INFO - Sync 1 DAGs
[2024-12-07T03:36:35.353-0300] {logging_mixin.py:190} INFO - [2024-12-07T03:36:35.352-0300] {dag.py:4180} INFO - Setting next_dagrun for example_trigger_controller_dag to 2021-01-01 00:00:00+00:00, run_after=2021-01-01 00:00:00+00:00
[2024-12-07T03:36:36.531-0300] {processor.py:208} INFO - Processing /home/crisu/miniconda3/envs/lab13.1/lib/python3.9/site-packages/airflow/example_dags/example_trigger_controller_dag.py took 1.265 seconds
[2024-12-07T03:37:37.024-0300] {processor.py:186} INFO - Started process (PID=44944) to work on /home/crisu/miniconda3/envs/lab13.1/lib/python3.9/site-packages/airflow/example_dags/example_trigger_controller_dag.py
[2024-12-07T03:37:37.035-0300] {processor.py:914} INFO - Processing file /home/crisu/miniconda3/envs/lab13.1/lib/python3.9/site-packages/airflow/example_dags/example_trigger_controller_dag.py for tasks to queue
[2024-12-07T03:37:37.037-0300] {logging_mixin.py:190} INFO - [2024-12-07T03:37:37.036-0300] {dagbag.py:588} INFO - Filling up the DagBag from /home/crisu/miniconda3/envs/lab13.1/lib/python3.9/site-packages/airflow/example_dags/example_trigger_controller_dag.py
[2024-12-07T03:37:37.041-0300] {processor.py:925} INFO - DAG(s) 'example_trigger_controller_dag' retrieved from /home/crisu/miniconda3/envs/lab13.1/lib/python3.9/site-packages/airflow/example_dags/example_trigger_controller_dag.py
[2024-12-07T03:37:37.054-0300] {logging_mixin.py:190} INFO - [2024-12-07T03:37:37.054-0300] {dag.py:3239} INFO - Sync 1 DAGs
[2024-12-07T03:37:37.068-0300] {logging_mixin.py:190} INFO - [2024-12-07T03:37:37.068-0300] {dag.py:4180} INFO - Setting next_dagrun for example_trigger_controller_dag to 2021-01-01 00:00:00+00:00, run_after=2021-01-01 00:00:00+00:00
[2024-12-07T03:37:37.128-0300] {processor.py:208} INFO - Processing /home/crisu/miniconda3/envs/lab13.1/lib/python3.9/site-packages/airflow/example_dags/example_trigger_controller_dag.py took 0.109 seconds
[2024-12-07T03:38:32.540-0300] {processor.py:186} INFO - Started process (PID=45035) to work on /home/crisu/miniconda3/envs/lab13.1/lib/python3.9/site-packages/airflow/example_dags/example_trigger_controller_dag.py
[2024-12-07T03:38:32.548-0300] {processor.py:914} INFO - Processing file /home/crisu/miniconda3/envs/lab13.1/lib/python3.9/site-packages/airflow/example_dags/example_trigger_controller_dag.py for tasks to queue
[2024-12-07T03:38:32.550-0300] {logging_mixin.py:190} INFO - [2024-12-07T03:38:32.549-0300] {dagbag.py:588} INFO - Filling up the DagBag from /home/crisu/miniconda3/envs/lab13.1/lib/python3.9/site-packages/airflow/example_dags/example_trigger_controller_dag.py
[2024-12-07T03:38:32.554-0300] {processor.py:925} INFO - DAG(s) 'example_trigger_controller_dag' retrieved from /home/crisu/miniconda3/envs/lab13.1/lib/python3.9/site-packages/airflow/example_dags/example_trigger_controller_dag.py
[2024-12-07T03:38:32.567-0300] {logging_mixin.py:190} INFO - [2024-12-07T03:38:32.567-0300] {dag.py:3239} INFO - Sync 1 DAGs
[2024-12-07T03:38:32.582-0300] {logging_mixin.py:190} INFO - [2024-12-07T03:38:32.582-0300] {dag.py:4180} INFO - Setting next_dagrun for example_trigger_controller_dag to 2021-01-01 00:00:00+00:00, run_after=2021-01-01 00:00:00+00:00
[2024-12-07T03:38:32.646-0300] {processor.py:208} INFO - Processing /home/crisu/miniconda3/envs/lab13.1/lib/python3.9/site-packages/airflow/example_dags/example_trigger_controller_dag.py took 0.111 seconds
[2024-12-07T03:39:49.870-0300] {processor.py:186} INFO - Started process (PID=45197) to work on /home/crisu/miniconda3/envs/lab13.1/lib/python3.9/site-packages/airflow/example_dags/example_trigger_controller_dag.py
[2024-12-07T03:39:49.872-0300] {processor.py:914} INFO - Processing file /home/crisu/miniconda3/envs/lab13.1/lib/python3.9/site-packages/airflow/example_dags/example_trigger_controller_dag.py for tasks to queue
[2024-12-07T03:39:49.873-0300] {logging_mixin.py:190} INFO - [2024-12-07T03:39:49.873-0300] {dagbag.py:588} INFO - Filling up the DagBag from /home/crisu/miniconda3/envs/lab13.1/lib/python3.9/site-packages/airflow/example_dags/example_trigger_controller_dag.py
[2024-12-07T03:39:49.877-0300] {processor.py:925} INFO - DAG(s) 'example_trigger_controller_dag' retrieved from /home/crisu/miniconda3/envs/lab13.1/lib/python3.9/site-packages/airflow/example_dags/example_trigger_controller_dag.py
[2024-12-07T03:39:49.890-0300] {logging_mixin.py:190} INFO - [2024-12-07T03:39:49.889-0300] {dag.py:3239} INFO - Sync 1 DAGs
[2024-12-07T03:39:49.904-0300] {logging_mixin.py:190} INFO - [2024-12-07T03:39:49.904-0300] {dag.py:4180} INFO - Setting next_dagrun for example_trigger_controller_dag to 2021-01-01 00:00:00+00:00, run_after=2021-01-01 00:00:00+00:00
[2024-12-07T03:39:50.273-0300] {processor.py:208} INFO - Processing /home/crisu/miniconda3/envs/lab13.1/lib/python3.9/site-packages/airflow/example_dags/example_trigger_controller_dag.py took 0.408 seconds
[2024-12-07T03:41:03.385-0300] {processor.py:186} INFO - Started process (PID=45336) to work on /home/crisu/miniconda3/envs/lab13.1/lib/python3.9/site-packages/airflow/example_dags/example_trigger_controller_dag.py
[2024-12-07T03:41:03.398-0300] {processor.py:914} INFO - Processing file /home/crisu/miniconda3/envs/lab13.1/lib/python3.9/site-packages/airflow/example_dags/example_trigger_controller_dag.py for tasks to queue
[2024-12-07T03:41:03.400-0300] {logging_mixin.py:190} INFO - [2024-12-07T03:41:03.399-0300] {dagbag.py:588} INFO - Filling up the DagBag from /home/crisu/miniconda3/envs/lab13.1/lib/python3.9/site-packages/airflow/example_dags/example_trigger_controller_dag.py
[2024-12-07T03:41:03.404-0300] {processor.py:925} INFO - DAG(s) 'example_trigger_controller_dag' retrieved from /home/crisu/miniconda3/envs/lab13.1/lib/python3.9/site-packages/airflow/example_dags/example_trigger_controller_dag.py
[2024-12-07T03:41:03.417-0300] {logging_mixin.py:190} INFO - [2024-12-07T03:41:03.417-0300] {dag.py:3239} INFO - Sync 1 DAGs
[2024-12-07T03:41:03.433-0300] {logging_mixin.py:190} INFO - [2024-12-07T03:41:03.433-0300] {dag.py:4180} INFO - Setting next_dagrun for example_trigger_controller_dag to 2021-01-01 00:00:00+00:00, run_after=2021-01-01 00:00:00+00:00
[2024-12-07T03:41:03.587-0300] {processor.py:208} INFO - Processing /home/crisu/miniconda3/envs/lab13.1/lib/python3.9/site-packages/airflow/example_dags/example_trigger_controller_dag.py took 0.208 seconds
[2024-12-07T03:43:54.919-0300] {processor.py:186} INFO - Started process (PID=45835) to work on /home/crisu/miniconda3/envs/lab13.1/lib/python3.9/site-packages/airflow/example_dags/example_trigger_controller_dag.py
[2024-12-07T03:43:54.937-0300] {processor.py:914} INFO - Processing file /home/crisu/miniconda3/envs/lab13.1/lib/python3.9/site-packages/airflow/example_dags/example_trigger_controller_dag.py for tasks to queue
[2024-12-07T03:43:54.940-0300] {logging_mixin.py:190} INFO - [2024-12-07T03:43:54.939-0300] {dagbag.py:588} INFO - Filling up the DagBag from /home/crisu/miniconda3/envs/lab13.1/lib/python3.9/site-packages/airflow/example_dags/example_trigger_controller_dag.py
[2024-12-07T03:43:54.946-0300] {processor.py:925} INFO - DAG(s) 'example_trigger_controller_dag' retrieved from /home/crisu/miniconda3/envs/lab13.1/lib/python3.9/site-packages/airflow/example_dags/example_trigger_controller_dag.py
[2024-12-07T03:43:54.960-0300] {logging_mixin.py:190} INFO - [2024-12-07T03:43:54.960-0300] {dag.py:3239} INFO - Sync 1 DAGs
[2024-12-07T03:43:54.977-0300] {logging_mixin.py:190} INFO - [2024-12-07T03:43:54.977-0300] {dag.py:4180} INFO - Setting next_dagrun for example_trigger_controller_dag to 2021-01-01 00:00:00+00:00, run_after=2021-01-01 00:00:00+00:00
[2024-12-07T03:43:55.048-0300] {processor.py:208} INFO - Processing /home/crisu/miniconda3/envs/lab13.1/lib/python3.9/site-packages/airflow/example_dags/example_trigger_controller_dag.py took 0.134 seconds
[2024-12-07T03:47:56.554-0300] {processor.py:186} INFO - Started process (PID=46621) to work on /home/crisu/miniconda3/envs/lab13.1/lib/python3.9/site-packages/airflow/example_dags/example_trigger_controller_dag.py
[2024-12-07T03:47:56.590-0300] {processor.py:914} INFO - Processing file /home/crisu/miniconda3/envs/lab13.1/lib/python3.9/site-packages/airflow/example_dags/example_trigger_controller_dag.py for tasks to queue
[2024-12-07T03:47:56.592-0300] {logging_mixin.py:190} INFO - [2024-12-07T03:47:56.592-0300] {dagbag.py:588} INFO - Filling up the DagBag from /home/crisu/miniconda3/envs/lab13.1/lib/python3.9/site-packages/airflow/example_dags/example_trigger_controller_dag.py
[2024-12-07T03:47:56.598-0300] {processor.py:925} INFO - DAG(s) 'example_trigger_controller_dag' retrieved from /home/crisu/miniconda3/envs/lab13.1/lib/python3.9/site-packages/airflow/example_dags/example_trigger_controller_dag.py
[2024-12-07T03:47:56.612-0300] {logging_mixin.py:190} INFO - [2024-12-07T03:47:56.612-0300] {dag.py:3239} INFO - Sync 1 DAGs
[2024-12-07T03:47:56.630-0300] {logging_mixin.py:190} INFO - [2024-12-07T03:47:56.630-0300] {dag.py:4180} INFO - Setting next_dagrun for example_trigger_controller_dag to 2021-01-01 00:00:00+00:00, run_after=2021-01-01 00:00:00+00:00
[2024-12-07T03:47:57.649-0300] {processor.py:208} INFO - Processing /home/crisu/miniconda3/envs/lab13.1/lib/python3.9/site-packages/airflow/example_dags/example_trigger_controller_dag.py took 1.100 seconds
[2024-12-07T03:49:58.571-0300] {processor.py:186} INFO - Started process (PID=46901) to work on /home/crisu/miniconda3/envs/lab13.1/lib/python3.9/site-packages/airflow/example_dags/example_trigger_controller_dag.py
[2024-12-07T03:49:58.686-0300] {processor.py:914} INFO - Processing file /home/crisu/miniconda3/envs/lab13.1/lib/python3.9/site-packages/airflow/example_dags/example_trigger_controller_dag.py for tasks to queue
[2024-12-07T03:49:58.689-0300] {logging_mixin.py:190} INFO - [2024-12-07T03:49:58.689-0300] {dagbag.py:588} INFO - Filling up the DagBag from /home/crisu/miniconda3/envs/lab13.1/lib/python3.9/site-packages/airflow/example_dags/example_trigger_controller_dag.py
[2024-12-07T03:49:58.695-0300] {processor.py:925} INFO - DAG(s) 'example_trigger_controller_dag' retrieved from /home/crisu/miniconda3/envs/lab13.1/lib/python3.9/site-packages/airflow/example_dags/example_trigger_controller_dag.py
[2024-12-07T03:49:58.707-0300] {logging_mixin.py:190} INFO - [2024-12-07T03:49:58.707-0300] {dag.py:3239} INFO - Sync 1 DAGs
[2024-12-07T03:49:58.725-0300] {logging_mixin.py:190} INFO - [2024-12-07T03:49:58.725-0300] {dag.py:4180} INFO - Setting next_dagrun for example_trigger_controller_dag to 2021-01-01 00:00:00+00:00, run_after=2021-01-01 00:00:00+00:00
[2024-12-07T03:50:00.130-0300] {processor.py:208} INFO - Processing /home/crisu/miniconda3/envs/lab13.1/lib/python3.9/site-packages/airflow/example_dags/example_trigger_controller_dag.py took 1.564 seconds
[2024-12-07T03:51:26.104-0300] {processor.py:186} INFO - Started process (PID=46994) to work on /home/crisu/miniconda3/envs/lab13.1/lib/python3.9/site-packages/airflow/example_dags/example_trigger_controller_dag.py
[2024-12-07T03:51:26.106-0300] {processor.py:914} INFO - Processing file /home/crisu/miniconda3/envs/lab13.1/lib/python3.9/site-packages/airflow/example_dags/example_trigger_controller_dag.py for tasks to queue
[2024-12-07T03:51:26.108-0300] {logging_mixin.py:190} INFO - [2024-12-07T03:51:26.108-0300] {dagbag.py:588} INFO - Filling up the DagBag from /home/crisu/miniconda3/envs/lab13.1/lib/python3.9/site-packages/airflow/example_dags/example_trigger_controller_dag.py
[2024-12-07T03:51:26.114-0300] {processor.py:925} INFO - DAG(s) 'example_trigger_controller_dag' retrieved from /home/crisu/miniconda3/envs/lab13.1/lib/python3.9/site-packages/airflow/example_dags/example_trigger_controller_dag.py
[2024-12-07T03:51:26.130-0300] {logging_mixin.py:190} INFO - [2024-12-07T03:51:26.130-0300] {dag.py:3239} INFO - Sync 1 DAGs
[2024-12-07T03:51:26.150-0300] {logging_mixin.py:190} INFO - [2024-12-07T03:51:26.150-0300] {dag.py:4180} INFO - Setting next_dagrun for example_trigger_controller_dag to 2021-01-01 00:00:00+00:00, run_after=2021-01-01 00:00:00+00:00
[2024-12-07T03:51:26.210-0300] {processor.py:208} INFO - Processing /home/crisu/miniconda3/envs/lab13.1/lib/python3.9/site-packages/airflow/example_dags/example_trigger_controller_dag.py took 0.112 seconds
[2024-12-07T03:52:47.422-0300] {processor.py:186} INFO - Started process (PID=47136) to work on /home/crisu/miniconda3/envs/lab13.1/lib/python3.9/site-packages/airflow/example_dags/example_trigger_controller_dag.py
[2024-12-07T03:52:47.426-0300] {processor.py:914} INFO - Processing file /home/crisu/miniconda3/envs/lab13.1/lib/python3.9/site-packages/airflow/example_dags/example_trigger_controller_dag.py for tasks to queue
[2024-12-07T03:52:47.428-0300] {logging_mixin.py:190} INFO - [2024-12-07T03:52:47.428-0300] {dagbag.py:588} INFO - Filling up the DagBag from /home/crisu/miniconda3/envs/lab13.1/lib/python3.9/site-packages/airflow/example_dags/example_trigger_controller_dag.py
[2024-12-07T03:52:47.436-0300] {processor.py:925} INFO - DAG(s) 'example_trigger_controller_dag' retrieved from /home/crisu/miniconda3/envs/lab13.1/lib/python3.9/site-packages/airflow/example_dags/example_trigger_controller_dag.py
[2024-12-07T03:52:47.451-0300] {logging_mixin.py:190} INFO - [2024-12-07T03:52:47.450-0300] {dag.py:3239} INFO - Sync 1 DAGs
[2024-12-07T03:52:47.474-0300] {logging_mixin.py:190} INFO - [2024-12-07T03:52:47.473-0300] {dag.py:4180} INFO - Setting next_dagrun for example_trigger_controller_dag to 2021-01-01 00:00:00+00:00, run_after=2021-01-01 00:00:00+00:00
[2024-12-07T03:52:47.537-0300] {processor.py:208} INFO - Processing /home/crisu/miniconda3/envs/lab13.1/lib/python3.9/site-packages/airflow/example_dags/example_trigger_controller_dag.py took 0.122 seconds
[2024-12-07T03:54:03.777-0300] {processor.py:186} INFO - Started process (PID=47278) to work on /home/crisu/miniconda3/envs/lab13.1/lib/python3.9/site-packages/airflow/example_dags/example_trigger_controller_dag.py
[2024-12-07T03:54:03.822-0300] {processor.py:914} INFO - Processing file /home/crisu/miniconda3/envs/lab13.1/lib/python3.9/site-packages/airflow/example_dags/example_trigger_controller_dag.py for tasks to queue
[2024-12-07T03:54:03.825-0300] {logging_mixin.py:190} INFO - [2024-12-07T03:54:03.824-0300] {dagbag.py:588} INFO - Filling up the DagBag from /home/crisu/miniconda3/envs/lab13.1/lib/python3.9/site-packages/airflow/example_dags/example_trigger_controller_dag.py
[2024-12-07T03:54:03.830-0300] {processor.py:925} INFO - DAG(s) 'example_trigger_controller_dag' retrieved from /home/crisu/miniconda3/envs/lab13.1/lib/python3.9/site-packages/airflow/example_dags/example_trigger_controller_dag.py
[2024-12-07T03:54:03.842-0300] {logging_mixin.py:190} INFO - [2024-12-07T03:54:03.842-0300] {dag.py:3239} INFO - Sync 1 DAGs
[2024-12-07T03:54:03.860-0300] {logging_mixin.py:190} INFO - [2024-12-07T03:54:03.860-0300] {dag.py:4180} INFO - Setting next_dagrun for example_trigger_controller_dag to 2021-01-01 00:00:00+00:00, run_after=2021-01-01 00:00:00+00:00
[2024-12-07T03:54:04.915-0300] {processor.py:208} INFO - Processing /home/crisu/miniconda3/envs/lab13.1/lib/python3.9/site-packages/airflow/example_dags/example_trigger_controller_dag.py took 1.143 seconds
[2024-12-07T03:55:03.741-0300] {processor.py:186} INFO - Started process (PID=47400) to work on /home/crisu/miniconda3/envs/lab13.1/lib/python3.9/site-packages/airflow/example_dags/example_trigger_controller_dag.py
[2024-12-07T03:55:03.790-0300] {processor.py:914} INFO - Processing file /home/crisu/miniconda3/envs/lab13.1/lib/python3.9/site-packages/airflow/example_dags/example_trigger_controller_dag.py for tasks to queue
[2024-12-07T03:55:03.792-0300] {logging_mixin.py:190} INFO - [2024-12-07T03:55:03.791-0300] {dagbag.py:588} INFO - Filling up the DagBag from /home/crisu/miniconda3/envs/lab13.1/lib/python3.9/site-packages/airflow/example_dags/example_trigger_controller_dag.py
[2024-12-07T03:55:03.797-0300] {processor.py:925} INFO - DAG(s) 'example_trigger_controller_dag' retrieved from /home/crisu/miniconda3/envs/lab13.1/lib/python3.9/site-packages/airflow/example_dags/example_trigger_controller_dag.py
[2024-12-07T03:55:03.810-0300] {logging_mixin.py:190} INFO - [2024-12-07T03:55:03.810-0300] {dag.py:3239} INFO - Sync 1 DAGs
[2024-12-07T03:55:03.832-0300] {logging_mixin.py:190} INFO - [2024-12-07T03:55:03.832-0300] {dag.py:4180} INFO - Setting next_dagrun for example_trigger_controller_dag to 2021-01-01 00:00:00+00:00, run_after=2021-01-01 00:00:00+00:00
[2024-12-07T03:55:04.444-0300] {processor.py:208} INFO - Processing /home/crisu/miniconda3/envs/lab13.1/lib/python3.9/site-packages/airflow/example_dags/example_trigger_controller_dag.py took 0.708 seconds
[2024-12-07T03:56:10.175-0300] {processor.py:186} INFO - Started process (PID=47549) to work on /home/crisu/miniconda3/envs/lab13.1/lib/python3.9/site-packages/airflow/example_dags/example_trigger_controller_dag.py
[2024-12-07T03:56:10.182-0300] {processor.py:914} INFO - Processing file /home/crisu/miniconda3/envs/lab13.1/lib/python3.9/site-packages/airflow/example_dags/example_trigger_controller_dag.py for tasks to queue
[2024-12-07T03:56:10.185-0300] {logging_mixin.py:190} INFO - [2024-12-07T03:56:10.184-0300] {dagbag.py:588} INFO - Filling up the DagBag from /home/crisu/miniconda3/envs/lab13.1/lib/python3.9/site-packages/airflow/example_dags/example_trigger_controller_dag.py
[2024-12-07T03:56:10.190-0300] {processor.py:925} INFO - DAG(s) 'example_trigger_controller_dag' retrieved from /home/crisu/miniconda3/envs/lab13.1/lib/python3.9/site-packages/airflow/example_dags/example_trigger_controller_dag.py
[2024-12-07T03:56:10.203-0300] {logging_mixin.py:190} INFO - [2024-12-07T03:56:10.203-0300] {dag.py:3239} INFO - Sync 1 DAGs
[2024-12-07T03:56:10.221-0300] {logging_mixin.py:190} INFO - [2024-12-07T03:56:10.221-0300] {dag.py:4180} INFO - Setting next_dagrun for example_trigger_controller_dag to 2021-01-01 00:00:00+00:00, run_after=2021-01-01 00:00:00+00:00
[2024-12-07T03:56:10.282-0300] {processor.py:208} INFO - Processing /home/crisu/miniconda3/envs/lab13.1/lib/python3.9/site-packages/airflow/example_dags/example_trigger_controller_dag.py took 0.112 seconds
[2024-12-07T03:57:02.234-0300] {processor.py:186} INFO - Started process (PID=47644) to work on /home/crisu/miniconda3/envs/lab13.1/lib/python3.9/site-packages/airflow/example_dags/example_trigger_controller_dag.py
[2024-12-07T03:57:02.243-0300] {processor.py:914} INFO - Processing file /home/crisu/miniconda3/envs/lab13.1/lib/python3.9/site-packages/airflow/example_dags/example_trigger_controller_dag.py for tasks to queue
[2024-12-07T03:57:02.246-0300] {logging_mixin.py:190} INFO - [2024-12-07T03:57:02.245-0300] {dagbag.py:588} INFO - Filling up the DagBag from /home/crisu/miniconda3/envs/lab13.1/lib/python3.9/site-packages/airflow/example_dags/example_trigger_controller_dag.py
[2024-12-07T03:57:02.252-0300] {processor.py:925} INFO - DAG(s) 'example_trigger_controller_dag' retrieved from /home/crisu/miniconda3/envs/lab13.1/lib/python3.9/site-packages/airflow/example_dags/example_trigger_controller_dag.py
[2024-12-07T03:57:02.265-0300] {logging_mixin.py:190} INFO - [2024-12-07T03:57:02.265-0300] {dag.py:3239} INFO - Sync 1 DAGs
[2024-12-07T03:57:02.283-0300] {logging_mixin.py:190} INFO - [2024-12-07T03:57:02.283-0300] {dag.py:4180} INFO - Setting next_dagrun for example_trigger_controller_dag to 2021-01-01 00:00:00+00:00, run_after=2021-01-01 00:00:00+00:00
[2024-12-07T03:57:02.344-0300] {processor.py:208} INFO - Processing /home/crisu/miniconda3/envs/lab13.1/lib/python3.9/site-packages/airflow/example_dags/example_trigger_controller_dag.py took 0.116 seconds
[2024-12-07T03:58:19.590-0300] {processor.py:186} INFO - Started process (PID=47789) to work on /home/crisu/miniconda3/envs/lab13.1/lib/python3.9/site-packages/airflow/example_dags/example_trigger_controller_dag.py
[2024-12-07T03:58:19.595-0300] {processor.py:914} INFO - Processing file /home/crisu/miniconda3/envs/lab13.1/lib/python3.9/site-packages/airflow/example_dags/example_trigger_controller_dag.py for tasks to queue
[2024-12-07T03:58:19.598-0300] {logging_mixin.py:190} INFO - [2024-12-07T03:58:19.598-0300] {dagbag.py:588} INFO - Filling up the DagBag from /home/crisu/miniconda3/envs/lab13.1/lib/python3.9/site-packages/airflow/example_dags/example_trigger_controller_dag.py
[2024-12-07T03:58:19.606-0300] {processor.py:925} INFO - DAG(s) 'example_trigger_controller_dag' retrieved from /home/crisu/miniconda3/envs/lab13.1/lib/python3.9/site-packages/airflow/example_dags/example_trigger_controller_dag.py
[2024-12-07T03:58:19.621-0300] {logging_mixin.py:190} INFO - [2024-12-07T03:58:19.621-0300] {dag.py:3239} INFO - Sync 1 DAGs
[2024-12-07T03:58:19.642-0300] {logging_mixin.py:190} INFO - [2024-12-07T03:58:19.642-0300] {dag.py:4180} INFO - Setting next_dagrun for example_trigger_controller_dag to 2021-01-01 00:00:00+00:00, run_after=2021-01-01 00:00:00+00:00
[2024-12-07T03:58:19.708-0300] {processor.py:208} INFO - Processing /home/crisu/miniconda3/envs/lab13.1/lib/python3.9/site-packages/airflow/example_dags/example_trigger_controller_dag.py took 0.124 seconds
[2024-12-07T04:00:15.378-0300] {processor.py:186} INFO - Started process (PID=48040) to work on /home/crisu/miniconda3/envs/lab13.1/lib/python3.9/site-packages/airflow/example_dags/example_trigger_controller_dag.py
[2024-12-07T04:00:15.391-0300] {processor.py:914} INFO - Processing file /home/crisu/miniconda3/envs/lab13.1/lib/python3.9/site-packages/airflow/example_dags/example_trigger_controller_dag.py for tasks to queue
[2024-12-07T04:00:15.393-0300] {logging_mixin.py:190} INFO - [2024-12-07T04:00:15.393-0300] {dagbag.py:588} INFO - Filling up the DagBag from /home/crisu/miniconda3/envs/lab13.1/lib/python3.9/site-packages/airflow/example_dags/example_trigger_controller_dag.py
[2024-12-07T04:00:15.399-0300] {processor.py:925} INFO - DAG(s) 'example_trigger_controller_dag' retrieved from /home/crisu/miniconda3/envs/lab13.1/lib/python3.9/site-packages/airflow/example_dags/example_trigger_controller_dag.py
[2024-12-07T04:00:15.412-0300] {logging_mixin.py:190} INFO - [2024-12-07T04:00:15.412-0300] {dag.py:3239} INFO - Sync 1 DAGs
[2024-12-07T04:00:15.431-0300] {logging_mixin.py:190} INFO - [2024-12-07T04:00:15.431-0300] {dag.py:4180} INFO - Setting next_dagrun for example_trigger_controller_dag to 2021-01-01 00:00:00+00:00, run_after=2021-01-01 00:00:00+00:00
[2024-12-07T04:00:15.486-0300] {processor.py:208} INFO - Processing /home/crisu/miniconda3/envs/lab13.1/lib/python3.9/site-packages/airflow/example_dags/example_trigger_controller_dag.py took 0.114 seconds
[2024-12-07T04:01:29.605-0300] {processor.py:186} INFO - Started process (PID=48188) to work on /home/crisu/miniconda3/envs/lab13.1/lib/python3.9/site-packages/airflow/example_dags/example_trigger_controller_dag.py
[2024-12-07T04:01:29.613-0300] {processor.py:914} INFO - Processing file /home/crisu/miniconda3/envs/lab13.1/lib/python3.9/site-packages/airflow/example_dags/example_trigger_controller_dag.py for tasks to queue
[2024-12-07T04:01:29.616-0300] {logging_mixin.py:190} INFO - [2024-12-07T04:01:29.615-0300] {dagbag.py:588} INFO - Filling up the DagBag from /home/crisu/miniconda3/envs/lab13.1/lib/python3.9/site-packages/airflow/example_dags/example_trigger_controller_dag.py
[2024-12-07T04:01:29.622-0300] {processor.py:925} INFO - DAG(s) 'example_trigger_controller_dag' retrieved from /home/crisu/miniconda3/envs/lab13.1/lib/python3.9/site-packages/airflow/example_dags/example_trigger_controller_dag.py
[2024-12-07T04:01:29.637-0300] {logging_mixin.py:190} INFO - [2024-12-07T04:01:29.637-0300] {dag.py:3239} INFO - Sync 1 DAGs
[2024-12-07T04:01:29.654-0300] {logging_mixin.py:190} INFO - [2024-12-07T04:01:29.654-0300] {dag.py:4180} INFO - Setting next_dagrun for example_trigger_controller_dag to 2021-01-01 00:00:00+00:00, run_after=2021-01-01 00:00:00+00:00
[2024-12-07T04:01:29.709-0300] {processor.py:208} INFO - Processing /home/crisu/miniconda3/envs/lab13.1/lib/python3.9/site-packages/airflow/example_dags/example_trigger_controller_dag.py took 0.111 seconds
[2024-12-07T04:07:09.679-0300] {processor.py:186} INFO - Started process (PID=49115) to work on /home/crisu/miniconda3/envs/lab13.1/lib/python3.9/site-packages/airflow/example_dags/example_trigger_controller_dag.py
[2024-12-07T04:07:09.680-0300] {processor.py:914} INFO - Processing file /home/crisu/miniconda3/envs/lab13.1/lib/python3.9/site-packages/airflow/example_dags/example_trigger_controller_dag.py for tasks to queue
[2024-12-07T04:07:09.681-0300] {logging_mixin.py:190} INFO - [2024-12-07T04:07:09.681-0300] {dagbag.py:588} INFO - Filling up the DagBag from /home/crisu/miniconda3/envs/lab13.1/lib/python3.9/site-packages/airflow/example_dags/example_trigger_controller_dag.py
[2024-12-07T04:07:09.685-0300] {processor.py:925} INFO - DAG(s) 'example_trigger_controller_dag' retrieved from /home/crisu/miniconda3/envs/lab13.1/lib/python3.9/site-packages/airflow/example_dags/example_trigger_controller_dag.py
[2024-12-07T04:07:09.700-0300] {logging_mixin.py:190} INFO - [2024-12-07T04:07:09.699-0300] {dag.py:3239} INFO - Sync 1 DAGs
[2024-12-07T04:07:09.717-0300] {logging_mixin.py:190} INFO - [2024-12-07T04:07:09.717-0300] {dag.py:4180} INFO - Setting next_dagrun for example_trigger_controller_dag to 2021-01-01 00:00:00+00:00, run_after=2021-01-01 00:00:00+00:00
[2024-12-07T04:07:10.634-0300] {processor.py:208} INFO - Processing /home/crisu/miniconda3/envs/lab13.1/lib/python3.9/site-packages/airflow/example_dags/example_trigger_controller_dag.py took 0.961 seconds
[2024-12-07T04:08:44.209-0300] {processor.py:186} INFO - Started process (PID=49372) to work on /home/crisu/miniconda3/envs/lab13.1/lib/python3.9/site-packages/airflow/example_dags/example_trigger_controller_dag.py
[2024-12-07T04:08:44.233-0300] {processor.py:914} INFO - Processing file /home/crisu/miniconda3/envs/lab13.1/lib/python3.9/site-packages/airflow/example_dags/example_trigger_controller_dag.py for tasks to queue
[2024-12-07T04:08:44.234-0300] {logging_mixin.py:190} INFO - [2024-12-07T04:08:44.234-0300] {dagbag.py:588} INFO - Filling up the DagBag from /home/crisu/miniconda3/envs/lab13.1/lib/python3.9/site-packages/airflow/example_dags/example_trigger_controller_dag.py
[2024-12-07T04:08:44.239-0300] {processor.py:925} INFO - DAG(s) 'example_trigger_controller_dag' retrieved from /home/crisu/miniconda3/envs/lab13.1/lib/python3.9/site-packages/airflow/example_dags/example_trigger_controller_dag.py
[2024-12-07T04:08:44.252-0300] {logging_mixin.py:190} INFO - [2024-12-07T04:08:44.251-0300] {dag.py:3239} INFO - Sync 1 DAGs
[2024-12-07T04:08:44.267-0300] {logging_mixin.py:190} INFO - [2024-12-07T04:08:44.266-0300] {dag.py:4180} INFO - Setting next_dagrun for example_trigger_controller_dag to 2021-01-01 00:00:00+00:00, run_after=2021-01-01 00:00:00+00:00
[2024-12-07T04:08:45.177-0300] {processor.py:208} INFO - Processing /home/crisu/miniconda3/envs/lab13.1/lib/python3.9/site-packages/airflow/example_dags/example_trigger_controller_dag.py took 0.973 seconds
[2024-12-07T04:09:43.719-0300] {processor.py:186} INFO - Started process (PID=49452) to work on /home/crisu/miniconda3/envs/lab13.1/lib/python3.9/site-packages/airflow/example_dags/example_trigger_controller_dag.py
[2024-12-07T04:09:43.728-0300] {processor.py:914} INFO - Processing file /home/crisu/miniconda3/envs/lab13.1/lib/python3.9/site-packages/airflow/example_dags/example_trigger_controller_dag.py for tasks to queue
[2024-12-07T04:09:43.729-0300] {logging_mixin.py:190} INFO - [2024-12-07T04:09:43.729-0300] {dagbag.py:588} INFO - Filling up the DagBag from /home/crisu/miniconda3/envs/lab13.1/lib/python3.9/site-packages/airflow/example_dags/example_trigger_controller_dag.py
[2024-12-07T04:09:43.735-0300] {processor.py:925} INFO - DAG(s) 'example_trigger_controller_dag' retrieved from /home/crisu/miniconda3/envs/lab13.1/lib/python3.9/site-packages/airflow/example_dags/example_trigger_controller_dag.py
[2024-12-07T04:09:43.747-0300] {logging_mixin.py:190} INFO - [2024-12-07T04:09:43.747-0300] {dag.py:3239} INFO - Sync 1 DAGs
[2024-12-07T04:09:43.762-0300] {logging_mixin.py:190} INFO - [2024-12-07T04:09:43.761-0300] {dag.py:4180} INFO - Setting next_dagrun for example_trigger_controller_dag to 2021-01-01 00:00:00+00:00, run_after=2021-01-01 00:00:00+00:00
[2024-12-07T04:09:43.818-0300] {processor.py:208} INFO - Processing /home/crisu/miniconda3/envs/lab13.1/lib/python3.9/site-packages/airflow/example_dags/example_trigger_controller_dag.py took 0.103 seconds
[2024-12-07T04:10:49.073-0300] {processor.py:186} INFO - Started process (PID=49526) to work on /home/crisu/miniconda3/envs/lab13.1/lib/python3.9/site-packages/airflow/example_dags/example_trigger_controller_dag.py
[2024-12-07T04:10:49.075-0300] {processor.py:914} INFO - Processing file /home/crisu/miniconda3/envs/lab13.1/lib/python3.9/site-packages/airflow/example_dags/example_trigger_controller_dag.py for tasks to queue
[2024-12-07T04:10:49.076-0300] {logging_mixin.py:190} INFO - [2024-12-07T04:10:49.075-0300] {dagbag.py:588} INFO - Filling up the DagBag from /home/crisu/miniconda3/envs/lab13.1/lib/python3.9/site-packages/airflow/example_dags/example_trigger_controller_dag.py
[2024-12-07T04:10:49.080-0300] {processor.py:925} INFO - DAG(s) 'example_trigger_controller_dag' retrieved from /home/crisu/miniconda3/envs/lab13.1/lib/python3.9/site-packages/airflow/example_dags/example_trigger_controller_dag.py
[2024-12-07T04:10:49.094-0300] {logging_mixin.py:190} INFO - [2024-12-07T04:10:49.093-0300] {dag.py:3239} INFO - Sync 1 DAGs
[2024-12-07T04:10:49.108-0300] {logging_mixin.py:190} INFO - [2024-12-07T04:10:49.108-0300] {dag.py:4180} INFO - Setting next_dagrun for example_trigger_controller_dag to 2021-01-01 00:00:00+00:00, run_after=2021-01-01 00:00:00+00:00
[2024-12-07T04:10:50.167-0300] {processor.py:208} INFO - Processing /home/crisu/miniconda3/envs/lab13.1/lib/python3.9/site-packages/airflow/example_dags/example_trigger_controller_dag.py took 1.100 seconds
[2024-12-07T04:11:46.268-0300] {processor.py:186} INFO - Started process (PID=49625) to work on /home/crisu/miniconda3/envs/lab13.1/lib/python3.9/site-packages/airflow/example_dags/example_trigger_controller_dag.py
[2024-12-07T04:11:46.272-0300] {processor.py:914} INFO - Processing file /home/crisu/miniconda3/envs/lab13.1/lib/python3.9/site-packages/airflow/example_dags/example_trigger_controller_dag.py for tasks to queue
[2024-12-07T04:11:46.273-0300] {logging_mixin.py:190} INFO - [2024-12-07T04:11:46.273-0300] {dagbag.py:588} INFO - Filling up the DagBag from /home/crisu/miniconda3/envs/lab13.1/lib/python3.9/site-packages/airflow/example_dags/example_trigger_controller_dag.py
[2024-12-07T04:11:46.278-0300] {processor.py:925} INFO - DAG(s) 'example_trigger_controller_dag' retrieved from /home/crisu/miniconda3/envs/lab13.1/lib/python3.9/site-packages/airflow/example_dags/example_trigger_controller_dag.py
[2024-12-07T04:11:46.291-0300] {logging_mixin.py:190} INFO - [2024-12-07T04:11:46.291-0300] {dag.py:3239} INFO - Sync 1 DAGs
[2024-12-07T04:11:46.306-0300] {logging_mixin.py:190} INFO - [2024-12-07T04:11:46.306-0300] {dag.py:4180} INFO - Setting next_dagrun for example_trigger_controller_dag to 2021-01-01 00:00:00+00:00, run_after=2021-01-01 00:00:00+00:00
[2024-12-07T04:11:46.369-0300] {processor.py:208} INFO - Processing /home/crisu/miniconda3/envs/lab13.1/lib/python3.9/site-packages/airflow/example_dags/example_trigger_controller_dag.py took 0.107 seconds
[2024-12-07T04:12:36.897-0300] {processor.py:186} INFO - Started process (PID=49711) to work on /home/crisu/miniconda3/envs/lab13.1/lib/python3.9/site-packages/airflow/example_dags/example_trigger_controller_dag.py
[2024-12-07T04:12:36.909-0300] {processor.py:914} INFO - Processing file /home/crisu/miniconda3/envs/lab13.1/lib/python3.9/site-packages/airflow/example_dags/example_trigger_controller_dag.py for tasks to queue
[2024-12-07T04:12:36.910-0300] {logging_mixin.py:190} INFO - [2024-12-07T04:12:36.910-0300] {dagbag.py:588} INFO - Filling up the DagBag from /home/crisu/miniconda3/envs/lab13.1/lib/python3.9/site-packages/airflow/example_dags/example_trigger_controller_dag.py
[2024-12-07T04:12:36.914-0300] {processor.py:925} INFO - DAG(s) 'example_trigger_controller_dag' retrieved from /home/crisu/miniconda3/envs/lab13.1/lib/python3.9/site-packages/airflow/example_dags/example_trigger_controller_dag.py
[2024-12-07T04:12:36.928-0300] {logging_mixin.py:190} INFO - [2024-12-07T04:12:36.928-0300] {dag.py:3239} INFO - Sync 1 DAGs
[2024-12-07T04:12:36.945-0300] {logging_mixin.py:190} INFO - [2024-12-07T04:12:36.945-0300] {dag.py:4180} INFO - Setting next_dagrun for example_trigger_controller_dag to 2021-01-01 00:00:00+00:00, run_after=2021-01-01 00:00:00+00:00
[2024-12-07T04:12:37.005-0300] {processor.py:208} INFO - Processing /home/crisu/miniconda3/envs/lab13.1/lib/python3.9/site-packages/airflow/example_dags/example_trigger_controller_dag.py took 0.113 seconds
[2024-12-07T04:13:53.616-0300] {processor.py:186} INFO - Started process (PID=49865) to work on /home/crisu/miniconda3/envs/lab13.1/lib/python3.9/site-packages/airflow/example_dags/example_trigger_controller_dag.py
[2024-12-07T04:13:53.628-0300] {processor.py:914} INFO - Processing file /home/crisu/miniconda3/envs/lab13.1/lib/python3.9/site-packages/airflow/example_dags/example_trigger_controller_dag.py for tasks to queue
[2024-12-07T04:13:53.630-0300] {logging_mixin.py:190} INFO - [2024-12-07T04:13:53.629-0300] {dagbag.py:588} INFO - Filling up the DagBag from /home/crisu/miniconda3/envs/lab13.1/lib/python3.9/site-packages/airflow/example_dags/example_trigger_controller_dag.py
[2024-12-07T04:13:53.634-0300] {processor.py:925} INFO - DAG(s) 'example_trigger_controller_dag' retrieved from /home/crisu/miniconda3/envs/lab13.1/lib/python3.9/site-packages/airflow/example_dags/example_trigger_controller_dag.py
[2024-12-07T04:13:53.648-0300] {logging_mixin.py:190} INFO - [2024-12-07T04:13:53.647-0300] {dag.py:3239} INFO - Sync 1 DAGs
[2024-12-07T04:13:53.662-0300] {logging_mixin.py:190} INFO - [2024-12-07T04:13:53.662-0300] {dag.py:4180} INFO - Setting next_dagrun for example_trigger_controller_dag to 2021-01-01 00:00:00+00:00, run_after=2021-01-01 00:00:00+00:00
[2024-12-07T04:13:53.718-0300] {processor.py:208} INFO - Processing /home/crisu/miniconda3/envs/lab13.1/lib/python3.9/site-packages/airflow/example_dags/example_trigger_controller_dag.py took 0.108 seconds
[2024-12-07T04:15:11.191-0300] {processor.py:186} INFO - Started process (PID=49996) to work on /home/crisu/miniconda3/envs/lab13.1/lib/python3.9/site-packages/airflow/example_dags/example_trigger_controller_dag.py
[2024-12-07T04:15:11.198-0300] {processor.py:914} INFO - Processing file /home/crisu/miniconda3/envs/lab13.1/lib/python3.9/site-packages/airflow/example_dags/example_trigger_controller_dag.py for tasks to queue
[2024-12-07T04:15:11.199-0300] {logging_mixin.py:190} INFO - [2024-12-07T04:15:11.199-0300] {dagbag.py:588} INFO - Filling up the DagBag from /home/crisu/miniconda3/envs/lab13.1/lib/python3.9/site-packages/airflow/example_dags/example_trigger_controller_dag.py
[2024-12-07T04:15:11.204-0300] {processor.py:925} INFO - DAG(s) 'example_trigger_controller_dag' retrieved from /home/crisu/miniconda3/envs/lab13.1/lib/python3.9/site-packages/airflow/example_dags/example_trigger_controller_dag.py
[2024-12-07T04:15:11.216-0300] {logging_mixin.py:190} INFO - [2024-12-07T04:15:11.216-0300] {dag.py:3239} INFO - Sync 1 DAGs
[2024-12-07T04:15:11.231-0300] {logging_mixin.py:190} INFO - [2024-12-07T04:15:11.230-0300] {dag.py:4180} INFO - Setting next_dagrun for example_trigger_controller_dag to 2021-01-01 00:00:00+00:00, run_after=2021-01-01 00:00:00+00:00
[2024-12-07T04:15:11.293-0300] {processor.py:208} INFO - Processing /home/crisu/miniconda3/envs/lab13.1/lib/python3.9/site-packages/airflow/example_dags/example_trigger_controller_dag.py took 0.108 seconds
