[2024-12-07T01:52:50.799-0300] {processor.py:186} INFO - Started process (PID=34032) to work on /home/crisu/miniconda3/envs/lab13.1/lib/python3.9/site-packages/airflow/example_dags/example_params_ui_tutorial.py
[2024-12-07T01:52:50.800-0300] {processor.py:914} INFO - Processing file /home/crisu/miniconda3/envs/lab13.1/lib/python3.9/site-packages/airflow/example_dags/example_params_ui_tutorial.py for tasks to queue
[2024-12-07T01:52:50.802-0300] {logging_mixin.py:190} INFO - [2024-12-07T01:52:50.801-0300] {dagbag.py:588} INFO - Filling up the DagBag from /home/crisu/miniconda3/envs/lab13.1/lib/python3.9/site-packages/airflow/example_dags/example_params_ui_tutorial.py
[2024-12-07T01:52:50.812-0300] {processor.py:925} INFO - DAG(s) 'example_params_ui_tutorial' retrieved from /home/crisu/miniconda3/envs/lab13.1/lib/python3.9/site-packages/airflow/example_dags/example_params_ui_tutorial.py
[2024-12-07T01:52:51.032-0300] {logging_mixin.py:190} INFO - [2024-12-07T01:52:51.031-0300] {override.py:1911} INFO - Created Permission View: can delete on DAG:example_params_ui_tutorial
[2024-12-07T01:52:51.088-0300] {logging_mixin.py:190} INFO - [2024-12-07T01:52:51.087-0300] {override.py:1911} INFO - Created Permission View: can edit on DAG:example_params_ui_tutorial
[2024-12-07T01:52:51.133-0300] {logging_mixin.py:190} INFO - [2024-12-07T01:52:51.133-0300] {override.py:1911} INFO - Created Permission View: can read on DAG:example_params_ui_tutorial
[2024-12-07T01:52:51.224-0300] {logging_mixin.py:190} INFO - [2024-12-07T01:52:51.223-0300] {override.py:1911} INFO - Created Permission View: menu access on DAG Run:example_params_ui_tutorial
[2024-12-07T01:52:51.269-0300] {logging_mixin.py:190} INFO - [2024-12-07T01:52:51.269-0300] {override.py:1911} INFO - Created Permission View: can delete on DAG Run:example_params_ui_tutorial
[2024-12-07T01:52:51.314-0300] {logging_mixin.py:190} INFO - [2024-12-07T01:52:51.314-0300] {override.py:1911} INFO - Created Permission View: can read on DAG Run:example_params_ui_tutorial
[2024-12-07T01:52:51.360-0300] {logging_mixin.py:190} INFO - [2024-12-07T01:52:51.359-0300] {override.py:1911} INFO - Created Permission View: can create on DAG Run:example_params_ui_tutorial
[2024-12-07T01:52:51.360-0300] {logging_mixin.py:190} INFO - [2024-12-07T01:52:51.360-0300] {dag.py:3239} INFO - Sync 1 DAGs
[2024-12-07T01:52:51.371-0300] {logging_mixin.py:190} INFO - [2024-12-07T01:52:51.371-0300] {dag.py:3262} INFO - Creating ORM DAG for example_params_ui_tutorial
[2024-12-07T01:52:51.372-0300] {logging_mixin.py:190} INFO - [2024-12-07T01:52:51.371-0300] {dag.py:4180} INFO - Setting next_dagrun for example_params_ui_tutorial to None, run_after=None
[2024-12-07T01:52:51.434-0300] {processor.py:208} INFO - Processing /home/crisu/miniconda3/envs/lab13.1/lib/python3.9/site-packages/airflow/example_dags/example_params_ui_tutorial.py took 0.644 seconds
[2024-12-07T02:07:50.636-0300] {processor.py:186} INFO - Started process (PID=35375) to work on /home/crisu/miniconda3/envs/lab13.1/lib/python3.9/site-packages/airflow/example_dags/example_params_ui_tutorial.py
[2024-12-07T02:07:50.638-0300] {processor.py:914} INFO - Processing file /home/crisu/miniconda3/envs/lab13.1/lib/python3.9/site-packages/airflow/example_dags/example_params_ui_tutorial.py for tasks to queue
[2024-12-07T02:07:50.640-0300] {logging_mixin.py:190} INFO - [2024-12-07T02:07:50.639-0300] {dagbag.py:588} INFO - Filling up the DagBag from /home/crisu/miniconda3/envs/lab13.1/lib/python3.9/site-packages/airflow/example_dags/example_params_ui_tutorial.py
[2024-12-07T02:07:50.648-0300] {processor.py:925} INFO - DAG(s) 'example_params_ui_tutorial' retrieved from /home/crisu/miniconda3/envs/lab13.1/lib/python3.9/site-packages/airflow/example_dags/example_params_ui_tutorial.py
[2024-12-07T02:07:50.688-0300] {logging_mixin.py:190} INFO - [2024-12-07T02:07:50.688-0300] {dag.py:3239} INFO - Sync 1 DAGs
[2024-12-07T02:07:50.699-0300] {logging_mixin.py:190} INFO - [2024-12-07T02:07:50.699-0300] {dag.py:4180} INFO - Setting next_dagrun for example_params_ui_tutorial to None, run_after=None
[2024-12-07T02:07:50.789-0300] {processor.py:208} INFO - Processing /home/crisu/miniconda3/envs/lab13.1/lib/python3.9/site-packages/airflow/example_dags/example_params_ui_tutorial.py took 0.158 seconds
[2024-12-07T02:11:29.856-0300] {processor.py:186} INFO - Started process (PID=35906) to work on /home/crisu/miniconda3/envs/lab13.1/lib/python3.9/site-packages/airflow/example_dags/example_params_ui_tutorial.py
[2024-12-07T02:11:29.994-0300] {processor.py:914} INFO - Processing file /home/crisu/miniconda3/envs/lab13.1/lib/python3.9/site-packages/airflow/example_dags/example_params_ui_tutorial.py for tasks to queue
[2024-12-07T02:11:29.995-0300] {logging_mixin.py:190} INFO - [2024-12-07T02:11:29.995-0300] {dagbag.py:588} INFO - Filling up the DagBag from /home/crisu/miniconda3/envs/lab13.1/lib/python3.9/site-packages/airflow/example_dags/example_params_ui_tutorial.py
[2024-12-07T02:11:30.005-0300] {processor.py:925} INFO - DAG(s) 'example_params_ui_tutorial' retrieved from /home/crisu/miniconda3/envs/lab13.1/lib/python3.9/site-packages/airflow/example_dags/example_params_ui_tutorial.py
[2024-12-07T02:11:30.050-0300] {logging_mixin.py:190} INFO - [2024-12-07T02:11:30.050-0300] {dag.py:3239} INFO - Sync 1 DAGs
[2024-12-07T02:11:30.061-0300] {logging_mixin.py:190} INFO - [2024-12-07T02:11:30.061-0300] {dag.py:4180} INFO - Setting next_dagrun for example_params_ui_tutorial to None, run_after=None
[2024-12-07T02:11:31.260-0300] {processor.py:208} INFO - Processing /home/crisu/miniconda3/envs/lab13.1/lib/python3.9/site-packages/airflow/example_dags/example_params_ui_tutorial.py took 1.412 seconds
[2024-12-07T02:12:49.275-0300] {processor.py:186} INFO - Started process (PID=36020) to work on /home/crisu/miniconda3/envs/lab13.1/lib/python3.9/site-packages/airflow/example_dags/example_params_ui_tutorial.py
[2024-12-07T02:12:49.289-0300] {processor.py:914} INFO - Processing file /home/crisu/miniconda3/envs/lab13.1/lib/python3.9/site-packages/airflow/example_dags/example_params_ui_tutorial.py for tasks to queue
[2024-12-07T02:12:49.291-0300] {logging_mixin.py:190} INFO - [2024-12-07T02:12:49.290-0300] {dagbag.py:588} INFO - Filling up the DagBag from /home/crisu/miniconda3/envs/lab13.1/lib/python3.9/site-packages/airflow/example_dags/example_params_ui_tutorial.py
[2024-12-07T02:12:49.299-0300] {processor.py:925} INFO - DAG(s) 'example_params_ui_tutorial' retrieved from /home/crisu/miniconda3/envs/lab13.1/lib/python3.9/site-packages/airflow/example_dags/example_params_ui_tutorial.py
[2024-12-07T02:12:49.345-0300] {logging_mixin.py:190} INFO - [2024-12-07T02:12:49.345-0300] {dag.py:3239} INFO - Sync 1 DAGs
[2024-12-07T02:12:49.356-0300] {logging_mixin.py:190} INFO - [2024-12-07T02:12:49.355-0300] {dag.py:4180} INFO - Setting next_dagrun for example_params_ui_tutorial to None, run_after=None
[2024-12-07T02:12:49.413-0300] {processor.py:208} INFO - Processing /home/crisu/miniconda3/envs/lab13.1/lib/python3.9/site-packages/airflow/example_dags/example_params_ui_tutorial.py took 0.146 seconds
[2024-12-07T02:15:37.205-0300] {processor.py:186} INFO - Started process (PID=36373) to work on /home/crisu/miniconda3/envs/lab13.1/lib/python3.9/site-packages/airflow/example_dags/example_params_ui_tutorial.py
[2024-12-07T02:15:37.210-0300] {processor.py:914} INFO - Processing file /home/crisu/miniconda3/envs/lab13.1/lib/python3.9/site-packages/airflow/example_dags/example_params_ui_tutorial.py for tasks to queue
[2024-12-07T02:15:37.212-0300] {logging_mixin.py:190} INFO - [2024-12-07T02:15:37.211-0300] {dagbag.py:588} INFO - Filling up the DagBag from /home/crisu/miniconda3/envs/lab13.1/lib/python3.9/site-packages/airflow/example_dags/example_params_ui_tutorial.py
[2024-12-07T02:15:37.219-0300] {processor.py:925} INFO - DAG(s) 'example_params_ui_tutorial' retrieved from /home/crisu/miniconda3/envs/lab13.1/lib/python3.9/site-packages/airflow/example_dags/example_params_ui_tutorial.py
[2024-12-07T02:15:37.260-0300] {logging_mixin.py:190} INFO - [2024-12-07T02:15:37.260-0300] {dag.py:3239} INFO - Sync 1 DAGs
[2024-12-07T02:15:37.271-0300] {logging_mixin.py:190} INFO - [2024-12-07T02:15:37.271-0300] {dag.py:4180} INFO - Setting next_dagrun for example_params_ui_tutorial to None, run_after=None
[2024-12-07T02:15:37.327-0300] {processor.py:208} INFO - Processing /home/crisu/miniconda3/envs/lab13.1/lib/python3.9/site-packages/airflow/example_dags/example_params_ui_tutorial.py took 0.131 seconds
[2024-12-07T02:17:12.613-0300] {processor.py:186} INFO - Started process (PID=36532) to work on /home/crisu/miniconda3/envs/lab13.1/lib/python3.9/site-packages/airflow/example_dags/example_params_ui_tutorial.py
[2024-12-07T02:17:12.615-0300] {processor.py:914} INFO - Processing file /home/crisu/miniconda3/envs/lab13.1/lib/python3.9/site-packages/airflow/example_dags/example_params_ui_tutorial.py for tasks to queue
[2024-12-07T02:17:12.617-0300] {logging_mixin.py:190} INFO - [2024-12-07T02:17:12.617-0300] {dagbag.py:588} INFO - Filling up the DagBag from /home/crisu/miniconda3/envs/lab13.1/lib/python3.9/site-packages/airflow/example_dags/example_params_ui_tutorial.py
[2024-12-07T02:17:12.625-0300] {processor.py:925} INFO - DAG(s) 'example_params_ui_tutorial' retrieved from /home/crisu/miniconda3/envs/lab13.1/lib/python3.9/site-packages/airflow/example_dags/example_params_ui_tutorial.py
[2024-12-07T02:17:12.665-0300] {logging_mixin.py:190} INFO - [2024-12-07T02:17:12.665-0300] {dag.py:3239} INFO - Sync 1 DAGs
[2024-12-07T02:17:12.675-0300] {logging_mixin.py:190} INFO - [2024-12-07T02:17:12.675-0300] {dag.py:4180} INFO - Setting next_dagrun for example_params_ui_tutorial to None, run_after=None
[2024-12-07T02:17:12.741-0300] {processor.py:208} INFO - Processing /home/crisu/miniconda3/envs/lab13.1/lib/python3.9/site-packages/airflow/example_dags/example_params_ui_tutorial.py took 0.135 seconds
[2024-12-07T02:18:40.941-0300] {processor.py:186} INFO - Started process (PID=36706) to work on /home/crisu/miniconda3/envs/lab13.1/lib/python3.9/site-packages/airflow/example_dags/example_params_ui_tutorial.py
[2024-12-07T02:18:40.948-0300] {processor.py:914} INFO - Processing file /home/crisu/miniconda3/envs/lab13.1/lib/python3.9/site-packages/airflow/example_dags/example_params_ui_tutorial.py for tasks to queue
[2024-12-07T02:18:40.950-0300] {logging_mixin.py:190} INFO - [2024-12-07T02:18:40.949-0300] {dagbag.py:588} INFO - Filling up the DagBag from /home/crisu/miniconda3/envs/lab13.1/lib/python3.9/site-packages/airflow/example_dags/example_params_ui_tutorial.py
[2024-12-07T02:18:40.958-0300] {processor.py:925} INFO - DAG(s) 'example_params_ui_tutorial' retrieved from /home/crisu/miniconda3/envs/lab13.1/lib/python3.9/site-packages/airflow/example_dags/example_params_ui_tutorial.py
[2024-12-07T02:18:40.997-0300] {logging_mixin.py:190} INFO - [2024-12-07T02:18:40.997-0300] {dag.py:3239} INFO - Sync 1 DAGs
[2024-12-07T02:18:41.008-0300] {logging_mixin.py:190} INFO - [2024-12-07T02:18:41.008-0300] {dag.py:4180} INFO - Setting next_dagrun for example_params_ui_tutorial to None, run_after=None
[2024-12-07T02:18:41.074-0300] {processor.py:208} INFO - Processing /home/crisu/miniconda3/envs/lab13.1/lib/python3.9/site-packages/airflow/example_dags/example_params_ui_tutorial.py took 0.140 seconds
[2024-12-07T02:31:13.303-0300] {processor.py:186} INFO - Started process (PID=37984) to work on /home/crisu/miniconda3/envs/lab13.1/lib/python3.9/site-packages/airflow/example_dags/example_params_ui_tutorial.py
[2024-12-07T02:31:13.304-0300] {processor.py:914} INFO - Processing file /home/crisu/miniconda3/envs/lab13.1/lib/python3.9/site-packages/airflow/example_dags/example_params_ui_tutorial.py for tasks to queue
[2024-12-07T02:31:13.306-0300] {logging_mixin.py:190} INFO - [2024-12-07T02:31:13.305-0300] {dagbag.py:588} INFO - Filling up the DagBag from /home/crisu/miniconda3/envs/lab13.1/lib/python3.9/site-packages/airflow/example_dags/example_params_ui_tutorial.py
[2024-12-07T02:31:13.315-0300] {processor.py:925} INFO - DAG(s) 'example_params_ui_tutorial' retrieved from /home/crisu/miniconda3/envs/lab13.1/lib/python3.9/site-packages/airflow/example_dags/example_params_ui_tutorial.py
[2024-12-07T02:31:13.356-0300] {logging_mixin.py:190} INFO - [2024-12-07T02:31:13.356-0300] {dag.py:3239} INFO - Sync 1 DAGs
[2024-12-07T02:31:13.367-0300] {logging_mixin.py:190} INFO - [2024-12-07T02:31:13.367-0300] {dag.py:4180} INFO - Setting next_dagrun for example_params_ui_tutorial to None, run_after=None
[2024-12-07T02:31:13.427-0300] {processor.py:208} INFO - Processing /home/crisu/miniconda3/envs/lab13.1/lib/python3.9/site-packages/airflow/example_dags/example_params_ui_tutorial.py took 0.129 seconds
[2024-12-07T02:33:43.806-0300] {processor.py:186} INFO - Started process (PID=38208) to work on /home/crisu/miniconda3/envs/lab13.1/lib/python3.9/site-packages/airflow/example_dags/example_params_ui_tutorial.py
[2024-12-07T02:33:43.823-0300] {processor.py:914} INFO - Processing file /home/crisu/miniconda3/envs/lab13.1/lib/python3.9/site-packages/airflow/example_dags/example_params_ui_tutorial.py for tasks to queue
[2024-12-07T02:33:43.825-0300] {logging_mixin.py:190} INFO - [2024-12-07T02:33:43.825-0300] {dagbag.py:588} INFO - Filling up the DagBag from /home/crisu/miniconda3/envs/lab13.1/lib/python3.9/site-packages/airflow/example_dags/example_params_ui_tutorial.py
[2024-12-07T02:33:43.833-0300] {processor.py:925} INFO - DAG(s) 'example_params_ui_tutorial' retrieved from /home/crisu/miniconda3/envs/lab13.1/lib/python3.9/site-packages/airflow/example_dags/example_params_ui_tutorial.py
[2024-12-07T02:33:43.873-0300] {logging_mixin.py:190} INFO - [2024-12-07T02:33:43.873-0300] {dag.py:3239} INFO - Sync 1 DAGs
[2024-12-07T02:33:43.884-0300] {logging_mixin.py:190} INFO - [2024-12-07T02:33:43.884-0300] {dag.py:4180} INFO - Setting next_dagrun for example_params_ui_tutorial to None, run_after=None
[2024-12-07T02:33:43.954-0300] {processor.py:208} INFO - Processing /home/crisu/miniconda3/envs/lab13.1/lib/python3.9/site-packages/airflow/example_dags/example_params_ui_tutorial.py took 0.153 seconds
[2024-12-07T02:36:14.452-0300] {processor.py:186} INFO - Started process (PID=38480) to work on /home/crisu/miniconda3/envs/lab13.1/lib/python3.9/site-packages/airflow/example_dags/example_params_ui_tutorial.py
[2024-12-07T02:36:14.470-0300] {processor.py:914} INFO - Processing file /home/crisu/miniconda3/envs/lab13.1/lib/python3.9/site-packages/airflow/example_dags/example_params_ui_tutorial.py for tasks to queue
[2024-12-07T02:36:14.472-0300] {logging_mixin.py:190} INFO - [2024-12-07T02:36:14.472-0300] {dagbag.py:588} INFO - Filling up the DagBag from /home/crisu/miniconda3/envs/lab13.1/lib/python3.9/site-packages/airflow/example_dags/example_params_ui_tutorial.py
[2024-12-07T02:36:14.481-0300] {processor.py:925} INFO - DAG(s) 'example_params_ui_tutorial' retrieved from /home/crisu/miniconda3/envs/lab13.1/lib/python3.9/site-packages/airflow/example_dags/example_params_ui_tutorial.py
[2024-12-07T02:36:14.521-0300] {logging_mixin.py:190} INFO - [2024-12-07T02:36:14.521-0300] {dag.py:3239} INFO - Sync 1 DAGs
[2024-12-07T02:36:14.535-0300] {logging_mixin.py:190} INFO - [2024-12-07T02:36:14.535-0300] {dag.py:4180} INFO - Setting next_dagrun for example_params_ui_tutorial to None, run_after=None
[2024-12-07T02:36:14.603-0300] {processor.py:208} INFO - Processing /home/crisu/miniconda3/envs/lab13.1/lib/python3.9/site-packages/airflow/example_dags/example_params_ui_tutorial.py took 0.156 seconds
[2024-12-07T02:39:04.151-0300] {processor.py:186} INFO - Started process (PID=38780) to work on /home/crisu/miniconda3/envs/lab13.1/lib/python3.9/site-packages/airflow/example_dags/example_params_ui_tutorial.py
[2024-12-07T02:39:04.196-0300] {processor.py:914} INFO - Processing file /home/crisu/miniconda3/envs/lab13.1/lib/python3.9/site-packages/airflow/example_dags/example_params_ui_tutorial.py for tasks to queue
[2024-12-07T02:39:04.198-0300] {logging_mixin.py:190} INFO - [2024-12-07T02:39:04.198-0300] {dagbag.py:588} INFO - Filling up the DagBag from /home/crisu/miniconda3/envs/lab13.1/lib/python3.9/site-packages/airflow/example_dags/example_params_ui_tutorial.py
[2024-12-07T02:39:04.206-0300] {processor.py:925} INFO - DAG(s) 'example_params_ui_tutorial' retrieved from /home/crisu/miniconda3/envs/lab13.1/lib/python3.9/site-packages/airflow/example_dags/example_params_ui_tutorial.py
[2024-12-07T02:39:04.250-0300] {logging_mixin.py:190} INFO - [2024-12-07T02:39:04.249-0300] {dag.py:3239} INFO - Sync 1 DAGs
[2024-12-07T02:39:04.263-0300] {logging_mixin.py:190} INFO - [2024-12-07T02:39:04.263-0300] {dag.py:4180} INFO - Setting next_dagrun for example_params_ui_tutorial to None, run_after=None
[2024-12-07T02:39:05.056-0300] {processor.py:208} INFO - Processing /home/crisu/miniconda3/envs/lab13.1/lib/python3.9/site-packages/airflow/example_dags/example_params_ui_tutorial.py took 0.910 seconds
[2024-12-07T02:40:30.819-0300] {processor.py:186} INFO - Started process (PID=38889) to work on /home/crisu/miniconda3/envs/lab13.1/lib/python3.9/site-packages/airflow/example_dags/example_params_ui_tutorial.py
[2024-12-07T02:40:30.823-0300] {processor.py:914} INFO - Processing file /home/crisu/miniconda3/envs/lab13.1/lib/python3.9/site-packages/airflow/example_dags/example_params_ui_tutorial.py for tasks to queue
[2024-12-07T02:40:30.825-0300] {logging_mixin.py:190} INFO - [2024-12-07T02:40:30.825-0300] {dagbag.py:588} INFO - Filling up the DagBag from /home/crisu/miniconda3/envs/lab13.1/lib/python3.9/site-packages/airflow/example_dags/example_params_ui_tutorial.py
[2024-12-07T02:40:30.833-0300] {processor.py:925} INFO - DAG(s) 'example_params_ui_tutorial' retrieved from /home/crisu/miniconda3/envs/lab13.1/lib/python3.9/site-packages/airflow/example_dags/example_params_ui_tutorial.py
[2024-12-07T02:40:30.873-0300] {logging_mixin.py:190} INFO - [2024-12-07T02:40:30.872-0300] {dag.py:3239} INFO - Sync 1 DAGs
[2024-12-07T02:40:30.972-0300] {logging_mixin.py:190} INFO - [2024-12-07T02:40:30.971-0300] {dag.py:4180} INFO - Setting next_dagrun for example_params_ui_tutorial to None, run_after=None
[2024-12-07T02:40:31.031-0300] {processor.py:208} INFO - Processing /home/crisu/miniconda3/envs/lab13.1/lib/python3.9/site-packages/airflow/example_dags/example_params_ui_tutorial.py took 0.217 seconds
[2024-12-07T02:41:43.604-0300] {processor.py:186} INFO - Started process (PID=39013) to work on /home/crisu/miniconda3/envs/lab13.1/lib/python3.9/site-packages/airflow/example_dags/example_params_ui_tutorial.py
[2024-12-07T02:41:43.614-0300] {processor.py:914} INFO - Processing file /home/crisu/miniconda3/envs/lab13.1/lib/python3.9/site-packages/airflow/example_dags/example_params_ui_tutorial.py for tasks to queue
[2024-12-07T02:41:43.616-0300] {logging_mixin.py:190} INFO - [2024-12-07T02:41:43.616-0300] {dagbag.py:588} INFO - Filling up the DagBag from /home/crisu/miniconda3/envs/lab13.1/lib/python3.9/site-packages/airflow/example_dags/example_params_ui_tutorial.py
[2024-12-07T02:41:43.624-0300] {processor.py:925} INFO - DAG(s) 'example_params_ui_tutorial' retrieved from /home/crisu/miniconda3/envs/lab13.1/lib/python3.9/site-packages/airflow/example_dags/example_params_ui_tutorial.py
[2024-12-07T02:41:43.668-0300] {logging_mixin.py:190} INFO - [2024-12-07T02:41:43.668-0300] {dag.py:3239} INFO - Sync 1 DAGs
[2024-12-07T02:41:43.788-0300] {logging_mixin.py:190} INFO - [2024-12-07T02:41:43.787-0300] {dag.py:4180} INFO - Setting next_dagrun for example_params_ui_tutorial to None, run_after=None
[2024-12-07T02:41:43.867-0300] {processor.py:208} INFO - Processing /home/crisu/miniconda3/envs/lab13.1/lib/python3.9/site-packages/airflow/example_dags/example_params_ui_tutorial.py took 0.268 seconds
[2024-12-07T02:44:51.784-0300] {processor.py:186} INFO - Started process (PID=39707) to work on /home/crisu/miniconda3/envs/lab13.1/lib/python3.9/site-packages/airflow/example_dags/example_params_ui_tutorial.py
[2024-12-07T02:44:51.785-0300] {processor.py:914} INFO - Processing file /home/crisu/miniconda3/envs/lab13.1/lib/python3.9/site-packages/airflow/example_dags/example_params_ui_tutorial.py for tasks to queue
[2024-12-07T02:44:51.788-0300] {logging_mixin.py:190} INFO - [2024-12-07T02:44:51.787-0300] {dagbag.py:588} INFO - Filling up the DagBag from /home/crisu/miniconda3/envs/lab13.1/lib/python3.9/site-packages/airflow/example_dags/example_params_ui_tutorial.py
[2024-12-07T02:44:51.803-0300] {processor.py:925} INFO - DAG(s) 'example_params_ui_tutorial' retrieved from /home/crisu/miniconda3/envs/lab13.1/lib/python3.9/site-packages/airflow/example_dags/example_params_ui_tutorial.py
[2024-12-07T02:44:51.870-0300] {logging_mixin.py:190} INFO - [2024-12-07T02:44:51.869-0300] {dag.py:3239} INFO - Sync 1 DAGs
[2024-12-07T02:44:51.882-0300] {logging_mixin.py:190} INFO - [2024-12-07T02:44:51.882-0300] {dag.py:4180} INFO - Setting next_dagrun for example_params_ui_tutorial to None, run_after=None
[2024-12-07T02:44:52.150-0300] {processor.py:208} INFO - Processing /home/crisu/miniconda3/envs/lab13.1/lib/python3.9/site-packages/airflow/example_dags/example_params_ui_tutorial.py took 0.373 seconds
[2024-12-07T02:46:31.942-0300] {processor.py:186} INFO - Started process (PID=39998) to work on /home/crisu/miniconda3/envs/lab13.1/lib/python3.9/site-packages/airflow/example_dags/example_params_ui_tutorial.py
[2024-12-07T02:46:31.947-0300] {processor.py:914} INFO - Processing file /home/crisu/miniconda3/envs/lab13.1/lib/python3.9/site-packages/airflow/example_dags/example_params_ui_tutorial.py for tasks to queue
[2024-12-07T02:46:31.949-0300] {logging_mixin.py:190} INFO - [2024-12-07T02:46:31.949-0300] {dagbag.py:588} INFO - Filling up the DagBag from /home/crisu/miniconda3/envs/lab13.1/lib/python3.9/site-packages/airflow/example_dags/example_params_ui_tutorial.py
[2024-12-07T02:46:31.958-0300] {processor.py:925} INFO - DAG(s) 'example_params_ui_tutorial' retrieved from /home/crisu/miniconda3/envs/lab13.1/lib/python3.9/site-packages/airflow/example_dags/example_params_ui_tutorial.py
[2024-12-07T02:46:32.002-0300] {logging_mixin.py:190} INFO - [2024-12-07T02:46:32.001-0300] {dag.py:3239} INFO - Sync 1 DAGs
[2024-12-07T02:46:32.012-0300] {logging_mixin.py:190} INFO - [2024-12-07T02:46:32.012-0300] {dag.py:4180} INFO - Setting next_dagrun for example_params_ui_tutorial to None, run_after=None
[2024-12-07T02:46:32.074-0300] {processor.py:208} INFO - Processing /home/crisu/miniconda3/envs/lab13.1/lib/python3.9/site-packages/airflow/example_dags/example_params_ui_tutorial.py took 0.137 seconds
[2024-12-07T02:48:02.502-0300] {processor.py:186} INFO - Started process (PID=40305) to work on /home/crisu/miniconda3/envs/lab13.1/lib/python3.9/site-packages/airflow/example_dags/example_params_ui_tutorial.py
[2024-12-07T02:48:02.645-0300] {processor.py:914} INFO - Processing file /home/crisu/miniconda3/envs/lab13.1/lib/python3.9/site-packages/airflow/example_dags/example_params_ui_tutorial.py for tasks to queue
[2024-12-07T02:48:02.647-0300] {logging_mixin.py:190} INFO - [2024-12-07T02:48:02.647-0300] {dagbag.py:588} INFO - Filling up the DagBag from /home/crisu/miniconda3/envs/lab13.1/lib/python3.9/site-packages/airflow/example_dags/example_params_ui_tutorial.py
[2024-12-07T02:48:02.658-0300] {processor.py:925} INFO - DAG(s) 'example_params_ui_tutorial' retrieved from /home/crisu/miniconda3/envs/lab13.1/lib/python3.9/site-packages/airflow/example_dags/example_params_ui_tutorial.py
[2024-12-07T02:48:02.701-0300] {logging_mixin.py:190} INFO - [2024-12-07T02:48:02.701-0300] {dag.py:3239} INFO - Sync 1 DAGs
[2024-12-07T02:48:02.712-0300] {logging_mixin.py:190} INFO - [2024-12-07T02:48:02.712-0300] {dag.py:4180} INFO - Setting next_dagrun for example_params_ui_tutorial to None, run_after=None
[2024-12-07T02:48:03.953-0300] {processor.py:208} INFO - Processing /home/crisu/miniconda3/envs/lab13.1/lib/python3.9/site-packages/airflow/example_dags/example_params_ui_tutorial.py took 1.456 seconds
[2024-12-07T02:50:12.158-0300] {processor.py:186} INFO - Started process (PID=40800) to work on /home/crisu/miniconda3/envs/lab13.1/lib/python3.9/site-packages/airflow/example_dags/example_params_ui_tutorial.py
[2024-12-07T02:50:12.184-0300] {processor.py:914} INFO - Processing file /home/crisu/miniconda3/envs/lab13.1/lib/python3.9/site-packages/airflow/example_dags/example_params_ui_tutorial.py for tasks to queue
[2024-12-07T02:50:12.186-0300] {logging_mixin.py:190} INFO - [2024-12-07T02:50:12.186-0300] {dagbag.py:588} INFO - Filling up the DagBag from /home/crisu/miniconda3/envs/lab13.1/lib/python3.9/site-packages/airflow/example_dags/example_params_ui_tutorial.py
[2024-12-07T02:50:12.196-0300] {processor.py:925} INFO - DAG(s) 'example_params_ui_tutorial' retrieved from /home/crisu/miniconda3/envs/lab13.1/lib/python3.9/site-packages/airflow/example_dags/example_params_ui_tutorial.py
[2024-12-07T02:50:12.241-0300] {logging_mixin.py:190} INFO - [2024-12-07T02:50:12.241-0300] {dag.py:3239} INFO - Sync 1 DAGs
[2024-12-07T02:50:12.253-0300] {logging_mixin.py:190} INFO - [2024-12-07T02:50:12.253-0300] {dag.py:4180} INFO - Setting next_dagrun for example_params_ui_tutorial to None, run_after=None
[2024-12-07T02:50:12.359-0300] {processor.py:208} INFO - Processing /home/crisu/miniconda3/envs/lab13.1/lib/python3.9/site-packages/airflow/example_dags/example_params_ui_tutorial.py took 0.206 seconds
[2024-12-07T02:51:40.200-0300] {processor.py:186} INFO - Started process (PID=40995) to work on /home/crisu/miniconda3/envs/lab13.1/lib/python3.9/site-packages/airflow/example_dags/example_params_ui_tutorial.py
[2024-12-07T02:51:40.223-0300] {processor.py:914} INFO - Processing file /home/crisu/miniconda3/envs/lab13.1/lib/python3.9/site-packages/airflow/example_dags/example_params_ui_tutorial.py for tasks to queue
[2024-12-07T02:51:40.225-0300] {logging_mixin.py:190} INFO - [2024-12-07T02:51:40.224-0300] {dagbag.py:588} INFO - Filling up the DagBag from /home/crisu/miniconda3/envs/lab13.1/lib/python3.9/site-packages/airflow/example_dags/example_params_ui_tutorial.py
[2024-12-07T02:51:40.233-0300] {processor.py:925} INFO - DAG(s) 'example_params_ui_tutorial' retrieved from /home/crisu/miniconda3/envs/lab13.1/lib/python3.9/site-packages/airflow/example_dags/example_params_ui_tutorial.py
[2024-12-07T02:51:40.273-0300] {logging_mixin.py:190} INFO - [2024-12-07T02:51:40.273-0300] {dag.py:3239} INFO - Sync 1 DAGs
[2024-12-07T02:51:40.283-0300] {logging_mixin.py:190} INFO - [2024-12-07T02:51:40.283-0300] {dag.py:4180} INFO - Setting next_dagrun for example_params_ui_tutorial to None, run_after=None
[2024-12-07T02:51:41.011-0300] {processor.py:208} INFO - Processing /home/crisu/miniconda3/envs/lab13.1/lib/python3.9/site-packages/airflow/example_dags/example_params_ui_tutorial.py took 0.819 seconds
[2024-12-07T03:20:17.619-0300] {processor.py:186} INFO - Started process (PID=42662) to work on /home/crisu/miniconda3/envs/lab13.1/lib/python3.9/site-packages/airflow/example_dags/example_params_ui_tutorial.py
[2024-12-07T03:20:17.640-0300] {processor.py:914} INFO - Processing file /home/crisu/miniconda3/envs/lab13.1/lib/python3.9/site-packages/airflow/example_dags/example_params_ui_tutorial.py for tasks to queue
[2024-12-07T03:20:17.641-0300] {logging_mixin.py:190} INFO - [2024-12-07T03:20:17.641-0300] {dagbag.py:588} INFO - Filling up the DagBag from /home/crisu/miniconda3/envs/lab13.1/lib/python3.9/site-packages/airflow/example_dags/example_params_ui_tutorial.py
[2024-12-07T03:20:17.652-0300] {processor.py:925} INFO - DAG(s) 'example_params_ui_tutorial' retrieved from /home/crisu/miniconda3/envs/lab13.1/lib/python3.9/site-packages/airflow/example_dags/example_params_ui_tutorial.py
[2024-12-07T03:20:17.696-0300] {logging_mixin.py:190} INFO - [2024-12-07T03:20:17.696-0300] {dag.py:3239} INFO - Sync 1 DAGs
[2024-12-07T03:20:17.707-0300] {logging_mixin.py:190} INFO - [2024-12-07T03:20:17.707-0300] {dag.py:4180} INFO - Setting next_dagrun for example_params_ui_tutorial to None, run_after=None
[2024-12-07T03:20:18.418-0300] {processor.py:208} INFO - Processing /home/crisu/miniconda3/envs/lab13.1/lib/python3.9/site-packages/airflow/example_dags/example_params_ui_tutorial.py took 0.804 seconds
[2024-12-07T03:23:27.516-0300] {processor.py:186} INFO - Started process (PID=42847) to work on /home/crisu/miniconda3/envs/lab13.1/lib/python3.9/site-packages/airflow/example_dags/example_params_ui_tutorial.py
[2024-12-07T03:23:27.542-0300] {processor.py:914} INFO - Processing file /home/crisu/miniconda3/envs/lab13.1/lib/python3.9/site-packages/airflow/example_dags/example_params_ui_tutorial.py for tasks to queue
[2024-12-07T03:23:27.543-0300] {logging_mixin.py:190} INFO - [2024-12-07T03:23:27.543-0300] {dagbag.py:588} INFO - Filling up the DagBag from /home/crisu/miniconda3/envs/lab13.1/lib/python3.9/site-packages/airflow/example_dags/example_params_ui_tutorial.py
[2024-12-07T03:23:27.551-0300] {processor.py:925} INFO - DAG(s) 'example_params_ui_tutorial' retrieved from /home/crisu/miniconda3/envs/lab13.1/lib/python3.9/site-packages/airflow/example_dags/example_params_ui_tutorial.py
[2024-12-07T03:23:27.608-0300] {logging_mixin.py:190} INFO - [2024-12-07T03:23:27.607-0300] {dag.py:3239} INFO - Sync 1 DAGs
[2024-12-07T03:23:27.625-0300] {logging_mixin.py:190} INFO - [2024-12-07T03:23:27.624-0300] {dag.py:4180} INFO - Setting next_dagrun for example_params_ui_tutorial to None, run_after=None
[2024-12-07T03:23:28.134-0300] {processor.py:208} INFO - Processing /home/crisu/miniconda3/envs/lab13.1/lib/python3.9/site-packages/airflow/example_dags/example_params_ui_tutorial.py took 0.625 seconds
[2024-12-07T03:27:40.245-0300] {processor.py:186} INFO - Started process (PID=43628) to work on /home/crisu/miniconda3/envs/lab13.1/lib/python3.9/site-packages/airflow/example_dags/example_params_ui_tutorial.py
[2024-12-07T03:27:40.266-0300] {processor.py:914} INFO - Processing file /home/crisu/miniconda3/envs/lab13.1/lib/python3.9/site-packages/airflow/example_dags/example_params_ui_tutorial.py for tasks to queue
[2024-12-07T03:27:40.268-0300] {logging_mixin.py:190} INFO - [2024-12-07T03:27:40.268-0300] {dagbag.py:588} INFO - Filling up the DagBag from /home/crisu/miniconda3/envs/lab13.1/lib/python3.9/site-packages/airflow/example_dags/example_params_ui_tutorial.py
[2024-12-07T03:27:40.277-0300] {processor.py:925} INFO - DAG(s) 'example_params_ui_tutorial' retrieved from /home/crisu/miniconda3/envs/lab13.1/lib/python3.9/site-packages/airflow/example_dags/example_params_ui_tutorial.py
[2024-12-07T03:27:40.318-0300] {logging_mixin.py:190} INFO - [2024-12-07T03:27:40.318-0300] {dag.py:3239} INFO - Sync 1 DAGs
[2024-12-07T03:27:40.328-0300] {logging_mixin.py:190} INFO - [2024-12-07T03:27:40.328-0300] {dag.py:4180} INFO - Setting next_dagrun for example_params_ui_tutorial to None, run_after=None
[2024-12-07T03:27:40.399-0300] {processor.py:208} INFO - Processing /home/crisu/miniconda3/envs/lab13.1/lib/python3.9/site-packages/airflow/example_dags/example_params_ui_tutorial.py took 0.159 seconds
[2024-12-07T03:29:35.863-0300] {processor.py:186} INFO - Started process (PID=43838) to work on /home/crisu/miniconda3/envs/lab13.1/lib/python3.9/site-packages/airflow/example_dags/example_params_ui_tutorial.py
[2024-12-07T03:29:35.883-0300] {processor.py:914} INFO - Processing file /home/crisu/miniconda3/envs/lab13.1/lib/python3.9/site-packages/airflow/example_dags/example_params_ui_tutorial.py for tasks to queue
[2024-12-07T03:29:35.885-0300] {logging_mixin.py:190} INFO - [2024-12-07T03:29:35.884-0300] {dagbag.py:588} INFO - Filling up the DagBag from /home/crisu/miniconda3/envs/lab13.1/lib/python3.9/site-packages/airflow/example_dags/example_params_ui_tutorial.py
[2024-12-07T03:29:35.893-0300] {processor.py:925} INFO - DAG(s) 'example_params_ui_tutorial' retrieved from /home/crisu/miniconda3/envs/lab13.1/lib/python3.9/site-packages/airflow/example_dags/example_params_ui_tutorial.py
[2024-12-07T03:29:35.938-0300] {logging_mixin.py:190} INFO - [2024-12-07T03:29:35.938-0300] {dag.py:3239} INFO - Sync 1 DAGs
[2024-12-07T03:29:35.949-0300] {logging_mixin.py:190} INFO - [2024-12-07T03:29:35.948-0300] {dag.py:4180} INFO - Setting next_dagrun for example_params_ui_tutorial to None, run_after=None
[2024-12-07T03:29:36.025-0300] {processor.py:208} INFO - Processing /home/crisu/miniconda3/envs/lab13.1/lib/python3.9/site-packages/airflow/example_dags/example_params_ui_tutorial.py took 0.167 seconds
[2024-12-07T03:34:11.077-0300] {processor.py:186} INFO - Started process (PID=44567) to work on /home/crisu/miniconda3/envs/lab13.1/lib/python3.9/site-packages/airflow/example_dags/example_params_ui_tutorial.py
[2024-12-07T03:34:11.078-0300] {processor.py:914} INFO - Processing file /home/crisu/miniconda3/envs/lab13.1/lib/python3.9/site-packages/airflow/example_dags/example_params_ui_tutorial.py for tasks to queue
[2024-12-07T03:34:11.079-0300] {logging_mixin.py:190} INFO - [2024-12-07T03:34:11.079-0300] {dagbag.py:588} INFO - Filling up the DagBag from /home/crisu/miniconda3/envs/lab13.1/lib/python3.9/site-packages/airflow/example_dags/example_params_ui_tutorial.py
[2024-12-07T03:34:11.086-0300] {processor.py:925} INFO - DAG(s) 'example_params_ui_tutorial' retrieved from /home/crisu/miniconda3/envs/lab13.1/lib/python3.9/site-packages/airflow/example_dags/example_params_ui_tutorial.py
[2024-12-07T03:34:11.129-0300] {logging_mixin.py:190} INFO - [2024-12-07T03:34:11.129-0300] {dag.py:3239} INFO - Sync 1 DAGs
[2024-12-07T03:34:11.141-0300] {logging_mixin.py:190} INFO - [2024-12-07T03:34:11.141-0300] {dag.py:4180} INFO - Setting next_dagrun for example_params_ui_tutorial to None, run_after=None
[2024-12-07T03:34:11.196-0300] {processor.py:208} INFO - Processing /home/crisu/miniconda3/envs/lab13.1/lib/python3.9/site-packages/airflow/example_dags/example_params_ui_tutorial.py took 0.126 seconds
[2024-12-07T03:35:47.141-0300] {processor.py:186} INFO - Started process (PID=44767) to work on /home/crisu/miniconda3/envs/lab13.1/lib/python3.9/site-packages/airflow/example_dags/example_params_ui_tutorial.py
[2024-12-07T03:35:47.152-0300] {processor.py:914} INFO - Processing file /home/crisu/miniconda3/envs/lab13.1/lib/python3.9/site-packages/airflow/example_dags/example_params_ui_tutorial.py for tasks to queue
[2024-12-07T03:35:47.154-0300] {logging_mixin.py:190} INFO - [2024-12-07T03:35:47.153-0300] {dagbag.py:588} INFO - Filling up the DagBag from /home/crisu/miniconda3/envs/lab13.1/lib/python3.9/site-packages/airflow/example_dags/example_params_ui_tutorial.py
[2024-12-07T03:35:47.167-0300] {processor.py:925} INFO - DAG(s) 'example_params_ui_tutorial' retrieved from /home/crisu/miniconda3/envs/lab13.1/lib/python3.9/site-packages/airflow/example_dags/example_params_ui_tutorial.py
[2024-12-07T03:35:47.238-0300] {logging_mixin.py:190} INFO - [2024-12-07T03:35:47.238-0300] {dag.py:3239} INFO - Sync 1 DAGs
[2024-12-07T03:35:47.255-0300] {logging_mixin.py:190} INFO - [2024-12-07T03:35:47.255-0300] {dag.py:4180} INFO - Setting next_dagrun for example_params_ui_tutorial to None, run_after=None
[2024-12-07T03:35:47.328-0300] {processor.py:208} INFO - Processing /home/crisu/miniconda3/envs/lab13.1/lib/python3.9/site-packages/airflow/example_dags/example_params_ui_tutorial.py took 0.195 seconds
[2024-12-07T03:37:51.111-0300] {processor.py:186} INFO - Started process (PID=44964) to work on /home/crisu/miniconda3/envs/lab13.1/lib/python3.9/site-packages/airflow/example_dags/example_params_ui_tutorial.py
[2024-12-07T03:37:51.128-0300] {processor.py:914} INFO - Processing file /home/crisu/miniconda3/envs/lab13.1/lib/python3.9/site-packages/airflow/example_dags/example_params_ui_tutorial.py for tasks to queue
[2024-12-07T03:37:51.129-0300] {logging_mixin.py:190} INFO - [2024-12-07T03:37:51.129-0300] {dagbag.py:588} INFO - Filling up the DagBag from /home/crisu/miniconda3/envs/lab13.1/lib/python3.9/site-packages/airflow/example_dags/example_params_ui_tutorial.py
[2024-12-07T03:37:51.136-0300] {processor.py:925} INFO - DAG(s) 'example_params_ui_tutorial' retrieved from /home/crisu/miniconda3/envs/lab13.1/lib/python3.9/site-packages/airflow/example_dags/example_params_ui_tutorial.py
[2024-12-07T03:37:51.176-0300] {logging_mixin.py:190} INFO - [2024-12-07T03:37:51.176-0300] {dag.py:3239} INFO - Sync 1 DAGs
[2024-12-07T03:37:51.187-0300] {logging_mixin.py:190} INFO - [2024-12-07T03:37:51.187-0300] {dag.py:4180} INFO - Setting next_dagrun for example_params_ui_tutorial to None, run_after=None
[2024-12-07T03:37:51.257-0300] {processor.py:208} INFO - Processing /home/crisu/miniconda3/envs/lab13.1/lib/python3.9/site-packages/airflow/example_dags/example_params_ui_tutorial.py took 0.151 seconds
[2024-12-07T03:39:08.095-0300] {processor.py:186} INFO - Started process (PID=45122) to work on /home/crisu/miniconda3/envs/lab13.1/lib/python3.9/site-packages/airflow/example_dags/example_params_ui_tutorial.py
[2024-12-07T03:39:08.099-0300] {processor.py:914} INFO - Processing file /home/crisu/miniconda3/envs/lab13.1/lib/python3.9/site-packages/airflow/example_dags/example_params_ui_tutorial.py for tasks to queue
[2024-12-07T03:39:08.100-0300] {logging_mixin.py:190} INFO - [2024-12-07T03:39:08.099-0300] {dagbag.py:588} INFO - Filling up the DagBag from /home/crisu/miniconda3/envs/lab13.1/lib/python3.9/site-packages/airflow/example_dags/example_params_ui_tutorial.py
[2024-12-07T03:39:08.106-0300] {processor.py:925} INFO - DAG(s) 'example_params_ui_tutorial' retrieved from /home/crisu/miniconda3/envs/lab13.1/lib/python3.9/site-packages/airflow/example_dags/example_params_ui_tutorial.py
[2024-12-07T03:39:08.144-0300] {logging_mixin.py:190} INFO - [2024-12-07T03:39:08.144-0300] {dag.py:3239} INFO - Sync 1 DAGs
[2024-12-07T03:39:08.155-0300] {logging_mixin.py:190} INFO - [2024-12-07T03:39:08.155-0300] {dag.py:4180} INFO - Setting next_dagrun for example_params_ui_tutorial to None, run_after=None
[2024-12-07T03:39:08.218-0300] {processor.py:208} INFO - Processing /home/crisu/miniconda3/envs/lab13.1/lib/python3.9/site-packages/airflow/example_dags/example_params_ui_tutorial.py took 0.130 seconds
[2024-12-07T03:40:23.829-0300] {processor.py:186} INFO - Started process (PID=45270) to work on /home/crisu/miniconda3/envs/lab13.1/lib/python3.9/site-packages/airflow/example_dags/example_params_ui_tutorial.py
[2024-12-07T03:40:23.835-0300] {processor.py:914} INFO - Processing file /home/crisu/miniconda3/envs/lab13.1/lib/python3.9/site-packages/airflow/example_dags/example_params_ui_tutorial.py for tasks to queue
[2024-12-07T03:40:23.837-0300] {logging_mixin.py:190} INFO - [2024-12-07T03:40:23.836-0300] {dagbag.py:588} INFO - Filling up the DagBag from /home/crisu/miniconda3/envs/lab13.1/lib/python3.9/site-packages/airflow/example_dags/example_params_ui_tutorial.py
[2024-12-07T03:40:23.843-0300] {processor.py:925} INFO - DAG(s) 'example_params_ui_tutorial' retrieved from /home/crisu/miniconda3/envs/lab13.1/lib/python3.9/site-packages/airflow/example_dags/example_params_ui_tutorial.py
[2024-12-07T03:40:23.883-0300] {logging_mixin.py:190} INFO - [2024-12-07T03:40:23.883-0300] {dag.py:3239} INFO - Sync 1 DAGs
[2024-12-07T03:40:23.899-0300] {logging_mixin.py:190} INFO - [2024-12-07T03:40:23.898-0300] {dag.py:4180} INFO - Setting next_dagrun for example_params_ui_tutorial to None, run_after=None
[2024-12-07T03:40:23.962-0300] {processor.py:208} INFO - Processing /home/crisu/miniconda3/envs/lab13.1/lib/python3.9/site-packages/airflow/example_dags/example_params_ui_tutorial.py took 0.138 seconds
[2024-12-07T03:44:09.082-0300] {processor.py:186} INFO - Started process (PID=45847) to work on /home/crisu/miniconda3/envs/lab13.1/lib/python3.9/site-packages/airflow/example_dags/example_params_ui_tutorial.py
[2024-12-07T03:44:09.098-0300] {processor.py:914} INFO - Processing file /home/crisu/miniconda3/envs/lab13.1/lib/python3.9/site-packages/airflow/example_dags/example_params_ui_tutorial.py for tasks to queue
[2024-12-07T03:44:09.100-0300] {logging_mixin.py:190} INFO - [2024-12-07T03:44:09.100-0300] {dagbag.py:588} INFO - Filling up the DagBag from /home/crisu/miniconda3/envs/lab13.1/lib/python3.9/site-packages/airflow/example_dags/example_params_ui_tutorial.py
[2024-12-07T03:44:09.109-0300] {processor.py:925} INFO - DAG(s) 'example_params_ui_tutorial' retrieved from /home/crisu/miniconda3/envs/lab13.1/lib/python3.9/site-packages/airflow/example_dags/example_params_ui_tutorial.py
[2024-12-07T03:44:09.151-0300] {logging_mixin.py:190} INFO - [2024-12-07T03:44:09.151-0300] {dag.py:3239} INFO - Sync 1 DAGs
[2024-12-07T03:44:09.162-0300] {logging_mixin.py:190} INFO - [2024-12-07T03:44:09.162-0300] {dag.py:4180} INFO - Setting next_dagrun for example_params_ui_tutorial to None, run_after=None
[2024-12-07T03:44:09.236-0300] {processor.py:208} INFO - Processing /home/crisu/miniconda3/envs/lab13.1/lib/python3.9/site-packages/airflow/example_dags/example_params_ui_tutorial.py took 0.159 seconds
[2024-12-07T03:48:26.443-0300] {processor.py:186} INFO - Started process (PID=46709) to work on /home/crisu/miniconda3/envs/lab13.1/lib/python3.9/site-packages/airflow/example_dags/example_params_ui_tutorial.py
[2024-12-07T03:48:26.445-0300] {processor.py:914} INFO - Processing file /home/crisu/miniconda3/envs/lab13.1/lib/python3.9/site-packages/airflow/example_dags/example_params_ui_tutorial.py for tasks to queue
[2024-12-07T03:48:26.447-0300] {logging_mixin.py:190} INFO - [2024-12-07T03:48:26.447-0300] {dagbag.py:588} INFO - Filling up the DagBag from /home/crisu/miniconda3/envs/lab13.1/lib/python3.9/site-packages/airflow/example_dags/example_params_ui_tutorial.py
[2024-12-07T03:48:26.455-0300] {processor.py:925} INFO - DAG(s) 'example_params_ui_tutorial' retrieved from /home/crisu/miniconda3/envs/lab13.1/lib/python3.9/site-packages/airflow/example_dags/example_params_ui_tutorial.py
[2024-12-07T03:48:26.495-0300] {logging_mixin.py:190} INFO - [2024-12-07T03:48:26.495-0300] {dag.py:3239} INFO - Sync 1 DAGs
[2024-12-07T03:48:26.507-0300] {logging_mixin.py:190} INFO - [2024-12-07T03:48:26.506-0300] {dag.py:4180} INFO - Setting next_dagrun for example_params_ui_tutorial to None, run_after=None
[2024-12-07T03:48:27.463-0300] {processor.py:208} INFO - Processing /home/crisu/miniconda3/envs/lab13.1/lib/python3.9/site-packages/airflow/example_dags/example_params_ui_tutorial.py took 1.025 seconds
[2024-12-07T03:50:29.728-0300] {processor.py:186} INFO - Started process (PID=46935) to work on /home/crisu/miniconda3/envs/lab13.1/lib/python3.9/site-packages/airflow/example_dags/example_params_ui_tutorial.py
[2024-12-07T03:50:29.730-0300] {processor.py:914} INFO - Processing file /home/crisu/miniconda3/envs/lab13.1/lib/python3.9/site-packages/airflow/example_dags/example_params_ui_tutorial.py for tasks to queue
[2024-12-07T03:50:29.732-0300] {logging_mixin.py:190} INFO - [2024-12-07T03:50:29.731-0300] {dagbag.py:588} INFO - Filling up the DagBag from /home/crisu/miniconda3/envs/lab13.1/lib/python3.9/site-packages/airflow/example_dags/example_params_ui_tutorial.py
[2024-12-07T03:50:29.740-0300] {processor.py:925} INFO - DAG(s) 'example_params_ui_tutorial' retrieved from /home/crisu/miniconda3/envs/lab13.1/lib/python3.9/site-packages/airflow/example_dags/example_params_ui_tutorial.py
[2024-12-07T03:50:29.778-0300] {logging_mixin.py:190} INFO - [2024-12-07T03:50:29.778-0300] {dag.py:3239} INFO - Sync 1 DAGs
[2024-12-07T03:50:29.789-0300] {logging_mixin.py:190} INFO - [2024-12-07T03:50:29.789-0300] {dag.py:4180} INFO - Setting next_dagrun for example_params_ui_tutorial to None, run_after=None
[2024-12-07T03:50:30.294-0300] {processor.py:208} INFO - Processing /home/crisu/miniconda3/envs/lab13.1/lib/python3.9/site-packages/airflow/example_dags/example_params_ui_tutorial.py took 0.571 seconds
[2024-12-07T03:51:40.213-0300] {processor.py:186} INFO - Started process (PID=47009) to work on /home/crisu/miniconda3/envs/lab13.1/lib/python3.9/site-packages/airflow/example_dags/example_params_ui_tutorial.py
[2024-12-07T03:51:40.221-0300] {processor.py:914} INFO - Processing file /home/crisu/miniconda3/envs/lab13.1/lib/python3.9/site-packages/airflow/example_dags/example_params_ui_tutorial.py for tasks to queue
[2024-12-07T03:51:40.224-0300] {logging_mixin.py:190} INFO - [2024-12-07T03:51:40.224-0300] {dagbag.py:588} INFO - Filling up the DagBag from /home/crisu/miniconda3/envs/lab13.1/lib/python3.9/site-packages/airflow/example_dags/example_params_ui_tutorial.py
[2024-12-07T03:51:40.235-0300] {processor.py:925} INFO - DAG(s) 'example_params_ui_tutorial' retrieved from /home/crisu/miniconda3/envs/lab13.1/lib/python3.9/site-packages/airflow/example_dags/example_params_ui_tutorial.py
[2024-12-07T03:51:40.284-0300] {logging_mixin.py:190} INFO - [2024-12-07T03:51:40.283-0300] {dag.py:3239} INFO - Sync 1 DAGs
[2024-12-07T03:51:40.297-0300] {logging_mixin.py:190} INFO - [2024-12-07T03:51:40.297-0300] {dag.py:4180} INFO - Setting next_dagrun for example_params_ui_tutorial to None, run_after=None
[2024-12-07T03:51:40.357-0300] {processor.py:208} INFO - Processing /home/crisu/miniconda3/envs/lab13.1/lib/python3.9/site-packages/airflow/example_dags/example_params_ui_tutorial.py took 0.150 seconds
[2024-12-07T03:53:02.790-0300] {processor.py:186} INFO - Started process (PID=47162) to work on /home/crisu/miniconda3/envs/lab13.1/lib/python3.9/site-packages/airflow/example_dags/example_params_ui_tutorial.py
[2024-12-07T03:53:02.791-0300] {processor.py:914} INFO - Processing file /home/crisu/miniconda3/envs/lab13.1/lib/python3.9/site-packages/airflow/example_dags/example_params_ui_tutorial.py for tasks to queue
[2024-12-07T03:53:02.793-0300] {logging_mixin.py:190} INFO - [2024-12-07T03:53:02.793-0300] {dagbag.py:588} INFO - Filling up the DagBag from /home/crisu/miniconda3/envs/lab13.1/lib/python3.9/site-packages/airflow/example_dags/example_params_ui_tutorial.py
[2024-12-07T03:53:02.801-0300] {processor.py:925} INFO - DAG(s) 'example_params_ui_tutorial' retrieved from /home/crisu/miniconda3/envs/lab13.1/lib/python3.9/site-packages/airflow/example_dags/example_params_ui_tutorial.py
[2024-12-07T03:53:02.841-0300] {logging_mixin.py:190} INFO - [2024-12-07T03:53:02.841-0300] {dag.py:3239} INFO - Sync 1 DAGs
[2024-12-07T03:53:02.852-0300] {logging_mixin.py:190} INFO - [2024-12-07T03:53:02.852-0300] {dag.py:4180} INFO - Setting next_dagrun for example_params_ui_tutorial to None, run_after=None
[2024-12-07T03:53:02.908-0300] {processor.py:208} INFO - Processing /home/crisu/miniconda3/envs/lab13.1/lib/python3.9/site-packages/airflow/example_dags/example_params_ui_tutorial.py took 0.124 seconds
[2024-12-07T03:55:19.786-0300] {processor.py:186} INFO - Started process (PID=47431) to work on /home/crisu/miniconda3/envs/lab13.1/lib/python3.9/site-packages/airflow/example_dags/example_params_ui_tutorial.py
[2024-12-07T03:55:19.835-0300] {processor.py:914} INFO - Processing file /home/crisu/miniconda3/envs/lab13.1/lib/python3.9/site-packages/airflow/example_dags/example_params_ui_tutorial.py for tasks to queue
[2024-12-07T03:55:19.837-0300] {logging_mixin.py:190} INFO - [2024-12-07T03:55:19.837-0300] {dagbag.py:588} INFO - Filling up the DagBag from /home/crisu/miniconda3/envs/lab13.1/lib/python3.9/site-packages/airflow/example_dags/example_params_ui_tutorial.py
[2024-12-07T03:55:19.845-0300] {processor.py:925} INFO - DAG(s) 'example_params_ui_tutorial' retrieved from /home/crisu/miniconda3/envs/lab13.1/lib/python3.9/site-packages/airflow/example_dags/example_params_ui_tutorial.py
[2024-12-07T03:55:19.890-0300] {logging_mixin.py:190} INFO - [2024-12-07T03:55:19.889-0300] {dag.py:3239} INFO - Sync 1 DAGs
[2024-12-07T03:55:19.900-0300] {logging_mixin.py:190} INFO - [2024-12-07T03:55:19.900-0300] {dag.py:4180} INFO - Setting next_dagrun for example_params_ui_tutorial to None, run_after=None
[2024-12-07T03:55:21.039-0300] {processor.py:208} INFO - Processing /home/crisu/miniconda3/envs/lab13.1/lib/python3.9/site-packages/airflow/example_dags/example_params_ui_tutorial.py took 1.259 seconds
[2024-12-07T03:57:05.856-0300] {processor.py:186} INFO - Started process (PID=47647) to work on /home/crisu/miniconda3/envs/lab13.1/lib/python3.9/site-packages/airflow/example_dags/example_params_ui_tutorial.py
[2024-12-07T03:57:05.873-0300] {processor.py:914} INFO - Processing file /home/crisu/miniconda3/envs/lab13.1/lib/python3.9/site-packages/airflow/example_dags/example_params_ui_tutorial.py for tasks to queue
[2024-12-07T03:57:05.876-0300] {logging_mixin.py:190} INFO - [2024-12-07T03:57:05.875-0300] {dagbag.py:588} INFO - Filling up the DagBag from /home/crisu/miniconda3/envs/lab13.1/lib/python3.9/site-packages/airflow/example_dags/example_params_ui_tutorial.py
[2024-12-07T03:57:05.885-0300] {processor.py:925} INFO - DAG(s) 'example_params_ui_tutorial' retrieved from /home/crisu/miniconda3/envs/lab13.1/lib/python3.9/site-packages/airflow/example_dags/example_params_ui_tutorial.py
[2024-12-07T03:57:05.924-0300] {logging_mixin.py:190} INFO - [2024-12-07T03:57:05.923-0300] {dag.py:3239} INFO - Sync 1 DAGs
[2024-12-07T03:57:05.935-0300] {logging_mixin.py:190} INFO - [2024-12-07T03:57:05.934-0300] {dag.py:4180} INFO - Setting next_dagrun for example_params_ui_tutorial to None, run_after=None
[2024-12-07T03:57:06.011-0300] {processor.py:208} INFO - Processing /home/crisu/miniconda3/envs/lab13.1/lib/python3.9/site-packages/airflow/example_dags/example_params_ui_tutorial.py took 0.160 seconds
[2024-12-07T03:58:23.559-0300] {processor.py:186} INFO - Started process (PID=47806) to work on /home/crisu/miniconda3/envs/lab13.1/lib/python3.9/site-packages/airflow/example_dags/example_params_ui_tutorial.py
[2024-12-07T03:58:23.565-0300] {processor.py:914} INFO - Processing file /home/crisu/miniconda3/envs/lab13.1/lib/python3.9/site-packages/airflow/example_dags/example_params_ui_tutorial.py for tasks to queue
[2024-12-07T03:58:23.567-0300] {logging_mixin.py:190} INFO - [2024-12-07T03:58:23.567-0300] {dagbag.py:588} INFO - Filling up the DagBag from /home/crisu/miniconda3/envs/lab13.1/lib/python3.9/site-packages/airflow/example_dags/example_params_ui_tutorial.py
[2024-12-07T03:58:23.575-0300] {processor.py:925} INFO - DAG(s) 'example_params_ui_tutorial' retrieved from /home/crisu/miniconda3/envs/lab13.1/lib/python3.9/site-packages/airflow/example_dags/example_params_ui_tutorial.py
[2024-12-07T03:58:23.615-0300] {logging_mixin.py:190} INFO - [2024-12-07T03:58:23.614-0300] {dag.py:3239} INFO - Sync 1 DAGs
[2024-12-07T03:58:23.627-0300] {logging_mixin.py:190} INFO - [2024-12-07T03:58:23.626-0300] {dag.py:4180} INFO - Setting next_dagrun for example_params_ui_tutorial to None, run_after=None
[2024-12-07T03:58:23.956-0300] {processor.py:208} INFO - Processing /home/crisu/miniconda3/envs/lab13.1/lib/python3.9/site-packages/airflow/example_dags/example_params_ui_tutorial.py took 0.402 seconds
[2024-12-07T04:00:22.266-0300] {processor.py:186} INFO - Started process (PID=48051) to work on /home/crisu/miniconda3/envs/lab13.1/lib/python3.9/site-packages/airflow/example_dags/example_params_ui_tutorial.py
[2024-12-07T04:00:22.279-0300] {processor.py:914} INFO - Processing file /home/crisu/miniconda3/envs/lab13.1/lib/python3.9/site-packages/airflow/example_dags/example_params_ui_tutorial.py for tasks to queue
[2024-12-07T04:00:22.281-0300] {logging_mixin.py:190} INFO - [2024-12-07T04:00:22.280-0300] {dagbag.py:588} INFO - Filling up the DagBag from /home/crisu/miniconda3/envs/lab13.1/lib/python3.9/site-packages/airflow/example_dags/example_params_ui_tutorial.py
[2024-12-07T04:00:22.289-0300] {processor.py:925} INFO - DAG(s) 'example_params_ui_tutorial' retrieved from /home/crisu/miniconda3/envs/lab13.1/lib/python3.9/site-packages/airflow/example_dags/example_params_ui_tutorial.py
[2024-12-07T04:00:22.331-0300] {logging_mixin.py:190} INFO - [2024-12-07T04:00:22.331-0300] {dag.py:3239} INFO - Sync 1 DAGs
[2024-12-07T04:00:22.342-0300] {logging_mixin.py:190} INFO - [2024-12-07T04:00:22.342-0300] {dag.py:4180} INFO - Setting next_dagrun for example_params_ui_tutorial to None, run_after=None
[2024-12-07T04:00:22.398-0300] {processor.py:208} INFO - Processing /home/crisu/miniconda3/envs/lab13.1/lib/python3.9/site-packages/airflow/example_dags/example_params_ui_tutorial.py took 0.137 seconds
[2024-12-07T04:01:36.158-0300] {processor.py:186} INFO - Started process (PID=48212) to work on /home/crisu/miniconda3/envs/lab13.1/lib/python3.9/site-packages/airflow/example_dags/example_params_ui_tutorial.py
[2024-12-07T04:01:36.174-0300] {processor.py:914} INFO - Processing file /home/crisu/miniconda3/envs/lab13.1/lib/python3.9/site-packages/airflow/example_dags/example_params_ui_tutorial.py for tasks to queue
[2024-12-07T04:01:36.175-0300] {logging_mixin.py:190} INFO - [2024-12-07T04:01:36.175-0300] {dagbag.py:588} INFO - Filling up the DagBag from /home/crisu/miniconda3/envs/lab13.1/lib/python3.9/site-packages/airflow/example_dags/example_params_ui_tutorial.py
[2024-12-07T04:01:36.184-0300] {processor.py:925} INFO - DAG(s) 'example_params_ui_tutorial' retrieved from /home/crisu/miniconda3/envs/lab13.1/lib/python3.9/site-packages/airflow/example_dags/example_params_ui_tutorial.py
[2024-12-07T04:01:36.224-0300] {logging_mixin.py:190} INFO - [2024-12-07T04:01:36.224-0300] {dag.py:3239} INFO - Sync 1 DAGs
[2024-12-07T04:01:36.235-0300] {logging_mixin.py:190} INFO - [2024-12-07T04:01:36.235-0300] {dag.py:4180} INFO - Setting next_dagrun for example_params_ui_tutorial to None, run_after=None
[2024-12-07T04:01:36.297-0300] {processor.py:208} INFO - Processing /home/crisu/miniconda3/envs/lab13.1/lib/python3.9/site-packages/airflow/example_dags/example_params_ui_tutorial.py took 0.144 seconds
[2024-12-07T04:07:39.804-0300] {processor.py:186} INFO - Started process (PID=49158) to work on /home/crisu/miniconda3/envs/lab13.1/lib/python3.9/site-packages/airflow/example_dags/example_params_ui_tutorial.py
[2024-12-07T04:07:39.806-0300] {processor.py:914} INFO - Processing file /home/crisu/miniconda3/envs/lab13.1/lib/python3.9/site-packages/airflow/example_dags/example_params_ui_tutorial.py for tasks to queue
[2024-12-07T04:07:39.807-0300] {logging_mixin.py:190} INFO - [2024-12-07T04:07:39.807-0300] {dagbag.py:588} INFO - Filling up the DagBag from /home/crisu/miniconda3/envs/lab13.1/lib/python3.9/site-packages/airflow/example_dags/example_params_ui_tutorial.py
[2024-12-07T04:07:39.814-0300] {processor.py:925} INFO - DAG(s) 'example_params_ui_tutorial' retrieved from /home/crisu/miniconda3/envs/lab13.1/lib/python3.9/site-packages/airflow/example_dags/example_params_ui_tutorial.py
[2024-12-07T04:07:39.859-0300] {logging_mixin.py:190} INFO - [2024-12-07T04:07:39.858-0300] {dag.py:3239} INFO - Sync 1 DAGs
[2024-12-07T04:07:39.869-0300] {logging_mixin.py:190} INFO - [2024-12-07T04:07:39.869-0300] {dag.py:4180} INFO - Setting next_dagrun for example_params_ui_tutorial to None, run_after=None
[2024-12-07T04:07:40.353-0300] {processor.py:208} INFO - Processing /home/crisu/miniconda3/envs/lab13.1/lib/python3.9/site-packages/airflow/example_dags/example_params_ui_tutorial.py took 0.554 seconds
[2024-12-07T04:09:09.404-0300] {processor.py:186} INFO - Started process (PID=49386) to work on /home/crisu/miniconda3/envs/lab13.1/lib/python3.9/site-packages/airflow/example_dags/example_params_ui_tutorial.py
[2024-12-07T04:09:09.405-0300] {processor.py:914} INFO - Processing file /home/crisu/miniconda3/envs/lab13.1/lib/python3.9/site-packages/airflow/example_dags/example_params_ui_tutorial.py for tasks to queue
[2024-12-07T04:09:09.406-0300] {logging_mixin.py:190} INFO - [2024-12-07T04:09:09.406-0300] {dagbag.py:588} INFO - Filling up the DagBag from /home/crisu/miniconda3/envs/lab13.1/lib/python3.9/site-packages/airflow/example_dags/example_params_ui_tutorial.py
[2024-12-07T04:09:09.413-0300] {processor.py:925} INFO - DAG(s) 'example_params_ui_tutorial' retrieved from /home/crisu/miniconda3/envs/lab13.1/lib/python3.9/site-packages/airflow/example_dags/example_params_ui_tutorial.py
[2024-12-07T04:09:09.453-0300] {logging_mixin.py:190} INFO - [2024-12-07T04:09:09.452-0300] {dag.py:3239} INFO - Sync 1 DAGs
[2024-12-07T04:09:09.463-0300] {logging_mixin.py:190} INFO - [2024-12-07T04:09:09.462-0300] {dag.py:4180} INFO - Setting next_dagrun for example_params_ui_tutorial to None, run_after=None
[2024-12-07T04:09:09.962-0300] {processor.py:208} INFO - Processing /home/crisu/miniconda3/envs/lab13.1/lib/python3.9/site-packages/airflow/example_dags/example_params_ui_tutorial.py took 0.563 seconds
[2024-12-07T04:11:19.761-0300] {processor.py:186} INFO - Started process (PID=49582) to work on /home/crisu/miniconda3/envs/lab13.1/lib/python3.9/site-packages/airflow/example_dags/example_params_ui_tutorial.py
[2024-12-07T04:11:19.796-0300] {processor.py:914} INFO - Processing file /home/crisu/miniconda3/envs/lab13.1/lib/python3.9/site-packages/airflow/example_dags/example_params_ui_tutorial.py for tasks to queue
[2024-12-07T04:11:19.798-0300] {logging_mixin.py:190} INFO - [2024-12-07T04:11:19.797-0300] {dagbag.py:588} INFO - Filling up the DagBag from /home/crisu/miniconda3/envs/lab13.1/lib/python3.9/site-packages/airflow/example_dags/example_params_ui_tutorial.py
[2024-12-07T04:11:19.810-0300] {processor.py:925} INFO - DAG(s) 'example_params_ui_tutorial' retrieved from /home/crisu/miniconda3/envs/lab13.1/lib/python3.9/site-packages/airflow/example_dags/example_params_ui_tutorial.py
[2024-12-07T04:11:19.882-0300] {logging_mixin.py:190} INFO - [2024-12-07T04:11:19.882-0300] {dag.py:3239} INFO - Sync 1 DAGs
[2024-12-07T04:11:19.899-0300] {logging_mixin.py:190} INFO - [2024-12-07T04:11:19.899-0300] {dag.py:4180} INFO - Setting next_dagrun for example_params_ui_tutorial to None, run_after=None
[2024-12-07T04:11:19.994-0300] {processor.py:208} INFO - Processing /home/crisu/miniconda3/envs/lab13.1/lib/python3.9/site-packages/airflow/example_dags/example_params_ui_tutorial.py took 0.243 seconds
[2024-12-07T04:12:50.984-0300] {processor.py:186} INFO - Started process (PID=49723) to work on /home/crisu/miniconda3/envs/lab13.1/lib/python3.9/site-packages/airflow/example_dags/example_params_ui_tutorial.py
[2024-12-07T04:12:50.992-0300] {processor.py:914} INFO - Processing file /home/crisu/miniconda3/envs/lab13.1/lib/python3.9/site-packages/airflow/example_dags/example_params_ui_tutorial.py for tasks to queue
[2024-12-07T04:12:50.994-0300] {logging_mixin.py:190} INFO - [2024-12-07T04:12:50.993-0300] {dagbag.py:588} INFO - Filling up the DagBag from /home/crisu/miniconda3/envs/lab13.1/lib/python3.9/site-packages/airflow/example_dags/example_params_ui_tutorial.py
[2024-12-07T04:12:51.005-0300] {processor.py:925} INFO - DAG(s) 'example_params_ui_tutorial' retrieved from /home/crisu/miniconda3/envs/lab13.1/lib/python3.9/site-packages/airflow/example_dags/example_params_ui_tutorial.py
[2024-12-07T04:12:51.046-0300] {logging_mixin.py:190} INFO - [2024-12-07T04:12:51.045-0300] {dag.py:3239} INFO - Sync 1 DAGs
[2024-12-07T04:12:51.056-0300] {logging_mixin.py:190} INFO - [2024-12-07T04:12:51.056-0300] {dag.py:4180} INFO - Setting next_dagrun for example_params_ui_tutorial to None, run_after=None
[2024-12-07T04:12:51.128-0300] {processor.py:208} INFO - Processing /home/crisu/miniconda3/envs/lab13.1/lib/python3.9/site-packages/airflow/example_dags/example_params_ui_tutorial.py took 0.150 seconds
[2024-12-07T04:14:07.537-0300] {processor.py:186} INFO - Started process (PID=49877) to work on /home/crisu/miniconda3/envs/lab13.1/lib/python3.9/site-packages/airflow/example_dags/example_params_ui_tutorial.py
[2024-12-07T04:14:07.542-0300] {processor.py:914} INFO - Processing file /home/crisu/miniconda3/envs/lab13.1/lib/python3.9/site-packages/airflow/example_dags/example_params_ui_tutorial.py for tasks to queue
[2024-12-07T04:14:07.544-0300] {logging_mixin.py:190} INFO - [2024-12-07T04:14:07.544-0300] {dagbag.py:588} INFO - Filling up the DagBag from /home/crisu/miniconda3/envs/lab13.1/lib/python3.9/site-packages/airflow/example_dags/example_params_ui_tutorial.py
[2024-12-07T04:14:07.556-0300] {processor.py:925} INFO - DAG(s) 'example_params_ui_tutorial' retrieved from /home/crisu/miniconda3/envs/lab13.1/lib/python3.9/site-packages/airflow/example_dags/example_params_ui_tutorial.py
[2024-12-07T04:14:07.611-0300] {logging_mixin.py:190} INFO - [2024-12-07T04:14:07.611-0300] {dag.py:3239} INFO - Sync 1 DAGs
[2024-12-07T04:14:07.622-0300] {logging_mixin.py:190} INFO - [2024-12-07T04:14:07.622-0300] {dag.py:4180} INFO - Setting next_dagrun for example_params_ui_tutorial to None, run_after=None
[2024-12-07T04:14:07.678-0300] {processor.py:208} INFO - Processing /home/crisu/miniconda3/envs/lab13.1/lib/python3.9/site-packages/airflow/example_dags/example_params_ui_tutorial.py took 0.151 seconds
[2024-12-07T04:15:25.208-0300] {processor.py:186} INFO - Started process (PID=50012) to work on /home/crisu/miniconda3/envs/lab13.1/lib/python3.9/site-packages/airflow/example_dags/example_params_ui_tutorial.py
[2024-12-07T04:15:25.222-0300] {processor.py:914} INFO - Processing file /home/crisu/miniconda3/envs/lab13.1/lib/python3.9/site-packages/airflow/example_dags/example_params_ui_tutorial.py for tasks to queue
[2024-12-07T04:15:25.223-0300] {logging_mixin.py:190} INFO - [2024-12-07T04:15:25.223-0300] {dagbag.py:588} INFO - Filling up the DagBag from /home/crisu/miniconda3/envs/lab13.1/lib/python3.9/site-packages/airflow/example_dags/example_params_ui_tutorial.py
[2024-12-07T04:15:25.230-0300] {processor.py:925} INFO - DAG(s) 'example_params_ui_tutorial' retrieved from /home/crisu/miniconda3/envs/lab13.1/lib/python3.9/site-packages/airflow/example_dags/example_params_ui_tutorial.py
[2024-12-07T04:15:25.269-0300] {logging_mixin.py:190} INFO - [2024-12-07T04:15:25.269-0300] {dag.py:3239} INFO - Sync 1 DAGs
[2024-12-07T04:15:25.280-0300] {logging_mixin.py:190} INFO - [2024-12-07T04:15:25.280-0300] {dag.py:4180} INFO - Setting next_dagrun for example_params_ui_tutorial to None, run_after=None
[2024-12-07T04:15:25.345-0300] {processor.py:208} INFO - Processing /home/crisu/miniconda3/envs/lab13.1/lib/python3.9/site-packages/airflow/example_dags/example_params_ui_tutorial.py took 0.143 seconds
