[2024-12-07T01:56:43.945-0300] {processor.py:186} INFO - Started process (PID=34255) to work on /home/crisu/miniconda3/envs/lab13.1/lib/python3.9/site-packages/airflow/example_dags/example_dynamic_task_mapping.py
[2024-12-07T01:56:43.946-0300] {processor.py:914} INFO - Processing file /home/crisu/miniconda3/envs/lab13.1/lib/python3.9/site-packages/airflow/example_dags/example_dynamic_task_mapping.py for tasks to queue
[2024-12-07T01:56:43.948-0300] {logging_mixin.py:190} INFO - [2024-12-07T01:56:43.948-0300] {dagbag.py:588} INFO - Filling up the DagBag from /home/crisu/miniconda3/envs/lab13.1/lib/python3.9/site-packages/airflow/example_dags/example_dynamic_task_mapping.py
[2024-12-07T01:56:43.956-0300] {processor.py:925} INFO - DAG(s) 'example_dynamic_task_mapping' retrieved from /home/crisu/miniconda3/envs/lab13.1/lib/python3.9/site-packages/airflow/example_dags/example_dynamic_task_mapping.py
[2024-12-07T01:56:47.723-0300] {logging_mixin.py:190} INFO - [2024-12-07T01:56:47.722-0300] {override.py:1911} INFO - Created Permission View: can delete on DAG:example_dynamic_task_mapping
[2024-12-07T01:56:48.849-0300] {logging_mixin.py:190} INFO - [2024-12-07T01:56:48.849-0300] {override.py:1911} INFO - Created Permission View: can edit on DAG:example_dynamic_task_mapping
[2024-12-07T01:56:49.615-0300] {logging_mixin.py:190} INFO - [2024-12-07T01:56:49.614-0300] {override.py:1911} INFO - Created Permission View: can read on DAG:example_dynamic_task_mapping
[2024-12-07T01:56:50.945-0300] {logging_mixin.py:190} INFO - [2024-12-07T01:56:50.943-0300] {override.py:1911} INFO - Created Permission View: menu access on DAG Run:example_dynamic_task_mapping
[2024-12-07T01:56:51.792-0300] {logging_mixin.py:190} INFO - [2024-12-07T01:56:51.790-0300] {override.py:1911} INFO - Created Permission View: can delete on DAG Run:example_dynamic_task_mapping
[2024-12-07T01:56:53.556-0300] {logging_mixin.py:190} INFO - [2024-12-07T01:56:53.555-0300] {override.py:1911} INFO - Created Permission View: can read on DAG Run:example_dynamic_task_mapping
[2024-12-07T01:56:55.235-0300] {logging_mixin.py:190} INFO - [2024-12-07T01:56:55.235-0300] {override.py:1911} INFO - Created Permission View: can create on DAG Run:example_dynamic_task_mapping
[2024-12-07T01:56:55.236-0300] {logging_mixin.py:190} INFO - [2024-12-07T01:56:55.236-0300] {dag.py:3239} INFO - Sync 1 DAGs
[2024-12-07T01:56:55.255-0300] {logging_mixin.py:190} INFO - [2024-12-07T01:56:55.254-0300] {dag.py:3262} INFO - Creating ORM DAG for example_dynamic_task_mapping
[2024-12-07T01:56:55.255-0300] {logging_mixin.py:190} INFO - [2024-12-07T01:56:55.255-0300] {dag.py:4180} INFO - Setting next_dagrun for example_dynamic_task_mapping to None, run_after=None
[2024-12-07T01:56:57.781-0300] {processor.py:208} INFO - Processing /home/crisu/miniconda3/envs/lab13.1/lib/python3.9/site-packages/airflow/example_dags/example_dynamic_task_mapping.py took 13.842 seconds
[2024-12-07T02:08:31.280-0300] {processor.py:186} INFO - Started process (PID=35518) to work on /home/crisu/miniconda3/envs/lab13.1/lib/python3.9/site-packages/airflow/example_dags/example_dynamic_task_mapping.py
[2024-12-07T02:08:31.324-0300] {processor.py:914} INFO - Processing file /home/crisu/miniconda3/envs/lab13.1/lib/python3.9/site-packages/airflow/example_dags/example_dynamic_task_mapping.py for tasks to queue
[2024-12-07T02:08:31.326-0300] {logging_mixin.py:190} INFO - [2024-12-07T02:08:31.325-0300] {dagbag.py:588} INFO - Filling up the DagBag from /home/crisu/miniconda3/envs/lab13.1/lib/python3.9/site-packages/airflow/example_dags/example_dynamic_task_mapping.py
[2024-12-07T02:08:31.332-0300] {processor.py:925} INFO - DAG(s) 'example_dynamic_task_mapping' retrieved from /home/crisu/miniconda3/envs/lab13.1/lib/python3.9/site-packages/airflow/example_dags/example_dynamic_task_mapping.py
[2024-12-07T02:08:31.345-0300] {logging_mixin.py:190} INFO - [2024-12-07T02:08:31.345-0300] {dag.py:3239} INFO - Sync 1 DAGs
[2024-12-07T02:08:31.356-0300] {logging_mixin.py:190} INFO - [2024-12-07T02:08:31.356-0300] {dag.py:4180} INFO - Setting next_dagrun for example_dynamic_task_mapping to None, run_after=None
[2024-12-07T02:08:31.929-0300] {processor.py:208} INFO - Processing /home/crisu/miniconda3/envs/lab13.1/lib/python3.9/site-packages/airflow/example_dags/example_dynamic_task_mapping.py took 0.657 seconds
[2024-12-07T02:12:08.190-0300] {processor.py:186} INFO - Started process (PID=35941) to work on /home/crisu/miniconda3/envs/lab13.1/lib/python3.9/site-packages/airflow/example_dags/example_dynamic_task_mapping.py
[2024-12-07T02:12:08.211-0300] {processor.py:914} INFO - Processing file /home/crisu/miniconda3/envs/lab13.1/lib/python3.9/site-packages/airflow/example_dags/example_dynamic_task_mapping.py for tasks to queue
[2024-12-07T02:12:08.213-0300] {logging_mixin.py:190} INFO - [2024-12-07T02:12:08.213-0300] {dagbag.py:588} INFO - Filling up the DagBag from /home/crisu/miniconda3/envs/lab13.1/lib/python3.9/site-packages/airflow/example_dags/example_dynamic_task_mapping.py
[2024-12-07T02:12:08.220-0300] {processor.py:925} INFO - DAG(s) 'example_dynamic_task_mapping' retrieved from /home/crisu/miniconda3/envs/lab13.1/lib/python3.9/site-packages/airflow/example_dags/example_dynamic_task_mapping.py
[2024-12-07T02:12:08.233-0300] {logging_mixin.py:190} INFO - [2024-12-07T02:12:08.233-0300] {dag.py:3239} INFO - Sync 1 DAGs
[2024-12-07T02:12:08.245-0300] {logging_mixin.py:190} INFO - [2024-12-07T02:12:08.245-0300] {dag.py:4180} INFO - Setting next_dagrun for example_dynamic_task_mapping to None, run_after=None
[2024-12-07T02:12:08.319-0300] {processor.py:208} INFO - Processing /home/crisu/miniconda3/envs/lab13.1/lib/python3.9/site-packages/airflow/example_dags/example_dynamic_task_mapping.py took 0.137 seconds
[2024-12-07T02:14:20.810-0300] {processor.py:186} INFO - Started process (PID=36258) to work on /home/crisu/miniconda3/envs/lab13.1/lib/python3.9/site-packages/airflow/example_dags/example_dynamic_task_mapping.py
[2024-12-07T02:14:20.867-0300] {processor.py:914} INFO - Processing file /home/crisu/miniconda3/envs/lab13.1/lib/python3.9/site-packages/airflow/example_dags/example_dynamic_task_mapping.py for tasks to queue
[2024-12-07T02:14:20.869-0300] {logging_mixin.py:190} INFO - [2024-12-07T02:14:20.869-0300] {dagbag.py:588} INFO - Filling up the DagBag from /home/crisu/miniconda3/envs/lab13.1/lib/python3.9/site-packages/airflow/example_dags/example_dynamic_task_mapping.py
[2024-12-07T02:14:20.876-0300] {processor.py:925} INFO - DAG(s) 'example_dynamic_task_mapping' retrieved from /home/crisu/miniconda3/envs/lab13.1/lib/python3.9/site-packages/airflow/example_dags/example_dynamic_task_mapping.py
[2024-12-07T02:14:20.889-0300] {logging_mixin.py:190} INFO - [2024-12-07T02:14:20.889-0300] {dag.py:3239} INFO - Sync 1 DAGs
[2024-12-07T02:14:20.900-0300] {logging_mixin.py:190} INFO - [2024-12-07T02:14:20.900-0300] {dag.py:4180} INFO - Setting next_dagrun for example_dynamic_task_mapping to None, run_after=None
[2024-12-07T02:14:20.963-0300] {processor.py:208} INFO - Processing /home/crisu/miniconda3/envs/lab13.1/lib/python3.9/site-packages/airflow/example_dags/example_dynamic_task_mapping.py took 0.160 seconds
[2024-12-07T02:16:32.722-0300] {processor.py:186} INFO - Started process (PID=36474) to work on /home/crisu/miniconda3/envs/lab13.1/lib/python3.9/site-packages/airflow/example_dags/example_dynamic_task_mapping.py
[2024-12-07T02:16:32.743-0300] {processor.py:914} INFO - Processing file /home/crisu/miniconda3/envs/lab13.1/lib/python3.9/site-packages/airflow/example_dags/example_dynamic_task_mapping.py for tasks to queue
[2024-12-07T02:16:32.744-0300] {logging_mixin.py:190} INFO - [2024-12-07T02:16:32.744-0300] {dagbag.py:588} INFO - Filling up the DagBag from /home/crisu/miniconda3/envs/lab13.1/lib/python3.9/site-packages/airflow/example_dags/example_dynamic_task_mapping.py
[2024-12-07T02:16:32.751-0300] {processor.py:925} INFO - DAG(s) 'example_dynamic_task_mapping' retrieved from /home/crisu/miniconda3/envs/lab13.1/lib/python3.9/site-packages/airflow/example_dags/example_dynamic_task_mapping.py
[2024-12-07T02:16:32.764-0300] {logging_mixin.py:190} INFO - [2024-12-07T02:16:32.764-0300] {dag.py:3239} INFO - Sync 1 DAGs
[2024-12-07T02:16:32.775-0300] {logging_mixin.py:190} INFO - [2024-12-07T02:16:32.775-0300] {dag.py:4180} INFO - Setting next_dagrun for example_dynamic_task_mapping to None, run_after=None
[2024-12-07T02:16:32.895-0300] {processor.py:208} INFO - Processing /home/crisu/miniconda3/envs/lab13.1/lib/python3.9/site-packages/airflow/example_dags/example_dynamic_task_mapping.py took 0.180 seconds
[2024-12-07T02:18:02.039-0300] {processor.py:186} INFO - Started process (PID=36628) to work on /home/crisu/miniconda3/envs/lab13.1/lib/python3.9/site-packages/airflow/example_dags/example_dynamic_task_mapping.py
[2024-12-07T02:18:02.041-0300] {processor.py:914} INFO - Processing file /home/crisu/miniconda3/envs/lab13.1/lib/python3.9/site-packages/airflow/example_dags/example_dynamic_task_mapping.py for tasks to queue
[2024-12-07T02:18:02.043-0300] {logging_mixin.py:190} INFO - [2024-12-07T02:18:02.043-0300] {dagbag.py:588} INFO - Filling up the DagBag from /home/crisu/miniconda3/envs/lab13.1/lib/python3.9/site-packages/airflow/example_dags/example_dynamic_task_mapping.py
[2024-12-07T02:18:02.050-0300] {processor.py:925} INFO - DAG(s) 'example_dynamic_task_mapping' retrieved from /home/crisu/miniconda3/envs/lab13.1/lib/python3.9/site-packages/airflow/example_dags/example_dynamic_task_mapping.py
[2024-12-07T02:18:02.062-0300] {logging_mixin.py:190} INFO - [2024-12-07T02:18:02.062-0300] {dag.py:3239} INFO - Sync 1 DAGs
[2024-12-07T02:18:02.073-0300] {logging_mixin.py:190} INFO - [2024-12-07T02:18:02.073-0300] {dag.py:4180} INFO - Setting next_dagrun for example_dynamic_task_mapping to None, run_after=None
[2024-12-07T02:18:02.223-0300] {processor.py:208} INFO - Processing /home/crisu/miniconda3/envs/lab13.1/lib/python3.9/site-packages/airflow/example_dags/example_dynamic_task_mapping.py took 0.191 seconds
[2024-12-07T02:32:06.788-0300] {processor.py:186} INFO - Started process (PID=38039) to work on /home/crisu/miniconda3/envs/lab13.1/lib/python3.9/site-packages/airflow/example_dags/example_dynamic_task_mapping.py
[2024-12-07T02:32:06.789-0300] {processor.py:914} INFO - Processing file /home/crisu/miniconda3/envs/lab13.1/lib/python3.9/site-packages/airflow/example_dags/example_dynamic_task_mapping.py for tasks to queue
[2024-12-07T02:32:06.792-0300] {logging_mixin.py:190} INFO - [2024-12-07T02:32:06.791-0300] {dagbag.py:588} INFO - Filling up the DagBag from /home/crisu/miniconda3/envs/lab13.1/lib/python3.9/site-packages/airflow/example_dags/example_dynamic_task_mapping.py
[2024-12-07T02:32:06.799-0300] {processor.py:925} INFO - DAG(s) 'example_dynamic_task_mapping' retrieved from /home/crisu/miniconda3/envs/lab13.1/lib/python3.9/site-packages/airflow/example_dags/example_dynamic_task_mapping.py
[2024-12-07T02:32:06.812-0300] {logging_mixin.py:190} INFO - [2024-12-07T02:32:06.812-0300] {dag.py:3239} INFO - Sync 1 DAGs
[2024-12-07T02:32:06.823-0300] {logging_mixin.py:190} INFO - [2024-12-07T02:32:06.823-0300] {dag.py:4180} INFO - Setting next_dagrun for example_dynamic_task_mapping to None, run_after=None
[2024-12-07T02:32:07.350-0300] {processor.py:208} INFO - Processing /home/crisu/miniconda3/envs/lab13.1/lib/python3.9/site-packages/airflow/example_dags/example_dynamic_task_mapping.py took 0.569 seconds
[2024-12-07T02:34:06.450-0300] {processor.py:186} INFO - Started process (PID=38279) to work on /home/crisu/miniconda3/envs/lab13.1/lib/python3.9/site-packages/airflow/example_dags/example_dynamic_task_mapping.py
[2024-12-07T02:34:06.464-0300] {processor.py:914} INFO - Processing file /home/crisu/miniconda3/envs/lab13.1/lib/python3.9/site-packages/airflow/example_dags/example_dynamic_task_mapping.py for tasks to queue
[2024-12-07T02:34:06.466-0300] {logging_mixin.py:190} INFO - [2024-12-07T02:34:06.465-0300] {dagbag.py:588} INFO - Filling up the DagBag from /home/crisu/miniconda3/envs/lab13.1/lib/python3.9/site-packages/airflow/example_dags/example_dynamic_task_mapping.py
[2024-12-07T02:34:06.473-0300] {processor.py:925} INFO - DAG(s) 'example_dynamic_task_mapping' retrieved from /home/crisu/miniconda3/envs/lab13.1/lib/python3.9/site-packages/airflow/example_dags/example_dynamic_task_mapping.py
[2024-12-07T02:34:06.486-0300] {logging_mixin.py:190} INFO - [2024-12-07T02:34:06.485-0300] {dag.py:3239} INFO - Sync 1 DAGs
[2024-12-07T02:34:06.496-0300] {logging_mixin.py:190} INFO - [2024-12-07T02:34:06.496-0300] {dag.py:4180} INFO - Setting next_dagrun for example_dynamic_task_mapping to None, run_after=None
[2024-12-07T02:34:06.550-0300] {processor.py:208} INFO - Processing /home/crisu/miniconda3/envs/lab13.1/lib/python3.9/site-packages/airflow/example_dags/example_dynamic_task_mapping.py took 0.105 seconds
[2024-12-07T02:37:52.542-0300] {processor.py:186} INFO - Started process (PID=38674) to work on /home/crisu/miniconda3/envs/lab13.1/lib/python3.9/site-packages/airflow/example_dags/example_dynamic_task_mapping.py
[2024-12-07T02:37:52.570-0300] {processor.py:914} INFO - Processing file /home/crisu/miniconda3/envs/lab13.1/lib/python3.9/site-packages/airflow/example_dags/example_dynamic_task_mapping.py for tasks to queue
[2024-12-07T02:37:52.572-0300] {logging_mixin.py:190} INFO - [2024-12-07T02:37:52.572-0300] {dagbag.py:588} INFO - Filling up the DagBag from /home/crisu/miniconda3/envs/lab13.1/lib/python3.9/site-packages/airflow/example_dags/example_dynamic_task_mapping.py
[2024-12-07T02:37:52.580-0300] {processor.py:925} INFO - DAG(s) 'example_dynamic_task_mapping' retrieved from /home/crisu/miniconda3/envs/lab13.1/lib/python3.9/site-packages/airflow/example_dags/example_dynamic_task_mapping.py
[2024-12-07T02:37:52.593-0300] {logging_mixin.py:190} INFO - [2024-12-07T02:37:52.593-0300] {dag.py:3239} INFO - Sync 1 DAGs
[2024-12-07T02:37:52.603-0300] {logging_mixin.py:190} INFO - [2024-12-07T02:37:52.603-0300] {dag.py:4180} INFO - Setting next_dagrun for example_dynamic_task_mapping to None, run_after=None
[2024-12-07T02:37:53.099-0300] {processor.py:208} INFO - Processing /home/crisu/miniconda3/envs/lab13.1/lib/python3.9/site-packages/airflow/example_dags/example_dynamic_task_mapping.py took 0.561 seconds
[2024-12-07T02:40:46.982-0300] {processor.py:186} INFO - Started process (PID=38921) to work on /home/crisu/miniconda3/envs/lab13.1/lib/python3.9/site-packages/airflow/example_dags/example_dynamic_task_mapping.py
[2024-12-07T02:40:47.005-0300] {processor.py:914} INFO - Processing file /home/crisu/miniconda3/envs/lab13.1/lib/python3.9/site-packages/airflow/example_dags/example_dynamic_task_mapping.py for tasks to queue
[2024-12-07T02:40:47.007-0300] {logging_mixin.py:190} INFO - [2024-12-07T02:40:47.007-0300] {dagbag.py:588} INFO - Filling up the DagBag from /home/crisu/miniconda3/envs/lab13.1/lib/python3.9/site-packages/airflow/example_dags/example_dynamic_task_mapping.py
[2024-12-07T02:40:47.014-0300] {processor.py:925} INFO - DAG(s) 'example_dynamic_task_mapping' retrieved from /home/crisu/miniconda3/envs/lab13.1/lib/python3.9/site-packages/airflow/example_dags/example_dynamic_task_mapping.py
[2024-12-07T02:40:47.028-0300] {logging_mixin.py:190} INFO - [2024-12-07T02:40:47.028-0300] {dag.py:3239} INFO - Sync 1 DAGs
[2024-12-07T02:40:47.039-0300] {logging_mixin.py:190} INFO - [2024-12-07T02:40:47.039-0300] {dag.py:4180} INFO - Setting next_dagrun for example_dynamic_task_mapping to None, run_after=None
[2024-12-07T02:40:47.108-0300] {processor.py:208} INFO - Processing /home/crisu/miniconda3/envs/lab13.1/lib/python3.9/site-packages/airflow/example_dags/example_dynamic_task_mapping.py took 0.131 seconds
[2024-12-07T02:42:00.080-0300] {processor.py:186} INFO - Started process (PID=39057) to work on /home/crisu/miniconda3/envs/lab13.1/lib/python3.9/site-packages/airflow/example_dags/example_dynamic_task_mapping.py
[2024-12-07T02:42:00.091-0300] {processor.py:914} INFO - Processing file /home/crisu/miniconda3/envs/lab13.1/lib/python3.9/site-packages/airflow/example_dags/example_dynamic_task_mapping.py for tasks to queue
[2024-12-07T02:42:00.093-0300] {logging_mixin.py:190} INFO - [2024-12-07T02:42:00.093-0300] {dagbag.py:588} INFO - Filling up the DagBag from /home/crisu/miniconda3/envs/lab13.1/lib/python3.9/site-packages/airflow/example_dags/example_dynamic_task_mapping.py
[2024-12-07T02:42:00.102-0300] {processor.py:925} INFO - DAG(s) 'example_dynamic_task_mapping' retrieved from /home/crisu/miniconda3/envs/lab13.1/lib/python3.9/site-packages/airflow/example_dags/example_dynamic_task_mapping.py
[2024-12-07T02:42:00.116-0300] {logging_mixin.py:190} INFO - [2024-12-07T02:42:00.116-0300] {dag.py:3239} INFO - Sync 1 DAGs
[2024-12-07T02:42:00.127-0300] {logging_mixin.py:190} INFO - [2024-12-07T02:42:00.127-0300] {dag.py:4180} INFO - Setting next_dagrun for example_dynamic_task_mapping to None, run_after=None
[2024-12-07T02:42:00.191-0300] {processor.py:208} INFO - Processing /home/crisu/miniconda3/envs/lab13.1/lib/python3.9/site-packages/airflow/example_dags/example_dynamic_task_mapping.py took 0.116 seconds
[2024-12-07T02:45:13.466-0300] {processor.py:186} INFO - Started process (PID=39745) to work on /home/crisu/miniconda3/envs/lab13.1/lib/python3.9/site-packages/airflow/example_dags/example_dynamic_task_mapping.py
[2024-12-07T02:45:13.487-0300] {processor.py:914} INFO - Processing file /home/crisu/miniconda3/envs/lab13.1/lib/python3.9/site-packages/airflow/example_dags/example_dynamic_task_mapping.py for tasks to queue
[2024-12-07T02:45:13.489-0300] {logging_mixin.py:190} INFO - [2024-12-07T02:45:13.489-0300] {dagbag.py:588} INFO - Filling up the DagBag from /home/crisu/miniconda3/envs/lab13.1/lib/python3.9/site-packages/airflow/example_dags/example_dynamic_task_mapping.py
[2024-12-07T02:45:13.496-0300] {processor.py:925} INFO - DAG(s) 'example_dynamic_task_mapping' retrieved from /home/crisu/miniconda3/envs/lab13.1/lib/python3.9/site-packages/airflow/example_dags/example_dynamic_task_mapping.py
[2024-12-07T02:45:13.510-0300] {logging_mixin.py:190} INFO - [2024-12-07T02:45:13.509-0300] {dag.py:3239} INFO - Sync 1 DAGs
[2024-12-07T02:45:13.520-0300] {logging_mixin.py:190} INFO - [2024-12-07T02:45:13.520-0300] {dag.py:4180} INFO - Setting next_dagrun for example_dynamic_task_mapping to None, run_after=None
[2024-12-07T02:45:13.598-0300] {processor.py:208} INFO - Processing /home/crisu/miniconda3/envs/lab13.1/lib/python3.9/site-packages/airflow/example_dags/example_dynamic_task_mapping.py took 0.137 seconds
[2024-12-07T02:50:34.028-0300] {processor.py:186} INFO - Started process (PID=40825) to work on /home/crisu/miniconda3/envs/lab13.1/lib/python3.9/site-packages/airflow/example_dags/example_dynamic_task_mapping.py
[2024-12-07T02:50:34.053-0300] {processor.py:914} INFO - Processing file /home/crisu/miniconda3/envs/lab13.1/lib/python3.9/site-packages/airflow/example_dags/example_dynamic_task_mapping.py for tasks to queue
[2024-12-07T02:50:34.055-0300] {logging_mixin.py:190} INFO - [2024-12-07T02:50:34.054-0300] {dagbag.py:588} INFO - Filling up the DagBag from /home/crisu/miniconda3/envs/lab13.1/lib/python3.9/site-packages/airflow/example_dags/example_dynamic_task_mapping.py
[2024-12-07T02:50:34.062-0300] {processor.py:925} INFO - DAG(s) 'example_dynamic_task_mapping' retrieved from /home/crisu/miniconda3/envs/lab13.1/lib/python3.9/site-packages/airflow/example_dags/example_dynamic_task_mapping.py
[2024-12-07T02:50:34.075-0300] {logging_mixin.py:190} INFO - [2024-12-07T02:50:34.075-0300] {dag.py:3239} INFO - Sync 1 DAGs
[2024-12-07T02:50:34.087-0300] {logging_mixin.py:190} INFO - [2024-12-07T02:50:34.086-0300] {dag.py:4180} INFO - Setting next_dagrun for example_dynamic_task_mapping to None, run_after=None
[2024-12-07T02:50:34.177-0300] {processor.py:208} INFO - Processing /home/crisu/miniconda3/envs/lab13.1/lib/python3.9/site-packages/airflow/example_dags/example_dynamic_task_mapping.py took 0.157 seconds
[2024-12-07T03:21:13.712-0300] {processor.py:186} INFO - Started process (PID=42717) to work on /home/crisu/miniconda3/envs/lab13.1/lib/python3.9/site-packages/airflow/example_dags/example_dynamic_task_mapping.py
[2024-12-07T03:21:13.898-0300] {processor.py:914} INFO - Processing file /home/crisu/miniconda3/envs/lab13.1/lib/python3.9/site-packages/airflow/example_dags/example_dynamic_task_mapping.py for tasks to queue
[2024-12-07T03:21:13.899-0300] {logging_mixin.py:190} INFO - [2024-12-07T03:21:13.898-0300] {dagbag.py:588} INFO - Filling up the DagBag from /home/crisu/miniconda3/envs/lab13.1/lib/python3.9/site-packages/airflow/example_dags/example_dynamic_task_mapping.py
[2024-12-07T03:21:13.908-0300] {processor.py:925} INFO - DAG(s) 'example_dynamic_task_mapping' retrieved from /home/crisu/miniconda3/envs/lab13.1/lib/python3.9/site-packages/airflow/example_dags/example_dynamic_task_mapping.py
[2024-12-07T03:21:13.927-0300] {logging_mixin.py:190} INFO - [2024-12-07T03:21:13.927-0300] {dag.py:3239} INFO - Sync 1 DAGs
[2024-12-07T03:21:13.945-0300] {logging_mixin.py:190} INFO - [2024-12-07T03:21:13.945-0300] {dag.py:4180} INFO - Setting next_dagrun for example_dynamic_task_mapping to None, run_after=None
[2024-12-07T03:21:15.865-0300] {processor.py:208} INFO - Processing /home/crisu/miniconda3/envs/lab13.1/lib/python3.9/site-packages/airflow/example_dags/example_dynamic_task_mapping.py took 2.163 seconds
[2024-12-07T03:24:18.543-0300] {processor.py:186} INFO - Started process (PID=42962) to work on /home/crisu/miniconda3/envs/lab13.1/lib/python3.9/site-packages/airflow/example_dags/example_dynamic_task_mapping.py
[2024-12-07T03:24:18.589-0300] {processor.py:914} INFO - Processing file /home/crisu/miniconda3/envs/lab13.1/lib/python3.9/site-packages/airflow/example_dags/example_dynamic_task_mapping.py for tasks to queue
[2024-12-07T03:24:18.590-0300] {logging_mixin.py:190} INFO - [2024-12-07T03:24:18.590-0300] {dagbag.py:588} INFO - Filling up the DagBag from /home/crisu/miniconda3/envs/lab13.1/lib/python3.9/site-packages/airflow/example_dags/example_dynamic_task_mapping.py
[2024-12-07T03:24:18.597-0300] {processor.py:925} INFO - DAG(s) 'example_dynamic_task_mapping' retrieved from /home/crisu/miniconda3/envs/lab13.1/lib/python3.9/site-packages/airflow/example_dags/example_dynamic_task_mapping.py
[2024-12-07T03:24:18.613-0300] {logging_mixin.py:190} INFO - [2024-12-07T03:24:18.613-0300] {dag.py:3239} INFO - Sync 1 DAGs
[2024-12-07T03:24:18.627-0300] {logging_mixin.py:190} INFO - [2024-12-07T03:24:18.627-0300] {dag.py:4180} INFO - Setting next_dagrun for example_dynamic_task_mapping to None, run_after=None
[2024-12-07T03:24:20.210-0300] {processor.py:208} INFO - Processing /home/crisu/miniconda3/envs/lab13.1/lib/python3.9/site-packages/airflow/example_dags/example_dynamic_task_mapping.py took 1.677 seconds
[2024-12-07T03:28:00.369-0300] {processor.py:186} INFO - Started process (PID=43656) to work on /home/crisu/miniconda3/envs/lab13.1/lib/python3.9/site-packages/airflow/example_dags/example_dynamic_task_mapping.py
[2024-12-07T03:28:00.371-0300] {processor.py:914} INFO - Processing file /home/crisu/miniconda3/envs/lab13.1/lib/python3.9/site-packages/airflow/example_dags/example_dynamic_task_mapping.py for tasks to queue
[2024-12-07T03:28:00.373-0300] {logging_mixin.py:190} INFO - [2024-12-07T03:28:00.372-0300] {dagbag.py:588} INFO - Filling up the DagBag from /home/crisu/miniconda3/envs/lab13.1/lib/python3.9/site-packages/airflow/example_dags/example_dynamic_task_mapping.py
[2024-12-07T03:28:00.380-0300] {processor.py:925} INFO - DAG(s) 'example_dynamic_task_mapping' retrieved from /home/crisu/miniconda3/envs/lab13.1/lib/python3.9/site-packages/airflow/example_dags/example_dynamic_task_mapping.py
[2024-12-07T03:28:00.393-0300] {logging_mixin.py:190} INFO - [2024-12-07T03:28:00.393-0300] {dag.py:3239} INFO - Sync 1 DAGs
[2024-12-07T03:28:00.403-0300] {logging_mixin.py:190} INFO - [2024-12-07T03:28:00.403-0300] {dag.py:4180} INFO - Setting next_dagrun for example_dynamic_task_mapping to None, run_after=None
[2024-12-07T03:28:00.464-0300] {processor.py:208} INFO - Processing /home/crisu/miniconda3/envs/lab13.1/lib/python3.9/site-packages/airflow/example_dags/example_dynamic_task_mapping.py took 0.101 seconds
[2024-12-07T03:34:37.227-0300] {processor.py:186} INFO - Started process (PID=44631) to work on /home/crisu/miniconda3/envs/lab13.1/lib/python3.9/site-packages/airflow/example_dags/example_dynamic_task_mapping.py
[2024-12-07T03:34:37.228-0300] {processor.py:914} INFO - Processing file /home/crisu/miniconda3/envs/lab13.1/lib/python3.9/site-packages/airflow/example_dags/example_dynamic_task_mapping.py for tasks to queue
[2024-12-07T03:34:37.230-0300] {logging_mixin.py:190} INFO - [2024-12-07T03:34:37.230-0300] {dagbag.py:588} INFO - Filling up the DagBag from /home/crisu/miniconda3/envs/lab13.1/lib/python3.9/site-packages/airflow/example_dags/example_dynamic_task_mapping.py
[2024-12-07T03:34:37.236-0300] {processor.py:925} INFO - DAG(s) 'example_dynamic_task_mapping' retrieved from /home/crisu/miniconda3/envs/lab13.1/lib/python3.9/site-packages/airflow/example_dags/example_dynamic_task_mapping.py
[2024-12-07T03:34:37.248-0300] {logging_mixin.py:190} INFO - [2024-12-07T03:34:37.247-0300] {dag.py:3239} INFO - Sync 1 DAGs
[2024-12-07T03:34:37.258-0300] {logging_mixin.py:190} INFO - [2024-12-07T03:34:37.257-0300] {dag.py:4180} INFO - Setting next_dagrun for example_dynamic_task_mapping to None, run_after=None
[2024-12-07T03:34:38.004-0300] {processor.py:208} INFO - Processing /home/crisu/miniconda3/envs/lab13.1/lib/python3.9/site-packages/airflow/example_dags/example_dynamic_task_mapping.py took 0.783 seconds
[2024-12-07T03:36:05.399-0300] {processor.py:186} INFO - Started process (PID=44789) to work on /home/crisu/miniconda3/envs/lab13.1/lib/python3.9/site-packages/airflow/example_dags/example_dynamic_task_mapping.py
[2024-12-07T03:36:05.413-0300] {processor.py:914} INFO - Processing file /home/crisu/miniconda3/envs/lab13.1/lib/python3.9/site-packages/airflow/example_dags/example_dynamic_task_mapping.py for tasks to queue
[2024-12-07T03:36:05.415-0300] {logging_mixin.py:190} INFO - [2024-12-07T03:36:05.415-0300] {dagbag.py:588} INFO - Filling up the DagBag from /home/crisu/miniconda3/envs/lab13.1/lib/python3.9/site-packages/airflow/example_dags/example_dynamic_task_mapping.py
[2024-12-07T03:36:05.427-0300] {processor.py:925} INFO - DAG(s) 'example_dynamic_task_mapping' retrieved from /home/crisu/miniconda3/envs/lab13.1/lib/python3.9/site-packages/airflow/example_dags/example_dynamic_task_mapping.py
[2024-12-07T03:36:05.449-0300] {logging_mixin.py:190} INFO - [2024-12-07T03:36:05.448-0300] {dag.py:3239} INFO - Sync 1 DAGs
[2024-12-07T03:36:05.466-0300] {logging_mixin.py:190} INFO - [2024-12-07T03:36:05.466-0300] {dag.py:4180} INFO - Setting next_dagrun for example_dynamic_task_mapping to None, run_after=None
[2024-12-07T03:36:05.608-0300] {processor.py:208} INFO - Processing /home/crisu/miniconda3/envs/lab13.1/lib/python3.9/site-packages/airflow/example_dags/example_dynamic_task_mapping.py took 0.217 seconds
[2024-12-07T03:38:09.141-0300] {processor.py:186} INFO - Started process (PID=44993) to work on /home/crisu/miniconda3/envs/lab13.1/lib/python3.9/site-packages/airflow/example_dags/example_dynamic_task_mapping.py
[2024-12-07T03:38:09.142-0300] {processor.py:914} INFO - Processing file /home/crisu/miniconda3/envs/lab13.1/lib/python3.9/site-packages/airflow/example_dags/example_dynamic_task_mapping.py for tasks to queue
[2024-12-07T03:38:09.143-0300] {logging_mixin.py:190} INFO - [2024-12-07T03:38:09.143-0300] {dagbag.py:588} INFO - Filling up the DagBag from /home/crisu/miniconda3/envs/lab13.1/lib/python3.9/site-packages/airflow/example_dags/example_dynamic_task_mapping.py
[2024-12-07T03:38:09.149-0300] {processor.py:925} INFO - DAG(s) 'example_dynamic_task_mapping' retrieved from /home/crisu/miniconda3/envs/lab13.1/lib/python3.9/site-packages/airflow/example_dags/example_dynamic_task_mapping.py
[2024-12-07T03:38:09.162-0300] {logging_mixin.py:190} INFO - [2024-12-07T03:38:09.161-0300] {dag.py:3239} INFO - Sync 1 DAGs
[2024-12-07T03:38:09.172-0300] {logging_mixin.py:190} INFO - [2024-12-07T03:38:09.172-0300] {dag.py:4180} INFO - Setting next_dagrun for example_dynamic_task_mapping to None, run_after=None
[2024-12-07T03:38:09.227-0300] {processor.py:208} INFO - Processing /home/crisu/miniconda3/envs/lab13.1/lib/python3.9/site-packages/airflow/example_dags/example_dynamic_task_mapping.py took 0.091 seconds
[2024-12-07T03:39:28.239-0300] {processor.py:186} INFO - Started process (PID=45153) to work on /home/crisu/miniconda3/envs/lab13.1/lib/python3.9/site-packages/airflow/example_dags/example_dynamic_task_mapping.py
[2024-12-07T03:39:28.243-0300] {processor.py:914} INFO - Processing file /home/crisu/miniconda3/envs/lab13.1/lib/python3.9/site-packages/airflow/example_dags/example_dynamic_task_mapping.py for tasks to queue
[2024-12-07T03:39:28.244-0300] {logging_mixin.py:190} INFO - [2024-12-07T03:39:28.244-0300] {dagbag.py:588} INFO - Filling up the DagBag from /home/crisu/miniconda3/envs/lab13.1/lib/python3.9/site-packages/airflow/example_dags/example_dynamic_task_mapping.py
[2024-12-07T03:39:28.251-0300] {processor.py:925} INFO - DAG(s) 'example_dynamic_task_mapping' retrieved from /home/crisu/miniconda3/envs/lab13.1/lib/python3.9/site-packages/airflow/example_dags/example_dynamic_task_mapping.py
[2024-12-07T03:39:28.264-0300] {logging_mixin.py:190} INFO - [2024-12-07T03:39:28.264-0300] {dag.py:3239} INFO - Sync 1 DAGs
[2024-12-07T03:39:28.277-0300] {logging_mixin.py:190} INFO - [2024-12-07T03:39:28.276-0300] {dag.py:4180} INFO - Setting next_dagrun for example_dynamic_task_mapping to None, run_after=None
[2024-12-07T03:39:28.351-0300] {processor.py:208} INFO - Processing /home/crisu/miniconda3/envs/lab13.1/lib/python3.9/site-packages/airflow/example_dags/example_dynamic_task_mapping.py took 0.117 seconds
[2024-12-07T03:40:44.451-0300] {processor.py:186} INFO - Started process (PID=45294) to work on /home/crisu/miniconda3/envs/lab13.1/lib/python3.9/site-packages/airflow/example_dags/example_dynamic_task_mapping.py
[2024-12-07T03:40:44.457-0300] {processor.py:914} INFO - Processing file /home/crisu/miniconda3/envs/lab13.1/lib/python3.9/site-packages/airflow/example_dags/example_dynamic_task_mapping.py for tasks to queue
[2024-12-07T03:40:44.458-0300] {logging_mixin.py:190} INFO - [2024-12-07T03:40:44.458-0300] {dagbag.py:588} INFO - Filling up the DagBag from /home/crisu/miniconda3/envs/lab13.1/lib/python3.9/site-packages/airflow/example_dags/example_dynamic_task_mapping.py
[2024-12-07T03:40:44.464-0300] {processor.py:925} INFO - DAG(s) 'example_dynamic_task_mapping' retrieved from /home/crisu/miniconda3/envs/lab13.1/lib/python3.9/site-packages/airflow/example_dags/example_dynamic_task_mapping.py
[2024-12-07T03:40:44.476-0300] {logging_mixin.py:190} INFO - [2024-12-07T03:40:44.476-0300] {dag.py:3239} INFO - Sync 1 DAGs
[2024-12-07T03:40:44.487-0300] {logging_mixin.py:190} INFO - [2024-12-07T03:40:44.486-0300] {dag.py:4180} INFO - Setting next_dagrun for example_dynamic_task_mapping to None, run_after=None
[2024-12-07T03:40:44.540-0300] {processor.py:208} INFO - Processing /home/crisu/miniconda3/envs/lab13.1/lib/python3.9/site-packages/airflow/example_dags/example_dynamic_task_mapping.py took 0.094 seconds
[2024-12-07T03:44:51.107-0300] {processor.py:186} INFO - Started process (PID=45959) to work on /home/crisu/miniconda3/envs/lab13.1/lib/python3.9/site-packages/airflow/example_dags/example_dynamic_task_mapping.py
[2024-12-07T03:44:51.118-0300] {processor.py:914} INFO - Processing file /home/crisu/miniconda3/envs/lab13.1/lib/python3.9/site-packages/airflow/example_dags/example_dynamic_task_mapping.py for tasks to queue
[2024-12-07T03:44:51.120-0300] {logging_mixin.py:190} INFO - [2024-12-07T03:44:51.120-0300] {dagbag.py:588} INFO - Filling up the DagBag from /home/crisu/miniconda3/envs/lab13.1/lib/python3.9/site-packages/airflow/example_dags/example_dynamic_task_mapping.py
[2024-12-07T03:44:51.128-0300] {processor.py:925} INFO - DAG(s) 'example_dynamic_task_mapping' retrieved from /home/crisu/miniconda3/envs/lab13.1/lib/python3.9/site-packages/airflow/example_dags/example_dynamic_task_mapping.py
[2024-12-07T03:44:51.147-0300] {logging_mixin.py:190} INFO - [2024-12-07T03:44:51.147-0300] {dag.py:3239} INFO - Sync 1 DAGs
[2024-12-07T03:44:51.161-0300] {logging_mixin.py:190} INFO - [2024-12-07T03:44:51.160-0300] {dag.py:4180} INFO - Setting next_dagrun for example_dynamic_task_mapping to None, run_after=None
[2024-12-07T03:44:51.798-0300] {processor.py:208} INFO - Processing /home/crisu/miniconda3/envs/lab13.1/lib/python3.9/site-packages/airflow/example_dags/example_dynamic_task_mapping.py took 0.699 seconds
[2024-12-07T03:49:05.314-0300] {processor.py:186} INFO - Started process (PID=46793) to work on /home/crisu/miniconda3/envs/lab13.1/lib/python3.9/site-packages/airflow/example_dags/example_dynamic_task_mapping.py
[2024-12-07T03:49:05.450-0300] {processor.py:914} INFO - Processing file /home/crisu/miniconda3/envs/lab13.1/lib/python3.9/site-packages/airflow/example_dags/example_dynamic_task_mapping.py for tasks to queue
[2024-12-07T03:49:05.452-0300] {logging_mixin.py:190} INFO - [2024-12-07T03:49:05.452-0300] {dagbag.py:588} INFO - Filling up the DagBag from /home/crisu/miniconda3/envs/lab13.1/lib/python3.9/site-packages/airflow/example_dags/example_dynamic_task_mapping.py
[2024-12-07T03:49:05.461-0300] {processor.py:925} INFO - DAG(s) 'example_dynamic_task_mapping' retrieved from /home/crisu/miniconda3/envs/lab13.1/lib/python3.9/site-packages/airflow/example_dags/example_dynamic_task_mapping.py
[2024-12-07T03:49:05.473-0300] {logging_mixin.py:190} INFO - [2024-12-07T03:49:05.473-0300] {dag.py:3239} INFO - Sync 1 DAGs
[2024-12-07T03:49:05.484-0300] {logging_mixin.py:190} INFO - [2024-12-07T03:49:05.484-0300] {dag.py:4180} INFO - Setting next_dagrun for example_dynamic_task_mapping to None, run_after=None
[2024-12-07T03:49:06.477-0300] {processor.py:208} INFO - Processing /home/crisu/miniconda3/envs/lab13.1/lib/python3.9/site-packages/airflow/example_dags/example_dynamic_task_mapping.py took 1.168 seconds
[2024-12-07T03:51:46.867-0300] {processor.py:186} INFO - Started process (PID=47016) to work on /home/crisu/miniconda3/envs/lab13.1/lib/python3.9/site-packages/airflow/example_dags/example_dynamic_task_mapping.py
[2024-12-07T03:51:46.877-0300] {processor.py:914} INFO - Processing file /home/crisu/miniconda3/envs/lab13.1/lib/python3.9/site-packages/airflow/example_dags/example_dynamic_task_mapping.py for tasks to queue
[2024-12-07T03:51:46.879-0300] {logging_mixin.py:190} INFO - [2024-12-07T03:51:46.879-0300] {dagbag.py:588} INFO - Filling up the DagBag from /home/crisu/miniconda3/envs/lab13.1/lib/python3.9/site-packages/airflow/example_dags/example_dynamic_task_mapping.py
[2024-12-07T03:51:46.887-0300] {processor.py:925} INFO - DAG(s) 'example_dynamic_task_mapping' retrieved from /home/crisu/miniconda3/envs/lab13.1/lib/python3.9/site-packages/airflow/example_dags/example_dynamic_task_mapping.py
[2024-12-07T03:51:46.900-0300] {logging_mixin.py:190} INFO - [2024-12-07T03:51:46.900-0300] {dag.py:3239} INFO - Sync 1 DAGs
[2024-12-07T03:51:46.911-0300] {logging_mixin.py:190} INFO - [2024-12-07T03:51:46.910-0300] {dag.py:4180} INFO - Setting next_dagrun for example_dynamic_task_mapping to None, run_after=None
[2024-12-07T03:51:46.967-0300] {processor.py:208} INFO - Processing /home/crisu/miniconda3/envs/lab13.1/lib/python3.9/site-packages/airflow/example_dags/example_dynamic_task_mapping.py took 0.105 seconds
[2024-12-07T03:53:19.306-0300] {processor.py:186} INFO - Started process (PID=47180) to work on /home/crisu/miniconda3/envs/lab13.1/lib/python3.9/site-packages/airflow/example_dags/example_dynamic_task_mapping.py
[2024-12-07T03:53:19.341-0300] {processor.py:914} INFO - Processing file /home/crisu/miniconda3/envs/lab13.1/lib/python3.9/site-packages/airflow/example_dags/example_dynamic_task_mapping.py for tasks to queue
[2024-12-07T03:53:19.344-0300] {logging_mixin.py:190} INFO - [2024-12-07T03:53:19.344-0300] {dagbag.py:588} INFO - Filling up the DagBag from /home/crisu/miniconda3/envs/lab13.1/lib/python3.9/site-packages/airflow/example_dags/example_dynamic_task_mapping.py
[2024-12-07T03:53:19.354-0300] {processor.py:925} INFO - DAG(s) 'example_dynamic_task_mapping' retrieved from /home/crisu/miniconda3/envs/lab13.1/lib/python3.9/site-packages/airflow/example_dags/example_dynamic_task_mapping.py
[2024-12-07T03:53:19.372-0300] {logging_mixin.py:190} INFO - [2024-12-07T03:53:19.372-0300] {dag.py:3239} INFO - Sync 1 DAGs
[2024-12-07T03:53:19.389-0300] {logging_mixin.py:190} INFO - [2024-12-07T03:53:19.389-0300] {dag.py:4180} INFO - Setting next_dagrun for example_dynamic_task_mapping to None, run_after=None
[2024-12-07T03:53:20.508-0300] {processor.py:208} INFO - Processing /home/crisu/miniconda3/envs/lab13.1/lib/python3.9/site-packages/airflow/example_dags/example_dynamic_task_mapping.py took 1.209 seconds
[2024-12-07T03:55:35.723-0300] {processor.py:186} INFO - Started process (PID=47479) to work on /home/crisu/miniconda3/envs/lab13.1/lib/python3.9/site-packages/airflow/example_dags/example_dynamic_task_mapping.py
[2024-12-07T03:55:35.725-0300] {processor.py:914} INFO - Processing file /home/crisu/miniconda3/envs/lab13.1/lib/python3.9/site-packages/airflow/example_dags/example_dynamic_task_mapping.py for tasks to queue
[2024-12-07T03:55:35.727-0300] {logging_mixin.py:190} INFO - [2024-12-07T03:55:35.727-0300] {dagbag.py:588} INFO - Filling up the DagBag from /home/crisu/miniconda3/envs/lab13.1/lib/python3.9/site-packages/airflow/example_dags/example_dynamic_task_mapping.py
[2024-12-07T03:55:35.741-0300] {processor.py:925} INFO - DAG(s) 'example_dynamic_task_mapping' retrieved from /home/crisu/miniconda3/envs/lab13.1/lib/python3.9/site-packages/airflow/example_dags/example_dynamic_task_mapping.py
[2024-12-07T03:55:35.759-0300] {logging_mixin.py:190} INFO - [2024-12-07T03:55:35.758-0300] {dag.py:3239} INFO - Sync 1 DAGs
[2024-12-07T03:55:35.777-0300] {logging_mixin.py:190} INFO - [2024-12-07T03:55:35.777-0300] {dag.py:4180} INFO - Setting next_dagrun for example_dynamic_task_mapping to None, run_after=None
[2024-12-07T03:55:36.950-0300] {processor.py:208} INFO - Processing /home/crisu/miniconda3/envs/lab13.1/lib/python3.9/site-packages/airflow/example_dags/example_dynamic_task_mapping.py took 1.237 seconds
[2024-12-07T03:57:13.537-0300] {processor.py:186} INFO - Started process (PID=47659) to work on /home/crisu/miniconda3/envs/lab13.1/lib/python3.9/site-packages/airflow/example_dags/example_dynamic_task_mapping.py
[2024-12-07T03:57:13.538-0300] {processor.py:914} INFO - Processing file /home/crisu/miniconda3/envs/lab13.1/lib/python3.9/site-packages/airflow/example_dags/example_dynamic_task_mapping.py for tasks to queue
[2024-12-07T03:57:13.541-0300] {logging_mixin.py:190} INFO - [2024-12-07T03:57:13.541-0300] {dagbag.py:588} INFO - Filling up the DagBag from /home/crisu/miniconda3/envs/lab13.1/lib/python3.9/site-packages/airflow/example_dags/example_dynamic_task_mapping.py
[2024-12-07T03:57:13.552-0300] {processor.py:925} INFO - DAG(s) 'example_dynamic_task_mapping' retrieved from /home/crisu/miniconda3/envs/lab13.1/lib/python3.9/site-packages/airflow/example_dags/example_dynamic_task_mapping.py
[2024-12-07T03:57:13.571-0300] {logging_mixin.py:190} INFO - [2024-12-07T03:57:13.571-0300] {dag.py:3239} INFO - Sync 1 DAGs
[2024-12-07T03:57:13.590-0300] {logging_mixin.py:190} INFO - [2024-12-07T03:57:13.589-0300] {dag.py:4180} INFO - Setting next_dagrun for example_dynamic_task_mapping to None, run_after=None
[2024-12-07T03:57:14.096-0300] {processor.py:208} INFO - Processing /home/crisu/miniconda3/envs/lab13.1/lib/python3.9/site-packages/airflow/example_dags/example_dynamic_task_mapping.py took 0.564 seconds
[2024-12-07T03:58:31.497-0300] {processor.py:186} INFO - Started process (PID=47823) to work on /home/crisu/miniconda3/envs/lab13.1/lib/python3.9/site-packages/airflow/example_dags/example_dynamic_task_mapping.py
[2024-12-07T03:58:31.503-0300] {processor.py:914} INFO - Processing file /home/crisu/miniconda3/envs/lab13.1/lib/python3.9/site-packages/airflow/example_dags/example_dynamic_task_mapping.py for tasks to queue
[2024-12-07T03:58:31.505-0300] {logging_mixin.py:190} INFO - [2024-12-07T03:58:31.505-0300] {dagbag.py:588} INFO - Filling up the DagBag from /home/crisu/miniconda3/envs/lab13.1/lib/python3.9/site-packages/airflow/example_dags/example_dynamic_task_mapping.py
[2024-12-07T03:58:31.514-0300] {processor.py:925} INFO - DAG(s) 'example_dynamic_task_mapping' retrieved from /home/crisu/miniconda3/envs/lab13.1/lib/python3.9/site-packages/airflow/example_dags/example_dynamic_task_mapping.py
[2024-12-07T03:58:31.527-0300] {logging_mixin.py:190} INFO - [2024-12-07T03:58:31.527-0300] {dag.py:3239} INFO - Sync 1 DAGs
[2024-12-07T03:58:31.538-0300] {logging_mixin.py:190} INFO - [2024-12-07T03:58:31.538-0300] {dag.py:4180} INFO - Setting next_dagrun for example_dynamic_task_mapping to None, run_after=None
[2024-12-07T03:58:31.598-0300] {processor.py:208} INFO - Processing /home/crisu/miniconda3/envs/lab13.1/lib/python3.9/site-packages/airflow/example_dags/example_dynamic_task_mapping.py took 0.106 seconds
[2024-12-07T04:00:28.434-0300] {processor.py:186} INFO - Started process (PID=48058) to work on /home/crisu/miniconda3/envs/lab13.1/lib/python3.9/site-packages/airflow/example_dags/example_dynamic_task_mapping.py
[2024-12-07T04:00:28.449-0300] {processor.py:914} INFO - Processing file /home/crisu/miniconda3/envs/lab13.1/lib/python3.9/site-packages/airflow/example_dags/example_dynamic_task_mapping.py for tasks to queue
[2024-12-07T04:00:28.451-0300] {logging_mixin.py:190} INFO - [2024-12-07T04:00:28.451-0300] {dagbag.py:588} INFO - Filling up the DagBag from /home/crisu/miniconda3/envs/lab13.1/lib/python3.9/site-packages/airflow/example_dags/example_dynamic_task_mapping.py
[2024-12-07T04:00:28.458-0300] {processor.py:925} INFO - DAG(s) 'example_dynamic_task_mapping' retrieved from /home/crisu/miniconda3/envs/lab13.1/lib/python3.9/site-packages/airflow/example_dags/example_dynamic_task_mapping.py
[2024-12-07T04:00:28.471-0300] {logging_mixin.py:190} INFO - [2024-12-07T04:00:28.471-0300] {dag.py:3239} INFO - Sync 1 DAGs
[2024-12-07T04:00:28.482-0300] {logging_mixin.py:190} INFO - [2024-12-07T04:00:28.482-0300] {dag.py:4180} INFO - Setting next_dagrun for example_dynamic_task_mapping to None, run_after=None
[2024-12-07T04:00:28.545-0300] {processor.py:208} INFO - Processing /home/crisu/miniconda3/envs/lab13.1/lib/python3.9/site-packages/airflow/example_dags/example_dynamic_task_mapping.py took 0.116 seconds
[2024-12-07T04:01:43.926-0300] {processor.py:186} INFO - Started process (PID=48241) to work on /home/crisu/miniconda3/envs/lab13.1/lib/python3.9/site-packages/airflow/example_dags/example_dynamic_task_mapping.py
[2024-12-07T04:01:43.930-0300] {processor.py:914} INFO - Processing file /home/crisu/miniconda3/envs/lab13.1/lib/python3.9/site-packages/airflow/example_dags/example_dynamic_task_mapping.py for tasks to queue
[2024-12-07T04:01:43.932-0300] {logging_mixin.py:190} INFO - [2024-12-07T04:01:43.932-0300] {dagbag.py:588} INFO - Filling up the DagBag from /home/crisu/miniconda3/envs/lab13.1/lib/python3.9/site-packages/airflow/example_dags/example_dynamic_task_mapping.py
[2024-12-07T04:01:43.939-0300] {processor.py:925} INFO - DAG(s) 'example_dynamic_task_mapping' retrieved from /home/crisu/miniconda3/envs/lab13.1/lib/python3.9/site-packages/airflow/example_dags/example_dynamic_task_mapping.py
[2024-12-07T04:01:43.952-0300] {logging_mixin.py:190} INFO - [2024-12-07T04:01:43.952-0300] {dag.py:3239} INFO - Sync 1 DAGs
[2024-12-07T04:01:43.963-0300] {logging_mixin.py:190} INFO - [2024-12-07T04:01:43.963-0300] {dag.py:4180} INFO - Setting next_dagrun for example_dynamic_task_mapping to None, run_after=None
[2024-12-07T04:01:44.139-0300] {processor.py:208} INFO - Processing /home/crisu/miniconda3/envs/lab13.1/lib/python3.9/site-packages/airflow/example_dags/example_dynamic_task_mapping.py took 0.218 seconds
[2024-12-07T04:08:00.450-0300] {processor.py:186} INFO - Started process (PID=49245) to work on /home/crisu/miniconda3/envs/lab13.1/lib/python3.9/site-packages/airflow/example_dags/example_dynamic_task_mapping.py
[2024-12-07T04:08:00.468-0300] {processor.py:914} INFO - Processing file /home/crisu/miniconda3/envs/lab13.1/lib/python3.9/site-packages/airflow/example_dags/example_dynamic_task_mapping.py for tasks to queue
[2024-12-07T04:08:00.470-0300] {logging_mixin.py:190} INFO - [2024-12-07T04:08:00.469-0300] {dagbag.py:588} INFO - Filling up the DagBag from /home/crisu/miniconda3/envs/lab13.1/lib/python3.9/site-packages/airflow/example_dags/example_dynamic_task_mapping.py
[2024-12-07T04:08:00.476-0300] {processor.py:925} INFO - DAG(s) 'example_dynamic_task_mapping' retrieved from /home/crisu/miniconda3/envs/lab13.1/lib/python3.9/site-packages/airflow/example_dags/example_dynamic_task_mapping.py
[2024-12-07T04:08:00.489-0300] {logging_mixin.py:190} INFO - [2024-12-07T04:08:00.489-0300] {dag.py:3239} INFO - Sync 1 DAGs
[2024-12-07T04:08:00.500-0300] {logging_mixin.py:190} INFO - [2024-12-07T04:08:00.500-0300] {dag.py:4180} INFO - Setting next_dagrun for example_dynamic_task_mapping to None, run_after=None
[2024-12-07T04:08:00.569-0300] {processor.py:208} INFO - Processing /home/crisu/miniconda3/envs/lab13.1/lib/python3.9/site-packages/airflow/example_dags/example_dynamic_task_mapping.py took 0.125 seconds
[2024-12-07T04:10:02.479-0300] {processor.py:186} INFO - Started process (PID=49471) to work on /home/crisu/miniconda3/envs/lab13.1/lib/python3.9/site-packages/airflow/example_dags/example_dynamic_task_mapping.py
[2024-12-07T04:10:02.502-0300] {processor.py:914} INFO - Processing file /home/crisu/miniconda3/envs/lab13.1/lib/python3.9/site-packages/airflow/example_dags/example_dynamic_task_mapping.py for tasks to queue
[2024-12-07T04:10:02.504-0300] {logging_mixin.py:190} INFO - [2024-12-07T04:10:02.503-0300] {dagbag.py:588} INFO - Filling up the DagBag from /home/crisu/miniconda3/envs/lab13.1/lib/python3.9/site-packages/airflow/example_dags/example_dynamic_task_mapping.py
[2024-12-07T04:10:02.510-0300] {processor.py:925} INFO - DAG(s) 'example_dynamic_task_mapping' retrieved from /home/crisu/miniconda3/envs/lab13.1/lib/python3.9/site-packages/airflow/example_dags/example_dynamic_task_mapping.py
[2024-12-07T04:10:02.525-0300] {logging_mixin.py:190} INFO - [2024-12-07T04:10:02.525-0300] {dag.py:3239} INFO - Sync 1 DAGs
[2024-12-07T04:10:02.540-0300] {logging_mixin.py:190} INFO - [2024-12-07T04:10:02.539-0300] {dag.py:4180} INFO - Setting next_dagrun for example_dynamic_task_mapping to None, run_after=None
[2024-12-07T04:10:02.611-0300] {processor.py:208} INFO - Processing /home/crisu/miniconda3/envs/lab13.1/lib/python3.9/site-packages/airflow/example_dags/example_dynamic_task_mapping.py took 0.137 seconds
[2024-12-07T04:12:02.755-0300] {processor.py:186} INFO - Started process (PID=49645) to work on /home/crisu/miniconda3/envs/lab13.1/lib/python3.9/site-packages/airflow/example_dags/example_dynamic_task_mapping.py
[2024-12-07T04:12:02.756-0300] {processor.py:914} INFO - Processing file /home/crisu/miniconda3/envs/lab13.1/lib/python3.9/site-packages/airflow/example_dags/example_dynamic_task_mapping.py for tasks to queue
[2024-12-07T04:12:02.757-0300] {logging_mixin.py:190} INFO - [2024-12-07T04:12:02.757-0300] {dagbag.py:588} INFO - Filling up the DagBag from /home/crisu/miniconda3/envs/lab13.1/lib/python3.9/site-packages/airflow/example_dags/example_dynamic_task_mapping.py
[2024-12-07T04:12:02.765-0300] {processor.py:925} INFO - DAG(s) 'example_dynamic_task_mapping' retrieved from /home/crisu/miniconda3/envs/lab13.1/lib/python3.9/site-packages/airflow/example_dags/example_dynamic_task_mapping.py
[2024-12-07T04:12:02.781-0300] {logging_mixin.py:190} INFO - [2024-12-07T04:12:02.781-0300] {dag.py:3239} INFO - Sync 1 DAGs
[2024-12-07T04:12:02.792-0300] {logging_mixin.py:190} INFO - [2024-12-07T04:12:02.792-0300] {dag.py:4180} INFO - Setting next_dagrun for example_dynamic_task_mapping to None, run_after=None
[2024-12-07T04:12:02.855-0300] {processor.py:208} INFO - Processing /home/crisu/miniconda3/envs/lab13.1/lib/python3.9/site-packages/airflow/example_dags/example_dynamic_task_mapping.py took 0.105 seconds
[2024-12-07T04:13:17.923-0300] {processor.py:186} INFO - Started process (PID=49762) to work on /home/crisu/miniconda3/envs/lab13.1/lib/python3.9/site-packages/airflow/example_dags/example_dynamic_task_mapping.py
[2024-12-07T04:13:17.930-0300] {processor.py:914} INFO - Processing file /home/crisu/miniconda3/envs/lab13.1/lib/python3.9/site-packages/airflow/example_dags/example_dynamic_task_mapping.py for tasks to queue
[2024-12-07T04:13:17.932-0300] {logging_mixin.py:190} INFO - [2024-12-07T04:13:17.932-0300] {dagbag.py:588} INFO - Filling up the DagBag from /home/crisu/miniconda3/envs/lab13.1/lib/python3.9/site-packages/airflow/example_dags/example_dynamic_task_mapping.py
[2024-12-07T04:13:17.939-0300] {processor.py:925} INFO - DAG(s) 'example_dynamic_task_mapping' retrieved from /home/crisu/miniconda3/envs/lab13.1/lib/python3.9/site-packages/airflow/example_dags/example_dynamic_task_mapping.py
[2024-12-07T04:13:17.952-0300] {logging_mixin.py:190} INFO - [2024-12-07T04:13:17.952-0300] {dag.py:3239} INFO - Sync 1 DAGs
[2024-12-07T04:13:17.963-0300] {logging_mixin.py:190} INFO - [2024-12-07T04:13:17.963-0300] {dag.py:4180} INFO - Setting next_dagrun for example_dynamic_task_mapping to None, run_after=None
[2024-12-07T04:13:18.048-0300] {processor.py:208} INFO - Processing /home/crisu/miniconda3/envs/lab13.1/lib/python3.9/site-packages/airflow/example_dags/example_dynamic_task_mapping.py took 0.130 seconds
[2024-12-07T04:14:37.260-0300] {processor.py:186} INFO - Started process (PID=49944) to work on /home/crisu/miniconda3/envs/lab13.1/lib/python3.9/site-packages/airflow/example_dags/example_dynamic_task_mapping.py
[2024-12-07T04:14:37.271-0300] {processor.py:914} INFO - Processing file /home/crisu/miniconda3/envs/lab13.1/lib/python3.9/site-packages/airflow/example_dags/example_dynamic_task_mapping.py for tasks to queue
[2024-12-07T04:14:37.272-0300] {logging_mixin.py:190} INFO - [2024-12-07T04:14:37.272-0300] {dagbag.py:588} INFO - Filling up the DagBag from /home/crisu/miniconda3/envs/lab13.1/lib/python3.9/site-packages/airflow/example_dags/example_dynamic_task_mapping.py
[2024-12-07T04:14:37.278-0300] {processor.py:925} INFO - DAG(s) 'example_dynamic_task_mapping' retrieved from /home/crisu/miniconda3/envs/lab13.1/lib/python3.9/site-packages/airflow/example_dags/example_dynamic_task_mapping.py
[2024-12-07T04:14:37.292-0300] {logging_mixin.py:190} INFO - [2024-12-07T04:14:37.291-0300] {dag.py:3239} INFO - Sync 1 DAGs
[2024-12-07T04:14:37.302-0300] {logging_mixin.py:190} INFO - [2024-12-07T04:14:37.302-0300] {dag.py:4180} INFO - Setting next_dagrun for example_dynamic_task_mapping to None, run_after=None
[2024-12-07T04:14:37.360-0300] {processor.py:208} INFO - Processing /home/crisu/miniconda3/envs/lab13.1/lib/python3.9/site-packages/airflow/example_dags/example_dynamic_task_mapping.py took 0.105 seconds
[2024-12-07T04:15:55.201-0300] {processor.py:186} INFO - Started process (PID=50054) to work on /home/crisu/miniconda3/envs/lab13.1/lib/python3.9/site-packages/airflow/example_dags/example_dynamic_task_mapping.py
[2024-12-07T04:15:55.212-0300] {processor.py:914} INFO - Processing file /home/crisu/miniconda3/envs/lab13.1/lib/python3.9/site-packages/airflow/example_dags/example_dynamic_task_mapping.py for tasks to queue
[2024-12-07T04:15:55.213-0300] {logging_mixin.py:190} INFO - [2024-12-07T04:15:55.213-0300] {dagbag.py:588} INFO - Filling up the DagBag from /home/crisu/miniconda3/envs/lab13.1/lib/python3.9/site-packages/airflow/example_dags/example_dynamic_task_mapping.py
[2024-12-07T04:15:55.220-0300] {processor.py:925} INFO - DAG(s) 'example_dynamic_task_mapping' retrieved from /home/crisu/miniconda3/envs/lab13.1/lib/python3.9/site-packages/airflow/example_dags/example_dynamic_task_mapping.py
[2024-12-07T04:15:55.233-0300] {logging_mixin.py:190} INFO - [2024-12-07T04:15:55.233-0300] {dag.py:3239} INFO - Sync 1 DAGs
[2024-12-07T04:15:55.244-0300] {logging_mixin.py:190} INFO - [2024-12-07T04:15:55.244-0300] {dag.py:4180} INFO - Setting next_dagrun for example_dynamic_task_mapping to None, run_after=None
[2024-12-07T04:15:55.308-0300] {processor.py:208} INFO - Processing /home/crisu/miniconda3/envs/lab13.1/lib/python3.9/site-packages/airflow/example_dags/example_dynamic_task_mapping.py took 0.112 seconds
