[2024-12-07T02:09:19.842-0300] {processor.py:186} INFO - Started process (PID=35632) to work on /home/crisu/miniconda3/envs/lab13.1/lib/python3.9/site-packages/airflow/example_dags/example_branch_operator.py
[2024-12-07T02:09:19.843-0300] {processor.py:914} INFO - Processing file /home/crisu/miniconda3/envs/lab13.1/lib/python3.9/site-packages/airflow/example_dags/example_branch_operator.py for tasks to queue
[2024-12-07T02:09:19.844-0300] {logging_mixin.py:190} INFO - [2024-12-07T02:09:19.844-0300] {dagbag.py:588} INFO - Filling up the DagBag from /home/crisu/miniconda3/envs/lab13.1/lib/python3.9/site-packages/airflow/example_dags/example_branch_operator.py
[2024-12-07T02:09:19.847-0300] {processor.py:927} WARNING - No viable dags retrieved from /home/crisu/miniconda3/envs/lab13.1/lib/python3.9/site-packages/airflow/example_dags/example_branch_operator.py
[2024-12-07T02:09:19.856-0300] {processor.py:208} INFO - Processing /home/crisu/miniconda3/envs/lab13.1/lib/python3.9/site-packages/airflow/example_dags/example_branch_operator.py took 0.021 seconds
[2024-12-07T02:12:12.409-0300] {processor.py:186} INFO - Started process (PID=35945) to work on /home/crisu/miniconda3/envs/lab13.1/lib/python3.9/site-packages/airflow/example_dags/example_branch_operator.py
[2024-12-07T02:12:12.411-0300] {processor.py:914} INFO - Processing file /home/crisu/miniconda3/envs/lab13.1/lib/python3.9/site-packages/airflow/example_dags/example_branch_operator.py for tasks to queue
[2024-12-07T02:12:12.413-0300] {logging_mixin.py:190} INFO - [2024-12-07T02:12:12.413-0300] {dagbag.py:588} INFO - Filling up the DagBag from /home/crisu/miniconda3/envs/lab13.1/lib/python3.9/site-packages/airflow/example_dags/example_branch_operator.py
[2024-12-07T02:12:12.416-0300] {processor.py:927} WARNING - No viable dags retrieved from /home/crisu/miniconda3/envs/lab13.1/lib/python3.9/site-packages/airflow/example_dags/example_branch_operator.py
[2024-12-07T02:12:12.425-0300] {processor.py:208} INFO - Processing /home/crisu/miniconda3/envs/lab13.1/lib/python3.9/site-packages/airflow/example_dags/example_branch_operator.py took 0.023 seconds
[2024-12-07T02:14:26.159-0300] {processor.py:186} INFO - Started process (PID=36262) to work on /home/crisu/miniconda3/envs/lab13.1/lib/python3.9/site-packages/airflow/example_dags/example_branch_operator.py
[2024-12-07T02:14:26.161-0300] {processor.py:914} INFO - Processing file /home/crisu/miniconda3/envs/lab13.1/lib/python3.9/site-packages/airflow/example_dags/example_branch_operator.py for tasks to queue
[2024-12-07T02:14:26.163-0300] {logging_mixin.py:190} INFO - [2024-12-07T02:14:26.162-0300] {dagbag.py:588} INFO - Filling up the DagBag from /home/crisu/miniconda3/envs/lab13.1/lib/python3.9/site-packages/airflow/example_dags/example_branch_operator.py
[2024-12-07T02:14:26.165-0300] {processor.py:927} WARNING - No viable dags retrieved from /home/crisu/miniconda3/envs/lab13.1/lib/python3.9/site-packages/airflow/example_dags/example_branch_operator.py
[2024-12-07T02:14:26.174-0300] {processor.py:208} INFO - Processing /home/crisu/miniconda3/envs/lab13.1/lib/python3.9/site-packages/airflow/example_dags/example_branch_operator.py took 0.022 seconds
[2024-12-07T02:16:37.205-0300] {processor.py:186} INFO - Started process (PID=36478) to work on /home/crisu/miniconda3/envs/lab13.1/lib/python3.9/site-packages/airflow/example_dags/example_branch_operator.py
[2024-12-07T02:16:37.261-0300] {processor.py:914} INFO - Processing file /home/crisu/miniconda3/envs/lab13.1/lib/python3.9/site-packages/airflow/example_dags/example_branch_operator.py for tasks to queue
[2024-12-07T02:16:37.263-0300] {logging_mixin.py:190} INFO - [2024-12-07T02:16:37.263-0300] {dagbag.py:588} INFO - Filling up the DagBag from /home/crisu/miniconda3/envs/lab13.1/lib/python3.9/site-packages/airflow/example_dags/example_branch_operator.py
[2024-12-07T02:16:37.266-0300] {processor.py:927} WARNING - No viable dags retrieved from /home/crisu/miniconda3/envs/lab13.1/lib/python3.9/site-packages/airflow/example_dags/example_branch_operator.py
[2024-12-07T02:16:37.275-0300] {processor.py:208} INFO - Processing /home/crisu/miniconda3/envs/lab13.1/lib/python3.9/site-packages/airflow/example_dags/example_branch_operator.py took 0.077 seconds
[2024-12-07T02:18:07.504-0300] {processor.py:186} INFO - Started process (PID=36641) to work on /home/crisu/miniconda3/envs/lab13.1/lib/python3.9/site-packages/airflow/example_dags/example_branch_operator.py
[2024-12-07T02:18:07.506-0300] {processor.py:914} INFO - Processing file /home/crisu/miniconda3/envs/lab13.1/lib/python3.9/site-packages/airflow/example_dags/example_branch_operator.py for tasks to queue
[2024-12-07T02:18:07.508-0300] {logging_mixin.py:190} INFO - [2024-12-07T02:18:07.508-0300] {dagbag.py:588} INFO - Filling up the DagBag from /home/crisu/miniconda3/envs/lab13.1/lib/python3.9/site-packages/airflow/example_dags/example_branch_operator.py
[2024-12-07T02:18:07.511-0300] {processor.py:927} WARNING - No viable dags retrieved from /home/crisu/miniconda3/envs/lab13.1/lib/python3.9/site-packages/airflow/example_dags/example_branch_operator.py
[2024-12-07T02:18:07.520-0300] {processor.py:208} INFO - Processing /home/crisu/miniconda3/envs/lab13.1/lib/python3.9/site-packages/airflow/example_dags/example_branch_operator.py took 0.022 seconds
[2024-12-07T02:32:24.669-0300] {processor.py:186} INFO - Started process (PID=38054) to work on /home/crisu/miniconda3/envs/lab13.1/lib/python3.9/site-packages/airflow/example_dags/example_branch_operator.py
[2024-12-07T02:32:24.697-0300] {processor.py:914} INFO - Processing file /home/crisu/miniconda3/envs/lab13.1/lib/python3.9/site-packages/airflow/example_dags/example_branch_operator.py for tasks to queue
[2024-12-07T02:32:24.699-0300] {logging_mixin.py:190} INFO - [2024-12-07T02:32:24.698-0300] {dagbag.py:588} INFO - Filling up the DagBag from /home/crisu/miniconda3/envs/lab13.1/lib/python3.9/site-packages/airflow/example_dags/example_branch_operator.py
[2024-12-07T02:32:24.702-0300] {processor.py:927} WARNING - No viable dags retrieved from /home/crisu/miniconda3/envs/lab13.1/lib/python3.9/site-packages/airflow/example_dags/example_branch_operator.py
[2024-12-07T02:32:24.713-0300] {processor.py:208} INFO - Processing /home/crisu/miniconda3/envs/lab13.1/lib/python3.9/site-packages/airflow/example_dags/example_branch_operator.py took 0.053 seconds
[2024-12-07T02:34:20.716-0300] {processor.py:186} INFO - Started process (PID=38309) to work on /home/crisu/miniconda3/envs/lab13.1/lib/python3.9/site-packages/airflow/example_dags/example_branch_operator.py
[2024-12-07T02:34:20.752-0300] {processor.py:914} INFO - Processing file /home/crisu/miniconda3/envs/lab13.1/lib/python3.9/site-packages/airflow/example_dags/example_branch_operator.py for tasks to queue
[2024-12-07T02:34:20.753-0300] {logging_mixin.py:190} INFO - [2024-12-07T02:34:20.753-0300] {dagbag.py:588} INFO - Filling up the DagBag from /home/crisu/miniconda3/envs/lab13.1/lib/python3.9/site-packages/airflow/example_dags/example_branch_operator.py
[2024-12-07T02:34:20.757-0300] {processor.py:927} WARNING - No viable dags retrieved from /home/crisu/miniconda3/envs/lab13.1/lib/python3.9/site-packages/airflow/example_dags/example_branch_operator.py
[2024-12-07T02:34:20.767-0300] {processor.py:208} INFO - Processing /home/crisu/miniconda3/envs/lab13.1/lib/python3.9/site-packages/airflow/example_dags/example_branch_operator.py took 0.056 seconds
[2024-12-07T02:38:06.077-0300] {processor.py:186} INFO - Started process (PID=38694) to work on /home/crisu/miniconda3/envs/lab13.1/lib/python3.9/site-packages/airflow/example_dags/example_branch_operator.py
[2024-12-07T02:38:06.111-0300] {processor.py:914} INFO - Processing file /home/crisu/miniconda3/envs/lab13.1/lib/python3.9/site-packages/airflow/example_dags/example_branch_operator.py for tasks to queue
[2024-12-07T02:38:06.113-0300] {logging_mixin.py:190} INFO - [2024-12-07T02:38:06.113-0300] {dagbag.py:588} INFO - Filling up the DagBag from /home/crisu/miniconda3/envs/lab13.1/lib/python3.9/site-packages/airflow/example_dags/example_branch_operator.py
[2024-12-07T02:38:06.116-0300] {processor.py:927} WARNING - No viable dags retrieved from /home/crisu/miniconda3/envs/lab13.1/lib/python3.9/site-packages/airflow/example_dags/example_branch_operator.py
[2024-12-07T02:38:06.125-0300] {processor.py:208} INFO - Processing /home/crisu/miniconda3/envs/lab13.1/lib/python3.9/site-packages/airflow/example_dags/example_branch_operator.py took 0.053 seconds
[2024-12-07T02:40:52.134-0300] {processor.py:186} INFO - Started process (PID=38926) to work on /home/crisu/miniconda3/envs/lab13.1/lib/python3.9/site-packages/airflow/example_dags/example_branch_operator.py
[2024-12-07T02:40:52.149-0300] {processor.py:914} INFO - Processing file /home/crisu/miniconda3/envs/lab13.1/lib/python3.9/site-packages/airflow/example_dags/example_branch_operator.py for tasks to queue
[2024-12-07T02:40:52.151-0300] {logging_mixin.py:190} INFO - [2024-12-07T02:40:52.151-0300] {dagbag.py:588} INFO - Filling up the DagBag from /home/crisu/miniconda3/envs/lab13.1/lib/python3.9/site-packages/airflow/example_dags/example_branch_operator.py
[2024-12-07T02:40:52.154-0300] {processor.py:927} WARNING - No viable dags retrieved from /home/crisu/miniconda3/envs/lab13.1/lib/python3.9/site-packages/airflow/example_dags/example_branch_operator.py
[2024-12-07T02:40:52.165-0300] {processor.py:208} INFO - Processing /home/crisu/miniconda3/envs/lab13.1/lib/python3.9/site-packages/airflow/example_dags/example_branch_operator.py took 0.036 seconds
[2024-12-07T02:42:04.624-0300] {processor.py:186} INFO - Started process (PID=39066) to work on /home/crisu/miniconda3/envs/lab13.1/lib/python3.9/site-packages/airflow/example_dags/example_branch_operator.py
[2024-12-07T02:42:04.703-0300] {processor.py:914} INFO - Processing file /home/crisu/miniconda3/envs/lab13.1/lib/python3.9/site-packages/airflow/example_dags/example_branch_operator.py for tasks to queue
[2024-12-07T02:42:04.704-0300] {logging_mixin.py:190} INFO - [2024-12-07T02:42:04.704-0300] {dagbag.py:588} INFO - Filling up the DagBag from /home/crisu/miniconda3/envs/lab13.1/lib/python3.9/site-packages/airflow/example_dags/example_branch_operator.py
[2024-12-07T02:42:04.707-0300] {processor.py:927} WARNING - No viable dags retrieved from /home/crisu/miniconda3/envs/lab13.1/lib/python3.9/site-packages/airflow/example_dags/example_branch_operator.py
[2024-12-07T02:42:04.716-0300] {processor.py:208} INFO - Processing /home/crisu/miniconda3/envs/lab13.1/lib/python3.9/site-packages/airflow/example_dags/example_branch_operator.py took 0.100 seconds
[2024-12-07T02:45:18.049-0300] {processor.py:186} INFO - Started process (PID=39749) to work on /home/crisu/miniconda3/envs/lab13.1/lib/python3.9/site-packages/airflow/example_dags/example_branch_operator.py
[2024-12-07T02:45:18.072-0300] {processor.py:914} INFO - Processing file /home/crisu/miniconda3/envs/lab13.1/lib/python3.9/site-packages/airflow/example_dags/example_branch_operator.py for tasks to queue
[2024-12-07T02:45:18.074-0300] {logging_mixin.py:190} INFO - [2024-12-07T02:45:18.074-0300] {dagbag.py:588} INFO - Filling up the DagBag from /home/crisu/miniconda3/envs/lab13.1/lib/python3.9/site-packages/airflow/example_dags/example_branch_operator.py
[2024-12-07T02:45:18.077-0300] {processor.py:927} WARNING - No viable dags retrieved from /home/crisu/miniconda3/envs/lab13.1/lib/python3.9/site-packages/airflow/example_dags/example_branch_operator.py
[2024-12-07T02:45:18.090-0300] {processor.py:208} INFO - Processing /home/crisu/miniconda3/envs/lab13.1/lib/python3.9/site-packages/airflow/example_dags/example_branch_operator.py took 0.047 seconds
[2024-12-07T02:50:37.749-0300] {processor.py:186} INFO - Started process (PID=40837) to work on /home/crisu/miniconda3/envs/lab13.1/lib/python3.9/site-packages/airflow/example_dags/example_branch_operator.py
[2024-12-07T02:50:37.754-0300] {processor.py:914} INFO - Processing file /home/crisu/miniconda3/envs/lab13.1/lib/python3.9/site-packages/airflow/example_dags/example_branch_operator.py for tasks to queue
[2024-12-07T02:50:37.756-0300] {logging_mixin.py:190} INFO - [2024-12-07T02:50:37.756-0300] {dagbag.py:588} INFO - Filling up the DagBag from /home/crisu/miniconda3/envs/lab13.1/lib/python3.9/site-packages/airflow/example_dags/example_branch_operator.py
[2024-12-07T02:50:37.760-0300] {processor.py:927} WARNING - No viable dags retrieved from /home/crisu/miniconda3/envs/lab13.1/lib/python3.9/site-packages/airflow/example_dags/example_branch_operator.py
[2024-12-07T02:50:37.769-0300] {processor.py:208} INFO - Processing /home/crisu/miniconda3/envs/lab13.1/lib/python3.9/site-packages/airflow/example_dags/example_branch_operator.py took 0.029 seconds
[2024-12-07T03:21:49.539-0300] {processor.py:186} INFO - Started process (PID=42743) to work on /home/crisu/miniconda3/envs/lab13.1/lib/python3.9/site-packages/airflow/example_dags/example_branch_operator.py
[2024-12-07T03:21:49.613-0300] {processor.py:914} INFO - Processing file /home/crisu/miniconda3/envs/lab13.1/lib/python3.9/site-packages/airflow/example_dags/example_branch_operator.py for tasks to queue
[2024-12-07T03:21:49.616-0300] {logging_mixin.py:190} INFO - [2024-12-07T03:21:49.615-0300] {dagbag.py:588} INFO - Filling up the DagBag from /home/crisu/miniconda3/envs/lab13.1/lib/python3.9/site-packages/airflow/example_dags/example_branch_operator.py
[2024-12-07T03:21:49.618-0300] {processor.py:927} WARNING - No viable dags retrieved from /home/crisu/miniconda3/envs/lab13.1/lib/python3.9/site-packages/airflow/example_dags/example_branch_operator.py
[2024-12-07T03:21:50.460-0300] {processor.py:208} INFO - Processing /home/crisu/miniconda3/envs/lab13.1/lib/python3.9/site-packages/airflow/example_dags/example_branch_operator.py took 0.928 seconds
[2024-12-07T03:28:05.912-0300] {processor.py:186} INFO - Started process (PID=43661) to work on /home/crisu/miniconda3/envs/lab13.1/lib/python3.9/site-packages/airflow/example_dags/example_branch_operator.py
[2024-12-07T03:28:06.008-0300] {processor.py:914} INFO - Processing file /home/crisu/miniconda3/envs/lab13.1/lib/python3.9/site-packages/airflow/example_dags/example_branch_operator.py for tasks to queue
[2024-12-07T03:28:06.011-0300] {logging_mixin.py:190} INFO - [2024-12-07T03:28:06.010-0300] {dagbag.py:588} INFO - Filling up the DagBag from /home/crisu/miniconda3/envs/lab13.1/lib/python3.9/site-packages/airflow/example_dags/example_branch_operator.py
[2024-12-07T03:28:06.013-0300] {processor.py:927} WARNING - No viable dags retrieved from /home/crisu/miniconda3/envs/lab13.1/lib/python3.9/site-packages/airflow/example_dags/example_branch_operator.py
[2024-12-07T03:28:06.022-0300] {processor.py:208} INFO - Processing /home/crisu/miniconda3/envs/lab13.1/lib/python3.9/site-packages/airflow/example_dags/example_branch_operator.py took 0.117 seconds
[2024-12-07T03:34:47.609-0300] {processor.py:186} INFO - Started process (PID=44665) to work on /home/crisu/miniconda3/envs/lab13.1/lib/python3.9/site-packages/airflow/example_dags/example_branch_operator.py
[2024-12-07T03:34:47.661-0300] {processor.py:914} INFO - Processing file /home/crisu/miniconda3/envs/lab13.1/lib/python3.9/site-packages/airflow/example_dags/example_branch_operator.py for tasks to queue
[2024-12-07T03:34:47.663-0300] {logging_mixin.py:190} INFO - [2024-12-07T03:34:47.662-0300] {dagbag.py:588} INFO - Filling up the DagBag from /home/crisu/miniconda3/envs/lab13.1/lib/python3.9/site-packages/airflow/example_dags/example_branch_operator.py
[2024-12-07T03:34:47.665-0300] {processor.py:927} WARNING - No viable dags retrieved from /home/crisu/miniconda3/envs/lab13.1/lib/python3.9/site-packages/airflow/example_dags/example_branch_operator.py
[2024-12-07T03:34:47.674-0300] {processor.py:208} INFO - Processing /home/crisu/miniconda3/envs/lab13.1/lib/python3.9/site-packages/airflow/example_dags/example_branch_operator.py took 0.070 seconds
[2024-12-07T03:36:52.527-0300] {processor.py:186} INFO - Started process (PID=44859) to work on /home/crisu/miniconda3/envs/lab13.1/lib/python3.9/site-packages/airflow/example_dags/example_branch_operator.py
[2024-12-07T03:36:52.567-0300] {processor.py:914} INFO - Processing file /home/crisu/miniconda3/envs/lab13.1/lib/python3.9/site-packages/airflow/example_dags/example_branch_operator.py for tasks to queue
[2024-12-07T03:36:52.568-0300] {logging_mixin.py:190} INFO - [2024-12-07T03:36:52.568-0300] {dagbag.py:588} INFO - Filling up the DagBag from /home/crisu/miniconda3/envs/lab13.1/lib/python3.9/site-packages/airflow/example_dags/example_branch_operator.py
[2024-12-07T03:36:52.571-0300] {processor.py:927} WARNING - No viable dags retrieved from /home/crisu/miniconda3/envs/lab13.1/lib/python3.9/site-packages/airflow/example_dags/example_branch_operator.py
[2024-12-07T03:36:52.580-0300] {processor.py:208} INFO - Processing /home/crisu/miniconda3/envs/lab13.1/lib/python3.9/site-packages/airflow/example_dags/example_branch_operator.py took 0.059 seconds
[2024-12-07T03:38:40.046-0300] {processor.py:186} INFO - Started process (PID=45042) to work on /home/crisu/miniconda3/envs/lab13.1/lib/python3.9/site-packages/airflow/example_dags/example_branch_operator.py
[2024-12-07T03:38:40.052-0300] {processor.py:914} INFO - Processing file /home/crisu/miniconda3/envs/lab13.1/lib/python3.9/site-packages/airflow/example_dags/example_branch_operator.py for tasks to queue
[2024-12-07T03:38:40.054-0300] {logging_mixin.py:190} INFO - [2024-12-07T03:38:40.053-0300] {dagbag.py:588} INFO - Filling up the DagBag from /home/crisu/miniconda3/envs/lab13.1/lib/python3.9/site-packages/airflow/example_dags/example_branch_operator.py
[2024-12-07T03:38:40.056-0300] {processor.py:927} WARNING - No viable dags retrieved from /home/crisu/miniconda3/envs/lab13.1/lib/python3.9/site-packages/airflow/example_dags/example_branch_operator.py
[2024-12-07T03:38:40.065-0300] {processor.py:208} INFO - Processing /home/crisu/miniconda3/envs/lab13.1/lib/python3.9/site-packages/airflow/example_dags/example_branch_operator.py took 0.024 seconds
[2024-12-07T03:39:58.189-0300] {processor.py:186} INFO - Started process (PID=45206) to work on /home/crisu/miniconda3/envs/lab13.1/lib/python3.9/site-packages/airflow/example_dags/example_branch_operator.py
[2024-12-07T03:39:58.195-0300] {processor.py:914} INFO - Processing file /home/crisu/miniconda3/envs/lab13.1/lib/python3.9/site-packages/airflow/example_dags/example_branch_operator.py for tasks to queue
[2024-12-07T03:39:58.196-0300] {logging_mixin.py:190} INFO - [2024-12-07T03:39:58.196-0300] {dagbag.py:588} INFO - Filling up the DagBag from /home/crisu/miniconda3/envs/lab13.1/lib/python3.9/site-packages/airflow/example_dags/example_branch_operator.py
[2024-12-07T03:39:58.199-0300] {processor.py:927} WARNING - No viable dags retrieved from /home/crisu/miniconda3/envs/lab13.1/lib/python3.9/site-packages/airflow/example_dags/example_branch_operator.py
[2024-12-07T03:39:58.207-0300] {processor.py:208} INFO - Processing /home/crisu/miniconda3/envs/lab13.1/lib/python3.9/site-packages/airflow/example_dags/example_branch_operator.py took 0.023 seconds
[2024-12-07T03:41:23.130-0300] {processor.py:186} INFO - Started process (PID=45430) to work on /home/crisu/miniconda3/envs/lab13.1/lib/python3.9/site-packages/airflow/example_dags/example_branch_operator.py
[2024-12-07T03:41:23.147-0300] {processor.py:914} INFO - Processing file /home/crisu/miniconda3/envs/lab13.1/lib/python3.9/site-packages/airflow/example_dags/example_branch_operator.py for tasks to queue
[2024-12-07T03:41:23.149-0300] {logging_mixin.py:190} INFO - [2024-12-07T03:41:23.148-0300] {dagbag.py:588} INFO - Filling up the DagBag from /home/crisu/miniconda3/envs/lab13.1/lib/python3.9/site-packages/airflow/example_dags/example_branch_operator.py
[2024-12-07T03:41:23.155-0300] {processor.py:927} WARNING - No viable dags retrieved from /home/crisu/miniconda3/envs/lab13.1/lib/python3.9/site-packages/airflow/example_dags/example_branch_operator.py
[2024-12-07T03:41:23.165-0300] {processor.py:208} INFO - Processing /home/crisu/miniconda3/envs/lab13.1/lib/python3.9/site-packages/airflow/example_dags/example_branch_operator.py took 0.042 seconds
[2024-12-07T03:46:05.710-0300] {processor.py:186} INFO - Started process (PID=46211) to work on /home/crisu/miniconda3/envs/lab13.1/lib/python3.9/site-packages/airflow/example_dags/example_branch_operator.py
[2024-12-07T03:46:05.731-0300] {processor.py:914} INFO - Processing file /home/crisu/miniconda3/envs/lab13.1/lib/python3.9/site-packages/airflow/example_dags/example_branch_operator.py for tasks to queue
[2024-12-07T03:46:05.733-0300] {logging_mixin.py:190} INFO - [2024-12-07T03:46:05.733-0300] {dagbag.py:588} INFO - Filling up the DagBag from /home/crisu/miniconda3/envs/lab13.1/lib/python3.9/site-packages/airflow/example_dags/example_branch_operator.py
[2024-12-07T03:46:05.737-0300] {processor.py:927} WARNING - No viable dags retrieved from /home/crisu/miniconda3/envs/lab13.1/lib/python3.9/site-packages/airflow/example_dags/example_branch_operator.py
[2024-12-07T03:46:05.751-0300] {processor.py:208} INFO - Processing /home/crisu/miniconda3/envs/lab13.1/lib/python3.9/site-packages/airflow/example_dags/example_branch_operator.py took 0.049 seconds
[2024-12-07T03:49:18.387-0300] {processor.py:186} INFO - Started process (PID=46834) to work on /home/crisu/miniconda3/envs/lab13.1/lib/python3.9/site-packages/airflow/example_dags/example_branch_operator.py
[2024-12-07T03:49:18.556-0300] {processor.py:914} INFO - Processing file /home/crisu/miniconda3/envs/lab13.1/lib/python3.9/site-packages/airflow/example_dags/example_branch_operator.py for tasks to queue
[2024-12-07T03:49:18.558-0300] {logging_mixin.py:190} INFO - [2024-12-07T03:49:18.558-0300] {dagbag.py:588} INFO - Filling up the DagBag from /home/crisu/miniconda3/envs/lab13.1/lib/python3.9/site-packages/airflow/example_dags/example_branch_operator.py
[2024-12-07T03:49:18.560-0300] {processor.py:927} WARNING - No viable dags retrieved from /home/crisu/miniconda3/envs/lab13.1/lib/python3.9/site-packages/airflow/example_dags/example_branch_operator.py
[2024-12-07T03:49:18.570-0300] {processor.py:208} INFO - Processing /home/crisu/miniconda3/envs/lab13.1/lib/python3.9/site-packages/airflow/example_dags/example_branch_operator.py took 0.188 seconds
[2024-12-07T03:51:51.676-0300] {processor.py:186} INFO - Started process (PID=47021) to work on /home/crisu/miniconda3/envs/lab13.1/lib/python3.9/site-packages/airflow/example_dags/example_branch_operator.py
[2024-12-07T03:51:51.687-0300] {processor.py:914} INFO - Processing file /home/crisu/miniconda3/envs/lab13.1/lib/python3.9/site-packages/airflow/example_dags/example_branch_operator.py for tasks to queue
[2024-12-07T03:51:51.689-0300] {logging_mixin.py:190} INFO - [2024-12-07T03:51:51.688-0300] {dagbag.py:588} INFO - Filling up the DagBag from /home/crisu/miniconda3/envs/lab13.1/lib/python3.9/site-packages/airflow/example_dags/example_branch_operator.py
[2024-12-07T03:51:51.691-0300] {processor.py:927} WARNING - No viable dags retrieved from /home/crisu/miniconda3/envs/lab13.1/lib/python3.9/site-packages/airflow/example_dags/example_branch_operator.py
[2024-12-07T03:51:51.703-0300] {processor.py:208} INFO - Processing /home/crisu/miniconda3/envs/lab13.1/lib/python3.9/site-packages/airflow/example_dags/example_branch_operator.py took 0.032 seconds
[2024-12-07T03:53:29.165-0300] {processor.py:186} INFO - Started process (PID=47188) to work on /home/crisu/miniconda3/envs/lab13.1/lib/python3.9/site-packages/airflow/example_dags/example_branch_operator.py
[2024-12-07T03:53:29.189-0300] {processor.py:914} INFO - Processing file /home/crisu/miniconda3/envs/lab13.1/lib/python3.9/site-packages/airflow/example_dags/example_branch_operator.py for tasks to queue
[2024-12-07T03:53:29.191-0300] {logging_mixin.py:190} INFO - [2024-12-07T03:53:29.190-0300] {dagbag.py:588} INFO - Filling up the DagBag from /home/crisu/miniconda3/envs/lab13.1/lib/python3.9/site-packages/airflow/example_dags/example_branch_operator.py
[2024-12-07T03:53:29.193-0300] {processor.py:927} WARNING - No viable dags retrieved from /home/crisu/miniconda3/envs/lab13.1/lib/python3.9/site-packages/airflow/example_dags/example_branch_operator.py
[2024-12-07T03:53:29.202-0300] {processor.py:208} INFO - Processing /home/crisu/miniconda3/envs/lab13.1/lib/python3.9/site-packages/airflow/example_dags/example_branch_operator.py took 0.043 seconds
[2024-12-07T03:55:43.709-0300] {processor.py:186} INFO - Started process (PID=47485) to work on /home/crisu/miniconda3/envs/lab13.1/lib/python3.9/site-packages/airflow/example_dags/example_branch_operator.py
[2024-12-07T03:55:43.744-0300] {processor.py:914} INFO - Processing file /home/crisu/miniconda3/envs/lab13.1/lib/python3.9/site-packages/airflow/example_dags/example_branch_operator.py for tasks to queue
[2024-12-07T03:55:43.746-0300] {logging_mixin.py:190} INFO - [2024-12-07T03:55:43.746-0300] {dagbag.py:588} INFO - Filling up the DagBag from /home/crisu/miniconda3/envs/lab13.1/lib/python3.9/site-packages/airflow/example_dags/example_branch_operator.py
[2024-12-07T03:55:43.749-0300] {processor.py:927} WARNING - No viable dags retrieved from /home/crisu/miniconda3/envs/lab13.1/lib/python3.9/site-packages/airflow/example_dags/example_branch_operator.py
[2024-12-07T03:55:43.758-0300] {processor.py:208} INFO - Processing /home/crisu/miniconda3/envs/lab13.1/lib/python3.9/site-packages/airflow/example_dags/example_branch_operator.py took 0.054 seconds
[2024-12-07T03:57:18.442-0300] {processor.py:186} INFO - Started process (PID=47663) to work on /home/crisu/miniconda3/envs/lab13.1/lib/python3.9/site-packages/airflow/example_dags/example_branch_operator.py
[2024-12-07T03:57:18.454-0300] {processor.py:914} INFO - Processing file /home/crisu/miniconda3/envs/lab13.1/lib/python3.9/site-packages/airflow/example_dags/example_branch_operator.py for tasks to queue
[2024-12-07T03:57:18.456-0300] {logging_mixin.py:190} INFO - [2024-12-07T03:57:18.456-0300] {dagbag.py:588} INFO - Filling up the DagBag from /home/crisu/miniconda3/envs/lab13.1/lib/python3.9/site-packages/airflow/example_dags/example_branch_operator.py
[2024-12-07T03:57:18.459-0300] {processor.py:927} WARNING - No viable dags retrieved from /home/crisu/miniconda3/envs/lab13.1/lib/python3.9/site-packages/airflow/example_dags/example_branch_operator.py
[2024-12-07T03:57:18.468-0300] {processor.py:208} INFO - Processing /home/crisu/miniconda3/envs/lab13.1/lib/python3.9/site-packages/airflow/example_dags/example_branch_operator.py took 0.032 seconds
[2024-12-07T03:58:36.080-0300] {processor.py:186} INFO - Started process (PID=47827) to work on /home/crisu/miniconda3/envs/lab13.1/lib/python3.9/site-packages/airflow/example_dags/example_branch_operator.py
[2024-12-07T03:58:36.090-0300] {processor.py:914} INFO - Processing file /home/crisu/miniconda3/envs/lab13.1/lib/python3.9/site-packages/airflow/example_dags/example_branch_operator.py for tasks to queue
[2024-12-07T03:58:36.092-0300] {logging_mixin.py:190} INFO - [2024-12-07T03:58:36.091-0300] {dagbag.py:588} INFO - Filling up the DagBag from /home/crisu/miniconda3/envs/lab13.1/lib/python3.9/site-packages/airflow/example_dags/example_branch_operator.py
[2024-12-07T03:58:36.094-0300] {processor.py:927} WARNING - No viable dags retrieved from /home/crisu/miniconda3/envs/lab13.1/lib/python3.9/site-packages/airflow/example_dags/example_branch_operator.py
[2024-12-07T03:58:36.102-0300] {processor.py:208} INFO - Processing /home/crisu/miniconda3/envs/lab13.1/lib/python3.9/site-packages/airflow/example_dags/example_branch_operator.py took 0.027 seconds
[2024-12-07T04:00:32.556-0300] {processor.py:186} INFO - Started process (PID=48064) to work on /home/crisu/miniconda3/envs/lab13.1/lib/python3.9/site-packages/airflow/example_dags/example_branch_operator.py
[2024-12-07T04:00:32.563-0300] {processor.py:914} INFO - Processing file /home/crisu/miniconda3/envs/lab13.1/lib/python3.9/site-packages/airflow/example_dags/example_branch_operator.py for tasks to queue
[2024-12-07T04:00:32.565-0300] {logging_mixin.py:190} INFO - [2024-12-07T04:00:32.564-0300] {dagbag.py:588} INFO - Filling up the DagBag from /home/crisu/miniconda3/envs/lab13.1/lib/python3.9/site-packages/airflow/example_dags/example_branch_operator.py
[2024-12-07T04:00:32.567-0300] {processor.py:927} WARNING - No viable dags retrieved from /home/crisu/miniconda3/envs/lab13.1/lib/python3.9/site-packages/airflow/example_dags/example_branch_operator.py
[2024-12-07T04:00:32.579-0300] {processor.py:208} INFO - Processing /home/crisu/miniconda3/envs/lab13.1/lib/python3.9/site-packages/airflow/example_dags/example_branch_operator.py took 0.028 seconds
[2024-12-07T04:02:03.100-0300] {processor.py:186} INFO - Started process (PID=48273) to work on /home/crisu/miniconda3/envs/lab13.1/lib/python3.9/site-packages/airflow/example_dags/example_branch_operator.py
[2024-12-07T04:02:03.229-0300] {processor.py:914} INFO - Processing file /home/crisu/miniconda3/envs/lab13.1/lib/python3.9/site-packages/airflow/example_dags/example_branch_operator.py for tasks to queue
[2024-12-07T04:02:03.231-0300] {logging_mixin.py:190} INFO - [2024-12-07T04:02:03.231-0300] {dagbag.py:588} INFO - Filling up the DagBag from /home/crisu/miniconda3/envs/lab13.1/lib/python3.9/site-packages/airflow/example_dags/example_branch_operator.py
[2024-12-07T04:02:03.235-0300] {processor.py:927} WARNING - No viable dags retrieved from /home/crisu/miniconda3/envs/lab13.1/lib/python3.9/site-packages/airflow/example_dags/example_branch_operator.py
[2024-12-07T04:02:03.244-0300] {processor.py:208} INFO - Processing /home/crisu/miniconda3/envs/lab13.1/lib/python3.9/site-packages/airflow/example_dags/example_branch_operator.py took 0.151 seconds
[2024-12-07T04:08:04.252-0300] {processor.py:186} INFO - Started process (PID=49256) to work on /home/crisu/miniconda3/envs/lab13.1/lib/python3.9/site-packages/airflow/example_dags/example_branch_operator.py
[2024-12-07T04:08:04.254-0300] {processor.py:914} INFO - Processing file /home/crisu/miniconda3/envs/lab13.1/lib/python3.9/site-packages/airflow/example_dags/example_branch_operator.py for tasks to queue
[2024-12-07T04:08:04.255-0300] {logging_mixin.py:190} INFO - [2024-12-07T04:08:04.254-0300] {dagbag.py:588} INFO - Filling up the DagBag from /home/crisu/miniconda3/envs/lab13.1/lib/python3.9/site-packages/airflow/example_dags/example_branch_operator.py
[2024-12-07T04:08:04.257-0300] {processor.py:927} WARNING - No viable dags retrieved from /home/crisu/miniconda3/envs/lab13.1/lib/python3.9/site-packages/airflow/example_dags/example_branch_operator.py
[2024-12-07T04:08:04.266-0300] {processor.py:208} INFO - Processing /home/crisu/miniconda3/envs/lab13.1/lib/python3.9/site-packages/airflow/example_dags/example_branch_operator.py took 0.019 seconds
[2024-12-07T04:10:06.521-0300] {processor.py:186} INFO - Started process (PID=49479) to work on /home/crisu/miniconda3/envs/lab13.1/lib/python3.9/site-packages/airflow/example_dags/example_branch_operator.py
[2024-12-07T04:10:06.523-0300] {processor.py:914} INFO - Processing file /home/crisu/miniconda3/envs/lab13.1/lib/python3.9/site-packages/airflow/example_dags/example_branch_operator.py for tasks to queue
[2024-12-07T04:10:06.524-0300] {logging_mixin.py:190} INFO - [2024-12-07T04:10:06.523-0300] {dagbag.py:588} INFO - Filling up the DagBag from /home/crisu/miniconda3/envs/lab13.1/lib/python3.9/site-packages/airflow/example_dags/example_branch_operator.py
[2024-12-07T04:10:06.526-0300] {processor.py:927} WARNING - No viable dags retrieved from /home/crisu/miniconda3/envs/lab13.1/lib/python3.9/site-packages/airflow/example_dags/example_branch_operator.py
[2024-12-07T04:10:06.535-0300] {processor.py:208} INFO - Processing /home/crisu/miniconda3/envs/lab13.1/lib/python3.9/site-packages/airflow/example_dags/example_branch_operator.py took 0.020 seconds
[2024-12-07T04:12:07.241-0300] {processor.py:186} INFO - Started process (PID=49649) to work on /home/crisu/miniconda3/envs/lab13.1/lib/python3.9/site-packages/airflow/example_dags/example_branch_operator.py
[2024-12-07T04:12:07.258-0300] {processor.py:914} INFO - Processing file /home/crisu/miniconda3/envs/lab13.1/lib/python3.9/site-packages/airflow/example_dags/example_branch_operator.py for tasks to queue
[2024-12-07T04:12:07.260-0300] {logging_mixin.py:190} INFO - [2024-12-07T04:12:07.259-0300] {dagbag.py:588} INFO - Filling up the DagBag from /home/crisu/miniconda3/envs/lab13.1/lib/python3.9/site-packages/airflow/example_dags/example_branch_operator.py
[2024-12-07T04:12:07.262-0300] {processor.py:927} WARNING - No viable dags retrieved from /home/crisu/miniconda3/envs/lab13.1/lib/python3.9/site-packages/airflow/example_dags/example_branch_operator.py
[2024-12-07T04:12:07.273-0300] {processor.py:208} INFO - Processing /home/crisu/miniconda3/envs/lab13.1/lib/python3.9/site-packages/airflow/example_dags/example_branch_operator.py took 0.037 seconds
[2024-12-07T04:13:23.247-0300] {processor.py:186} INFO - Started process (PID=49766) to work on /home/crisu/miniconda3/envs/lab13.1/lib/python3.9/site-packages/airflow/example_dags/example_branch_operator.py
[2024-12-07T04:13:23.253-0300] {processor.py:914} INFO - Processing file /home/crisu/miniconda3/envs/lab13.1/lib/python3.9/site-packages/airflow/example_dags/example_branch_operator.py for tasks to queue
[2024-12-07T04:13:23.254-0300] {logging_mixin.py:190} INFO - [2024-12-07T04:13:23.253-0300] {dagbag.py:588} INFO - Filling up the DagBag from /home/crisu/miniconda3/envs/lab13.1/lib/python3.9/site-packages/airflow/example_dags/example_branch_operator.py
[2024-12-07T04:13:23.257-0300] {processor.py:927} WARNING - No viable dags retrieved from /home/crisu/miniconda3/envs/lab13.1/lib/python3.9/site-packages/airflow/example_dags/example_branch_operator.py
[2024-12-07T04:13:23.268-0300] {processor.py:208} INFO - Processing /home/crisu/miniconda3/envs/lab13.1/lib/python3.9/site-packages/airflow/example_dags/example_branch_operator.py took 0.027 seconds
[2024-12-07T04:14:41.900-0300] {processor.py:186} INFO - Started process (PID=49951) to work on /home/crisu/miniconda3/envs/lab13.1/lib/python3.9/site-packages/airflow/example_dags/example_branch_operator.py
[2024-12-07T04:14:41.912-0300] {processor.py:914} INFO - Processing file /home/crisu/miniconda3/envs/lab13.1/lib/python3.9/site-packages/airflow/example_dags/example_branch_operator.py for tasks to queue
[2024-12-07T04:14:41.913-0300] {logging_mixin.py:190} INFO - [2024-12-07T04:14:41.913-0300] {dagbag.py:588} INFO - Filling up the DagBag from /home/crisu/miniconda3/envs/lab13.1/lib/python3.9/site-packages/airflow/example_dags/example_branch_operator.py
[2024-12-07T04:14:41.915-0300] {processor.py:927} WARNING - No viable dags retrieved from /home/crisu/miniconda3/envs/lab13.1/lib/python3.9/site-packages/airflow/example_dags/example_branch_operator.py
[2024-12-07T04:14:41.924-0300] {processor.py:208} INFO - Processing /home/crisu/miniconda3/envs/lab13.1/lib/python3.9/site-packages/airflow/example_dags/example_branch_operator.py took 0.029 seconds
[2024-12-07T04:16:00.225-0300] {processor.py:186} INFO - Started process (PID=50058) to work on /home/crisu/miniconda3/envs/lab13.1/lib/python3.9/site-packages/airflow/example_dags/example_branch_operator.py
[2024-12-07T04:16:00.235-0300] {processor.py:914} INFO - Processing file /home/crisu/miniconda3/envs/lab13.1/lib/python3.9/site-packages/airflow/example_dags/example_branch_operator.py for tasks to queue
[2024-12-07T04:16:00.236-0300] {logging_mixin.py:190} INFO - [2024-12-07T04:16:00.236-0300] {dagbag.py:588} INFO - Filling up the DagBag from /home/crisu/miniconda3/envs/lab13.1/lib/python3.9/site-packages/airflow/example_dags/example_branch_operator.py
[2024-12-07T04:16:00.238-0300] {processor.py:927} WARNING - No viable dags retrieved from /home/crisu/miniconda3/envs/lab13.1/lib/python3.9/site-packages/airflow/example_dags/example_branch_operator.py
[2024-12-07T04:16:00.248-0300] {processor.py:208} INFO - Processing /home/crisu/miniconda3/envs/lab13.1/lib/python3.9/site-packages/airflow/example_dags/example_branch_operator.py took 0.028 seconds
