[2024-12-07T01:48:06.556-0300] {processor.py:186} INFO - Started process (PID=33534) to work on /home/crisu/miniconda3/envs/lab13.1/lib/python3.9/site-packages/airflow/example_dags/example_trigger_target_dag.py
[2024-12-07T01:48:06.557-0300] {processor.py:914} INFO - Processing file /home/crisu/miniconda3/envs/lab13.1/lib/python3.9/site-packages/airflow/example_dags/example_trigger_target_dag.py for tasks to queue
[2024-12-07T01:48:06.559-0300] {logging_mixin.py:190} INFO - [2024-12-07T01:48:06.558-0300] {dagbag.py:588} INFO - Filling up the DagBag from /home/crisu/miniconda3/envs/lab13.1/lib/python3.9/site-packages/airflow/example_dags/example_trigger_target_dag.py
[2024-12-07T01:48:06.568-0300] {processor.py:925} INFO - DAG(s) 'example_trigger_target_dag' retrieved from /home/crisu/miniconda3/envs/lab13.1/lib/python3.9/site-packages/airflow/example_dags/example_trigger_target_dag.py
[2024-12-07T01:48:09.582-0300] {logging_mixin.py:190} INFO - [2024-12-07T01:48:09.581-0300] {override.py:1911} INFO - Created Permission View: can delete on DAG:example_trigger_target_dag
[2024-12-07T01:48:10.511-0300] {logging_mixin.py:190} INFO - [2024-12-07T01:48:10.511-0300] {override.py:1911} INFO - Created Permission View: can edit on DAG:example_trigger_target_dag
[2024-12-07T01:48:11.608-0300] {logging_mixin.py:190} INFO - [2024-12-07T01:48:11.608-0300] {override.py:1911} INFO - Created Permission View: can read on DAG:example_trigger_target_dag
[2024-12-07T01:48:14.718-0300] {logging_mixin.py:190} INFO - [2024-12-07T01:48:14.718-0300] {override.py:1911} INFO - Created Permission View: can delete on DAG Run:example_trigger_target_dag
[2024-12-07T01:48:16.486-0300] {logging_mixin.py:190} INFO - [2024-12-07T01:48:16.486-0300] {override.py:1911} INFO - Created Permission View: can create on DAG Run:example_trigger_target_dag
[2024-12-07T01:48:18.178-0300] {logging_mixin.py:190} INFO - [2024-12-07T01:48:18.178-0300] {override.py:1911} INFO - Created Permission View: menu access on DAG Run:example_trigger_target_dag
[2024-12-07T01:48:20.023-0300] {logging_mixin.py:190} INFO - [2024-12-07T01:48:20.023-0300] {override.py:1911} INFO - Created Permission View: can read on DAG Run:example_trigger_target_dag
[2024-12-07T01:48:20.023-0300] {logging_mixin.py:190} INFO - [2024-12-07T01:48:20.023-0300] {dag.py:3239} INFO - Sync 1 DAGs
[2024-12-07T01:48:20.034-0300] {logging_mixin.py:190} INFO - [2024-12-07T01:48:20.034-0300] {dag.py:3262} INFO - Creating ORM DAG for example_trigger_target_dag
[2024-12-07T01:48:20.034-0300] {logging_mixin.py:190} INFO - [2024-12-07T01:48:20.034-0300] {dag.py:4180} INFO - Setting next_dagrun for example_trigger_target_dag to None, run_after=None
[2024-12-07T01:48:21.703-0300] {processor.py:208} INFO - Processing /home/crisu/miniconda3/envs/lab13.1/lib/python3.9/site-packages/airflow/example_dags/example_trigger_target_dag.py took 15.153 seconds
[2024-12-07T01:50:38.859-0300] {processor.py:186} INFO - Started process (PID=33777) to work on /home/crisu/miniconda3/envs/lab13.1/lib/python3.9/site-packages/airflow/example_dags/example_trigger_target_dag.py
[2024-12-07T01:50:38.864-0300] {processor.py:914} INFO - Processing file /home/crisu/miniconda3/envs/lab13.1/lib/python3.9/site-packages/airflow/example_dags/example_trigger_target_dag.py for tasks to queue
[2024-12-07T01:50:38.867-0300] {logging_mixin.py:190} INFO - [2024-12-07T01:50:38.867-0300] {dagbag.py:588} INFO - Filling up the DagBag from /home/crisu/miniconda3/envs/lab13.1/lib/python3.9/site-packages/airflow/example_dags/example_trigger_target_dag.py
[2024-12-07T01:50:38.878-0300] {processor.py:925} INFO - DAG(s) 'example_trigger_target_dag' retrieved from /home/crisu/miniconda3/envs/lab13.1/lib/python3.9/site-packages/airflow/example_dags/example_trigger_target_dag.py
[2024-12-07T01:50:38.903-0300] {logging_mixin.py:190} INFO - [2024-12-07T01:50:38.903-0300] {dag.py:3239} INFO - Sync 1 DAGs
[2024-12-07T01:50:38.915-0300] {logging_mixin.py:190} INFO - [2024-12-07T01:50:38.914-0300] {dag.py:4180} INFO - Setting next_dagrun for example_trigger_target_dag to None, run_after=None
[2024-12-07T01:50:38.996-0300] {processor.py:208} INFO - Processing /home/crisu/miniconda3/envs/lab13.1/lib/python3.9/site-packages/airflow/example_dags/example_trigger_target_dag.py took 0.144 seconds
[2024-12-07T01:51:00.049-0300] {processor.py:186} INFO - Started process (PID=33834) to work on /home/crisu/miniconda3/envs/lab13.1/lib/python3.9/site-packages/airflow/example_dags/example_trigger_target_dag.py
[2024-12-07T01:51:00.050-0300] {processor.py:914} INFO - Processing file /home/crisu/miniconda3/envs/lab13.1/lib/python3.9/site-packages/airflow/example_dags/example_trigger_target_dag.py for tasks to queue
[2024-12-07T01:51:00.052-0300] {logging_mixin.py:190} INFO - [2024-12-07T01:51:00.051-0300] {dagbag.py:588} INFO - Filling up the DagBag from /home/crisu/miniconda3/envs/lab13.1/lib/python3.9/site-packages/airflow/example_dags/example_trigger_target_dag.py
[2024-12-07T01:51:00.059-0300] {processor.py:925} INFO - DAG(s) 'example_trigger_target_dag' retrieved from /home/crisu/miniconda3/envs/lab13.1/lib/python3.9/site-packages/airflow/example_dags/example_trigger_target_dag.py
[2024-12-07T01:51:00.077-0300] {logging_mixin.py:190} INFO - [2024-12-07T01:51:00.076-0300] {dag.py:3239} INFO - Sync 1 DAGs
[2024-12-07T01:51:00.087-0300] {logging_mixin.py:190} INFO - [2024-12-07T01:51:00.087-0300] {dag.py:4180} INFO - Setting next_dagrun for example_trigger_target_dag to None, run_after=None
[2024-12-07T01:51:00.140-0300] {processor.py:208} INFO - Processing /home/crisu/miniconda3/envs/lab13.1/lib/python3.9/site-packages/airflow/example_dags/example_trigger_target_dag.py took 0.097 seconds
[2024-12-07T02:07:35.305-0300] {processor.py:186} INFO - Started process (PID=35333) to work on /home/crisu/miniconda3/envs/lab13.1/lib/python3.9/site-packages/airflow/example_dags/example_trigger_target_dag.py
[2024-12-07T02:07:35.307-0300] {processor.py:914} INFO - Processing file /home/crisu/miniconda3/envs/lab13.1/lib/python3.9/site-packages/airflow/example_dags/example_trigger_target_dag.py for tasks to queue
[2024-12-07T02:07:35.310-0300] {logging_mixin.py:190} INFO - [2024-12-07T02:07:35.309-0300] {dagbag.py:588} INFO - Filling up the DagBag from /home/crisu/miniconda3/envs/lab13.1/lib/python3.9/site-packages/airflow/example_dags/example_trigger_target_dag.py
[2024-12-07T02:07:35.317-0300] {processor.py:925} INFO - DAG(s) 'example_trigger_target_dag' retrieved from /home/crisu/miniconda3/envs/lab13.1/lib/python3.9/site-packages/airflow/example_dags/example_trigger_target_dag.py
[2024-12-07T02:07:35.336-0300] {logging_mixin.py:190} INFO - [2024-12-07T02:07:35.335-0300] {dag.py:3239} INFO - Sync 1 DAGs
[2024-12-07T02:07:35.346-0300] {logging_mixin.py:190} INFO - [2024-12-07T02:07:35.346-0300] {dag.py:4180} INFO - Setting next_dagrun for example_trigger_target_dag to None, run_after=None
[2024-12-07T02:07:35.406-0300] {processor.py:208} INFO - Processing /home/crisu/miniconda3/envs/lab13.1/lib/python3.9/site-packages/airflow/example_dags/example_trigger_target_dag.py took 0.105 seconds
[2024-12-07T02:10:54.063-0300] {processor.py:186} INFO - Started process (PID=35827) to work on /home/crisu/miniconda3/envs/lab13.1/lib/python3.9/site-packages/airflow/example_dags/example_trigger_target_dag.py
[2024-12-07T02:10:54.064-0300] {processor.py:914} INFO - Processing file /home/crisu/miniconda3/envs/lab13.1/lib/python3.9/site-packages/airflow/example_dags/example_trigger_target_dag.py for tasks to queue
[2024-12-07T02:10:54.066-0300] {logging_mixin.py:190} INFO - [2024-12-07T02:10:54.066-0300] {dagbag.py:588} INFO - Filling up the DagBag from /home/crisu/miniconda3/envs/lab13.1/lib/python3.9/site-packages/airflow/example_dags/example_trigger_target_dag.py
[2024-12-07T02:10:54.072-0300] {processor.py:925} INFO - DAG(s) 'example_trigger_target_dag' retrieved from /home/crisu/miniconda3/envs/lab13.1/lib/python3.9/site-packages/airflow/example_dags/example_trigger_target_dag.py
[2024-12-07T02:10:54.085-0300] {logging_mixin.py:190} INFO - [2024-12-07T02:10:54.085-0300] {dag.py:3239} INFO - Sync 1 DAGs
[2024-12-07T02:10:54.096-0300] {logging_mixin.py:190} INFO - [2024-12-07T02:10:54.096-0300] {dag.py:4180} INFO - Setting next_dagrun for example_trigger_target_dag to None, run_after=None
[2024-12-07T02:10:54.152-0300] {processor.py:208} INFO - Processing /home/crisu/miniconda3/envs/lab13.1/lib/python3.9/site-packages/airflow/example_dags/example_trigger_target_dag.py took 0.096 seconds
[2024-12-07T02:12:33.123-0300] {processor.py:186} INFO - Started process (PID=35999) to work on /home/crisu/miniconda3/envs/lab13.1/lib/python3.9/site-packages/airflow/example_dags/example_trigger_target_dag.py
[2024-12-07T02:12:33.133-0300] {processor.py:914} INFO - Processing file /home/crisu/miniconda3/envs/lab13.1/lib/python3.9/site-packages/airflow/example_dags/example_trigger_target_dag.py for tasks to queue
[2024-12-07T02:12:33.136-0300] {logging_mixin.py:190} INFO - [2024-12-07T02:12:33.135-0300] {dagbag.py:588} INFO - Filling up the DagBag from /home/crisu/miniconda3/envs/lab13.1/lib/python3.9/site-packages/airflow/example_dags/example_trigger_target_dag.py
[2024-12-07T02:12:33.143-0300] {processor.py:925} INFO - DAG(s) 'example_trigger_target_dag' retrieved from /home/crisu/miniconda3/envs/lab13.1/lib/python3.9/site-packages/airflow/example_dags/example_trigger_target_dag.py
[2024-12-07T02:12:33.156-0300] {logging_mixin.py:190} INFO - [2024-12-07T02:12:33.155-0300] {dag.py:3239} INFO - Sync 1 DAGs
[2024-12-07T02:12:33.166-0300] {logging_mixin.py:190} INFO - [2024-12-07T02:12:33.166-0300] {dag.py:4180} INFO - Setting next_dagrun for example_trigger_target_dag to None, run_after=None
[2024-12-07T02:12:33.224-0300] {processor.py:208} INFO - Processing /home/crisu/miniconda3/envs/lab13.1/lib/python3.9/site-packages/airflow/example_dags/example_trigger_target_dag.py took 0.109 seconds
[2024-12-07T02:14:56.101-0300] {processor.py:186} INFO - Started process (PID=36327) to work on /home/crisu/miniconda3/envs/lab13.1/lib/python3.9/site-packages/airflow/example_dags/example_trigger_target_dag.py
[2024-12-07T02:14:56.122-0300] {processor.py:914} INFO - Processing file /home/crisu/miniconda3/envs/lab13.1/lib/python3.9/site-packages/airflow/example_dags/example_trigger_target_dag.py for tasks to queue
[2024-12-07T02:14:56.124-0300] {logging_mixin.py:190} INFO - [2024-12-07T02:14:56.124-0300] {dagbag.py:588} INFO - Filling up the DagBag from /home/crisu/miniconda3/envs/lab13.1/lib/python3.9/site-packages/airflow/example_dags/example_trigger_target_dag.py
[2024-12-07T02:14:56.131-0300] {processor.py:925} INFO - DAG(s) 'example_trigger_target_dag' retrieved from /home/crisu/miniconda3/envs/lab13.1/lib/python3.9/site-packages/airflow/example_dags/example_trigger_target_dag.py
[2024-12-07T02:14:56.145-0300] {logging_mixin.py:190} INFO - [2024-12-07T02:14:56.145-0300] {dag.py:3239} INFO - Sync 1 DAGs
[2024-12-07T02:14:56.156-0300] {logging_mixin.py:190} INFO - [2024-12-07T02:14:56.156-0300] {dag.py:4180} INFO - Setting next_dagrun for example_trigger_target_dag to None, run_after=None
[2024-12-07T02:14:57.231-0300] {processor.py:208} INFO - Processing /home/crisu/miniconda3/envs/lab13.1/lib/python3.9/site-packages/airflow/example_dags/example_trigger_target_dag.py took 1.138 seconds
[2024-12-07T02:16:07.924-0300] {processor.py:186} INFO - Started process (PID=36452) to work on /home/crisu/miniconda3/envs/lab13.1/lib/python3.9/site-packages/airflow/example_dags/example_trigger_target_dag.py
[2024-12-07T02:16:07.942-0300] {processor.py:914} INFO - Processing file /home/crisu/miniconda3/envs/lab13.1/lib/python3.9/site-packages/airflow/example_dags/example_trigger_target_dag.py for tasks to queue
[2024-12-07T02:16:07.944-0300] {logging_mixin.py:190} INFO - [2024-12-07T02:16:07.943-0300] {dagbag.py:588} INFO - Filling up the DagBag from /home/crisu/miniconda3/envs/lab13.1/lib/python3.9/site-packages/airflow/example_dags/example_trigger_target_dag.py
[2024-12-07T02:16:07.950-0300] {processor.py:925} INFO - DAG(s) 'example_trigger_target_dag' retrieved from /home/crisu/miniconda3/envs/lab13.1/lib/python3.9/site-packages/airflow/example_dags/example_trigger_target_dag.py
[2024-12-07T02:16:07.963-0300] {logging_mixin.py:190} INFO - [2024-12-07T02:16:07.963-0300] {dag.py:3239} INFO - Sync 1 DAGs
[2024-12-07T02:16:07.973-0300] {logging_mixin.py:190} INFO - [2024-12-07T02:16:07.973-0300] {dag.py:4180} INFO - Setting next_dagrun for example_trigger_target_dag to None, run_after=None
[2024-12-07T02:16:08.049-0300] {processor.py:208} INFO - Processing /home/crisu/miniconda3/envs/lab13.1/lib/python3.9/site-packages/airflow/example_dags/example_trigger_target_dag.py took 0.132 seconds
[2024-12-07T02:16:56.594-0300] {processor.py:186} INFO - Started process (PID=36517) to work on /home/crisu/miniconda3/envs/lab13.1/lib/python3.9/site-packages/airflow/example_dags/example_trigger_target_dag.py
[2024-12-07T02:16:56.596-0300] {processor.py:914} INFO - Processing file /home/crisu/miniconda3/envs/lab13.1/lib/python3.9/site-packages/airflow/example_dags/example_trigger_target_dag.py for tasks to queue
[2024-12-07T02:16:56.598-0300] {logging_mixin.py:190} INFO - [2024-12-07T02:16:56.597-0300] {dagbag.py:588} INFO - Filling up the DagBag from /home/crisu/miniconda3/envs/lab13.1/lib/python3.9/site-packages/airflow/example_dags/example_trigger_target_dag.py
[2024-12-07T02:16:56.604-0300] {processor.py:925} INFO - DAG(s) 'example_trigger_target_dag' retrieved from /home/crisu/miniconda3/envs/lab13.1/lib/python3.9/site-packages/airflow/example_dags/example_trigger_target_dag.py
[2024-12-07T02:16:56.617-0300] {logging_mixin.py:190} INFO - [2024-12-07T02:16:56.617-0300] {dag.py:3239} INFO - Sync 1 DAGs
[2024-12-07T02:16:56.629-0300] {logging_mixin.py:190} INFO - [2024-12-07T02:16:56.629-0300] {dag.py:4180} INFO - Setting next_dagrun for example_trigger_target_dag to None, run_after=None
[2024-12-07T02:16:56.714-0300] {processor.py:208} INFO - Processing /home/crisu/miniconda3/envs/lab13.1/lib/python3.9/site-packages/airflow/example_dags/example_trigger_target_dag.py took 0.127 seconds
[2024-12-07T02:17:43.303-0300] {processor.py:186} INFO - Started process (PID=36603) to work on /home/crisu/miniconda3/envs/lab13.1/lib/python3.9/site-packages/airflow/example_dags/example_trigger_target_dag.py
[2024-12-07T02:17:43.324-0300] {processor.py:914} INFO - Processing file /home/crisu/miniconda3/envs/lab13.1/lib/python3.9/site-packages/airflow/example_dags/example_trigger_target_dag.py for tasks to queue
[2024-12-07T02:17:43.326-0300] {logging_mixin.py:190} INFO - [2024-12-07T02:17:43.326-0300] {dagbag.py:588} INFO - Filling up the DagBag from /home/crisu/miniconda3/envs/lab13.1/lib/python3.9/site-packages/airflow/example_dags/example_trigger_target_dag.py
[2024-12-07T02:17:43.333-0300] {processor.py:925} INFO - DAG(s) 'example_trigger_target_dag' retrieved from /home/crisu/miniconda3/envs/lab13.1/lib/python3.9/site-packages/airflow/example_dags/example_trigger_target_dag.py
[2024-12-07T02:17:43.346-0300] {logging_mixin.py:190} INFO - [2024-12-07T02:17:43.346-0300] {dag.py:3239} INFO - Sync 1 DAGs
[2024-12-07T02:17:43.356-0300] {logging_mixin.py:190} INFO - [2024-12-07T02:17:43.356-0300] {dag.py:4180} INFO - Setting next_dagrun for example_trigger_target_dag to None, run_after=None
[2024-12-07T02:17:43.422-0300] {processor.py:208} INFO - Processing /home/crisu/miniconda3/envs/lab13.1/lib/python3.9/site-packages/airflow/example_dags/example_trigger_target_dag.py took 0.127 seconds
[2024-12-07T02:30:46.696-0300] {processor.py:186} INFO - Started process (PID=37886) to work on /home/crisu/miniconda3/envs/lab13.1/lib/python3.9/site-packages/airflow/example_dags/example_trigger_target_dag.py
[2024-12-07T02:30:46.709-0300] {processor.py:914} INFO - Processing file /home/crisu/miniconda3/envs/lab13.1/lib/python3.9/site-packages/airflow/example_dags/example_trigger_target_dag.py for tasks to queue
[2024-12-07T02:30:46.711-0300] {logging_mixin.py:190} INFO - [2024-12-07T02:30:46.711-0300] {dagbag.py:588} INFO - Filling up the DagBag from /home/crisu/miniconda3/envs/lab13.1/lib/python3.9/site-packages/airflow/example_dags/example_trigger_target_dag.py
[2024-12-07T02:30:46.718-0300] {processor.py:925} INFO - DAG(s) 'example_trigger_target_dag' retrieved from /home/crisu/miniconda3/envs/lab13.1/lib/python3.9/site-packages/airflow/example_dags/example_trigger_target_dag.py
[2024-12-07T02:30:46.742-0300] {logging_mixin.py:190} INFO - [2024-12-07T02:30:46.741-0300] {dag.py:3239} INFO - Sync 1 DAGs
[2024-12-07T02:30:46.753-0300] {logging_mixin.py:190} INFO - [2024-12-07T02:30:46.752-0300] {dag.py:4180} INFO - Setting next_dagrun for example_trigger_target_dag to None, run_after=None
[2024-12-07T02:30:46.855-0300] {processor.py:208} INFO - Processing /home/crisu/miniconda3/envs/lab13.1/lib/python3.9/site-packages/airflow/example_dags/example_trigger_target_dag.py took 0.164 seconds
[2024-12-07T02:33:27.963-0300] {processor.py:186} INFO - Started process (PID=38157) to work on /home/crisu/miniconda3/envs/lab13.1/lib/python3.9/site-packages/airflow/example_dags/example_trigger_target_dag.py
[2024-12-07T02:33:27.964-0300] {processor.py:914} INFO - Processing file /home/crisu/miniconda3/envs/lab13.1/lib/python3.9/site-packages/airflow/example_dags/example_trigger_target_dag.py for tasks to queue
[2024-12-07T02:33:27.966-0300] {logging_mixin.py:190} INFO - [2024-12-07T02:33:27.966-0300] {dagbag.py:588} INFO - Filling up the DagBag from /home/crisu/miniconda3/envs/lab13.1/lib/python3.9/site-packages/airflow/example_dags/example_trigger_target_dag.py
[2024-12-07T02:33:27.975-0300] {processor.py:925} INFO - DAG(s) 'example_trigger_target_dag' retrieved from /home/crisu/miniconda3/envs/lab13.1/lib/python3.9/site-packages/airflow/example_dags/example_trigger_target_dag.py
[2024-12-07T02:33:27.988-0300] {logging_mixin.py:190} INFO - [2024-12-07T02:33:27.988-0300] {dag.py:3239} INFO - Sync 1 DAGs
[2024-12-07T02:33:28.000-0300] {logging_mixin.py:190} INFO - [2024-12-07T02:33:28.000-0300] {dag.py:4180} INFO - Setting next_dagrun for example_trigger_target_dag to None, run_after=None
[2024-12-07T02:33:28.061-0300] {processor.py:208} INFO - Processing /home/crisu/miniconda3/envs/lab13.1/lib/python3.9/site-packages/airflow/example_dags/example_trigger_target_dag.py took 0.103 seconds
[2024-12-07T02:35:10.654-0300] {processor.py:186} INFO - Started process (PID=38363) to work on /home/crisu/miniconda3/envs/lab13.1/lib/python3.9/site-packages/airflow/example_dags/example_trigger_target_dag.py
[2024-12-07T02:35:10.656-0300] {processor.py:914} INFO - Processing file /home/crisu/miniconda3/envs/lab13.1/lib/python3.9/site-packages/airflow/example_dags/example_trigger_target_dag.py for tasks to queue
[2024-12-07T02:35:10.658-0300] {logging_mixin.py:190} INFO - [2024-12-07T02:35:10.657-0300] {dagbag.py:588} INFO - Filling up the DagBag from /home/crisu/miniconda3/envs/lab13.1/lib/python3.9/site-packages/airflow/example_dags/example_trigger_target_dag.py
[2024-12-07T02:35:10.664-0300] {processor.py:925} INFO - DAG(s) 'example_trigger_target_dag' retrieved from /home/crisu/miniconda3/envs/lab13.1/lib/python3.9/site-packages/airflow/example_dags/example_trigger_target_dag.py
[2024-12-07T02:35:10.677-0300] {logging_mixin.py:190} INFO - [2024-12-07T02:35:10.677-0300] {dag.py:3239} INFO - Sync 1 DAGs
[2024-12-07T02:35:10.688-0300] {logging_mixin.py:190} INFO - [2024-12-07T02:35:10.688-0300] {dag.py:4180} INFO - Setting next_dagrun for example_trigger_target_dag to None, run_after=None
[2024-12-07T02:35:11.599-0300] {processor.py:208} INFO - Processing /home/crisu/miniconda3/envs/lab13.1/lib/python3.9/site-packages/airflow/example_dags/example_trigger_target_dag.py took 0.950 seconds
[2024-12-07T02:36:57.400-0300] {processor.py:186} INFO - Started process (PID=38603) to work on /home/crisu/miniconda3/envs/lab13.1/lib/python3.9/site-packages/airflow/example_dags/example_trigger_target_dag.py
[2024-12-07T02:36:57.411-0300] {processor.py:914} INFO - Processing file /home/crisu/miniconda3/envs/lab13.1/lib/python3.9/site-packages/airflow/example_dags/example_trigger_target_dag.py for tasks to queue
[2024-12-07T02:36:57.413-0300] {logging_mixin.py:190} INFO - [2024-12-07T02:36:57.413-0300] {dagbag.py:588} INFO - Filling up the DagBag from /home/crisu/miniconda3/envs/lab13.1/lib/python3.9/site-packages/airflow/example_dags/example_trigger_target_dag.py
[2024-12-07T02:36:57.421-0300] {processor.py:925} INFO - DAG(s) 'example_trigger_target_dag' retrieved from /home/crisu/miniconda3/envs/lab13.1/lib/python3.9/site-packages/airflow/example_dags/example_trigger_target_dag.py
[2024-12-07T02:36:57.434-0300] {logging_mixin.py:190} INFO - [2024-12-07T02:36:57.434-0300] {dag.py:3239} INFO - Sync 1 DAGs
[2024-12-07T02:36:57.446-0300] {logging_mixin.py:190} INFO - [2024-12-07T02:36:57.445-0300] {dag.py:4180} INFO - Setting next_dagrun for example_trigger_target_dag to None, run_after=None
[2024-12-07T02:36:57.508-0300] {processor.py:208} INFO - Processing /home/crisu/miniconda3/envs/lab13.1/lib/python3.9/site-packages/airflow/example_dags/example_trigger_target_dag.py took 0.113 seconds
[2024-12-07T02:38:33.344-0300] {processor.py:186} INFO - Started process (PID=38741) to work on /home/crisu/miniconda3/envs/lab13.1/lib/python3.9/site-packages/airflow/example_dags/example_trigger_target_dag.py
[2024-12-07T02:38:33.345-0300] {processor.py:914} INFO - Processing file /home/crisu/miniconda3/envs/lab13.1/lib/python3.9/site-packages/airflow/example_dags/example_trigger_target_dag.py for tasks to queue
[2024-12-07T02:38:33.347-0300] {logging_mixin.py:190} INFO - [2024-12-07T02:38:33.347-0300] {dagbag.py:588} INFO - Filling up the DagBag from /home/crisu/miniconda3/envs/lab13.1/lib/python3.9/site-packages/airflow/example_dags/example_trigger_target_dag.py
[2024-12-07T02:38:33.354-0300] {processor.py:925} INFO - DAG(s) 'example_trigger_target_dag' retrieved from /home/crisu/miniconda3/envs/lab13.1/lib/python3.9/site-packages/airflow/example_dags/example_trigger_target_dag.py
[2024-12-07T02:38:33.366-0300] {logging_mixin.py:190} INFO - [2024-12-07T02:38:33.366-0300] {dag.py:3239} INFO - Sync 1 DAGs
[2024-12-07T02:38:33.376-0300] {logging_mixin.py:190} INFO - [2024-12-07T02:38:33.376-0300] {dag.py:4180} INFO - Setting next_dagrun for example_trigger_target_dag to None, run_after=None
[2024-12-07T02:38:33.958-0300] {processor.py:208} INFO - Processing /home/crisu/miniconda3/envs/lab13.1/lib/python3.9/site-packages/airflow/example_dags/example_trigger_target_dag.py took 0.619 seconds
[2024-12-07T02:40:14.728-0300] {processor.py:186} INFO - Started process (PID=38857) to work on /home/crisu/miniconda3/envs/lab13.1/lib/python3.9/site-packages/airflow/example_dags/example_trigger_target_dag.py
[2024-12-07T02:40:14.729-0300] {processor.py:914} INFO - Processing file /home/crisu/miniconda3/envs/lab13.1/lib/python3.9/site-packages/airflow/example_dags/example_trigger_target_dag.py for tasks to queue
[2024-12-07T02:40:14.731-0300] {logging_mixin.py:190} INFO - [2024-12-07T02:40:14.731-0300] {dagbag.py:588} INFO - Filling up the DagBag from /home/crisu/miniconda3/envs/lab13.1/lib/python3.9/site-packages/airflow/example_dags/example_trigger_target_dag.py
[2024-12-07T02:40:14.737-0300] {processor.py:925} INFO - DAG(s) 'example_trigger_target_dag' retrieved from /home/crisu/miniconda3/envs/lab13.1/lib/python3.9/site-packages/airflow/example_dags/example_trigger_target_dag.py
[2024-12-07T02:40:14.750-0300] {logging_mixin.py:190} INFO - [2024-12-07T02:40:14.750-0300] {dag.py:3239} INFO - Sync 1 DAGs
[2024-12-07T02:40:14.761-0300] {logging_mixin.py:190} INFO - [2024-12-07T02:40:14.760-0300] {dag.py:4180} INFO - Setting next_dagrun for example_trigger_target_dag to None, run_after=None
[2024-12-07T02:40:14.818-0300] {processor.py:208} INFO - Processing /home/crisu/miniconda3/envs/lab13.1/lib/python3.9/site-packages/airflow/example_dags/example_trigger_target_dag.py took 0.096 seconds
[2024-12-07T02:41:06.896-0300] {processor.py:186} INFO - Started process (PID=38958) to work on /home/crisu/miniconda3/envs/lab13.1/lib/python3.9/site-packages/airflow/example_dags/example_trigger_target_dag.py
[2024-12-07T02:41:06.904-0300] {processor.py:914} INFO - Processing file /home/crisu/miniconda3/envs/lab13.1/lib/python3.9/site-packages/airflow/example_dags/example_trigger_target_dag.py for tasks to queue
[2024-12-07T02:41:06.907-0300] {logging_mixin.py:190} INFO - [2024-12-07T02:41:06.906-0300] {dagbag.py:588} INFO - Filling up the DagBag from /home/crisu/miniconda3/envs/lab13.1/lib/python3.9/site-packages/airflow/example_dags/example_trigger_target_dag.py
[2024-12-07T02:41:06.914-0300] {processor.py:925} INFO - DAG(s) 'example_trigger_target_dag' retrieved from /home/crisu/miniconda3/envs/lab13.1/lib/python3.9/site-packages/airflow/example_dags/example_trigger_target_dag.py
[2024-12-07T02:41:06.929-0300] {logging_mixin.py:190} INFO - [2024-12-07T02:41:06.928-0300] {dag.py:3239} INFO - Sync 1 DAGs
[2024-12-07T02:41:06.941-0300] {logging_mixin.py:190} INFO - [2024-12-07T02:41:06.941-0300] {dag.py:4180} INFO - Setting next_dagrun for example_trigger_target_dag to None, run_after=None
[2024-12-07T02:41:07.003-0300] {processor.py:208} INFO - Processing /home/crisu/miniconda3/envs/lab13.1/lib/python3.9/site-packages/airflow/example_dags/example_trigger_target_dag.py took 0.114 seconds
[2024-12-07T02:42:21.424-0300] {processor.py:186} INFO - Started process (PID=39092) to work on /home/crisu/miniconda3/envs/lab13.1/lib/python3.9/site-packages/airflow/example_dags/example_trigger_target_dag.py
[2024-12-07T02:42:21.428-0300] {processor.py:914} INFO - Processing file /home/crisu/miniconda3/envs/lab13.1/lib/python3.9/site-packages/airflow/example_dags/example_trigger_target_dag.py for tasks to queue
[2024-12-07T02:42:21.429-0300] {logging_mixin.py:190} INFO - [2024-12-07T02:42:21.429-0300] {dagbag.py:588} INFO - Filling up the DagBag from /home/crisu/miniconda3/envs/lab13.1/lib/python3.9/site-packages/airflow/example_dags/example_trigger_target_dag.py
[2024-12-07T02:42:21.436-0300] {processor.py:925} INFO - DAG(s) 'example_trigger_target_dag' retrieved from /home/crisu/miniconda3/envs/lab13.1/lib/python3.9/site-packages/airflow/example_dags/example_trigger_target_dag.py
[2024-12-07T02:42:21.450-0300] {logging_mixin.py:190} INFO - [2024-12-07T02:42:21.449-0300] {dag.py:3239} INFO - Sync 1 DAGs
[2024-12-07T02:42:21.461-0300] {logging_mixin.py:190} INFO - [2024-12-07T02:42:21.461-0300] {dag.py:4180} INFO - Setting next_dagrun for example_trigger_target_dag to None, run_after=None
[2024-12-07T02:42:21.524-0300] {processor.py:208} INFO - Processing /home/crisu/miniconda3/envs/lab13.1/lib/python3.9/site-packages/airflow/example_dags/example_trigger_target_dag.py took 0.105 seconds
[2024-12-07T02:44:35.081-0300] {processor.py:186} INFO - Started process (PID=39688) to work on /home/crisu/miniconda3/envs/lab13.1/lib/python3.9/site-packages/airflow/example_dags/example_trigger_target_dag.py
[2024-12-07T02:44:35.082-0300] {processor.py:914} INFO - Processing file /home/crisu/miniconda3/envs/lab13.1/lib/python3.9/site-packages/airflow/example_dags/example_trigger_target_dag.py for tasks to queue
[2024-12-07T02:44:35.084-0300] {logging_mixin.py:190} INFO - [2024-12-07T02:44:35.084-0300] {dagbag.py:588} INFO - Filling up the DagBag from /home/crisu/miniconda3/envs/lab13.1/lib/python3.9/site-packages/airflow/example_dags/example_trigger_target_dag.py
[2024-12-07T02:44:35.091-0300] {processor.py:925} INFO - DAG(s) 'example_trigger_target_dag' retrieved from /home/crisu/miniconda3/envs/lab13.1/lib/python3.9/site-packages/airflow/example_dags/example_trigger_target_dag.py
[2024-12-07T02:44:35.110-0300] {logging_mixin.py:190} INFO - [2024-12-07T02:44:35.110-0300] {dag.py:3239} INFO - Sync 1 DAGs
[2024-12-07T02:44:35.121-0300] {logging_mixin.py:190} INFO - [2024-12-07T02:44:35.120-0300] {dag.py:4180} INFO - Setting next_dagrun for example_trigger_target_dag to None, run_after=None
[2024-12-07T02:44:35.175-0300] {processor.py:208} INFO - Processing /home/crisu/miniconda3/envs/lab13.1/lib/python3.9/site-packages/airflow/example_dags/example_trigger_target_dag.py took 0.100 seconds
[2024-12-07T02:46:16.345-0300] {processor.py:186} INFO - Started process (PID=39979) to work on /home/crisu/miniconda3/envs/lab13.1/lib/python3.9/site-packages/airflow/example_dags/example_trigger_target_dag.py
[2024-12-07T02:46:16.380-0300] {processor.py:914} INFO - Processing file /home/crisu/miniconda3/envs/lab13.1/lib/python3.9/site-packages/airflow/example_dags/example_trigger_target_dag.py for tasks to queue
[2024-12-07T02:46:16.382-0300] {logging_mixin.py:190} INFO - [2024-12-07T02:46:16.382-0300] {dagbag.py:588} INFO - Filling up the DagBag from /home/crisu/miniconda3/envs/lab13.1/lib/python3.9/site-packages/airflow/example_dags/example_trigger_target_dag.py
[2024-12-07T02:46:16.390-0300] {processor.py:925} INFO - DAG(s) 'example_trigger_target_dag' retrieved from /home/crisu/miniconda3/envs/lab13.1/lib/python3.9/site-packages/airflow/example_dags/example_trigger_target_dag.py
[2024-12-07T02:46:16.416-0300] {logging_mixin.py:190} INFO - [2024-12-07T02:46:16.415-0300] {dag.py:3239} INFO - Sync 1 DAGs
[2024-12-07T02:46:16.427-0300] {logging_mixin.py:190} INFO - [2024-12-07T02:46:16.426-0300] {dag.py:4180} INFO - Setting next_dagrun for example_trigger_target_dag to None, run_after=None
[2024-12-07T02:46:16.489-0300] {processor.py:208} INFO - Processing /home/crisu/miniconda3/envs/lab13.1/lib/python3.9/site-packages/airflow/example_dags/example_trigger_target_dag.py took 0.150 seconds
[2024-12-07T02:47:29.663-0300] {processor.py:186} INFO - Started process (PID=40202) to work on /home/crisu/miniconda3/envs/lab13.1/lib/python3.9/site-packages/airflow/example_dags/example_trigger_target_dag.py
[2024-12-07T02:47:29.665-0300] {processor.py:914} INFO - Processing file /home/crisu/miniconda3/envs/lab13.1/lib/python3.9/site-packages/airflow/example_dags/example_trigger_target_dag.py for tasks to queue
[2024-12-07T02:47:29.668-0300] {logging_mixin.py:190} INFO - [2024-12-07T02:47:29.668-0300] {dagbag.py:588} INFO - Filling up the DagBag from /home/crisu/miniconda3/envs/lab13.1/lib/python3.9/site-packages/airflow/example_dags/example_trigger_target_dag.py
[2024-12-07T02:47:29.679-0300] {processor.py:925} INFO - DAG(s) 'example_trigger_target_dag' retrieved from /home/crisu/miniconda3/envs/lab13.1/lib/python3.9/site-packages/airflow/example_dags/example_trigger_target_dag.py
[2024-12-07T02:47:29.717-0300] {logging_mixin.py:190} INFO - [2024-12-07T02:47:29.717-0300] {dag.py:3239} INFO - Sync 1 DAGs
[2024-12-07T02:47:29.736-0300] {logging_mixin.py:190} INFO - [2024-12-07T02:47:29.736-0300] {dag.py:4180} INFO - Setting next_dagrun for example_trigger_target_dag to None, run_after=None
[2024-12-07T02:47:30.145-0300] {processor.py:208} INFO - Processing /home/crisu/miniconda3/envs/lab13.1/lib/python3.9/site-packages/airflow/example_dags/example_trigger_target_dag.py took 0.489 seconds
[2024-12-07T02:48:53.011-0300] {processor.py:186} INFO - Started process (PID=40460) to work on /home/crisu/miniconda3/envs/lab13.1/lib/python3.9/site-packages/airflow/example_dags/example_trigger_target_dag.py
[2024-12-07T02:48:53.193-0300] {processor.py:914} INFO - Processing file /home/crisu/miniconda3/envs/lab13.1/lib/python3.9/site-packages/airflow/example_dags/example_trigger_target_dag.py for tasks to queue
[2024-12-07T02:48:53.196-0300] {logging_mixin.py:190} INFO - [2024-12-07T02:48:53.195-0300] {dagbag.py:588} INFO - Filling up the DagBag from /home/crisu/miniconda3/envs/lab13.1/lib/python3.9/site-packages/airflow/example_dags/example_trigger_target_dag.py
[2024-12-07T02:48:53.203-0300] {processor.py:925} INFO - DAG(s) 'example_trigger_target_dag' retrieved from /home/crisu/miniconda3/envs/lab13.1/lib/python3.9/site-packages/airflow/example_dags/example_trigger_target_dag.py
[2024-12-07T02:48:53.225-0300] {logging_mixin.py:190} INFO - [2024-12-07T02:48:53.224-0300] {dag.py:3239} INFO - Sync 1 DAGs
[2024-12-07T02:48:53.236-0300] {logging_mixin.py:190} INFO - [2024-12-07T02:48:53.236-0300] {dag.py:4180} INFO - Setting next_dagrun for example_trigger_target_dag to None, run_after=None
[2024-12-07T02:48:54.760-0300] {processor.py:208} INFO - Processing /home/crisu/miniconda3/envs/lab13.1/lib/python3.9/site-packages/airflow/example_dags/example_trigger_target_dag.py took 1.754 seconds
[2024-12-07T02:49:55.610-0300] {processor.py:186} INFO - Started process (PID=40726) to work on /home/crisu/miniconda3/envs/lab13.1/lib/python3.9/site-packages/airflow/example_dags/example_trigger_target_dag.py
[2024-12-07T02:49:55.685-0300] {processor.py:914} INFO - Processing file /home/crisu/miniconda3/envs/lab13.1/lib/python3.9/site-packages/airflow/example_dags/example_trigger_target_dag.py for tasks to queue
[2024-12-07T02:49:55.687-0300] {logging_mixin.py:190} INFO - [2024-12-07T02:49:55.687-0300] {dagbag.py:588} INFO - Filling up the DagBag from /home/crisu/miniconda3/envs/lab13.1/lib/python3.9/site-packages/airflow/example_dags/example_trigger_target_dag.py
[2024-12-07T02:49:55.695-0300] {processor.py:925} INFO - DAG(s) 'example_trigger_target_dag' retrieved from /home/crisu/miniconda3/envs/lab13.1/lib/python3.9/site-packages/airflow/example_dags/example_trigger_target_dag.py
[2024-12-07T02:49:55.716-0300] {logging_mixin.py:190} INFO - [2024-12-07T02:49:55.716-0300] {dag.py:3239} INFO - Sync 1 DAGs
[2024-12-07T02:49:55.728-0300] {logging_mixin.py:190} INFO - [2024-12-07T02:49:55.727-0300] {dag.py:4180} INFO - Setting next_dagrun for example_trigger_target_dag to None, run_after=None
[2024-12-07T02:49:55.913-0300] {processor.py:208} INFO - Processing /home/crisu/miniconda3/envs/lab13.1/lib/python3.9/site-packages/airflow/example_dags/example_trigger_target_dag.py took 0.309 seconds
[2024-12-07T02:51:06.313-0300] {processor.py:186} INFO - Started process (PID=40943) to work on /home/crisu/miniconda3/envs/lab13.1/lib/python3.9/site-packages/airflow/example_dags/example_trigger_target_dag.py
[2024-12-07T02:51:06.326-0300] {processor.py:914} INFO - Processing file /home/crisu/miniconda3/envs/lab13.1/lib/python3.9/site-packages/airflow/example_dags/example_trigger_target_dag.py for tasks to queue
[2024-12-07T02:51:06.328-0300] {logging_mixin.py:190} INFO - [2024-12-07T02:51:06.328-0300] {dagbag.py:588} INFO - Filling up the DagBag from /home/crisu/miniconda3/envs/lab13.1/lib/python3.9/site-packages/airflow/example_dags/example_trigger_target_dag.py
[2024-12-07T02:51:06.337-0300] {processor.py:925} INFO - DAG(s) 'example_trigger_target_dag' retrieved from /home/crisu/miniconda3/envs/lab13.1/lib/python3.9/site-packages/airflow/example_dags/example_trigger_target_dag.py
[2024-12-07T02:51:06.353-0300] {logging_mixin.py:190} INFO - [2024-12-07T02:51:06.353-0300] {dag.py:3239} INFO - Sync 1 DAGs
[2024-12-07T02:51:06.364-0300] {logging_mixin.py:190} INFO - [2024-12-07T02:51:06.364-0300] {dag.py:4180} INFO - Setting next_dagrun for example_trigger_target_dag to None, run_after=None
[2024-12-07T02:51:06.424-0300] {processor.py:208} INFO - Processing /home/crisu/miniconda3/envs/lab13.1/lib/python3.9/site-packages/airflow/example_dags/example_trigger_target_dag.py took 0.119 seconds
[2024-12-07T03:19:16.018-0300] {processor.py:186} INFO - Started process (PID=42607) to work on /home/crisu/miniconda3/envs/lab13.1/lib/python3.9/site-packages/airflow/example_dags/example_trigger_target_dag.py
[2024-12-07T03:19:16.019-0300] {processor.py:914} INFO - Processing file /home/crisu/miniconda3/envs/lab13.1/lib/python3.9/site-packages/airflow/example_dags/example_trigger_target_dag.py for tasks to queue
[2024-12-07T03:19:16.020-0300] {logging_mixin.py:190} INFO - [2024-12-07T03:19:16.019-0300] {dagbag.py:588} INFO - Filling up the DagBag from /home/crisu/miniconda3/envs/lab13.1/lib/python3.9/site-packages/airflow/example_dags/example_trigger_target_dag.py
[2024-12-07T03:19:16.025-0300] {processor.py:925} INFO - DAG(s) 'example_trigger_target_dag' retrieved from /home/crisu/miniconda3/envs/lab13.1/lib/python3.9/site-packages/airflow/example_dags/example_trigger_target_dag.py
[2024-12-07T03:19:16.046-0300] {logging_mixin.py:190} INFO - [2024-12-07T03:19:16.046-0300] {dag.py:3239} INFO - Sync 1 DAGs
[2024-12-07T03:19:16.058-0300] {logging_mixin.py:190} INFO - [2024-12-07T03:19:16.058-0300] {dag.py:4180} INFO - Setting next_dagrun for example_trigger_target_dag to None, run_after=None
[2024-12-07T03:19:16.661-0300] {processor.py:208} INFO - Processing /home/crisu/miniconda3/envs/lab13.1/lib/python3.9/site-packages/airflow/example_dags/example_trigger_target_dag.py took 0.649 seconds
[2024-12-07T03:22:53.391-0300] {processor.py:186} INFO - Started process (PID=42822) to work on /home/crisu/miniconda3/envs/lab13.1/lib/python3.9/site-packages/airflow/example_dags/example_trigger_target_dag.py
[2024-12-07T03:22:53.424-0300] {processor.py:914} INFO - Processing file /home/crisu/miniconda3/envs/lab13.1/lib/python3.9/site-packages/airflow/example_dags/example_trigger_target_dag.py for tasks to queue
[2024-12-07T03:22:53.426-0300] {logging_mixin.py:190} INFO - [2024-12-07T03:22:53.425-0300] {dagbag.py:588} INFO - Filling up the DagBag from /home/crisu/miniconda3/envs/lab13.1/lib/python3.9/site-packages/airflow/example_dags/example_trigger_target_dag.py
[2024-12-07T03:22:53.431-0300] {processor.py:925} INFO - DAG(s) 'example_trigger_target_dag' retrieved from /home/crisu/miniconda3/envs/lab13.1/lib/python3.9/site-packages/airflow/example_dags/example_trigger_target_dag.py
[2024-12-07T03:22:53.445-0300] {logging_mixin.py:190} INFO - [2024-12-07T03:22:53.445-0300] {dag.py:3239} INFO - Sync 1 DAGs
[2024-12-07T03:22:53.456-0300] {logging_mixin.py:190} INFO - [2024-12-07T03:22:53.455-0300] {dag.py:4180} INFO - Setting next_dagrun for example_trigger_target_dag to None, run_after=None
[2024-12-07T03:22:54.791-0300] {processor.py:208} INFO - Processing /home/crisu/miniconda3/envs/lab13.1/lib/python3.9/site-packages/airflow/example_dags/example_trigger_target_dag.py took 1.406 seconds
[2024-12-07T03:26:31.356-0300] {processor.py:186} INFO - Started process (PID=43412) to work on /home/crisu/miniconda3/envs/lab13.1/lib/python3.9/site-packages/airflow/example_dags/example_trigger_target_dag.py
[2024-12-07T03:26:31.502-0300] {processor.py:914} INFO - Processing file /home/crisu/miniconda3/envs/lab13.1/lib/python3.9/site-packages/airflow/example_dags/example_trigger_target_dag.py for tasks to queue
[2024-12-07T03:26:31.504-0300] {logging_mixin.py:190} INFO - [2024-12-07T03:26:31.504-0300] {dagbag.py:588} INFO - Filling up the DagBag from /home/crisu/miniconda3/envs/lab13.1/lib/python3.9/site-packages/airflow/example_dags/example_trigger_target_dag.py
[2024-12-07T03:26:31.511-0300] {processor.py:925} INFO - DAG(s) 'example_trigger_target_dag' retrieved from /home/crisu/miniconda3/envs/lab13.1/lib/python3.9/site-packages/airflow/example_dags/example_trigger_target_dag.py
[2024-12-07T03:26:31.530-0300] {logging_mixin.py:190} INFO - [2024-12-07T03:26:31.529-0300] {dag.py:3239} INFO - Sync 1 DAGs
[2024-12-07T03:26:31.541-0300] {logging_mixin.py:190} INFO - [2024-12-07T03:26:31.541-0300] {dag.py:4180} INFO - Setting next_dagrun for example_trigger_target_dag to None, run_after=None
[2024-12-07T03:26:32.480-0300] {processor.py:208} INFO - Processing /home/crisu/miniconda3/envs/lab13.1/lib/python3.9/site-packages/airflow/example_dags/example_trigger_target_dag.py took 1.128 seconds
[2024-12-07T03:29:17.570-0300] {processor.py:186} INFO - Started process (PID=43814) to work on /home/crisu/miniconda3/envs/lab13.1/lib/python3.9/site-packages/airflow/example_dags/example_trigger_target_dag.py
[2024-12-07T03:29:17.572-0300] {processor.py:914} INFO - Processing file /home/crisu/miniconda3/envs/lab13.1/lib/python3.9/site-packages/airflow/example_dags/example_trigger_target_dag.py for tasks to queue
[2024-12-07T03:29:17.575-0300] {logging_mixin.py:190} INFO - [2024-12-07T03:29:17.575-0300] {dagbag.py:588} INFO - Filling up the DagBag from /home/crisu/miniconda3/envs/lab13.1/lib/python3.9/site-packages/airflow/example_dags/example_trigger_target_dag.py
[2024-12-07T03:29:17.583-0300] {processor.py:925} INFO - DAG(s) 'example_trigger_target_dag' retrieved from /home/crisu/miniconda3/envs/lab13.1/lib/python3.9/site-packages/airflow/example_dags/example_trigger_target_dag.py
[2024-12-07T03:29:17.598-0300] {logging_mixin.py:190} INFO - [2024-12-07T03:29:17.598-0300] {dag.py:3239} INFO - Sync 1 DAGs
[2024-12-07T03:29:17.611-0300] {logging_mixin.py:190} INFO - [2024-12-07T03:29:17.610-0300] {dag.py:4180} INFO - Setting next_dagrun for example_trigger_target_dag to None, run_after=None
[2024-12-07T03:29:17.671-0300] {processor.py:208} INFO - Processing /home/crisu/miniconda3/envs/lab13.1/lib/python3.9/site-packages/airflow/example_dags/example_trigger_target_dag.py took 0.108 seconds
[2024-12-07T03:33:49.602-0300] {processor.py:186} INFO - Started process (PID=44507) to work on /home/crisu/miniconda3/envs/lab13.1/lib/python3.9/site-packages/airflow/example_dags/example_trigger_target_dag.py
[2024-12-07T03:33:49.628-0300] {processor.py:914} INFO - Processing file /home/crisu/miniconda3/envs/lab13.1/lib/python3.9/site-packages/airflow/example_dags/example_trigger_target_dag.py for tasks to queue
[2024-12-07T03:33:49.630-0300] {logging_mixin.py:190} INFO - [2024-12-07T03:33:49.629-0300] {dagbag.py:588} INFO - Filling up the DagBag from /home/crisu/miniconda3/envs/lab13.1/lib/python3.9/site-packages/airflow/example_dags/example_trigger_target_dag.py
[2024-12-07T03:33:49.636-0300] {processor.py:925} INFO - DAG(s) 'example_trigger_target_dag' retrieved from /home/crisu/miniconda3/envs/lab13.1/lib/python3.9/site-packages/airflow/example_dags/example_trigger_target_dag.py
[2024-12-07T03:33:49.655-0300] {logging_mixin.py:190} INFO - [2024-12-07T03:33:49.654-0300] {dag.py:3239} INFO - Sync 1 DAGs
[2024-12-07T03:33:49.665-0300] {logging_mixin.py:190} INFO - [2024-12-07T03:33:49.665-0300] {dag.py:4180} INFO - Setting next_dagrun for example_trigger_target_dag to None, run_after=None
[2024-12-07T03:33:49.742-0300] {processor.py:208} INFO - Processing /home/crisu/miniconda3/envs/lab13.1/lib/python3.9/site-packages/airflow/example_dags/example_trigger_target_dag.py took 0.146 seconds
[2024-12-07T03:35:29.869-0300] {processor.py:186} INFO - Started process (PID=44708) to work on /home/crisu/miniconda3/envs/lab13.1/lib/python3.9/site-packages/airflow/example_dags/example_trigger_target_dag.py
[2024-12-07T03:35:29.870-0300] {processor.py:914} INFO - Processing file /home/crisu/miniconda3/envs/lab13.1/lib/python3.9/site-packages/airflow/example_dags/example_trigger_target_dag.py for tasks to queue
[2024-12-07T03:35:29.871-0300] {logging_mixin.py:190} INFO - [2024-12-07T03:35:29.871-0300] {dagbag.py:588} INFO - Filling up the DagBag from /home/crisu/miniconda3/envs/lab13.1/lib/python3.9/site-packages/airflow/example_dags/example_trigger_target_dag.py
[2024-12-07T03:35:29.877-0300] {processor.py:925} INFO - DAG(s) 'example_trigger_target_dag' retrieved from /home/crisu/miniconda3/envs/lab13.1/lib/python3.9/site-packages/airflow/example_dags/example_trigger_target_dag.py
[2024-12-07T03:35:29.889-0300] {logging_mixin.py:190} INFO - [2024-12-07T03:35:29.889-0300] {dag.py:3239} INFO - Sync 1 DAGs
[2024-12-07T03:35:29.901-0300] {logging_mixin.py:190} INFO - [2024-12-07T03:35:29.900-0300] {dag.py:4180} INFO - Setting next_dagrun for example_trigger_target_dag to None, run_after=None
[2024-12-07T03:35:30.001-0300] {processor.py:208} INFO - Processing /home/crisu/miniconda3/envs/lab13.1/lib/python3.9/site-packages/airflow/example_dags/example_trigger_target_dag.py took 0.138 seconds
[2024-12-07T03:36:29.059-0300] {processor.py:186} INFO - Started process (PID=44831) to work on /home/crisu/miniconda3/envs/lab13.1/lib/python3.9/site-packages/airflow/example_dags/example_trigger_target_dag.py
[2024-12-07T03:36:30.063-0300] {processor.py:914} INFO - Processing file /home/crisu/miniconda3/envs/lab13.1/lib/python3.9/site-packages/airflow/example_dags/example_trigger_target_dag.py for tasks to queue
[2024-12-07T03:36:30.064-0300] {logging_mixin.py:190} INFO - [2024-12-07T03:36:30.064-0300] {dagbag.py:588} INFO - Filling up the DagBag from /home/crisu/miniconda3/envs/lab13.1/lib/python3.9/site-packages/airflow/example_dags/example_trigger_target_dag.py
[2024-12-07T03:36:30.076-0300] {processor.py:925} INFO - DAG(s) 'example_trigger_target_dag' retrieved from /home/crisu/miniconda3/envs/lab13.1/lib/python3.9/site-packages/airflow/example_dags/example_trigger_target_dag.py
[2024-12-07T03:36:30.099-0300] {logging_mixin.py:190} INFO - [2024-12-07T03:36:30.097-0300] {dag.py:3239} INFO - Sync 1 DAGs
[2024-12-07T03:36:30.120-0300] {logging_mixin.py:190} INFO - [2024-12-07T03:36:30.119-0300] {dag.py:4180} INFO - Setting next_dagrun for example_trigger_target_dag to None, run_after=None
[2024-12-07T03:36:31.529-0300] {processor.py:208} INFO - Processing /home/crisu/miniconda3/envs/lab13.1/lib/python3.9/site-packages/airflow/example_dags/example_trigger_target_dag.py took 2.475 seconds
[2024-12-07T03:37:34.548-0300] {processor.py:186} INFO - Started process (PID=44942) to work on /home/crisu/miniconda3/envs/lab13.1/lib/python3.9/site-packages/airflow/example_dags/example_trigger_target_dag.py
[2024-12-07T03:37:34.553-0300] {processor.py:914} INFO - Processing file /home/crisu/miniconda3/envs/lab13.1/lib/python3.9/site-packages/airflow/example_dags/example_trigger_target_dag.py for tasks to queue
[2024-12-07T03:37:34.554-0300] {logging_mixin.py:190} INFO - [2024-12-07T03:37:34.554-0300] {dagbag.py:588} INFO - Filling up the DagBag from /home/crisu/miniconda3/envs/lab13.1/lib/python3.9/site-packages/airflow/example_dags/example_trigger_target_dag.py
[2024-12-07T03:37:34.560-0300] {processor.py:925} INFO - DAG(s) 'example_trigger_target_dag' retrieved from /home/crisu/miniconda3/envs/lab13.1/lib/python3.9/site-packages/airflow/example_dags/example_trigger_target_dag.py
[2024-12-07T03:37:34.572-0300] {logging_mixin.py:190} INFO - [2024-12-07T03:37:34.572-0300] {dag.py:3239} INFO - Sync 1 DAGs
[2024-12-07T03:37:34.582-0300] {logging_mixin.py:190} INFO - [2024-12-07T03:37:34.582-0300] {dag.py:4180} INFO - Setting next_dagrun for example_trigger_target_dag to None, run_after=None
[2024-12-07T03:37:34.668-0300] {processor.py:208} INFO - Processing /home/crisu/miniconda3/envs/lab13.1/lib/python3.9/site-packages/airflow/example_dags/example_trigger_target_dag.py took 0.127 seconds
[2024-12-07T03:38:30.015-0300] {processor.py:186} INFO - Started process (PID=45030) to work on /home/crisu/miniconda3/envs/lab13.1/lib/python3.9/site-packages/airflow/example_dags/example_trigger_target_dag.py
[2024-12-07T03:38:30.026-0300] {processor.py:914} INFO - Processing file /home/crisu/miniconda3/envs/lab13.1/lib/python3.9/site-packages/airflow/example_dags/example_trigger_target_dag.py for tasks to queue
[2024-12-07T03:38:30.028-0300] {logging_mixin.py:190} INFO - [2024-12-07T03:38:30.027-0300] {dagbag.py:588} INFO - Filling up the DagBag from /home/crisu/miniconda3/envs/lab13.1/lib/python3.9/site-packages/airflow/example_dags/example_trigger_target_dag.py
[2024-12-07T03:38:30.033-0300] {processor.py:925} INFO - DAG(s) 'example_trigger_target_dag' retrieved from /home/crisu/miniconda3/envs/lab13.1/lib/python3.9/site-packages/airflow/example_dags/example_trigger_target_dag.py
[2024-12-07T03:38:30.046-0300] {logging_mixin.py:190} INFO - [2024-12-07T03:38:30.046-0300] {dag.py:3239} INFO - Sync 1 DAGs
[2024-12-07T03:38:30.056-0300] {logging_mixin.py:190} INFO - [2024-12-07T03:38:30.056-0300] {dag.py:4180} INFO - Setting next_dagrun for example_trigger_target_dag to None, run_after=None
[2024-12-07T03:38:30.113-0300] {processor.py:208} INFO - Processing /home/crisu/miniconda3/envs/lab13.1/lib/python3.9/site-packages/airflow/example_dags/example_trigger_target_dag.py took 0.105 seconds
[2024-12-07T03:39:47.392-0300] {processor.py:186} INFO - Started process (PID=45191) to work on /home/crisu/miniconda3/envs/lab13.1/lib/python3.9/site-packages/airflow/example_dags/example_trigger_target_dag.py
[2024-12-07T03:39:47.404-0300] {processor.py:914} INFO - Processing file /home/crisu/miniconda3/envs/lab13.1/lib/python3.9/site-packages/airflow/example_dags/example_trigger_target_dag.py for tasks to queue
[2024-12-07T03:39:47.406-0300] {logging_mixin.py:190} INFO - [2024-12-07T03:39:47.405-0300] {dagbag.py:588} INFO - Filling up the DagBag from /home/crisu/miniconda3/envs/lab13.1/lib/python3.9/site-packages/airflow/example_dags/example_trigger_target_dag.py
[2024-12-07T03:39:47.412-0300] {processor.py:925} INFO - DAG(s) 'example_trigger_target_dag' retrieved from /home/crisu/miniconda3/envs/lab13.1/lib/python3.9/site-packages/airflow/example_dags/example_trigger_target_dag.py
[2024-12-07T03:39:47.426-0300] {logging_mixin.py:190} INFO - [2024-12-07T03:39:47.426-0300] {dag.py:3239} INFO - Sync 1 DAGs
[2024-12-07T03:39:47.438-0300] {logging_mixin.py:190} INFO - [2024-12-07T03:39:47.438-0300] {dag.py:4180} INFO - Setting next_dagrun for example_trigger_target_dag to None, run_after=None
[2024-12-07T03:39:47.498-0300] {processor.py:208} INFO - Processing /home/crisu/miniconda3/envs/lab13.1/lib/python3.9/site-packages/airflow/example_dags/example_trigger_target_dag.py took 0.114 seconds
[2024-12-07T03:41:00.857-0300] {processor.py:186} INFO - Started process (PID=45334) to work on /home/crisu/miniconda3/envs/lab13.1/lib/python3.9/site-packages/airflow/example_dags/example_trigger_target_dag.py
[2024-12-07T03:41:00.858-0300] {processor.py:914} INFO - Processing file /home/crisu/miniconda3/envs/lab13.1/lib/python3.9/site-packages/airflow/example_dags/example_trigger_target_dag.py for tasks to queue
[2024-12-07T03:41:00.859-0300] {logging_mixin.py:190} INFO - [2024-12-07T03:41:00.859-0300] {dagbag.py:588} INFO - Filling up the DagBag from /home/crisu/miniconda3/envs/lab13.1/lib/python3.9/site-packages/airflow/example_dags/example_trigger_target_dag.py
[2024-12-07T03:41:00.865-0300] {processor.py:925} INFO - DAG(s) 'example_trigger_target_dag' retrieved from /home/crisu/miniconda3/envs/lab13.1/lib/python3.9/site-packages/airflow/example_dags/example_trigger_target_dag.py
[2024-12-07T03:41:00.879-0300] {logging_mixin.py:190} INFO - [2024-12-07T03:41:00.879-0300] {dag.py:3239} INFO - Sync 1 DAGs
[2024-12-07T03:41:00.891-0300] {logging_mixin.py:190} INFO - [2024-12-07T03:41:00.891-0300] {dag.py:4180} INFO - Setting next_dagrun for example_trigger_target_dag to None, run_after=None
[2024-12-07T03:41:00.950-0300] {processor.py:208} INFO - Processing /home/crisu/miniconda3/envs/lab13.1/lib/python3.9/site-packages/airflow/example_dags/example_trigger_target_dag.py took 0.099 seconds
[2024-12-07T03:43:52.436-0300] {processor.py:186} INFO - Started process (PID=45833) to work on /home/crisu/miniconda3/envs/lab13.1/lib/python3.9/site-packages/airflow/example_dags/example_trigger_target_dag.py
[2024-12-07T03:43:52.438-0300] {processor.py:914} INFO - Processing file /home/crisu/miniconda3/envs/lab13.1/lib/python3.9/site-packages/airflow/example_dags/example_trigger_target_dag.py for tasks to queue
[2024-12-07T03:43:52.440-0300] {logging_mixin.py:190} INFO - [2024-12-07T03:43:52.440-0300] {dagbag.py:588} INFO - Filling up the DagBag from /home/crisu/miniconda3/envs/lab13.1/lib/python3.9/site-packages/airflow/example_dags/example_trigger_target_dag.py
[2024-12-07T03:43:52.449-0300] {processor.py:925} INFO - DAG(s) 'example_trigger_target_dag' retrieved from /home/crisu/miniconda3/envs/lab13.1/lib/python3.9/site-packages/airflow/example_dags/example_trigger_target_dag.py
[2024-12-07T03:43:52.470-0300] {logging_mixin.py:190} INFO - [2024-12-07T03:43:52.470-0300] {dag.py:3239} INFO - Sync 1 DAGs
[2024-12-07T03:43:52.484-0300] {logging_mixin.py:190} INFO - [2024-12-07T03:43:52.484-0300] {dag.py:4180} INFO - Setting next_dagrun for example_trigger_target_dag to None, run_after=None
[2024-12-07T03:43:52.543-0300] {processor.py:208} INFO - Processing /home/crisu/miniconda3/envs/lab13.1/lib/python3.9/site-packages/airflow/example_dags/example_trigger_target_dag.py took 0.113 seconds
[2024-12-07T03:47:50.304-0300] {processor.py:186} INFO - Started process (PID=46611) to work on /home/crisu/miniconda3/envs/lab13.1/lib/python3.9/site-packages/airflow/example_dags/example_trigger_target_dag.py
[2024-12-07T03:47:50.319-0300] {processor.py:914} INFO - Processing file /home/crisu/miniconda3/envs/lab13.1/lib/python3.9/site-packages/airflow/example_dags/example_trigger_target_dag.py for tasks to queue
[2024-12-07T03:47:50.322-0300] {logging_mixin.py:190} INFO - [2024-12-07T03:47:50.321-0300] {dagbag.py:588} INFO - Filling up the DagBag from /home/crisu/miniconda3/envs/lab13.1/lib/python3.9/site-packages/airflow/example_dags/example_trigger_target_dag.py
[2024-12-07T03:47:50.329-0300] {processor.py:925} INFO - DAG(s) 'example_trigger_target_dag' retrieved from /home/crisu/miniconda3/envs/lab13.1/lib/python3.9/site-packages/airflow/example_dags/example_trigger_target_dag.py
[2024-12-07T03:47:50.342-0300] {logging_mixin.py:190} INFO - [2024-12-07T03:47:50.342-0300] {dag.py:3239} INFO - Sync 1 DAGs
[2024-12-07T03:47:50.354-0300] {logging_mixin.py:190} INFO - [2024-12-07T03:47:50.354-0300] {dag.py:4180} INFO - Setting next_dagrun for example_trigger_target_dag to None, run_after=None
[2024-12-07T03:47:52.089-0300] {processor.py:208} INFO - Processing /home/crisu/miniconda3/envs/lab13.1/lib/python3.9/site-packages/airflow/example_dags/example_trigger_target_dag.py took 1.791 seconds
[2024-12-07T03:49:53.919-0300] {processor.py:186} INFO - Started process (PID=46898) to work on /home/crisu/miniconda3/envs/lab13.1/lib/python3.9/site-packages/airflow/example_dags/example_trigger_target_dag.py
[2024-12-07T03:49:53.935-0300] {processor.py:914} INFO - Processing file /home/crisu/miniconda3/envs/lab13.1/lib/python3.9/site-packages/airflow/example_dags/example_trigger_target_dag.py for tasks to queue
[2024-12-07T03:49:53.937-0300] {logging_mixin.py:190} INFO - [2024-12-07T03:49:53.937-0300] {dagbag.py:588} INFO - Filling up the DagBag from /home/crisu/miniconda3/envs/lab13.1/lib/python3.9/site-packages/airflow/example_dags/example_trigger_target_dag.py
[2024-12-07T03:49:53.945-0300] {processor.py:925} INFO - DAG(s) 'example_trigger_target_dag' retrieved from /home/crisu/miniconda3/envs/lab13.1/lib/python3.9/site-packages/airflow/example_dags/example_trigger_target_dag.py
[2024-12-07T03:49:53.963-0300] {logging_mixin.py:190} INFO - [2024-12-07T03:49:53.962-0300] {dag.py:3239} INFO - Sync 1 DAGs
[2024-12-07T03:49:53.980-0300] {logging_mixin.py:190} INFO - [2024-12-07T03:49:53.980-0300] {dag.py:4180} INFO - Setting next_dagrun for example_trigger_target_dag to None, run_after=None
[2024-12-07T03:49:54.502-0300] {processor.py:208} INFO - Processing /home/crisu/miniconda3/envs/lab13.1/lib/python3.9/site-packages/airflow/example_dags/example_trigger_target_dag.py took 0.588 seconds
[2024-12-07T03:51:23.505-0300] {processor.py:186} INFO - Started process (PID=46992) to work on /home/crisu/miniconda3/envs/lab13.1/lib/python3.9/site-packages/airflow/example_dags/example_trigger_target_dag.py
[2024-12-07T03:51:23.518-0300] {processor.py:914} INFO - Processing file /home/crisu/miniconda3/envs/lab13.1/lib/python3.9/site-packages/airflow/example_dags/example_trigger_target_dag.py for tasks to queue
[2024-12-07T03:51:23.522-0300] {logging_mixin.py:190} INFO - [2024-12-07T03:51:23.521-0300] {dagbag.py:588} INFO - Filling up the DagBag from /home/crisu/miniconda3/envs/lab13.1/lib/python3.9/site-packages/airflow/example_dags/example_trigger_target_dag.py
[2024-12-07T03:51:23.531-0300] {processor.py:925} INFO - DAG(s) 'example_trigger_target_dag' retrieved from /home/crisu/miniconda3/envs/lab13.1/lib/python3.9/site-packages/airflow/example_dags/example_trigger_target_dag.py
[2024-12-07T03:51:23.544-0300] {logging_mixin.py:190} INFO - [2024-12-07T03:51:23.544-0300] {dag.py:3239} INFO - Sync 1 DAGs
[2024-12-07T03:51:23.557-0300] {logging_mixin.py:190} INFO - [2024-12-07T03:51:23.557-0300] {dag.py:4180} INFO - Setting next_dagrun for example_trigger_target_dag to None, run_after=None
[2024-12-07T03:51:23.709-0300] {processor.py:208} INFO - Processing /home/crisu/miniconda3/envs/lab13.1/lib/python3.9/site-packages/airflow/example_dags/example_trigger_target_dag.py took 0.211 seconds
[2024-12-07T03:52:44.789-0300] {processor.py:186} INFO - Started process (PID=47133) to work on /home/crisu/miniconda3/envs/lab13.1/lib/python3.9/site-packages/airflow/example_dags/example_trigger_target_dag.py
[2024-12-07T03:52:44.794-0300] {processor.py:914} INFO - Processing file /home/crisu/miniconda3/envs/lab13.1/lib/python3.9/site-packages/airflow/example_dags/example_trigger_target_dag.py for tasks to queue
[2024-12-07T03:52:44.796-0300] {logging_mixin.py:190} INFO - [2024-12-07T03:52:44.796-0300] {dagbag.py:588} INFO - Filling up the DagBag from /home/crisu/miniconda3/envs/lab13.1/lib/python3.9/site-packages/airflow/example_dags/example_trigger_target_dag.py
[2024-12-07T03:52:44.804-0300] {processor.py:925} INFO - DAG(s) 'example_trigger_target_dag' retrieved from /home/crisu/miniconda3/envs/lab13.1/lib/python3.9/site-packages/airflow/example_dags/example_trigger_target_dag.py
[2024-12-07T03:52:44.816-0300] {logging_mixin.py:190} INFO - [2024-12-07T03:52:44.816-0300] {dag.py:3239} INFO - Sync 1 DAGs
[2024-12-07T03:52:44.829-0300] {logging_mixin.py:190} INFO - [2024-12-07T03:52:44.828-0300] {dag.py:4180} INFO - Setting next_dagrun for example_trigger_target_dag to None, run_after=None
[2024-12-07T03:52:44.893-0300] {processor.py:208} INFO - Processing /home/crisu/miniconda3/envs/lab13.1/lib/python3.9/site-packages/airflow/example_dags/example_trigger_target_dag.py took 0.111 seconds
[2024-12-07T03:53:59.493-0300] {processor.py:186} INFO - Started process (PID=47276) to work on /home/crisu/miniconda3/envs/lab13.1/lib/python3.9/site-packages/airflow/example_dags/example_trigger_target_dag.py
[2024-12-07T03:53:59.532-0300] {processor.py:914} INFO - Processing file /home/crisu/miniconda3/envs/lab13.1/lib/python3.9/site-packages/airflow/example_dags/example_trigger_target_dag.py for tasks to queue
[2024-12-07T03:53:59.535-0300] {logging_mixin.py:190} INFO - [2024-12-07T03:53:59.534-0300] {dagbag.py:588} INFO - Filling up the DagBag from /home/crisu/miniconda3/envs/lab13.1/lib/python3.9/site-packages/airflow/example_dags/example_trigger_target_dag.py
[2024-12-07T03:53:59.541-0300] {processor.py:925} INFO - DAG(s) 'example_trigger_target_dag' retrieved from /home/crisu/miniconda3/envs/lab13.1/lib/python3.9/site-packages/airflow/example_dags/example_trigger_target_dag.py
[2024-12-07T03:53:59.553-0300] {logging_mixin.py:190} INFO - [2024-12-07T03:53:59.553-0300] {dag.py:3239} INFO - Sync 1 DAGs
[2024-12-07T03:53:59.564-0300] {logging_mixin.py:190} INFO - [2024-12-07T03:53:59.563-0300] {dag.py:4180} INFO - Setting next_dagrun for example_trigger_target_dag to None, run_after=None
[2024-12-07T03:54:00.302-0300] {processor.py:208} INFO - Processing /home/crisu/miniconda3/envs/lab13.1/lib/python3.9/site-packages/airflow/example_dags/example_trigger_target_dag.py took 0.816 seconds
[2024-12-07T03:55:00.981-0300] {processor.py:186} INFO - Started process (PID=47388) to work on /home/crisu/miniconda3/envs/lab13.1/lib/python3.9/site-packages/airflow/example_dags/example_trigger_target_dag.py
[2024-12-07T03:55:00.989-0300] {processor.py:914} INFO - Processing file /home/crisu/miniconda3/envs/lab13.1/lib/python3.9/site-packages/airflow/example_dags/example_trigger_target_dag.py for tasks to queue
[2024-12-07T03:55:00.992-0300] {logging_mixin.py:190} INFO - [2024-12-07T03:55:00.992-0300] {dagbag.py:588} INFO - Filling up the DagBag from /home/crisu/miniconda3/envs/lab13.1/lib/python3.9/site-packages/airflow/example_dags/example_trigger_target_dag.py
[2024-12-07T03:55:01.000-0300] {processor.py:925} INFO - DAG(s) 'example_trigger_target_dag' retrieved from /home/crisu/miniconda3/envs/lab13.1/lib/python3.9/site-packages/airflow/example_dags/example_trigger_target_dag.py
[2024-12-07T03:55:01.012-0300] {logging_mixin.py:190} INFO - [2024-12-07T03:55:01.012-0300] {dag.py:3239} INFO - Sync 1 DAGs
[2024-12-07T03:55:01.025-0300] {logging_mixin.py:190} INFO - [2024-12-07T03:55:01.025-0300] {dag.py:4180} INFO - Setting next_dagrun for example_trigger_target_dag to None, run_after=None
[2024-12-07T03:55:01.082-0300] {processor.py:208} INFO - Processing /home/crisu/miniconda3/envs/lab13.1/lib/python3.9/site-packages/airflow/example_dags/example_trigger_target_dag.py took 0.106 seconds
[2024-12-07T03:56:08.255-0300] {processor.py:186} INFO - Started process (PID=47542) to work on /home/crisu/miniconda3/envs/lab13.1/lib/python3.9/site-packages/airflow/example_dags/example_trigger_target_dag.py
[2024-12-07T03:56:08.372-0300] {processor.py:914} INFO - Processing file /home/crisu/miniconda3/envs/lab13.1/lib/python3.9/site-packages/airflow/example_dags/example_trigger_target_dag.py for tasks to queue
[2024-12-07T03:56:08.375-0300] {logging_mixin.py:190} INFO - [2024-12-07T03:56:08.374-0300] {dagbag.py:588} INFO - Filling up the DagBag from /home/crisu/miniconda3/envs/lab13.1/lib/python3.9/site-packages/airflow/example_dags/example_trigger_target_dag.py
[2024-12-07T03:56:08.382-0300] {processor.py:925} INFO - DAG(s) 'example_trigger_target_dag' retrieved from /home/crisu/miniconda3/envs/lab13.1/lib/python3.9/site-packages/airflow/example_dags/example_trigger_target_dag.py
[2024-12-07T03:56:08.395-0300] {logging_mixin.py:190} INFO - [2024-12-07T03:56:08.394-0300] {dag.py:3239} INFO - Sync 1 DAGs
[2024-12-07T03:56:08.406-0300] {logging_mixin.py:190} INFO - [2024-12-07T03:56:08.406-0300] {dag.py:4180} INFO - Setting next_dagrun for example_trigger_target_dag to None, run_after=None
[2024-12-07T03:56:08.483-0300] {processor.py:208} INFO - Processing /home/crisu/miniconda3/envs/lab13.1/lib/python3.9/site-packages/airflow/example_dags/example_trigger_target_dag.py took 0.234 seconds
[2024-12-07T03:57:00.479-0300] {processor.py:186} INFO - Started process (PID=47642) to work on /home/crisu/miniconda3/envs/lab13.1/lib/python3.9/site-packages/airflow/example_dags/example_trigger_target_dag.py
[2024-12-07T03:57:00.490-0300] {processor.py:914} INFO - Processing file /home/crisu/miniconda3/envs/lab13.1/lib/python3.9/site-packages/airflow/example_dags/example_trigger_target_dag.py for tasks to queue
[2024-12-07T03:57:00.493-0300] {logging_mixin.py:190} INFO - [2024-12-07T03:57:00.493-0300] {dagbag.py:588} INFO - Filling up the DagBag from /home/crisu/miniconda3/envs/lab13.1/lib/python3.9/site-packages/airflow/example_dags/example_trigger_target_dag.py
[2024-12-07T03:57:00.501-0300] {processor.py:925} INFO - DAG(s) 'example_trigger_target_dag' retrieved from /home/crisu/miniconda3/envs/lab13.1/lib/python3.9/site-packages/airflow/example_dags/example_trigger_target_dag.py
[2024-12-07T03:57:00.514-0300] {logging_mixin.py:190} INFO - [2024-12-07T03:57:00.514-0300] {dag.py:3239} INFO - Sync 1 DAGs
[2024-12-07T03:57:00.526-0300] {logging_mixin.py:190} INFO - [2024-12-07T03:57:00.526-0300] {dag.py:4180} INFO - Setting next_dagrun for example_trigger_target_dag to None, run_after=None
[2024-12-07T03:57:00.584-0300] {processor.py:208} INFO - Processing /home/crisu/miniconda3/envs/lab13.1/lib/python3.9/site-packages/airflow/example_dags/example_trigger_target_dag.py took 0.112 seconds
[2024-12-07T03:58:18.088-0300] {processor.py:186} INFO - Started process (PID=47787) to work on /home/crisu/miniconda3/envs/lab13.1/lib/python3.9/site-packages/airflow/example_dags/example_trigger_target_dag.py
[2024-12-07T03:58:18.096-0300] {processor.py:914} INFO - Processing file /home/crisu/miniconda3/envs/lab13.1/lib/python3.9/site-packages/airflow/example_dags/example_trigger_target_dag.py for tasks to queue
[2024-12-07T03:58:18.098-0300] {logging_mixin.py:190} INFO - [2024-12-07T03:58:18.098-0300] {dagbag.py:588} INFO - Filling up the DagBag from /home/crisu/miniconda3/envs/lab13.1/lib/python3.9/site-packages/airflow/example_dags/example_trigger_target_dag.py
[2024-12-07T03:58:18.105-0300] {processor.py:925} INFO - DAG(s) 'example_trigger_target_dag' retrieved from /home/crisu/miniconda3/envs/lab13.1/lib/python3.9/site-packages/airflow/example_dags/example_trigger_target_dag.py
[2024-12-07T03:58:18.117-0300] {logging_mixin.py:190} INFO - [2024-12-07T03:58:18.117-0300] {dag.py:3239} INFO - Sync 1 DAGs
[2024-12-07T03:58:18.128-0300] {logging_mixin.py:190} INFO - [2024-12-07T03:58:18.127-0300] {dag.py:4180} INFO - Setting next_dagrun for example_trigger_target_dag to None, run_after=None
[2024-12-07T03:58:18.189-0300] {processor.py:208} INFO - Processing /home/crisu/miniconda3/envs/lab13.1/lib/python3.9/site-packages/airflow/example_dags/example_trigger_target_dag.py took 0.106 seconds
[2024-12-07T04:00:12.945-0300] {processor.py:186} INFO - Started process (PID=48037) to work on /home/crisu/miniconda3/envs/lab13.1/lib/python3.9/site-packages/airflow/example_dags/example_trigger_target_dag.py
[2024-12-07T04:00:12.954-0300] {processor.py:914} INFO - Processing file /home/crisu/miniconda3/envs/lab13.1/lib/python3.9/site-packages/airflow/example_dags/example_trigger_target_dag.py for tasks to queue
[2024-12-07T04:00:12.956-0300] {logging_mixin.py:190} INFO - [2024-12-07T04:00:12.956-0300] {dagbag.py:588} INFO - Filling up the DagBag from /home/crisu/miniconda3/envs/lab13.1/lib/python3.9/site-packages/airflow/example_dags/example_trigger_target_dag.py
[2024-12-07T04:00:12.963-0300] {processor.py:925} INFO - DAG(s) 'example_trigger_target_dag' retrieved from /home/crisu/miniconda3/envs/lab13.1/lib/python3.9/site-packages/airflow/example_dags/example_trigger_target_dag.py
[2024-12-07T04:00:12.977-0300] {logging_mixin.py:190} INFO - [2024-12-07T04:00:12.977-0300] {dag.py:3239} INFO - Sync 1 DAGs
[2024-12-07T04:00:12.988-0300] {logging_mixin.py:190} INFO - [2024-12-07T04:00:12.988-0300] {dag.py:4180} INFO - Setting next_dagrun for example_trigger_target_dag to None, run_after=None
[2024-12-07T04:00:13.044-0300] {processor.py:208} INFO - Processing /home/crisu/miniconda3/envs/lab13.1/lib/python3.9/site-packages/airflow/example_dags/example_trigger_target_dag.py took 0.104 seconds
[2024-12-07T04:01:27.839-0300] {processor.py:186} INFO - Started process (PID=48185) to work on /home/crisu/miniconda3/envs/lab13.1/lib/python3.9/site-packages/airflow/example_dags/example_trigger_target_dag.py
[2024-12-07T04:01:27.847-0300] {processor.py:914} INFO - Processing file /home/crisu/miniconda3/envs/lab13.1/lib/python3.9/site-packages/airflow/example_dags/example_trigger_target_dag.py for tasks to queue
[2024-12-07T04:01:27.850-0300] {logging_mixin.py:190} INFO - [2024-12-07T04:01:27.849-0300] {dagbag.py:588} INFO - Filling up the DagBag from /home/crisu/miniconda3/envs/lab13.1/lib/python3.9/site-packages/airflow/example_dags/example_trigger_target_dag.py
[2024-12-07T04:01:27.859-0300] {processor.py:925} INFO - DAG(s) 'example_trigger_target_dag' retrieved from /home/crisu/miniconda3/envs/lab13.1/lib/python3.9/site-packages/airflow/example_dags/example_trigger_target_dag.py
[2024-12-07T04:01:27.878-0300] {logging_mixin.py:190} INFO - [2024-12-07T04:01:27.877-0300] {dag.py:3239} INFO - Sync 1 DAGs
[2024-12-07T04:01:27.892-0300] {logging_mixin.py:190} INFO - [2024-12-07T04:01:27.891-0300] {dag.py:4180} INFO - Setting next_dagrun for example_trigger_target_dag to None, run_after=None
[2024-12-07T04:01:27.950-0300] {processor.py:208} INFO - Processing /home/crisu/miniconda3/envs/lab13.1/lib/python3.9/site-packages/airflow/example_dags/example_trigger_target_dag.py took 0.117 seconds
[2024-12-07T04:07:05.264-0300] {processor.py:186} INFO - Started process (PID=49113) to work on /home/crisu/miniconda3/envs/lab13.1/lib/python3.9/site-packages/airflow/example_dags/example_trigger_target_dag.py
[2024-12-07T04:07:05.268-0300] {processor.py:914} INFO - Processing file /home/crisu/miniconda3/envs/lab13.1/lib/python3.9/site-packages/airflow/example_dags/example_trigger_target_dag.py for tasks to queue
[2024-12-07T04:07:05.269-0300] {logging_mixin.py:190} INFO - [2024-12-07T04:07:05.269-0300] {dagbag.py:588} INFO - Filling up the DagBag from /home/crisu/miniconda3/envs/lab13.1/lib/python3.9/site-packages/airflow/example_dags/example_trigger_target_dag.py
[2024-12-07T04:07:05.279-0300] {processor.py:925} INFO - DAG(s) 'example_trigger_target_dag' retrieved from /home/crisu/miniconda3/envs/lab13.1/lib/python3.9/site-packages/airflow/example_dags/example_trigger_target_dag.py
[2024-12-07T04:07:05.306-0300] {logging_mixin.py:190} INFO - [2024-12-07T04:07:05.306-0300] {dag.py:3239} INFO - Sync 1 DAGs
[2024-12-07T04:07:05.324-0300] {logging_mixin.py:190} INFO - [2024-12-07T04:07:05.323-0300] {dag.py:4180} INFO - Setting next_dagrun for example_trigger_target_dag to None, run_after=None
[2024-12-07T04:07:06.521-0300] {processor.py:208} INFO - Processing /home/crisu/miniconda3/envs/lab13.1/lib/python3.9/site-packages/airflow/example_dags/example_trigger_target_dag.py took 1.264 seconds
[2024-12-07T04:08:38.418-0300] {processor.py:186} INFO - Started process (PID=49345) to work on /home/crisu/miniconda3/envs/lab13.1/lib/python3.9/site-packages/airflow/example_dags/example_trigger_target_dag.py
[2024-12-07T04:08:38.466-0300] {processor.py:914} INFO - Processing file /home/crisu/miniconda3/envs/lab13.1/lib/python3.9/site-packages/airflow/example_dags/example_trigger_target_dag.py for tasks to queue
[2024-12-07T04:08:38.468-0300] {logging_mixin.py:190} INFO - [2024-12-07T04:08:38.467-0300] {dagbag.py:588} INFO - Filling up the DagBag from /home/crisu/miniconda3/envs/lab13.1/lib/python3.9/site-packages/airflow/example_dags/example_trigger_target_dag.py
[2024-12-07T04:08:38.473-0300] {processor.py:925} INFO - DAG(s) 'example_trigger_target_dag' retrieved from /home/crisu/miniconda3/envs/lab13.1/lib/python3.9/site-packages/airflow/example_dags/example_trigger_target_dag.py
[2024-12-07T04:08:38.486-0300] {logging_mixin.py:190} INFO - [2024-12-07T04:08:38.486-0300] {dag.py:3239} INFO - Sync 1 DAGs
[2024-12-07T04:08:38.496-0300] {logging_mixin.py:190} INFO - [2024-12-07T04:08:38.496-0300] {dag.py:4180} INFO - Setting next_dagrun for example_trigger_target_dag to None, run_after=None
[2024-12-07T04:08:39.107-0300] {processor.py:208} INFO - Processing /home/crisu/miniconda3/envs/lab13.1/lib/python3.9/site-packages/airflow/example_dags/example_trigger_target_dag.py took 0.695 seconds
[2024-12-07T04:09:41.243-0300] {processor.py:186} INFO - Started process (PID=49450) to work on /home/crisu/miniconda3/envs/lab13.1/lib/python3.9/site-packages/airflow/example_dags/example_trigger_target_dag.py
[2024-12-07T04:09:41.248-0300] {processor.py:914} INFO - Processing file /home/crisu/miniconda3/envs/lab13.1/lib/python3.9/site-packages/airflow/example_dags/example_trigger_target_dag.py for tasks to queue
[2024-12-07T04:09:41.249-0300] {logging_mixin.py:190} INFO - [2024-12-07T04:09:41.249-0300] {dagbag.py:588} INFO - Filling up the DagBag from /home/crisu/miniconda3/envs/lab13.1/lib/python3.9/site-packages/airflow/example_dags/example_trigger_target_dag.py
[2024-12-07T04:09:41.255-0300] {processor.py:925} INFO - DAG(s) 'example_trigger_target_dag' retrieved from /home/crisu/miniconda3/envs/lab13.1/lib/python3.9/site-packages/airflow/example_dags/example_trigger_target_dag.py
[2024-12-07T04:09:41.268-0300] {logging_mixin.py:190} INFO - [2024-12-07T04:09:41.267-0300] {dag.py:3239} INFO - Sync 1 DAGs
[2024-12-07T04:09:41.278-0300] {logging_mixin.py:190} INFO - [2024-12-07T04:09:41.278-0300] {dag.py:4180} INFO - Setting next_dagrun for example_trigger_target_dag to None, run_after=None
[2024-12-07T04:09:41.358-0300] {processor.py:208} INFO - Processing /home/crisu/miniconda3/envs/lab13.1/lib/python3.9/site-packages/airflow/example_dags/example_trigger_target_dag.py took 0.121 seconds
[2024-12-07T04:10:44.026-0300] {processor.py:186} INFO - Started process (PID=49524) to work on /home/crisu/miniconda3/envs/lab13.1/lib/python3.9/site-packages/airflow/example_dags/example_trigger_target_dag.py
[2024-12-07T04:10:44.028-0300] {processor.py:914} INFO - Processing file /home/crisu/miniconda3/envs/lab13.1/lib/python3.9/site-packages/airflow/example_dags/example_trigger_target_dag.py for tasks to queue
[2024-12-07T04:10:44.029-0300] {logging_mixin.py:190} INFO - [2024-12-07T04:10:44.029-0300] {dagbag.py:588} INFO - Filling up the DagBag from /home/crisu/miniconda3/envs/lab13.1/lib/python3.9/site-packages/airflow/example_dags/example_trigger_target_dag.py
[2024-12-07T04:10:44.037-0300] {processor.py:925} INFO - DAG(s) 'example_trigger_target_dag' retrieved from /home/crisu/miniconda3/envs/lab13.1/lib/python3.9/site-packages/airflow/example_dags/example_trigger_target_dag.py
[2024-12-07T04:10:44.056-0300] {logging_mixin.py:190} INFO - [2024-12-07T04:10:44.055-0300] {dag.py:3239} INFO - Sync 1 DAGs
[2024-12-07T04:10:44.071-0300] {logging_mixin.py:190} INFO - [2024-12-07T04:10:44.071-0300] {dag.py:4180} INFO - Setting next_dagrun for example_trigger_target_dag to None, run_after=None
[2024-12-07T04:10:45.165-0300] {processor.py:208} INFO - Processing /home/crisu/miniconda3/envs/lab13.1/lib/python3.9/site-packages/airflow/example_dags/example_trigger_target_dag.py took 1.146 seconds
[2024-12-07T04:11:44.112-0300] {processor.py:186} INFO - Started process (PID=49621) to work on /home/crisu/miniconda3/envs/lab13.1/lib/python3.9/site-packages/airflow/example_dags/example_trigger_target_dag.py
[2024-12-07T04:11:44.117-0300] {processor.py:914} INFO - Processing file /home/crisu/miniconda3/envs/lab13.1/lib/python3.9/site-packages/airflow/example_dags/example_trigger_target_dag.py for tasks to queue
[2024-12-07T04:11:44.118-0300] {logging_mixin.py:190} INFO - [2024-12-07T04:11:44.118-0300] {dagbag.py:588} INFO - Filling up the DagBag from /home/crisu/miniconda3/envs/lab13.1/lib/python3.9/site-packages/airflow/example_dags/example_trigger_target_dag.py
[2024-12-07T04:11:44.124-0300] {processor.py:925} INFO - DAG(s) 'example_trigger_target_dag' retrieved from /home/crisu/miniconda3/envs/lab13.1/lib/python3.9/site-packages/airflow/example_dags/example_trigger_target_dag.py
[2024-12-07T04:11:44.137-0300] {logging_mixin.py:190} INFO - [2024-12-07T04:11:44.136-0300] {dag.py:3239} INFO - Sync 1 DAGs
[2024-12-07T04:11:44.148-0300] {logging_mixin.py:190} INFO - [2024-12-07T04:11:44.148-0300] {dag.py:4180} INFO - Setting next_dagrun for example_trigger_target_dag to None, run_after=None
[2024-12-07T04:11:44.211-0300] {processor.py:208} INFO - Processing /home/crisu/miniconda3/envs/lab13.1/lib/python3.9/site-packages/airflow/example_dags/example_trigger_target_dag.py took 0.105 seconds
[2024-12-07T04:12:35.188-0300] {processor.py:186} INFO - Started process (PID=49709) to work on /home/crisu/miniconda3/envs/lab13.1/lib/python3.9/site-packages/airflow/example_dags/example_trigger_target_dag.py
[2024-12-07T04:12:35.198-0300] {processor.py:914} INFO - Processing file /home/crisu/miniconda3/envs/lab13.1/lib/python3.9/site-packages/airflow/example_dags/example_trigger_target_dag.py for tasks to queue
[2024-12-07T04:12:35.199-0300] {logging_mixin.py:190} INFO - [2024-12-07T04:12:35.199-0300] {dagbag.py:588} INFO - Filling up the DagBag from /home/crisu/miniconda3/envs/lab13.1/lib/python3.9/site-packages/airflow/example_dags/example_trigger_target_dag.py
[2024-12-07T04:12:35.204-0300] {processor.py:925} INFO - DAG(s) 'example_trigger_target_dag' retrieved from /home/crisu/miniconda3/envs/lab13.1/lib/python3.9/site-packages/airflow/example_dags/example_trigger_target_dag.py
[2024-12-07T04:12:35.218-0300] {logging_mixin.py:190} INFO - [2024-12-07T04:12:35.217-0300] {dag.py:3239} INFO - Sync 1 DAGs
[2024-12-07T04:12:35.228-0300] {logging_mixin.py:190} INFO - [2024-12-07T04:12:35.228-0300] {dag.py:4180} INFO - Setting next_dagrun for example_trigger_target_dag to None, run_after=None
[2024-12-07T04:12:35.291-0300] {processor.py:208} INFO - Processing /home/crisu/miniconda3/envs/lab13.1/lib/python3.9/site-packages/airflow/example_dags/example_trigger_target_dag.py took 0.108 seconds
[2024-12-07T04:13:51.133-0300] {processor.py:186} INFO - Started process (PID=49863) to work on /home/crisu/miniconda3/envs/lab13.1/lib/python3.9/site-packages/airflow/example_dags/example_trigger_target_dag.py
[2024-12-07T04:13:51.150-0300] {processor.py:914} INFO - Processing file /home/crisu/miniconda3/envs/lab13.1/lib/python3.9/site-packages/airflow/example_dags/example_trigger_target_dag.py for tasks to queue
[2024-12-07T04:13:51.152-0300] {logging_mixin.py:190} INFO - [2024-12-07T04:13:51.151-0300] {dagbag.py:588} INFO - Filling up the DagBag from /home/crisu/miniconda3/envs/lab13.1/lib/python3.9/site-packages/airflow/example_dags/example_trigger_target_dag.py
[2024-12-07T04:13:51.157-0300] {processor.py:925} INFO - DAG(s) 'example_trigger_target_dag' retrieved from /home/crisu/miniconda3/envs/lab13.1/lib/python3.9/site-packages/airflow/example_dags/example_trigger_target_dag.py
[2024-12-07T04:13:51.170-0300] {logging_mixin.py:190} INFO - [2024-12-07T04:13:51.170-0300] {dag.py:3239} INFO - Sync 1 DAGs
[2024-12-07T04:13:51.181-0300] {logging_mixin.py:190} INFO - [2024-12-07T04:13:51.181-0300] {dag.py:4180} INFO - Setting next_dagrun for example_trigger_target_dag to None, run_after=None
[2024-12-07T04:13:51.243-0300] {processor.py:208} INFO - Processing /home/crisu/miniconda3/envs/lab13.1/lib/python3.9/site-packages/airflow/example_dags/example_trigger_target_dag.py took 0.117 seconds
[2024-12-07T04:15:09.644-0300] {processor.py:186} INFO - Started process (PID=49994) to work on /home/crisu/miniconda3/envs/lab13.1/lib/python3.9/site-packages/airflow/example_dags/example_trigger_target_dag.py
[2024-12-07T04:15:09.654-0300] {processor.py:914} INFO - Processing file /home/crisu/miniconda3/envs/lab13.1/lib/python3.9/site-packages/airflow/example_dags/example_trigger_target_dag.py for tasks to queue
[2024-12-07T04:15:09.655-0300] {logging_mixin.py:190} INFO - [2024-12-07T04:15:09.654-0300] {dagbag.py:588} INFO - Filling up the DagBag from /home/crisu/miniconda3/envs/lab13.1/lib/python3.9/site-packages/airflow/example_dags/example_trigger_target_dag.py
[2024-12-07T04:15:09.660-0300] {processor.py:925} INFO - DAG(s) 'example_trigger_target_dag' retrieved from /home/crisu/miniconda3/envs/lab13.1/lib/python3.9/site-packages/airflow/example_dags/example_trigger_target_dag.py
[2024-12-07T04:15:09.673-0300] {logging_mixin.py:190} INFO - [2024-12-07T04:15:09.673-0300] {dag.py:3239} INFO - Sync 1 DAGs
[2024-12-07T04:15:09.683-0300] {logging_mixin.py:190} INFO - [2024-12-07T04:15:09.683-0300] {dag.py:4180} INFO - Setting next_dagrun for example_trigger_target_dag to None, run_after=None
[2024-12-07T04:15:09.747-0300] {processor.py:208} INFO - Processing /home/crisu/miniconda3/envs/lab13.1/lib/python3.9/site-packages/airflow/example_dags/example_trigger_target_dag.py took 0.109 seconds
