[2024-12-07T01:53:38.150-0300] {processor.py:186} INFO - Started process (PID=34052) to work on /home/crisu/miniconda3/envs/lab13.1/lib/python3.9/site-packages/airflow/example_dags/example_params_trigger_ui.py
[2024-12-07T01:53:38.151-0300] {processor.py:914} INFO - Processing file /home/crisu/miniconda3/envs/lab13.1/lib/python3.9/site-packages/airflow/example_dags/example_params_trigger_ui.py for tasks to queue
[2024-12-07T01:53:38.154-0300] {logging_mixin.py:190} INFO - [2024-12-07T01:53:38.153-0300] {dagbag.py:588} INFO - Filling up the DagBag from /home/crisu/miniconda3/envs/lab13.1/lib/python3.9/site-packages/airflow/example_dags/example_params_trigger_ui.py
[2024-12-07T01:53:38.166-0300] {processor.py:925} INFO - DAG(s) 'example_params_trigger_ui' retrieved from /home/crisu/miniconda3/envs/lab13.1/lib/python3.9/site-packages/airflow/example_dags/example_params_trigger_ui.py
[2024-12-07T01:53:39.706-0300] {logging_mixin.py:190} INFO - [2024-12-07T01:53:39.705-0300] {override.py:1911} INFO - Created Permission View: can delete on DAG:example_params_trigger_ui
[2024-12-07T01:53:40.367-0300] {logging_mixin.py:190} INFO - [2024-12-07T01:53:40.366-0300] {override.py:1911} INFO - Created Permission View: can edit on DAG:example_params_trigger_ui
[2024-12-07T01:53:41.466-0300] {logging_mixin.py:190} INFO - [2024-12-07T01:53:41.465-0300] {override.py:1911} INFO - Created Permission View: can read on DAG:example_params_trigger_ui
[2024-12-07T01:53:43.570-0300] {logging_mixin.py:190} INFO - [2024-12-07T01:53:43.570-0300] {override.py:1911} INFO - Created Permission View: menu access on DAG Run:example_params_trigger_ui
[2024-12-07T01:53:44.710-0300] {logging_mixin.py:190} INFO - [2024-12-07T01:53:44.710-0300] {override.py:1911} INFO - Created Permission View: can delete on DAG Run:example_params_trigger_ui
[2024-12-07T01:53:46.139-0300] {logging_mixin.py:190} INFO - [2024-12-07T01:53:46.139-0300] {override.py:1911} INFO - Created Permission View: can read on DAG Run:example_params_trigger_ui
[2024-12-07T01:53:47.902-0300] {logging_mixin.py:190} INFO - [2024-12-07T01:53:47.901-0300] {override.py:1911} INFO - Created Permission View: can create on DAG Run:example_params_trigger_ui
[2024-12-07T01:53:47.902-0300] {logging_mixin.py:190} INFO - [2024-12-07T01:53:47.902-0300] {dag.py:3239} INFO - Sync 1 DAGs
[2024-12-07T01:53:47.912-0300] {logging_mixin.py:190} INFO - [2024-12-07T01:53:47.912-0300] {dag.py:3262} INFO - Creating ORM DAG for example_params_trigger_ui
[2024-12-07T01:53:47.913-0300] {logging_mixin.py:190} INFO - [2024-12-07T01:53:47.913-0300] {dag.py:4180} INFO - Setting next_dagrun for example_params_trigger_ui to None, run_after=None
[2024-12-07T01:53:49.782-0300] {processor.py:208} INFO - Processing /home/crisu/miniconda3/envs/lab13.1/lib/python3.9/site-packages/airflow/example_dags/example_params_trigger_ui.py took 11.638 seconds
[2024-12-07T02:08:00.483-0300] {processor.py:186} INFO - Started process (PID=35438) to work on /home/crisu/miniconda3/envs/lab13.1/lib/python3.9/site-packages/airflow/example_dags/example_params_trigger_ui.py
[2024-12-07T02:08:01.089-0300] {processor.py:914} INFO - Processing file /home/crisu/miniconda3/envs/lab13.1/lib/python3.9/site-packages/airflow/example_dags/example_params_trigger_ui.py for tasks to queue
[2024-12-07T02:08:01.091-0300] {logging_mixin.py:190} INFO - [2024-12-07T02:08:01.090-0300] {dagbag.py:588} INFO - Filling up the DagBag from /home/crisu/miniconda3/envs/lab13.1/lib/python3.9/site-packages/airflow/example_dags/example_params_trigger_ui.py
[2024-12-07T02:08:01.102-0300] {processor.py:925} INFO - DAG(s) 'example_params_trigger_ui' retrieved from /home/crisu/miniconda3/envs/lab13.1/lib/python3.9/site-packages/airflow/example_dags/example_params_trigger_ui.py
[2024-12-07T02:08:01.161-0300] {logging_mixin.py:190} INFO - [2024-12-07T02:08:01.161-0300] {dag.py:3239} INFO - Sync 1 DAGs
[2024-12-07T02:08:01.173-0300] {logging_mixin.py:190} INFO - [2024-12-07T02:08:01.173-0300] {dag.py:4180} INFO - Setting next_dagrun for example_params_trigger_ui to None, run_after=None
[2024-12-07T02:08:02.371-0300] {processor.py:208} INFO - Processing /home/crisu/miniconda3/envs/lab13.1/lib/python3.9/site-packages/airflow/example_dags/example_params_trigger_ui.py took 1.893 seconds
[2024-12-07T02:11:55.376-0300] {processor.py:186} INFO - Started process (PID=35929) to work on /home/crisu/miniconda3/envs/lab13.1/lib/python3.9/site-packages/airflow/example_dags/example_params_trigger_ui.py
[2024-12-07T02:11:55.386-0300] {processor.py:914} INFO - Processing file /home/crisu/miniconda3/envs/lab13.1/lib/python3.9/site-packages/airflow/example_dags/example_params_trigger_ui.py for tasks to queue
[2024-12-07T02:11:55.389-0300] {logging_mixin.py:190} INFO - [2024-12-07T02:11:55.389-0300] {dagbag.py:588} INFO - Filling up the DagBag from /home/crisu/miniconda3/envs/lab13.1/lib/python3.9/site-packages/airflow/example_dags/example_params_trigger_ui.py
[2024-12-07T02:11:55.400-0300] {processor.py:925} INFO - DAG(s) 'example_params_trigger_ui' retrieved from /home/crisu/miniconda3/envs/lab13.1/lib/python3.9/site-packages/airflow/example_dags/example_params_trigger_ui.py
[2024-12-07T02:11:55.449-0300] {logging_mixin.py:190} INFO - [2024-12-07T02:11:55.449-0300] {dag.py:3239} INFO - Sync 1 DAGs
[2024-12-07T02:11:55.466-0300] {logging_mixin.py:190} INFO - [2024-12-07T02:11:55.466-0300] {dag.py:4180} INFO - Setting next_dagrun for example_params_trigger_ui to None, run_after=None
[2024-12-07T02:11:55.531-0300] {processor.py:208} INFO - Processing /home/crisu/miniconda3/envs/lab13.1/lib/python3.9/site-packages/airflow/example_dags/example_params_trigger_ui.py took 0.166 seconds
[2024-12-07T02:14:04.128-0300] {processor.py:186} INFO - Started process (PID=36201) to work on /home/crisu/miniconda3/envs/lab13.1/lib/python3.9/site-packages/airflow/example_dags/example_params_trigger_ui.py
[2024-12-07T02:14:04.142-0300] {processor.py:914} INFO - Processing file /home/crisu/miniconda3/envs/lab13.1/lib/python3.9/site-packages/airflow/example_dags/example_params_trigger_ui.py for tasks to queue
[2024-12-07T02:14:04.144-0300] {logging_mixin.py:190} INFO - [2024-12-07T02:14:04.143-0300] {dagbag.py:588} INFO - Filling up the DagBag from /home/crisu/miniconda3/envs/lab13.1/lib/python3.9/site-packages/airflow/example_dags/example_params_trigger_ui.py
[2024-12-07T02:14:04.153-0300] {processor.py:925} INFO - DAG(s) 'example_params_trigger_ui' retrieved from /home/crisu/miniconda3/envs/lab13.1/lib/python3.9/site-packages/airflow/example_dags/example_params_trigger_ui.py
[2024-12-07T02:14:04.197-0300] {logging_mixin.py:190} INFO - [2024-12-07T02:14:04.197-0300] {dag.py:3239} INFO - Sync 1 DAGs
[2024-12-07T02:14:04.209-0300] {logging_mixin.py:190} INFO - [2024-12-07T02:14:04.209-0300] {dag.py:4180} INFO - Setting next_dagrun for example_params_trigger_ui to None, run_after=None
[2024-12-07T02:14:04.293-0300] {processor.py:208} INFO - Processing /home/crisu/miniconda3/envs/lab13.1/lib/python3.9/site-packages/airflow/example_dags/example_params_trigger_ui.py took 0.172 seconds
[2024-12-07T02:16:18.244-0300] {processor.py:186} INFO - Started process (PID=36463) to work on /home/crisu/miniconda3/envs/lab13.1/lib/python3.9/site-packages/airflow/example_dags/example_params_trigger_ui.py
[2024-12-07T02:16:18.252-0300] {processor.py:914} INFO - Processing file /home/crisu/miniconda3/envs/lab13.1/lib/python3.9/site-packages/airflow/example_dags/example_params_trigger_ui.py for tasks to queue
[2024-12-07T02:16:18.254-0300] {logging_mixin.py:190} INFO - [2024-12-07T02:16:18.254-0300] {dagbag.py:588} INFO - Filling up the DagBag from /home/crisu/miniconda3/envs/lab13.1/lib/python3.9/site-packages/airflow/example_dags/example_params_trigger_ui.py
[2024-12-07T02:16:18.264-0300] {processor.py:925} INFO - DAG(s) 'example_params_trigger_ui' retrieved from /home/crisu/miniconda3/envs/lab13.1/lib/python3.9/site-packages/airflow/example_dags/example_params_trigger_ui.py
[2024-12-07T02:16:18.302-0300] {logging_mixin.py:190} INFO - [2024-12-07T02:16:18.301-0300] {dag.py:3239} INFO - Sync 1 DAGs
[2024-12-07T02:16:18.313-0300] {logging_mixin.py:190} INFO - [2024-12-07T02:16:18.313-0300] {dag.py:4180} INFO - Setting next_dagrun for example_params_trigger_ui to None, run_after=None
[2024-12-07T02:16:18.376-0300] {processor.py:208} INFO - Processing /home/crisu/miniconda3/envs/lab13.1/lib/python3.9/site-packages/airflow/example_dags/example_params_trigger_ui.py took 0.139 seconds
[2024-12-07T02:17:48.636-0300] {processor.py:186} INFO - Started process (PID=36607) to work on /home/crisu/miniconda3/envs/lab13.1/lib/python3.9/site-packages/airflow/example_dags/example_params_trigger_ui.py
[2024-12-07T02:17:48.637-0300] {processor.py:914} INFO - Processing file /home/crisu/miniconda3/envs/lab13.1/lib/python3.9/site-packages/airflow/example_dags/example_params_trigger_ui.py for tasks to queue
[2024-12-07T02:17:48.639-0300] {logging_mixin.py:190} INFO - [2024-12-07T02:17:48.639-0300] {dagbag.py:588} INFO - Filling up the DagBag from /home/crisu/miniconda3/envs/lab13.1/lib/python3.9/site-packages/airflow/example_dags/example_params_trigger_ui.py
[2024-12-07T02:17:48.650-0300] {processor.py:925} INFO - DAG(s) 'example_params_trigger_ui' retrieved from /home/crisu/miniconda3/envs/lab13.1/lib/python3.9/site-packages/airflow/example_dags/example_params_trigger_ui.py
[2024-12-07T02:17:48.715-0300] {logging_mixin.py:190} INFO - [2024-12-07T02:17:48.714-0300] {dag.py:3239} INFO - Sync 1 DAGs
[2024-12-07T02:17:48.729-0300] {logging_mixin.py:190} INFO - [2024-12-07T02:17:48.729-0300] {dag.py:4180} INFO - Setting next_dagrun for example_params_trigger_ui to None, run_after=None
[2024-12-07T02:17:49.002-0300] {processor.py:208} INFO - Processing /home/crisu/miniconda3/envs/lab13.1/lib/python3.9/site-packages/airflow/example_dags/example_params_trigger_ui.py took 0.374 seconds
[2024-12-07T02:31:21.623-0300] {processor.py:186} INFO - Started process (PID=37997) to work on /home/crisu/miniconda3/envs/lab13.1/lib/python3.9/site-packages/airflow/example_dags/example_params_trigger_ui.py
[2024-12-07T02:31:21.668-0300] {processor.py:914} INFO - Processing file /home/crisu/miniconda3/envs/lab13.1/lib/python3.9/site-packages/airflow/example_dags/example_params_trigger_ui.py for tasks to queue
[2024-12-07T02:31:21.670-0300] {logging_mixin.py:190} INFO - [2024-12-07T02:31:21.669-0300] {dagbag.py:588} INFO - Filling up the DagBag from /home/crisu/miniconda3/envs/lab13.1/lib/python3.9/site-packages/airflow/example_dags/example_params_trigger_ui.py
[2024-12-07T02:31:21.680-0300] {processor.py:925} INFO - DAG(s) 'example_params_trigger_ui' retrieved from /home/crisu/miniconda3/envs/lab13.1/lib/python3.9/site-packages/airflow/example_dags/example_params_trigger_ui.py
[2024-12-07T02:31:21.719-0300] {logging_mixin.py:190} INFO - [2024-12-07T02:31:21.719-0300] {dag.py:3239} INFO - Sync 1 DAGs
[2024-12-07T02:31:21.731-0300] {logging_mixin.py:190} INFO - [2024-12-07T02:31:21.731-0300] {dag.py:4180} INFO - Setting next_dagrun for example_params_trigger_ui to None, run_after=None
[2024-12-07T02:31:22.472-0300] {processor.py:208} INFO - Processing /home/crisu/miniconda3/envs/lab13.1/lib/python3.9/site-packages/airflow/example_dags/example_params_trigger_ui.py took 0.855 seconds
[2024-12-07T02:33:52.044-0300] {processor.py:186} INFO - Started process (PID=38220) to work on /home/crisu/miniconda3/envs/lab13.1/lib/python3.9/site-packages/airflow/example_dags/example_params_trigger_ui.py
[2024-12-07T02:33:52.049-0300] {processor.py:914} INFO - Processing file /home/crisu/miniconda3/envs/lab13.1/lib/python3.9/site-packages/airflow/example_dags/example_params_trigger_ui.py for tasks to queue
[2024-12-07T02:33:52.051-0300] {logging_mixin.py:190} INFO - [2024-12-07T02:33:52.050-0300] {dagbag.py:588} INFO - Filling up the DagBag from /home/crisu/miniconda3/envs/lab13.1/lib/python3.9/site-packages/airflow/example_dags/example_params_trigger_ui.py
[2024-12-07T02:33:52.061-0300] {processor.py:925} INFO - DAG(s) 'example_params_trigger_ui' retrieved from /home/crisu/miniconda3/envs/lab13.1/lib/python3.9/site-packages/airflow/example_dags/example_params_trigger_ui.py
[2024-12-07T02:33:52.100-0300] {logging_mixin.py:190} INFO - [2024-12-07T02:33:52.100-0300] {dag.py:3239} INFO - Sync 1 DAGs
[2024-12-07T02:33:52.111-0300] {logging_mixin.py:190} INFO - [2024-12-07T02:33:52.111-0300] {dag.py:4180} INFO - Setting next_dagrun for example_params_trigger_ui to None, run_after=None
[2024-12-07T02:33:52.175-0300] {processor.py:208} INFO - Processing /home/crisu/miniconda3/envs/lab13.1/lib/python3.9/site-packages/airflow/example_dags/example_params_trigger_ui.py took 0.137 seconds
[2024-12-07T02:36:21.713-0300] {processor.py:186} INFO - Started process (PID=38520) to work on /home/crisu/miniconda3/envs/lab13.1/lib/python3.9/site-packages/airflow/example_dags/example_params_trigger_ui.py
[2024-12-07T02:36:21.735-0300] {processor.py:914} INFO - Processing file /home/crisu/miniconda3/envs/lab13.1/lib/python3.9/site-packages/airflow/example_dags/example_params_trigger_ui.py for tasks to queue
[2024-12-07T02:36:21.737-0300] {logging_mixin.py:190} INFO - [2024-12-07T02:36:21.737-0300] {dagbag.py:588} INFO - Filling up the DagBag from /home/crisu/miniconda3/envs/lab13.1/lib/python3.9/site-packages/airflow/example_dags/example_params_trigger_ui.py
[2024-12-07T02:36:21.748-0300] {processor.py:925} INFO - DAG(s) 'example_params_trigger_ui' retrieved from /home/crisu/miniconda3/envs/lab13.1/lib/python3.9/site-packages/airflow/example_dags/example_params_trigger_ui.py
[2024-12-07T02:36:21.787-0300] {logging_mixin.py:190} INFO - [2024-12-07T02:36:21.787-0300] {dag.py:3239} INFO - Sync 1 DAGs
[2024-12-07T02:36:21.799-0300] {logging_mixin.py:190} INFO - [2024-12-07T02:36:21.799-0300] {dag.py:4180} INFO - Setting next_dagrun for example_params_trigger_ui to None, run_after=None
[2024-12-07T02:36:21.896-0300] {processor.py:208} INFO - Processing /home/crisu/miniconda3/envs/lab13.1/lib/python3.9/site-packages/airflow/example_dags/example_params_trigger_ui.py took 0.188 seconds
[2024-12-07T02:39:21.676-0300] {processor.py:186} INFO - Started process (PID=38794) to work on /home/crisu/miniconda3/envs/lab13.1/lib/python3.9/site-packages/airflow/example_dags/example_params_trigger_ui.py
[2024-12-07T02:39:21.750-0300] {processor.py:914} INFO - Processing file /home/crisu/miniconda3/envs/lab13.1/lib/python3.9/site-packages/airflow/example_dags/example_params_trigger_ui.py for tasks to queue
[2024-12-07T02:39:21.752-0300] {logging_mixin.py:190} INFO - [2024-12-07T02:39:21.752-0300] {dagbag.py:588} INFO - Filling up the DagBag from /home/crisu/miniconda3/envs/lab13.1/lib/python3.9/site-packages/airflow/example_dags/example_params_trigger_ui.py
[2024-12-07T02:39:21.762-0300] {processor.py:925} INFO - DAG(s) 'example_params_trigger_ui' retrieved from /home/crisu/miniconda3/envs/lab13.1/lib/python3.9/site-packages/airflow/example_dags/example_params_trigger_ui.py
[2024-12-07T02:39:21.799-0300] {logging_mixin.py:190} INFO - [2024-12-07T02:39:21.799-0300] {dag.py:3239} INFO - Sync 1 DAGs
[2024-12-07T02:39:21.810-0300] {logging_mixin.py:190} INFO - [2024-12-07T02:39:21.810-0300] {dag.py:4180} INFO - Setting next_dagrun for example_params_trigger_ui to None, run_after=None
[2024-12-07T02:39:23.062-0300] {processor.py:208} INFO - Processing /home/crisu/miniconda3/envs/lab13.1/lib/python3.9/site-packages/airflow/example_dags/example_params_trigger_ui.py took 1.391 seconds
[2024-12-07T02:40:38.936-0300] {processor.py:186} INFO - Started process (PID=38896) to work on /home/crisu/miniconda3/envs/lab13.1/lib/python3.9/site-packages/airflow/example_dags/example_params_trigger_ui.py
[2024-12-07T02:40:38.958-0300] {processor.py:914} INFO - Processing file /home/crisu/miniconda3/envs/lab13.1/lib/python3.9/site-packages/airflow/example_dags/example_params_trigger_ui.py for tasks to queue
[2024-12-07T02:40:38.960-0300] {logging_mixin.py:190} INFO - [2024-12-07T02:40:38.959-0300] {dagbag.py:588} INFO - Filling up the DagBag from /home/crisu/miniconda3/envs/lab13.1/lib/python3.9/site-packages/airflow/example_dags/example_params_trigger_ui.py
[2024-12-07T02:40:38.970-0300] {processor.py:925} INFO - DAG(s) 'example_params_trigger_ui' retrieved from /home/crisu/miniconda3/envs/lab13.1/lib/python3.9/site-packages/airflow/example_dags/example_params_trigger_ui.py
[2024-12-07T02:40:39.011-0300] {logging_mixin.py:190} INFO - [2024-12-07T02:40:39.011-0300] {dag.py:3239} INFO - Sync 1 DAGs
[2024-12-07T02:40:39.022-0300] {logging_mixin.py:190} INFO - [2024-12-07T02:40:39.022-0300] {dag.py:4180} INFO - Setting next_dagrun for example_params_trigger_ui to None, run_after=None
[2024-12-07T02:40:39.133-0300] {processor.py:208} INFO - Processing /home/crisu/miniconda3/envs/lab13.1/lib/python3.9/site-packages/airflow/example_dags/example_params_trigger_ui.py took 0.203 seconds
[2024-12-07T02:41:51.129-0300] {processor.py:186} INFO - Started process (PID=39038) to work on /home/crisu/miniconda3/envs/lab13.1/lib/python3.9/site-packages/airflow/example_dags/example_params_trigger_ui.py
[2024-12-07T02:41:51.155-0300] {processor.py:914} INFO - Processing file /home/crisu/miniconda3/envs/lab13.1/lib/python3.9/site-packages/airflow/example_dags/example_params_trigger_ui.py for tasks to queue
[2024-12-07T02:41:51.157-0300] {logging_mixin.py:190} INFO - [2024-12-07T02:41:51.157-0300] {dagbag.py:588} INFO - Filling up the DagBag from /home/crisu/miniconda3/envs/lab13.1/lib/python3.9/site-packages/airflow/example_dags/example_params_trigger_ui.py
[2024-12-07T02:41:51.168-0300] {processor.py:925} INFO - DAG(s) 'example_params_trigger_ui' retrieved from /home/crisu/miniconda3/envs/lab13.1/lib/python3.9/site-packages/airflow/example_dags/example_params_trigger_ui.py
[2024-12-07T02:41:51.210-0300] {logging_mixin.py:190} INFO - [2024-12-07T02:41:51.210-0300] {dag.py:3239} INFO - Sync 1 DAGs
[2024-12-07T02:41:51.223-0300] {logging_mixin.py:190} INFO - [2024-12-07T02:41:51.222-0300] {dag.py:4180} INFO - Setting next_dagrun for example_params_trigger_ui to None, run_after=None
[2024-12-07T02:41:51.338-0300] {processor.py:208} INFO - Processing /home/crisu/miniconda3/envs/lab13.1/lib/python3.9/site-packages/airflow/example_dags/example_params_trigger_ui.py took 0.215 seconds
[2024-12-07T02:45:00.766-0300] {processor.py:186} INFO - Started process (PID=39717) to work on /home/crisu/miniconda3/envs/lab13.1/lib/python3.9/site-packages/airflow/example_dags/example_params_trigger_ui.py
[2024-12-07T02:45:00.783-0300] {processor.py:914} INFO - Processing file /home/crisu/miniconda3/envs/lab13.1/lib/python3.9/site-packages/airflow/example_dags/example_params_trigger_ui.py for tasks to queue
[2024-12-07T02:45:00.785-0300] {logging_mixin.py:190} INFO - [2024-12-07T02:45:00.785-0300] {dagbag.py:588} INFO - Filling up the DagBag from /home/crisu/miniconda3/envs/lab13.1/lib/python3.9/site-packages/airflow/example_dags/example_params_trigger_ui.py
[2024-12-07T02:45:00.795-0300] {processor.py:925} INFO - DAG(s) 'example_params_trigger_ui' retrieved from /home/crisu/miniconda3/envs/lab13.1/lib/python3.9/site-packages/airflow/example_dags/example_params_trigger_ui.py
[2024-12-07T02:45:00.842-0300] {logging_mixin.py:190} INFO - [2024-12-07T02:45:00.841-0300] {dag.py:3239} INFO - Sync 1 DAGs
[2024-12-07T02:45:00.853-0300] {logging_mixin.py:190} INFO - [2024-12-07T02:45:00.853-0300] {dag.py:4180} INFO - Setting next_dagrun for example_params_trigger_ui to None, run_after=None
[2024-12-07T02:45:00.931-0300] {processor.py:208} INFO - Processing /home/crisu/miniconda3/envs/lab13.1/lib/python3.9/site-packages/airflow/example_dags/example_params_trigger_ui.py took 0.171 seconds
[2024-12-07T02:46:40.228-0300] {processor.py:186} INFO - Started process (PID=40055) to work on /home/crisu/miniconda3/envs/lab13.1/lib/python3.9/site-packages/airflow/example_dags/example_params_trigger_ui.py
[2024-12-07T02:46:40.241-0300] {processor.py:914} INFO - Processing file /home/crisu/miniconda3/envs/lab13.1/lib/python3.9/site-packages/airflow/example_dags/example_params_trigger_ui.py for tasks to queue
[2024-12-07T02:46:40.243-0300] {logging_mixin.py:190} INFO - [2024-12-07T02:46:40.243-0300] {dagbag.py:588} INFO - Filling up the DagBag from /home/crisu/miniconda3/envs/lab13.1/lib/python3.9/site-packages/airflow/example_dags/example_params_trigger_ui.py
[2024-12-07T02:46:40.253-0300] {processor.py:925} INFO - DAG(s) 'example_params_trigger_ui' retrieved from /home/crisu/miniconda3/envs/lab13.1/lib/python3.9/site-packages/airflow/example_dags/example_params_trigger_ui.py
[2024-12-07T02:46:40.293-0300] {logging_mixin.py:190} INFO - [2024-12-07T02:46:40.293-0300] {dag.py:3239} INFO - Sync 1 DAGs
[2024-12-07T02:46:40.304-0300] {logging_mixin.py:190} INFO - [2024-12-07T02:46:40.304-0300] {dag.py:4180} INFO - Setting next_dagrun for example_params_trigger_ui to None, run_after=None
[2024-12-07T02:46:40.433-0300] {processor.py:208} INFO - Processing /home/crisu/miniconda3/envs/lab13.1/lib/python3.9/site-packages/airflow/example_dags/example_params_trigger_ui.py took 0.211 seconds
[2024-12-07T02:50:21.250-0300] {processor.py:186} INFO - Started process (PID=40809) to work on /home/crisu/miniconda3/envs/lab13.1/lib/python3.9/site-packages/airflow/example_dags/example_params_trigger_ui.py
[2024-12-07T02:50:21.252-0300] {processor.py:914} INFO - Processing file /home/crisu/miniconda3/envs/lab13.1/lib/python3.9/site-packages/airflow/example_dags/example_params_trigger_ui.py for tasks to queue
[2024-12-07T02:50:21.254-0300] {logging_mixin.py:190} INFO - [2024-12-07T02:50:21.254-0300] {dagbag.py:588} INFO - Filling up the DagBag from /home/crisu/miniconda3/envs/lab13.1/lib/python3.9/site-packages/airflow/example_dags/example_params_trigger_ui.py
[2024-12-07T02:50:21.264-0300] {processor.py:925} INFO - DAG(s) 'example_params_trigger_ui' retrieved from /home/crisu/miniconda3/envs/lab13.1/lib/python3.9/site-packages/airflow/example_dags/example_params_trigger_ui.py
[2024-12-07T02:50:21.305-0300] {logging_mixin.py:190} INFO - [2024-12-07T02:50:21.304-0300] {dag.py:3239} INFO - Sync 1 DAGs
[2024-12-07T02:50:21.316-0300] {logging_mixin.py:190} INFO - [2024-12-07T02:50:21.316-0300] {dag.py:4180} INFO - Setting next_dagrun for example_params_trigger_ui to None, run_after=None
[2024-12-07T02:50:21.372-0300] {processor.py:208} INFO - Processing /home/crisu/miniconda3/envs/lab13.1/lib/python3.9/site-packages/airflow/example_dags/example_params_trigger_ui.py took 0.127 seconds
[2024-12-07T03:20:37.625-0300] {processor.py:186} INFO - Started process (PID=42678) to work on /home/crisu/miniconda3/envs/lab13.1/lib/python3.9/site-packages/airflow/example_dags/example_params_trigger_ui.py
[2024-12-07T03:20:37.643-0300] {processor.py:914} INFO - Processing file /home/crisu/miniconda3/envs/lab13.1/lib/python3.9/site-packages/airflow/example_dags/example_params_trigger_ui.py for tasks to queue
[2024-12-07T03:20:37.644-0300] {logging_mixin.py:190} INFO - [2024-12-07T03:20:37.644-0300] {dagbag.py:588} INFO - Filling up the DagBag from /home/crisu/miniconda3/envs/lab13.1/lib/python3.9/site-packages/airflow/example_dags/example_params_trigger_ui.py
[2024-12-07T03:20:37.653-0300] {processor.py:925} INFO - DAG(s) 'example_params_trigger_ui' retrieved from /home/crisu/miniconda3/envs/lab13.1/lib/python3.9/site-packages/airflow/example_dags/example_params_trigger_ui.py
[2024-12-07T03:20:37.692-0300] {logging_mixin.py:190} INFO - [2024-12-07T03:20:37.692-0300] {dag.py:3239} INFO - Sync 1 DAGs
[2024-12-07T03:20:37.702-0300] {logging_mixin.py:190} INFO - [2024-12-07T03:20:37.702-0300] {dag.py:4180} INFO - Setting next_dagrun for example_params_trigger_ui to None, run_after=None
[2024-12-07T03:20:38.175-0300] {processor.py:208} INFO - Processing /home/crisu/miniconda3/envs/lab13.1/lib/python3.9/site-packages/airflow/example_dags/example_params_trigger_ui.py took 0.555 seconds
[2024-12-07T03:23:49.539-0300] {processor.py:186} INFO - Started process (PID=42910) to work on /home/crisu/miniconda3/envs/lab13.1/lib/python3.9/site-packages/airflow/example_dags/example_params_trigger_ui.py
[2024-12-07T03:23:49.581-0300] {processor.py:914} INFO - Processing file /home/crisu/miniconda3/envs/lab13.1/lib/python3.9/site-packages/airflow/example_dags/example_params_trigger_ui.py for tasks to queue
[2024-12-07T03:23:49.582-0300] {logging_mixin.py:190} INFO - [2024-12-07T03:23:49.582-0300] {dagbag.py:588} INFO - Filling up the DagBag from /home/crisu/miniconda3/envs/lab13.1/lib/python3.9/site-packages/airflow/example_dags/example_params_trigger_ui.py
[2024-12-07T03:23:49.592-0300] {processor.py:925} INFO - DAG(s) 'example_params_trigger_ui' retrieved from /home/crisu/miniconda3/envs/lab13.1/lib/python3.9/site-packages/airflow/example_dags/example_params_trigger_ui.py
[2024-12-07T03:23:49.635-0300] {logging_mixin.py:190} INFO - [2024-12-07T03:23:49.635-0300] {dag.py:3239} INFO - Sync 1 DAGs
[2024-12-07T03:23:49.645-0300] {logging_mixin.py:190} INFO - [2024-12-07T03:23:49.645-0300] {dag.py:4180} INFO - Setting next_dagrun for example_params_trigger_ui to None, run_after=None
[2024-12-07T03:23:50.910-0300] {processor.py:208} INFO - Processing /home/crisu/miniconda3/envs/lab13.1/lib/python3.9/site-packages/airflow/example_dags/example_params_trigger_ui.py took 1.378 seconds
[2024-12-07T03:27:48.312-0300] {processor.py:186} INFO - Started process (PID=43644) to work on /home/crisu/miniconda3/envs/lab13.1/lib/python3.9/site-packages/airflow/example_dags/example_params_trigger_ui.py
[2024-12-07T03:27:48.333-0300] {processor.py:914} INFO - Processing file /home/crisu/miniconda3/envs/lab13.1/lib/python3.9/site-packages/airflow/example_dags/example_params_trigger_ui.py for tasks to queue
[2024-12-07T03:27:48.335-0300] {logging_mixin.py:190} INFO - [2024-12-07T03:27:48.335-0300] {dagbag.py:588} INFO - Filling up the DagBag from /home/crisu/miniconda3/envs/lab13.1/lib/python3.9/site-packages/airflow/example_dags/example_params_trigger_ui.py
[2024-12-07T03:27:48.346-0300] {processor.py:925} INFO - DAG(s) 'example_params_trigger_ui' retrieved from /home/crisu/miniconda3/envs/lab13.1/lib/python3.9/site-packages/airflow/example_dags/example_params_trigger_ui.py
[2024-12-07T03:27:48.387-0300] {logging_mixin.py:190} INFO - [2024-12-07T03:27:48.387-0300] {dag.py:3239} INFO - Sync 1 DAGs
[2024-12-07T03:27:48.399-0300] {logging_mixin.py:190} INFO - [2024-12-07T03:27:48.398-0300] {dag.py:4180} INFO - Setting next_dagrun for example_params_trigger_ui to None, run_after=None
[2024-12-07T03:27:48.470-0300] {processor.py:208} INFO - Processing /home/crisu/miniconda3/envs/lab13.1/lib/python3.9/site-packages/airflow/example_dags/example_params_trigger_ui.py took 0.164 seconds
[2024-12-07T03:29:49.445-0300] {processor.py:186} INFO - Started process (PID=43848) to work on /home/crisu/miniconda3/envs/lab13.1/lib/python3.9/site-packages/airflow/example_dags/example_params_trigger_ui.py
[2024-12-07T03:29:49.502-0300] {processor.py:914} INFO - Processing file /home/crisu/miniconda3/envs/lab13.1/lib/python3.9/site-packages/airflow/example_dags/example_params_trigger_ui.py for tasks to queue
[2024-12-07T03:29:49.504-0300] {logging_mixin.py:190} INFO - [2024-12-07T03:29:49.504-0300] {dagbag.py:588} INFO - Filling up the DagBag from /home/crisu/miniconda3/envs/lab13.1/lib/python3.9/site-packages/airflow/example_dags/example_params_trigger_ui.py
[2024-12-07T03:29:49.515-0300] {processor.py:925} INFO - DAG(s) 'example_params_trigger_ui' retrieved from /home/crisu/miniconda3/envs/lab13.1/lib/python3.9/site-packages/airflow/example_dags/example_params_trigger_ui.py
[2024-12-07T03:29:49.557-0300] {logging_mixin.py:190} INFO - [2024-12-07T03:29:49.556-0300] {dag.py:3239} INFO - Sync 1 DAGs
[2024-12-07T03:29:49.567-0300] {logging_mixin.py:190} INFO - [2024-12-07T03:29:49.567-0300] {dag.py:4180} INFO - Setting next_dagrun for example_params_trigger_ui to None, run_after=None
[2024-12-07T03:29:50.486-0300] {processor.py:208} INFO - Processing /home/crisu/miniconda3/envs/lab13.1/lib/python3.9/site-packages/airflow/example_dags/example_params_trigger_ui.py took 1.046 seconds
[2024-12-07T03:34:19.837-0300] {processor.py:186} INFO - Started process (PID=44599) to work on /home/crisu/miniconda3/envs/lab13.1/lib/python3.9/site-packages/airflow/example_dags/example_params_trigger_ui.py
[2024-12-07T03:34:19.853-0300] {processor.py:914} INFO - Processing file /home/crisu/miniconda3/envs/lab13.1/lib/python3.9/site-packages/airflow/example_dags/example_params_trigger_ui.py for tasks to queue
[2024-12-07T03:34:19.854-0300] {logging_mixin.py:190} INFO - [2024-12-07T03:34:19.854-0300] {dagbag.py:588} INFO - Filling up the DagBag from /home/crisu/miniconda3/envs/lab13.1/lib/python3.9/site-packages/airflow/example_dags/example_params_trigger_ui.py
[2024-12-07T03:34:19.863-0300] {processor.py:925} INFO - DAG(s) 'example_params_trigger_ui' retrieved from /home/crisu/miniconda3/envs/lab13.1/lib/python3.9/site-packages/airflow/example_dags/example_params_trigger_ui.py
[2024-12-07T03:34:19.903-0300] {logging_mixin.py:190} INFO - [2024-12-07T03:34:19.902-0300] {dag.py:3239} INFO - Sync 1 DAGs
[2024-12-07T03:34:19.914-0300] {logging_mixin.py:190} INFO - [2024-12-07T03:34:19.914-0300] {dag.py:4180} INFO - Setting next_dagrun for example_params_trigger_ui to None, run_after=None
[2024-12-07T03:34:20.090-0300] {processor.py:208} INFO - Processing /home/crisu/miniconda3/envs/lab13.1/lib/python3.9/site-packages/airflow/example_dags/example_params_trigger_ui.py took 0.257 seconds
[2024-12-07T03:35:54.086-0300] {processor.py:186} INFO - Started process (PID=44774) to work on /home/crisu/miniconda3/envs/lab13.1/lib/python3.9/site-packages/airflow/example_dags/example_params_trigger_ui.py
[2024-12-07T03:35:54.090-0300] {processor.py:914} INFO - Processing file /home/crisu/miniconda3/envs/lab13.1/lib/python3.9/site-packages/airflow/example_dags/example_params_trigger_ui.py for tasks to queue
[2024-12-07T03:35:54.091-0300] {logging_mixin.py:190} INFO - [2024-12-07T03:35:54.090-0300] {dagbag.py:588} INFO - Filling up the DagBag from /home/crisu/miniconda3/envs/lab13.1/lib/python3.9/site-packages/airflow/example_dags/example_params_trigger_ui.py
[2024-12-07T03:35:54.099-0300] {processor.py:925} INFO - DAG(s) 'example_params_trigger_ui' retrieved from /home/crisu/miniconda3/envs/lab13.1/lib/python3.9/site-packages/airflow/example_dags/example_params_trigger_ui.py
[2024-12-07T03:35:54.137-0300] {logging_mixin.py:190} INFO - [2024-12-07T03:35:54.137-0300] {dag.py:3239} INFO - Sync 1 DAGs
[2024-12-07T03:35:54.147-0300] {logging_mixin.py:190} INFO - [2024-12-07T03:35:54.147-0300] {dag.py:4180} INFO - Setting next_dagrun for example_params_trigger_ui to None, run_after=None
[2024-12-07T03:35:54.201-0300] {processor.py:208} INFO - Processing /home/crisu/miniconda3/envs/lab13.1/lib/python3.9/site-packages/airflow/example_dags/example_params_trigger_ui.py took 0.120 seconds
[2024-12-07T03:37:57.659-0300] {processor.py:186} INFO - Started process (PID=44978) to work on /home/crisu/miniconda3/envs/lab13.1/lib/python3.9/site-packages/airflow/example_dags/example_params_trigger_ui.py
[2024-12-07T03:37:57.660-0300] {processor.py:914} INFO - Processing file /home/crisu/miniconda3/envs/lab13.1/lib/python3.9/site-packages/airflow/example_dags/example_params_trigger_ui.py for tasks to queue
[2024-12-07T03:37:57.662-0300] {logging_mixin.py:190} INFO - [2024-12-07T03:37:57.661-0300] {dagbag.py:588} INFO - Filling up the DagBag from /home/crisu/miniconda3/envs/lab13.1/lib/python3.9/site-packages/airflow/example_dags/example_params_trigger_ui.py
[2024-12-07T03:37:57.670-0300] {processor.py:925} INFO - DAG(s) 'example_params_trigger_ui' retrieved from /home/crisu/miniconda3/envs/lab13.1/lib/python3.9/site-packages/airflow/example_dags/example_params_trigger_ui.py
[2024-12-07T03:37:57.708-0300] {logging_mixin.py:190} INFO - [2024-12-07T03:37:57.708-0300] {dag.py:3239} INFO - Sync 1 DAGs
[2024-12-07T03:37:57.721-0300] {logging_mixin.py:190} INFO - [2024-12-07T03:37:57.721-0300] {dag.py:4180} INFO - Setting next_dagrun for example_params_trigger_ui to None, run_after=None
[2024-12-07T03:37:57.781-0300] {processor.py:208} INFO - Processing /home/crisu/miniconda3/envs/lab13.1/lib/python3.9/site-packages/airflow/example_dags/example_params_trigger_ui.py took 0.129 seconds
[2024-12-07T03:39:16.354-0300] {processor.py:186} INFO - Started process (PID=45136) to work on /home/crisu/miniconda3/envs/lab13.1/lib/python3.9/site-packages/airflow/example_dags/example_params_trigger_ui.py
[2024-12-07T03:39:16.360-0300] {processor.py:914} INFO - Processing file /home/crisu/miniconda3/envs/lab13.1/lib/python3.9/site-packages/airflow/example_dags/example_params_trigger_ui.py for tasks to queue
[2024-12-07T03:39:16.361-0300] {logging_mixin.py:190} INFO - [2024-12-07T03:39:16.361-0300] {dagbag.py:588} INFO - Filling up the DagBag from /home/crisu/miniconda3/envs/lab13.1/lib/python3.9/site-packages/airflow/example_dags/example_params_trigger_ui.py
[2024-12-07T03:39:16.369-0300] {processor.py:925} INFO - DAG(s) 'example_params_trigger_ui' retrieved from /home/crisu/miniconda3/envs/lab13.1/lib/python3.9/site-packages/airflow/example_dags/example_params_trigger_ui.py
[2024-12-07T03:39:16.409-0300] {logging_mixin.py:190} INFO - [2024-12-07T03:39:16.409-0300] {dag.py:3239} INFO - Sync 1 DAGs
[2024-12-07T03:39:16.420-0300] {logging_mixin.py:190} INFO - [2024-12-07T03:39:16.419-0300] {dag.py:4180} INFO - Setting next_dagrun for example_params_trigger_ui to None, run_after=None
[2024-12-07T03:39:16.480-0300] {processor.py:208} INFO - Processing /home/crisu/miniconda3/envs/lab13.1/lib/python3.9/site-packages/airflow/example_dags/example_params_trigger_ui.py took 0.132 seconds
[2024-12-07T03:40:31.642-0300] {processor.py:186} INFO - Started process (PID=45282) to work on /home/crisu/miniconda3/envs/lab13.1/lib/python3.9/site-packages/airflow/example_dags/example_params_trigger_ui.py
[2024-12-07T03:40:31.647-0300] {processor.py:914} INFO - Processing file /home/crisu/miniconda3/envs/lab13.1/lib/python3.9/site-packages/airflow/example_dags/example_params_trigger_ui.py for tasks to queue
[2024-12-07T03:40:31.649-0300] {logging_mixin.py:190} INFO - [2024-12-07T03:40:31.648-0300] {dagbag.py:588} INFO - Filling up the DagBag from /home/crisu/miniconda3/envs/lab13.1/lib/python3.9/site-packages/airflow/example_dags/example_params_trigger_ui.py
[2024-12-07T03:40:31.657-0300] {processor.py:925} INFO - DAG(s) 'example_params_trigger_ui' retrieved from /home/crisu/miniconda3/envs/lab13.1/lib/python3.9/site-packages/airflow/example_dags/example_params_trigger_ui.py
[2024-12-07T03:40:31.696-0300] {logging_mixin.py:190} INFO - [2024-12-07T03:40:31.696-0300] {dag.py:3239} INFO - Sync 1 DAGs
[2024-12-07T03:40:31.706-0300] {logging_mixin.py:190} INFO - [2024-12-07T03:40:31.706-0300] {dag.py:4180} INFO - Setting next_dagrun for example_params_trigger_ui to None, run_after=None
[2024-12-07T03:40:31.790-0300] {processor.py:208} INFO - Processing /home/crisu/miniconda3/envs/lab13.1/lib/python3.9/site-packages/airflow/example_dags/example_params_trigger_ui.py took 0.153 seconds
[2024-12-07T03:44:18.134-0300] {processor.py:186} INFO - Started process (PID=45889) to work on /home/crisu/miniconda3/envs/lab13.1/lib/python3.9/site-packages/airflow/example_dags/example_params_trigger_ui.py
[2024-12-07T03:44:18.169-0300] {processor.py:914} INFO - Processing file /home/crisu/miniconda3/envs/lab13.1/lib/python3.9/site-packages/airflow/example_dags/example_params_trigger_ui.py for tasks to queue
[2024-12-07T03:44:18.171-0300] {logging_mixin.py:190} INFO - [2024-12-07T03:44:18.170-0300] {dagbag.py:588} INFO - Filling up the DagBag from /home/crisu/miniconda3/envs/lab13.1/lib/python3.9/site-packages/airflow/example_dags/example_params_trigger_ui.py
[2024-12-07T03:44:18.181-0300] {processor.py:925} INFO - DAG(s) 'example_params_trigger_ui' retrieved from /home/crisu/miniconda3/envs/lab13.1/lib/python3.9/site-packages/airflow/example_dags/example_params_trigger_ui.py
[2024-12-07T03:44:18.223-0300] {logging_mixin.py:190} INFO - [2024-12-07T03:44:18.223-0300] {dag.py:3239} INFO - Sync 1 DAGs
[2024-12-07T03:44:18.235-0300] {logging_mixin.py:190} INFO - [2024-12-07T03:44:18.234-0300] {dag.py:4180} INFO - Setting next_dagrun for example_params_trigger_ui to None, run_after=None
[2024-12-07T03:44:18.358-0300] {processor.py:208} INFO - Processing /home/crisu/miniconda3/envs/lab13.1/lib/python3.9/site-packages/airflow/example_dags/example_params_trigger_ui.py took 0.229 seconds
[2024-12-07T03:48:41.034-0300] {processor.py:186} INFO - Started process (PID=46736) to work on /home/crisu/miniconda3/envs/lab13.1/lib/python3.9/site-packages/airflow/example_dags/example_params_trigger_ui.py
[2024-12-07T03:48:41.089-0300] {processor.py:914} INFO - Processing file /home/crisu/miniconda3/envs/lab13.1/lib/python3.9/site-packages/airflow/example_dags/example_params_trigger_ui.py for tasks to queue
[2024-12-07T03:48:41.092-0300] {logging_mixin.py:190} INFO - [2024-12-07T03:48:41.091-0300] {dagbag.py:588} INFO - Filling up the DagBag from /home/crisu/miniconda3/envs/lab13.1/lib/python3.9/site-packages/airflow/example_dags/example_params_trigger_ui.py
[2024-12-07T03:48:41.108-0300] {processor.py:925} INFO - DAG(s) 'example_params_trigger_ui' retrieved from /home/crisu/miniconda3/envs/lab13.1/lib/python3.9/site-packages/airflow/example_dags/example_params_trigger_ui.py
[2024-12-07T03:48:41.177-0300] {logging_mixin.py:190} INFO - [2024-12-07T03:48:41.177-0300] {dag.py:3239} INFO - Sync 1 DAGs
[2024-12-07T03:48:41.193-0300] {logging_mixin.py:190} INFO - [2024-12-07T03:48:41.192-0300] {dag.py:4180} INFO - Setting next_dagrun for example_params_trigger_ui to None, run_after=None
[2024-12-07T03:48:42.482-0300] {processor.py:208} INFO - Processing /home/crisu/miniconda3/envs/lab13.1/lib/python3.9/site-packages/airflow/example_dags/example_params_trigger_ui.py took 1.455 seconds
[2024-12-07T03:50:48.524-0300] {processor.py:186} INFO - Started process (PID=46946) to work on /home/crisu/miniconda3/envs/lab13.1/lib/python3.9/site-packages/airflow/example_dags/example_params_trigger_ui.py
[2024-12-07T03:50:48.525-0300] {processor.py:914} INFO - Processing file /home/crisu/miniconda3/envs/lab13.1/lib/python3.9/site-packages/airflow/example_dags/example_params_trigger_ui.py for tasks to queue
[2024-12-07T03:50:48.527-0300] {logging_mixin.py:190} INFO - [2024-12-07T03:50:48.527-0300] {dagbag.py:588} INFO - Filling up the DagBag from /home/crisu/miniconda3/envs/lab13.1/lib/python3.9/site-packages/airflow/example_dags/example_params_trigger_ui.py
[2024-12-07T03:50:48.540-0300] {processor.py:925} INFO - DAG(s) 'example_params_trigger_ui' retrieved from /home/crisu/miniconda3/envs/lab13.1/lib/python3.9/site-packages/airflow/example_dags/example_params_trigger_ui.py
[2024-12-07T03:50:48.608-0300] {logging_mixin.py:190} INFO - [2024-12-07T03:50:48.608-0300] {dag.py:3239} INFO - Sync 1 DAGs
[2024-12-07T03:50:48.629-0300] {logging_mixin.py:190} INFO - [2024-12-07T03:50:48.629-0300] {dag.py:4180} INFO - Setting next_dagrun for example_params_trigger_ui to None, run_after=None
[2024-12-07T03:50:49.268-0300] {processor.py:208} INFO - Processing /home/crisu/miniconda3/envs/lab13.1/lib/python3.9/site-packages/airflow/example_dags/example_params_trigger_ui.py took 0.749 seconds
[2024-12-07T03:52:15.766-0300] {processor.py:186} INFO - Started process (PID=47057) to work on /home/crisu/miniconda3/envs/lab13.1/lib/python3.9/site-packages/airflow/example_dags/example_params_trigger_ui.py
[2024-12-07T03:52:15.767-0300] {processor.py:914} INFO - Processing file /home/crisu/miniconda3/envs/lab13.1/lib/python3.9/site-packages/airflow/example_dags/example_params_trigger_ui.py for tasks to queue
[2024-12-07T03:52:15.769-0300] {logging_mixin.py:190} INFO - [2024-12-07T03:52:15.769-0300] {dagbag.py:588} INFO - Filling up the DagBag from /home/crisu/miniconda3/envs/lab13.1/lib/python3.9/site-packages/airflow/example_dags/example_params_trigger_ui.py
[2024-12-07T03:52:15.779-0300] {processor.py:925} INFO - DAG(s) 'example_params_trigger_ui' retrieved from /home/crisu/miniconda3/envs/lab13.1/lib/python3.9/site-packages/airflow/example_dags/example_params_trigger_ui.py
[2024-12-07T03:52:15.821-0300] {logging_mixin.py:190} INFO - [2024-12-07T03:52:15.821-0300] {dag.py:3239} INFO - Sync 1 DAGs
[2024-12-07T03:52:15.839-0300] {logging_mixin.py:190} INFO - [2024-12-07T03:52:15.838-0300] {dag.py:4180} INFO - Setting next_dagrun for example_params_trigger_ui to None, run_after=None
[2024-12-07T03:52:15.900-0300] {processor.py:208} INFO - Processing /home/crisu/miniconda3/envs/lab13.1/lib/python3.9/site-packages/airflow/example_dags/example_params_trigger_ui.py took 0.139 seconds
[2024-12-07T03:54:26.802-0300] {processor.py:186} INFO - Started process (PID=47320) to work on /home/crisu/miniconda3/envs/lab13.1/lib/python3.9/site-packages/airflow/example_dags/example_params_trigger_ui.py
[2024-12-07T03:54:26.803-0300] {processor.py:914} INFO - Processing file /home/crisu/miniconda3/envs/lab13.1/lib/python3.9/site-packages/airflow/example_dags/example_params_trigger_ui.py for tasks to queue
[2024-12-07T03:54:26.805-0300] {logging_mixin.py:190} INFO - [2024-12-07T03:54:26.805-0300] {dagbag.py:588} INFO - Filling up the DagBag from /home/crisu/miniconda3/envs/lab13.1/lib/python3.9/site-packages/airflow/example_dags/example_params_trigger_ui.py
[2024-12-07T03:54:26.816-0300] {processor.py:925} INFO - DAG(s) 'example_params_trigger_ui' retrieved from /home/crisu/miniconda3/envs/lab13.1/lib/python3.9/site-packages/airflow/example_dags/example_params_trigger_ui.py
[2024-12-07T03:54:26.860-0300] {logging_mixin.py:190} INFO - [2024-12-07T03:54:26.860-0300] {dag.py:3239} INFO - Sync 1 DAGs
[2024-12-07T03:54:26.873-0300] {logging_mixin.py:190} INFO - [2024-12-07T03:54:26.872-0300] {dag.py:4180} INFO - Setting next_dagrun for example_params_trigger_ui to None, run_after=None
[2024-12-07T03:54:26.935-0300] {processor.py:208} INFO - Processing /home/crisu/miniconda3/envs/lab13.1/lib/python3.9/site-packages/airflow/example_dags/example_params_trigger_ui.py took 0.139 seconds
[2024-12-07T03:56:25.907-0300] {processor.py:186} INFO - Started process (PID=47564) to work on /home/crisu/miniconda3/envs/lab13.1/lib/python3.9/site-packages/airflow/example_dags/example_params_trigger_ui.py
[2024-12-07T03:56:25.928-0300] {processor.py:914} INFO - Processing file /home/crisu/miniconda3/envs/lab13.1/lib/python3.9/site-packages/airflow/example_dags/example_params_trigger_ui.py for tasks to queue
[2024-12-07T03:56:25.931-0300] {logging_mixin.py:190} INFO - [2024-12-07T03:56:25.930-0300] {dagbag.py:588} INFO - Filling up the DagBag from /home/crisu/miniconda3/envs/lab13.1/lib/python3.9/site-packages/airflow/example_dags/example_params_trigger_ui.py
[2024-12-07T03:56:25.941-0300] {processor.py:925} INFO - DAG(s) 'example_params_trigger_ui' retrieved from /home/crisu/miniconda3/envs/lab13.1/lib/python3.9/site-packages/airflow/example_dags/example_params_trigger_ui.py
[2024-12-07T03:56:25.979-0300] {logging_mixin.py:190} INFO - [2024-12-07T03:56:25.979-0300] {dag.py:3239} INFO - Sync 1 DAGs
[2024-12-07T03:56:25.990-0300] {logging_mixin.py:190} INFO - [2024-12-07T03:56:25.990-0300] {dag.py:4180} INFO - Setting next_dagrun for example_params_trigger_ui to None, run_after=None
[2024-12-07T03:56:26.066-0300] {processor.py:208} INFO - Processing /home/crisu/miniconda3/envs/lab13.1/lib/python3.9/site-packages/airflow/example_dags/example_params_trigger_ui.py took 0.164 seconds
[2024-12-07T03:57:44.042-0300] {processor.py:186} INFO - Started process (PID=47701) to work on /home/crisu/miniconda3/envs/lab13.1/lib/python3.9/site-packages/airflow/example_dags/example_params_trigger_ui.py
[2024-12-07T03:57:44.047-0300] {processor.py:914} INFO - Processing file /home/crisu/miniconda3/envs/lab13.1/lib/python3.9/site-packages/airflow/example_dags/example_params_trigger_ui.py for tasks to queue
[2024-12-07T03:57:44.049-0300] {logging_mixin.py:190} INFO - [2024-12-07T03:57:44.049-0300] {dagbag.py:588} INFO - Filling up the DagBag from /home/crisu/miniconda3/envs/lab13.1/lib/python3.9/site-packages/airflow/example_dags/example_params_trigger_ui.py
[2024-12-07T03:57:44.061-0300] {processor.py:925} INFO - DAG(s) 'example_params_trigger_ui' retrieved from /home/crisu/miniconda3/envs/lab13.1/lib/python3.9/site-packages/airflow/example_dags/example_params_trigger_ui.py
[2024-12-07T03:57:44.099-0300] {logging_mixin.py:190} INFO - [2024-12-07T03:57:44.099-0300] {dag.py:3239} INFO - Sync 1 DAGs
[2024-12-07T03:57:44.110-0300] {logging_mixin.py:190} INFO - [2024-12-07T03:57:44.110-0300] {dag.py:4180} INFO - Setting next_dagrun for example_params_trigger_ui to None, run_after=None
[2024-12-07T03:57:44.172-0300] {processor.py:208} INFO - Processing /home/crisu/miniconda3/envs/lab13.1/lib/python3.9/site-packages/airflow/example_dags/example_params_trigger_ui.py took 0.135 seconds
[2024-12-07T03:59:39.162-0300] {processor.py:186} INFO - Started process (PID=47969) to work on /home/crisu/miniconda3/envs/lab13.1/lib/python3.9/site-packages/airflow/example_dags/example_params_trigger_ui.py
[2024-12-07T03:59:39.163-0300] {processor.py:914} INFO - Processing file /home/crisu/miniconda3/envs/lab13.1/lib/python3.9/site-packages/airflow/example_dags/example_params_trigger_ui.py for tasks to queue
[2024-12-07T03:59:39.165-0300] {logging_mixin.py:190} INFO - [2024-12-07T03:59:39.164-0300] {dagbag.py:588} INFO - Filling up the DagBag from /home/crisu/miniconda3/envs/lab13.1/lib/python3.9/site-packages/airflow/example_dags/example_params_trigger_ui.py
[2024-12-07T03:59:39.175-0300] {processor.py:925} INFO - DAG(s) 'example_params_trigger_ui' retrieved from /home/crisu/miniconda3/envs/lab13.1/lib/python3.9/site-packages/airflow/example_dags/example_params_trigger_ui.py
[2024-12-07T03:59:39.234-0300] {logging_mixin.py:190} INFO - [2024-12-07T03:59:39.234-0300] {dag.py:3239} INFO - Sync 1 DAGs
[2024-12-07T03:59:39.254-0300] {logging_mixin.py:190} INFO - [2024-12-07T03:59:39.254-0300] {dag.py:4180} INFO - Setting next_dagrun for example_params_trigger_ui to None, run_after=None
[2024-12-07T03:59:39.320-0300] {processor.py:208} INFO - Processing /home/crisu/miniconda3/envs/lab13.1/lib/python3.9/site-packages/airflow/example_dags/example_params_trigger_ui.py took 0.164 seconds
[2024-12-07T04:00:55.205-0300] {processor.py:186} INFO - Started process (PID=48118) to work on /home/crisu/miniconda3/envs/lab13.1/lib/python3.9/site-packages/airflow/example_dags/example_params_trigger_ui.py
[2024-12-07T04:00:55.211-0300] {processor.py:914} INFO - Processing file /home/crisu/miniconda3/envs/lab13.1/lib/python3.9/site-packages/airflow/example_dags/example_params_trigger_ui.py for tasks to queue
[2024-12-07T04:00:55.213-0300] {logging_mixin.py:190} INFO - [2024-12-07T04:00:55.212-0300] {dagbag.py:588} INFO - Filling up the DagBag from /home/crisu/miniconda3/envs/lab13.1/lib/python3.9/site-packages/airflow/example_dags/example_params_trigger_ui.py
[2024-12-07T04:00:55.223-0300] {processor.py:925} INFO - DAG(s) 'example_params_trigger_ui' retrieved from /home/crisu/miniconda3/envs/lab13.1/lib/python3.9/site-packages/airflow/example_dags/example_params_trigger_ui.py
[2024-12-07T04:00:55.263-0300] {logging_mixin.py:190} INFO - [2024-12-07T04:00:55.263-0300] {dag.py:3239} INFO - Sync 1 DAGs
[2024-12-07T04:00:55.276-0300] {logging_mixin.py:190} INFO - [2024-12-07T04:00:55.276-0300] {dag.py:4180} INFO - Setting next_dagrun for example_params_trigger_ui to None, run_after=None
[2024-12-07T04:00:55.337-0300] {processor.py:208} INFO - Processing /home/crisu/miniconda3/envs/lab13.1/lib/python3.9/site-packages/airflow/example_dags/example_params_trigger_ui.py took 0.138 seconds
[2024-12-07T04:07:47.704-0300] {processor.py:186} INFO - Started process (PID=49189) to work on /home/crisu/miniconda3/envs/lab13.1/lib/python3.9/site-packages/airflow/example_dags/example_params_trigger_ui.py
[2024-12-07T04:07:47.705-0300] {processor.py:914} INFO - Processing file /home/crisu/miniconda3/envs/lab13.1/lib/python3.9/site-packages/airflow/example_dags/example_params_trigger_ui.py for tasks to queue
[2024-12-07T04:07:47.707-0300] {logging_mixin.py:190} INFO - [2024-12-07T04:07:47.706-0300] {dagbag.py:588} INFO - Filling up the DagBag from /home/crisu/miniconda3/envs/lab13.1/lib/python3.9/site-packages/airflow/example_dags/example_params_trigger_ui.py
[2024-12-07T04:07:47.719-0300] {processor.py:925} INFO - DAG(s) 'example_params_trigger_ui' retrieved from /home/crisu/miniconda3/envs/lab13.1/lib/python3.9/site-packages/airflow/example_dags/example_params_trigger_ui.py
[2024-12-07T04:07:47.766-0300] {logging_mixin.py:190} INFO - [2024-12-07T04:07:47.766-0300] {dag.py:3239} INFO - Sync 1 DAGs
[2024-12-07T04:07:47.779-0300] {logging_mixin.py:190} INFO - [2024-12-07T04:07:47.778-0300] {dag.py:4180} INFO - Setting next_dagrun for example_params_trigger_ui to None, run_after=None
[2024-12-07T04:07:47.841-0300] {processor.py:208} INFO - Processing /home/crisu/miniconda3/envs/lab13.1/lib/python3.9/site-packages/airflow/example_dags/example_params_trigger_ui.py took 0.142 seconds
[2024-12-07T04:09:50.935-0300] {processor.py:186} INFO - Started process (PID=49459) to work on /home/crisu/miniconda3/envs/lab13.1/lib/python3.9/site-packages/airflow/example_dags/example_params_trigger_ui.py
[2024-12-07T04:09:50.937-0300] {processor.py:914} INFO - Processing file /home/crisu/miniconda3/envs/lab13.1/lib/python3.9/site-packages/airflow/example_dags/example_params_trigger_ui.py for tasks to queue
[2024-12-07T04:09:50.939-0300] {logging_mixin.py:190} INFO - [2024-12-07T04:09:50.938-0300] {dagbag.py:588} INFO - Filling up the DagBag from /home/crisu/miniconda3/envs/lab13.1/lib/python3.9/site-packages/airflow/example_dags/example_params_trigger_ui.py
[2024-12-07T04:09:50.950-0300] {processor.py:925} INFO - DAG(s) 'example_params_trigger_ui' retrieved from /home/crisu/miniconda3/envs/lab13.1/lib/python3.9/site-packages/airflow/example_dags/example_params_trigger_ui.py
[2024-12-07T04:09:51.004-0300] {logging_mixin.py:190} INFO - [2024-12-07T04:09:51.004-0300] {dag.py:3239} INFO - Sync 1 DAGs
[2024-12-07T04:09:51.015-0300] {logging_mixin.py:190} INFO - [2024-12-07T04:09:51.015-0300] {dag.py:4180} INFO - Setting next_dagrun for example_params_trigger_ui to None, run_after=None
[2024-12-07T04:09:51.081-0300] {processor.py:208} INFO - Processing /home/crisu/miniconda3/envs/lab13.1/lib/python3.9/site-packages/airflow/example_dags/example_params_trigger_ui.py took 0.153 seconds
[2024-12-07T04:11:51.364-0300] {processor.py:186} INFO - Started process (PID=49630) to work on /home/crisu/miniconda3/envs/lab13.1/lib/python3.9/site-packages/airflow/example_dags/example_params_trigger_ui.py
[2024-12-07T04:11:51.366-0300] {processor.py:914} INFO - Processing file /home/crisu/miniconda3/envs/lab13.1/lib/python3.9/site-packages/airflow/example_dags/example_params_trigger_ui.py for tasks to queue
[2024-12-07T04:11:51.368-0300] {logging_mixin.py:190} INFO - [2024-12-07T04:11:51.367-0300] {dagbag.py:588} INFO - Filling up the DagBag from /home/crisu/miniconda3/envs/lab13.1/lib/python3.9/site-packages/airflow/example_dags/example_params_trigger_ui.py
[2024-12-07T04:11:51.376-0300] {processor.py:925} INFO - DAG(s) 'example_params_trigger_ui' retrieved from /home/crisu/miniconda3/envs/lab13.1/lib/python3.9/site-packages/airflow/example_dags/example_params_trigger_ui.py
[2024-12-07T04:11:51.416-0300] {logging_mixin.py:190} INFO - [2024-12-07T04:11:51.415-0300] {dag.py:3239} INFO - Sync 1 DAGs
[2024-12-07T04:11:51.427-0300] {logging_mixin.py:190} INFO - [2024-12-07T04:11:51.426-0300] {dag.py:4180} INFO - Setting next_dagrun for example_params_trigger_ui to None, run_after=None
[2024-12-07T04:11:51.490-0300] {processor.py:208} INFO - Processing /home/crisu/miniconda3/envs/lab13.1/lib/python3.9/site-packages/airflow/example_dags/example_params_trigger_ui.py took 0.131 seconds
[2024-12-07T04:13:07.058-0300] {processor.py:186} INFO - Started process (PID=49751) to work on /home/crisu/miniconda3/envs/lab13.1/lib/python3.9/site-packages/airflow/example_dags/example_params_trigger_ui.py
[2024-12-07T04:13:07.068-0300] {processor.py:914} INFO - Processing file /home/crisu/miniconda3/envs/lab13.1/lib/python3.9/site-packages/airflow/example_dags/example_params_trigger_ui.py for tasks to queue
[2024-12-07T04:13:07.069-0300] {logging_mixin.py:190} INFO - [2024-12-07T04:13:07.069-0300] {dagbag.py:588} INFO - Filling up the DagBag from /home/crisu/miniconda3/envs/lab13.1/lib/python3.9/site-packages/airflow/example_dags/example_params_trigger_ui.py
[2024-12-07T04:13:07.079-0300] {processor.py:925} INFO - DAG(s) 'example_params_trigger_ui' retrieved from /home/crisu/miniconda3/envs/lab13.1/lib/python3.9/site-packages/airflow/example_dags/example_params_trigger_ui.py
[2024-12-07T04:13:07.118-0300] {logging_mixin.py:190} INFO - [2024-12-07T04:13:07.118-0300] {dag.py:3239} INFO - Sync 1 DAGs
[2024-12-07T04:13:07.129-0300] {logging_mixin.py:190} INFO - [2024-12-07T04:13:07.129-0300] {dag.py:4180} INFO - Setting next_dagrun for example_params_trigger_ui to None, run_after=None
[2024-12-07T04:13:07.215-0300] {processor.py:208} INFO - Processing /home/crisu/miniconda3/envs/lab13.1/lib/python3.9/site-packages/airflow/example_dags/example_params_trigger_ui.py took 0.163 seconds
[2024-12-07T04:14:25.085-0300] {processor.py:186} INFO - Started process (PID=49933) to work on /home/crisu/miniconda3/envs/lab13.1/lib/python3.9/site-packages/airflow/example_dags/example_params_trigger_ui.py
[2024-12-07T04:14:25.098-0300] {processor.py:914} INFO - Processing file /home/crisu/miniconda3/envs/lab13.1/lib/python3.9/site-packages/airflow/example_dags/example_params_trigger_ui.py for tasks to queue
[2024-12-07T04:14:25.100-0300] {logging_mixin.py:190} INFO - [2024-12-07T04:14:25.099-0300] {dagbag.py:588} INFO - Filling up the DagBag from /home/crisu/miniconda3/envs/lab13.1/lib/python3.9/site-packages/airflow/example_dags/example_params_trigger_ui.py
[2024-12-07T04:14:25.110-0300] {processor.py:925} INFO - DAG(s) 'example_params_trigger_ui' retrieved from /home/crisu/miniconda3/envs/lab13.1/lib/python3.9/site-packages/airflow/example_dags/example_params_trigger_ui.py
[2024-12-07T04:14:25.152-0300] {logging_mixin.py:190} INFO - [2024-12-07T04:14:25.152-0300] {dag.py:3239} INFO - Sync 1 DAGs
[2024-12-07T04:14:25.163-0300] {logging_mixin.py:190} INFO - [2024-12-07T04:14:25.163-0300] {dag.py:4180} INFO - Setting next_dagrun for example_params_trigger_ui to None, run_after=None
[2024-12-07T04:14:25.225-0300] {processor.py:208} INFO - Processing /home/crisu/miniconda3/envs/lab13.1/lib/python3.9/site-packages/airflow/example_dags/example_params_trigger_ui.py took 0.146 seconds
[2024-12-07T04:15:42.286-0300] {processor.py:186} INFO - Started process (PID=50042) to work on /home/crisu/miniconda3/envs/lab13.1/lib/python3.9/site-packages/airflow/example_dags/example_params_trigger_ui.py
[2024-12-07T04:15:42.297-0300] {processor.py:914} INFO - Processing file /home/crisu/miniconda3/envs/lab13.1/lib/python3.9/site-packages/airflow/example_dags/example_params_trigger_ui.py for tasks to queue
[2024-12-07T04:15:42.298-0300] {logging_mixin.py:190} INFO - [2024-12-07T04:15:42.298-0300] {dagbag.py:588} INFO - Filling up the DagBag from /home/crisu/miniconda3/envs/lab13.1/lib/python3.9/site-packages/airflow/example_dags/example_params_trigger_ui.py
[2024-12-07T04:15:42.307-0300] {processor.py:925} INFO - DAG(s) 'example_params_trigger_ui' retrieved from /home/crisu/miniconda3/envs/lab13.1/lib/python3.9/site-packages/airflow/example_dags/example_params_trigger_ui.py
[2024-12-07T04:15:42.347-0300] {logging_mixin.py:190} INFO - [2024-12-07T04:15:42.347-0300] {dag.py:3239} INFO - Sync 1 DAGs
[2024-12-07T04:15:42.358-0300] {logging_mixin.py:190} INFO - [2024-12-07T04:15:42.358-0300] {dag.py:4180} INFO - Setting next_dagrun for example_params_trigger_ui to None, run_after=None
[2024-12-07T04:15:42.416-0300] {processor.py:208} INFO - Processing /home/crisu/miniconda3/envs/lab13.1/lib/python3.9/site-packages/airflow/example_dags/example_params_trigger_ui.py took 0.135 seconds
