[2024-12-07T01:56:18.091-0300] {processor.py:186} INFO - Started process (PID=34215) to work on /home/crisu/miniconda3/envs/lab13.1/lib/python3.9/site-packages/airflow/example_dags/example_inlet_event_extra.py
[2024-12-07T01:56:18.091-0300] {processor.py:914} INFO - Processing file /home/crisu/miniconda3/envs/lab13.1/lib/python3.9/site-packages/airflow/example_dags/example_inlet_event_extra.py for tasks to queue
[2024-12-07T01:56:18.093-0300] {logging_mixin.py:190} INFO - [2024-12-07T01:56:18.093-0300] {dagbag.py:588} INFO - Filling up the DagBag from /home/crisu/miniconda3/envs/lab13.1/lib/python3.9/site-packages/airflow/example_dags/example_inlet_event_extra.py
[2024-12-07T01:56:18.104-0300] {processor.py:925} INFO - DAG(s) 'read_dataset_event', 'read_dataset_event_from_classic' retrieved from /home/crisu/miniconda3/envs/lab13.1/lib/python3.9/site-packages/airflow/example_dags/example_inlet_event_extra.py
[2024-12-07T01:56:20.382-0300] {logging_mixin.py:190} INFO - [2024-12-07T01:56:20.382-0300] {override.py:1911} INFO - Created Permission View: can delete on DAG:read_dataset_event
[2024-12-07T01:56:21.010-0300] {logging_mixin.py:190} INFO - [2024-12-07T01:56:21.010-0300] {override.py:1911} INFO - Created Permission View: can edit on DAG:read_dataset_event
[2024-12-07T01:56:22.114-0300] {logging_mixin.py:190} INFO - [2024-12-07T01:56:22.113-0300] {override.py:1911} INFO - Created Permission View: can read on DAG:read_dataset_event
[2024-12-07T01:56:24.217-0300] {logging_mixin.py:190} INFO - [2024-12-07T01:56:24.217-0300] {override.py:1911} INFO - Created Permission View: menu access on DAG Run:read_dataset_event
[2024-12-07T01:56:25.583-0300] {logging_mixin.py:190} INFO - [2024-12-07T01:56:25.582-0300] {override.py:1911} INFO - Created Permission View: can delete on DAG Run:read_dataset_event
[2024-12-07T01:56:26.767-0300] {logging_mixin.py:190} INFO - [2024-12-07T01:56:26.767-0300] {override.py:1911} INFO - Created Permission View: can read on DAG Run:read_dataset_event
[2024-12-07T01:56:27.422-0300] {logging_mixin.py:190} INFO - [2024-12-07T01:56:27.422-0300] {override.py:1911} INFO - Created Permission View: can create on DAG Run:read_dataset_event
[2024-12-07T01:56:29.303-0300] {logging_mixin.py:190} INFO - [2024-12-07T01:56:29.303-0300] {override.py:1911} INFO - Created Permission View: can delete on DAG:read_dataset_event_from_classic
[2024-12-07T01:56:30.546-0300] {logging_mixin.py:190} INFO - [2024-12-07T01:56:30.545-0300] {override.py:1911} INFO - Created Permission View: can edit on DAG:read_dataset_event_from_classic
[2024-12-07T01:56:31.881-0300] {logging_mixin.py:190} INFO - [2024-12-07T01:56:31.881-0300] {override.py:1911} INFO - Created Permission View: can read on DAG:read_dataset_event_from_classic
[2024-12-07T01:56:34.033-0300] {logging_mixin.py:190} INFO - [2024-12-07T01:56:34.032-0300] {override.py:1911} INFO - Created Permission View: menu access on DAG Run:read_dataset_event_from_classic
[2024-12-07T01:56:35.876-0300] {logging_mixin.py:190} INFO - [2024-12-07T01:56:35.876-0300] {override.py:1911} INFO - Created Permission View: can delete on DAG Run:read_dataset_event_from_classic
[2024-12-07T01:56:38.241-0300] {logging_mixin.py:190} INFO - [2024-12-07T01:56:38.240-0300] {override.py:1911} INFO - Created Permission View: can read on DAG Run:read_dataset_event_from_classic
[2024-12-07T01:56:39.322-0300] {logging_mixin.py:190} INFO - [2024-12-07T01:56:39.322-0300] {override.py:1911} INFO - Created Permission View: can create on DAG Run:read_dataset_event_from_classic
[2024-12-07T01:56:39.323-0300] {logging_mixin.py:190} INFO - [2024-12-07T01:56:39.323-0300] {dag.py:3239} INFO - Sync 2 DAGs
[2024-12-07T01:56:39.335-0300] {logging_mixin.py:190} INFO - [2024-12-07T01:56:39.335-0300] {dag.py:3262} INFO - Creating ORM DAG for read_dataset_event
[2024-12-07T01:56:39.335-0300] {logging_mixin.py:190} INFO - [2024-12-07T01:56:39.335-0300] {dag.py:3262} INFO - Creating ORM DAG for read_dataset_event_from_classic
[2024-12-07T01:56:39.345-0300] {logging_mixin.py:190} INFO - [2024-12-07T01:56:39.345-0300] {dag.py:4180} INFO - Setting next_dagrun for read_dataset_event to 2024-12-06 00:00:00+00:00, run_after=2024-12-07 00:00:00+00:00
[2024-12-07T01:56:39.347-0300] {logging_mixin.py:190} INFO - [2024-12-07T01:56:39.347-0300] {dag.py:4180} INFO - Setting next_dagrun for read_dataset_event_from_classic to 2024-12-06 00:00:00+00:00, run_after=2024-12-07 00:00:00+00:00
[2024-12-07T01:56:40.597-0300] {processor.py:208} INFO - Processing /home/crisu/miniconda3/envs/lab13.1/lib/python3.9/site-packages/airflow/example_dags/example_inlet_event_extra.py took 22.511 seconds
[2024-12-07T02:08:25.273-0300] {processor.py:186} INFO - Started process (PID=35487) to work on /home/crisu/miniconda3/envs/lab13.1/lib/python3.9/site-packages/airflow/example_dags/example_inlet_event_extra.py
[2024-12-07T02:08:25.784-0300] {processor.py:914} INFO - Processing file /home/crisu/miniconda3/envs/lab13.1/lib/python3.9/site-packages/airflow/example_dags/example_inlet_event_extra.py for tasks to queue
[2024-12-07T02:08:25.786-0300] {logging_mixin.py:190} INFO - [2024-12-07T02:08:25.786-0300] {dagbag.py:588} INFO - Filling up the DagBag from /home/crisu/miniconda3/envs/lab13.1/lib/python3.9/site-packages/airflow/example_dags/example_inlet_event_extra.py
[2024-12-07T02:08:25.799-0300] {processor.py:925} INFO - DAG(s) 'read_dataset_event', 'read_dataset_event_from_classic' retrieved from /home/crisu/miniconda3/envs/lab13.1/lib/python3.9/site-packages/airflow/example_dags/example_inlet_event_extra.py
[2024-12-07T02:08:25.819-0300] {logging_mixin.py:190} INFO - [2024-12-07T02:08:25.819-0300] {dag.py:3239} INFO - Sync 2 DAGs
[2024-12-07T02:08:25.844-0300] {logging_mixin.py:190} INFO - [2024-12-07T02:08:25.844-0300] {dag.py:4180} INFO - Setting next_dagrun for read_dataset_event to 2024-12-06 00:00:00+00:00, run_after=2024-12-07 00:00:00+00:00
[2024-12-07T02:08:25.850-0300] {logging_mixin.py:190} INFO - [2024-12-07T02:08:25.849-0300] {dag.py:4180} INFO - Setting next_dagrun for read_dataset_event_from_classic to 2024-12-06 00:00:00+00:00, run_after=2024-12-07 00:00:00+00:00
[2024-12-07T02:08:29.092-0300] {processor.py:208} INFO - Processing /home/crisu/miniconda3/envs/lab13.1/lib/python3.9/site-packages/airflow/example_dags/example_inlet_event_extra.py took 3.828 seconds
[2024-12-07T02:12:06.900-0300] {processor.py:186} INFO - Started process (PID=35940) to work on /home/crisu/miniconda3/envs/lab13.1/lib/python3.9/site-packages/airflow/example_dags/example_inlet_event_extra.py
[2024-12-07T02:12:06.901-0300] {processor.py:914} INFO - Processing file /home/crisu/miniconda3/envs/lab13.1/lib/python3.9/site-packages/airflow/example_dags/example_inlet_event_extra.py for tasks to queue
[2024-12-07T02:12:06.904-0300] {logging_mixin.py:190} INFO - [2024-12-07T02:12:06.903-0300] {dagbag.py:588} INFO - Filling up the DagBag from /home/crisu/miniconda3/envs/lab13.1/lib/python3.9/site-packages/airflow/example_dags/example_inlet_event_extra.py
[2024-12-07T02:12:06.916-0300] {processor.py:925} INFO - DAG(s) 'read_dataset_event_from_classic', 'read_dataset_event' retrieved from /home/crisu/miniconda3/envs/lab13.1/lib/python3.9/site-packages/airflow/example_dags/example_inlet_event_extra.py
[2024-12-07T02:12:06.932-0300] {logging_mixin.py:190} INFO - [2024-12-07T02:12:06.932-0300] {dag.py:3239} INFO - Sync 2 DAGs
[2024-12-07T02:12:06.955-0300] {logging_mixin.py:190} INFO - [2024-12-07T02:12:06.954-0300] {dag.py:4180} INFO - Setting next_dagrun for read_dataset_event to 2024-12-06 00:00:00+00:00, run_after=2024-12-07 00:00:00+00:00
[2024-12-07T02:12:06.959-0300] {logging_mixin.py:190} INFO - [2024-12-07T02:12:06.958-0300] {dag.py:4180} INFO - Setting next_dagrun for read_dataset_event_from_classic to 2024-12-06 00:00:00+00:00, run_after=2024-12-07 00:00:00+00:00
[2024-12-07T02:12:07.072-0300] {processor.py:208} INFO - Processing /home/crisu/miniconda3/envs/lab13.1/lib/python3.9/site-packages/airflow/example_dags/example_inlet_event_extra.py took 0.180 seconds
[2024-12-07T02:14:20.156-0300] {processor.py:186} INFO - Started process (PID=36257) to work on /home/crisu/miniconda3/envs/lab13.1/lib/python3.9/site-packages/airflow/example_dags/example_inlet_event_extra.py
[2024-12-07T02:14:20.217-0300] {processor.py:914} INFO - Processing file /home/crisu/miniconda3/envs/lab13.1/lib/python3.9/site-packages/airflow/example_dags/example_inlet_event_extra.py for tasks to queue
[2024-12-07T02:14:20.219-0300] {logging_mixin.py:190} INFO - [2024-12-07T02:14:20.219-0300] {dagbag.py:588} INFO - Filling up the DagBag from /home/crisu/miniconda3/envs/lab13.1/lib/python3.9/site-packages/airflow/example_dags/example_inlet_event_extra.py
[2024-12-07T02:14:20.230-0300] {processor.py:925} INFO - DAG(s) 'read_dataset_event_from_classic', 'read_dataset_event' retrieved from /home/crisu/miniconda3/envs/lab13.1/lib/python3.9/site-packages/airflow/example_dags/example_inlet_event_extra.py
[2024-12-07T02:14:20.245-0300] {logging_mixin.py:190} INFO - [2024-12-07T02:14:20.244-0300] {dag.py:3239} INFO - Sync 2 DAGs
[2024-12-07T02:14:20.264-0300] {logging_mixin.py:190} INFO - [2024-12-07T02:14:20.263-0300] {dag.py:4180} INFO - Setting next_dagrun for read_dataset_event to 2024-12-06 00:00:00+00:00, run_after=2024-12-07 00:00:00+00:00
[2024-12-07T02:14:20.267-0300] {logging_mixin.py:190} INFO - [2024-12-07T02:14:20.267-0300] {dag.py:4180} INFO - Setting next_dagrun for read_dataset_event_from_classic to 2024-12-06 00:00:00+00:00, run_after=2024-12-07 00:00:00+00:00
[2024-12-07T02:14:20.328-0300] {processor.py:208} INFO - Processing /home/crisu/miniconda3/envs/lab13.1/lib/python3.9/site-packages/airflow/example_dags/example_inlet_event_extra.py took 0.178 seconds
[2024-12-07T02:16:31.449-0300] {processor.py:186} INFO - Started process (PID=36473) to work on /home/crisu/miniconda3/envs/lab13.1/lib/python3.9/site-packages/airflow/example_dags/example_inlet_event_extra.py
[2024-12-07T02:16:31.487-0300] {processor.py:914} INFO - Processing file /home/crisu/miniconda3/envs/lab13.1/lib/python3.9/site-packages/airflow/example_dags/example_inlet_event_extra.py for tasks to queue
[2024-12-07T02:16:31.489-0300] {logging_mixin.py:190} INFO - [2024-12-07T02:16:31.488-0300] {dagbag.py:588} INFO - Filling up the DagBag from /home/crisu/miniconda3/envs/lab13.1/lib/python3.9/site-packages/airflow/example_dags/example_inlet_event_extra.py
[2024-12-07T02:16:31.500-0300] {processor.py:925} INFO - DAG(s) 'read_dataset_event', 'read_dataset_event_from_classic' retrieved from /home/crisu/miniconda3/envs/lab13.1/lib/python3.9/site-packages/airflow/example_dags/example_inlet_event_extra.py
[2024-12-07T02:16:31.515-0300] {logging_mixin.py:190} INFO - [2024-12-07T02:16:31.515-0300] {dag.py:3239} INFO - Sync 2 DAGs
[2024-12-07T02:16:31.535-0300] {logging_mixin.py:190} INFO - [2024-12-07T02:16:31.535-0300] {dag.py:4180} INFO - Setting next_dagrun for read_dataset_event to 2024-12-06 00:00:00+00:00, run_after=2024-12-07 00:00:00+00:00
[2024-12-07T02:16:31.539-0300] {logging_mixin.py:190} INFO - [2024-12-07T02:16:31.538-0300] {dag.py:4180} INFO - Setting next_dagrun for read_dataset_event_from_classic to 2024-12-06 00:00:00+00:00, run_after=2024-12-07 00:00:00+00:00
[2024-12-07T02:16:31.592-0300] {processor.py:208} INFO - Processing /home/crisu/miniconda3/envs/lab13.1/lib/python3.9/site-packages/airflow/example_dags/example_inlet_event_extra.py took 0.156 seconds
[2024-12-07T02:18:00.748-0300] {processor.py:186} INFO - Started process (PID=36627) to work on /home/crisu/miniconda3/envs/lab13.1/lib/python3.9/site-packages/airflow/example_dags/example_inlet_event_extra.py
[2024-12-07T02:18:00.802-0300] {processor.py:914} INFO - Processing file /home/crisu/miniconda3/envs/lab13.1/lib/python3.9/site-packages/airflow/example_dags/example_inlet_event_extra.py for tasks to queue
[2024-12-07T02:18:00.803-0300] {logging_mixin.py:190} INFO - [2024-12-07T02:18:00.803-0300] {dagbag.py:588} INFO - Filling up the DagBag from /home/crisu/miniconda3/envs/lab13.1/lib/python3.9/site-packages/airflow/example_dags/example_inlet_event_extra.py
[2024-12-07T02:18:00.814-0300] {processor.py:925} INFO - DAG(s) 'read_dataset_event_from_classic', 'read_dataset_event' retrieved from /home/crisu/miniconda3/envs/lab13.1/lib/python3.9/site-packages/airflow/example_dags/example_inlet_event_extra.py
[2024-12-07T02:18:00.829-0300] {logging_mixin.py:190} INFO - [2024-12-07T02:18:00.828-0300] {dag.py:3239} INFO - Sync 2 DAGs
[2024-12-07T02:18:00.849-0300] {logging_mixin.py:190} INFO - [2024-12-07T02:18:00.849-0300] {dag.py:4180} INFO - Setting next_dagrun for read_dataset_event to 2024-12-06 00:00:00+00:00, run_after=2024-12-07 00:00:00+00:00
[2024-12-07T02:18:00.853-0300] {logging_mixin.py:190} INFO - [2024-12-07T02:18:00.852-0300] {dag.py:4180} INFO - Setting next_dagrun for read_dataset_event_from_classic to 2024-12-06 00:00:00+00:00, run_after=2024-12-07 00:00:00+00:00
[2024-12-07T02:18:00.921-0300] {processor.py:208} INFO - Processing /home/crisu/miniconda3/envs/lab13.1/lib/python3.9/site-packages/airflow/example_dags/example_inlet_event_extra.py took 0.180 seconds
[2024-12-07T02:32:00.331-0300] {processor.py:186} INFO - Started process (PID=38037) to work on /home/crisu/miniconda3/envs/lab13.1/lib/python3.9/site-packages/airflow/example_dags/example_inlet_event_extra.py
[2024-12-07T02:32:00.332-0300] {processor.py:914} INFO - Processing file /home/crisu/miniconda3/envs/lab13.1/lib/python3.9/site-packages/airflow/example_dags/example_inlet_event_extra.py for tasks to queue
[2024-12-07T02:32:00.335-0300] {logging_mixin.py:190} INFO - [2024-12-07T02:32:00.335-0300] {dagbag.py:588} INFO - Filling up the DagBag from /home/crisu/miniconda3/envs/lab13.1/lib/python3.9/site-packages/airflow/example_dags/example_inlet_event_extra.py
[2024-12-07T02:32:00.352-0300] {processor.py:925} INFO - DAG(s) 'read_dataset_event', 'read_dataset_event_from_classic' retrieved from /home/crisu/miniconda3/envs/lab13.1/lib/python3.9/site-packages/airflow/example_dags/example_inlet_event_extra.py
[2024-12-07T02:32:00.375-0300] {logging_mixin.py:190} INFO - [2024-12-07T02:32:00.374-0300] {dag.py:3239} INFO - Sync 2 DAGs
[2024-12-07T02:32:00.407-0300] {logging_mixin.py:190} INFO - [2024-12-07T02:32:00.407-0300] {dag.py:4180} INFO - Setting next_dagrun for read_dataset_event to 2024-12-06 00:00:00+00:00, run_after=2024-12-07 00:00:00+00:00
[2024-12-07T02:32:00.413-0300] {logging_mixin.py:190} INFO - [2024-12-07T02:32:00.413-0300] {dag.py:4180} INFO - Setting next_dagrun for read_dataset_event_from_classic to 2024-12-06 00:00:00+00:00, run_after=2024-12-07 00:00:00+00:00
[2024-12-07T02:32:01.487-0300] {processor.py:208} INFO - Processing /home/crisu/miniconda3/envs/lab13.1/lib/python3.9/site-packages/airflow/example_dags/example_inlet_event_extra.py took 1.165 seconds
[2024-12-07T02:34:05.048-0300] {processor.py:186} INFO - Started process (PID=38274) to work on /home/crisu/miniconda3/envs/lab13.1/lib/python3.9/site-packages/airflow/example_dags/example_inlet_event_extra.py
[2024-12-07T02:34:05.058-0300] {processor.py:914} INFO - Processing file /home/crisu/miniconda3/envs/lab13.1/lib/python3.9/site-packages/airflow/example_dags/example_inlet_event_extra.py for tasks to queue
[2024-12-07T02:34:05.059-0300] {logging_mixin.py:190} INFO - [2024-12-07T02:34:05.059-0300] {dagbag.py:588} INFO - Filling up the DagBag from /home/crisu/miniconda3/envs/lab13.1/lib/python3.9/site-packages/airflow/example_dags/example_inlet_event_extra.py
[2024-12-07T02:34:05.070-0300] {processor.py:925} INFO - DAG(s) 'read_dataset_event', 'read_dataset_event_from_classic' retrieved from /home/crisu/miniconda3/envs/lab13.1/lib/python3.9/site-packages/airflow/example_dags/example_inlet_event_extra.py
[2024-12-07T02:34:05.086-0300] {logging_mixin.py:190} INFO - [2024-12-07T02:34:05.085-0300] {dag.py:3239} INFO - Sync 2 DAGs
[2024-12-07T02:34:05.108-0300] {logging_mixin.py:190} INFO - [2024-12-07T02:34:05.108-0300] {dag.py:4180} INFO - Setting next_dagrun for read_dataset_event to 2024-12-06 00:00:00+00:00, run_after=2024-12-07 00:00:00+00:00
[2024-12-07T02:34:05.112-0300] {logging_mixin.py:190} INFO - [2024-12-07T02:34:05.112-0300] {dag.py:4180} INFO - Setting next_dagrun for read_dataset_event_from_classic to 2024-12-06 00:00:00+00:00, run_after=2024-12-07 00:00:00+00:00
[2024-12-07T02:34:05.283-0300] {processor.py:208} INFO - Processing /home/crisu/miniconda3/envs/lab13.1/lib/python3.9/site-packages/airflow/example_dags/example_inlet_event_extra.py took 0.240 seconds
[2024-12-07T02:37:50.172-0300] {processor.py:186} INFO - Started process (PID=38673) to work on /home/crisu/miniconda3/envs/lab13.1/lib/python3.9/site-packages/airflow/example_dags/example_inlet_event_extra.py
[2024-12-07T02:37:50.174-0300] {processor.py:914} INFO - Processing file /home/crisu/miniconda3/envs/lab13.1/lib/python3.9/site-packages/airflow/example_dags/example_inlet_event_extra.py for tasks to queue
[2024-12-07T02:37:50.176-0300] {logging_mixin.py:190} INFO - [2024-12-07T02:37:50.176-0300] {dagbag.py:588} INFO - Filling up the DagBag from /home/crisu/miniconda3/envs/lab13.1/lib/python3.9/site-packages/airflow/example_dags/example_inlet_event_extra.py
[2024-12-07T02:37:50.187-0300] {processor.py:925} INFO - DAG(s) 'read_dataset_event', 'read_dataset_event_from_classic' retrieved from /home/crisu/miniconda3/envs/lab13.1/lib/python3.9/site-packages/airflow/example_dags/example_inlet_event_extra.py
[2024-12-07T02:37:50.203-0300] {logging_mixin.py:190} INFO - [2024-12-07T02:37:50.203-0300] {dag.py:3239} INFO - Sync 2 DAGs
[2024-12-07T02:37:50.222-0300] {logging_mixin.py:190} INFO - [2024-12-07T02:37:50.222-0300] {dag.py:4180} INFO - Setting next_dagrun for read_dataset_event to 2024-12-06 00:00:00+00:00, run_after=2024-12-07 00:00:00+00:00
[2024-12-07T02:37:50.316-0300] {logging_mixin.py:190} INFO - [2024-12-07T02:37:50.316-0300] {dag.py:4180} INFO - Setting next_dagrun for read_dataset_event_from_classic to 2024-12-06 00:00:00+00:00, run_after=2024-12-07 00:00:00+00:00
[2024-12-07T02:37:51.485-0300] {processor.py:208} INFO - Processing /home/crisu/miniconda3/envs/lab13.1/lib/python3.9/site-packages/airflow/example_dags/example_inlet_event_extra.py took 1.318 seconds
[2024-12-07T02:40:46.504-0300] {processor.py:186} INFO - Started process (PID=38920) to work on /home/crisu/miniconda3/envs/lab13.1/lib/python3.9/site-packages/airflow/example_dags/example_inlet_event_extra.py
[2024-12-07T02:40:46.505-0300] {processor.py:914} INFO - Processing file /home/crisu/miniconda3/envs/lab13.1/lib/python3.9/site-packages/airflow/example_dags/example_inlet_event_extra.py for tasks to queue
[2024-12-07T02:40:46.508-0300] {logging_mixin.py:190} INFO - [2024-12-07T02:40:46.507-0300] {dagbag.py:588} INFO - Filling up the DagBag from /home/crisu/miniconda3/envs/lab13.1/lib/python3.9/site-packages/airflow/example_dags/example_inlet_event_extra.py
[2024-12-07T02:40:46.518-0300] {processor.py:925} INFO - DAG(s) 'read_dataset_event', 'read_dataset_event_from_classic' retrieved from /home/crisu/miniconda3/envs/lab13.1/lib/python3.9/site-packages/airflow/example_dags/example_inlet_event_extra.py
[2024-12-07T02:40:46.534-0300] {logging_mixin.py:190} INFO - [2024-12-07T02:40:46.534-0300] {dag.py:3239} INFO - Sync 2 DAGs
[2024-12-07T02:40:46.553-0300] {logging_mixin.py:190} INFO - [2024-12-07T02:40:46.553-0300] {dag.py:4180} INFO - Setting next_dagrun for read_dataset_event to 2024-12-06 00:00:00+00:00, run_after=2024-12-07 00:00:00+00:00
[2024-12-07T02:40:46.557-0300] {logging_mixin.py:190} INFO - [2024-12-07T02:40:46.557-0300] {dag.py:4180} INFO - Setting next_dagrun for read_dataset_event_from_classic to 2024-12-06 00:00:00+00:00, run_after=2024-12-07 00:00:00+00:00
[2024-12-07T02:40:46.608-0300] {processor.py:208} INFO - Processing /home/crisu/miniconda3/envs/lab13.1/lib/python3.9/site-packages/airflow/example_dags/example_inlet_event_extra.py took 0.111 seconds
[2024-12-07T02:41:58.841-0300] {processor.py:186} INFO - Started process (PID=39056) to work on /home/crisu/miniconda3/envs/lab13.1/lib/python3.9/site-packages/airflow/example_dags/example_inlet_event_extra.py
[2024-12-07T02:41:58.846-0300] {processor.py:914} INFO - Processing file /home/crisu/miniconda3/envs/lab13.1/lib/python3.9/site-packages/airflow/example_dags/example_inlet_event_extra.py for tasks to queue
[2024-12-07T02:41:58.847-0300] {logging_mixin.py:190} INFO - [2024-12-07T02:41:58.847-0300] {dagbag.py:588} INFO - Filling up the DagBag from /home/crisu/miniconda3/envs/lab13.1/lib/python3.9/site-packages/airflow/example_dags/example_inlet_event_extra.py
[2024-12-07T02:41:58.859-0300] {processor.py:925} INFO - DAG(s) 'read_dataset_event_from_classic', 'read_dataset_event' retrieved from /home/crisu/miniconda3/envs/lab13.1/lib/python3.9/site-packages/airflow/example_dags/example_inlet_event_extra.py
[2024-12-07T02:41:58.874-0300] {logging_mixin.py:190} INFO - [2024-12-07T02:41:58.873-0300] {dag.py:3239} INFO - Sync 2 DAGs
[2024-12-07T02:41:58.892-0300] {logging_mixin.py:190} INFO - [2024-12-07T02:41:58.892-0300] {dag.py:4180} INFO - Setting next_dagrun for read_dataset_event to 2024-12-06 00:00:00+00:00, run_after=2024-12-07 00:00:00+00:00
[2024-12-07T02:41:58.896-0300] {logging_mixin.py:190} INFO - [2024-12-07T02:41:58.896-0300] {dag.py:4180} INFO - Setting next_dagrun for read_dataset_event_from_classic to 2024-12-06 00:00:00+00:00, run_after=2024-12-07 00:00:00+00:00
[2024-12-07T02:41:58.953-0300] {processor.py:208} INFO - Processing /home/crisu/miniconda3/envs/lab13.1/lib/python3.9/site-packages/airflow/example_dags/example_inlet_event_extra.py took 0.116 seconds
[2024-12-07T02:45:12.790-0300] {processor.py:186} INFO - Started process (PID=39744) to work on /home/crisu/miniconda3/envs/lab13.1/lib/python3.9/site-packages/airflow/example_dags/example_inlet_event_extra.py
[2024-12-07T02:45:12.792-0300] {processor.py:914} INFO - Processing file /home/crisu/miniconda3/envs/lab13.1/lib/python3.9/site-packages/airflow/example_dags/example_inlet_event_extra.py for tasks to queue
[2024-12-07T02:45:12.795-0300] {logging_mixin.py:190} INFO - [2024-12-07T02:45:12.794-0300] {dagbag.py:588} INFO - Filling up the DagBag from /home/crisu/miniconda3/envs/lab13.1/lib/python3.9/site-packages/airflow/example_dags/example_inlet_event_extra.py
[2024-12-07T02:45:12.810-0300] {processor.py:925} INFO - DAG(s) 'read_dataset_event', 'read_dataset_event_from_classic' retrieved from /home/crisu/miniconda3/envs/lab13.1/lib/python3.9/site-packages/airflow/example_dags/example_inlet_event_extra.py
[2024-12-07T02:45:12.825-0300] {logging_mixin.py:190} INFO - [2024-12-07T02:45:12.825-0300] {dag.py:3239} INFO - Sync 2 DAGs
[2024-12-07T02:45:12.846-0300] {logging_mixin.py:190} INFO - [2024-12-07T02:45:12.846-0300] {dag.py:4180} INFO - Setting next_dagrun for read_dataset_event to 2024-12-06 00:00:00+00:00, run_after=2024-12-07 00:00:00+00:00
[2024-12-07T02:45:12.850-0300] {logging_mixin.py:190} INFO - [2024-12-07T02:45:12.850-0300] {dag.py:4180} INFO - Setting next_dagrun for read_dataset_event_from_classic to 2024-12-06 00:00:00+00:00, run_after=2024-12-07 00:00:00+00:00
[2024-12-07T02:45:12.905-0300] {processor.py:208} INFO - Processing /home/crisu/miniconda3/envs/lab13.1/lib/python3.9/site-packages/airflow/example_dags/example_inlet_event_extra.py took 0.122 seconds
[2024-12-07T02:50:32.781-0300] {processor.py:186} INFO - Started process (PID=40824) to work on /home/crisu/miniconda3/envs/lab13.1/lib/python3.9/site-packages/airflow/example_dags/example_inlet_event_extra.py
[2024-12-07T02:50:32.782-0300] {processor.py:914} INFO - Processing file /home/crisu/miniconda3/envs/lab13.1/lib/python3.9/site-packages/airflow/example_dags/example_inlet_event_extra.py for tasks to queue
[2024-12-07T02:50:32.784-0300] {logging_mixin.py:190} INFO - [2024-12-07T02:50:32.784-0300] {dagbag.py:588} INFO - Filling up the DagBag from /home/crisu/miniconda3/envs/lab13.1/lib/python3.9/site-packages/airflow/example_dags/example_inlet_event_extra.py
[2024-12-07T02:50:32.795-0300] {processor.py:925} INFO - DAG(s) 'read_dataset_event_from_classic', 'read_dataset_event' retrieved from /home/crisu/miniconda3/envs/lab13.1/lib/python3.9/site-packages/airflow/example_dags/example_inlet_event_extra.py
[2024-12-07T02:50:32.810-0300] {logging_mixin.py:190} INFO - [2024-12-07T02:50:32.810-0300] {dag.py:3239} INFO - Sync 2 DAGs
[2024-12-07T02:50:32.830-0300] {logging_mixin.py:190} INFO - [2024-12-07T02:50:32.830-0300] {dag.py:4180} INFO - Setting next_dagrun for read_dataset_event to 2024-12-06 00:00:00+00:00, run_after=2024-12-07 00:00:00+00:00
[2024-12-07T02:50:32.834-0300] {logging_mixin.py:190} INFO - [2024-12-07T02:50:32.834-0300] {dag.py:4180} INFO - Setting next_dagrun for read_dataset_event_from_classic to 2024-12-06 00:00:00+00:00, run_after=2024-12-07 00:00:00+00:00
[2024-12-07T02:50:32.902-0300] {processor.py:208} INFO - Processing /home/crisu/miniconda3/envs/lab13.1/lib/python3.9/site-packages/airflow/example_dags/example_inlet_event_extra.py took 0.127 seconds
[2024-12-07T03:21:07.150-0300] {processor.py:186} INFO - Started process (PID=42716) to work on /home/crisu/miniconda3/envs/lab13.1/lib/python3.9/site-packages/airflow/example_dags/example_inlet_event_extra.py
[2024-12-07T03:21:07.298-0300] {processor.py:914} INFO - Processing file /home/crisu/miniconda3/envs/lab13.1/lib/python3.9/site-packages/airflow/example_dags/example_inlet_event_extra.py for tasks to queue
[2024-12-07T03:21:07.300-0300] {logging_mixin.py:190} INFO - [2024-12-07T03:21:07.299-0300] {dagbag.py:588} INFO - Filling up the DagBag from /home/crisu/miniconda3/envs/lab13.1/lib/python3.9/site-packages/airflow/example_dags/example_inlet_event_extra.py
[2024-12-07T03:21:07.311-0300] {processor.py:925} INFO - DAG(s) 'read_dataset_event_from_classic', 'read_dataset_event' retrieved from /home/crisu/miniconda3/envs/lab13.1/lib/python3.9/site-packages/airflow/example_dags/example_inlet_event_extra.py
[2024-12-07T03:21:07.331-0300] {logging_mixin.py:190} INFO - [2024-12-07T03:21:07.331-0300] {dag.py:3239} INFO - Sync 2 DAGs
[2024-12-07T03:21:07.349-0300] {logging_mixin.py:190} INFO - [2024-12-07T03:21:07.349-0300] {dag.py:4180} INFO - Setting next_dagrun for read_dataset_event to 2024-12-06 00:00:00+00:00, run_after=2024-12-07 00:00:00+00:00
[2024-12-07T03:21:07.353-0300] {logging_mixin.py:190} INFO - [2024-12-07T03:21:07.353-0300] {dag.py:4180} INFO - Setting next_dagrun for read_dataset_event_from_classic to 2024-12-06 00:00:00+00:00, run_after=2024-12-07 00:00:00+00:00
[2024-12-07T03:21:08.928-0300] {processor.py:208} INFO - Processing /home/crisu/miniconda3/envs/lab13.1/lib/python3.9/site-packages/airflow/example_dags/example_inlet_event_extra.py took 1.783 seconds
[2024-12-07T03:24:14.841-0300] {processor.py:186} INFO - Started process (PID=42955) to work on /home/crisu/miniconda3/envs/lab13.1/lib/python3.9/site-packages/airflow/example_dags/example_inlet_event_extra.py
[2024-12-07T03:24:15.075-0300] {processor.py:914} INFO - Processing file /home/crisu/miniconda3/envs/lab13.1/lib/python3.9/site-packages/airflow/example_dags/example_inlet_event_extra.py for tasks to queue
[2024-12-07T03:24:15.076-0300] {logging_mixin.py:190} INFO - [2024-12-07T03:24:15.076-0300] {dagbag.py:588} INFO - Filling up the DagBag from /home/crisu/miniconda3/envs/lab13.1/lib/python3.9/site-packages/airflow/example_dags/example_inlet_event_extra.py
[2024-12-07T03:24:15.086-0300] {processor.py:925} INFO - DAG(s) 'read_dataset_event', 'read_dataset_event_from_classic' retrieved from /home/crisu/miniconda3/envs/lab13.1/lib/python3.9/site-packages/airflow/example_dags/example_inlet_event_extra.py
[2024-12-07T03:24:15.101-0300] {logging_mixin.py:190} INFO - [2024-12-07T03:24:15.101-0300] {dag.py:3239} INFO - Sync 2 DAGs
[2024-12-07T03:24:15.117-0300] {logging_mixin.py:190} INFO - [2024-12-07T03:24:15.117-0300] {dag.py:4180} INFO - Setting next_dagrun for read_dataset_event to 2024-12-06 00:00:00+00:00, run_after=2024-12-07 00:00:00+00:00
[2024-12-07T03:24:15.121-0300] {logging_mixin.py:190} INFO - [2024-12-07T03:24:15.121-0300] {dag.py:4180} INFO - Setting next_dagrun for read_dataset_event_from_classic to 2024-12-06 00:00:00+00:00, run_after=2024-12-07 00:00:00+00:00
[2024-12-07T03:24:16.641-0300] {processor.py:208} INFO - Processing /home/crisu/miniconda3/envs/lab13.1/lib/python3.9/site-packages/airflow/example_dags/example_inlet_event_extra.py took 1.805 seconds
[2024-12-07T03:27:59.040-0300] {processor.py:186} INFO - Started process (PID=43655) to work on /home/crisu/miniconda3/envs/lab13.1/lib/python3.9/site-packages/airflow/example_dags/example_inlet_event_extra.py
[2024-12-07T03:27:59.050-0300] {processor.py:914} INFO - Processing file /home/crisu/miniconda3/envs/lab13.1/lib/python3.9/site-packages/airflow/example_dags/example_inlet_event_extra.py for tasks to queue
[2024-12-07T03:27:59.053-0300] {logging_mixin.py:190} INFO - [2024-12-07T03:27:59.053-0300] {dagbag.py:588} INFO - Filling up the DagBag from /home/crisu/miniconda3/envs/lab13.1/lib/python3.9/site-packages/airflow/example_dags/example_inlet_event_extra.py
[2024-12-07T03:27:59.064-0300] {processor.py:925} INFO - DAG(s) 'read_dataset_event', 'read_dataset_event_from_classic' retrieved from /home/crisu/miniconda3/envs/lab13.1/lib/python3.9/site-packages/airflow/example_dags/example_inlet_event_extra.py
[2024-12-07T03:27:59.079-0300] {logging_mixin.py:190} INFO - [2024-12-07T03:27:59.078-0300] {dag.py:3239} INFO - Sync 2 DAGs
[2024-12-07T03:27:59.097-0300] {logging_mixin.py:190} INFO - [2024-12-07T03:27:59.097-0300] {dag.py:4180} INFO - Setting next_dagrun for read_dataset_event to 2024-12-06 00:00:00+00:00, run_after=2024-12-07 00:00:00+00:00
[2024-12-07T03:27:59.101-0300] {logging_mixin.py:190} INFO - [2024-12-07T03:27:59.101-0300] {dag.py:4180} INFO - Setting next_dagrun for read_dataset_event_from_classic to 2024-12-06 00:00:00+00:00, run_after=2024-12-07 00:00:00+00:00
[2024-12-07T03:27:59.163-0300] {processor.py:208} INFO - Processing /home/crisu/miniconda3/envs/lab13.1/lib/python3.9/site-packages/airflow/example_dags/example_inlet_event_extra.py took 0.129 seconds
[2024-12-07T03:34:35.184-0300] {processor.py:186} INFO - Started process (PID=44630) to work on /home/crisu/miniconda3/envs/lab13.1/lib/python3.9/site-packages/airflow/example_dags/example_inlet_event_extra.py
[2024-12-07T03:34:35.186-0300] {processor.py:914} INFO - Processing file /home/crisu/miniconda3/envs/lab13.1/lib/python3.9/site-packages/airflow/example_dags/example_inlet_event_extra.py for tasks to queue
[2024-12-07T03:34:35.189-0300] {logging_mixin.py:190} INFO - [2024-12-07T03:34:35.188-0300] {dagbag.py:588} INFO - Filling up the DagBag from /home/crisu/miniconda3/envs/lab13.1/lib/python3.9/site-packages/airflow/example_dags/example_inlet_event_extra.py
[2024-12-07T03:34:35.201-0300] {processor.py:925} INFO - DAG(s) 'read_dataset_event_from_classic', 'read_dataset_event' retrieved from /home/crisu/miniconda3/envs/lab13.1/lib/python3.9/site-packages/airflow/example_dags/example_inlet_event_extra.py
[2024-12-07T03:34:35.218-0300] {logging_mixin.py:190} INFO - [2024-12-07T03:34:35.218-0300] {dag.py:3239} INFO - Sync 2 DAGs
[2024-12-07T03:34:35.235-0300] {logging_mixin.py:190} INFO - [2024-12-07T03:34:35.235-0300] {dag.py:4180} INFO - Setting next_dagrun for read_dataset_event to 2024-12-06 00:00:00+00:00, run_after=2024-12-07 00:00:00+00:00
[2024-12-07T03:34:35.238-0300] {logging_mixin.py:190} INFO - [2024-12-07T03:34:35.238-0300] {dag.py:4180} INFO - Setting next_dagrun for read_dataset_event_from_classic to 2024-12-06 00:00:00+00:00, run_after=2024-12-07 00:00:00+00:00
[2024-12-07T03:34:36.164-0300] {processor.py:208} INFO - Processing /home/crisu/miniconda3/envs/lab13.1/lib/python3.9/site-packages/airflow/example_dags/example_inlet_event_extra.py took 0.986 seconds
[2024-12-07T03:36:04.004-0300] {processor.py:186} INFO - Started process (PID=44788) to work on /home/crisu/miniconda3/envs/lab13.1/lib/python3.9/site-packages/airflow/example_dags/example_inlet_event_extra.py
[2024-12-07T03:36:04.013-0300] {processor.py:914} INFO - Processing file /home/crisu/miniconda3/envs/lab13.1/lib/python3.9/site-packages/airflow/example_dags/example_inlet_event_extra.py for tasks to queue
[2024-12-07T03:36:04.014-0300] {logging_mixin.py:190} INFO - [2024-12-07T03:36:04.014-0300] {dagbag.py:588} INFO - Filling up the DagBag from /home/crisu/miniconda3/envs/lab13.1/lib/python3.9/site-packages/airflow/example_dags/example_inlet_event_extra.py
[2024-12-07T03:36:04.024-0300] {processor.py:925} INFO - DAG(s) 'read_dataset_event_from_classic', 'read_dataset_event' retrieved from /home/crisu/miniconda3/envs/lab13.1/lib/python3.9/site-packages/airflow/example_dags/example_inlet_event_extra.py
[2024-12-07T03:36:04.039-0300] {logging_mixin.py:190} INFO - [2024-12-07T03:36:04.039-0300] {dag.py:3239} INFO - Sync 2 DAGs
[2024-12-07T03:36:04.056-0300] {logging_mixin.py:190} INFO - [2024-12-07T03:36:04.056-0300] {dag.py:4180} INFO - Setting next_dagrun for read_dataset_event to 2024-12-06 00:00:00+00:00, run_after=2024-12-07 00:00:00+00:00
[2024-12-07T03:36:04.059-0300] {logging_mixin.py:190} INFO - [2024-12-07T03:36:04.059-0300] {dag.py:4180} INFO - Setting next_dagrun for read_dataset_event_from_classic to 2024-12-06 00:00:00+00:00, run_after=2024-12-07 00:00:00+00:00
[2024-12-07T03:36:04.204-0300] {processor.py:208} INFO - Processing /home/crisu/miniconda3/envs/lab13.1/lib/python3.9/site-packages/airflow/example_dags/example_inlet_event_extra.py took 0.205 seconds
[2024-12-07T03:38:07.848-0300] {processor.py:186} INFO - Started process (PID=44992) to work on /home/crisu/miniconda3/envs/lab13.1/lib/python3.9/site-packages/airflow/example_dags/example_inlet_event_extra.py
[2024-12-07T03:38:07.850-0300] {processor.py:914} INFO - Processing file /home/crisu/miniconda3/envs/lab13.1/lib/python3.9/site-packages/airflow/example_dags/example_inlet_event_extra.py for tasks to queue
[2024-12-07T03:38:07.851-0300] {logging_mixin.py:190} INFO - [2024-12-07T03:38:07.850-0300] {dagbag.py:588} INFO - Filling up the DagBag from /home/crisu/miniconda3/envs/lab13.1/lib/python3.9/site-packages/airflow/example_dags/example_inlet_event_extra.py
[2024-12-07T03:38:07.860-0300] {processor.py:925} INFO - DAG(s) 'read_dataset_event', 'read_dataset_event_from_classic' retrieved from /home/crisu/miniconda3/envs/lab13.1/lib/python3.9/site-packages/airflow/example_dags/example_inlet_event_extra.py
[2024-12-07T03:38:07.874-0300] {logging_mixin.py:190} INFO - [2024-12-07T03:38:07.874-0300] {dag.py:3239} INFO - Sync 2 DAGs
[2024-12-07T03:38:07.891-0300] {logging_mixin.py:190} INFO - [2024-12-07T03:38:07.891-0300] {dag.py:4180} INFO - Setting next_dagrun for read_dataset_event to 2024-12-06 00:00:00+00:00, run_after=2024-12-07 00:00:00+00:00
[2024-12-07T03:38:07.895-0300] {logging_mixin.py:190} INFO - [2024-12-07T03:38:07.894-0300] {dag.py:4180} INFO - Setting next_dagrun for read_dataset_event_from_classic to 2024-12-06 00:00:00+00:00, run_after=2024-12-07 00:00:00+00:00
[2024-12-07T03:38:07.948-0300] {processor.py:208} INFO - Processing /home/crisu/miniconda3/envs/lab13.1/lib/python3.9/site-packages/airflow/example_dags/example_inlet_event_extra.py took 0.105 seconds
[2024-12-07T03:39:26.931-0300] {processor.py:186} INFO - Started process (PID=45152) to work on /home/crisu/miniconda3/envs/lab13.1/lib/python3.9/site-packages/airflow/example_dags/example_inlet_event_extra.py
[2024-12-07T03:39:26.941-0300] {processor.py:914} INFO - Processing file /home/crisu/miniconda3/envs/lab13.1/lib/python3.9/site-packages/airflow/example_dags/example_inlet_event_extra.py for tasks to queue
[2024-12-07T03:39:26.942-0300] {logging_mixin.py:190} INFO - [2024-12-07T03:39:26.942-0300] {dagbag.py:588} INFO - Filling up the DagBag from /home/crisu/miniconda3/envs/lab13.1/lib/python3.9/site-packages/airflow/example_dags/example_inlet_event_extra.py
[2024-12-07T03:39:26.951-0300] {processor.py:925} INFO - DAG(s) 'read_dataset_event', 'read_dataset_event_from_classic' retrieved from /home/crisu/miniconda3/envs/lab13.1/lib/python3.9/site-packages/airflow/example_dags/example_inlet_event_extra.py
[2024-12-07T03:39:26.965-0300] {logging_mixin.py:190} INFO - [2024-12-07T03:39:26.965-0300] {dag.py:3239} INFO - Sync 2 DAGs
[2024-12-07T03:39:26.982-0300] {logging_mixin.py:190} INFO - [2024-12-07T03:39:26.981-0300] {dag.py:4180} INFO - Setting next_dagrun for read_dataset_event to 2024-12-06 00:00:00+00:00, run_after=2024-12-07 00:00:00+00:00
[2024-12-07T03:39:26.985-0300] {logging_mixin.py:190} INFO - [2024-12-07T03:39:26.985-0300] {dag.py:4180} INFO - Setting next_dagrun for read_dataset_event_from_classic to 2024-12-06 00:00:00+00:00, run_after=2024-12-07 00:00:00+00:00
[2024-12-07T03:39:27.041-0300] {processor.py:208} INFO - Processing /home/crisu/miniconda3/envs/lab13.1/lib/python3.9/site-packages/airflow/example_dags/example_inlet_event_extra.py took 0.116 seconds
[2024-12-07T03:40:43.212-0300] {processor.py:186} INFO - Started process (PID=45293) to work on /home/crisu/miniconda3/envs/lab13.1/lib/python3.9/site-packages/airflow/example_dags/example_inlet_event_extra.py
[2024-12-07T03:40:43.225-0300] {processor.py:914} INFO - Processing file /home/crisu/miniconda3/envs/lab13.1/lib/python3.9/site-packages/airflow/example_dags/example_inlet_event_extra.py for tasks to queue
[2024-12-07T03:40:43.226-0300] {logging_mixin.py:190} INFO - [2024-12-07T03:40:43.226-0300] {dagbag.py:588} INFO - Filling up the DagBag from /home/crisu/miniconda3/envs/lab13.1/lib/python3.9/site-packages/airflow/example_dags/example_inlet_event_extra.py
[2024-12-07T03:40:43.236-0300] {processor.py:925} INFO - DAG(s) 'read_dataset_event', 'read_dataset_event_from_classic' retrieved from /home/crisu/miniconda3/envs/lab13.1/lib/python3.9/site-packages/airflow/example_dags/example_inlet_event_extra.py
[2024-12-07T03:40:43.250-0300] {logging_mixin.py:190} INFO - [2024-12-07T03:40:43.250-0300] {dag.py:3239} INFO - Sync 2 DAGs
[2024-12-07T03:40:43.266-0300] {logging_mixin.py:190} INFO - [2024-12-07T03:40:43.266-0300] {dag.py:4180} INFO - Setting next_dagrun for read_dataset_event to 2024-12-06 00:00:00+00:00, run_after=2024-12-07 00:00:00+00:00
[2024-12-07T03:40:43.269-0300] {logging_mixin.py:190} INFO - [2024-12-07T03:40:43.269-0300] {dag.py:4180} INFO - Setting next_dagrun for read_dataset_event_from_classic to 2024-12-06 00:00:00+00:00, run_after=2024-12-07 00:00:00+00:00
[2024-12-07T03:40:43.328-0300] {processor.py:208} INFO - Processing /home/crisu/miniconda3/envs/lab13.1/lib/python3.9/site-packages/airflow/example_dags/example_inlet_event_extra.py took 0.120 seconds
[2024-12-07T03:44:29.022-0300] {processor.py:186} INFO - Started process (PID=45906) to work on /home/crisu/miniconda3/envs/lab13.1/lib/python3.9/site-packages/airflow/example_dags/example_inlet_event_extra.py
[2024-12-07T03:44:29.024-0300] {processor.py:914} INFO - Processing file /home/crisu/miniconda3/envs/lab13.1/lib/python3.9/site-packages/airflow/example_dags/example_inlet_event_extra.py for tasks to queue
[2024-12-07T03:44:29.026-0300] {logging_mixin.py:190} INFO - [2024-12-07T03:44:29.025-0300] {dagbag.py:588} INFO - Filling up the DagBag from /home/crisu/miniconda3/envs/lab13.1/lib/python3.9/site-packages/airflow/example_dags/example_inlet_event_extra.py
[2024-12-07T03:44:29.038-0300] {processor.py:925} INFO - DAG(s) 'read_dataset_event_from_classic', 'read_dataset_event' retrieved from /home/crisu/miniconda3/envs/lab13.1/lib/python3.9/site-packages/airflow/example_dags/example_inlet_event_extra.py
[2024-12-07T03:44:29.054-0300] {logging_mixin.py:190} INFO - [2024-12-07T03:44:29.053-0300] {dag.py:3239} INFO - Sync 2 DAGs
[2024-12-07T03:44:29.073-0300] {logging_mixin.py:190} INFO - [2024-12-07T03:44:29.073-0300] {dag.py:4180} INFO - Setting next_dagrun for read_dataset_event to 2024-12-06 00:00:00+00:00, run_after=2024-12-07 00:00:00+00:00
[2024-12-07T03:44:29.077-0300] {logging_mixin.py:190} INFO - [2024-12-07T03:44:29.077-0300] {dag.py:4180} INFO - Setting next_dagrun for read_dataset_event_from_classic to 2024-12-06 00:00:00+00:00, run_after=2024-12-07 00:00:00+00:00
[2024-12-07T03:44:29.634-0300] {processor.py:208} INFO - Processing /home/crisu/miniconda3/envs/lab13.1/lib/python3.9/site-packages/airflow/example_dags/example_inlet_event_extra.py took 0.616 seconds
[2024-12-07T03:49:02.343-0300] {processor.py:186} INFO - Started process (PID=46792) to work on /home/crisu/miniconda3/envs/lab13.1/lib/python3.9/site-packages/airflow/example_dags/example_inlet_event_extra.py
[2024-12-07T03:49:02.344-0300] {processor.py:914} INFO - Processing file /home/crisu/miniconda3/envs/lab13.1/lib/python3.9/site-packages/airflow/example_dags/example_inlet_event_extra.py for tasks to queue
[2024-12-07T03:49:02.347-0300] {logging_mixin.py:190} INFO - [2024-12-07T03:49:02.346-0300] {dagbag.py:588} INFO - Filling up the DagBag from /home/crisu/miniconda3/envs/lab13.1/lib/python3.9/site-packages/airflow/example_dags/example_inlet_event_extra.py
[2024-12-07T03:49:02.365-0300] {processor.py:925} INFO - DAG(s) 'read_dataset_event_from_classic', 'read_dataset_event' retrieved from /home/crisu/miniconda3/envs/lab13.1/lib/python3.9/site-packages/airflow/example_dags/example_inlet_event_extra.py
[2024-12-07T03:49:02.390-0300] {logging_mixin.py:190} INFO - [2024-12-07T03:49:02.390-0300] {dag.py:3239} INFO - Sync 2 DAGs
[2024-12-07T03:49:02.428-0300] {logging_mixin.py:190} INFO - [2024-12-07T03:49:02.428-0300] {dag.py:4180} INFO - Setting next_dagrun for read_dataset_event to 2024-12-06 00:00:00+00:00, run_after=2024-12-07 00:00:00+00:00
[2024-12-07T03:49:02.435-0300] {logging_mixin.py:190} INFO - [2024-12-07T03:49:02.435-0300] {dag.py:4180} INFO - Setting next_dagrun for read_dataset_event_from_classic to 2024-12-06 00:00:00+00:00, run_after=2024-12-07 00:00:00+00:00
[2024-12-07T03:49:03.369-0300] {processor.py:208} INFO - Processing /home/crisu/miniconda3/envs/lab13.1/lib/python3.9/site-packages/airflow/example_dags/example_inlet_event_extra.py took 1.034 seconds
[2024-12-07T03:51:45.523-0300] {processor.py:186} INFO - Started process (PID=47015) to work on /home/crisu/miniconda3/envs/lab13.1/lib/python3.9/site-packages/airflow/example_dags/example_inlet_event_extra.py
[2024-12-07T03:51:45.541-0300] {processor.py:914} INFO - Processing file /home/crisu/miniconda3/envs/lab13.1/lib/python3.9/site-packages/airflow/example_dags/example_inlet_event_extra.py for tasks to queue
[2024-12-07T03:51:45.543-0300] {logging_mixin.py:190} INFO - [2024-12-07T03:51:45.543-0300] {dagbag.py:588} INFO - Filling up the DagBag from /home/crisu/miniconda3/envs/lab13.1/lib/python3.9/site-packages/airflow/example_dags/example_inlet_event_extra.py
[2024-12-07T03:51:45.555-0300] {processor.py:925} INFO - DAG(s) 'read_dataset_event', 'read_dataset_event_from_classic' retrieved from /home/crisu/miniconda3/envs/lab13.1/lib/python3.9/site-packages/airflow/example_dags/example_inlet_event_extra.py
[2024-12-07T03:51:45.573-0300] {logging_mixin.py:190} INFO - [2024-12-07T03:51:45.572-0300] {dag.py:3239} INFO - Sync 2 DAGs
[2024-12-07T03:51:45.602-0300] {logging_mixin.py:190} INFO - [2024-12-07T03:51:45.602-0300] {dag.py:4180} INFO - Setting next_dagrun for read_dataset_event to 2024-12-06 00:00:00+00:00, run_after=2024-12-07 00:00:00+00:00
[2024-12-07T03:51:45.609-0300] {logging_mixin.py:190} INFO - [2024-12-07T03:51:45.609-0300] {dag.py:4180} INFO - Setting next_dagrun for read_dataset_event_from_classic to 2024-12-06 00:00:00+00:00, run_after=2024-12-07 00:00:00+00:00
[2024-12-07T03:51:45.770-0300] {processor.py:208} INFO - Processing /home/crisu/miniconda3/envs/lab13.1/lib/python3.9/site-packages/airflow/example_dags/example_inlet_event_extra.py took 0.252 seconds
[2024-12-07T03:53:17.655-0300] {processor.py:186} INFO - Started process (PID=47175) to work on /home/crisu/miniconda3/envs/lab13.1/lib/python3.9/site-packages/airflow/example_dags/example_inlet_event_extra.py
[2024-12-07T03:53:17.711-0300] {processor.py:914} INFO - Processing file /home/crisu/miniconda3/envs/lab13.1/lib/python3.9/site-packages/airflow/example_dags/example_inlet_event_extra.py for tasks to queue
[2024-12-07T03:53:17.713-0300] {logging_mixin.py:190} INFO - [2024-12-07T03:53:17.713-0300] {dagbag.py:588} INFO - Filling up the DagBag from /home/crisu/miniconda3/envs/lab13.1/lib/python3.9/site-packages/airflow/example_dags/example_inlet_event_extra.py
[2024-12-07T03:53:17.726-0300] {processor.py:925} INFO - DAG(s) 'read_dataset_event', 'read_dataset_event_from_classic' retrieved from /home/crisu/miniconda3/envs/lab13.1/lib/python3.9/site-packages/airflow/example_dags/example_inlet_event_extra.py
[2024-12-07T03:53:17.741-0300] {logging_mixin.py:190} INFO - [2024-12-07T03:53:17.741-0300] {dag.py:3239} INFO - Sync 2 DAGs
[2024-12-07T03:53:17.760-0300] {logging_mixin.py:190} INFO - [2024-12-07T03:53:17.759-0300] {dag.py:4180} INFO - Setting next_dagrun for read_dataset_event to 2024-12-06 00:00:00+00:00, run_after=2024-12-07 00:00:00+00:00
[2024-12-07T03:53:17.764-0300] {logging_mixin.py:190} INFO - [2024-12-07T03:53:17.763-0300] {dag.py:4180} INFO - Setting next_dagrun for read_dataset_event_from_classic to 2024-12-06 00:00:00+00:00, run_after=2024-12-07 00:00:00+00:00
[2024-12-07T03:53:18.230-0300] {processor.py:208} INFO - Processing /home/crisu/miniconda3/envs/lab13.1/lib/python3.9/site-packages/airflow/example_dags/example_inlet_event_extra.py took 0.580 seconds
[2024-12-07T03:55:33.943-0300] {processor.py:186} INFO - Started process (PID=47474) to work on /home/crisu/miniconda3/envs/lab13.1/lib/python3.9/site-packages/airflow/example_dags/example_inlet_event_extra.py
[2024-12-07T03:55:33.975-0300] {processor.py:914} INFO - Processing file /home/crisu/miniconda3/envs/lab13.1/lib/python3.9/site-packages/airflow/example_dags/example_inlet_event_extra.py for tasks to queue
[2024-12-07T03:55:33.977-0300] {logging_mixin.py:190} INFO - [2024-12-07T03:55:33.977-0300] {dagbag.py:588} INFO - Filling up the DagBag from /home/crisu/miniconda3/envs/lab13.1/lib/python3.9/site-packages/airflow/example_dags/example_inlet_event_extra.py
[2024-12-07T03:55:33.991-0300] {processor.py:925} INFO - DAG(s) 'read_dataset_event_from_classic', 'read_dataset_event' retrieved from /home/crisu/miniconda3/envs/lab13.1/lib/python3.9/site-packages/airflow/example_dags/example_inlet_event_extra.py
[2024-12-07T03:55:34.005-0300] {logging_mixin.py:190} INFO - [2024-12-07T03:55:34.005-0300] {dag.py:3239} INFO - Sync 2 DAGs
[2024-12-07T03:55:34.025-0300] {logging_mixin.py:190} INFO - [2024-12-07T03:55:34.024-0300] {dag.py:4180} INFO - Setting next_dagrun for read_dataset_event to 2024-12-06 00:00:00+00:00, run_after=2024-12-07 00:00:00+00:00
[2024-12-07T03:55:34.029-0300] {logging_mixin.py:190} INFO - [2024-12-07T03:55:34.028-0300] {dag.py:4180} INFO - Setting next_dagrun for read_dataset_event_from_classic to 2024-12-06 00:00:00+00:00, run_after=2024-12-07 00:00:00+00:00
[2024-12-07T03:55:34.624-0300] {processor.py:208} INFO - Processing /home/crisu/miniconda3/envs/lab13.1/lib/python3.9/site-packages/airflow/example_dags/example_inlet_event_extra.py took 0.687 seconds
[2024-12-07T03:57:12.296-0300] {processor.py:186} INFO - Started process (PID=47653) to work on /home/crisu/miniconda3/envs/lab13.1/lib/python3.9/site-packages/airflow/example_dags/example_inlet_event_extra.py
[2024-12-07T03:57:12.297-0300] {processor.py:914} INFO - Processing file /home/crisu/miniconda3/envs/lab13.1/lib/python3.9/site-packages/airflow/example_dags/example_inlet_event_extra.py for tasks to queue
[2024-12-07T03:57:12.299-0300] {logging_mixin.py:190} INFO - [2024-12-07T03:57:12.299-0300] {dagbag.py:588} INFO - Filling up the DagBag from /home/crisu/miniconda3/envs/lab13.1/lib/python3.9/site-packages/airflow/example_dags/example_inlet_event_extra.py
[2024-12-07T03:57:12.312-0300] {processor.py:925} INFO - DAG(s) 'read_dataset_event', 'read_dataset_event_from_classic' retrieved from /home/crisu/miniconda3/envs/lab13.1/lib/python3.9/site-packages/airflow/example_dags/example_inlet_event_extra.py
[2024-12-07T03:57:12.327-0300] {logging_mixin.py:190} INFO - [2024-12-07T03:57:12.327-0300] {dag.py:3239} INFO - Sync 2 DAGs
[2024-12-07T03:57:12.346-0300] {logging_mixin.py:190} INFO - [2024-12-07T03:57:12.346-0300] {dag.py:4180} INFO - Setting next_dagrun for read_dataset_event to 2024-12-06 00:00:00+00:00, run_after=2024-12-07 00:00:00+00:00
[2024-12-07T03:57:12.350-0300] {logging_mixin.py:190} INFO - [2024-12-07T03:57:12.350-0300] {dag.py:4180} INFO - Setting next_dagrun for read_dataset_event_from_classic to 2024-12-06 00:00:00+00:00, run_after=2024-12-07 00:00:00+00:00
[2024-12-07T03:57:12.405-0300] {processor.py:208} INFO - Processing /home/crisu/miniconda3/envs/lab13.1/lib/python3.9/site-packages/airflow/example_dags/example_inlet_event_extra.py took 0.115 seconds
[2024-12-07T03:58:31.067-0300] {processor.py:186} INFO - Started process (PID=47822) to work on /home/crisu/miniconda3/envs/lab13.1/lib/python3.9/site-packages/airflow/example_dags/example_inlet_event_extra.py
[2024-12-07T03:58:31.073-0300] {processor.py:914} INFO - Processing file /home/crisu/miniconda3/envs/lab13.1/lib/python3.9/site-packages/airflow/example_dags/example_inlet_event_extra.py for tasks to queue
[2024-12-07T03:58:31.076-0300] {logging_mixin.py:190} INFO - [2024-12-07T03:58:31.075-0300] {dagbag.py:588} INFO - Filling up the DagBag from /home/crisu/miniconda3/envs/lab13.1/lib/python3.9/site-packages/airflow/example_dags/example_inlet_event_extra.py
[2024-12-07T03:58:31.087-0300] {processor.py:925} INFO - DAG(s) 'read_dataset_event', 'read_dataset_event_from_classic' retrieved from /home/crisu/miniconda3/envs/lab13.1/lib/python3.9/site-packages/airflow/example_dags/example_inlet_event_extra.py
[2024-12-07T03:58:31.101-0300] {logging_mixin.py:190} INFO - [2024-12-07T03:58:31.101-0300] {dag.py:3239} INFO - Sync 2 DAGs
[2024-12-07T03:58:31.121-0300] {logging_mixin.py:190} INFO - [2024-12-07T03:58:31.121-0300] {dag.py:4180} INFO - Setting next_dagrun for read_dataset_event to 2024-12-06 00:00:00+00:00, run_after=2024-12-07 00:00:00+00:00
[2024-12-07T03:58:31.125-0300] {logging_mixin.py:190} INFO - [2024-12-07T03:58:31.125-0300] {dag.py:4180} INFO - Setting next_dagrun for read_dataset_event_from_classic to 2024-12-06 00:00:00+00:00, run_after=2024-12-07 00:00:00+00:00
[2024-12-07T03:58:31.185-0300] {processor.py:208} INFO - Processing /home/crisu/miniconda3/envs/lab13.1/lib/python3.9/site-packages/airflow/example_dags/example_inlet_event_extra.py took 0.123 seconds
[2024-12-07T04:00:27.191-0300] {processor.py:186} INFO - Started process (PID=48057) to work on /home/crisu/miniconda3/envs/lab13.1/lib/python3.9/site-packages/airflow/example_dags/example_inlet_event_extra.py
[2024-12-07T04:00:27.204-0300] {processor.py:914} INFO - Processing file /home/crisu/miniconda3/envs/lab13.1/lib/python3.9/site-packages/airflow/example_dags/example_inlet_event_extra.py for tasks to queue
[2024-12-07T04:00:27.206-0300] {logging_mixin.py:190} INFO - [2024-12-07T04:00:27.205-0300] {dagbag.py:588} INFO - Filling up the DagBag from /home/crisu/miniconda3/envs/lab13.1/lib/python3.9/site-packages/airflow/example_dags/example_inlet_event_extra.py
[2024-12-07T04:00:27.219-0300] {processor.py:925} INFO - DAG(s) 'read_dataset_event', 'read_dataset_event_from_classic' retrieved from /home/crisu/miniconda3/envs/lab13.1/lib/python3.9/site-packages/airflow/example_dags/example_inlet_event_extra.py
[2024-12-07T04:00:27.236-0300] {logging_mixin.py:190} INFO - [2024-12-07T04:00:27.236-0300] {dag.py:3239} INFO - Sync 2 DAGs
[2024-12-07T04:00:27.256-0300] {logging_mixin.py:190} INFO - [2024-12-07T04:00:27.255-0300] {dag.py:4180} INFO - Setting next_dagrun for read_dataset_event to 2024-12-06 00:00:00+00:00, run_after=2024-12-07 00:00:00+00:00
[2024-12-07T04:00:27.261-0300] {logging_mixin.py:190} INFO - [2024-12-07T04:00:27.261-0300] {dag.py:4180} INFO - Setting next_dagrun for read_dataset_event_from_classic to 2024-12-06 00:00:00+00:00, run_after=2024-12-07 00:00:00+00:00
[2024-12-07T04:00:27.319-0300] {processor.py:208} INFO - Processing /home/crisu/miniconda3/envs/lab13.1/lib/python3.9/site-packages/airflow/example_dags/example_inlet_event_extra.py took 0.133 seconds
[2024-12-07T04:01:42.982-0300] {processor.py:186} INFO - Started process (PID=48240) to work on /home/crisu/miniconda3/envs/lab13.1/lib/python3.9/site-packages/airflow/example_dags/example_inlet_event_extra.py
[2024-12-07T04:01:43.197-0300] {processor.py:914} INFO - Processing file /home/crisu/miniconda3/envs/lab13.1/lib/python3.9/site-packages/airflow/example_dags/example_inlet_event_extra.py for tasks to queue
[2024-12-07T04:01:43.199-0300] {logging_mixin.py:190} INFO - [2024-12-07T04:01:43.198-0300] {dagbag.py:588} INFO - Filling up the DagBag from /home/crisu/miniconda3/envs/lab13.1/lib/python3.9/site-packages/airflow/example_dags/example_inlet_event_extra.py
[2024-12-07T04:01:43.211-0300] {processor.py:925} INFO - DAG(s) 'read_dataset_event_from_classic', 'read_dataset_event' retrieved from /home/crisu/miniconda3/envs/lab13.1/lib/python3.9/site-packages/airflow/example_dags/example_inlet_event_extra.py
[2024-12-07T04:01:43.225-0300] {logging_mixin.py:190} INFO - [2024-12-07T04:01:43.225-0300] {dag.py:3239} INFO - Sync 2 DAGs
[2024-12-07T04:01:43.244-0300] {logging_mixin.py:190} INFO - [2024-12-07T04:01:43.244-0300] {dag.py:4180} INFO - Setting next_dagrun for read_dataset_event to 2024-12-06 00:00:00+00:00, run_after=2024-12-07 00:00:00+00:00
[2024-12-07T04:01:43.250-0300] {logging_mixin.py:190} INFO - [2024-12-07T04:01:43.250-0300] {dag.py:4180} INFO - Setting next_dagrun for read_dataset_event_from_classic to 2024-12-06 00:00:00+00:00, run_after=2024-12-07 00:00:00+00:00
[2024-12-07T04:01:43.665-0300] {processor.py:208} INFO - Processing /home/crisu/miniconda3/envs/lab13.1/lib/python3.9/site-packages/airflow/example_dags/example_inlet_event_extra.py took 0.688 seconds
[2024-12-07T04:07:59.114-0300] {processor.py:186} INFO - Started process (PID=49244) to work on /home/crisu/miniconda3/envs/lab13.1/lib/python3.9/site-packages/airflow/example_dags/example_inlet_event_extra.py
[2024-12-07T04:07:59.137-0300] {processor.py:914} INFO - Processing file /home/crisu/miniconda3/envs/lab13.1/lib/python3.9/site-packages/airflow/example_dags/example_inlet_event_extra.py for tasks to queue
[2024-12-07T04:07:59.143-0300] {logging_mixin.py:190} INFO - [2024-12-07T04:07:59.139-0300] {dagbag.py:588} INFO - Filling up the DagBag from /home/crisu/miniconda3/envs/lab13.1/lib/python3.9/site-packages/airflow/example_dags/example_inlet_event_extra.py
[2024-12-07T04:07:59.166-0300] {processor.py:925} INFO - DAG(s) 'read_dataset_event_from_classic', 'read_dataset_event' retrieved from /home/crisu/miniconda3/envs/lab13.1/lib/python3.9/site-packages/airflow/example_dags/example_inlet_event_extra.py
[2024-12-07T04:07:59.187-0300] {logging_mixin.py:190} INFO - [2024-12-07T04:07:59.187-0300] {dag.py:3239} INFO - Sync 2 DAGs
[2024-12-07T04:07:59.211-0300] {logging_mixin.py:190} INFO - [2024-12-07T04:07:59.211-0300] {dag.py:4180} INFO - Setting next_dagrun for read_dataset_event to 2024-12-06 00:00:00+00:00, run_after=2024-12-07 00:00:00+00:00
[2024-12-07T04:07:59.217-0300] {logging_mixin.py:190} INFO - [2024-12-07T04:07:59.217-0300] {dag.py:4180} INFO - Setting next_dagrun for read_dataset_event_from_classic to 2024-12-06 00:00:00+00:00, run_after=2024-12-07 00:00:00+00:00
[2024-12-07T04:07:59.296-0300] {processor.py:208} INFO - Processing /home/crisu/miniconda3/envs/lab13.1/lib/python3.9/site-packages/airflow/example_dags/example_inlet_event_extra.py took 0.190 seconds
[2024-12-07T04:10:01.232-0300] {processor.py:186} INFO - Started process (PID=49469) to work on /home/crisu/miniconda3/envs/lab13.1/lib/python3.9/site-packages/airflow/example_dags/example_inlet_event_extra.py
[2024-12-07T04:10:01.233-0300] {processor.py:914} INFO - Processing file /home/crisu/miniconda3/envs/lab13.1/lib/python3.9/site-packages/airflow/example_dags/example_inlet_event_extra.py for tasks to queue
[2024-12-07T04:10:01.235-0300] {logging_mixin.py:190} INFO - [2024-12-07T04:10:01.235-0300] {dagbag.py:588} INFO - Filling up the DagBag from /home/crisu/miniconda3/envs/lab13.1/lib/python3.9/site-packages/airflow/example_dags/example_inlet_event_extra.py
[2024-12-07T04:10:01.245-0300] {processor.py:925} INFO - DAG(s) 'read_dataset_event_from_classic', 'read_dataset_event' retrieved from /home/crisu/miniconda3/envs/lab13.1/lib/python3.9/site-packages/airflow/example_dags/example_inlet_event_extra.py
[2024-12-07T04:10:01.262-0300] {logging_mixin.py:190} INFO - [2024-12-07T04:10:01.262-0300] {dag.py:3239} INFO - Sync 2 DAGs
[2024-12-07T04:10:01.284-0300] {logging_mixin.py:190} INFO - [2024-12-07T04:10:01.283-0300] {dag.py:4180} INFO - Setting next_dagrun for read_dataset_event to 2024-12-06 00:00:00+00:00, run_after=2024-12-07 00:00:00+00:00
[2024-12-07T04:10:01.288-0300] {logging_mixin.py:190} INFO - [2024-12-07T04:10:01.288-0300] {dag.py:4180} INFO - Setting next_dagrun for read_dataset_event_from_classic to 2024-12-06 00:00:00+00:00, run_after=2024-12-07 00:00:00+00:00
[2024-12-07T04:10:01.341-0300] {processor.py:208} INFO - Processing /home/crisu/miniconda3/envs/lab13.1/lib/python3.9/site-packages/airflow/example_dags/example_inlet_event_extra.py took 0.115 seconds
[2024-12-07T04:12:01.510-0300] {processor.py:186} INFO - Started process (PID=49644) to work on /home/crisu/miniconda3/envs/lab13.1/lib/python3.9/site-packages/airflow/example_dags/example_inlet_event_extra.py
[2024-12-07T04:12:01.512-0300] {processor.py:914} INFO - Processing file /home/crisu/miniconda3/envs/lab13.1/lib/python3.9/site-packages/airflow/example_dags/example_inlet_event_extra.py for tasks to queue
[2024-12-07T04:12:01.513-0300] {logging_mixin.py:190} INFO - [2024-12-07T04:12:01.513-0300] {dagbag.py:588} INFO - Filling up the DagBag from /home/crisu/miniconda3/envs/lab13.1/lib/python3.9/site-packages/airflow/example_dags/example_inlet_event_extra.py
[2024-12-07T04:12:01.522-0300] {processor.py:925} INFO - DAG(s) 'read_dataset_event_from_classic', 'read_dataset_event' retrieved from /home/crisu/miniconda3/envs/lab13.1/lib/python3.9/site-packages/airflow/example_dags/example_inlet_event_extra.py
[2024-12-07T04:12:01.536-0300] {logging_mixin.py:190} INFO - [2024-12-07T04:12:01.536-0300] {dag.py:3239} INFO - Sync 2 DAGs
[2024-12-07T04:12:01.552-0300] {logging_mixin.py:190} INFO - [2024-12-07T04:12:01.552-0300] {dag.py:4180} INFO - Setting next_dagrun for read_dataset_event to 2024-12-06 00:00:00+00:00, run_after=2024-12-07 00:00:00+00:00
[2024-12-07T04:12:01.556-0300] {logging_mixin.py:190} INFO - [2024-12-07T04:12:01.555-0300] {dag.py:4180} INFO - Setting next_dagrun for read_dataset_event_from_classic to 2024-12-06 00:00:00+00:00, run_after=2024-12-07 00:00:00+00:00
[2024-12-07T04:12:01.614-0300] {processor.py:208} INFO - Processing /home/crisu/miniconda3/envs/lab13.1/lib/python3.9/site-packages/airflow/example_dags/example_inlet_event_extra.py took 0.110 seconds
[2024-12-07T04:13:17.307-0300] {processor.py:186} INFO - Started process (PID=49761) to work on /home/crisu/miniconda3/envs/lab13.1/lib/python3.9/site-packages/airflow/example_dags/example_inlet_event_extra.py
[2024-12-07T04:13:17.314-0300] {processor.py:914} INFO - Processing file /home/crisu/miniconda3/envs/lab13.1/lib/python3.9/site-packages/airflow/example_dags/example_inlet_event_extra.py for tasks to queue
[2024-12-07T04:13:17.316-0300] {logging_mixin.py:190} INFO - [2024-12-07T04:13:17.316-0300] {dagbag.py:588} INFO - Filling up the DagBag from /home/crisu/miniconda3/envs/lab13.1/lib/python3.9/site-packages/airflow/example_dags/example_inlet_event_extra.py
[2024-12-07T04:13:17.327-0300] {processor.py:925} INFO - DAG(s) 'read_dataset_event_from_classic', 'read_dataset_event' retrieved from /home/crisu/miniconda3/envs/lab13.1/lib/python3.9/site-packages/airflow/example_dags/example_inlet_event_extra.py
[2024-12-07T04:13:17.344-0300] {logging_mixin.py:190} INFO - [2024-12-07T04:13:17.344-0300] {dag.py:3239} INFO - Sync 2 DAGs
[2024-12-07T04:13:17.367-0300] {logging_mixin.py:190} INFO - [2024-12-07T04:13:17.367-0300] {dag.py:4180} INFO - Setting next_dagrun for read_dataset_event to 2024-12-06 00:00:00+00:00, run_after=2024-12-07 00:00:00+00:00
[2024-12-07T04:13:17.371-0300] {logging_mixin.py:190} INFO - [2024-12-07T04:13:17.371-0300] {dag.py:4180} INFO - Setting next_dagrun for read_dataset_event_from_classic to 2024-12-06 00:00:00+00:00, run_after=2024-12-07 00:00:00+00:00
[2024-12-07T04:13:17.454-0300] {processor.py:208} INFO - Processing /home/crisu/miniconda3/envs/lab13.1/lib/python3.9/site-packages/airflow/example_dags/example_inlet_event_extra.py took 0.153 seconds
[2024-12-07T04:14:36.021-0300] {processor.py:186} INFO - Started process (PID=49943) to work on /home/crisu/miniconda3/envs/lab13.1/lib/python3.9/site-packages/airflow/example_dags/example_inlet_event_extra.py
[2024-12-07T04:14:36.036-0300] {processor.py:914} INFO - Processing file /home/crisu/miniconda3/envs/lab13.1/lib/python3.9/site-packages/airflow/example_dags/example_inlet_event_extra.py for tasks to queue
[2024-12-07T04:14:36.037-0300] {logging_mixin.py:190} INFO - [2024-12-07T04:14:36.037-0300] {dagbag.py:588} INFO - Filling up the DagBag from /home/crisu/miniconda3/envs/lab13.1/lib/python3.9/site-packages/airflow/example_dags/example_inlet_event_extra.py
[2024-12-07T04:14:36.047-0300] {processor.py:925} INFO - DAG(s) 'read_dataset_event', 'read_dataset_event_from_classic' retrieved from /home/crisu/miniconda3/envs/lab13.1/lib/python3.9/site-packages/airflow/example_dags/example_inlet_event_extra.py
[2024-12-07T04:14:36.062-0300] {logging_mixin.py:190} INFO - [2024-12-07T04:14:36.062-0300] {dag.py:3239} INFO - Sync 2 DAGs
[2024-12-07T04:14:36.080-0300] {logging_mixin.py:190} INFO - [2024-12-07T04:14:36.080-0300] {dag.py:4180} INFO - Setting next_dagrun for read_dataset_event to 2024-12-06 00:00:00+00:00, run_after=2024-12-07 00:00:00+00:00
[2024-12-07T04:14:36.085-0300] {logging_mixin.py:190} INFO - [2024-12-07T04:14:36.085-0300] {dag.py:4180} INFO - Setting next_dagrun for read_dataset_event_from_classic to 2024-12-06 00:00:00+00:00, run_after=2024-12-07 00:00:00+00:00
[2024-12-07T04:14:36.145-0300] {processor.py:208} INFO - Processing /home/crisu/miniconda3/envs/lab13.1/lib/python3.9/site-packages/airflow/example_dags/example_inlet_event_extra.py took 0.130 seconds
[2024-12-07T04:15:53.863-0300] {processor.py:186} INFO - Started process (PID=50053) to work on /home/crisu/miniconda3/envs/lab13.1/lib/python3.9/site-packages/airflow/example_dags/example_inlet_event_extra.py
[2024-12-07T04:15:53.890-0300] {processor.py:914} INFO - Processing file /home/crisu/miniconda3/envs/lab13.1/lib/python3.9/site-packages/airflow/example_dags/example_inlet_event_extra.py for tasks to queue
[2024-12-07T04:15:53.891-0300] {logging_mixin.py:190} INFO - [2024-12-07T04:15:53.891-0300] {dagbag.py:588} INFO - Filling up the DagBag from /home/crisu/miniconda3/envs/lab13.1/lib/python3.9/site-packages/airflow/example_dags/example_inlet_event_extra.py
[2024-12-07T04:15:53.901-0300] {processor.py:925} INFO - DAG(s) 'read_dataset_event_from_classic', 'read_dataset_event' retrieved from /home/crisu/miniconda3/envs/lab13.1/lib/python3.9/site-packages/airflow/example_dags/example_inlet_event_extra.py
[2024-12-07T04:15:53.916-0300] {logging_mixin.py:190} INFO - [2024-12-07T04:15:53.915-0300] {dag.py:3239} INFO - Sync 2 DAGs
[2024-12-07T04:15:53.933-0300] {logging_mixin.py:190} INFO - [2024-12-07T04:15:53.932-0300] {dag.py:4180} INFO - Setting next_dagrun for read_dataset_event to 2024-12-06 00:00:00+00:00, run_after=2024-12-07 00:00:00+00:00
[2024-12-07T04:15:53.936-0300] {logging_mixin.py:190} INFO - [2024-12-07T04:15:53.936-0300] {dag.py:4180} INFO - Setting next_dagrun for read_dataset_event_from_classic to 2024-12-06 00:00:00+00:00, run_after=2024-12-07 00:00:00+00:00
[2024-12-07T04:15:54.084-0300] {processor.py:208} INFO - Processing /home/crisu/miniconda3/envs/lab13.1/lib/python3.9/site-packages/airflow/example_dags/example_inlet_event_extra.py took 0.226 seconds
