[2024-12-07T01:55:23.621-0300] {processor.py:186} INFO - Started process (PID=34170) to work on /home/crisu/miniconda3/envs/lab13.1/lib/python3.9/site-packages/airflow/example_dags/example_kubernetes_executor.py
[2024-12-07T01:55:23.622-0300] {processor.py:914} INFO - Processing file /home/crisu/miniconda3/envs/lab13.1/lib/python3.9/site-packages/airflow/example_dags/example_kubernetes_executor.py for tasks to queue
[2024-12-07T01:55:23.624-0300] {logging_mixin.py:190} INFO - [2024-12-07T01:55:23.624-0300] {dagbag.py:588} INFO - Filling up the DagBag from /home/crisu/miniconda3/envs/lab13.1/lib/python3.9/site-packages/airflow/example_dags/example_kubernetes_executor.py
[2024-12-07T01:55:23.627-0300] {logging_mixin.py:190} INFO - [2024-12-07T01:55:23.627-0300] {example_kubernetes_executor.py:39} WARNING - The example_kubernetes_executor example DAG requires the kubernetes provider. Please install it with: pip install apache-airflow[cncf.kubernetes]
[2024-12-07T01:55:23.627-0300] {processor.py:927} WARNING - No viable dags retrieved from /home/crisu/miniconda3/envs/lab13.1/lib/python3.9/site-packages/airflow/example_dags/example_kubernetes_executor.py
[2024-12-07T01:55:23.637-0300] {processor.py:208} INFO - Processing /home/crisu/miniconda3/envs/lab13.1/lib/python3.9/site-packages/airflow/example_dags/example_kubernetes_executor.py took 0.022 seconds
[2024-12-07T02:08:16.335-0300] {processor.py:186} INFO - Started process (PID=35471) to work on /home/crisu/miniconda3/envs/lab13.1/lib/python3.9/site-packages/airflow/example_dags/example_kubernetes_executor.py
[2024-12-07T02:08:16.361-0300] {processor.py:914} INFO - Processing file /home/crisu/miniconda3/envs/lab13.1/lib/python3.9/site-packages/airflow/example_dags/example_kubernetes_executor.py for tasks to queue
[2024-12-07T02:08:16.364-0300] {logging_mixin.py:190} INFO - [2024-12-07T02:08:16.363-0300] {dagbag.py:588} INFO - Filling up the DagBag from /home/crisu/miniconda3/envs/lab13.1/lib/python3.9/site-packages/airflow/example_dags/example_kubernetes_executor.py
[2024-12-07T02:08:16.367-0300] {logging_mixin.py:190} INFO - [2024-12-07T02:08:16.366-0300] {example_kubernetes_executor.py:39} WARNING - The example_kubernetes_executor example DAG requires the kubernetes provider. Please install it with: pip install apache-airflow[cncf.kubernetes]
[2024-12-07T02:08:16.367-0300] {processor.py:927} WARNING - No viable dags retrieved from /home/crisu/miniconda3/envs/lab13.1/lib/python3.9/site-packages/airflow/example_dags/example_kubernetes_executor.py
[2024-12-07T02:08:16.377-0300] {processor.py:208} INFO - Processing /home/crisu/miniconda3/envs/lab13.1/lib/python3.9/site-packages/airflow/example_dags/example_kubernetes_executor.py took 0.053 seconds
[2024-12-07T02:12:02.112-0300] {processor.py:186} INFO - Started process (PID=35936) to work on /home/crisu/miniconda3/envs/lab13.1/lib/python3.9/site-packages/airflow/example_dags/example_kubernetes_executor.py
[2024-12-07T02:12:02.134-0300] {processor.py:914} INFO - Processing file /home/crisu/miniconda3/envs/lab13.1/lib/python3.9/site-packages/airflow/example_dags/example_kubernetes_executor.py for tasks to queue
[2024-12-07T02:12:02.137-0300] {logging_mixin.py:190} INFO - [2024-12-07T02:12:02.137-0300] {dagbag.py:588} INFO - Filling up the DagBag from /home/crisu/miniconda3/envs/lab13.1/lib/python3.9/site-packages/airflow/example_dags/example_kubernetes_executor.py
[2024-12-07T02:12:02.140-0300] {logging_mixin.py:190} INFO - [2024-12-07T02:12:02.140-0300] {example_kubernetes_executor.py:39} WARNING - The example_kubernetes_executor example DAG requires the kubernetes provider. Please install it with: pip install apache-airflow[cncf.kubernetes]
[2024-12-07T02:12:02.140-0300] {processor.py:927} WARNING - No viable dags retrieved from /home/crisu/miniconda3/envs/lab13.1/lib/python3.9/site-packages/airflow/example_dags/example_kubernetes_executor.py
[2024-12-07T02:12:02.148-0300] {processor.py:208} INFO - Processing /home/crisu/miniconda3/envs/lab13.1/lib/python3.9/site-packages/airflow/example_dags/example_kubernetes_executor.py took 0.044 seconds
[2024-12-07T02:14:14.495-0300] {processor.py:186} INFO - Started process (PID=36249) to work on /home/crisu/miniconda3/envs/lab13.1/lib/python3.9/site-packages/airflow/example_dags/example_kubernetes_executor.py
[2024-12-07T02:14:14.496-0300] {processor.py:914} INFO - Processing file /home/crisu/miniconda3/envs/lab13.1/lib/python3.9/site-packages/airflow/example_dags/example_kubernetes_executor.py for tasks to queue
[2024-12-07T02:14:14.498-0300] {logging_mixin.py:190} INFO - [2024-12-07T02:14:14.498-0300] {dagbag.py:588} INFO - Filling up the DagBag from /home/crisu/miniconda3/envs/lab13.1/lib/python3.9/site-packages/airflow/example_dags/example_kubernetes_executor.py
[2024-12-07T02:14:14.501-0300] {logging_mixin.py:190} INFO - [2024-12-07T02:14:14.501-0300] {example_kubernetes_executor.py:39} WARNING - The example_kubernetes_executor example DAG requires the kubernetes provider. Please install it with: pip install apache-airflow[cncf.kubernetes]
[2024-12-07T02:14:14.501-0300] {processor.py:927} WARNING - No viable dags retrieved from /home/crisu/miniconda3/envs/lab13.1/lib/python3.9/site-packages/airflow/example_dags/example_kubernetes_executor.py
[2024-12-07T02:14:14.510-0300] {processor.py:208} INFO - Processing /home/crisu/miniconda3/envs/lab13.1/lib/python3.9/site-packages/airflow/example_dags/example_kubernetes_executor.py took 0.022 seconds
[2024-12-07T02:16:25.713-0300] {processor.py:186} INFO - Started process (PID=36469) to work on /home/crisu/miniconda3/envs/lab13.1/lib/python3.9/site-packages/airflow/example_dags/example_kubernetes_executor.py
[2024-12-07T02:16:25.776-0300] {processor.py:914} INFO - Processing file /home/crisu/miniconda3/envs/lab13.1/lib/python3.9/site-packages/airflow/example_dags/example_kubernetes_executor.py for tasks to queue
[2024-12-07T02:16:25.778-0300] {logging_mixin.py:190} INFO - [2024-12-07T02:16:25.778-0300] {dagbag.py:588} INFO - Filling up the DagBag from /home/crisu/miniconda3/envs/lab13.1/lib/python3.9/site-packages/airflow/example_dags/example_kubernetes_executor.py
[2024-12-07T02:16:25.781-0300] {logging_mixin.py:190} INFO - [2024-12-07T02:16:25.781-0300] {example_kubernetes_executor.py:39} WARNING - The example_kubernetes_executor example DAG requires the kubernetes provider. Please install it with: pip install apache-airflow[cncf.kubernetes]
[2024-12-07T02:16:25.781-0300] {processor.py:927} WARNING - No viable dags retrieved from /home/crisu/miniconda3/envs/lab13.1/lib/python3.9/site-packages/airflow/example_dags/example_kubernetes_executor.py
[2024-12-07T02:16:25.790-0300] {processor.py:208} INFO - Processing /home/crisu/miniconda3/envs/lab13.1/lib/python3.9/site-packages/airflow/example_dags/example_kubernetes_executor.py took 0.084 seconds
[2024-12-07T02:17:55.544-0300] {processor.py:186} INFO - Started process (PID=36622) to work on /home/crisu/miniconda3/envs/lab13.1/lib/python3.9/site-packages/airflow/example_dags/example_kubernetes_executor.py
[2024-12-07T02:17:55.546-0300] {processor.py:914} INFO - Processing file /home/crisu/miniconda3/envs/lab13.1/lib/python3.9/site-packages/airflow/example_dags/example_kubernetes_executor.py for tasks to queue
[2024-12-07T02:17:55.548-0300] {logging_mixin.py:190} INFO - [2024-12-07T02:17:55.547-0300] {dagbag.py:588} INFO - Filling up the DagBag from /home/crisu/miniconda3/envs/lab13.1/lib/python3.9/site-packages/airflow/example_dags/example_kubernetes_executor.py
[2024-12-07T02:17:55.551-0300] {logging_mixin.py:190} INFO - [2024-12-07T02:17:55.550-0300] {example_kubernetes_executor.py:39} WARNING - The example_kubernetes_executor example DAG requires the kubernetes provider. Please install it with: pip install apache-airflow[cncf.kubernetes]
[2024-12-07T02:17:55.551-0300] {processor.py:927} WARNING - No viable dags retrieved from /home/crisu/miniconda3/envs/lab13.1/lib/python3.9/site-packages/airflow/example_dags/example_kubernetes_executor.py
[2024-12-07T02:17:55.560-0300] {processor.py:208} INFO - Processing /home/crisu/miniconda3/envs/lab13.1/lib/python3.9/site-packages/airflow/example_dags/example_kubernetes_executor.py took 0.024 seconds
[2024-12-07T02:31:44.651-0300] {processor.py:186} INFO - Started process (PID=38021) to work on /home/crisu/miniconda3/envs/lab13.1/lib/python3.9/site-packages/airflow/example_dags/example_kubernetes_executor.py
[2024-12-07T02:31:44.705-0300] {processor.py:914} INFO - Processing file /home/crisu/miniconda3/envs/lab13.1/lib/python3.9/site-packages/airflow/example_dags/example_kubernetes_executor.py for tasks to queue
[2024-12-07T02:31:44.707-0300] {logging_mixin.py:190} INFO - [2024-12-07T02:31:44.707-0300] {dagbag.py:588} INFO - Filling up the DagBag from /home/crisu/miniconda3/envs/lab13.1/lib/python3.9/site-packages/airflow/example_dags/example_kubernetes_executor.py
[2024-12-07T02:31:44.711-0300] {logging_mixin.py:190} INFO - [2024-12-07T02:31:44.710-0300] {example_kubernetes_executor.py:39} WARNING - The example_kubernetes_executor example DAG requires the kubernetes provider. Please install it with: pip install apache-airflow[cncf.kubernetes]
[2024-12-07T02:31:44.711-0300] {processor.py:927} WARNING - No viable dags retrieved from /home/crisu/miniconda3/envs/lab13.1/lib/python3.9/site-packages/airflow/example_dags/example_kubernetes_executor.py
[2024-12-07T02:31:44.719-0300] {processor.py:208} INFO - Processing /home/crisu/miniconda3/envs/lab13.1/lib/python3.9/site-packages/airflow/example_dags/example_kubernetes_executor.py took 0.074 seconds
[2024-12-07T02:34:00.650-0300] {processor.py:186} INFO - Started process (PID=38264) to work on /home/crisu/miniconda3/envs/lab13.1/lib/python3.9/site-packages/airflow/example_dags/example_kubernetes_executor.py
[2024-12-07T02:34:00.657-0300] {processor.py:914} INFO - Processing file /home/crisu/miniconda3/envs/lab13.1/lib/python3.9/site-packages/airflow/example_dags/example_kubernetes_executor.py for tasks to queue
[2024-12-07T02:34:00.659-0300] {logging_mixin.py:190} INFO - [2024-12-07T02:34:00.659-0300] {dagbag.py:588} INFO - Filling up the DagBag from /home/crisu/miniconda3/envs/lab13.1/lib/python3.9/site-packages/airflow/example_dags/example_kubernetes_executor.py
[2024-12-07T02:34:00.662-0300] {logging_mixin.py:190} INFO - [2024-12-07T02:34:00.662-0300] {example_kubernetes_executor.py:39} WARNING - The example_kubernetes_executor example DAG requires the kubernetes provider. Please install it with: pip install apache-airflow[cncf.kubernetes]
[2024-12-07T02:34:00.662-0300] {processor.py:927} WARNING - No viable dags retrieved from /home/crisu/miniconda3/envs/lab13.1/lib/python3.9/site-packages/airflow/example_dags/example_kubernetes_executor.py
[2024-12-07T02:34:00.672-0300] {processor.py:208} INFO - Processing /home/crisu/miniconda3/envs/lab13.1/lib/python3.9/site-packages/airflow/example_dags/example_kubernetes_executor.py took 0.028 seconds
[2024-12-07T02:37:12.921-0300] {processor.py:186} INFO - Started process (PID=38624) to work on /home/crisu/miniconda3/envs/lab13.1/lib/python3.9/site-packages/airflow/example_dags/example_kubernetes_executor.py
[2024-12-07T02:37:13.146-0300] {processor.py:914} INFO - Processing file /home/crisu/miniconda3/envs/lab13.1/lib/python3.9/site-packages/airflow/example_dags/example_kubernetes_executor.py for tasks to queue
[2024-12-07T02:37:13.148-0300] {logging_mixin.py:190} INFO - [2024-12-07T02:37:13.148-0300] {dagbag.py:588} INFO - Filling up the DagBag from /home/crisu/miniconda3/envs/lab13.1/lib/python3.9/site-packages/airflow/example_dags/example_kubernetes_executor.py
[2024-12-07T02:37:13.153-0300] {logging_mixin.py:190} INFO - [2024-12-07T02:37:13.153-0300] {example_kubernetes_executor.py:39} WARNING - The example_kubernetes_executor example DAG requires the kubernetes provider. Please install it with: pip install apache-airflow[cncf.kubernetes]
[2024-12-07T02:37:13.154-0300] {processor.py:927} WARNING - No viable dags retrieved from /home/crisu/miniconda3/envs/lab13.1/lib/python3.9/site-packages/airflow/example_dags/example_kubernetes_executor.py
[2024-12-07T02:37:13.163-0300] {processor.py:208} INFO - Processing /home/crisu/miniconda3/envs/lab13.1/lib/python3.9/site-packages/airflow/example_dags/example_kubernetes_executor.py took 0.248 seconds
[2024-12-07T02:39:34.243-0300] {processor.py:186} INFO - Started process (PID=38800) to work on /home/crisu/miniconda3/envs/lab13.1/lib/python3.9/site-packages/airflow/example_dags/example_kubernetes_executor.py
[2024-12-07T02:39:34.280-0300] {processor.py:914} INFO - Processing file /home/crisu/miniconda3/envs/lab13.1/lib/python3.9/site-packages/airflow/example_dags/example_kubernetes_executor.py for tasks to queue
[2024-12-07T02:39:34.282-0300] {logging_mixin.py:190} INFO - [2024-12-07T02:39:34.282-0300] {dagbag.py:588} INFO - Filling up the DagBag from /home/crisu/miniconda3/envs/lab13.1/lib/python3.9/site-packages/airflow/example_dags/example_kubernetes_executor.py
[2024-12-07T02:39:34.284-0300] {logging_mixin.py:190} INFO - [2024-12-07T02:39:34.284-0300] {example_kubernetes_executor.py:39} WARNING - The example_kubernetes_executor example DAG requires the kubernetes provider. Please install it with: pip install apache-airflow[cncf.kubernetes]
[2024-12-07T02:39:34.285-0300] {processor.py:927} WARNING - No viable dags retrieved from /home/crisu/miniconda3/envs/lab13.1/lib/python3.9/site-packages/airflow/example_dags/example_kubernetes_executor.py
[2024-12-07T02:39:34.294-0300] {processor.py:208} INFO - Processing /home/crisu/miniconda3/envs/lab13.1/lib/python3.9/site-packages/airflow/example_dags/example_kubernetes_executor.py took 0.056 seconds
[2024-12-07T02:41:17.164-0300] {processor.py:186} INFO - Started process (PID=38975) to work on /home/crisu/miniconda3/envs/lab13.1/lib/python3.9/site-packages/airflow/example_dags/example_kubernetes_executor.py
[2024-12-07T02:41:17.179-0300] {processor.py:914} INFO - Processing file /home/crisu/miniconda3/envs/lab13.1/lib/python3.9/site-packages/airflow/example_dags/example_kubernetes_executor.py for tasks to queue
[2024-12-07T02:41:17.182-0300] {logging_mixin.py:190} INFO - [2024-12-07T02:41:17.181-0300] {dagbag.py:588} INFO - Filling up the DagBag from /home/crisu/miniconda3/envs/lab13.1/lib/python3.9/site-packages/airflow/example_dags/example_kubernetes_executor.py
[2024-12-07T02:41:17.185-0300] {logging_mixin.py:190} INFO - [2024-12-07T02:41:17.185-0300] {example_kubernetes_executor.py:39} WARNING - The example_kubernetes_executor example DAG requires the kubernetes provider. Please install it with: pip install apache-airflow[cncf.kubernetes]
[2024-12-07T02:41:17.186-0300] {processor.py:927} WARNING - No viable dags retrieved from /home/crisu/miniconda3/envs/lab13.1/lib/python3.9/site-packages/airflow/example_dags/example_kubernetes_executor.py
[2024-12-07T02:41:17.198-0300] {processor.py:208} INFO - Processing /home/crisu/miniconda3/envs/lab13.1/lib/python3.9/site-packages/airflow/example_dags/example_kubernetes_executor.py took 0.040 seconds
[2024-12-07T02:45:08.286-0300] {processor.py:186} INFO - Started process (PID=39730) to work on /home/crisu/miniconda3/envs/lab13.1/lib/python3.9/site-packages/airflow/example_dags/example_kubernetes_executor.py
[2024-12-07T02:45:08.305-0300] {processor.py:914} INFO - Processing file /home/crisu/miniconda3/envs/lab13.1/lib/python3.9/site-packages/airflow/example_dags/example_kubernetes_executor.py for tasks to queue
[2024-12-07T02:45:08.306-0300] {logging_mixin.py:190} INFO - [2024-12-07T02:45:08.306-0300] {dagbag.py:588} INFO - Filling up the DagBag from /home/crisu/miniconda3/envs/lab13.1/lib/python3.9/site-packages/airflow/example_dags/example_kubernetes_executor.py
[2024-12-07T02:45:08.309-0300] {logging_mixin.py:190} INFO - [2024-12-07T02:45:08.309-0300] {example_kubernetes_executor.py:39} WARNING - The example_kubernetes_executor example DAG requires the kubernetes provider. Please install it with: pip install apache-airflow[cncf.kubernetes]
[2024-12-07T02:45:08.309-0300] {processor.py:927} WARNING - No viable dags retrieved from /home/crisu/miniconda3/envs/lab13.1/lib/python3.9/site-packages/airflow/example_dags/example_kubernetes_executor.py
[2024-12-07T02:45:08.319-0300] {processor.py:208} INFO - Processing /home/crisu/miniconda3/envs/lab13.1/lib/python3.9/site-packages/airflow/example_dags/example_kubernetes_executor.py took 0.044 seconds
[2024-12-07T02:46:50.905-0300] {processor.py:186} INFO - Started process (PID=40061) to work on /home/crisu/miniconda3/envs/lab13.1/lib/python3.9/site-packages/airflow/example_dags/example_kubernetes_executor.py
[2024-12-07T02:46:50.937-0300] {processor.py:914} INFO - Processing file /home/crisu/miniconda3/envs/lab13.1/lib/python3.9/site-packages/airflow/example_dags/example_kubernetes_executor.py for tasks to queue
[2024-12-07T02:46:50.939-0300] {logging_mixin.py:190} INFO - [2024-12-07T02:46:50.939-0300] {dagbag.py:588} INFO - Filling up the DagBag from /home/crisu/miniconda3/envs/lab13.1/lib/python3.9/site-packages/airflow/example_dags/example_kubernetes_executor.py
[2024-12-07T02:46:50.942-0300] {logging_mixin.py:190} INFO - [2024-12-07T02:46:50.942-0300] {example_kubernetes_executor.py:39} WARNING - The example_kubernetes_executor example DAG requires the kubernetes provider. Please install it with: pip install apache-airflow[cncf.kubernetes]
[2024-12-07T02:46:50.942-0300] {processor.py:927} WARNING - No viable dags retrieved from /home/crisu/miniconda3/envs/lab13.1/lib/python3.9/site-packages/airflow/example_dags/example_kubernetes_executor.py
[2024-12-07T02:46:50.952-0300] {processor.py:208} INFO - Processing /home/crisu/miniconda3/envs/lab13.1/lib/python3.9/site-packages/airflow/example_dags/example_kubernetes_executor.py took 0.052 seconds
[2024-12-07T02:50:28.866-0300] {processor.py:186} INFO - Started process (PID=40818) to work on /home/crisu/miniconda3/envs/lab13.1/lib/python3.9/site-packages/airflow/example_dags/example_kubernetes_executor.py
[2024-12-07T02:50:28.887-0300] {processor.py:914} INFO - Processing file /home/crisu/miniconda3/envs/lab13.1/lib/python3.9/site-packages/airflow/example_dags/example_kubernetes_executor.py for tasks to queue
[2024-12-07T02:50:28.890-0300] {logging_mixin.py:190} INFO - [2024-12-07T02:50:28.889-0300] {dagbag.py:588} INFO - Filling up the DagBag from /home/crisu/miniconda3/envs/lab13.1/lib/python3.9/site-packages/airflow/example_dags/example_kubernetes_executor.py
[2024-12-07T02:50:28.893-0300] {logging_mixin.py:190} INFO - [2024-12-07T02:50:28.893-0300] {example_kubernetes_executor.py:39} WARNING - The example_kubernetes_executor example DAG requires the kubernetes provider. Please install it with: pip install apache-airflow[cncf.kubernetes]
[2024-12-07T02:50:28.895-0300] {processor.py:927} WARNING - No viable dags retrieved from /home/crisu/miniconda3/envs/lab13.1/lib/python3.9/site-packages/airflow/example_dags/example_kubernetes_executor.py
[2024-12-07T02:50:28.906-0300] {processor.py:208} INFO - Processing /home/crisu/miniconda3/envs/lab13.1/lib/python3.9/site-packages/airflow/example_dags/example_kubernetes_executor.py took 0.051 seconds
[2024-12-07T03:20:54.060-0300] {processor.py:186} INFO - Started process (PID=42693) to work on /home/crisu/miniconda3/envs/lab13.1/lib/python3.9/site-packages/airflow/example_dags/example_kubernetes_executor.py
[2024-12-07T03:20:54.152-0300] {processor.py:914} INFO - Processing file /home/crisu/miniconda3/envs/lab13.1/lib/python3.9/site-packages/airflow/example_dags/example_kubernetes_executor.py for tasks to queue
[2024-12-07T03:20:54.153-0300] {logging_mixin.py:190} INFO - [2024-12-07T03:20:54.153-0300] {dagbag.py:588} INFO - Filling up the DagBag from /home/crisu/miniconda3/envs/lab13.1/lib/python3.9/site-packages/airflow/example_dags/example_kubernetes_executor.py
[2024-12-07T03:20:54.156-0300] {logging_mixin.py:190} INFO - [2024-12-07T03:20:54.156-0300] {example_kubernetes_executor.py:39} WARNING - The example_kubernetes_executor example DAG requires the kubernetes provider. Please install it with: pip install apache-airflow[cncf.kubernetes]
[2024-12-07T03:20:54.156-0300] {processor.py:927} WARNING - No viable dags retrieved from /home/crisu/miniconda3/envs/lab13.1/lib/python3.9/site-packages/airflow/example_dags/example_kubernetes_executor.py
[2024-12-07T03:20:54.166-0300] {processor.py:208} INFO - Processing /home/crisu/miniconda3/envs/lab13.1/lib/python3.9/site-packages/airflow/example_dags/example_kubernetes_executor.py took 0.111 seconds
[2024-12-07T03:24:06.307-0300] {processor.py:186} INFO - Started process (PID=42939) to work on /home/crisu/miniconda3/envs/lab13.1/lib/python3.9/site-packages/airflow/example_dags/example_kubernetes_executor.py
[2024-12-07T03:24:06.325-0300] {processor.py:914} INFO - Processing file /home/crisu/miniconda3/envs/lab13.1/lib/python3.9/site-packages/airflow/example_dags/example_kubernetes_executor.py for tasks to queue
[2024-12-07T03:24:06.327-0300] {logging_mixin.py:190} INFO - [2024-12-07T03:24:06.326-0300] {dagbag.py:588} INFO - Filling up the DagBag from /home/crisu/miniconda3/envs/lab13.1/lib/python3.9/site-packages/airflow/example_dags/example_kubernetes_executor.py
[2024-12-07T03:24:06.331-0300] {logging_mixin.py:190} INFO - [2024-12-07T03:24:06.330-0300] {example_kubernetes_executor.py:39} WARNING - The example_kubernetes_executor example DAG requires the kubernetes provider. Please install it with: pip install apache-airflow[cncf.kubernetes]
[2024-12-07T03:24:06.331-0300] {processor.py:927} WARNING - No viable dags retrieved from /home/crisu/miniconda3/envs/lab13.1/lib/python3.9/site-packages/airflow/example_dags/example_kubernetes_executor.py
[2024-12-07T03:24:06.345-0300] {processor.py:208} INFO - Processing /home/crisu/miniconda3/envs/lab13.1/lib/python3.9/site-packages/airflow/example_dags/example_kubernetes_executor.py took 0.049 seconds
[2024-12-07T03:27:54.862-0300] {processor.py:186} INFO - Started process (PID=43651) to work on /home/crisu/miniconda3/envs/lab13.1/lib/python3.9/site-packages/airflow/example_dags/example_kubernetes_executor.py
[2024-12-07T03:27:54.879-0300] {processor.py:914} INFO - Processing file /home/crisu/miniconda3/envs/lab13.1/lib/python3.9/site-packages/airflow/example_dags/example_kubernetes_executor.py for tasks to queue
[2024-12-07T03:27:54.881-0300] {logging_mixin.py:190} INFO - [2024-12-07T03:27:54.881-0300] {dagbag.py:588} INFO - Filling up the DagBag from /home/crisu/miniconda3/envs/lab13.1/lib/python3.9/site-packages/airflow/example_dags/example_kubernetes_executor.py
[2024-12-07T03:27:54.884-0300] {logging_mixin.py:190} INFO - [2024-12-07T03:27:54.884-0300] {example_kubernetes_executor.py:39} WARNING - The example_kubernetes_executor example DAG requires the kubernetes provider. Please install it with: pip install apache-airflow[cncf.kubernetes]
[2024-12-07T03:27:54.884-0300] {processor.py:927} WARNING - No viable dags retrieved from /home/crisu/miniconda3/envs/lab13.1/lib/python3.9/site-packages/airflow/example_dags/example_kubernetes_executor.py
[2024-12-07T03:27:54.893-0300] {processor.py:208} INFO - Processing /home/crisu/miniconda3/envs/lab13.1/lib/python3.9/site-packages/airflow/example_dags/example_kubernetes_executor.py took 0.036 seconds
[2024-12-07T03:34:30.186-0300] {processor.py:186} INFO - Started process (PID=44622) to work on /home/crisu/miniconda3/envs/lab13.1/lib/python3.9/site-packages/airflow/example_dags/example_kubernetes_executor.py
[2024-12-07T03:34:30.243-0300] {processor.py:914} INFO - Processing file /home/crisu/miniconda3/envs/lab13.1/lib/python3.9/site-packages/airflow/example_dags/example_kubernetes_executor.py for tasks to queue
[2024-12-07T03:34:30.244-0300] {logging_mixin.py:190} INFO - [2024-12-07T03:34:30.243-0300] {dagbag.py:588} INFO - Filling up the DagBag from /home/crisu/miniconda3/envs/lab13.1/lib/python3.9/site-packages/airflow/example_dags/example_kubernetes_executor.py
[2024-12-07T03:34:30.247-0300] {logging_mixin.py:190} INFO - [2024-12-07T03:34:30.246-0300] {example_kubernetes_executor.py:39} WARNING - The example_kubernetes_executor example DAG requires the kubernetes provider. Please install it with: pip install apache-airflow[cncf.kubernetes]
[2024-12-07T03:34:30.247-0300] {processor.py:927} WARNING - No viable dags retrieved from /home/crisu/miniconda3/envs/lab13.1/lib/python3.9/site-packages/airflow/example_dags/example_kubernetes_executor.py
[2024-12-07T03:34:30.256-0300] {processor.py:208} INFO - Processing /home/crisu/miniconda3/envs/lab13.1/lib/python3.9/site-packages/airflow/example_dags/example_kubernetes_executor.py took 0.076 seconds
[2024-12-07T03:36:00.016-0300] {processor.py:186} INFO - Started process (PID=44784) to work on /home/crisu/miniconda3/envs/lab13.1/lib/python3.9/site-packages/airflow/example_dags/example_kubernetes_executor.py
[2024-12-07T03:36:00.048-0300] {processor.py:914} INFO - Processing file /home/crisu/miniconda3/envs/lab13.1/lib/python3.9/site-packages/airflow/example_dags/example_kubernetes_executor.py for tasks to queue
[2024-12-07T03:36:00.050-0300] {logging_mixin.py:190} INFO - [2024-12-07T03:36:00.049-0300] {dagbag.py:588} INFO - Filling up the DagBag from /home/crisu/miniconda3/envs/lab13.1/lib/python3.9/site-packages/airflow/example_dags/example_kubernetes_executor.py
[2024-12-07T03:36:00.052-0300] {logging_mixin.py:190} INFO - [2024-12-07T03:36:00.052-0300] {example_kubernetes_executor.py:39} WARNING - The example_kubernetes_executor example DAG requires the kubernetes provider. Please install it with: pip install apache-airflow[cncf.kubernetes]
[2024-12-07T03:36:00.053-0300] {processor.py:927} WARNING - No viable dags retrieved from /home/crisu/miniconda3/envs/lab13.1/lib/python3.9/site-packages/airflow/example_dags/example_kubernetes_executor.py
[2024-12-07T03:36:00.063-0300] {processor.py:208} INFO - Processing /home/crisu/miniconda3/envs/lab13.1/lib/python3.9/site-packages/airflow/example_dags/example_kubernetes_executor.py took 0.055 seconds
[2024-12-07T03:38:02.951-0300] {processor.py:186} INFO - Started process (PID=44988) to work on /home/crisu/miniconda3/envs/lab13.1/lib/python3.9/site-packages/airflow/example_dags/example_kubernetes_executor.py
[2024-12-07T03:38:02.952-0300] {processor.py:914} INFO - Processing file /home/crisu/miniconda3/envs/lab13.1/lib/python3.9/site-packages/airflow/example_dags/example_kubernetes_executor.py for tasks to queue
[2024-12-07T03:38:02.954-0300] {logging_mixin.py:190} INFO - [2024-12-07T03:38:02.953-0300] {dagbag.py:588} INFO - Filling up the DagBag from /home/crisu/miniconda3/envs/lab13.1/lib/python3.9/site-packages/airflow/example_dags/example_kubernetes_executor.py
[2024-12-07T03:38:02.958-0300] {logging_mixin.py:190} INFO - [2024-12-07T03:38:02.958-0300] {example_kubernetes_executor.py:39} WARNING - The example_kubernetes_executor example DAG requires the kubernetes provider. Please install it with: pip install apache-airflow[cncf.kubernetes]
[2024-12-07T03:38:02.958-0300] {processor.py:927} WARNING - No viable dags retrieved from /home/crisu/miniconda3/envs/lab13.1/lib/python3.9/site-packages/airflow/example_dags/example_kubernetes_executor.py
[2024-12-07T03:38:02.971-0300] {processor.py:208} INFO - Processing /home/crisu/miniconda3/envs/lab13.1/lib/python3.9/site-packages/airflow/example_dags/example_kubernetes_executor.py took 0.027 seconds
[2024-12-07T03:39:22.936-0300] {processor.py:186} INFO - Started process (PID=45148) to work on /home/crisu/miniconda3/envs/lab13.1/lib/python3.9/site-packages/airflow/example_dags/example_kubernetes_executor.py
[2024-12-07T03:39:22.943-0300] {processor.py:914} INFO - Processing file /home/crisu/miniconda3/envs/lab13.1/lib/python3.9/site-packages/airflow/example_dags/example_kubernetes_executor.py for tasks to queue
[2024-12-07T03:39:22.945-0300] {logging_mixin.py:190} INFO - [2024-12-07T03:39:22.944-0300] {dagbag.py:588} INFO - Filling up the DagBag from /home/crisu/miniconda3/envs/lab13.1/lib/python3.9/site-packages/airflow/example_dags/example_kubernetes_executor.py
[2024-12-07T03:39:22.948-0300] {logging_mixin.py:190} INFO - [2024-12-07T03:39:22.947-0300] {example_kubernetes_executor.py:39} WARNING - The example_kubernetes_executor example DAG requires the kubernetes provider. Please install it with: pip install apache-airflow[cncf.kubernetes]
[2024-12-07T03:39:22.948-0300] {processor.py:927} WARNING - No viable dags retrieved from /home/crisu/miniconda3/envs/lab13.1/lib/python3.9/site-packages/airflow/example_dags/example_kubernetes_executor.py
[2024-12-07T03:39:22.957-0300] {processor.py:208} INFO - Processing /home/crisu/miniconda3/envs/lab13.1/lib/python3.9/site-packages/airflow/example_dags/example_kubernetes_executor.py took 0.028 seconds
[2024-12-07T03:40:38.292-0300] {processor.py:186} INFO - Started process (PID=45288) to work on /home/crisu/miniconda3/envs/lab13.1/lib/python3.9/site-packages/airflow/example_dags/example_kubernetes_executor.py
[2024-12-07T03:40:38.303-0300] {processor.py:914} INFO - Processing file /home/crisu/miniconda3/envs/lab13.1/lib/python3.9/site-packages/airflow/example_dags/example_kubernetes_executor.py for tasks to queue
[2024-12-07T03:40:38.304-0300] {logging_mixin.py:190} INFO - [2024-12-07T03:40:38.304-0300] {dagbag.py:588} INFO - Filling up the DagBag from /home/crisu/miniconda3/envs/lab13.1/lib/python3.9/site-packages/airflow/example_dags/example_kubernetes_executor.py
[2024-12-07T03:40:38.307-0300] {logging_mixin.py:190} INFO - [2024-12-07T03:40:38.306-0300] {example_kubernetes_executor.py:39} WARNING - The example_kubernetes_executor example DAG requires the kubernetes provider. Please install it with: pip install apache-airflow[cncf.kubernetes]
[2024-12-07T03:40:38.307-0300] {processor.py:927} WARNING - No viable dags retrieved from /home/crisu/miniconda3/envs/lab13.1/lib/python3.9/site-packages/airflow/example_dags/example_kubernetes_executor.py
[2024-12-07T03:40:38.315-0300] {processor.py:208} INFO - Processing /home/crisu/miniconda3/envs/lab13.1/lib/python3.9/site-packages/airflow/example_dags/example_kubernetes_executor.py took 0.028 seconds
[2024-12-07T03:44:24.555-0300] {processor.py:186} INFO - Started process (PID=45900) to work on /home/crisu/miniconda3/envs/lab13.1/lib/python3.9/site-packages/airflow/example_dags/example_kubernetes_executor.py
[2024-12-07T03:44:24.578-0300] {processor.py:914} INFO - Processing file /home/crisu/miniconda3/envs/lab13.1/lib/python3.9/site-packages/airflow/example_dags/example_kubernetes_executor.py for tasks to queue
[2024-12-07T03:44:24.580-0300] {logging_mixin.py:190} INFO - [2024-12-07T03:44:24.579-0300] {dagbag.py:588} INFO - Filling up the DagBag from /home/crisu/miniconda3/envs/lab13.1/lib/python3.9/site-packages/airflow/example_dags/example_kubernetes_executor.py
[2024-12-07T03:44:24.582-0300] {logging_mixin.py:190} INFO - [2024-12-07T03:44:24.582-0300] {example_kubernetes_executor.py:39} WARNING - The example_kubernetes_executor example DAG requires the kubernetes provider. Please install it with: pip install apache-airflow[cncf.kubernetes]
[2024-12-07T03:44:24.583-0300] {processor.py:927} WARNING - No viable dags retrieved from /home/crisu/miniconda3/envs/lab13.1/lib/python3.9/site-packages/airflow/example_dags/example_kubernetes_executor.py
[2024-12-07T03:44:24.591-0300] {processor.py:208} INFO - Processing /home/crisu/miniconda3/envs/lab13.1/lib/python3.9/site-packages/airflow/example_dags/example_kubernetes_executor.py took 0.041 seconds
[2024-12-07T03:48:53.323-0300] {processor.py:186} INFO - Started process (PID=46768) to work on /home/crisu/miniconda3/envs/lab13.1/lib/python3.9/site-packages/airflow/example_dags/example_kubernetes_executor.py
[2024-12-07T03:48:53.498-0300] {processor.py:914} INFO - Processing file /home/crisu/miniconda3/envs/lab13.1/lib/python3.9/site-packages/airflow/example_dags/example_kubernetes_executor.py for tasks to queue
[2024-12-07T03:48:53.500-0300] {logging_mixin.py:190} INFO - [2024-12-07T03:48:53.499-0300] {dagbag.py:588} INFO - Filling up the DagBag from /home/crisu/miniconda3/envs/lab13.1/lib/python3.9/site-packages/airflow/example_dags/example_kubernetes_executor.py
[2024-12-07T03:48:53.502-0300] {logging_mixin.py:190} INFO - [2024-12-07T03:48:53.502-0300] {example_kubernetes_executor.py:39} WARNING - The example_kubernetes_executor example DAG requires the kubernetes provider. Please install it with: pip install apache-airflow[cncf.kubernetes]
[2024-12-07T03:48:53.503-0300] {processor.py:927} WARNING - No viable dags retrieved from /home/crisu/miniconda3/envs/lab13.1/lib/python3.9/site-packages/airflow/example_dags/example_kubernetes_executor.py
[2024-12-07T03:48:53.514-0300] {processor.py:208} INFO - Processing /home/crisu/miniconda3/envs/lab13.1/lib/python3.9/site-packages/airflow/example_dags/example_kubernetes_executor.py took 0.197 seconds
[2024-12-07T03:50:56.872-0300] {processor.py:186} INFO - Started process (PID=46952) to work on /home/crisu/miniconda3/envs/lab13.1/lib/python3.9/site-packages/airflow/example_dags/example_kubernetes_executor.py
[2024-12-07T03:50:56.874-0300] {processor.py:914} INFO - Processing file /home/crisu/miniconda3/envs/lab13.1/lib/python3.9/site-packages/airflow/example_dags/example_kubernetes_executor.py for tasks to queue
[2024-12-07T03:50:56.875-0300] {logging_mixin.py:190} INFO - [2024-12-07T03:50:56.875-0300] {dagbag.py:588} INFO - Filling up the DagBag from /home/crisu/miniconda3/envs/lab13.1/lib/python3.9/site-packages/airflow/example_dags/example_kubernetes_executor.py
[2024-12-07T03:50:56.878-0300] {logging_mixin.py:190} INFO - [2024-12-07T03:50:56.878-0300] {example_kubernetes_executor.py:39} WARNING - The example_kubernetes_executor example DAG requires the kubernetes provider. Please install it with: pip install apache-airflow[cncf.kubernetes]
[2024-12-07T03:50:56.878-0300] {processor.py:927} WARNING - No viable dags retrieved from /home/crisu/miniconda3/envs/lab13.1/lib/python3.9/site-packages/airflow/example_dags/example_kubernetes_executor.py
[2024-12-07T03:50:56.886-0300] {processor.py:208} INFO - Processing /home/crisu/miniconda3/envs/lab13.1/lib/python3.9/site-packages/airflow/example_dags/example_kubernetes_executor.py took 0.019 seconds
[2024-12-07T03:52:22.125-0300] {processor.py:186} INFO - Started process (PID=47064) to work on /home/crisu/miniconda3/envs/lab13.1/lib/python3.9/site-packages/airflow/example_dags/example_kubernetes_executor.py
[2024-12-07T03:52:22.132-0300] {processor.py:914} INFO - Processing file /home/crisu/miniconda3/envs/lab13.1/lib/python3.9/site-packages/airflow/example_dags/example_kubernetes_executor.py for tasks to queue
[2024-12-07T03:52:22.135-0300] {logging_mixin.py:190} INFO - [2024-12-07T03:52:22.134-0300] {dagbag.py:588} INFO - Filling up the DagBag from /home/crisu/miniconda3/envs/lab13.1/lib/python3.9/site-packages/airflow/example_dags/example_kubernetes_executor.py
[2024-12-07T03:52:22.143-0300] {logging_mixin.py:190} INFO - [2024-12-07T03:52:22.143-0300] {example_kubernetes_executor.py:39} WARNING - The example_kubernetes_executor example DAG requires the kubernetes provider. Please install it with: pip install apache-airflow[cncf.kubernetes]
[2024-12-07T03:52:22.144-0300] {processor.py:927} WARNING - No viable dags retrieved from /home/crisu/miniconda3/envs/lab13.1/lib/python3.9/site-packages/airflow/example_dags/example_kubernetes_executor.py
[2024-12-07T03:52:22.155-0300] {processor.py:208} INFO - Processing /home/crisu/miniconda3/envs/lab13.1/lib/python3.9/site-packages/airflow/example_dags/example_kubernetes_executor.py took 0.039 seconds
[2024-12-07T03:54:33.283-0300] {processor.py:186} INFO - Started process (PID=47326) to work on /home/crisu/miniconda3/envs/lab13.1/lib/python3.9/site-packages/airflow/example_dags/example_kubernetes_executor.py
[2024-12-07T03:54:33.284-0300] {processor.py:914} INFO - Processing file /home/crisu/miniconda3/envs/lab13.1/lib/python3.9/site-packages/airflow/example_dags/example_kubernetes_executor.py for tasks to queue
[2024-12-07T03:54:33.286-0300] {logging_mixin.py:190} INFO - [2024-12-07T03:54:33.285-0300] {dagbag.py:588} INFO - Filling up the DagBag from /home/crisu/miniconda3/envs/lab13.1/lib/python3.9/site-packages/airflow/example_dags/example_kubernetes_executor.py
[2024-12-07T03:54:33.289-0300] {logging_mixin.py:190} INFO - [2024-12-07T03:54:33.289-0300] {example_kubernetes_executor.py:39} WARNING - The example_kubernetes_executor example DAG requires the kubernetes provider. Please install it with: pip install apache-airflow[cncf.kubernetes]
[2024-12-07T03:54:33.289-0300] {processor.py:927} WARNING - No viable dags retrieved from /home/crisu/miniconda3/envs/lab13.1/lib/python3.9/site-packages/airflow/example_dags/example_kubernetes_executor.py
[2024-12-07T03:54:33.297-0300] {processor.py:208} INFO - Processing /home/crisu/miniconda3/envs/lab13.1/lib/python3.9/site-packages/airflow/example_dags/example_kubernetes_executor.py took 0.020 seconds
[2024-12-07T03:56:31.193-0300] {processor.py:186} INFO - Started process (PID=47574) to work on /home/crisu/miniconda3/envs/lab13.1/lib/python3.9/site-packages/airflow/example_dags/example_kubernetes_executor.py
[2024-12-07T03:56:31.194-0300] {processor.py:914} INFO - Processing file /home/crisu/miniconda3/envs/lab13.1/lib/python3.9/site-packages/airflow/example_dags/example_kubernetes_executor.py for tasks to queue
[2024-12-07T03:56:31.196-0300] {logging_mixin.py:190} INFO - [2024-12-07T03:56:31.196-0300] {dagbag.py:588} INFO - Filling up the DagBag from /home/crisu/miniconda3/envs/lab13.1/lib/python3.9/site-packages/airflow/example_dags/example_kubernetes_executor.py
[2024-12-07T03:56:31.199-0300] {logging_mixin.py:190} INFO - [2024-12-07T03:56:31.198-0300] {example_kubernetes_executor.py:39} WARNING - The example_kubernetes_executor example DAG requires the kubernetes provider. Please install it with: pip install apache-airflow[cncf.kubernetes]
[2024-12-07T03:56:31.199-0300] {processor.py:927} WARNING - No viable dags retrieved from /home/crisu/miniconda3/envs/lab13.1/lib/python3.9/site-packages/airflow/example_dags/example_kubernetes_executor.py
[2024-12-07T03:56:31.207-0300] {processor.py:208} INFO - Processing /home/crisu/miniconda3/envs/lab13.1/lib/python3.9/site-packages/airflow/example_dags/example_kubernetes_executor.py took 0.019 seconds
[2024-12-07T03:57:50.206-0300] {processor.py:186} INFO - Started process (PID=47707) to work on /home/crisu/miniconda3/envs/lab13.1/lib/python3.9/site-packages/airflow/example_dags/example_kubernetes_executor.py
[2024-12-07T03:57:50.216-0300] {processor.py:914} INFO - Processing file /home/crisu/miniconda3/envs/lab13.1/lib/python3.9/site-packages/airflow/example_dags/example_kubernetes_executor.py for tasks to queue
[2024-12-07T03:57:50.218-0300] {logging_mixin.py:190} INFO - [2024-12-07T03:57:50.218-0300] {dagbag.py:588} INFO - Filling up the DagBag from /home/crisu/miniconda3/envs/lab13.1/lib/python3.9/site-packages/airflow/example_dags/example_kubernetes_executor.py
[2024-12-07T03:57:50.221-0300] {logging_mixin.py:190} INFO - [2024-12-07T03:57:50.220-0300] {example_kubernetes_executor.py:39} WARNING - The example_kubernetes_executor example DAG requires the kubernetes provider. Please install it with: pip install apache-airflow[cncf.kubernetes]
[2024-12-07T03:57:50.221-0300] {processor.py:927} WARNING - No viable dags retrieved from /home/crisu/miniconda3/envs/lab13.1/lib/python3.9/site-packages/airflow/example_dags/example_kubernetes_executor.py
[2024-12-07T03:57:50.229-0300] {processor.py:208} INFO - Processing /home/crisu/miniconda3/envs/lab13.1/lib/python3.9/site-packages/airflow/example_dags/example_kubernetes_executor.py took 0.028 seconds
[2024-12-07T03:59:45.682-0300] {processor.py:186} INFO - Started process (PID=47975) to work on /home/crisu/miniconda3/envs/lab13.1/lib/python3.9/site-packages/airflow/example_dags/example_kubernetes_executor.py
[2024-12-07T03:59:45.692-0300] {processor.py:914} INFO - Processing file /home/crisu/miniconda3/envs/lab13.1/lib/python3.9/site-packages/airflow/example_dags/example_kubernetes_executor.py for tasks to queue
[2024-12-07T03:59:45.696-0300] {logging_mixin.py:190} INFO - [2024-12-07T03:59:45.695-0300] {dagbag.py:588} INFO - Filling up the DagBag from /home/crisu/miniconda3/envs/lab13.1/lib/python3.9/site-packages/airflow/example_dags/example_kubernetes_executor.py
[2024-12-07T03:59:45.699-0300] {logging_mixin.py:190} INFO - [2024-12-07T03:59:45.699-0300] {example_kubernetes_executor.py:39} WARNING - The example_kubernetes_executor example DAG requires the kubernetes provider. Please install it with: pip install apache-airflow[cncf.kubernetes]
[2024-12-07T03:59:45.700-0300] {processor.py:927} WARNING - No viable dags retrieved from /home/crisu/miniconda3/envs/lab13.1/lib/python3.9/site-packages/airflow/example_dags/example_kubernetes_executor.py
[2024-12-07T03:59:45.708-0300] {processor.py:208} INFO - Processing /home/crisu/miniconda3/envs/lab13.1/lib/python3.9/site-packages/airflow/example_dags/example_kubernetes_executor.py took 0.034 seconds
[2024-12-07T04:01:01.733-0300] {processor.py:186} INFO - Started process (PID=48124) to work on /home/crisu/miniconda3/envs/lab13.1/lib/python3.9/site-packages/airflow/example_dags/example_kubernetes_executor.py
[2024-12-07T04:01:01.747-0300] {processor.py:914} INFO - Processing file /home/crisu/miniconda3/envs/lab13.1/lib/python3.9/site-packages/airflow/example_dags/example_kubernetes_executor.py for tasks to queue
[2024-12-07T04:01:01.749-0300] {logging_mixin.py:190} INFO - [2024-12-07T04:01:01.749-0300] {dagbag.py:588} INFO - Filling up the DagBag from /home/crisu/miniconda3/envs/lab13.1/lib/python3.9/site-packages/airflow/example_dags/example_kubernetes_executor.py
[2024-12-07T04:01:01.752-0300] {logging_mixin.py:190} INFO - [2024-12-07T04:01:01.752-0300] {example_kubernetes_executor.py:39} WARNING - The example_kubernetes_executor example DAG requires the kubernetes provider. Please install it with: pip install apache-airflow[cncf.kubernetes]
[2024-12-07T04:01:01.752-0300] {processor.py:927} WARNING - No viable dags retrieved from /home/crisu/miniconda3/envs/lab13.1/lib/python3.9/site-packages/airflow/example_dags/example_kubernetes_executor.py
[2024-12-07T04:01:01.761-0300] {processor.py:208} INFO - Processing /home/crisu/miniconda3/envs/lab13.1/lib/python3.9/site-packages/airflow/example_dags/example_kubernetes_executor.py took 0.034 seconds
[2024-12-07T04:07:54.293-0300] {processor.py:186} INFO - Started process (PID=49228) to work on /home/crisu/miniconda3/envs/lab13.1/lib/python3.9/site-packages/airflow/example_dags/example_kubernetes_executor.py
[2024-12-07T04:07:54.294-0300] {processor.py:914} INFO - Processing file /home/crisu/miniconda3/envs/lab13.1/lib/python3.9/site-packages/airflow/example_dags/example_kubernetes_executor.py for tasks to queue
[2024-12-07T04:07:54.295-0300] {logging_mixin.py:190} INFO - [2024-12-07T04:07:54.295-0300] {dagbag.py:588} INFO - Filling up the DagBag from /home/crisu/miniconda3/envs/lab13.1/lib/python3.9/site-packages/airflow/example_dags/example_kubernetes_executor.py
[2024-12-07T04:07:54.299-0300] {logging_mixin.py:190} INFO - [2024-12-07T04:07:54.298-0300] {example_kubernetes_executor.py:39} WARNING - The example_kubernetes_executor example DAG requires the kubernetes provider. Please install it with: pip install apache-airflow[cncf.kubernetes]
[2024-12-07T04:07:54.299-0300] {processor.py:927} WARNING - No viable dags retrieved from /home/crisu/miniconda3/envs/lab13.1/lib/python3.9/site-packages/airflow/example_dags/example_kubernetes_executor.py
[2024-12-07T04:07:54.308-0300] {processor.py:208} INFO - Processing /home/crisu/miniconda3/envs/lab13.1/lib/python3.9/site-packages/airflow/example_dags/example_kubernetes_executor.py took 0.021 seconds
[2024-12-07T04:09:57.627-0300] {processor.py:186} INFO - Started process (PID=49465) to work on /home/crisu/miniconda3/envs/lab13.1/lib/python3.9/site-packages/airflow/example_dags/example_kubernetes_executor.py
[2024-12-07T04:09:57.628-0300] {processor.py:914} INFO - Processing file /home/crisu/miniconda3/envs/lab13.1/lib/python3.9/site-packages/airflow/example_dags/example_kubernetes_executor.py for tasks to queue
[2024-12-07T04:09:57.629-0300] {logging_mixin.py:190} INFO - [2024-12-07T04:09:57.629-0300] {dagbag.py:588} INFO - Filling up the DagBag from /home/crisu/miniconda3/envs/lab13.1/lib/python3.9/site-packages/airflow/example_dags/example_kubernetes_executor.py
[2024-12-07T04:09:57.632-0300] {logging_mixin.py:190} INFO - [2024-12-07T04:09:57.632-0300] {example_kubernetes_executor.py:39} WARNING - The example_kubernetes_executor example DAG requires the kubernetes provider. Please install it with: pip install apache-airflow[cncf.kubernetes]
[2024-12-07T04:09:57.632-0300] {processor.py:927} WARNING - No viable dags retrieved from /home/crisu/miniconda3/envs/lab13.1/lib/python3.9/site-packages/airflow/example_dags/example_kubernetes_executor.py
[2024-12-07T04:09:57.640-0300] {processor.py:208} INFO - Processing /home/crisu/miniconda3/envs/lab13.1/lib/python3.9/site-packages/airflow/example_dags/example_kubernetes_executor.py took 0.018 seconds
[2024-12-07T04:11:57.568-0300] {processor.py:186} INFO - Started process (PID=49636) to work on /home/crisu/miniconda3/envs/lab13.1/lib/python3.9/site-packages/airflow/example_dags/example_kubernetes_executor.py
[2024-12-07T04:11:57.570-0300] {processor.py:914} INFO - Processing file /home/crisu/miniconda3/envs/lab13.1/lib/python3.9/site-packages/airflow/example_dags/example_kubernetes_executor.py for tasks to queue
[2024-12-07T04:11:57.571-0300] {logging_mixin.py:190} INFO - [2024-12-07T04:11:57.570-0300] {dagbag.py:588} INFO - Filling up the DagBag from /home/crisu/miniconda3/envs/lab13.1/lib/python3.9/site-packages/airflow/example_dags/example_kubernetes_executor.py
[2024-12-07T04:11:57.573-0300] {logging_mixin.py:190} INFO - [2024-12-07T04:11:57.573-0300] {example_kubernetes_executor.py:39} WARNING - The example_kubernetes_executor example DAG requires the kubernetes provider. Please install it with: pip install apache-airflow[cncf.kubernetes]
[2024-12-07T04:11:57.574-0300] {processor.py:927} WARNING - No viable dags retrieved from /home/crisu/miniconda3/envs/lab13.1/lib/python3.9/site-packages/airflow/example_dags/example_kubernetes_executor.py
[2024-12-07T04:11:57.584-0300] {processor.py:208} INFO - Processing /home/crisu/miniconda3/envs/lab13.1/lib/python3.9/site-packages/airflow/example_dags/example_kubernetes_executor.py took 0.023 seconds
[2024-12-07T04:13:12.719-0300] {processor.py:186} INFO - Started process (PID=49757) to work on /home/crisu/miniconda3/envs/lab13.1/lib/python3.9/site-packages/airflow/example_dags/example_kubernetes_executor.py
[2024-12-07T04:13:12.725-0300] {processor.py:914} INFO - Processing file /home/crisu/miniconda3/envs/lab13.1/lib/python3.9/site-packages/airflow/example_dags/example_kubernetes_executor.py for tasks to queue
[2024-12-07T04:13:12.727-0300] {logging_mixin.py:190} INFO - [2024-12-07T04:13:12.726-0300] {dagbag.py:588} INFO - Filling up the DagBag from /home/crisu/miniconda3/envs/lab13.1/lib/python3.9/site-packages/airflow/example_dags/example_kubernetes_executor.py
[2024-12-07T04:13:12.729-0300] {logging_mixin.py:190} INFO - [2024-12-07T04:13:12.729-0300] {example_kubernetes_executor.py:39} WARNING - The example_kubernetes_executor example DAG requires the kubernetes provider. Please install it with: pip install apache-airflow[cncf.kubernetes]
[2024-12-07T04:13:12.729-0300] {processor.py:927} WARNING - No viable dags retrieved from /home/crisu/miniconda3/envs/lab13.1/lib/python3.9/site-packages/airflow/example_dags/example_kubernetes_executor.py
[2024-12-07T04:13:12.739-0300] {processor.py:208} INFO - Processing /home/crisu/miniconda3/envs/lab13.1/lib/python3.9/site-packages/airflow/example_dags/example_kubernetes_executor.py took 0.026 seconds
[2024-12-07T04:14:31.661-0300] {processor.py:186} INFO - Started process (PID=49939) to work on /home/crisu/miniconda3/envs/lab13.1/lib/python3.9/site-packages/airflow/example_dags/example_kubernetes_executor.py
[2024-12-07T04:14:31.671-0300] {processor.py:914} INFO - Processing file /home/crisu/miniconda3/envs/lab13.1/lib/python3.9/site-packages/airflow/example_dags/example_kubernetes_executor.py for tasks to queue
[2024-12-07T04:14:31.672-0300] {logging_mixin.py:190} INFO - [2024-12-07T04:14:31.672-0300] {dagbag.py:588} INFO - Filling up the DagBag from /home/crisu/miniconda3/envs/lab13.1/lib/python3.9/site-packages/airflow/example_dags/example_kubernetes_executor.py
[2024-12-07T04:14:31.675-0300] {logging_mixin.py:190} INFO - [2024-12-07T04:14:31.675-0300] {example_kubernetes_executor.py:39} WARNING - The example_kubernetes_executor example DAG requires the kubernetes provider. Please install it with: pip install apache-airflow[cncf.kubernetes]
[2024-12-07T04:14:31.675-0300] {processor.py:927} WARNING - No viable dags retrieved from /home/crisu/miniconda3/envs/lab13.1/lib/python3.9/site-packages/airflow/example_dags/example_kubernetes_executor.py
[2024-12-07T04:14:31.685-0300] {processor.py:208} INFO - Processing /home/crisu/miniconda3/envs/lab13.1/lib/python3.9/site-packages/airflow/example_dags/example_kubernetes_executor.py took 0.029 seconds
[2024-12-07T04:15:49.684-0300] {processor.py:186} INFO - Started process (PID=50049) to work on /home/crisu/miniconda3/envs/lab13.1/lib/python3.9/site-packages/airflow/example_dags/example_kubernetes_executor.py
[2024-12-07T04:15:49.698-0300] {processor.py:914} INFO - Processing file /home/crisu/miniconda3/envs/lab13.1/lib/python3.9/site-packages/airflow/example_dags/example_kubernetes_executor.py for tasks to queue
[2024-12-07T04:15:49.699-0300] {logging_mixin.py:190} INFO - [2024-12-07T04:15:49.698-0300] {dagbag.py:588} INFO - Filling up the DagBag from /home/crisu/miniconda3/envs/lab13.1/lib/python3.9/site-packages/airflow/example_dags/example_kubernetes_executor.py
[2024-12-07T04:15:49.702-0300] {logging_mixin.py:190} INFO - [2024-12-07T04:15:49.701-0300] {example_kubernetes_executor.py:39} WARNING - The example_kubernetes_executor example DAG requires the kubernetes provider. Please install it with: pip install apache-airflow[cncf.kubernetes]
[2024-12-07T04:15:49.702-0300] {processor.py:927} WARNING - No viable dags retrieved from /home/crisu/miniconda3/envs/lab13.1/lib/python3.9/site-packages/airflow/example_dags/example_kubernetes_executor.py
[2024-12-07T04:15:49.711-0300] {processor.py:208} INFO - Processing /home/crisu/miniconda3/envs/lab13.1/lib/python3.9/site-packages/airflow/example_dags/example_kubernetes_executor.py took 0.032 seconds
