[2024-12-07T02:09:31.180-0300] {processor.py:186} INFO - Started process (PID=35680) to work on /home/crisu/miniconda3/envs/lab13.1/lib/python3.9/site-packages/airflow/example_dags/example_branch_python_dop_operator_3.py
[2024-12-07T02:09:31.181-0300] {processor.py:914} INFO - Processing file /home/crisu/miniconda3/envs/lab13.1/lib/python3.9/site-packages/airflow/example_dags/example_branch_python_dop_operator_3.py for tasks to queue
[2024-12-07T02:09:31.183-0300] {logging_mixin.py:190} INFO - [2024-12-07T02:09:31.183-0300] {dagbag.py:588} INFO - Filling up the DagBag from /home/crisu/miniconda3/envs/lab13.1/lib/python3.9/site-packages/airflow/example_dags/example_branch_python_dop_operator_3.py
[2024-12-07T02:09:31.193-0300] {processor.py:925} INFO - DAG(s) 'example_branch_dop_operator_v3' retrieved from /home/crisu/miniconda3/envs/lab13.1/lib/python3.9/site-packages/airflow/example_dags/example_branch_python_dop_operator_3.py
[2024-12-07T02:09:34.279-0300] {logging_mixin.py:190} INFO - [2024-12-07T02:09:34.278-0300] {override.py:1911} INFO - Created Permission View: can edit on DAG:example_branch_dop_operator_v3
[2024-12-07T02:09:35.365-0300] {logging_mixin.py:190} INFO - [2024-12-07T02:09:35.364-0300] {override.py:1911} INFO - Created Permission View: can read on DAG:example_branch_dop_operator_v3
[2024-12-07T02:09:37.243-0300] {logging_mixin.py:190} INFO - [2024-12-07T02:09:37.242-0300] {override.py:1911} INFO - Created Permission View: can delete on DAG:example_branch_dop_operator_v3
[2024-12-07T02:09:39.493-0300] {logging_mixin.py:190} INFO - [2024-12-07T02:09:39.492-0300] {override.py:1911} INFO - Created Permission View: can read on DAG Run:example_branch_dop_operator_v3
[2024-12-07T02:09:40.538-0300] {logging_mixin.py:190} INFO - [2024-12-07T02:09:40.538-0300] {override.py:1911} INFO - Created Permission View: can delete on DAG Run:example_branch_dop_operator_v3
[2024-12-07T02:09:41.572-0300] {logging_mixin.py:190} INFO - [2024-12-07T02:09:41.571-0300] {override.py:1911} INFO - Created Permission View: menu access on DAG Run:example_branch_dop_operator_v3
[2024-12-07T02:09:42.618-0300] {logging_mixin.py:190} INFO - [2024-12-07T02:09:42.618-0300] {override.py:1911} INFO - Created Permission View: can create on DAG Run:example_branch_dop_operator_v3
[2024-12-07T02:09:42.619-0300] {logging_mixin.py:190} INFO - [2024-12-07T02:09:42.619-0300] {dag.py:3239} INFO - Sync 1 DAGs
[2024-12-07T02:09:42.629-0300] {logging_mixin.py:190} INFO - [2024-12-07T02:09:42.629-0300] {dag.py:3262} INFO - Creating ORM DAG for example_branch_dop_operator_v3
[2024-12-07T02:09:42.641-0300] {logging_mixin.py:190} INFO - [2024-12-07T02:09:42.640-0300] {dag.py:4180} INFO - Setting next_dagrun for example_branch_dop_operator_v3 to 2024-12-07 05:08:00+00:00, run_after=2024-12-07 05:09:00+00:00
[2024-12-07T02:09:44.071-0300] {processor.py:208} INFO - Processing /home/crisu/miniconda3/envs/lab13.1/lib/python3.9/site-packages/airflow/example_dags/example_branch_python_dop_operator_3.py took 12.898 seconds
[2024-12-07T02:12:16.041-0300] {processor.py:186} INFO - Started process (PID=35960) to work on /home/crisu/miniconda3/envs/lab13.1/lib/python3.9/site-packages/airflow/example_dags/example_branch_python_dop_operator_3.py
[2024-12-07T02:12:16.048-0300] {processor.py:914} INFO - Processing file /home/crisu/miniconda3/envs/lab13.1/lib/python3.9/site-packages/airflow/example_dags/example_branch_python_dop_operator_3.py for tasks to queue
[2024-12-07T02:12:16.049-0300] {logging_mixin.py:190} INFO - [2024-12-07T02:12:16.049-0300] {dagbag.py:588} INFO - Filling up the DagBag from /home/crisu/miniconda3/envs/lab13.1/lib/python3.9/site-packages/airflow/example_dags/example_branch_python_dop_operator_3.py
[2024-12-07T02:12:16.060-0300] {processor.py:925} INFO - DAG(s) 'example_branch_dop_operator_v3' retrieved from /home/crisu/miniconda3/envs/lab13.1/lib/python3.9/site-packages/airflow/example_dags/example_branch_python_dop_operator_3.py
[2024-12-07T02:12:16.073-0300] {logging_mixin.py:190} INFO - [2024-12-07T02:12:16.073-0300] {dag.py:3239} INFO - Sync 1 DAGs
[2024-12-07T02:12:16.096-0300] {logging_mixin.py:190} INFO - [2024-12-07T02:12:16.095-0300] {dag.py:4180} INFO - Setting next_dagrun for example_branch_dop_operator_v3 to 2024-12-07 05:11:00+00:00, run_after=2024-12-07 05:12:00+00:00
[2024-12-07T02:12:16.156-0300] {processor.py:208} INFO - Processing /home/crisu/miniconda3/envs/lab13.1/lib/python3.9/site-packages/airflow/example_dags/example_branch_python_dop_operator_3.py took 0.122 seconds
[2024-12-07T02:14:30.188-0300] {processor.py:186} INFO - Started process (PID=36265) to work on /home/crisu/miniconda3/envs/lab13.1/lib/python3.9/site-packages/airflow/example_dags/example_branch_python_dop_operator_3.py
[2024-12-07T02:14:30.204-0300] {processor.py:914} INFO - Processing file /home/crisu/miniconda3/envs/lab13.1/lib/python3.9/site-packages/airflow/example_dags/example_branch_python_dop_operator_3.py for tasks to queue
[2024-12-07T02:14:30.206-0300] {logging_mixin.py:190} INFO - [2024-12-07T02:14:30.205-0300] {dagbag.py:588} INFO - Filling up the DagBag from /home/crisu/miniconda3/envs/lab13.1/lib/python3.9/site-packages/airflow/example_dags/example_branch_python_dop_operator_3.py
[2024-12-07T02:14:30.215-0300] {processor.py:925} INFO - DAG(s) 'example_branch_dop_operator_v3' retrieved from /home/crisu/miniconda3/envs/lab13.1/lib/python3.9/site-packages/airflow/example_dags/example_branch_python_dop_operator_3.py
[2024-12-07T02:14:30.228-0300] {logging_mixin.py:190} INFO - [2024-12-07T02:14:30.228-0300] {dag.py:3239} INFO - Sync 1 DAGs
[2024-12-07T02:14:30.249-0300] {logging_mixin.py:190} INFO - [2024-12-07T02:14:30.249-0300] {dag.py:4180} INFO - Setting next_dagrun for example_branch_dop_operator_v3 to 2024-12-07 05:13:00+00:00, run_after=2024-12-07 05:14:00+00:00
[2024-12-07T02:14:30.308-0300] {processor.py:208} INFO - Processing /home/crisu/miniconda3/envs/lab13.1/lib/python3.9/site-packages/airflow/example_dags/example_branch_python_dop_operator_3.py took 0.127 seconds
[2024-12-07T02:16:40.911-0300] {processor.py:186} INFO - Started process (PID=36481) to work on /home/crisu/miniconda3/envs/lab13.1/lib/python3.9/site-packages/airflow/example_dags/example_branch_python_dop_operator_3.py
[2024-12-07T02:16:40.939-0300] {processor.py:914} INFO - Processing file /home/crisu/miniconda3/envs/lab13.1/lib/python3.9/site-packages/airflow/example_dags/example_branch_python_dop_operator_3.py for tasks to queue
[2024-12-07T02:16:40.941-0300] {logging_mixin.py:190} INFO - [2024-12-07T02:16:40.941-0300] {dagbag.py:588} INFO - Filling up the DagBag from /home/crisu/miniconda3/envs/lab13.1/lib/python3.9/site-packages/airflow/example_dags/example_branch_python_dop_operator_3.py
[2024-12-07T02:16:40.951-0300] {processor.py:925} INFO - DAG(s) 'example_branch_dop_operator_v3' retrieved from /home/crisu/miniconda3/envs/lab13.1/lib/python3.9/site-packages/airflow/example_dags/example_branch_python_dop_operator_3.py
[2024-12-07T02:16:40.965-0300] {logging_mixin.py:190} INFO - [2024-12-07T02:16:40.965-0300] {dag.py:3239} INFO - Sync 1 DAGs
[2024-12-07T02:16:40.987-0300] {logging_mixin.py:190} INFO - [2024-12-07T02:16:40.987-0300] {dag.py:4180} INFO - Setting next_dagrun for example_branch_dop_operator_v3 to 2024-12-07 05:15:00+00:00, run_after=2024-12-07 05:16:00+00:00
[2024-12-07T02:16:41.052-0300] {processor.py:208} INFO - Processing /home/crisu/miniconda3/envs/lab13.1/lib/python3.9/site-packages/airflow/example_dags/example_branch_python_dop_operator_3.py took 0.148 seconds
[2024-12-07T02:18:11.343-0300] {processor.py:186} INFO - Started process (PID=36644) to work on /home/crisu/miniconda3/envs/lab13.1/lib/python3.9/site-packages/airflow/example_dags/example_branch_python_dop_operator_3.py
[2024-12-07T02:18:11.345-0300] {processor.py:914} INFO - Processing file /home/crisu/miniconda3/envs/lab13.1/lib/python3.9/site-packages/airflow/example_dags/example_branch_python_dop_operator_3.py for tasks to queue
[2024-12-07T02:18:11.346-0300] {logging_mixin.py:190} INFO - [2024-12-07T02:18:11.346-0300] {dagbag.py:588} INFO - Filling up the DagBag from /home/crisu/miniconda3/envs/lab13.1/lib/python3.9/site-packages/airflow/example_dags/example_branch_python_dop_operator_3.py
[2024-12-07T02:18:11.356-0300] {processor.py:925} INFO - DAG(s) 'example_branch_dop_operator_v3' retrieved from /home/crisu/miniconda3/envs/lab13.1/lib/python3.9/site-packages/airflow/example_dags/example_branch_python_dop_operator_3.py
[2024-12-07T02:18:11.372-0300] {logging_mixin.py:190} INFO - [2024-12-07T02:18:11.372-0300] {dag.py:3239} INFO - Sync 1 DAGs
[2024-12-07T02:18:11.398-0300] {logging_mixin.py:190} INFO - [2024-12-07T02:18:11.398-0300] {dag.py:4180} INFO - Setting next_dagrun for example_branch_dop_operator_v3 to 2024-12-07 05:17:00+00:00, run_after=2024-12-07 05:18:00+00:00
[2024-12-07T02:18:11.488-0300] {processor.py:208} INFO - Processing /home/crisu/miniconda3/envs/lab13.1/lib/python3.9/site-packages/airflow/example_dags/example_branch_python_dop_operator_3.py took 0.151 seconds
[2024-12-07T02:32:46.393-0300] {processor.py:186} INFO - Started process (PID=38087) to work on /home/crisu/miniconda3/envs/lab13.1/lib/python3.9/site-packages/airflow/example_dags/example_branch_python_dop_operator_3.py
[2024-12-07T02:32:46.525-0300] {processor.py:914} INFO - Processing file /home/crisu/miniconda3/envs/lab13.1/lib/python3.9/site-packages/airflow/example_dags/example_branch_python_dop_operator_3.py for tasks to queue
[2024-12-07T02:32:46.527-0300] {logging_mixin.py:190} INFO - [2024-12-07T02:32:46.527-0300] {dagbag.py:588} INFO - Filling up the DagBag from /home/crisu/miniconda3/envs/lab13.1/lib/python3.9/site-packages/airflow/example_dags/example_branch_python_dop_operator_3.py
[2024-12-07T02:32:46.537-0300] {processor.py:925} INFO - DAG(s) 'example_branch_dop_operator_v3' retrieved from /home/crisu/miniconda3/envs/lab13.1/lib/python3.9/site-packages/airflow/example_dags/example_branch_python_dop_operator_3.py
[2024-12-07T02:32:46.551-0300] {logging_mixin.py:190} INFO - [2024-12-07T02:32:46.551-0300] {dag.py:3239} INFO - Sync 1 DAGs
[2024-12-07T02:32:46.573-0300] {logging_mixin.py:190} INFO - [2024-12-07T02:32:46.573-0300] {dag.py:4180} INFO - Setting next_dagrun for example_branch_dop_operator_v3 to 2024-12-07 05:31:00+00:00, run_after=2024-12-07 05:32:00+00:00
[2024-12-07T02:32:47.889-0300] {processor.py:208} INFO - Processing /home/crisu/miniconda3/envs/lab13.1/lib/python3.9/site-packages/airflow/example_dags/example_branch_python_dop_operator_3.py took 1.502 seconds
[2024-12-07T02:36:29.409-0300] {processor.py:186} INFO - Started process (PID=38527) to work on /home/crisu/miniconda3/envs/lab13.1/lib/python3.9/site-packages/airflow/example_dags/example_branch_python_dop_operator_3.py
[2024-12-07T02:36:29.419-0300] {processor.py:914} INFO - Processing file /home/crisu/miniconda3/envs/lab13.1/lib/python3.9/site-packages/airflow/example_dags/example_branch_python_dop_operator_3.py for tasks to queue
[2024-12-07T02:36:29.421-0300] {logging_mixin.py:190} INFO - [2024-12-07T02:36:29.421-0300] {dagbag.py:588} INFO - Filling up the DagBag from /home/crisu/miniconda3/envs/lab13.1/lib/python3.9/site-packages/airflow/example_dags/example_branch_python_dop_operator_3.py
[2024-12-07T02:36:29.430-0300] {processor.py:925} INFO - DAG(s) 'example_branch_dop_operator_v3' retrieved from /home/crisu/miniconda3/envs/lab13.1/lib/python3.9/site-packages/airflow/example_dags/example_branch_python_dop_operator_3.py
[2024-12-07T02:36:29.444-0300] {logging_mixin.py:190} INFO - [2024-12-07T02:36:29.444-0300] {dag.py:3239} INFO - Sync 1 DAGs
[2024-12-07T02:36:29.469-0300] {logging_mixin.py:190} INFO - [2024-12-07T02:36:29.468-0300] {dag.py:4180} INFO - Setting next_dagrun for example_branch_dop_operator_v3 to 2024-12-07 05:35:00+00:00, run_after=2024-12-07 05:36:00+00:00
[2024-12-07T02:36:29.532-0300] {processor.py:208} INFO - Processing /home/crisu/miniconda3/envs/lab13.1/lib/python3.9/site-packages/airflow/example_dags/example_branch_python_dop_operator_3.py took 0.127 seconds
[2024-12-07T02:39:40.564-0300] {processor.py:186} INFO - Started process (PID=38805) to work on /home/crisu/miniconda3/envs/lab13.1/lib/python3.9/site-packages/airflow/example_dags/example_branch_python_dop_operator_3.py
[2024-12-07T02:39:40.624-0300] {processor.py:914} INFO - Processing file /home/crisu/miniconda3/envs/lab13.1/lib/python3.9/site-packages/airflow/example_dags/example_branch_python_dop_operator_3.py for tasks to queue
[2024-12-07T02:39:40.626-0300] {logging_mixin.py:190} INFO - [2024-12-07T02:39:40.625-0300] {dagbag.py:588} INFO - Filling up the DagBag from /home/crisu/miniconda3/envs/lab13.1/lib/python3.9/site-packages/airflow/example_dags/example_branch_python_dop_operator_3.py
[2024-12-07T02:39:40.635-0300] {processor.py:925} INFO - DAG(s) 'example_branch_dop_operator_v3' retrieved from /home/crisu/miniconda3/envs/lab13.1/lib/python3.9/site-packages/airflow/example_dags/example_branch_python_dop_operator_3.py
[2024-12-07T02:39:40.649-0300] {logging_mixin.py:190} INFO - [2024-12-07T02:39:40.649-0300] {dag.py:3239} INFO - Sync 1 DAGs
[2024-12-07T02:39:40.670-0300] {logging_mixin.py:190} INFO - [2024-12-07T02:39:40.670-0300] {dag.py:4180} INFO - Setting next_dagrun for example_branch_dop_operator_v3 to 2024-12-07 05:38:00+00:00, run_after=2024-12-07 05:39:00+00:00
[2024-12-07T02:39:41.601-0300] {processor.py:208} INFO - Processing /home/crisu/miniconda3/envs/lab13.1/lib/python3.9/site-packages/airflow/example_dags/example_branch_python_dop_operator_3.py took 1.042 seconds
[2024-12-07T02:41:20.947-0300] {processor.py:186} INFO - Started process (PID=38978) to work on /home/crisu/miniconda3/envs/lab13.1/lib/python3.9/site-packages/airflow/example_dags/example_branch_python_dop_operator_3.py
[2024-12-07T02:41:20.955-0300] {processor.py:914} INFO - Processing file /home/crisu/miniconda3/envs/lab13.1/lib/python3.9/site-packages/airflow/example_dags/example_branch_python_dop_operator_3.py for tasks to queue
[2024-12-07T02:41:20.956-0300] {logging_mixin.py:190} INFO - [2024-12-07T02:41:20.956-0300] {dagbag.py:588} INFO - Filling up the DagBag from /home/crisu/miniconda3/envs/lab13.1/lib/python3.9/site-packages/airflow/example_dags/example_branch_python_dop_operator_3.py
[2024-12-07T02:41:20.965-0300] {processor.py:925} INFO - DAG(s) 'example_branch_dop_operator_v3' retrieved from /home/crisu/miniconda3/envs/lab13.1/lib/python3.9/site-packages/airflow/example_dags/example_branch_python_dop_operator_3.py
[2024-12-07T02:41:20.978-0300] {logging_mixin.py:190} INFO - [2024-12-07T02:41:20.978-0300] {dag.py:3239} INFO - Sync 1 DAGs
[2024-12-07T02:41:20.999-0300] {logging_mixin.py:190} INFO - [2024-12-07T02:41:20.998-0300] {dag.py:4180} INFO - Setting next_dagrun for example_branch_dop_operator_v3 to 2024-12-07 05:40:00+00:00, run_after=2024-12-07 05:41:00+00:00
[2024-12-07T02:41:21.151-0300] {processor.py:208} INFO - Processing /home/crisu/miniconda3/envs/lab13.1/lib/python3.9/site-packages/airflow/example_dags/example_branch_python_dop_operator_3.py took 0.210 seconds
[2024-12-07T02:45:21.851-0300] {processor.py:186} INFO - Started process (PID=39756) to work on /home/crisu/miniconda3/envs/lab13.1/lib/python3.9/site-packages/airflow/example_dags/example_branch_python_dop_operator_3.py
[2024-12-07T02:45:21.853-0300] {processor.py:914} INFO - Processing file /home/crisu/miniconda3/envs/lab13.1/lib/python3.9/site-packages/airflow/example_dags/example_branch_python_dop_operator_3.py for tasks to queue
[2024-12-07T02:45:21.855-0300] {logging_mixin.py:190} INFO - [2024-12-07T02:45:21.854-0300] {dagbag.py:588} INFO - Filling up the DagBag from /home/crisu/miniconda3/envs/lab13.1/lib/python3.9/site-packages/airflow/example_dags/example_branch_python_dop_operator_3.py
[2024-12-07T02:45:21.865-0300] {processor.py:925} INFO - DAG(s) 'example_branch_dop_operator_v3' retrieved from /home/crisu/miniconda3/envs/lab13.1/lib/python3.9/site-packages/airflow/example_dags/example_branch_python_dop_operator_3.py
[2024-12-07T02:45:21.881-0300] {logging_mixin.py:190} INFO - [2024-12-07T02:45:21.881-0300] {dag.py:3239} INFO - Sync 1 DAGs
[2024-12-07T02:45:21.905-0300] {logging_mixin.py:190} INFO - [2024-12-07T02:45:21.905-0300] {dag.py:4180} INFO - Setting next_dagrun for example_branch_dop_operator_v3 to 2024-12-07 05:44:00+00:00, run_after=2024-12-07 05:45:00+00:00
[2024-12-07T02:45:21.996-0300] {processor.py:208} INFO - Processing /home/crisu/miniconda3/envs/lab13.1/lib/python3.9/site-packages/airflow/example_dags/example_branch_python_dop_operator_3.py took 0.150 seconds
[2024-12-07T02:50:40.855-0300] {processor.py:186} INFO - Started process (PID=40852) to work on /home/crisu/miniconda3/envs/lab13.1/lib/python3.9/site-packages/airflow/example_dags/example_branch_python_dop_operator_3.py
[2024-12-07T02:50:40.856-0300] {processor.py:914} INFO - Processing file /home/crisu/miniconda3/envs/lab13.1/lib/python3.9/site-packages/airflow/example_dags/example_branch_python_dop_operator_3.py for tasks to queue
[2024-12-07T02:50:40.859-0300] {logging_mixin.py:190} INFO - [2024-12-07T02:50:40.858-0300] {dagbag.py:588} INFO - Filling up the DagBag from /home/crisu/miniconda3/envs/lab13.1/lib/python3.9/site-packages/airflow/example_dags/example_branch_python_dop_operator_3.py
[2024-12-07T02:50:40.873-0300] {processor.py:925} INFO - DAG(s) 'example_branch_dop_operator_v3' retrieved from /home/crisu/miniconda3/envs/lab13.1/lib/python3.9/site-packages/airflow/example_dags/example_branch_python_dop_operator_3.py
[2024-12-07T02:50:40.889-0300] {logging_mixin.py:190} INFO - [2024-12-07T02:50:40.889-0300] {dag.py:3239} INFO - Sync 1 DAGs
[2024-12-07T02:50:40.911-0300] {logging_mixin.py:190} INFO - [2024-12-07T02:50:40.911-0300] {dag.py:4180} INFO - Setting next_dagrun for example_branch_dop_operator_v3 to 2024-12-07 05:49:00+00:00, run_after=2024-12-07 05:50:00+00:00
[2024-12-07T02:50:40.974-0300] {processor.py:208} INFO - Processing /home/crisu/miniconda3/envs/lab13.1/lib/python3.9/site-packages/airflow/example_dags/example_branch_python_dop_operator_3.py took 0.128 seconds
[2024-12-07T03:21:59.058-0300] {processor.py:186} INFO - Started process (PID=42746) to work on /home/crisu/miniconda3/envs/lab13.1/lib/python3.9/site-packages/airflow/example_dags/example_branch_python_dop_operator_3.py
[2024-12-07T03:21:59.059-0300] {processor.py:914} INFO - Processing file /home/crisu/miniconda3/envs/lab13.1/lib/python3.9/site-packages/airflow/example_dags/example_branch_python_dop_operator_3.py for tasks to queue
[2024-12-07T03:21:59.060-0300] {logging_mixin.py:190} INFO - [2024-12-07T03:21:59.059-0300] {dagbag.py:588} INFO - Filling up the DagBag from /home/crisu/miniconda3/envs/lab13.1/lib/python3.9/site-packages/airflow/example_dags/example_branch_python_dop_operator_3.py
[2024-12-07T03:21:59.068-0300] {processor.py:925} INFO - DAG(s) 'example_branch_dop_operator_v3' retrieved from /home/crisu/miniconda3/envs/lab13.1/lib/python3.9/site-packages/airflow/example_dags/example_branch_python_dop_operator_3.py
[2024-12-07T03:21:59.082-0300] {logging_mixin.py:190} INFO - [2024-12-07T03:21:59.081-0300] {dag.py:3239} INFO - Sync 1 DAGs
[2024-12-07T03:21:59.100-0300] {logging_mixin.py:190} INFO - [2024-12-07T03:21:59.099-0300] {dag.py:4180} INFO - Setting next_dagrun for example_branch_dop_operator_v3 to 2024-12-07 06:20:00+00:00, run_after=2024-12-07 06:21:00+00:00
[2024-12-07T03:22:00.305-0300] {processor.py:208} INFO - Processing /home/crisu/miniconda3/envs/lab13.1/lib/python3.9/site-packages/airflow/example_dags/example_branch_python_dop_operator_3.py took 1.252 seconds
[2024-12-07T03:28:09.862-0300] {processor.py:186} INFO - Started process (PID=43672) to work on /home/crisu/miniconda3/envs/lab13.1/lib/python3.9/site-packages/airflow/example_dags/example_branch_python_dop_operator_3.py
[2024-12-07T03:28:09.873-0300] {processor.py:914} INFO - Processing file /home/crisu/miniconda3/envs/lab13.1/lib/python3.9/site-packages/airflow/example_dags/example_branch_python_dop_operator_3.py for tasks to queue
[2024-12-07T03:28:09.875-0300] {logging_mixin.py:190} INFO - [2024-12-07T03:28:09.875-0300] {dagbag.py:588} INFO - Filling up the DagBag from /home/crisu/miniconda3/envs/lab13.1/lib/python3.9/site-packages/airflow/example_dags/example_branch_python_dop_operator_3.py
[2024-12-07T03:28:09.884-0300] {processor.py:925} INFO - DAG(s) 'example_branch_dop_operator_v3' retrieved from /home/crisu/miniconda3/envs/lab13.1/lib/python3.9/site-packages/airflow/example_dags/example_branch_python_dop_operator_3.py
[2024-12-07T03:28:09.898-0300] {logging_mixin.py:190} INFO - [2024-12-07T03:28:09.898-0300] {dag.py:3239} INFO - Sync 1 DAGs
[2024-12-07T03:28:09.918-0300] {logging_mixin.py:190} INFO - [2024-12-07T03:28:09.918-0300] {dag.py:4180} INFO - Setting next_dagrun for example_branch_dop_operator_v3 to 2024-12-07 06:27:00+00:00, run_after=2024-12-07 06:28:00+00:00
[2024-12-07T03:28:09.982-0300] {processor.py:208} INFO - Processing /home/crisu/miniconda3/envs/lab13.1/lib/python3.9/site-packages/airflow/example_dags/example_branch_python_dop_operator_3.py took 0.125 seconds
[2024-12-07T03:34:53.148-0300] {processor.py:186} INFO - Started process (PID=44668) to work on /home/crisu/miniconda3/envs/lab13.1/lib/python3.9/site-packages/airflow/example_dags/example_branch_python_dop_operator_3.py
[2024-12-07T03:34:53.181-0300] {processor.py:914} INFO - Processing file /home/crisu/miniconda3/envs/lab13.1/lib/python3.9/site-packages/airflow/example_dags/example_branch_python_dop_operator_3.py for tasks to queue
[2024-12-07T03:34:53.183-0300] {logging_mixin.py:190} INFO - [2024-12-07T03:34:53.183-0300] {dagbag.py:588} INFO - Filling up the DagBag from /home/crisu/miniconda3/envs/lab13.1/lib/python3.9/site-packages/airflow/example_dags/example_branch_python_dop_operator_3.py
[2024-12-07T03:34:53.190-0300] {processor.py:925} INFO - DAG(s) 'example_branch_dop_operator_v3' retrieved from /home/crisu/miniconda3/envs/lab13.1/lib/python3.9/site-packages/airflow/example_dags/example_branch_python_dop_operator_3.py
[2024-12-07T03:34:53.206-0300] {logging_mixin.py:190} INFO - [2024-12-07T03:34:53.206-0300] {dag.py:3239} INFO - Sync 1 DAGs
[2024-12-07T03:34:53.229-0300] {logging_mixin.py:190} INFO - [2024-12-07T03:34:53.229-0300] {dag.py:4180} INFO - Setting next_dagrun for example_branch_dop_operator_v3 to 2024-12-07 06:33:00+00:00, run_after=2024-12-07 06:34:00+00:00
[2024-12-07T03:34:54.250-0300] {processor.py:208} INFO - Processing /home/crisu/miniconda3/envs/lab13.1/lib/python3.9/site-packages/airflow/example_dags/example_branch_python_dop_operator_3.py took 1.107 seconds
[2024-12-07T03:36:58.195-0300] {processor.py:186} INFO - Started process (PID=44862) to work on /home/crisu/miniconda3/envs/lab13.1/lib/python3.9/site-packages/airflow/example_dags/example_branch_python_dop_operator_3.py
[2024-12-07T03:36:58.226-0300] {processor.py:914} INFO - Processing file /home/crisu/miniconda3/envs/lab13.1/lib/python3.9/site-packages/airflow/example_dags/example_branch_python_dop_operator_3.py for tasks to queue
[2024-12-07T03:36:58.227-0300] {logging_mixin.py:190} INFO - [2024-12-07T03:36:58.227-0300] {dagbag.py:588} INFO - Filling up the DagBag from /home/crisu/miniconda3/envs/lab13.1/lib/python3.9/site-packages/airflow/example_dags/example_branch_python_dop_operator_3.py
[2024-12-07T03:36:58.234-0300] {processor.py:925} INFO - DAG(s) 'example_branch_dop_operator_v3' retrieved from /home/crisu/miniconda3/envs/lab13.1/lib/python3.9/site-packages/airflow/example_dags/example_branch_python_dop_operator_3.py
[2024-12-07T03:36:58.247-0300] {logging_mixin.py:190} INFO - [2024-12-07T03:36:58.247-0300] {dag.py:3239} INFO - Sync 1 DAGs
[2024-12-07T03:36:58.266-0300] {logging_mixin.py:190} INFO - [2024-12-07T03:36:58.266-0300] {dag.py:4180} INFO - Setting next_dagrun for example_branch_dop_operator_v3 to 2024-12-07 06:35:00+00:00, run_after=2024-12-07 06:36:00+00:00
[2024-12-07T03:36:58.905-0300] {processor.py:208} INFO - Processing /home/crisu/miniconda3/envs/lab13.1/lib/python3.9/site-packages/airflow/example_dags/example_branch_python_dop_operator_3.py took 0.716 seconds
[2024-12-07T03:38:42.848-0300] {processor.py:186} INFO - Started process (PID=45055) to work on /home/crisu/miniconda3/envs/lab13.1/lib/python3.9/site-packages/airflow/example_dags/example_branch_python_dop_operator_3.py
[2024-12-07T03:38:42.853-0300] {processor.py:914} INFO - Processing file /home/crisu/miniconda3/envs/lab13.1/lib/python3.9/site-packages/airflow/example_dags/example_branch_python_dop_operator_3.py for tasks to queue
[2024-12-07T03:38:42.854-0300] {logging_mixin.py:190} INFO - [2024-12-07T03:38:42.854-0300] {dagbag.py:588} INFO - Filling up the DagBag from /home/crisu/miniconda3/envs/lab13.1/lib/python3.9/site-packages/airflow/example_dags/example_branch_python_dop_operator_3.py
[2024-12-07T03:38:42.861-0300] {processor.py:925} INFO - DAG(s) 'example_branch_dop_operator_v3' retrieved from /home/crisu/miniconda3/envs/lab13.1/lib/python3.9/site-packages/airflow/example_dags/example_branch_python_dop_operator_3.py
[2024-12-07T03:38:42.875-0300] {logging_mixin.py:190} INFO - [2024-12-07T03:38:42.874-0300] {dag.py:3239} INFO - Sync 1 DAGs
[2024-12-07T03:38:42.894-0300] {logging_mixin.py:190} INFO - [2024-12-07T03:38:42.894-0300] {dag.py:4180} INFO - Setting next_dagrun for example_branch_dop_operator_v3 to 2024-12-07 06:37:00+00:00, run_after=2024-12-07 06:38:00+00:00
[2024-12-07T03:38:42.958-0300] {processor.py:208} INFO - Processing /home/crisu/miniconda3/envs/lab13.1/lib/python3.9/site-packages/airflow/example_dags/example_branch_python_dop_operator_3.py took 0.115 seconds
[2024-12-07T03:40:01.201-0300] {processor.py:186} INFO - Started process (PID=45209) to work on /home/crisu/miniconda3/envs/lab13.1/lib/python3.9/site-packages/airflow/example_dags/example_branch_python_dop_operator_3.py
[2024-12-07T03:40:01.205-0300] {processor.py:914} INFO - Processing file /home/crisu/miniconda3/envs/lab13.1/lib/python3.9/site-packages/airflow/example_dags/example_branch_python_dop_operator_3.py for tasks to queue
[2024-12-07T03:40:01.206-0300] {logging_mixin.py:190} INFO - [2024-12-07T03:40:01.206-0300] {dagbag.py:588} INFO - Filling up the DagBag from /home/crisu/miniconda3/envs/lab13.1/lib/python3.9/site-packages/airflow/example_dags/example_branch_python_dop_operator_3.py
[2024-12-07T03:40:01.213-0300] {processor.py:925} INFO - DAG(s) 'example_branch_dop_operator_v3' retrieved from /home/crisu/miniconda3/envs/lab13.1/lib/python3.9/site-packages/airflow/example_dags/example_branch_python_dop_operator_3.py
[2024-12-07T03:40:01.226-0300] {logging_mixin.py:190} INFO - [2024-12-07T03:40:01.226-0300] {dag.py:3239} INFO - Sync 1 DAGs
[2024-12-07T03:40:01.245-0300] {logging_mixin.py:190} INFO - [2024-12-07T03:40:01.244-0300] {dag.py:4180} INFO - Setting next_dagrun for example_branch_dop_operator_v3 to 2024-12-07 06:39:00+00:00, run_after=2024-12-07 06:40:00+00:00
[2024-12-07T03:40:01.307-0300] {processor.py:208} INFO - Processing /home/crisu/miniconda3/envs/lab13.1/lib/python3.9/site-packages/airflow/example_dags/example_branch_python_dop_operator_3.py took 0.111 seconds
[2024-12-07T03:41:28.413-0300] {processor.py:186} INFO - Started process (PID=45438) to work on /home/crisu/miniconda3/envs/lab13.1/lib/python3.9/site-packages/airflow/example_dags/example_branch_python_dop_operator_3.py
[2024-12-07T03:41:28.435-0300] {processor.py:914} INFO - Processing file /home/crisu/miniconda3/envs/lab13.1/lib/python3.9/site-packages/airflow/example_dags/example_branch_python_dop_operator_3.py for tasks to queue
[2024-12-07T03:41:28.437-0300] {logging_mixin.py:190} INFO - [2024-12-07T03:41:28.436-0300] {dagbag.py:588} INFO - Filling up the DagBag from /home/crisu/miniconda3/envs/lab13.1/lib/python3.9/site-packages/airflow/example_dags/example_branch_python_dop_operator_3.py
[2024-12-07T03:41:28.447-0300] {processor.py:925} INFO - DAG(s) 'example_branch_dop_operator_v3' retrieved from /home/crisu/miniconda3/envs/lab13.1/lib/python3.9/site-packages/airflow/example_dags/example_branch_python_dop_operator_3.py
[2024-12-07T03:41:28.466-0300] {logging_mixin.py:190} INFO - [2024-12-07T03:41:28.466-0300] {dag.py:3239} INFO - Sync 1 DAGs
[2024-12-07T03:41:28.494-0300] {logging_mixin.py:190} INFO - [2024-12-07T03:41:28.493-0300] {dag.py:4180} INFO - Setting next_dagrun for example_branch_dop_operator_v3 to 2024-12-07 06:40:00+00:00, run_after=2024-12-07 06:41:00+00:00
[2024-12-07T03:41:29.560-0300] {processor.py:208} INFO - Processing /home/crisu/miniconda3/envs/lab13.1/lib/python3.9/site-packages/airflow/example_dags/example_branch_python_dop_operator_3.py took 1.152 seconds
[2024-12-07T03:47:09.814-0300] {processor.py:186} INFO - Started process (PID=46515) to work on /home/crisu/miniconda3/envs/lab13.1/lib/python3.9/site-packages/airflow/example_dags/example_branch_python_dop_operator_3.py
[2024-12-07T03:47:09.831-0300] {processor.py:914} INFO - Processing file /home/crisu/miniconda3/envs/lab13.1/lib/python3.9/site-packages/airflow/example_dags/example_branch_python_dop_operator_3.py for tasks to queue
[2024-12-07T03:47:09.833-0300] {logging_mixin.py:190} INFO - [2024-12-07T03:47:09.832-0300] {dagbag.py:588} INFO - Filling up the DagBag from /home/crisu/miniconda3/envs/lab13.1/lib/python3.9/site-packages/airflow/example_dags/example_branch_python_dop_operator_3.py
[2024-12-07T03:47:09.842-0300] {processor.py:925} INFO - DAG(s) 'example_branch_dop_operator_v3' retrieved from /home/crisu/miniconda3/envs/lab13.1/lib/python3.9/site-packages/airflow/example_dags/example_branch_python_dop_operator_3.py
[2024-12-07T03:47:09.857-0300] {logging_mixin.py:190} INFO - [2024-12-07T03:47:09.857-0300] {dag.py:3239} INFO - Sync 1 DAGs
[2024-12-07T03:47:09.886-0300] {logging_mixin.py:190} INFO - [2024-12-07T03:47:09.886-0300] {dag.py:4180} INFO - Setting next_dagrun for example_branch_dop_operator_v3 to 2024-12-07 06:46:00+00:00, run_after=2024-12-07 06:47:00+00:00
[2024-12-07T03:47:09.953-0300] {processor.py:208} INFO - Processing /home/crisu/miniconda3/envs/lab13.1/lib/python3.9/site-packages/airflow/example_dags/example_branch_python_dop_operator_3.py took 0.145 seconds
[2024-12-07T03:50:58.912-0300] {processor.py:186} INFO - Started process (PID=46954) to work on /home/crisu/miniconda3/envs/lab13.1/lib/python3.9/site-packages/airflow/example_dags/example_branch_python_dop_operator_3.py
[2024-12-07T03:50:58.936-0300] {processor.py:914} INFO - Processing file /home/crisu/miniconda3/envs/lab13.1/lib/python3.9/site-packages/airflow/example_dags/example_branch_python_dop_operator_3.py for tasks to queue
[2024-12-07T03:50:58.938-0300] {logging_mixin.py:190} INFO - [2024-12-07T03:50:58.938-0300] {dagbag.py:588} INFO - Filling up the DagBag from /home/crisu/miniconda3/envs/lab13.1/lib/python3.9/site-packages/airflow/example_dags/example_branch_python_dop_operator_3.py
[2024-12-07T03:50:58.949-0300] {processor.py:925} INFO - DAG(s) 'example_branch_dop_operator_v3' retrieved from /home/crisu/miniconda3/envs/lab13.1/lib/python3.9/site-packages/airflow/example_dags/example_branch_python_dop_operator_3.py
[2024-12-07T03:50:58.965-0300] {logging_mixin.py:190} INFO - [2024-12-07T03:50:58.965-0300] {dag.py:3239} INFO - Sync 1 DAGs
[2024-12-07T03:50:58.987-0300] {logging_mixin.py:190} INFO - [2024-12-07T03:50:58.987-0300] {dag.py:4180} INFO - Setting next_dagrun for example_branch_dop_operator_v3 to 2024-12-07 06:49:00+00:00, run_after=2024-12-07 06:50:00+00:00
[2024-12-07T03:50:59.065-0300] {processor.py:208} INFO - Processing /home/crisu/miniconda3/envs/lab13.1/lib/python3.9/site-packages/airflow/example_dags/example_branch_python_dop_operator_3.py took 0.159 seconds
[2024-12-07T03:52:24.693-0300] {processor.py:186} INFO - Started process (PID=47067) to work on /home/crisu/miniconda3/envs/lab13.1/lib/python3.9/site-packages/airflow/example_dags/example_branch_python_dop_operator_3.py
[2024-12-07T03:52:24.703-0300] {processor.py:914} INFO - Processing file /home/crisu/miniconda3/envs/lab13.1/lib/python3.9/site-packages/airflow/example_dags/example_branch_python_dop_operator_3.py for tasks to queue
[2024-12-07T03:52:24.706-0300] {logging_mixin.py:190} INFO - [2024-12-07T03:52:24.705-0300] {dagbag.py:588} INFO - Filling up the DagBag from /home/crisu/miniconda3/envs/lab13.1/lib/python3.9/site-packages/airflow/example_dags/example_branch_python_dop_operator_3.py
[2024-12-07T03:52:24.715-0300] {processor.py:925} INFO - DAG(s) 'example_branch_dop_operator_v3' retrieved from /home/crisu/miniconda3/envs/lab13.1/lib/python3.9/site-packages/airflow/example_dags/example_branch_python_dop_operator_3.py
[2024-12-07T03:52:24.730-0300] {logging_mixin.py:190} INFO - [2024-12-07T03:52:24.730-0300] {dag.py:3239} INFO - Sync 1 DAGs
[2024-12-07T03:52:24.751-0300] {logging_mixin.py:190} INFO - [2024-12-07T03:52:24.751-0300] {dag.py:4180} INFO - Setting next_dagrun for example_branch_dop_operator_v3 to 2024-12-07 06:51:00+00:00, run_after=2024-12-07 06:52:00+00:00
[2024-12-07T03:52:24.811-0300] {processor.py:208} INFO - Processing /home/crisu/miniconda3/envs/lab13.1/lib/python3.9/site-packages/airflow/example_dags/example_branch_python_dop_operator_3.py took 0.125 seconds
[2024-12-07T03:54:35.962-0300] {processor.py:186} INFO - Started process (PID=47328) to work on /home/crisu/miniconda3/envs/lab13.1/lib/python3.9/site-packages/airflow/example_dags/example_branch_python_dop_operator_3.py
[2024-12-07T03:54:35.979-0300] {processor.py:914} INFO - Processing file /home/crisu/miniconda3/envs/lab13.1/lib/python3.9/site-packages/airflow/example_dags/example_branch_python_dop_operator_3.py for tasks to queue
[2024-12-07T03:54:35.981-0300] {logging_mixin.py:190} INFO - [2024-12-07T03:54:35.981-0300] {dagbag.py:588} INFO - Filling up the DagBag from /home/crisu/miniconda3/envs/lab13.1/lib/python3.9/site-packages/airflow/example_dags/example_branch_python_dop_operator_3.py
[2024-12-07T03:54:35.991-0300] {processor.py:925} INFO - DAG(s) 'example_branch_dop_operator_v3' retrieved from /home/crisu/miniconda3/envs/lab13.1/lib/python3.9/site-packages/airflow/example_dags/example_branch_python_dop_operator_3.py
[2024-12-07T03:54:36.004-0300] {logging_mixin.py:190} INFO - [2024-12-07T03:54:36.003-0300] {dag.py:3239} INFO - Sync 1 DAGs
[2024-12-07T03:54:36.025-0300] {logging_mixin.py:190} INFO - [2024-12-07T03:54:36.024-0300] {dag.py:4180} INFO - Setting next_dagrun for example_branch_dop_operator_v3 to 2024-12-07 06:53:00+00:00, run_after=2024-12-07 06:54:00+00:00
[2024-12-07T03:54:36.092-0300] {processor.py:208} INFO - Processing /home/crisu/miniconda3/envs/lab13.1/lib/python3.9/site-packages/airflow/example_dags/example_branch_python_dop_operator_3.py took 0.136 seconds
[2024-12-07T03:56:33.615-0300] {processor.py:186} INFO - Started process (PID=47576) to work on /home/crisu/miniconda3/envs/lab13.1/lib/python3.9/site-packages/airflow/example_dags/example_branch_python_dop_operator_3.py
[2024-12-07T03:56:33.642-0300] {processor.py:914} INFO - Processing file /home/crisu/miniconda3/envs/lab13.1/lib/python3.9/site-packages/airflow/example_dags/example_branch_python_dop_operator_3.py for tasks to queue
[2024-12-07T03:56:33.644-0300] {logging_mixin.py:190} INFO - [2024-12-07T03:56:33.644-0300] {dagbag.py:588} INFO - Filling up the DagBag from /home/crisu/miniconda3/envs/lab13.1/lib/python3.9/site-packages/airflow/example_dags/example_branch_python_dop_operator_3.py
[2024-12-07T03:56:33.654-0300] {processor.py:925} INFO - DAG(s) 'example_branch_dop_operator_v3' retrieved from /home/crisu/miniconda3/envs/lab13.1/lib/python3.9/site-packages/airflow/example_dags/example_branch_python_dop_operator_3.py
[2024-12-07T03:56:33.667-0300] {logging_mixin.py:190} INFO - [2024-12-07T03:56:33.667-0300] {dag.py:3239} INFO - Sync 1 DAGs
[2024-12-07T03:56:33.688-0300] {logging_mixin.py:190} INFO - [2024-12-07T03:56:33.688-0300] {dag.py:4180} INFO - Setting next_dagrun for example_branch_dop_operator_v3 to 2024-12-07 06:55:00+00:00, run_after=2024-12-07 06:56:00+00:00
[2024-12-07T03:56:33.764-0300] {processor.py:208} INFO - Processing /home/crisu/miniconda3/envs/lab13.1/lib/python3.9/site-packages/airflow/example_dags/example_branch_python_dop_operator_3.py took 0.155 seconds
[2024-12-07T03:57:52.733-0300] {processor.py:186} INFO - Started process (PID=47709) to work on /home/crisu/miniconda3/envs/lab13.1/lib/python3.9/site-packages/airflow/example_dags/example_branch_python_dop_operator_3.py
[2024-12-07T03:57:52.738-0300] {processor.py:914} INFO - Processing file /home/crisu/miniconda3/envs/lab13.1/lib/python3.9/site-packages/airflow/example_dags/example_branch_python_dop_operator_3.py for tasks to queue
[2024-12-07T03:57:52.740-0300] {logging_mixin.py:190} INFO - [2024-12-07T03:57:52.740-0300] {dagbag.py:588} INFO - Filling up the DagBag from /home/crisu/miniconda3/envs/lab13.1/lib/python3.9/site-packages/airflow/example_dags/example_branch_python_dop_operator_3.py
[2024-12-07T03:57:52.750-0300] {processor.py:925} INFO - DAG(s) 'example_branch_dop_operator_v3' retrieved from /home/crisu/miniconda3/envs/lab13.1/lib/python3.9/site-packages/airflow/example_dags/example_branch_python_dop_operator_3.py
[2024-12-07T03:57:52.765-0300] {logging_mixin.py:190} INFO - [2024-12-07T03:57:52.765-0300] {dag.py:3239} INFO - Sync 1 DAGs
[2024-12-07T03:57:52.787-0300] {logging_mixin.py:190} INFO - [2024-12-07T03:57:52.787-0300] {dag.py:4180} INFO - Setting next_dagrun for example_branch_dop_operator_v3 to 2024-12-07 06:56:00+00:00, run_after=2024-12-07 06:57:00+00:00
[2024-12-07T03:57:52.846-0300] {processor.py:208} INFO - Processing /home/crisu/miniconda3/envs/lab13.1/lib/python3.9/site-packages/airflow/example_dags/example_branch_python_dop_operator_3.py took 0.117 seconds
[2024-12-07T03:59:48.220-0300] {processor.py:186} INFO - Started process (PID=47977) to work on /home/crisu/miniconda3/envs/lab13.1/lib/python3.9/site-packages/airflow/example_dags/example_branch_python_dop_operator_3.py
[2024-12-07T03:59:48.232-0300] {processor.py:914} INFO - Processing file /home/crisu/miniconda3/envs/lab13.1/lib/python3.9/site-packages/airflow/example_dags/example_branch_python_dop_operator_3.py for tasks to queue
[2024-12-07T03:59:48.234-0300] {logging_mixin.py:190} INFO - [2024-12-07T03:59:48.234-0300] {dagbag.py:588} INFO - Filling up the DagBag from /home/crisu/miniconda3/envs/lab13.1/lib/python3.9/site-packages/airflow/example_dags/example_branch_python_dop_operator_3.py
[2024-12-07T03:59:48.244-0300] {processor.py:925} INFO - DAG(s) 'example_branch_dop_operator_v3' retrieved from /home/crisu/miniconda3/envs/lab13.1/lib/python3.9/site-packages/airflow/example_dags/example_branch_python_dop_operator_3.py
[2024-12-07T03:59:48.257-0300] {logging_mixin.py:190} INFO - [2024-12-07T03:59:48.257-0300] {dag.py:3239} INFO - Sync 1 DAGs
[2024-12-07T03:59:48.282-0300] {logging_mixin.py:190} INFO - [2024-12-07T03:59:48.282-0300] {dag.py:4180} INFO - Setting next_dagrun for example_branch_dop_operator_v3 to 2024-12-07 06:58:00+00:00, run_after=2024-12-07 06:59:00+00:00
[2024-12-07T03:59:48.341-0300] {processor.py:208} INFO - Processing /home/crisu/miniconda3/envs/lab13.1/lib/python3.9/site-packages/airflow/example_dags/example_branch_python_dop_operator_3.py took 0.126 seconds
[2024-12-07T04:01:04.160-0300] {processor.py:186} INFO - Started process (PID=48126) to work on /home/crisu/miniconda3/envs/lab13.1/lib/python3.9/site-packages/airflow/example_dags/example_branch_python_dop_operator_3.py
[2024-12-07T04:01:04.181-0300] {processor.py:914} INFO - Processing file /home/crisu/miniconda3/envs/lab13.1/lib/python3.9/site-packages/airflow/example_dags/example_branch_python_dop_operator_3.py for tasks to queue
[2024-12-07T04:01:04.183-0300] {logging_mixin.py:190} INFO - [2024-12-07T04:01:04.182-0300] {dagbag.py:588} INFO - Filling up the DagBag from /home/crisu/miniconda3/envs/lab13.1/lib/python3.9/site-packages/airflow/example_dags/example_branch_python_dop_operator_3.py
[2024-12-07T04:01:04.193-0300] {processor.py:925} INFO - DAG(s) 'example_branch_dop_operator_v3' retrieved from /home/crisu/miniconda3/envs/lab13.1/lib/python3.9/site-packages/airflow/example_dags/example_branch_python_dop_operator_3.py
[2024-12-07T04:01:04.208-0300] {logging_mixin.py:190} INFO - [2024-12-07T04:01:04.207-0300] {dag.py:3239} INFO - Sync 1 DAGs
[2024-12-07T04:01:04.235-0300] {logging_mixin.py:190} INFO - [2024-12-07T04:01:04.235-0300] {dag.py:4180} INFO - Setting next_dagrun for example_branch_dop_operator_v3 to 2024-12-07 07:00:00+00:00, run_after=2024-12-07 07:01:00+00:00
[2024-12-07T04:01:04.382-0300] {processor.py:208} INFO - Processing /home/crisu/miniconda3/envs/lab13.1/lib/python3.9/site-packages/airflow/example_dags/example_branch_python_dop_operator_3.py took 0.228 seconds
[2024-12-07T04:08:07.874-0300] {processor.py:186} INFO - Started process (PID=49259) to work on /home/crisu/miniconda3/envs/lab13.1/lib/python3.9/site-packages/airflow/example_dags/example_branch_python_dop_operator_3.py
[2024-12-07T04:08:07.898-0300] {processor.py:914} INFO - Processing file /home/crisu/miniconda3/envs/lab13.1/lib/python3.9/site-packages/airflow/example_dags/example_branch_python_dop_operator_3.py for tasks to queue
[2024-12-07T04:08:07.899-0300] {logging_mixin.py:190} INFO - [2024-12-07T04:08:07.899-0300] {dagbag.py:588} INFO - Filling up the DagBag from /home/crisu/miniconda3/envs/lab13.1/lib/python3.9/site-packages/airflow/example_dags/example_branch_python_dop_operator_3.py
[2024-12-07T04:08:07.906-0300] {processor.py:925} INFO - DAG(s) 'example_branch_dop_operator_v3' retrieved from /home/crisu/miniconda3/envs/lab13.1/lib/python3.9/site-packages/airflow/example_dags/example_branch_python_dop_operator_3.py
[2024-12-07T04:08:07.924-0300] {logging_mixin.py:190} INFO - [2024-12-07T04:08:07.924-0300] {dag.py:3239} INFO - Sync 1 DAGs
[2024-12-07T04:08:07.946-0300] {logging_mixin.py:190} INFO - [2024-12-07T04:08:07.945-0300] {dag.py:4180} INFO - Setting next_dagrun for example_branch_dop_operator_v3 to 2024-12-07 07:07:00+00:00, run_after=2024-12-07 07:08:00+00:00
[2024-12-07T04:08:08.022-0300] {processor.py:208} INFO - Processing /home/crisu/miniconda3/envs/lab13.1/lib/python3.9/site-packages/airflow/example_dags/example_branch_python_dop_operator_3.py took 0.155 seconds
[2024-12-07T04:10:09.504-0300] {processor.py:186} INFO - Started process (PID=49482) to work on /home/crisu/miniconda3/envs/lab13.1/lib/python3.9/site-packages/airflow/example_dags/example_branch_python_dop_operator_3.py
[2024-12-07T04:10:09.506-0300] {processor.py:914} INFO - Processing file /home/crisu/miniconda3/envs/lab13.1/lib/python3.9/site-packages/airflow/example_dags/example_branch_python_dop_operator_3.py for tasks to queue
[2024-12-07T04:10:09.507-0300] {logging_mixin.py:190} INFO - [2024-12-07T04:10:09.507-0300] {dagbag.py:588} INFO - Filling up the DagBag from /home/crisu/miniconda3/envs/lab13.1/lib/python3.9/site-packages/airflow/example_dags/example_branch_python_dop_operator_3.py
[2024-12-07T04:10:09.515-0300] {processor.py:925} INFO - DAG(s) 'example_branch_dop_operator_v3' retrieved from /home/crisu/miniconda3/envs/lab13.1/lib/python3.9/site-packages/airflow/example_dags/example_branch_python_dop_operator_3.py
[2024-12-07T04:10:09.530-0300] {logging_mixin.py:190} INFO - [2024-12-07T04:10:09.530-0300] {dag.py:3239} INFO - Sync 1 DAGs
[2024-12-07T04:10:09.550-0300] {logging_mixin.py:190} INFO - [2024-12-07T04:10:09.550-0300] {dag.py:4180} INFO - Setting next_dagrun for example_branch_dop_operator_v3 to 2024-12-07 07:09:00+00:00, run_after=2024-12-07 07:10:00+00:00
[2024-12-07T04:10:09.607-0300] {processor.py:208} INFO - Processing /home/crisu/miniconda3/envs/lab13.1/lib/python3.9/site-packages/airflow/example_dags/example_branch_python_dop_operator_3.py took 0.109 seconds
[2024-12-07T04:12:09.463-0300] {processor.py:186} INFO - Started process (PID=49652) to work on /home/crisu/miniconda3/envs/lab13.1/lib/python3.9/site-packages/airflow/example_dags/example_branch_python_dop_operator_3.py
[2024-12-07T04:12:09.465-0300] {processor.py:914} INFO - Processing file /home/crisu/miniconda3/envs/lab13.1/lib/python3.9/site-packages/airflow/example_dags/example_branch_python_dop_operator_3.py for tasks to queue
[2024-12-07T04:12:09.466-0300] {logging_mixin.py:190} INFO - [2024-12-07T04:12:09.465-0300] {dagbag.py:588} INFO - Filling up the DagBag from /home/crisu/miniconda3/envs/lab13.1/lib/python3.9/site-packages/airflow/example_dags/example_branch_python_dop_operator_3.py
[2024-12-07T04:12:09.472-0300] {processor.py:925} INFO - DAG(s) 'example_branch_dop_operator_v3' retrieved from /home/crisu/miniconda3/envs/lab13.1/lib/python3.9/site-packages/airflow/example_dags/example_branch_python_dop_operator_3.py
[2024-12-07T04:12:09.487-0300] {logging_mixin.py:190} INFO - [2024-12-07T04:12:09.487-0300] {dag.py:3239} INFO - Sync 1 DAGs
[2024-12-07T04:12:09.508-0300] {logging_mixin.py:190} INFO - [2024-12-07T04:12:09.508-0300] {dag.py:4180} INFO - Setting next_dagrun for example_branch_dop_operator_v3 to 2024-12-07 07:11:00+00:00, run_after=2024-12-07 07:12:00+00:00
[2024-12-07T04:12:09.570-0300] {processor.py:208} INFO - Processing /home/crisu/miniconda3/envs/lab13.1/lib/python3.9/site-packages/airflow/example_dags/example_branch_python_dop_operator_3.py took 0.114 seconds
[2024-12-07T04:13:26.429-0300] {processor.py:186} INFO - Started process (PID=49790) to work on /home/crisu/miniconda3/envs/lab13.1/lib/python3.9/site-packages/airflow/example_dags/example_branch_python_dop_operator_3.py
[2024-12-07T04:13:26.444-0300] {processor.py:914} INFO - Processing file /home/crisu/miniconda3/envs/lab13.1/lib/python3.9/site-packages/airflow/example_dags/example_branch_python_dop_operator_3.py for tasks to queue
[2024-12-07T04:13:26.445-0300] {logging_mixin.py:190} INFO - [2024-12-07T04:13:26.445-0300] {dagbag.py:588} INFO - Filling up the DagBag from /home/crisu/miniconda3/envs/lab13.1/lib/python3.9/site-packages/airflow/example_dags/example_branch_python_dop_operator_3.py
[2024-12-07T04:13:26.457-0300] {processor.py:925} INFO - DAG(s) 'example_branch_dop_operator_v3' retrieved from /home/crisu/miniconda3/envs/lab13.1/lib/python3.9/site-packages/airflow/example_dags/example_branch_python_dop_operator_3.py
[2024-12-07T04:13:26.479-0300] {logging_mixin.py:190} INFO - [2024-12-07T04:13:26.479-0300] {dag.py:3239} INFO - Sync 1 DAGs
[2024-12-07T04:13:26.512-0300] {logging_mixin.py:190} INFO - [2024-12-07T04:13:26.511-0300] {dag.py:4180} INFO - Setting next_dagrun for example_branch_dop_operator_v3 to 2024-12-07 07:12:00+00:00, run_after=2024-12-07 07:13:00+00:00
[2024-12-07T04:13:26.611-0300] {processor.py:208} INFO - Processing /home/crisu/miniconda3/envs/lab13.1/lib/python3.9/site-packages/airflow/example_dags/example_branch_python_dop_operator_3.py took 0.192 seconds
[2024-12-07T04:14:45.017-0300] {processor.py:186} INFO - Started process (PID=49954) to work on /home/crisu/miniconda3/envs/lab13.1/lib/python3.9/site-packages/airflow/example_dags/example_branch_python_dop_operator_3.py
[2024-12-07T04:14:45.022-0300] {processor.py:914} INFO - Processing file /home/crisu/miniconda3/envs/lab13.1/lib/python3.9/site-packages/airflow/example_dags/example_branch_python_dop_operator_3.py for tasks to queue
[2024-12-07T04:14:45.023-0300] {logging_mixin.py:190} INFO - [2024-12-07T04:14:45.023-0300] {dagbag.py:588} INFO - Filling up the DagBag from /home/crisu/miniconda3/envs/lab13.1/lib/python3.9/site-packages/airflow/example_dags/example_branch_python_dop_operator_3.py
[2024-12-07T04:14:45.030-0300] {processor.py:925} INFO - DAG(s) 'example_branch_dop_operator_v3' retrieved from /home/crisu/miniconda3/envs/lab13.1/lib/python3.9/site-packages/airflow/example_dags/example_branch_python_dop_operator_3.py
[2024-12-07T04:14:45.045-0300] {logging_mixin.py:190} INFO - [2024-12-07T04:14:45.044-0300] {dag.py:3239} INFO - Sync 1 DAGs
[2024-12-07T04:14:45.064-0300] {logging_mixin.py:190} INFO - [2024-12-07T04:14:45.064-0300] {dag.py:4180} INFO - Setting next_dagrun for example_branch_dop_operator_v3 to 2024-12-07 07:13:00+00:00, run_after=2024-12-07 07:14:00+00:00
[2024-12-07T04:14:45.124-0300] {processor.py:208} INFO - Processing /home/crisu/miniconda3/envs/lab13.1/lib/python3.9/site-packages/airflow/example_dags/example_branch_python_dop_operator_3.py took 0.113 seconds
[2024-12-07T04:16:03.241-0300] {processor.py:186} INFO - Started process (PID=50061) to work on /home/crisu/miniconda3/envs/lab13.1/lib/python3.9/site-packages/airflow/example_dags/example_branch_python_dop_operator_3.py
[2024-12-07T04:16:03.247-0300] {processor.py:914} INFO - Processing file /home/crisu/miniconda3/envs/lab13.1/lib/python3.9/site-packages/airflow/example_dags/example_branch_python_dop_operator_3.py for tasks to queue
[2024-12-07T04:16:03.249-0300] {logging_mixin.py:190} INFO - [2024-12-07T04:16:03.249-0300] {dagbag.py:588} INFO - Filling up the DagBag from /home/crisu/miniconda3/envs/lab13.1/lib/python3.9/site-packages/airflow/example_dags/example_branch_python_dop_operator_3.py
[2024-12-07T04:16:03.257-0300] {processor.py:925} INFO - DAG(s) 'example_branch_dop_operator_v3' retrieved from /home/crisu/miniconda3/envs/lab13.1/lib/python3.9/site-packages/airflow/example_dags/example_branch_python_dop_operator_3.py
[2024-12-07T04:16:03.275-0300] {logging_mixin.py:190} INFO - [2024-12-07T04:16:03.275-0300] {dag.py:3239} INFO - Sync 1 DAGs
[2024-12-07T04:16:03.300-0300] {logging_mixin.py:190} INFO - [2024-12-07T04:16:03.300-0300] {dag.py:4180} INFO - Setting next_dagrun for example_branch_dop_operator_v3 to 2024-12-07 07:15:00+00:00, run_after=2024-12-07 07:16:00+00:00
[2024-12-07T04:16:03.367-0300] {processor.py:208} INFO - Processing /home/crisu/miniconda3/envs/lab13.1/lib/python3.9/site-packages/airflow/example_dags/example_branch_python_dop_operator_3.py took 0.133 seconds
