[2024-12-07T01:52:49.242-0300] {processor.py:186} INFO - Started process (PID=34031) to work on /home/crisu/miniconda3/envs/lab13.1/lib/python3.9/site-packages/airflow/example_dags/example_short_circuit_decorator.py
[2024-12-07T01:52:49.242-0300] {processor.py:914} INFO - Processing file /home/crisu/miniconda3/envs/lab13.1/lib/python3.9/site-packages/airflow/example_dags/example_short_circuit_decorator.py for tasks to queue
[2024-12-07T01:52:49.245-0300] {logging_mixin.py:190} INFO - [2024-12-07T01:52:49.245-0300] {dagbag.py:588} INFO - Filling up the DagBag from /home/crisu/miniconda3/envs/lab13.1/lib/python3.9/site-packages/airflow/example_dags/example_short_circuit_decorator.py
[2024-12-07T01:52:49.258-0300] {processor.py:925} INFO - DAG(s) 'example_short_circuit_decorator' retrieved from /home/crisu/miniconda3/envs/lab13.1/lib/python3.9/site-packages/airflow/example_dags/example_short_circuit_decorator.py
[2024-12-07T01:52:49.512-0300] {logging_mixin.py:190} INFO - [2024-12-07T01:52:49.512-0300] {override.py:1911} INFO - Created Permission View: can delete on DAG:example_short_circuit_decorator
[2024-12-07T01:52:49.557-0300] {logging_mixin.py:190} INFO - [2024-12-07T01:52:49.557-0300] {override.py:1911} INFO - Created Permission View: can edit on DAG:example_short_circuit_decorator
[2024-12-07T01:52:49.603-0300] {logging_mixin.py:190} INFO - [2024-12-07T01:52:49.602-0300] {override.py:1911} INFO - Created Permission View: can read on DAG:example_short_circuit_decorator
[2024-12-07T01:52:49.793-0300] {logging_mixin.py:190} INFO - [2024-12-07T01:52:49.793-0300] {override.py:1911} INFO - Created Permission View: menu access on DAG Run:example_short_circuit_decorator
[2024-12-07T01:52:49.840-0300] {logging_mixin.py:190} INFO - [2024-12-07T01:52:49.840-0300] {override.py:1911} INFO - Created Permission View: can delete on DAG Run:example_short_circuit_decorator
[2024-12-07T01:52:49.886-0300] {logging_mixin.py:190} INFO - [2024-12-07T01:52:49.885-0300] {override.py:1911} INFO - Created Permission View: can read on DAG Run:example_short_circuit_decorator
[2024-12-07T01:52:49.931-0300] {logging_mixin.py:190} INFO - [2024-12-07T01:52:49.930-0300] {override.py:1911} INFO - Created Permission View: can create on DAG Run:example_short_circuit_decorator
[2024-12-07T01:52:49.932-0300] {logging_mixin.py:190} INFO - [2024-12-07T01:52:49.931-0300] {dag.py:3239} INFO - Sync 1 DAGs
[2024-12-07T01:52:49.946-0300] {logging_mixin.py:190} INFO - [2024-12-07T01:52:49.945-0300] {dag.py:3262} INFO - Creating ORM DAG for example_short_circuit_decorator
[2024-12-07T01:52:49.947-0300] {logging_mixin.py:190} INFO - [2024-12-07T01:52:49.946-0300] {dag.py:4180} INFO - Setting next_dagrun for example_short_circuit_decorator to None, run_after=None
[2024-12-07T01:52:50.019-0300] {processor.py:208} INFO - Processing /home/crisu/miniconda3/envs/lab13.1/lib/python3.9/site-packages/airflow/example_dags/example_short_circuit_decorator.py took 0.784 seconds
[2024-12-07T02:07:49.399-0300] {processor.py:186} INFO - Started process (PID=35373) to work on /home/crisu/miniconda3/envs/lab13.1/lib/python3.9/site-packages/airflow/example_dags/example_short_circuit_decorator.py
[2024-12-07T02:07:49.400-0300] {processor.py:914} INFO - Processing file /home/crisu/miniconda3/envs/lab13.1/lib/python3.9/site-packages/airflow/example_dags/example_short_circuit_decorator.py for tasks to queue
[2024-12-07T02:07:49.402-0300] {logging_mixin.py:190} INFO - [2024-12-07T02:07:49.402-0300] {dagbag.py:588} INFO - Filling up the DagBag from /home/crisu/miniconda3/envs/lab13.1/lib/python3.9/site-packages/airflow/example_dags/example_short_circuit_decorator.py
[2024-12-07T02:07:49.412-0300] {processor.py:925} INFO - DAG(s) 'example_short_circuit_decorator' retrieved from /home/crisu/miniconda3/envs/lab13.1/lib/python3.9/site-packages/airflow/example_dags/example_short_circuit_decorator.py
[2024-12-07T02:07:49.429-0300] {logging_mixin.py:190} INFO - [2024-12-07T02:07:49.428-0300] {dag.py:3239} INFO - Sync 1 DAGs
[2024-12-07T02:07:49.439-0300] {logging_mixin.py:190} INFO - [2024-12-07T02:07:49.439-0300] {dag.py:4180} INFO - Setting next_dagrun for example_short_circuit_decorator to None, run_after=None
[2024-12-07T02:07:49.498-0300] {processor.py:208} INFO - Processing /home/crisu/miniconda3/envs/lab13.1/lib/python3.9/site-packages/airflow/example_dags/example_short_circuit_decorator.py took 0.104 seconds
[2024-12-07T02:11:20.975-0300] {processor.py:186} INFO - Started process (PID=35905) to work on /home/crisu/miniconda3/envs/lab13.1/lib/python3.9/site-packages/airflow/example_dags/example_short_circuit_decorator.py
[2024-12-07T02:11:21.049-0300] {processor.py:914} INFO - Processing file /home/crisu/miniconda3/envs/lab13.1/lib/python3.9/site-packages/airflow/example_dags/example_short_circuit_decorator.py for tasks to queue
[2024-12-07T02:11:21.052-0300] {logging_mixin.py:190} INFO - [2024-12-07T02:11:21.051-0300] {dagbag.py:588} INFO - Filling up the DagBag from /home/crisu/miniconda3/envs/lab13.1/lib/python3.9/site-packages/airflow/example_dags/example_short_circuit_decorator.py
[2024-12-07T02:11:21.061-0300] {processor.py:925} INFO - DAG(s) 'example_short_circuit_decorator' retrieved from /home/crisu/miniconda3/envs/lab13.1/lib/python3.9/site-packages/airflow/example_dags/example_short_circuit_decorator.py
[2024-12-07T02:11:21.077-0300] {logging_mixin.py:190} INFO - [2024-12-07T02:11:21.077-0300] {dag.py:3239} INFO - Sync 1 DAGs
[2024-12-07T02:11:21.089-0300] {logging_mixin.py:190} INFO - [2024-12-07T02:11:21.089-0300] {dag.py:4180} INFO - Setting next_dagrun for example_short_circuit_decorator to None, run_after=None
[2024-12-07T02:11:22.475-0300] {processor.py:208} INFO - Processing /home/crisu/miniconda3/envs/lab13.1/lib/python3.9/site-packages/airflow/example_dags/example_short_circuit_decorator.py took 1.511 seconds
[2024-12-07T02:12:47.980-0300] {processor.py:186} INFO - Started process (PID=36019) to work on /home/crisu/miniconda3/envs/lab13.1/lib/python3.9/site-packages/airflow/example_dags/example_short_circuit_decorator.py
[2024-12-07T02:12:47.991-0300] {processor.py:914} INFO - Processing file /home/crisu/miniconda3/envs/lab13.1/lib/python3.9/site-packages/airflow/example_dags/example_short_circuit_decorator.py for tasks to queue
[2024-12-07T02:12:47.993-0300] {logging_mixin.py:190} INFO - [2024-12-07T02:12:47.993-0300] {dagbag.py:588} INFO - Filling up the DagBag from /home/crisu/miniconda3/envs/lab13.1/lib/python3.9/site-packages/airflow/example_dags/example_short_circuit_decorator.py
[2024-12-07T02:12:48.003-0300] {processor.py:925} INFO - DAG(s) 'example_short_circuit_decorator' retrieved from /home/crisu/miniconda3/envs/lab13.1/lib/python3.9/site-packages/airflow/example_dags/example_short_circuit_decorator.py
[2024-12-07T02:12:48.022-0300] {logging_mixin.py:190} INFO - [2024-12-07T02:12:48.021-0300] {dag.py:3239} INFO - Sync 1 DAGs
[2024-12-07T02:12:48.033-0300] {logging_mixin.py:190} INFO - [2024-12-07T02:12:48.033-0300] {dag.py:4180} INFO - Setting next_dagrun for example_short_circuit_decorator to None, run_after=None
[2024-12-07T02:12:48.120-0300] {processor.py:208} INFO - Processing /home/crisu/miniconda3/envs/lab13.1/lib/python3.9/site-packages/airflow/example_dags/example_short_circuit_decorator.py took 0.149 seconds
[2024-12-07T02:15:35.903-0300] {processor.py:186} INFO - Started process (PID=36372) to work on /home/crisu/miniconda3/envs/lab13.1/lib/python3.9/site-packages/airflow/example_dags/example_short_circuit_decorator.py
[2024-12-07T02:15:35.998-0300] {processor.py:914} INFO - Processing file /home/crisu/miniconda3/envs/lab13.1/lib/python3.9/site-packages/airflow/example_dags/example_short_circuit_decorator.py for tasks to queue
[2024-12-07T02:15:36.000-0300] {logging_mixin.py:190} INFO - [2024-12-07T02:15:36.000-0300] {dagbag.py:588} INFO - Filling up the DagBag from /home/crisu/miniconda3/envs/lab13.1/lib/python3.9/site-packages/airflow/example_dags/example_short_circuit_decorator.py
[2024-12-07T02:15:36.009-0300] {processor.py:925} INFO - DAG(s) 'example_short_circuit_decorator' retrieved from /home/crisu/miniconda3/envs/lab13.1/lib/python3.9/site-packages/airflow/example_dags/example_short_circuit_decorator.py
[2024-12-07T02:15:36.025-0300] {logging_mixin.py:190} INFO - [2024-12-07T02:15:36.024-0300] {dag.py:3239} INFO - Sync 1 DAGs
[2024-12-07T02:15:36.035-0300] {logging_mixin.py:190} INFO - [2024-12-07T02:15:36.035-0300] {dag.py:4180} INFO - Setting next_dagrun for example_short_circuit_decorator to None, run_after=None
[2024-12-07T02:15:36.092-0300] {processor.py:208} INFO - Processing /home/crisu/miniconda3/envs/lab13.1/lib/python3.9/site-packages/airflow/example_dags/example_short_circuit_decorator.py took 0.196 seconds
[2024-12-07T02:17:11.186-0300] {processor.py:186} INFO - Started process (PID=36531) to work on /home/crisu/miniconda3/envs/lab13.1/lib/python3.9/site-packages/airflow/example_dags/example_short_circuit_decorator.py
[2024-12-07T02:17:11.188-0300] {processor.py:914} INFO - Processing file /home/crisu/miniconda3/envs/lab13.1/lib/python3.9/site-packages/airflow/example_dags/example_short_circuit_decorator.py for tasks to queue
[2024-12-07T02:17:11.189-0300] {logging_mixin.py:190} INFO - [2024-12-07T02:17:11.189-0300] {dagbag.py:588} INFO - Filling up the DagBag from /home/crisu/miniconda3/envs/lab13.1/lib/python3.9/site-packages/airflow/example_dags/example_short_circuit_decorator.py
[2024-12-07T02:17:11.198-0300] {processor.py:925} INFO - DAG(s) 'example_short_circuit_decorator' retrieved from /home/crisu/miniconda3/envs/lab13.1/lib/python3.9/site-packages/airflow/example_dags/example_short_circuit_decorator.py
[2024-12-07T02:17:11.218-0300] {logging_mixin.py:190} INFO - [2024-12-07T02:17:11.218-0300] {dag.py:3239} INFO - Sync 1 DAGs
[2024-12-07T02:17:11.229-0300] {logging_mixin.py:190} INFO - [2024-12-07T02:17:11.228-0300] {dag.py:4180} INFO - Setting next_dagrun for example_short_circuit_decorator to None, run_after=None
[2024-12-07T02:17:11.302-0300] {processor.py:208} INFO - Processing /home/crisu/miniconda3/envs/lab13.1/lib/python3.9/site-packages/airflow/example_dags/example_short_circuit_decorator.py took 0.125 seconds
[2024-12-07T02:18:39.965-0300] {processor.py:186} INFO - Started process (PID=36700) to work on /home/crisu/miniconda3/envs/lab13.1/lib/python3.9/site-packages/airflow/example_dags/example_short_circuit_decorator.py
[2024-12-07T02:18:40.015-0300] {processor.py:914} INFO - Processing file /home/crisu/miniconda3/envs/lab13.1/lib/python3.9/site-packages/airflow/example_dags/example_short_circuit_decorator.py for tasks to queue
[2024-12-07T02:18:40.017-0300] {logging_mixin.py:190} INFO - [2024-12-07T02:18:40.016-0300] {dagbag.py:588} INFO - Filling up the DagBag from /home/crisu/miniconda3/envs/lab13.1/lib/python3.9/site-packages/airflow/example_dags/example_short_circuit_decorator.py
[2024-12-07T02:18:40.026-0300] {processor.py:925} INFO - DAG(s) 'example_short_circuit_decorator' retrieved from /home/crisu/miniconda3/envs/lab13.1/lib/python3.9/site-packages/airflow/example_dags/example_short_circuit_decorator.py
[2024-12-07T02:18:40.043-0300] {logging_mixin.py:190} INFO - [2024-12-07T02:18:40.043-0300] {dag.py:3239} INFO - Sync 1 DAGs
[2024-12-07T02:18:40.054-0300] {logging_mixin.py:190} INFO - [2024-12-07T02:18:40.054-0300] {dag.py:4180} INFO - Setting next_dagrun for example_short_circuit_decorator to None, run_after=None
[2024-12-07T02:18:40.306-0300] {processor.py:208} INFO - Processing /home/crisu/miniconda3/envs/lab13.1/lib/python3.9/site-packages/airflow/example_dags/example_short_circuit_decorator.py took 0.351 seconds
[2024-12-07T02:31:12.009-0300] {processor.py:186} INFO - Started process (PID=37983) to work on /home/crisu/miniconda3/envs/lab13.1/lib/python3.9/site-packages/airflow/example_dags/example_short_circuit_decorator.py
[2024-12-07T02:31:12.010-0300] {processor.py:914} INFO - Processing file /home/crisu/miniconda3/envs/lab13.1/lib/python3.9/site-packages/airflow/example_dags/example_short_circuit_decorator.py for tasks to queue
[2024-12-07T02:31:12.014-0300] {logging_mixin.py:190} INFO - [2024-12-07T02:31:12.013-0300] {dagbag.py:588} INFO - Filling up the DagBag from /home/crisu/miniconda3/envs/lab13.1/lib/python3.9/site-packages/airflow/example_dags/example_short_circuit_decorator.py
[2024-12-07T02:31:12.022-0300] {processor.py:925} INFO - DAG(s) 'example_short_circuit_decorator' retrieved from /home/crisu/miniconda3/envs/lab13.1/lib/python3.9/site-packages/airflow/example_dags/example_short_circuit_decorator.py
[2024-12-07T02:31:12.039-0300] {logging_mixin.py:190} INFO - [2024-12-07T02:31:12.039-0300] {dag.py:3239} INFO - Sync 1 DAGs
[2024-12-07T02:31:12.050-0300] {logging_mixin.py:190} INFO - [2024-12-07T02:31:12.050-0300] {dag.py:4180} INFO - Setting next_dagrun for example_short_circuit_decorator to None, run_after=None
[2024-12-07T02:31:12.102-0300] {processor.py:208} INFO - Processing /home/crisu/miniconda3/envs/lab13.1/lib/python3.9/site-packages/airflow/example_dags/example_short_circuit_decorator.py took 0.099 seconds
[2024-12-07T02:33:42.717-0300] {processor.py:186} INFO - Started process (PID=38192) to work on /home/crisu/miniconda3/envs/lab13.1/lib/python3.9/site-packages/airflow/example_dags/example_short_circuit_decorator.py
[2024-12-07T02:33:42.719-0300] {processor.py:914} INFO - Processing file /home/crisu/miniconda3/envs/lab13.1/lib/python3.9/site-packages/airflow/example_dags/example_short_circuit_decorator.py for tasks to queue
[2024-12-07T02:33:42.721-0300] {logging_mixin.py:190} INFO - [2024-12-07T02:33:42.721-0300] {dagbag.py:588} INFO - Filling up the DagBag from /home/crisu/miniconda3/envs/lab13.1/lib/python3.9/site-packages/airflow/example_dags/example_short_circuit_decorator.py
[2024-12-07T02:33:42.730-0300] {processor.py:925} INFO - DAG(s) 'example_short_circuit_decorator' retrieved from /home/crisu/miniconda3/envs/lab13.1/lib/python3.9/site-packages/airflow/example_dags/example_short_circuit_decorator.py
[2024-12-07T02:33:42.747-0300] {logging_mixin.py:190} INFO - [2024-12-07T02:33:42.747-0300] {dag.py:3239} INFO - Sync 1 DAGs
[2024-12-07T02:33:42.758-0300] {logging_mixin.py:190} INFO - [2024-12-07T02:33:42.758-0300] {dag.py:4180} INFO - Setting next_dagrun for example_short_circuit_decorator to None, run_after=None
[2024-12-07T02:33:42.815-0300] {processor.py:208} INFO - Processing /home/crisu/miniconda3/envs/lab13.1/lib/python3.9/site-packages/airflow/example_dags/example_short_circuit_decorator.py took 0.103 seconds
[2024-12-07T02:36:13.170-0300] {processor.py:186} INFO - Started process (PID=38479) to work on /home/crisu/miniconda3/envs/lab13.1/lib/python3.9/site-packages/airflow/example_dags/example_short_circuit_decorator.py
[2024-12-07T02:36:13.171-0300] {processor.py:914} INFO - Processing file /home/crisu/miniconda3/envs/lab13.1/lib/python3.9/site-packages/airflow/example_dags/example_short_circuit_decorator.py for tasks to queue
[2024-12-07T02:36:13.173-0300] {logging_mixin.py:190} INFO - [2024-12-07T02:36:13.173-0300] {dagbag.py:588} INFO - Filling up the DagBag from /home/crisu/miniconda3/envs/lab13.1/lib/python3.9/site-packages/airflow/example_dags/example_short_circuit_decorator.py
[2024-12-07T02:36:13.183-0300] {processor.py:925} INFO - DAG(s) 'example_short_circuit_decorator' retrieved from /home/crisu/miniconda3/envs/lab13.1/lib/python3.9/site-packages/airflow/example_dags/example_short_circuit_decorator.py
[2024-12-07T02:36:13.202-0300] {logging_mixin.py:190} INFO - [2024-12-07T02:36:13.201-0300] {dag.py:3239} INFO - Sync 1 DAGs
[2024-12-07T02:36:13.215-0300] {logging_mixin.py:190} INFO - [2024-12-07T02:36:13.214-0300] {dag.py:4180} INFO - Setting next_dagrun for example_short_circuit_decorator to None, run_after=None
[2024-12-07T02:36:13.279-0300] {processor.py:208} INFO - Processing /home/crisu/miniconda3/envs/lab13.1/lib/python3.9/site-packages/airflow/example_dags/example_short_circuit_decorator.py took 0.115 seconds
[2024-12-07T02:39:01.909-0300] {processor.py:186} INFO - Started process (PID=38779) to work on /home/crisu/miniconda3/envs/lab13.1/lib/python3.9/site-packages/airflow/example_dags/example_short_circuit_decorator.py
[2024-12-07T02:39:01.910-0300] {processor.py:914} INFO - Processing file /home/crisu/miniconda3/envs/lab13.1/lib/python3.9/site-packages/airflow/example_dags/example_short_circuit_decorator.py for tasks to queue
[2024-12-07T02:39:01.912-0300] {logging_mixin.py:190} INFO - [2024-12-07T02:39:01.912-0300] {dagbag.py:588} INFO - Filling up the DagBag from /home/crisu/miniconda3/envs/lab13.1/lib/python3.9/site-packages/airflow/example_dags/example_short_circuit_decorator.py
[2024-12-07T02:39:01.921-0300] {processor.py:925} INFO - DAG(s) 'example_short_circuit_decorator' retrieved from /home/crisu/miniconda3/envs/lab13.1/lib/python3.9/site-packages/airflow/example_dags/example_short_circuit_decorator.py
[2024-12-07T02:39:01.938-0300] {logging_mixin.py:190} INFO - [2024-12-07T02:39:01.937-0300] {dag.py:3239} INFO - Sync 1 DAGs
[2024-12-07T02:39:01.948-0300] {logging_mixin.py:190} INFO - [2024-12-07T02:39:01.948-0300] {dag.py:4180} INFO - Setting next_dagrun for example_short_circuit_decorator to None, run_after=None
[2024-12-07T02:39:03.025-0300] {processor.py:208} INFO - Processing /home/crisu/miniconda3/envs/lab13.1/lib/python3.9/site-packages/airflow/example_dags/example_short_circuit_decorator.py took 1.121 seconds
[2024-12-07T02:40:29.466-0300] {processor.py:186} INFO - Started process (PID=38888) to work on /home/crisu/miniconda3/envs/lab13.1/lib/python3.9/site-packages/airflow/example_dags/example_short_circuit_decorator.py
[2024-12-07T02:40:29.479-0300] {processor.py:914} INFO - Processing file /home/crisu/miniconda3/envs/lab13.1/lib/python3.9/site-packages/airflow/example_dags/example_short_circuit_decorator.py for tasks to queue
[2024-12-07T02:40:29.481-0300] {logging_mixin.py:190} INFO - [2024-12-07T02:40:29.481-0300] {dagbag.py:588} INFO - Filling up the DagBag from /home/crisu/miniconda3/envs/lab13.1/lib/python3.9/site-packages/airflow/example_dags/example_short_circuit_decorator.py
[2024-12-07T02:40:29.491-0300] {processor.py:925} INFO - DAG(s) 'example_short_circuit_decorator' retrieved from /home/crisu/miniconda3/envs/lab13.1/lib/python3.9/site-packages/airflow/example_dags/example_short_circuit_decorator.py
[2024-12-07T02:40:29.507-0300] {logging_mixin.py:190} INFO - [2024-12-07T02:40:29.507-0300] {dag.py:3239} INFO - Sync 1 DAGs
[2024-12-07T02:40:29.518-0300] {logging_mixin.py:190} INFO - [2024-12-07T02:40:29.518-0300] {dag.py:4180} INFO - Setting next_dagrun for example_short_circuit_decorator to None, run_after=None
[2024-12-07T02:40:29.674-0300] {processor.py:208} INFO - Processing /home/crisu/miniconda3/envs/lab13.1/lib/python3.9/site-packages/airflow/example_dags/example_short_circuit_decorator.py took 0.213 seconds
[2024-12-07T02:41:42.351-0300] {processor.py:186} INFO - Started process (PID=39012) to work on /home/crisu/miniconda3/envs/lab13.1/lib/python3.9/site-packages/airflow/example_dags/example_short_circuit_decorator.py
[2024-12-07T02:41:42.358-0300] {processor.py:914} INFO - Processing file /home/crisu/miniconda3/envs/lab13.1/lib/python3.9/site-packages/airflow/example_dags/example_short_circuit_decorator.py for tasks to queue
[2024-12-07T02:41:42.360-0300] {logging_mixin.py:190} INFO - [2024-12-07T02:41:42.360-0300] {dagbag.py:588} INFO - Filling up the DagBag from /home/crisu/miniconda3/envs/lab13.1/lib/python3.9/site-packages/airflow/example_dags/example_short_circuit_decorator.py
[2024-12-07T02:41:42.370-0300] {processor.py:925} INFO - DAG(s) 'example_short_circuit_decorator' retrieved from /home/crisu/miniconda3/envs/lab13.1/lib/python3.9/site-packages/airflow/example_dags/example_short_circuit_decorator.py
[2024-12-07T02:41:42.386-0300] {logging_mixin.py:190} INFO - [2024-12-07T02:41:42.386-0300] {dag.py:3239} INFO - Sync 1 DAGs
[2024-12-07T02:41:42.397-0300] {logging_mixin.py:190} INFO - [2024-12-07T02:41:42.397-0300] {dag.py:4180} INFO - Setting next_dagrun for example_short_circuit_decorator to None, run_after=None
[2024-12-07T02:41:42.543-0300] {processor.py:208} INFO - Processing /home/crisu/miniconda3/envs/lab13.1/lib/python3.9/site-packages/airflow/example_dags/example_short_circuit_decorator.py took 0.198 seconds
[2024-12-07T02:44:50.535-0300] {processor.py:186} INFO - Started process (PID=39702) to work on /home/crisu/miniconda3/envs/lab13.1/lib/python3.9/site-packages/airflow/example_dags/example_short_circuit_decorator.py
[2024-12-07T02:44:50.551-0300] {processor.py:914} INFO - Processing file /home/crisu/miniconda3/envs/lab13.1/lib/python3.9/site-packages/airflow/example_dags/example_short_circuit_decorator.py for tasks to queue
[2024-12-07T02:44:50.554-0300] {logging_mixin.py:190} INFO - [2024-12-07T02:44:50.553-0300] {dagbag.py:588} INFO - Filling up the DagBag from /home/crisu/miniconda3/envs/lab13.1/lib/python3.9/site-packages/airflow/example_dags/example_short_circuit_decorator.py
[2024-12-07T02:44:50.564-0300] {processor.py:925} INFO - DAG(s) 'example_short_circuit_decorator' retrieved from /home/crisu/miniconda3/envs/lab13.1/lib/python3.9/site-packages/airflow/example_dags/example_short_circuit_decorator.py
[2024-12-07T02:44:50.582-0300] {logging_mixin.py:190} INFO - [2024-12-07T02:44:50.581-0300] {dag.py:3239} INFO - Sync 1 DAGs
[2024-12-07T02:44:50.592-0300] {logging_mixin.py:190} INFO - [2024-12-07T02:44:50.592-0300] {dag.py:4180} INFO - Setting next_dagrun for example_short_circuit_decorator to None, run_after=None
[2024-12-07T02:44:50.667-0300] {processor.py:208} INFO - Processing /home/crisu/miniconda3/envs/lab13.1/lib/python3.9/site-packages/airflow/example_dags/example_short_circuit_decorator.py took 0.138 seconds
[2024-12-07T02:46:30.698-0300] {processor.py:186} INFO - Started process (PID=39997) to work on /home/crisu/miniconda3/envs/lab13.1/lib/python3.9/site-packages/airflow/example_dags/example_short_circuit_decorator.py
[2024-12-07T02:46:30.702-0300] {processor.py:914} INFO - Processing file /home/crisu/miniconda3/envs/lab13.1/lib/python3.9/site-packages/airflow/example_dags/example_short_circuit_decorator.py for tasks to queue
[2024-12-07T02:46:30.704-0300] {logging_mixin.py:190} INFO - [2024-12-07T02:46:30.703-0300] {dagbag.py:588} INFO - Filling up the DagBag from /home/crisu/miniconda3/envs/lab13.1/lib/python3.9/site-packages/airflow/example_dags/example_short_circuit_decorator.py
[2024-12-07T02:46:30.714-0300] {processor.py:925} INFO - DAG(s) 'example_short_circuit_decorator' retrieved from /home/crisu/miniconda3/envs/lab13.1/lib/python3.9/site-packages/airflow/example_dags/example_short_circuit_decorator.py
[2024-12-07T02:46:30.732-0300] {logging_mixin.py:190} INFO - [2024-12-07T02:46:30.732-0300] {dag.py:3239} INFO - Sync 1 DAGs
[2024-12-07T02:46:30.743-0300] {logging_mixin.py:190} INFO - [2024-12-07T02:46:30.743-0300] {dag.py:4180} INFO - Setting next_dagrun for example_short_circuit_decorator to None, run_after=None
[2024-12-07T02:46:30.808-0300] {processor.py:208} INFO - Processing /home/crisu/miniconda3/envs/lab13.1/lib/python3.9/site-packages/airflow/example_dags/example_short_circuit_decorator.py took 0.115 seconds
[2024-12-07T02:47:55.551-0300] {processor.py:186} INFO - Started process (PID=40269) to work on /home/crisu/miniconda3/envs/lab13.1/lib/python3.9/site-packages/airflow/example_dags/example_short_circuit_decorator.py
[2024-12-07T02:47:55.561-0300] {processor.py:914} INFO - Processing file /home/crisu/miniconda3/envs/lab13.1/lib/python3.9/site-packages/airflow/example_dags/example_short_circuit_decorator.py for tasks to queue
[2024-12-07T02:47:55.564-0300] {logging_mixin.py:190} INFO - [2024-12-07T02:47:55.563-0300] {dagbag.py:588} INFO - Filling up the DagBag from /home/crisu/miniconda3/envs/lab13.1/lib/python3.9/site-packages/airflow/example_dags/example_short_circuit_decorator.py
[2024-12-07T02:47:55.576-0300] {processor.py:925} INFO - DAG(s) 'example_short_circuit_decorator' retrieved from /home/crisu/miniconda3/envs/lab13.1/lib/python3.9/site-packages/airflow/example_dags/example_short_circuit_decorator.py
[2024-12-07T02:47:55.599-0300] {logging_mixin.py:190} INFO - [2024-12-07T02:47:55.599-0300] {dag.py:3239} INFO - Sync 1 DAGs
[2024-12-07T02:47:55.610-0300] {logging_mixin.py:190} INFO - [2024-12-07T02:47:55.609-0300] {dag.py:4180} INFO - Setting next_dagrun for example_short_circuit_decorator to None, run_after=None
[2024-12-07T02:47:57.353-0300] {processor.py:208} INFO - Processing /home/crisu/miniconda3/envs/lab13.1/lib/python3.9/site-packages/airflow/example_dags/example_short_circuit_decorator.py took 1.808 seconds
[2024-12-07T02:50:10.917-0300] {processor.py:186} INFO - Started process (PID=40795) to work on /home/crisu/miniconda3/envs/lab13.1/lib/python3.9/site-packages/airflow/example_dags/example_short_circuit_decorator.py
[2024-12-07T02:50:10.929-0300] {processor.py:914} INFO - Processing file /home/crisu/miniconda3/envs/lab13.1/lib/python3.9/site-packages/airflow/example_dags/example_short_circuit_decorator.py for tasks to queue
[2024-12-07T02:50:10.932-0300] {logging_mixin.py:190} INFO - [2024-12-07T02:50:10.931-0300] {dagbag.py:588} INFO - Filling up the DagBag from /home/crisu/miniconda3/envs/lab13.1/lib/python3.9/site-packages/airflow/example_dags/example_short_circuit_decorator.py
[2024-12-07T02:50:10.942-0300] {processor.py:925} INFO - DAG(s) 'example_short_circuit_decorator' retrieved from /home/crisu/miniconda3/envs/lab13.1/lib/python3.9/site-packages/airflow/example_dags/example_short_circuit_decorator.py
[2024-12-07T02:50:10.959-0300] {logging_mixin.py:190} INFO - [2024-12-07T02:50:10.959-0300] {dag.py:3239} INFO - Sync 1 DAGs
[2024-12-07T02:50:10.970-0300] {logging_mixin.py:190} INFO - [2024-12-07T02:50:10.970-0300] {dag.py:4180} INFO - Setting next_dagrun for example_short_circuit_decorator to None, run_after=None
[2024-12-07T02:50:11.046-0300] {processor.py:208} INFO - Processing /home/crisu/miniconda3/envs/lab13.1/lib/python3.9/site-packages/airflow/example_dags/example_short_circuit_decorator.py took 0.135 seconds
[2024-12-07T02:51:38.560-0300] {processor.py:186} INFO - Started process (PID=40993) to work on /home/crisu/miniconda3/envs/lab13.1/lib/python3.9/site-packages/airflow/example_dags/example_short_circuit_decorator.py
[2024-12-07T02:51:38.589-0300] {processor.py:914} INFO - Processing file /home/crisu/miniconda3/envs/lab13.1/lib/python3.9/site-packages/airflow/example_dags/example_short_circuit_decorator.py for tasks to queue
[2024-12-07T02:51:38.591-0300] {logging_mixin.py:190} INFO - [2024-12-07T02:51:38.591-0300] {dagbag.py:588} INFO - Filling up the DagBag from /home/crisu/miniconda3/envs/lab13.1/lib/python3.9/site-packages/airflow/example_dags/example_short_circuit_decorator.py
[2024-12-07T02:51:38.604-0300] {processor.py:925} INFO - DAG(s) 'example_short_circuit_decorator' retrieved from /home/crisu/miniconda3/envs/lab13.1/lib/python3.9/site-packages/airflow/example_dags/example_short_circuit_decorator.py
[2024-12-07T02:51:38.624-0300] {logging_mixin.py:190} INFO - [2024-12-07T02:51:38.623-0300] {dag.py:3239} INFO - Sync 1 DAGs
[2024-12-07T02:51:38.635-0300] {logging_mixin.py:190} INFO - [2024-12-07T02:51:38.635-0300] {dag.py:4180} INFO - Setting next_dagrun for example_short_circuit_decorator to None, run_after=None
[2024-12-07T02:51:39.110-0300] {processor.py:208} INFO - Processing /home/crisu/miniconda3/envs/lab13.1/lib/python3.9/site-packages/airflow/example_dags/example_short_circuit_decorator.py took 0.558 seconds
[2024-12-07T03:20:14.551-0300] {processor.py:186} INFO - Started process (PID=42661) to work on /home/crisu/miniconda3/envs/lab13.1/lib/python3.9/site-packages/airflow/example_dags/example_short_circuit_decorator.py
[2024-12-07T03:20:14.695-0300] {processor.py:914} INFO - Processing file /home/crisu/miniconda3/envs/lab13.1/lib/python3.9/site-packages/airflow/example_dags/example_short_circuit_decorator.py for tasks to queue
[2024-12-07T03:20:14.696-0300] {logging_mixin.py:190} INFO - [2024-12-07T03:20:14.696-0300] {dagbag.py:588} INFO - Filling up the DagBag from /home/crisu/miniconda3/envs/lab13.1/lib/python3.9/site-packages/airflow/example_dags/example_short_circuit_decorator.py
[2024-12-07T03:20:14.704-0300] {processor.py:925} INFO - DAG(s) 'example_short_circuit_decorator' retrieved from /home/crisu/miniconda3/envs/lab13.1/lib/python3.9/site-packages/airflow/example_dags/example_short_circuit_decorator.py
[2024-12-07T03:20:14.723-0300] {logging_mixin.py:190} INFO - [2024-12-07T03:20:14.723-0300] {dag.py:3239} INFO - Sync 1 DAGs
[2024-12-07T03:20:14.734-0300] {logging_mixin.py:190} INFO - [2024-12-07T03:20:14.734-0300] {dag.py:4180} INFO - Setting next_dagrun for example_short_circuit_decorator to None, run_after=None
[2024-12-07T03:20:15.346-0300] {processor.py:208} INFO - Processing /home/crisu/miniconda3/envs/lab13.1/lib/python3.9/site-packages/airflow/example_dags/example_short_circuit_decorator.py took 0.802 seconds
[2024-12-07T03:23:24.638-0300] {processor.py:186} INFO - Started process (PID=42845) to work on /home/crisu/miniconda3/envs/lab13.1/lib/python3.9/site-packages/airflow/example_dags/example_short_circuit_decorator.py
[2024-12-07T03:23:24.639-0300] {processor.py:914} INFO - Processing file /home/crisu/miniconda3/envs/lab13.1/lib/python3.9/site-packages/airflow/example_dags/example_short_circuit_decorator.py for tasks to queue
[2024-12-07T03:23:24.640-0300] {logging_mixin.py:190} INFO - [2024-12-07T03:23:24.640-0300] {dagbag.py:588} INFO - Filling up the DagBag from /home/crisu/miniconda3/envs/lab13.1/lib/python3.9/site-packages/airflow/example_dags/example_short_circuit_decorator.py
[2024-12-07T03:23:24.648-0300] {processor.py:925} INFO - DAG(s) 'example_short_circuit_decorator' retrieved from /home/crisu/miniconda3/envs/lab13.1/lib/python3.9/site-packages/airflow/example_dags/example_short_circuit_decorator.py
[2024-12-07T03:23:24.665-0300] {logging_mixin.py:190} INFO - [2024-12-07T03:23:24.665-0300] {dag.py:3239} INFO - Sync 1 DAGs
[2024-12-07T03:23:24.677-0300] {logging_mixin.py:190} INFO - [2024-12-07T03:23:24.676-0300] {dag.py:4180} INFO - Setting next_dagrun for example_short_circuit_decorator to None, run_after=None
[2024-12-07T03:23:25.140-0300] {processor.py:208} INFO - Processing /home/crisu/miniconda3/envs/lab13.1/lib/python3.9/site-packages/airflow/example_dags/example_short_circuit_decorator.py took 0.509 seconds
[2024-12-07T03:27:36.283-0300] {processor.py:186} INFO - Started process (PID=43581) to work on /home/crisu/miniconda3/envs/lab13.1/lib/python3.9/site-packages/airflow/example_dags/example_short_circuit_decorator.py
[2024-12-07T03:27:36.306-0300] {processor.py:914} INFO - Processing file /home/crisu/miniconda3/envs/lab13.1/lib/python3.9/site-packages/airflow/example_dags/example_short_circuit_decorator.py for tasks to queue
[2024-12-07T03:27:36.311-0300] {logging_mixin.py:190} INFO - [2024-12-07T03:27:36.311-0300] {dagbag.py:588} INFO - Filling up the DagBag from /home/crisu/miniconda3/envs/lab13.1/lib/python3.9/site-packages/airflow/example_dags/example_short_circuit_decorator.py
[2024-12-07T03:27:36.322-0300] {processor.py:925} INFO - DAG(s) 'example_short_circuit_decorator' retrieved from /home/crisu/miniconda3/envs/lab13.1/lib/python3.9/site-packages/airflow/example_dags/example_short_circuit_decorator.py
[2024-12-07T03:27:36.341-0300] {logging_mixin.py:190} INFO - [2024-12-07T03:27:36.341-0300] {dag.py:3239} INFO - Sync 1 DAGs
[2024-12-07T03:27:36.354-0300] {logging_mixin.py:190} INFO - [2024-12-07T03:27:36.354-0300] {dag.py:4180} INFO - Setting next_dagrun for example_short_circuit_decorator to None, run_after=None
[2024-12-07T03:27:36.452-0300] {processor.py:208} INFO - Processing /home/crisu/miniconda3/envs/lab13.1/lib/python3.9/site-packages/airflow/example_dags/example_short_circuit_decorator.py took 0.173 seconds
[2024-12-07T03:29:34.371-0300] {processor.py:186} INFO - Started process (PID=43837) to work on /home/crisu/miniconda3/envs/lab13.1/lib/python3.9/site-packages/airflow/example_dags/example_short_circuit_decorator.py
[2024-12-07T03:29:34.396-0300] {processor.py:914} INFO - Processing file /home/crisu/miniconda3/envs/lab13.1/lib/python3.9/site-packages/airflow/example_dags/example_short_circuit_decorator.py for tasks to queue
[2024-12-07T03:29:34.399-0300] {logging_mixin.py:190} INFO - [2024-12-07T03:29:34.398-0300] {dagbag.py:588} INFO - Filling up the DagBag from /home/crisu/miniconda3/envs/lab13.1/lib/python3.9/site-packages/airflow/example_dags/example_short_circuit_decorator.py
[2024-12-07T03:29:34.407-0300] {processor.py:925} INFO - DAG(s) 'example_short_circuit_decorator' retrieved from /home/crisu/miniconda3/envs/lab13.1/lib/python3.9/site-packages/airflow/example_dags/example_short_circuit_decorator.py
[2024-12-07T03:29:34.423-0300] {logging_mixin.py:190} INFO - [2024-12-07T03:29:34.423-0300] {dag.py:3239} INFO - Sync 1 DAGs
[2024-12-07T03:29:34.434-0300] {logging_mixin.py:190} INFO - [2024-12-07T03:29:34.434-0300] {dag.py:4180} INFO - Setting next_dagrun for example_short_circuit_decorator to None, run_after=None
[2024-12-07T03:29:34.578-0300] {processor.py:208} INFO - Processing /home/crisu/miniconda3/envs/lab13.1/lib/python3.9/site-packages/airflow/example_dags/example_short_circuit_decorator.py took 0.211 seconds
[2024-12-07T03:34:09.833-0300] {processor.py:186} INFO - Started process (PID=44566) to work on /home/crisu/miniconda3/envs/lab13.1/lib/python3.9/site-packages/airflow/example_dags/example_short_circuit_decorator.py
[2024-12-07T03:34:09.834-0300] {processor.py:914} INFO - Processing file /home/crisu/miniconda3/envs/lab13.1/lib/python3.9/site-packages/airflow/example_dags/example_short_circuit_decorator.py for tasks to queue
[2024-12-07T03:34:09.835-0300] {logging_mixin.py:190} INFO - [2024-12-07T03:34:09.835-0300] {dagbag.py:588} INFO - Filling up the DagBag from /home/crisu/miniconda3/envs/lab13.1/lib/python3.9/site-packages/airflow/example_dags/example_short_circuit_decorator.py
[2024-12-07T03:34:09.842-0300] {processor.py:925} INFO - DAG(s) 'example_short_circuit_decorator' retrieved from /home/crisu/miniconda3/envs/lab13.1/lib/python3.9/site-packages/airflow/example_dags/example_short_circuit_decorator.py
[2024-12-07T03:34:09.860-0300] {logging_mixin.py:190} INFO - [2024-12-07T03:34:09.859-0300] {dag.py:3239} INFO - Sync 1 DAGs
[2024-12-07T03:34:09.871-0300] {logging_mixin.py:190} INFO - [2024-12-07T03:34:09.870-0300] {dag.py:4180} INFO - Setting next_dagrun for example_short_circuit_decorator to None, run_after=None
[2024-12-07T03:34:09.926-0300] {processor.py:208} INFO - Processing /home/crisu/miniconda3/envs/lab13.1/lib/python3.9/site-packages/airflow/example_dags/example_short_circuit_decorator.py took 0.098 seconds
[2024-12-07T03:35:45.283-0300] {processor.py:186} INFO - Started process (PID=44765) to work on /home/crisu/miniconda3/envs/lab13.1/lib/python3.9/site-packages/airflow/example_dags/example_short_circuit_decorator.py
[2024-12-07T03:35:45.408-0300] {processor.py:914} INFO - Processing file /home/crisu/miniconda3/envs/lab13.1/lib/python3.9/site-packages/airflow/example_dags/example_short_circuit_decorator.py for tasks to queue
[2024-12-07T03:35:45.409-0300] {logging_mixin.py:190} INFO - [2024-12-07T03:35:45.409-0300] {dagbag.py:588} INFO - Filling up the DagBag from /home/crisu/miniconda3/envs/lab13.1/lib/python3.9/site-packages/airflow/example_dags/example_short_circuit_decorator.py
[2024-12-07T03:35:45.417-0300] {processor.py:925} INFO - DAG(s) 'example_short_circuit_decorator' retrieved from /home/crisu/miniconda3/envs/lab13.1/lib/python3.9/site-packages/airflow/example_dags/example_short_circuit_decorator.py
[2024-12-07T03:35:45.433-0300] {logging_mixin.py:190} INFO - [2024-12-07T03:35:45.433-0300] {dag.py:3239} INFO - Sync 1 DAGs
[2024-12-07T03:35:45.444-0300] {logging_mixin.py:190} INFO - [2024-12-07T03:35:45.444-0300] {dag.py:4180} INFO - Setting next_dagrun for example_short_circuit_decorator to None, run_after=None
[2024-12-07T03:35:46.164-0300] {processor.py:208} INFO - Processing /home/crisu/miniconda3/envs/lab13.1/lib/python3.9/site-packages/airflow/example_dags/example_short_circuit_decorator.py took 0.887 seconds
[2024-12-07T03:37:49.874-0300] {processor.py:186} INFO - Started process (PID=44959) to work on /home/crisu/miniconda3/envs/lab13.1/lib/python3.9/site-packages/airflow/example_dags/example_short_circuit_decorator.py
[2024-12-07T03:37:49.887-0300] {processor.py:914} INFO - Processing file /home/crisu/miniconda3/envs/lab13.1/lib/python3.9/site-packages/airflow/example_dags/example_short_circuit_decorator.py for tasks to queue
[2024-12-07T03:37:49.888-0300] {logging_mixin.py:190} INFO - [2024-12-07T03:37:49.888-0300] {dagbag.py:588} INFO - Filling up the DagBag from /home/crisu/miniconda3/envs/lab13.1/lib/python3.9/site-packages/airflow/example_dags/example_short_circuit_decorator.py
[2024-12-07T03:37:49.896-0300] {processor.py:925} INFO - DAG(s) 'example_short_circuit_decorator' retrieved from /home/crisu/miniconda3/envs/lab13.1/lib/python3.9/site-packages/airflow/example_dags/example_short_circuit_decorator.py
[2024-12-07T03:37:49.914-0300] {logging_mixin.py:190} INFO - [2024-12-07T03:37:49.913-0300] {dag.py:3239} INFO - Sync 1 DAGs
[2024-12-07T03:37:49.924-0300] {logging_mixin.py:190} INFO - [2024-12-07T03:37:49.924-0300] {dag.py:4180} INFO - Setting next_dagrun for example_short_circuit_decorator to None, run_after=None
[2024-12-07T03:37:49.989-0300] {processor.py:208} INFO - Processing /home/crisu/miniconda3/envs/lab13.1/lib/python3.9/site-packages/airflow/example_dags/example_short_circuit_decorator.py took 0.121 seconds
[2024-12-07T03:39:06.853-0300] {processor.py:186} INFO - Started process (PID=45120) to work on /home/crisu/miniconda3/envs/lab13.1/lib/python3.9/site-packages/airflow/example_dags/example_short_circuit_decorator.py
[2024-12-07T03:39:06.863-0300] {processor.py:914} INFO - Processing file /home/crisu/miniconda3/envs/lab13.1/lib/python3.9/site-packages/airflow/example_dags/example_short_circuit_decorator.py for tasks to queue
[2024-12-07T03:39:06.865-0300] {logging_mixin.py:190} INFO - [2024-12-07T03:39:06.864-0300] {dagbag.py:588} INFO - Filling up the DagBag from /home/crisu/miniconda3/envs/lab13.1/lib/python3.9/site-packages/airflow/example_dags/example_short_circuit_decorator.py
[2024-12-07T03:39:06.872-0300] {processor.py:925} INFO - DAG(s) 'example_short_circuit_decorator' retrieved from /home/crisu/miniconda3/envs/lab13.1/lib/python3.9/site-packages/airflow/example_dags/example_short_circuit_decorator.py
[2024-12-07T03:39:06.888-0300] {logging_mixin.py:190} INFO - [2024-12-07T03:39:06.888-0300] {dag.py:3239} INFO - Sync 1 DAGs
[2024-12-07T03:39:06.899-0300] {logging_mixin.py:190} INFO - [2024-12-07T03:39:06.899-0300] {dag.py:4180} INFO - Setting next_dagrun for example_short_circuit_decorator to None, run_after=None
[2024-12-07T03:39:06.963-0300] {processor.py:208} INFO - Processing /home/crisu/miniconda3/envs/lab13.1/lib/python3.9/site-packages/airflow/example_dags/example_short_circuit_decorator.py took 0.115 seconds
[2024-12-07T03:40:23.152-0300] {processor.py:186} INFO - Started process (PID=45269) to work on /home/crisu/miniconda3/envs/lab13.1/lib/python3.9/site-packages/airflow/example_dags/example_short_circuit_decorator.py
[2024-12-07T03:40:23.157-0300] {processor.py:914} INFO - Processing file /home/crisu/miniconda3/envs/lab13.1/lib/python3.9/site-packages/airflow/example_dags/example_short_circuit_decorator.py for tasks to queue
[2024-12-07T03:40:23.160-0300] {logging_mixin.py:190} INFO - [2024-12-07T03:40:23.159-0300] {dagbag.py:588} INFO - Filling up the DagBag from /home/crisu/miniconda3/envs/lab13.1/lib/python3.9/site-packages/airflow/example_dags/example_short_circuit_decorator.py
[2024-12-07T03:40:23.169-0300] {processor.py:925} INFO - DAG(s) 'example_short_circuit_decorator' retrieved from /home/crisu/miniconda3/envs/lab13.1/lib/python3.9/site-packages/airflow/example_dags/example_short_circuit_decorator.py
[2024-12-07T03:40:23.185-0300] {logging_mixin.py:190} INFO - [2024-12-07T03:40:23.185-0300] {dag.py:3239} INFO - Sync 1 DAGs
[2024-12-07T03:40:23.196-0300] {logging_mixin.py:190} INFO - [2024-12-07T03:40:23.195-0300] {dag.py:4180} INFO - Setting next_dagrun for example_short_circuit_decorator to None, run_after=None
[2024-12-07T03:40:23.252-0300] {processor.py:208} INFO - Processing /home/crisu/miniconda3/envs/lab13.1/lib/python3.9/site-packages/airflow/example_dags/example_short_circuit_decorator.py took 0.105 seconds
[2024-12-07T03:44:07.839-0300] {processor.py:186} INFO - Started process (PID=45846) to work on /home/crisu/miniconda3/envs/lab13.1/lib/python3.9/site-packages/airflow/example_dags/example_short_circuit_decorator.py
[2024-12-07T03:44:07.864-0300] {processor.py:914} INFO - Processing file /home/crisu/miniconda3/envs/lab13.1/lib/python3.9/site-packages/airflow/example_dags/example_short_circuit_decorator.py for tasks to queue
[2024-12-07T03:44:07.867-0300] {logging_mixin.py:190} INFO - [2024-12-07T03:44:07.866-0300] {dagbag.py:588} INFO - Filling up the DagBag from /home/crisu/miniconda3/envs/lab13.1/lib/python3.9/site-packages/airflow/example_dags/example_short_circuit_decorator.py
[2024-12-07T03:44:07.876-0300] {processor.py:925} INFO - DAG(s) 'example_short_circuit_decorator' retrieved from /home/crisu/miniconda3/envs/lab13.1/lib/python3.9/site-packages/airflow/example_dags/example_short_circuit_decorator.py
[2024-12-07T03:44:07.894-0300] {logging_mixin.py:190} INFO - [2024-12-07T03:44:07.893-0300] {dag.py:3239} INFO - Sync 1 DAGs
[2024-12-07T03:44:07.905-0300] {logging_mixin.py:190} INFO - [2024-12-07T03:44:07.905-0300] {dag.py:4180} INFO - Setting next_dagrun for example_short_circuit_decorator to None, run_after=None
[2024-12-07T03:44:07.978-0300] {processor.py:208} INFO - Processing /home/crisu/miniconda3/envs/lab13.1/lib/python3.9/site-packages/airflow/example_dags/example_short_circuit_decorator.py took 0.143 seconds
[2024-12-07T03:48:23.193-0300] {processor.py:186} INFO - Started process (PID=46701) to work on /home/crisu/miniconda3/envs/lab13.1/lib/python3.9/site-packages/airflow/example_dags/example_short_circuit_decorator.py
[2024-12-07T03:48:23.234-0300] {processor.py:914} INFO - Processing file /home/crisu/miniconda3/envs/lab13.1/lib/python3.9/site-packages/airflow/example_dags/example_short_circuit_decorator.py for tasks to queue
[2024-12-07T03:48:23.236-0300] {logging_mixin.py:190} INFO - [2024-12-07T03:48:23.236-0300] {dagbag.py:588} INFO - Filling up the DagBag from /home/crisu/miniconda3/envs/lab13.1/lib/python3.9/site-packages/airflow/example_dags/example_short_circuit_decorator.py
[2024-12-07T03:48:23.245-0300] {processor.py:925} INFO - DAG(s) 'example_short_circuit_decorator' retrieved from /home/crisu/miniconda3/envs/lab13.1/lib/python3.9/site-packages/airflow/example_dags/example_short_circuit_decorator.py
[2024-12-07T03:48:23.262-0300] {logging_mixin.py:190} INFO - [2024-12-07T03:48:23.261-0300] {dag.py:3239} INFO - Sync 1 DAGs
[2024-12-07T03:48:23.273-0300] {logging_mixin.py:190} INFO - [2024-12-07T03:48:23.273-0300] {dag.py:4180} INFO - Setting next_dagrun for example_short_circuit_decorator to None, run_after=None
[2024-12-07T03:48:25.302-0300] {processor.py:208} INFO - Processing /home/crisu/miniconda3/envs/lab13.1/lib/python3.9/site-packages/airflow/example_dags/example_short_circuit_decorator.py took 2.114 seconds
[2024-12-07T03:50:27.484-0300] {processor.py:186} INFO - Started process (PID=46934) to work on /home/crisu/miniconda3/envs/lab13.1/lib/python3.9/site-packages/airflow/example_dags/example_short_circuit_decorator.py
[2024-12-07T03:50:27.486-0300] {processor.py:914} INFO - Processing file /home/crisu/miniconda3/envs/lab13.1/lib/python3.9/site-packages/airflow/example_dags/example_short_circuit_decorator.py for tasks to queue
[2024-12-07T03:50:27.488-0300] {logging_mixin.py:190} INFO - [2024-12-07T03:50:27.487-0300] {dagbag.py:588} INFO - Filling up the DagBag from /home/crisu/miniconda3/envs/lab13.1/lib/python3.9/site-packages/airflow/example_dags/example_short_circuit_decorator.py
[2024-12-07T03:50:27.497-0300] {processor.py:925} INFO - DAG(s) 'example_short_circuit_decorator' retrieved from /home/crisu/miniconda3/envs/lab13.1/lib/python3.9/site-packages/airflow/example_dags/example_short_circuit_decorator.py
[2024-12-07T03:50:27.513-0300] {logging_mixin.py:190} INFO - [2024-12-07T03:50:27.513-0300] {dag.py:3239} INFO - Sync 1 DAGs
[2024-12-07T03:50:27.524-0300] {logging_mixin.py:190} INFO - [2024-12-07T03:50:27.524-0300] {dag.py:4180} INFO - Setting next_dagrun for example_short_circuit_decorator to None, run_after=None
[2024-12-07T03:50:28.626-0300] {processor.py:208} INFO - Processing /home/crisu/miniconda3/envs/lab13.1/lib/python3.9/site-packages/airflow/example_dags/example_short_circuit_decorator.py took 1.147 seconds
[2024-12-07T03:51:38.968-0300] {processor.py:186} INFO - Started process (PID=47008) to work on /home/crisu/miniconda3/envs/lab13.1/lib/python3.9/site-packages/airflow/example_dags/example_short_circuit_decorator.py
[2024-12-07T03:51:38.977-0300] {processor.py:914} INFO - Processing file /home/crisu/miniconda3/envs/lab13.1/lib/python3.9/site-packages/airflow/example_dags/example_short_circuit_decorator.py for tasks to queue
[2024-12-07T03:51:38.979-0300] {logging_mixin.py:190} INFO - [2024-12-07T03:51:38.979-0300] {dagbag.py:588} INFO - Filling up the DagBag from /home/crisu/miniconda3/envs/lab13.1/lib/python3.9/site-packages/airflow/example_dags/example_short_circuit_decorator.py
[2024-12-07T03:51:38.989-0300] {processor.py:925} INFO - DAG(s) 'example_short_circuit_decorator' retrieved from /home/crisu/miniconda3/envs/lab13.1/lib/python3.9/site-packages/airflow/example_dags/example_short_circuit_decorator.py
[2024-12-07T03:51:39.005-0300] {logging_mixin.py:190} INFO - [2024-12-07T03:51:39.005-0300] {dag.py:3239} INFO - Sync 1 DAGs
[2024-12-07T03:51:39.016-0300] {logging_mixin.py:190} INFO - [2024-12-07T03:51:39.016-0300] {dag.py:4180} INFO - Setting next_dagrun for example_short_circuit_decorator to None, run_after=None
[2024-12-07T03:51:39.076-0300] {processor.py:208} INFO - Processing /home/crisu/miniconda3/envs/lab13.1/lib/python3.9/site-packages/airflow/example_dags/example_short_circuit_decorator.py took 0.113 seconds
[2024-12-07T03:53:01.417-0300] {processor.py:186} INFO - Started process (PID=47161) to work on /home/crisu/miniconda3/envs/lab13.1/lib/python3.9/site-packages/airflow/example_dags/example_short_circuit_decorator.py
[2024-12-07T03:53:01.418-0300] {processor.py:914} INFO - Processing file /home/crisu/miniconda3/envs/lab13.1/lib/python3.9/site-packages/airflow/example_dags/example_short_circuit_decorator.py for tasks to queue
[2024-12-07T03:53:01.420-0300] {logging_mixin.py:190} INFO - [2024-12-07T03:53:01.420-0300] {dagbag.py:588} INFO - Filling up the DagBag from /home/crisu/miniconda3/envs/lab13.1/lib/python3.9/site-packages/airflow/example_dags/example_short_circuit_decorator.py
[2024-12-07T03:53:01.430-0300] {processor.py:925} INFO - DAG(s) 'example_short_circuit_decorator' retrieved from /home/crisu/miniconda3/envs/lab13.1/lib/python3.9/site-packages/airflow/example_dags/example_short_circuit_decorator.py
[2024-12-07T03:53:01.445-0300] {logging_mixin.py:190} INFO - [2024-12-07T03:53:01.445-0300] {dag.py:3239} INFO - Sync 1 DAGs
[2024-12-07T03:53:01.457-0300] {logging_mixin.py:190} INFO - [2024-12-07T03:53:01.457-0300] {dag.py:4180} INFO - Setting next_dagrun for example_short_circuit_decorator to None, run_after=None
[2024-12-07T03:53:01.514-0300] {processor.py:208} INFO - Processing /home/crisu/miniconda3/envs/lab13.1/lib/python3.9/site-packages/airflow/example_dags/example_short_circuit_decorator.py took 0.103 seconds
[2024-12-07T03:54:20.473-0300] {processor.py:186} INFO - Started process (PID=47311) to work on /home/crisu/miniconda3/envs/lab13.1/lib/python3.9/site-packages/airflow/example_dags/example_short_circuit_decorator.py
[2024-12-07T03:54:20.475-0300] {processor.py:914} INFO - Processing file /home/crisu/miniconda3/envs/lab13.1/lib/python3.9/site-packages/airflow/example_dags/example_short_circuit_decorator.py for tasks to queue
[2024-12-07T03:54:20.477-0300] {logging_mixin.py:190} INFO - [2024-12-07T03:54:20.477-0300] {dagbag.py:588} INFO - Filling up the DagBag from /home/crisu/miniconda3/envs/lab13.1/lib/python3.9/site-packages/airflow/example_dags/example_short_circuit_decorator.py
[2024-12-07T03:54:20.487-0300] {processor.py:925} INFO - DAG(s) 'example_short_circuit_decorator' retrieved from /home/crisu/miniconda3/envs/lab13.1/lib/python3.9/site-packages/airflow/example_dags/example_short_circuit_decorator.py
[2024-12-07T03:54:20.503-0300] {logging_mixin.py:190} INFO - [2024-12-07T03:54:20.503-0300] {dag.py:3239} INFO - Sync 1 DAGs
[2024-12-07T03:54:20.514-0300] {logging_mixin.py:190} INFO - [2024-12-07T03:54:20.514-0300] {dag.py:4180} INFO - Setting next_dagrun for example_short_circuit_decorator to None, run_after=None
[2024-12-07T03:54:20.574-0300] {processor.py:208} INFO - Processing /home/crisu/miniconda3/envs/lab13.1/lib/python3.9/site-packages/airflow/example_dags/example_short_circuit_decorator.py took 0.106 seconds
[2024-12-07T03:56:20.617-0300] {processor.py:186} INFO - Started process (PID=47559) to work on /home/crisu/miniconda3/envs/lab13.1/lib/python3.9/site-packages/airflow/example_dags/example_short_circuit_decorator.py
[2024-12-07T03:56:20.623-0300] {processor.py:914} INFO - Processing file /home/crisu/miniconda3/envs/lab13.1/lib/python3.9/site-packages/airflow/example_dags/example_short_circuit_decorator.py for tasks to queue
[2024-12-07T03:56:20.625-0300] {logging_mixin.py:190} INFO - [2024-12-07T03:56:20.625-0300] {dagbag.py:588} INFO - Filling up the DagBag from /home/crisu/miniconda3/envs/lab13.1/lib/python3.9/site-packages/airflow/example_dags/example_short_circuit_decorator.py
[2024-12-07T03:56:20.634-0300] {processor.py:925} INFO - DAG(s) 'example_short_circuit_decorator' retrieved from /home/crisu/miniconda3/envs/lab13.1/lib/python3.9/site-packages/airflow/example_dags/example_short_circuit_decorator.py
[2024-12-07T03:56:20.650-0300] {logging_mixin.py:190} INFO - [2024-12-07T03:56:20.650-0300] {dag.py:3239} INFO - Sync 1 DAGs
[2024-12-07T03:56:20.661-0300] {logging_mixin.py:190} INFO - [2024-12-07T03:56:20.661-0300] {dag.py:4180} INFO - Setting next_dagrun for example_short_circuit_decorator to None, run_after=None
[2024-12-07T03:56:20.725-0300] {processor.py:208} INFO - Processing /home/crisu/miniconda3/envs/lab13.1/lib/python3.9/site-packages/airflow/example_dags/example_short_circuit_decorator.py took 0.113 seconds
[2024-12-07T03:57:38.822-0300] {processor.py:186} INFO - Started process (PID=47696) to work on /home/crisu/miniconda3/envs/lab13.1/lib/python3.9/site-packages/airflow/example_dags/example_short_circuit_decorator.py
[2024-12-07T03:57:38.829-0300] {processor.py:914} INFO - Processing file /home/crisu/miniconda3/envs/lab13.1/lib/python3.9/site-packages/airflow/example_dags/example_short_circuit_decorator.py for tasks to queue
[2024-12-07T03:57:38.831-0300] {logging_mixin.py:190} INFO - [2024-12-07T03:57:38.831-0300] {dagbag.py:588} INFO - Filling up the DagBag from /home/crisu/miniconda3/envs/lab13.1/lib/python3.9/site-packages/airflow/example_dags/example_short_circuit_decorator.py
[2024-12-07T03:57:38.840-0300] {processor.py:925} INFO - DAG(s) 'example_short_circuit_decorator' retrieved from /home/crisu/miniconda3/envs/lab13.1/lib/python3.9/site-packages/airflow/example_dags/example_short_circuit_decorator.py
[2024-12-07T03:57:38.856-0300] {logging_mixin.py:190} INFO - [2024-12-07T03:57:38.856-0300] {dag.py:3239} INFO - Sync 1 DAGs
[2024-12-07T03:57:38.867-0300] {logging_mixin.py:190} INFO - [2024-12-07T03:57:38.867-0300] {dag.py:4180} INFO - Setting next_dagrun for example_short_circuit_decorator to None, run_after=None
[2024-12-07T03:57:38.929-0300] {processor.py:208} INFO - Processing /home/crisu/miniconda3/envs/lab13.1/lib/python3.9/site-packages/airflow/example_dags/example_short_circuit_decorator.py took 0.113 seconds
[2024-12-07T03:59:32.900-0300] {processor.py:186} INFO - Started process (PID=47964) to work on /home/crisu/miniconda3/envs/lab13.1/lib/python3.9/site-packages/airflow/example_dags/example_short_circuit_decorator.py
[2024-12-07T03:59:32.903-0300] {processor.py:914} INFO - Processing file /home/crisu/miniconda3/envs/lab13.1/lib/python3.9/site-packages/airflow/example_dags/example_short_circuit_decorator.py for tasks to queue
[2024-12-07T03:59:32.906-0300] {logging_mixin.py:190} INFO - [2024-12-07T03:59:32.905-0300] {dagbag.py:588} INFO - Filling up the DagBag from /home/crisu/miniconda3/envs/lab13.1/lib/python3.9/site-packages/airflow/example_dags/example_short_circuit_decorator.py
[2024-12-07T03:59:32.915-0300] {processor.py:925} INFO - DAG(s) 'example_short_circuit_decorator' retrieved from /home/crisu/miniconda3/envs/lab13.1/lib/python3.9/site-packages/airflow/example_dags/example_short_circuit_decorator.py
[2024-12-07T03:59:32.931-0300] {logging_mixin.py:190} INFO - [2024-12-07T03:59:32.931-0300] {dag.py:3239} INFO - Sync 1 DAGs
[2024-12-07T03:59:32.942-0300] {logging_mixin.py:190} INFO - [2024-12-07T03:59:32.941-0300] {dag.py:4180} INFO - Setting next_dagrun for example_short_circuit_decorator to None, run_after=None
[2024-12-07T03:59:32.998-0300] {processor.py:208} INFO - Processing /home/crisu/miniconda3/envs/lab13.1/lib/python3.9/site-packages/airflow/example_dags/example_short_circuit_decorator.py took 0.104 seconds
[2024-12-07T04:00:48.650-0300] {processor.py:186} INFO - Started process (PID=48108) to work on /home/crisu/miniconda3/envs/lab13.1/lib/python3.9/site-packages/airflow/example_dags/example_short_circuit_decorator.py
[2024-12-07T04:00:48.651-0300] {processor.py:914} INFO - Processing file /home/crisu/miniconda3/envs/lab13.1/lib/python3.9/site-packages/airflow/example_dags/example_short_circuit_decorator.py for tasks to queue
[2024-12-07T04:00:48.654-0300] {logging_mixin.py:190} INFO - [2024-12-07T04:00:48.654-0300] {dagbag.py:588} INFO - Filling up the DagBag from /home/crisu/miniconda3/envs/lab13.1/lib/python3.9/site-packages/airflow/example_dags/example_short_circuit_decorator.py
[2024-12-07T04:00:48.664-0300] {processor.py:925} INFO - DAG(s) 'example_short_circuit_decorator' retrieved from /home/crisu/miniconda3/envs/lab13.1/lib/python3.9/site-packages/airflow/example_dags/example_short_circuit_decorator.py
[2024-12-07T04:00:48.681-0300] {logging_mixin.py:190} INFO - [2024-12-07T04:00:48.681-0300] {dag.py:3239} INFO - Sync 1 DAGs
[2024-12-07T04:00:48.694-0300] {logging_mixin.py:190} INFO - [2024-12-07T04:00:48.693-0300] {dag.py:4180} INFO - Setting next_dagrun for example_short_circuit_decorator to None, run_after=None
[2024-12-07T04:00:48.768-0300] {processor.py:208} INFO - Processing /home/crisu/miniconda3/envs/lab13.1/lib/python3.9/site-packages/airflow/example_dags/example_short_circuit_decorator.py took 0.124 seconds
[2024-12-07T04:07:38.161-0300] {processor.py:186} INFO - Started process (PID=49157) to work on /home/crisu/miniconda3/envs/lab13.1/lib/python3.9/site-packages/airflow/example_dags/example_short_circuit_decorator.py
[2024-12-07T04:07:38.163-0300] {processor.py:914} INFO - Processing file /home/crisu/miniconda3/envs/lab13.1/lib/python3.9/site-packages/airflow/example_dags/example_short_circuit_decorator.py for tasks to queue
[2024-12-07T04:07:38.164-0300] {logging_mixin.py:190} INFO - [2024-12-07T04:07:38.164-0300] {dagbag.py:588} INFO - Filling up the DagBag from /home/crisu/miniconda3/envs/lab13.1/lib/python3.9/site-packages/airflow/example_dags/example_short_circuit_decorator.py
[2024-12-07T04:07:38.172-0300] {processor.py:925} INFO - DAG(s) 'example_short_circuit_decorator' retrieved from /home/crisu/miniconda3/envs/lab13.1/lib/python3.9/site-packages/airflow/example_dags/example_short_circuit_decorator.py
[2024-12-07T04:07:38.193-0300] {logging_mixin.py:190} INFO - [2024-12-07T04:07:38.193-0300] {dag.py:3239} INFO - Sync 1 DAGs
[2024-12-07T04:07:38.203-0300] {logging_mixin.py:190} INFO - [2024-12-07T04:07:38.203-0300] {dag.py:4180} INFO - Setting next_dagrun for example_short_circuit_decorator to None, run_after=None
[2024-12-07T04:07:38.727-0300] {processor.py:208} INFO - Processing /home/crisu/miniconda3/envs/lab13.1/lib/python3.9/site-packages/airflow/example_dags/example_short_circuit_decorator.py took 0.572 seconds
[2024-12-07T04:09:07.653-0300] {processor.py:186} INFO - Started process (PID=49385) to work on /home/crisu/miniconda3/envs/lab13.1/lib/python3.9/site-packages/airflow/example_dags/example_short_circuit_decorator.py
[2024-12-07T04:09:07.672-0300] {processor.py:914} INFO - Processing file /home/crisu/miniconda3/envs/lab13.1/lib/python3.9/site-packages/airflow/example_dags/example_short_circuit_decorator.py for tasks to queue
[2024-12-07T04:09:07.673-0300] {logging_mixin.py:190} INFO - [2024-12-07T04:09:07.673-0300] {dagbag.py:588} INFO - Filling up the DagBag from /home/crisu/miniconda3/envs/lab13.1/lib/python3.9/site-packages/airflow/example_dags/example_short_circuit_decorator.py
[2024-12-07T04:09:07.681-0300] {processor.py:925} INFO - DAG(s) 'example_short_circuit_decorator' retrieved from /home/crisu/miniconda3/envs/lab13.1/lib/python3.9/site-packages/airflow/example_dags/example_short_circuit_decorator.py
[2024-12-07T04:09:07.700-0300] {logging_mixin.py:190} INFO - [2024-12-07T04:09:07.700-0300] {dag.py:3239} INFO - Sync 1 DAGs
[2024-12-07T04:09:07.711-0300] {logging_mixin.py:190} INFO - [2024-12-07T04:09:07.711-0300] {dag.py:4180} INFO - Setting next_dagrun for example_short_circuit_decorator to None, run_after=None
[2024-12-07T04:09:08.354-0300] {processor.py:208} INFO - Processing /home/crisu/miniconda3/envs/lab13.1/lib/python3.9/site-packages/airflow/example_dags/example_short_circuit_decorator.py took 0.706 seconds
[2024-12-07T04:11:18.504-0300] {processor.py:186} INFO - Started process (PID=49581) to work on /home/crisu/miniconda3/envs/lab13.1/lib/python3.9/site-packages/airflow/example_dags/example_short_circuit_decorator.py
[2024-12-07T04:11:18.505-0300] {processor.py:914} INFO - Processing file /home/crisu/miniconda3/envs/lab13.1/lib/python3.9/site-packages/airflow/example_dags/example_short_circuit_decorator.py for tasks to queue
[2024-12-07T04:11:18.506-0300] {logging_mixin.py:190} INFO - [2024-12-07T04:11:18.506-0300] {dagbag.py:588} INFO - Filling up the DagBag from /home/crisu/miniconda3/envs/lab13.1/lib/python3.9/site-packages/airflow/example_dags/example_short_circuit_decorator.py
[2024-12-07T04:11:18.515-0300] {processor.py:925} INFO - DAG(s) 'example_short_circuit_decorator' retrieved from /home/crisu/miniconda3/envs/lab13.1/lib/python3.9/site-packages/airflow/example_dags/example_short_circuit_decorator.py
[2024-12-07T04:11:18.537-0300] {logging_mixin.py:190} INFO - [2024-12-07T04:11:18.537-0300] {dag.py:3239} INFO - Sync 1 DAGs
[2024-12-07T04:11:18.551-0300] {logging_mixin.py:190} INFO - [2024-12-07T04:11:18.550-0300] {dag.py:4180} INFO - Setting next_dagrun for example_short_circuit_decorator to None, run_after=None
[2024-12-07T04:11:18.615-0300] {processor.py:208} INFO - Processing /home/crisu/miniconda3/envs/lab13.1/lib/python3.9/site-packages/airflow/example_dags/example_short_circuit_decorator.py took 0.119 seconds
[2024-12-07T04:12:49.740-0300] {processor.py:186} INFO - Started process (PID=49722) to work on /home/crisu/miniconda3/envs/lab13.1/lib/python3.9/site-packages/airflow/example_dags/example_short_circuit_decorator.py
[2024-12-07T04:12:49.749-0300] {processor.py:914} INFO - Processing file /home/crisu/miniconda3/envs/lab13.1/lib/python3.9/site-packages/airflow/example_dags/example_short_circuit_decorator.py for tasks to queue
[2024-12-07T04:12:49.750-0300] {logging_mixin.py:190} INFO - [2024-12-07T04:12:49.750-0300] {dagbag.py:588} INFO - Filling up the DagBag from /home/crisu/miniconda3/envs/lab13.1/lib/python3.9/site-packages/airflow/example_dags/example_short_circuit_decorator.py
[2024-12-07T04:12:49.762-0300] {processor.py:925} INFO - DAG(s) 'example_short_circuit_decorator' retrieved from /home/crisu/miniconda3/envs/lab13.1/lib/python3.9/site-packages/airflow/example_dags/example_short_circuit_decorator.py
[2024-12-07T04:12:49.779-0300] {logging_mixin.py:190} INFO - [2024-12-07T04:12:49.778-0300] {dag.py:3239} INFO - Sync 1 DAGs
[2024-12-07T04:12:49.789-0300] {logging_mixin.py:190} INFO - [2024-12-07T04:12:49.788-0300] {dag.py:4180} INFO - Setting next_dagrun for example_short_circuit_decorator to None, run_after=None
[2024-12-07T04:12:49.865-0300] {processor.py:208} INFO - Processing /home/crisu/miniconda3/envs/lab13.1/lib/python3.9/site-packages/airflow/example_dags/example_short_circuit_decorator.py took 0.129 seconds
[2024-12-07T04:14:06.291-0300] {processor.py:186} INFO - Started process (PID=49876) to work on /home/crisu/miniconda3/envs/lab13.1/lib/python3.9/site-packages/airflow/example_dags/example_short_circuit_decorator.py
[2024-12-07T04:14:06.298-0300] {processor.py:914} INFO - Processing file /home/crisu/miniconda3/envs/lab13.1/lib/python3.9/site-packages/airflow/example_dags/example_short_circuit_decorator.py for tasks to queue
[2024-12-07T04:14:06.300-0300] {logging_mixin.py:190} INFO - [2024-12-07T04:14:06.299-0300] {dagbag.py:588} INFO - Filling up the DagBag from /home/crisu/miniconda3/envs/lab13.1/lib/python3.9/site-packages/airflow/example_dags/example_short_circuit_decorator.py
[2024-12-07T04:14:06.313-0300] {processor.py:925} INFO - DAG(s) 'example_short_circuit_decorator' retrieved from /home/crisu/miniconda3/envs/lab13.1/lib/python3.9/site-packages/airflow/example_dags/example_short_circuit_decorator.py
[2024-12-07T04:14:06.336-0300] {logging_mixin.py:190} INFO - [2024-12-07T04:14:06.335-0300] {dag.py:3239} INFO - Sync 1 DAGs
[2024-12-07T04:14:06.351-0300] {logging_mixin.py:190} INFO - [2024-12-07T04:14:06.351-0300] {dag.py:4180} INFO - Setting next_dagrun for example_short_circuit_decorator to None, run_after=None
[2024-12-07T04:14:06.413-0300] {processor.py:208} INFO - Processing /home/crisu/miniconda3/envs/lab13.1/lib/python3.9/site-packages/airflow/example_dags/example_short_circuit_decorator.py took 0.129 seconds
[2024-12-07T04:15:23.969-0300] {processor.py:186} INFO - Started process (PID=50011) to work on /home/crisu/miniconda3/envs/lab13.1/lib/python3.9/site-packages/airflow/example_dags/example_short_circuit_decorator.py
[2024-12-07T04:15:23.978-0300] {processor.py:914} INFO - Processing file /home/crisu/miniconda3/envs/lab13.1/lib/python3.9/site-packages/airflow/example_dags/example_short_circuit_decorator.py for tasks to queue
[2024-12-07T04:15:23.979-0300] {logging_mixin.py:190} INFO - [2024-12-07T04:15:23.979-0300] {dagbag.py:588} INFO - Filling up the DagBag from /home/crisu/miniconda3/envs/lab13.1/lib/python3.9/site-packages/airflow/example_dags/example_short_circuit_decorator.py
[2024-12-07T04:15:23.987-0300] {processor.py:925} INFO - DAG(s) 'example_short_circuit_decorator' retrieved from /home/crisu/miniconda3/envs/lab13.1/lib/python3.9/site-packages/airflow/example_dags/example_short_circuit_decorator.py
[2024-12-07T04:15:24.002-0300] {logging_mixin.py:190} INFO - [2024-12-07T04:15:24.002-0300] {dag.py:3239} INFO - Sync 1 DAGs
[2024-12-07T04:15:24.012-0300] {logging_mixin.py:190} INFO - [2024-12-07T04:15:24.012-0300] {dag.py:4180} INFO - Setting next_dagrun for example_short_circuit_decorator to None, run_after=None
[2024-12-07T04:15:24.098-0300] {processor.py:208} INFO - Processing /home/crisu/miniconda3/envs/lab13.1/lib/python3.9/site-packages/airflow/example_dags/example_short_circuit_decorator.py took 0.137 seconds
