[2024-12-07T01:52:53.412-0300] {processor.py:186} INFO - Started process (PID=34034) to work on /home/crisu/miniconda3/envs/lab13.1/lib/python3.9/site-packages/airflow/example_dags/example_python_decorator.py
[2024-12-07T01:52:53.413-0300] {processor.py:914} INFO - Processing file /home/crisu/miniconda3/envs/lab13.1/lib/python3.9/site-packages/airflow/example_dags/example_python_decorator.py for tasks to queue
[2024-12-07T01:52:53.415-0300] {logging_mixin.py:190} INFO - [2024-12-07T01:52:53.415-0300] {dagbag.py:588} INFO - Filling up the DagBag from /home/crisu/miniconda3/envs/lab13.1/lib/python3.9/site-packages/airflow/example_dags/example_python_decorator.py
[2024-12-07T01:52:53.423-0300] {logging_mixin.py:190} INFO - [2024-12-07T01:52:53.423-0300] {example_python_decorator.py:80} WARNING - The virtalenv_python example task requires virtualenv, please install it.
[2024-12-07T01:52:53.425-0300] {processor.py:925} INFO - DAG(s) 'example_python_decorator' retrieved from /home/crisu/miniconda3/envs/lab13.1/lib/python3.9/site-packages/airflow/example_dags/example_python_decorator.py
[2024-12-07T01:52:53.614-0300] {logging_mixin.py:190} INFO - [2024-12-07T01:52:53.613-0300] {override.py:1911} INFO - Created Permission View: can delete on DAG:example_python_decorator
[2024-12-07T01:52:53.670-0300] {logging_mixin.py:190} INFO - [2024-12-07T01:52:53.670-0300] {override.py:1911} INFO - Created Permission View: can edit on DAG:example_python_decorator
[2024-12-07T01:52:53.804-0300] {logging_mixin.py:190} INFO - [2024-12-07T01:52:53.803-0300] {override.py:1911} INFO - Created Permission View: can read on DAG:example_python_decorator
[2024-12-07T01:52:53.895-0300] {logging_mixin.py:190} INFO - [2024-12-07T01:52:53.895-0300] {override.py:1911} INFO - Created Permission View: menu access on DAG Run:example_python_decorator
[2024-12-07T01:52:53.963-0300] {logging_mixin.py:190} INFO - [2024-12-07T01:52:53.962-0300] {override.py:1911} INFO - Created Permission View: can delete on DAG Run:example_python_decorator
[2024-12-07T01:52:54.008-0300] {logging_mixin.py:190} INFO - [2024-12-07T01:52:54.007-0300] {override.py:1911} INFO - Created Permission View: can read on DAG Run:example_python_decorator
[2024-12-07T01:52:54.053-0300] {logging_mixin.py:190} INFO - [2024-12-07T01:52:54.053-0300] {override.py:1911} INFO - Created Permission View: can create on DAG Run:example_python_decorator
[2024-12-07T01:52:54.053-0300] {logging_mixin.py:190} INFO - [2024-12-07T01:52:54.053-0300] {dag.py:3239} INFO - Sync 1 DAGs
[2024-12-07T01:52:54.065-0300] {logging_mixin.py:190} INFO - [2024-12-07T01:52:54.064-0300] {dag.py:3262} INFO - Creating ORM DAG for example_python_decorator
[2024-12-07T01:52:54.065-0300] {logging_mixin.py:190} INFO - [2024-12-07T01:52:54.065-0300] {dag.py:4180} INFO - Setting next_dagrun for example_python_decorator to None, run_after=None
[2024-12-07T01:52:54.128-0300] {processor.py:208} INFO - Processing /home/crisu/miniconda3/envs/lab13.1/lib/python3.9/site-packages/airflow/example_dags/example_python_decorator.py took 0.721 seconds
[2024-12-07T02:07:51.921-0300] {processor.py:186} INFO - Started process (PID=35385) to work on /home/crisu/miniconda3/envs/lab13.1/lib/python3.9/site-packages/airflow/example_dags/example_python_decorator.py
[2024-12-07T02:07:51.922-0300] {processor.py:914} INFO - Processing file /home/crisu/miniconda3/envs/lab13.1/lib/python3.9/site-packages/airflow/example_dags/example_python_decorator.py for tasks to queue
[2024-12-07T02:07:51.923-0300] {logging_mixin.py:190} INFO - [2024-12-07T02:07:51.923-0300] {dagbag.py:588} INFO - Filling up the DagBag from /home/crisu/miniconda3/envs/lab13.1/lib/python3.9/site-packages/airflow/example_dags/example_python_decorator.py
[2024-12-07T02:07:51.932-0300] {logging_mixin.py:190} INFO - [2024-12-07T02:07:51.931-0300] {example_python_decorator.py:80} WARNING - The virtalenv_python example task requires virtualenv, please install it.
[2024-12-07T02:07:51.934-0300] {processor.py:925} INFO - DAG(s) 'example_python_decorator' retrieved from /home/crisu/miniconda3/envs/lab13.1/lib/python3.9/site-packages/airflow/example_dags/example_python_decorator.py
[2024-12-07T02:07:51.950-0300] {logging_mixin.py:190} INFO - [2024-12-07T02:07:51.950-0300] {dag.py:3239} INFO - Sync 1 DAGs
[2024-12-07T02:07:51.961-0300] {logging_mixin.py:190} INFO - [2024-12-07T02:07:51.961-0300] {dag.py:4180} INFO - Setting next_dagrun for example_python_decorator to None, run_after=None
[2024-12-07T02:07:52.020-0300] {processor.py:208} INFO - Processing /home/crisu/miniconda3/envs/lab13.1/lib/python3.9/site-packages/airflow/example_dags/example_python_decorator.py took 0.105 seconds
[2024-12-07T02:11:40.079-0300] {processor.py:186} INFO - Started process (PID=35918) to work on /home/crisu/miniconda3/envs/lab13.1/lib/python3.9/site-packages/airflow/example_dags/example_python_decorator.py
[2024-12-07T02:11:40.081-0300] {processor.py:914} INFO - Processing file /home/crisu/miniconda3/envs/lab13.1/lib/python3.9/site-packages/airflow/example_dags/example_python_decorator.py for tasks to queue
[2024-12-07T02:11:40.082-0300] {logging_mixin.py:190} INFO - [2024-12-07T02:11:40.082-0300] {dagbag.py:588} INFO - Filling up the DagBag from /home/crisu/miniconda3/envs/lab13.1/lib/python3.9/site-packages/airflow/example_dags/example_python_decorator.py
[2024-12-07T02:11:40.091-0300] {logging_mixin.py:190} INFO - [2024-12-07T02:11:40.091-0300] {example_python_decorator.py:80} WARNING - The virtalenv_python example task requires virtualenv, please install it.
[2024-12-07T02:11:40.093-0300] {processor.py:925} INFO - DAG(s) 'example_python_decorator' retrieved from /home/crisu/miniconda3/envs/lab13.1/lib/python3.9/site-packages/airflow/example_dags/example_python_decorator.py
[2024-12-07T02:11:40.108-0300] {logging_mixin.py:190} INFO - [2024-12-07T02:11:40.107-0300] {dag.py:3239} INFO - Sync 1 DAGs
[2024-12-07T02:11:40.119-0300] {logging_mixin.py:190} INFO - [2024-12-07T02:11:40.119-0300] {dag.py:4180} INFO - Setting next_dagrun for example_python_decorator to None, run_after=None
[2024-12-07T02:11:40.801-0300] {processor.py:208} INFO - Processing /home/crisu/miniconda3/envs/lab13.1/lib/python3.9/site-packages/airflow/example_dags/example_python_decorator.py took 0.729 seconds
[2024-12-07T02:12:51.860-0300] {processor.py:186} INFO - Started process (PID=36022) to work on /home/crisu/miniconda3/envs/lab13.1/lib/python3.9/site-packages/airflow/example_dags/example_python_decorator.py
[2024-12-07T02:12:51.873-0300] {processor.py:914} INFO - Processing file /home/crisu/miniconda3/envs/lab13.1/lib/python3.9/site-packages/airflow/example_dags/example_python_decorator.py for tasks to queue
[2024-12-07T02:12:51.875-0300] {logging_mixin.py:190} INFO - [2024-12-07T02:12:51.874-0300] {dagbag.py:588} INFO - Filling up the DagBag from /home/crisu/miniconda3/envs/lab13.1/lib/python3.9/site-packages/airflow/example_dags/example_python_decorator.py
[2024-12-07T02:12:51.882-0300] {logging_mixin.py:190} INFO - [2024-12-07T02:12:51.882-0300] {example_python_decorator.py:80} WARNING - The virtalenv_python example task requires virtualenv, please install it.
[2024-12-07T02:12:51.884-0300] {processor.py:925} INFO - DAG(s) 'example_python_decorator' retrieved from /home/crisu/miniconda3/envs/lab13.1/lib/python3.9/site-packages/airflow/example_dags/example_python_decorator.py
[2024-12-07T02:12:51.900-0300] {logging_mixin.py:190} INFO - [2024-12-07T02:12:51.900-0300] {dag.py:3239} INFO - Sync 1 DAGs
[2024-12-07T02:12:51.913-0300] {logging_mixin.py:190} INFO - [2024-12-07T02:12:51.913-0300] {dag.py:4180} INFO - Setting next_dagrun for example_python_decorator to None, run_after=None
[2024-12-07T02:12:51.975-0300] {processor.py:208} INFO - Processing /home/crisu/miniconda3/envs/lab13.1/lib/python3.9/site-packages/airflow/example_dags/example_python_decorator.py took 0.124 seconds
[2024-12-07T02:15:39.603-0300] {processor.py:186} INFO - Started process (PID=36383) to work on /home/crisu/miniconda3/envs/lab13.1/lib/python3.9/site-packages/airflow/example_dags/example_python_decorator.py
[2024-12-07T02:15:39.612-0300] {processor.py:914} INFO - Processing file /home/crisu/miniconda3/envs/lab13.1/lib/python3.9/site-packages/airflow/example_dags/example_python_decorator.py for tasks to queue
[2024-12-07T02:15:39.614-0300] {logging_mixin.py:190} INFO - [2024-12-07T02:15:39.614-0300] {dagbag.py:588} INFO - Filling up the DagBag from /home/crisu/miniconda3/envs/lab13.1/lib/python3.9/site-packages/airflow/example_dags/example_python_decorator.py
[2024-12-07T02:15:39.623-0300] {logging_mixin.py:190} INFO - [2024-12-07T02:15:39.623-0300] {example_python_decorator.py:80} WARNING - The virtalenv_python example task requires virtualenv, please install it.
[2024-12-07T02:15:39.625-0300] {processor.py:925} INFO - DAG(s) 'example_python_decorator' retrieved from /home/crisu/miniconda3/envs/lab13.1/lib/python3.9/site-packages/airflow/example_dags/example_python_decorator.py
[2024-12-07T02:15:39.640-0300] {logging_mixin.py:190} INFO - [2024-12-07T02:15:39.640-0300] {dag.py:3239} INFO - Sync 1 DAGs
[2024-12-07T02:15:39.654-0300] {logging_mixin.py:190} INFO - [2024-12-07T02:15:39.653-0300] {dag.py:4180} INFO - Setting next_dagrun for example_python_decorator to None, run_after=None
[2024-12-07T02:15:39.715-0300] {processor.py:208} INFO - Processing /home/crisu/miniconda3/envs/lab13.1/lib/python3.9/site-packages/airflow/example_dags/example_python_decorator.py took 0.120 seconds
[2024-12-07T02:17:15.197-0300] {processor.py:186} INFO - Started process (PID=36534) to work on /home/crisu/miniconda3/envs/lab13.1/lib/python3.9/site-packages/airflow/example_dags/example_python_decorator.py
[2024-12-07T02:17:15.198-0300] {processor.py:914} INFO - Processing file /home/crisu/miniconda3/envs/lab13.1/lib/python3.9/site-packages/airflow/example_dags/example_python_decorator.py for tasks to queue
[2024-12-07T02:17:15.200-0300] {logging_mixin.py:190} INFO - [2024-12-07T02:17:15.200-0300] {dagbag.py:588} INFO - Filling up the DagBag from /home/crisu/miniconda3/envs/lab13.1/lib/python3.9/site-packages/airflow/example_dags/example_python_decorator.py
[2024-12-07T02:17:15.208-0300] {logging_mixin.py:190} INFO - [2024-12-07T02:17:15.208-0300] {example_python_decorator.py:80} WARNING - The virtalenv_python example task requires virtualenv, please install it.
[2024-12-07T02:17:15.210-0300] {processor.py:925} INFO - DAG(s) 'example_python_decorator' retrieved from /home/crisu/miniconda3/envs/lab13.1/lib/python3.9/site-packages/airflow/example_dags/example_python_decorator.py
[2024-12-07T02:17:15.225-0300] {logging_mixin.py:190} INFO - [2024-12-07T02:17:15.224-0300] {dag.py:3239} INFO - Sync 1 DAGs
[2024-12-07T02:17:15.235-0300] {logging_mixin.py:190} INFO - [2024-12-07T02:17:15.235-0300] {dag.py:4180} INFO - Setting next_dagrun for example_python_decorator to None, run_after=None
[2024-12-07T02:17:15.309-0300] {processor.py:208} INFO - Processing /home/crisu/miniconda3/envs/lab13.1/lib/python3.9/site-packages/airflow/example_dags/example_python_decorator.py took 0.119 seconds
[2024-12-07T02:18:43.702-0300] {processor.py:186} INFO - Started process (PID=36739) to work on /home/crisu/miniconda3/envs/lab13.1/lib/python3.9/site-packages/airflow/example_dags/example_python_decorator.py
[2024-12-07T02:18:43.703-0300] {processor.py:914} INFO - Processing file /home/crisu/miniconda3/envs/lab13.1/lib/python3.9/site-packages/airflow/example_dags/example_python_decorator.py for tasks to queue
[2024-12-07T02:18:43.705-0300] {logging_mixin.py:190} INFO - [2024-12-07T02:18:43.705-0300] {dagbag.py:588} INFO - Filling up the DagBag from /home/crisu/miniconda3/envs/lab13.1/lib/python3.9/site-packages/airflow/example_dags/example_python_decorator.py
[2024-12-07T02:18:43.713-0300] {logging_mixin.py:190} INFO - [2024-12-07T02:18:43.713-0300] {example_python_decorator.py:80} WARNING - The virtalenv_python example task requires virtualenv, please install it.
[2024-12-07T02:18:43.715-0300] {processor.py:925} INFO - DAG(s) 'example_python_decorator' retrieved from /home/crisu/miniconda3/envs/lab13.1/lib/python3.9/site-packages/airflow/example_dags/example_python_decorator.py
[2024-12-07T02:18:43.732-0300] {logging_mixin.py:190} INFO - [2024-12-07T02:18:43.732-0300] {dag.py:3239} INFO - Sync 1 DAGs
[2024-12-07T02:18:43.742-0300] {logging_mixin.py:190} INFO - [2024-12-07T02:18:43.742-0300] {dag.py:4180} INFO - Setting next_dagrun for example_python_decorator to None, run_after=None
[2024-12-07T02:18:43.833-0300] {processor.py:208} INFO - Processing /home/crisu/miniconda3/envs/lab13.1/lib/python3.9/site-packages/airflow/example_dags/example_python_decorator.py took 0.138 seconds
[2024-12-07T02:31:15.811-0300] {processor.py:186} INFO - Started process (PID=37988) to work on /home/crisu/miniconda3/envs/lab13.1/lib/python3.9/site-packages/airflow/example_dags/example_python_decorator.py
[2024-12-07T02:31:15.829-0300] {processor.py:914} INFO - Processing file /home/crisu/miniconda3/envs/lab13.1/lib/python3.9/site-packages/airflow/example_dags/example_python_decorator.py for tasks to queue
[2024-12-07T02:31:15.830-0300] {logging_mixin.py:190} INFO - [2024-12-07T02:31:15.830-0300] {dagbag.py:588} INFO - Filling up the DagBag from /home/crisu/miniconda3/envs/lab13.1/lib/python3.9/site-packages/airflow/example_dags/example_python_decorator.py
[2024-12-07T02:31:15.838-0300] {logging_mixin.py:190} INFO - [2024-12-07T02:31:15.838-0300] {example_python_decorator.py:80} WARNING - The virtalenv_python example task requires virtualenv, please install it.
[2024-12-07T02:31:15.840-0300] {processor.py:925} INFO - DAG(s) 'example_python_decorator' retrieved from /home/crisu/miniconda3/envs/lab13.1/lib/python3.9/site-packages/airflow/example_dags/example_python_decorator.py
[2024-12-07T02:31:15.856-0300] {logging_mixin.py:190} INFO - [2024-12-07T02:31:15.856-0300] {dag.py:3239} INFO - Sync 1 DAGs
[2024-12-07T02:31:15.867-0300] {logging_mixin.py:190} INFO - [2024-12-07T02:31:15.867-0300] {dag.py:4180} INFO - Setting next_dagrun for example_python_decorator to None, run_after=None
[2024-12-07T02:31:16.017-0300] {processor.py:208} INFO - Processing /home/crisu/miniconda3/envs/lab13.1/lib/python3.9/site-packages/airflow/example_dags/example_python_decorator.py took 0.211 seconds
[2024-12-07T02:33:45.399-0300] {processor.py:186} INFO - Started process (PID=38210) to work on /home/crisu/miniconda3/envs/lab13.1/lib/python3.9/site-packages/airflow/example_dags/example_python_decorator.py
[2024-12-07T02:33:45.424-0300] {processor.py:914} INFO - Processing file /home/crisu/miniconda3/envs/lab13.1/lib/python3.9/site-packages/airflow/example_dags/example_python_decorator.py for tasks to queue
[2024-12-07T02:33:45.426-0300] {logging_mixin.py:190} INFO - [2024-12-07T02:33:45.426-0300] {dagbag.py:588} INFO - Filling up the DagBag from /home/crisu/miniconda3/envs/lab13.1/lib/python3.9/site-packages/airflow/example_dags/example_python_decorator.py
[2024-12-07T02:33:45.434-0300] {logging_mixin.py:190} INFO - [2024-12-07T02:33:45.434-0300] {example_python_decorator.py:80} WARNING - The virtalenv_python example task requires virtualenv, please install it.
[2024-12-07T02:33:45.436-0300] {processor.py:925} INFO - DAG(s) 'example_python_decorator' retrieved from /home/crisu/miniconda3/envs/lab13.1/lib/python3.9/site-packages/airflow/example_dags/example_python_decorator.py
[2024-12-07T02:33:45.451-0300] {logging_mixin.py:190} INFO - [2024-12-07T02:33:45.451-0300] {dag.py:3239} INFO - Sync 1 DAGs
[2024-12-07T02:33:45.462-0300] {logging_mixin.py:190} INFO - [2024-12-07T02:33:45.461-0300] {dag.py:4180} INFO - Setting next_dagrun for example_python_decorator to None, run_after=None
[2024-12-07T02:33:45.538-0300] {processor.py:208} INFO - Processing /home/crisu/miniconda3/envs/lab13.1/lib/python3.9/site-packages/airflow/example_dags/example_python_decorator.py took 0.144 seconds
[2024-12-07T02:36:16.710-0300] {processor.py:186} INFO - Started process (PID=38507) to work on /home/crisu/miniconda3/envs/lab13.1/lib/python3.9/site-packages/airflow/example_dags/example_python_decorator.py
[2024-12-07T02:36:16.726-0300] {processor.py:914} INFO - Processing file /home/crisu/miniconda3/envs/lab13.1/lib/python3.9/site-packages/airflow/example_dags/example_python_decorator.py for tasks to queue
[2024-12-07T02:36:16.729-0300] {logging_mixin.py:190} INFO - [2024-12-07T02:36:16.728-0300] {dagbag.py:588} INFO - Filling up the DagBag from /home/crisu/miniconda3/envs/lab13.1/lib/python3.9/site-packages/airflow/example_dags/example_python_decorator.py
[2024-12-07T02:36:16.738-0300] {logging_mixin.py:190} INFO - [2024-12-07T02:36:16.738-0300] {example_python_decorator.py:80} WARNING - The virtalenv_python example task requires virtualenv, please install it.
[2024-12-07T02:36:16.741-0300] {processor.py:925} INFO - DAG(s) 'example_python_decorator' retrieved from /home/crisu/miniconda3/envs/lab13.1/lib/python3.9/site-packages/airflow/example_dags/example_python_decorator.py
[2024-12-07T02:36:16.756-0300] {logging_mixin.py:190} INFO - [2024-12-07T02:36:16.755-0300] {dag.py:3239} INFO - Sync 1 DAGs
[2024-12-07T02:36:16.766-0300] {logging_mixin.py:190} INFO - [2024-12-07T02:36:16.766-0300] {dag.py:4180} INFO - Setting next_dagrun for example_python_decorator to None, run_after=None
[2024-12-07T02:36:16.842-0300] {processor.py:208} INFO - Processing /home/crisu/miniconda3/envs/lab13.1/lib/python3.9/site-packages/airflow/example_dags/example_python_decorator.py took 0.137 seconds
[2024-12-07T02:39:09.418-0300] {processor.py:186} INFO - Started process (PID=38782) to work on /home/crisu/miniconda3/envs/lab13.1/lib/python3.9/site-packages/airflow/example_dags/example_python_decorator.py
[2024-12-07T02:39:09.453-0300] {processor.py:914} INFO - Processing file /home/crisu/miniconda3/envs/lab13.1/lib/python3.9/site-packages/airflow/example_dags/example_python_decorator.py for tasks to queue
[2024-12-07T02:39:09.455-0300] {logging_mixin.py:190} INFO - [2024-12-07T02:39:09.454-0300] {dagbag.py:588} INFO - Filling up the DagBag from /home/crisu/miniconda3/envs/lab13.1/lib/python3.9/site-packages/airflow/example_dags/example_python_decorator.py
[2024-12-07T02:39:09.463-0300] {logging_mixin.py:190} INFO - [2024-12-07T02:39:09.463-0300] {example_python_decorator.py:80} WARNING - The virtalenv_python example task requires virtualenv, please install it.
[2024-12-07T02:39:09.465-0300] {processor.py:925} INFO - DAG(s) 'example_python_decorator' retrieved from /home/crisu/miniconda3/envs/lab13.1/lib/python3.9/site-packages/airflow/example_dags/example_python_decorator.py
[2024-12-07T02:39:09.479-0300] {logging_mixin.py:190} INFO - [2024-12-07T02:39:09.479-0300] {dag.py:3239} INFO - Sync 1 DAGs
[2024-12-07T02:39:09.490-0300] {logging_mixin.py:190} INFO - [2024-12-07T02:39:09.490-0300] {dag.py:4180} INFO - Setting next_dagrun for example_python_decorator to None, run_after=None
[2024-12-07T02:39:10.047-0300] {processor.py:208} INFO - Processing /home/crisu/miniconda3/envs/lab13.1/lib/python3.9/site-packages/airflow/example_dags/example_python_decorator.py took 0.634 seconds
[2024-12-07T02:40:32.679-0300] {processor.py:186} INFO - Started process (PID=38891) to work on /home/crisu/miniconda3/envs/lab13.1/lib/python3.9/site-packages/airflow/example_dags/example_python_decorator.py
[2024-12-07T02:40:32.686-0300] {processor.py:914} INFO - Processing file /home/crisu/miniconda3/envs/lab13.1/lib/python3.9/site-packages/airflow/example_dags/example_python_decorator.py for tasks to queue
[2024-12-07T02:40:32.688-0300] {logging_mixin.py:190} INFO - [2024-12-07T02:40:32.688-0300] {dagbag.py:588} INFO - Filling up the DagBag from /home/crisu/miniconda3/envs/lab13.1/lib/python3.9/site-packages/airflow/example_dags/example_python_decorator.py
[2024-12-07T02:40:32.696-0300] {logging_mixin.py:190} INFO - [2024-12-07T02:40:32.696-0300] {example_python_decorator.py:80} WARNING - The virtalenv_python example task requires virtualenv, please install it.
[2024-12-07T02:40:32.698-0300] {processor.py:925} INFO - DAG(s) 'example_python_decorator' retrieved from /home/crisu/miniconda3/envs/lab13.1/lib/python3.9/site-packages/airflow/example_dags/example_python_decorator.py
[2024-12-07T02:40:32.712-0300] {logging_mixin.py:190} INFO - [2024-12-07T02:40:32.712-0300] {dag.py:3239} INFO - Sync 1 DAGs
[2024-12-07T02:40:32.723-0300] {logging_mixin.py:190} INFO - [2024-12-07T02:40:32.723-0300] {dag.py:4180} INFO - Setting next_dagrun for example_python_decorator to None, run_after=None
[2024-12-07T02:40:32.778-0300] {processor.py:208} INFO - Processing /home/crisu/miniconda3/envs/lab13.1/lib/python3.9/site-packages/airflow/example_dags/example_python_decorator.py took 0.105 seconds
[2024-12-07T02:41:46.340-0300] {processor.py:186} INFO - Started process (PID=39015) to work on /home/crisu/miniconda3/envs/lab13.1/lib/python3.9/site-packages/airflow/example_dags/example_python_decorator.py
[2024-12-07T02:41:46.346-0300] {processor.py:914} INFO - Processing file /home/crisu/miniconda3/envs/lab13.1/lib/python3.9/site-packages/airflow/example_dags/example_python_decorator.py for tasks to queue
[2024-12-07T02:41:46.348-0300] {logging_mixin.py:190} INFO - [2024-12-07T02:41:46.348-0300] {dagbag.py:588} INFO - Filling up the DagBag from /home/crisu/miniconda3/envs/lab13.1/lib/python3.9/site-packages/airflow/example_dags/example_python_decorator.py
[2024-12-07T02:41:46.356-0300] {logging_mixin.py:190} INFO - [2024-12-07T02:41:46.356-0300] {example_python_decorator.py:80} WARNING - The virtalenv_python example task requires virtualenv, please install it.
[2024-12-07T02:41:46.358-0300] {processor.py:925} INFO - DAG(s) 'example_python_decorator' retrieved from /home/crisu/miniconda3/envs/lab13.1/lib/python3.9/site-packages/airflow/example_dags/example_python_decorator.py
[2024-12-07T02:41:46.373-0300] {logging_mixin.py:190} INFO - [2024-12-07T02:41:46.372-0300] {dag.py:3239} INFO - Sync 1 DAGs
[2024-12-07T02:41:46.472-0300] {logging_mixin.py:190} INFO - [2024-12-07T02:41:46.472-0300] {dag.py:4180} INFO - Setting next_dagrun for example_python_decorator to None, run_after=None
[2024-12-07T02:41:46.553-0300] {processor.py:208} INFO - Processing /home/crisu/miniconda3/envs/lab13.1/lib/python3.9/site-packages/airflow/example_dags/example_python_decorator.py took 0.219 seconds
[2024-12-07T02:44:54.449-0300] {processor.py:186} INFO - Started process (PID=39711) to work on /home/crisu/miniconda3/envs/lab13.1/lib/python3.9/site-packages/airflow/example_dags/example_python_decorator.py
[2024-12-07T02:44:54.452-0300] {processor.py:914} INFO - Processing file /home/crisu/miniconda3/envs/lab13.1/lib/python3.9/site-packages/airflow/example_dags/example_python_decorator.py for tasks to queue
[2024-12-07T02:44:54.455-0300] {logging_mixin.py:190} INFO - [2024-12-07T02:44:54.454-0300] {dagbag.py:588} INFO - Filling up the DagBag from /home/crisu/miniconda3/envs/lab13.1/lib/python3.9/site-packages/airflow/example_dags/example_python_decorator.py
[2024-12-07T02:44:54.482-0300] {logging_mixin.py:190} INFO - [2024-12-07T02:44:54.482-0300] {example_python_decorator.py:80} WARNING - The virtalenv_python example task requires virtualenv, please install it.
[2024-12-07T02:44:54.484-0300] {processor.py:925} INFO - DAG(s) 'example_python_decorator' retrieved from /home/crisu/miniconda3/envs/lab13.1/lib/python3.9/site-packages/airflow/example_dags/example_python_decorator.py
[2024-12-07T02:44:54.505-0300] {logging_mixin.py:190} INFO - [2024-12-07T02:44:54.505-0300] {dag.py:3239} INFO - Sync 1 DAGs
[2024-12-07T02:44:54.520-0300] {logging_mixin.py:190} INFO - [2024-12-07T02:44:54.520-0300] {dag.py:4180} INFO - Setting next_dagrun for example_python_decorator to None, run_after=None
[2024-12-07T02:44:54.580-0300] {processor.py:208} INFO - Processing /home/crisu/miniconda3/envs/lab13.1/lib/python3.9/site-packages/airflow/example_dags/example_python_decorator.py took 0.140 seconds
[2024-12-07T02:46:33.463-0300] {processor.py:186} INFO - Started process (PID=40000) to work on /home/crisu/miniconda3/envs/lab13.1/lib/python3.9/site-packages/airflow/example_dags/example_python_decorator.py
[2024-12-07T02:46:33.474-0300] {processor.py:914} INFO - Processing file /home/crisu/miniconda3/envs/lab13.1/lib/python3.9/site-packages/airflow/example_dags/example_python_decorator.py for tasks to queue
[2024-12-07T02:46:33.476-0300] {logging_mixin.py:190} INFO - [2024-12-07T02:46:33.476-0300] {dagbag.py:588} INFO - Filling up the DagBag from /home/crisu/miniconda3/envs/lab13.1/lib/python3.9/site-packages/airflow/example_dags/example_python_decorator.py
[2024-12-07T02:46:33.485-0300] {logging_mixin.py:190} INFO - [2024-12-07T02:46:33.485-0300] {example_python_decorator.py:80} WARNING - The virtalenv_python example task requires virtualenv, please install it.
[2024-12-07T02:46:33.487-0300] {processor.py:925} INFO - DAG(s) 'example_python_decorator' retrieved from /home/crisu/miniconda3/envs/lab13.1/lib/python3.9/site-packages/airflow/example_dags/example_python_decorator.py
[2024-12-07T02:46:33.504-0300] {logging_mixin.py:190} INFO - [2024-12-07T02:46:33.503-0300] {dag.py:3239} INFO - Sync 1 DAGs
[2024-12-07T02:46:33.514-0300] {logging_mixin.py:190} INFO - [2024-12-07T02:46:33.514-0300] {dag.py:4180} INFO - Setting next_dagrun for example_python_decorator to None, run_after=None
[2024-12-07T02:46:33.678-0300] {processor.py:208} INFO - Processing /home/crisu/miniconda3/envs/lab13.1/lib/python3.9/site-packages/airflow/example_dags/example_python_decorator.py took 0.220 seconds
[2024-12-07T02:48:06.508-0300] {processor.py:186} INFO - Started process (PID=40313) to work on /home/crisu/miniconda3/envs/lab13.1/lib/python3.9/site-packages/airflow/example_dags/example_python_decorator.py
[2024-12-07T02:48:06.612-0300] {processor.py:914} INFO - Processing file /home/crisu/miniconda3/envs/lab13.1/lib/python3.9/site-packages/airflow/example_dags/example_python_decorator.py for tasks to queue
[2024-12-07T02:48:06.614-0300] {logging_mixin.py:190} INFO - [2024-12-07T02:48:06.614-0300] {dagbag.py:588} INFO - Filling up the DagBag from /home/crisu/miniconda3/envs/lab13.1/lib/python3.9/site-packages/airflow/example_dags/example_python_decorator.py
[2024-12-07T02:48:06.622-0300] {logging_mixin.py:190} INFO - [2024-12-07T02:48:06.622-0300] {example_python_decorator.py:80} WARNING - The virtalenv_python example task requires virtualenv, please install it.
[2024-12-07T02:48:06.625-0300] {processor.py:925} INFO - DAG(s) 'example_python_decorator' retrieved from /home/crisu/miniconda3/envs/lab13.1/lib/python3.9/site-packages/airflow/example_dags/example_python_decorator.py
[2024-12-07T02:48:06.642-0300] {logging_mixin.py:190} INFO - [2024-12-07T02:48:06.642-0300] {dag.py:3239} INFO - Sync 1 DAGs
[2024-12-07T02:48:06.654-0300] {logging_mixin.py:190} INFO - [2024-12-07T02:48:06.653-0300] {dag.py:4180} INFO - Setting next_dagrun for example_python_decorator to None, run_after=None
[2024-12-07T02:48:08.047-0300] {processor.py:208} INFO - Processing /home/crisu/miniconda3/envs/lab13.1/lib/python3.9/site-packages/airflow/example_dags/example_python_decorator.py took 1.545 seconds
[2024-12-07T02:50:15.000-0300] {processor.py:186} INFO - Started process (PID=40802) to work on /home/crisu/miniconda3/envs/lab13.1/lib/python3.9/site-packages/airflow/example_dags/example_python_decorator.py
[2024-12-07T02:50:15.012-0300] {processor.py:914} INFO - Processing file /home/crisu/miniconda3/envs/lab13.1/lib/python3.9/site-packages/airflow/example_dags/example_python_decorator.py for tasks to queue
[2024-12-07T02:50:15.014-0300] {logging_mixin.py:190} INFO - [2024-12-07T02:50:15.014-0300] {dagbag.py:588} INFO - Filling up the DagBag from /home/crisu/miniconda3/envs/lab13.1/lib/python3.9/site-packages/airflow/example_dags/example_python_decorator.py
[2024-12-07T02:50:15.024-0300] {logging_mixin.py:190} INFO - [2024-12-07T02:50:15.023-0300] {example_python_decorator.py:80} WARNING - The virtalenv_python example task requires virtualenv, please install it.
[2024-12-07T02:50:15.025-0300] {processor.py:925} INFO - DAG(s) 'example_python_decorator' retrieved from /home/crisu/miniconda3/envs/lab13.1/lib/python3.9/site-packages/airflow/example_dags/example_python_decorator.py
[2024-12-07T02:50:15.042-0300] {logging_mixin.py:190} INFO - [2024-12-07T02:50:15.042-0300] {dag.py:3239} INFO - Sync 1 DAGs
[2024-12-07T02:50:15.053-0300] {logging_mixin.py:190} INFO - [2024-12-07T02:50:15.052-0300] {dag.py:4180} INFO - Setting next_dagrun for example_python_decorator to None, run_after=None
[2024-12-07T02:50:15.148-0300] {processor.py:208} INFO - Processing /home/crisu/miniconda3/envs/lab13.1/lib/python3.9/site-packages/airflow/example_dags/example_python_decorator.py took 0.153 seconds
[2024-12-07T02:51:45.018-0300] {processor.py:186} INFO - Started process (PID=40997) to work on /home/crisu/miniconda3/envs/lab13.1/lib/python3.9/site-packages/airflow/example_dags/example_python_decorator.py
[2024-12-07T02:51:45.075-0300] {processor.py:914} INFO - Processing file /home/crisu/miniconda3/envs/lab13.1/lib/python3.9/site-packages/airflow/example_dags/example_python_decorator.py for tasks to queue
[2024-12-07T02:51:45.077-0300] {logging_mixin.py:190} INFO - [2024-12-07T02:51:45.076-0300] {dagbag.py:588} INFO - Filling up the DagBag from /home/crisu/miniconda3/envs/lab13.1/lib/python3.9/site-packages/airflow/example_dags/example_python_decorator.py
[2024-12-07T02:51:45.087-0300] {logging_mixin.py:190} INFO - [2024-12-07T02:51:45.087-0300] {example_python_decorator.py:80} WARNING - The virtalenv_python example task requires virtualenv, please install it.
[2024-12-07T02:51:45.089-0300] {processor.py:925} INFO - DAG(s) 'example_python_decorator' retrieved from /home/crisu/miniconda3/envs/lab13.1/lib/python3.9/site-packages/airflow/example_dags/example_python_decorator.py
[2024-12-07T02:51:45.105-0300] {logging_mixin.py:190} INFO - [2024-12-07T02:51:45.105-0300] {dag.py:3239} INFO - Sync 1 DAGs
[2024-12-07T02:51:45.117-0300] {logging_mixin.py:190} INFO - [2024-12-07T02:51:45.116-0300] {dag.py:4180} INFO - Setting next_dagrun for example_python_decorator to None, run_after=None
[2024-12-07T02:51:45.485-0300] {processor.py:208} INFO - Processing /home/crisu/miniconda3/envs/lab13.1/lib/python3.9/site-packages/airflow/example_dags/example_python_decorator.py took 0.477 seconds
[2024-12-07T03:20:24.315-0300] {processor.py:186} INFO - Started process (PID=42664) to work on /home/crisu/miniconda3/envs/lab13.1/lib/python3.9/site-packages/airflow/example_dags/example_python_decorator.py
[2024-12-07T03:20:24.383-0300] {processor.py:914} INFO - Processing file /home/crisu/miniconda3/envs/lab13.1/lib/python3.9/site-packages/airflow/example_dags/example_python_decorator.py for tasks to queue
[2024-12-07T03:20:24.384-0300] {logging_mixin.py:190} INFO - [2024-12-07T03:20:24.384-0300] {dagbag.py:588} INFO - Filling up the DagBag from /home/crisu/miniconda3/envs/lab13.1/lib/python3.9/site-packages/airflow/example_dags/example_python_decorator.py
[2024-12-07T03:20:24.394-0300] {logging_mixin.py:190} INFO - [2024-12-07T03:20:24.393-0300] {example_python_decorator.py:80} WARNING - The virtalenv_python example task requires virtualenv, please install it.
[2024-12-07T03:20:24.394-0300] {processor.py:925} INFO - DAG(s) 'example_python_decorator' retrieved from /home/crisu/miniconda3/envs/lab13.1/lib/python3.9/site-packages/airflow/example_dags/example_python_decorator.py
[2024-12-07T03:20:24.410-0300] {logging_mixin.py:190} INFO - [2024-12-07T03:20:24.410-0300] {dag.py:3239} INFO - Sync 1 DAGs
[2024-12-07T03:20:24.420-0300] {logging_mixin.py:190} INFO - [2024-12-07T03:20:24.420-0300] {dag.py:4180} INFO - Setting next_dagrun for example_python_decorator to None, run_after=None
[2024-12-07T03:20:25.674-0300] {processor.py:208} INFO - Processing /home/crisu/miniconda3/envs/lab13.1/lib/python3.9/site-packages/airflow/example_dags/example_python_decorator.py took 1.364 seconds
[2024-12-07T03:23:32.635-0300] {processor.py:186} INFO - Started process (PID=42849) to work on /home/crisu/miniconda3/envs/lab13.1/lib/python3.9/site-packages/airflow/example_dags/example_python_decorator.py
[2024-12-07T03:23:32.667-0300] {processor.py:914} INFO - Processing file /home/crisu/miniconda3/envs/lab13.1/lib/python3.9/site-packages/airflow/example_dags/example_python_decorator.py for tasks to queue
[2024-12-07T03:23:32.668-0300] {logging_mixin.py:190} INFO - [2024-12-07T03:23:32.668-0300] {dagbag.py:588} INFO - Filling up the DagBag from /home/crisu/miniconda3/envs/lab13.1/lib/python3.9/site-packages/airflow/example_dags/example_python_decorator.py
[2024-12-07T03:23:32.676-0300] {logging_mixin.py:190} INFO - [2024-12-07T03:23:32.676-0300] {example_python_decorator.py:80} WARNING - The virtalenv_python example task requires virtualenv, please install it.
[2024-12-07T03:23:32.677-0300] {processor.py:925} INFO - DAG(s) 'example_python_decorator' retrieved from /home/crisu/miniconda3/envs/lab13.1/lib/python3.9/site-packages/airflow/example_dags/example_python_decorator.py
[2024-12-07T03:23:32.691-0300] {logging_mixin.py:190} INFO - [2024-12-07T03:23:32.691-0300] {dag.py:3239} INFO - Sync 1 DAGs
[2024-12-07T03:23:32.702-0300] {logging_mixin.py:190} INFO - [2024-12-07T03:23:32.701-0300] {dag.py:4180} INFO - Setting next_dagrun for example_python_decorator to None, run_after=None
[2024-12-07T03:23:33.361-0300] {processor.py:208} INFO - Processing /home/crisu/miniconda3/envs/lab13.1/lib/python3.9/site-packages/airflow/example_dags/example_python_decorator.py took 0.731 seconds
[2024-12-07T03:27:42.954-0300] {processor.py:186} INFO - Started process (PID=43630) to work on /home/crisu/miniconda3/envs/lab13.1/lib/python3.9/site-packages/airflow/example_dags/example_python_decorator.py
[2024-12-07T03:27:42.974-0300] {processor.py:914} INFO - Processing file /home/crisu/miniconda3/envs/lab13.1/lib/python3.9/site-packages/airflow/example_dags/example_python_decorator.py for tasks to queue
[2024-12-07T03:27:42.976-0300] {logging_mixin.py:190} INFO - [2024-12-07T03:27:42.976-0300] {dagbag.py:588} INFO - Filling up the DagBag from /home/crisu/miniconda3/envs/lab13.1/lib/python3.9/site-packages/airflow/example_dags/example_python_decorator.py
[2024-12-07T03:27:42.984-0300] {logging_mixin.py:190} INFO - [2024-12-07T03:27:42.984-0300] {example_python_decorator.py:80} WARNING - The virtalenv_python example task requires virtualenv, please install it.
[2024-12-07T03:27:42.986-0300] {processor.py:925} INFO - DAG(s) 'example_python_decorator' retrieved from /home/crisu/miniconda3/envs/lab13.1/lib/python3.9/site-packages/airflow/example_dags/example_python_decorator.py
[2024-12-07T03:27:43.005-0300] {logging_mixin.py:190} INFO - [2024-12-07T03:27:43.004-0300] {dag.py:3239} INFO - Sync 1 DAGs
[2024-12-07T03:27:43.017-0300] {logging_mixin.py:190} INFO - [2024-12-07T03:27:43.016-0300] {dag.py:4180} INFO - Setting next_dagrun for example_python_decorator to None, run_after=None
[2024-12-07T03:27:43.087-0300] {processor.py:208} INFO - Processing /home/crisu/miniconda3/envs/lab13.1/lib/python3.9/site-packages/airflow/example_dags/example_python_decorator.py took 0.138 seconds
[2024-12-07T03:29:38.576-0300] {processor.py:186} INFO - Started process (PID=43841) to work on /home/crisu/miniconda3/envs/lab13.1/lib/python3.9/site-packages/airflow/example_dags/example_python_decorator.py
[2024-12-07T03:29:38.589-0300] {processor.py:914} INFO - Processing file /home/crisu/miniconda3/envs/lab13.1/lib/python3.9/site-packages/airflow/example_dags/example_python_decorator.py for tasks to queue
[2024-12-07T03:29:38.591-0300] {logging_mixin.py:190} INFO - [2024-12-07T03:29:38.591-0300] {dagbag.py:588} INFO - Filling up the DagBag from /home/crisu/miniconda3/envs/lab13.1/lib/python3.9/site-packages/airflow/example_dags/example_python_decorator.py
[2024-12-07T03:29:38.599-0300] {logging_mixin.py:190} INFO - [2024-12-07T03:29:38.599-0300] {example_python_decorator.py:80} WARNING - The virtalenv_python example task requires virtualenv, please install it.
[2024-12-07T03:29:38.601-0300] {processor.py:925} INFO - DAG(s) 'example_python_decorator' retrieved from /home/crisu/miniconda3/envs/lab13.1/lib/python3.9/site-packages/airflow/example_dags/example_python_decorator.py
[2024-12-07T03:29:38.615-0300] {logging_mixin.py:190} INFO - [2024-12-07T03:29:38.615-0300] {dag.py:3239} INFO - Sync 1 DAGs
[2024-12-07T03:29:38.626-0300] {logging_mixin.py:190} INFO - [2024-12-07T03:29:38.626-0300] {dag.py:4180} INFO - Setting next_dagrun for example_python_decorator to None, run_after=None
[2024-12-07T03:29:38.682-0300] {processor.py:208} INFO - Processing /home/crisu/miniconda3/envs/lab13.1/lib/python3.9/site-packages/airflow/example_dags/example_python_decorator.py took 0.111 seconds
[2024-12-07T03:34:13.383-0300] {processor.py:186} INFO - Started process (PID=44576) to work on /home/crisu/miniconda3/envs/lab13.1/lib/python3.9/site-packages/airflow/example_dags/example_python_decorator.py
[2024-12-07T03:34:13.414-0300] {processor.py:914} INFO - Processing file /home/crisu/miniconda3/envs/lab13.1/lib/python3.9/site-packages/airflow/example_dags/example_python_decorator.py for tasks to queue
[2024-12-07T03:34:13.416-0300] {logging_mixin.py:190} INFO - [2024-12-07T03:34:13.415-0300] {dagbag.py:588} INFO - Filling up the DagBag from /home/crisu/miniconda3/envs/lab13.1/lib/python3.9/site-packages/airflow/example_dags/example_python_decorator.py
[2024-12-07T03:34:13.424-0300] {logging_mixin.py:190} INFO - [2024-12-07T03:34:13.424-0300] {example_python_decorator.py:80} WARNING - The virtalenv_python example task requires virtualenv, please install it.
[2024-12-07T03:34:13.424-0300] {processor.py:925} INFO - DAG(s) 'example_python_decorator' retrieved from /home/crisu/miniconda3/envs/lab13.1/lib/python3.9/site-packages/airflow/example_dags/example_python_decorator.py
[2024-12-07T03:34:13.441-0300] {logging_mixin.py:190} INFO - [2024-12-07T03:34:13.441-0300] {dag.py:3239} INFO - Sync 1 DAGs
[2024-12-07T03:34:13.452-0300] {logging_mixin.py:190} INFO - [2024-12-07T03:34:13.452-0300] {dag.py:4180} INFO - Setting next_dagrun for example_python_decorator to None, run_after=None
[2024-12-07T03:34:13.532-0300] {processor.py:208} INFO - Processing /home/crisu/miniconda3/envs/lab13.1/lib/python3.9/site-packages/airflow/example_dags/example_python_decorator.py took 0.153 seconds
[2024-12-07T03:35:49.414-0300] {processor.py:186} INFO - Started process (PID=44769) to work on /home/crisu/miniconda3/envs/lab13.1/lib/python3.9/site-packages/airflow/example_dags/example_python_decorator.py
[2024-12-07T03:35:49.415-0300] {processor.py:914} INFO - Processing file /home/crisu/miniconda3/envs/lab13.1/lib/python3.9/site-packages/airflow/example_dags/example_python_decorator.py for tasks to queue
[2024-12-07T03:35:49.417-0300] {logging_mixin.py:190} INFO - [2024-12-07T03:35:49.416-0300] {dagbag.py:588} INFO - Filling up the DagBag from /home/crisu/miniconda3/envs/lab13.1/lib/python3.9/site-packages/airflow/example_dags/example_python_decorator.py
[2024-12-07T03:35:49.426-0300] {logging_mixin.py:190} INFO - [2024-12-07T03:35:49.426-0300] {example_python_decorator.py:80} WARNING - The virtalenv_python example task requires virtualenv, please install it.
[2024-12-07T03:35:49.427-0300] {processor.py:925} INFO - DAG(s) 'example_python_decorator' retrieved from /home/crisu/miniconda3/envs/lab13.1/lib/python3.9/site-packages/airflow/example_dags/example_python_decorator.py
[2024-12-07T03:35:49.442-0300] {logging_mixin.py:190} INFO - [2024-12-07T03:35:49.442-0300] {dag.py:3239} INFO - Sync 1 DAGs
[2024-12-07T03:35:49.454-0300] {logging_mixin.py:190} INFO - [2024-12-07T03:35:49.454-0300] {dag.py:4180} INFO - Setting next_dagrun for example_python_decorator to None, run_after=None
[2024-12-07T03:35:49.524-0300] {processor.py:208} INFO - Processing /home/crisu/miniconda3/envs/lab13.1/lib/python3.9/site-packages/airflow/example_dags/example_python_decorator.py took 0.116 seconds
[2024-12-07T03:37:52.334-0300] {processor.py:186} INFO - Started process (PID=44966) to work on /home/crisu/miniconda3/envs/lab13.1/lib/python3.9/site-packages/airflow/example_dags/example_python_decorator.py
[2024-12-07T03:37:52.335-0300] {processor.py:914} INFO - Processing file /home/crisu/miniconda3/envs/lab13.1/lib/python3.9/site-packages/airflow/example_dags/example_python_decorator.py for tasks to queue
[2024-12-07T03:37:52.336-0300] {logging_mixin.py:190} INFO - [2024-12-07T03:37:52.336-0300] {dagbag.py:588} INFO - Filling up the DagBag from /home/crisu/miniconda3/envs/lab13.1/lib/python3.9/site-packages/airflow/example_dags/example_python_decorator.py
[2024-12-07T03:37:52.344-0300] {logging_mixin.py:190} INFO - [2024-12-07T03:37:52.344-0300] {example_python_decorator.py:80} WARNING - The virtalenv_python example task requires virtualenv, please install it.
[2024-12-07T03:37:52.344-0300] {processor.py:925} INFO - DAG(s) 'example_python_decorator' retrieved from /home/crisu/miniconda3/envs/lab13.1/lib/python3.9/site-packages/airflow/example_dags/example_python_decorator.py
[2024-12-07T03:37:52.359-0300] {logging_mixin.py:190} INFO - [2024-12-07T03:37:52.359-0300] {dag.py:3239} INFO - Sync 1 DAGs
[2024-12-07T03:37:52.370-0300] {logging_mixin.py:190} INFO - [2024-12-07T03:37:52.370-0300] {dag.py:4180} INFO - Setting next_dagrun for example_python_decorator to None, run_after=None
[2024-12-07T03:37:52.432-0300] {processor.py:208} INFO - Processing /home/crisu/miniconda3/envs/lab13.1/lib/python3.9/site-packages/airflow/example_dags/example_python_decorator.py took 0.104 seconds
[2024-12-07T03:39:10.570-0300] {processor.py:186} INFO - Started process (PID=45124) to work on /home/crisu/miniconda3/envs/lab13.1/lib/python3.9/site-packages/airflow/example_dags/example_python_decorator.py
[2024-12-07T03:39:10.577-0300] {processor.py:914} INFO - Processing file /home/crisu/miniconda3/envs/lab13.1/lib/python3.9/site-packages/airflow/example_dags/example_python_decorator.py for tasks to queue
[2024-12-07T03:39:10.578-0300] {logging_mixin.py:190} INFO - [2024-12-07T03:39:10.578-0300] {dagbag.py:588} INFO - Filling up the DagBag from /home/crisu/miniconda3/envs/lab13.1/lib/python3.9/site-packages/airflow/example_dags/example_python_decorator.py
[2024-12-07T03:39:10.586-0300] {logging_mixin.py:190} INFO - [2024-12-07T03:39:10.586-0300] {example_python_decorator.py:80} WARNING - The virtalenv_python example task requires virtualenv, please install it.
[2024-12-07T03:39:10.586-0300] {processor.py:925} INFO - DAG(s) 'example_python_decorator' retrieved from /home/crisu/miniconda3/envs/lab13.1/lib/python3.9/site-packages/airflow/example_dags/example_python_decorator.py
[2024-12-07T03:39:10.601-0300] {logging_mixin.py:190} INFO - [2024-12-07T03:39:10.600-0300] {dag.py:3239} INFO - Sync 1 DAGs
[2024-12-07T03:39:10.611-0300] {logging_mixin.py:190} INFO - [2024-12-07T03:39:10.611-0300] {dag.py:4180} INFO - Setting next_dagrun for example_python_decorator to None, run_after=None
[2024-12-07T03:39:10.665-0300] {processor.py:208} INFO - Processing /home/crisu/miniconda3/envs/lab13.1/lib/python3.9/site-packages/airflow/example_dags/example_python_decorator.py took 0.100 seconds
[2024-12-07T03:40:26.380-0300] {processor.py:186} INFO - Started process (PID=45277) to work on /home/crisu/miniconda3/envs/lab13.1/lib/python3.9/site-packages/airflow/example_dags/example_python_decorator.py
[2024-12-07T03:40:26.391-0300] {processor.py:914} INFO - Processing file /home/crisu/miniconda3/envs/lab13.1/lib/python3.9/site-packages/airflow/example_dags/example_python_decorator.py for tasks to queue
[2024-12-07T03:40:26.393-0300] {logging_mixin.py:190} INFO - [2024-12-07T03:40:26.392-0300] {dagbag.py:588} INFO - Filling up the DagBag from /home/crisu/miniconda3/envs/lab13.1/lib/python3.9/site-packages/airflow/example_dags/example_python_decorator.py
[2024-12-07T03:40:26.401-0300] {logging_mixin.py:190} INFO - [2024-12-07T03:40:26.401-0300] {example_python_decorator.py:80} WARNING - The virtalenv_python example task requires virtualenv, please install it.
[2024-12-07T03:40:26.402-0300] {processor.py:925} INFO - DAG(s) 'example_python_decorator' retrieved from /home/crisu/miniconda3/envs/lab13.1/lib/python3.9/site-packages/airflow/example_dags/example_python_decorator.py
[2024-12-07T03:40:26.416-0300] {logging_mixin.py:190} INFO - [2024-12-07T03:40:26.416-0300] {dag.py:3239} INFO - Sync 1 DAGs
[2024-12-07T03:40:26.427-0300] {logging_mixin.py:190} INFO - [2024-12-07T03:40:26.427-0300] {dag.py:4180} INFO - Setting next_dagrun for example_python_decorator to None, run_after=None
[2024-12-07T03:40:26.491-0300] {processor.py:208} INFO - Processing /home/crisu/miniconda3/envs/lab13.1/lib/python3.9/site-packages/airflow/example_dags/example_python_decorator.py took 0.116 seconds
[2024-12-07T03:44:11.598-0300] {processor.py:186} INFO - Started process (PID=45877) to work on /home/crisu/miniconda3/envs/lab13.1/lib/python3.9/site-packages/airflow/example_dags/example_python_decorator.py
[2024-12-07T03:44:11.599-0300] {processor.py:914} INFO - Processing file /home/crisu/miniconda3/envs/lab13.1/lib/python3.9/site-packages/airflow/example_dags/example_python_decorator.py for tasks to queue
[2024-12-07T03:44:11.601-0300] {logging_mixin.py:190} INFO - [2024-12-07T03:44:11.601-0300] {dagbag.py:588} INFO - Filling up the DagBag from /home/crisu/miniconda3/envs/lab13.1/lib/python3.9/site-packages/airflow/example_dags/example_python_decorator.py
[2024-12-07T03:44:11.609-0300] {logging_mixin.py:190} INFO - [2024-12-07T03:44:11.608-0300] {example_python_decorator.py:80} WARNING - The virtalenv_python example task requires virtualenv, please install it.
[2024-12-07T03:44:11.610-0300] {processor.py:925} INFO - DAG(s) 'example_python_decorator' retrieved from /home/crisu/miniconda3/envs/lab13.1/lib/python3.9/site-packages/airflow/example_dags/example_python_decorator.py
[2024-12-07T03:44:11.626-0300] {logging_mixin.py:190} INFO - [2024-12-07T03:44:11.626-0300] {dag.py:3239} INFO - Sync 1 DAGs
[2024-12-07T03:44:11.638-0300] {logging_mixin.py:190} INFO - [2024-12-07T03:44:11.637-0300] {dag.py:4180} INFO - Setting next_dagrun for example_python_decorator to None, run_after=None
[2024-12-07T03:44:11.723-0300] {processor.py:208} INFO - Processing /home/crisu/miniconda3/envs/lab13.1/lib/python3.9/site-packages/airflow/example_dags/example_python_decorator.py took 0.130 seconds
[2024-12-07T03:48:30.442-0300] {processor.py:186} INFO - Started process (PID=46711) to work on /home/crisu/miniconda3/envs/lab13.1/lib/python3.9/site-packages/airflow/example_dags/example_python_decorator.py
[2024-12-07T03:48:30.455-0300] {processor.py:914} INFO - Processing file /home/crisu/miniconda3/envs/lab13.1/lib/python3.9/site-packages/airflow/example_dags/example_python_decorator.py for tasks to queue
[2024-12-07T03:48:30.457-0300] {logging_mixin.py:190} INFO - [2024-12-07T03:48:30.456-0300] {dagbag.py:588} INFO - Filling up the DagBag from /home/crisu/miniconda3/envs/lab13.1/lib/python3.9/site-packages/airflow/example_dags/example_python_decorator.py
[2024-12-07T03:48:30.465-0300] {logging_mixin.py:190} INFO - [2024-12-07T03:48:30.464-0300] {example_python_decorator.py:80} WARNING - The virtalenv_python example task requires virtualenv, please install it.
[2024-12-07T03:48:30.466-0300] {processor.py:925} INFO - DAG(s) 'example_python_decorator' retrieved from /home/crisu/miniconda3/envs/lab13.1/lib/python3.9/site-packages/airflow/example_dags/example_python_decorator.py
[2024-12-07T03:48:30.481-0300] {logging_mixin.py:190} INFO - [2024-12-07T03:48:30.481-0300] {dag.py:3239} INFO - Sync 1 DAGs
[2024-12-07T03:48:30.492-0300] {logging_mixin.py:190} INFO - [2024-12-07T03:48:30.492-0300] {dag.py:4180} INFO - Setting next_dagrun for example_python_decorator to None, run_after=None
[2024-12-07T03:48:31.415-0300] {processor.py:208} INFO - Processing /home/crisu/miniconda3/envs/lab13.1/lib/python3.9/site-packages/airflow/example_dags/example_python_decorator.py took 0.978 seconds
[2024-12-07T03:50:34.756-0300] {processor.py:186} INFO - Started process (PID=46941) to work on /home/crisu/miniconda3/envs/lab13.1/lib/python3.9/site-packages/airflow/example_dags/example_python_decorator.py
[2024-12-07T03:50:34.807-0300] {processor.py:914} INFO - Processing file /home/crisu/miniconda3/envs/lab13.1/lib/python3.9/site-packages/airflow/example_dags/example_python_decorator.py for tasks to queue
[2024-12-07T03:50:34.810-0300] {logging_mixin.py:190} INFO - [2024-12-07T03:50:34.809-0300] {dagbag.py:588} INFO - Filling up the DagBag from /home/crisu/miniconda3/envs/lab13.1/lib/python3.9/site-packages/airflow/example_dags/example_python_decorator.py
[2024-12-07T03:50:34.818-0300] {logging_mixin.py:190} INFO - [2024-12-07T03:50:34.817-0300] {example_python_decorator.py:80} WARNING - The virtalenv_python example task requires virtualenv, please install it.
[2024-12-07T03:50:34.819-0300] {processor.py:925} INFO - DAG(s) 'example_python_decorator' retrieved from /home/crisu/miniconda3/envs/lab13.1/lib/python3.9/site-packages/airflow/example_dags/example_python_decorator.py
[2024-12-07T03:50:34.834-0300] {logging_mixin.py:190} INFO - [2024-12-07T03:50:34.834-0300] {dag.py:3239} INFO - Sync 1 DAGs
[2024-12-07T03:50:34.848-0300] {logging_mixin.py:190} INFO - [2024-12-07T03:50:34.848-0300] {dag.py:4180} INFO - Setting next_dagrun for example_python_decorator to None, run_after=None
[2024-12-07T03:50:35.834-0300] {processor.py:208} INFO - Processing /home/crisu/miniconda3/envs/lab13.1/lib/python3.9/site-packages/airflow/example_dags/example_python_decorator.py took 1.083 seconds
[2024-12-07T03:51:41.432-0300] {processor.py:186} INFO - Started process (PID=47011) to work on /home/crisu/miniconda3/envs/lab13.1/lib/python3.9/site-packages/airflow/example_dags/example_python_decorator.py
[2024-12-07T03:51:41.442-0300] {processor.py:914} INFO - Processing file /home/crisu/miniconda3/envs/lab13.1/lib/python3.9/site-packages/airflow/example_dags/example_python_decorator.py for tasks to queue
[2024-12-07T03:51:41.444-0300] {logging_mixin.py:190} INFO - [2024-12-07T03:51:41.443-0300] {dagbag.py:588} INFO - Filling up the DagBag from /home/crisu/miniconda3/envs/lab13.1/lib/python3.9/site-packages/airflow/example_dags/example_python_decorator.py
[2024-12-07T03:51:41.452-0300] {logging_mixin.py:190} INFO - [2024-12-07T03:51:41.452-0300] {example_python_decorator.py:80} WARNING - The virtalenv_python example task requires virtualenv, please install it.
[2024-12-07T03:51:41.455-0300] {processor.py:925} INFO - DAG(s) 'example_python_decorator' retrieved from /home/crisu/miniconda3/envs/lab13.1/lib/python3.9/site-packages/airflow/example_dags/example_python_decorator.py
[2024-12-07T03:51:41.474-0300] {logging_mixin.py:190} INFO - [2024-12-07T03:51:41.474-0300] {dag.py:3239} INFO - Sync 1 DAGs
[2024-12-07T03:51:41.489-0300] {logging_mixin.py:190} INFO - [2024-12-07T03:51:41.488-0300] {dag.py:4180} INFO - Setting next_dagrun for example_python_decorator to None, run_after=None
[2024-12-07T03:51:41.548-0300] {processor.py:208} INFO - Processing /home/crisu/miniconda3/envs/lab13.1/lib/python3.9/site-packages/airflow/example_dags/example_python_decorator.py took 0.122 seconds
[2024-12-07T03:53:06.293-0300] {processor.py:186} INFO - Started process (PID=47168) to work on /home/crisu/miniconda3/envs/lab13.1/lib/python3.9/site-packages/airflow/example_dags/example_python_decorator.py
[2024-12-07T03:53:06.323-0300] {processor.py:914} INFO - Processing file /home/crisu/miniconda3/envs/lab13.1/lib/python3.9/site-packages/airflow/example_dags/example_python_decorator.py for tasks to queue
[2024-12-07T03:53:06.325-0300] {logging_mixin.py:190} INFO - [2024-12-07T03:53:06.325-0300] {dagbag.py:588} INFO - Filling up the DagBag from /home/crisu/miniconda3/envs/lab13.1/lib/python3.9/site-packages/airflow/example_dags/example_python_decorator.py
[2024-12-07T03:53:06.333-0300] {logging_mixin.py:190} INFO - [2024-12-07T03:53:06.332-0300] {example_python_decorator.py:80} WARNING - The virtalenv_python example task requires virtualenv, please install it.
[2024-12-07T03:53:06.335-0300] {processor.py:925} INFO - DAG(s) 'example_python_decorator' retrieved from /home/crisu/miniconda3/envs/lab13.1/lib/python3.9/site-packages/airflow/example_dags/example_python_decorator.py
[2024-12-07T03:53:06.349-0300] {logging_mixin.py:190} INFO - [2024-12-07T03:53:06.349-0300] {dag.py:3239} INFO - Sync 1 DAGs
[2024-12-07T03:53:06.360-0300] {logging_mixin.py:190} INFO - [2024-12-07T03:53:06.360-0300] {dag.py:4180} INFO - Setting next_dagrun for example_python_decorator to None, run_after=None
[2024-12-07T03:53:07.198-0300] {processor.py:208} INFO - Processing /home/crisu/miniconda3/envs/lab13.1/lib/python3.9/site-packages/airflow/example_dags/example_python_decorator.py took 0.911 seconds
[2024-12-07T03:55:24.965-0300] {processor.py:186} INFO - Started process (PID=47456) to work on /home/crisu/miniconda3/envs/lab13.1/lib/python3.9/site-packages/airflow/example_dags/example_python_decorator.py
[2024-12-07T03:55:25.018-0300] {processor.py:914} INFO - Processing file /home/crisu/miniconda3/envs/lab13.1/lib/python3.9/site-packages/airflow/example_dags/example_python_decorator.py for tasks to queue
[2024-12-07T03:55:25.020-0300] {logging_mixin.py:190} INFO - [2024-12-07T03:55:25.020-0300] {dagbag.py:588} INFO - Filling up the DagBag from /home/crisu/miniconda3/envs/lab13.1/lib/python3.9/site-packages/airflow/example_dags/example_python_decorator.py
[2024-12-07T03:55:25.030-0300] {logging_mixin.py:190} INFO - [2024-12-07T03:55:25.030-0300] {example_python_decorator.py:80} WARNING - The virtalenv_python example task requires virtualenv, please install it.
[2024-12-07T03:55:25.032-0300] {processor.py:925} INFO - DAG(s) 'example_python_decorator' retrieved from /home/crisu/miniconda3/envs/lab13.1/lib/python3.9/site-packages/airflow/example_dags/example_python_decorator.py
[2024-12-07T03:55:25.048-0300] {logging_mixin.py:190} INFO - [2024-12-07T03:55:25.047-0300] {dag.py:3239} INFO - Sync 1 DAGs
[2024-12-07T03:55:25.061-0300] {logging_mixin.py:190} INFO - [2024-12-07T03:55:25.061-0300] {dag.py:4180} INFO - Setting next_dagrun for example_python_decorator to None, run_after=None
[2024-12-07T03:55:25.570-0300] {processor.py:208} INFO - Processing /home/crisu/miniconda3/envs/lab13.1/lib/python3.9/site-packages/airflow/example_dags/example_python_decorator.py took 0.612 seconds
[2024-12-07T03:57:08.197-0300] {processor.py:186} INFO - Started process (PID=47649) to work on /home/crisu/miniconda3/envs/lab13.1/lib/python3.9/site-packages/airflow/example_dags/example_python_decorator.py
[2024-12-07T03:57:08.202-0300] {processor.py:914} INFO - Processing file /home/crisu/miniconda3/envs/lab13.1/lib/python3.9/site-packages/airflow/example_dags/example_python_decorator.py for tasks to queue
[2024-12-07T03:57:08.204-0300] {logging_mixin.py:190} INFO - [2024-12-07T03:57:08.204-0300] {dagbag.py:588} INFO - Filling up the DagBag from /home/crisu/miniconda3/envs/lab13.1/lib/python3.9/site-packages/airflow/example_dags/example_python_decorator.py
[2024-12-07T03:57:08.213-0300] {logging_mixin.py:190} INFO - [2024-12-07T03:57:08.213-0300] {example_python_decorator.py:80} WARNING - The virtalenv_python example task requires virtualenv, please install it.
[2024-12-07T03:57:08.215-0300] {processor.py:925} INFO - DAG(s) 'example_python_decorator' retrieved from /home/crisu/miniconda3/envs/lab13.1/lib/python3.9/site-packages/airflow/example_dags/example_python_decorator.py
[2024-12-07T03:57:08.230-0300] {logging_mixin.py:190} INFO - [2024-12-07T03:57:08.230-0300] {dag.py:3239} INFO - Sync 1 DAGs
[2024-12-07T03:57:08.242-0300] {logging_mixin.py:190} INFO - [2024-12-07T03:57:08.242-0300] {dag.py:4180} INFO - Setting next_dagrun for example_python_decorator to None, run_after=None
[2024-12-07T03:57:08.302-0300] {processor.py:208} INFO - Processing /home/crisu/miniconda3/envs/lab13.1/lib/python3.9/site-packages/airflow/example_dags/example_python_decorator.py took 0.111 seconds
[2024-12-07T03:58:26.104-0300] {processor.py:186} INFO - Started process (PID=47817) to work on /home/crisu/miniconda3/envs/lab13.1/lib/python3.9/site-packages/airflow/example_dags/example_python_decorator.py
[2024-12-07T03:58:26.118-0300] {processor.py:914} INFO - Processing file /home/crisu/miniconda3/envs/lab13.1/lib/python3.9/site-packages/airflow/example_dags/example_python_decorator.py for tasks to queue
[2024-12-07T03:58:26.120-0300] {logging_mixin.py:190} INFO - [2024-12-07T03:58:26.119-0300] {dagbag.py:588} INFO - Filling up the DagBag from /home/crisu/miniconda3/envs/lab13.1/lib/python3.9/site-packages/airflow/example_dags/example_python_decorator.py
[2024-12-07T03:58:26.129-0300] {logging_mixin.py:190} INFO - [2024-12-07T03:58:26.129-0300] {example_python_decorator.py:80} WARNING - The virtalenv_python example task requires virtualenv, please install it.
[2024-12-07T03:58:26.131-0300] {processor.py:925} INFO - DAG(s) 'example_python_decorator' retrieved from /home/crisu/miniconda3/envs/lab13.1/lib/python3.9/site-packages/airflow/example_dags/example_python_decorator.py
[2024-12-07T03:58:26.146-0300] {logging_mixin.py:190} INFO - [2024-12-07T03:58:26.145-0300] {dag.py:3239} INFO - Sync 1 DAGs
[2024-12-07T03:58:26.157-0300] {logging_mixin.py:190} INFO - [2024-12-07T03:58:26.157-0300] {dag.py:4180} INFO - Setting next_dagrun for example_python_decorator to None, run_after=None
[2024-12-07T03:58:26.325-0300] {processor.py:208} INFO - Processing /home/crisu/miniconda3/envs/lab13.1/lib/python3.9/site-packages/airflow/example_dags/example_python_decorator.py took 0.227 seconds
[2024-12-07T04:00:24.792-0300] {processor.py:186} INFO - Started process (PID=48053) to work on /home/crisu/miniconda3/envs/lab13.1/lib/python3.9/site-packages/airflow/example_dags/example_python_decorator.py
[2024-12-07T04:00:24.798-0300] {processor.py:914} INFO - Processing file /home/crisu/miniconda3/envs/lab13.1/lib/python3.9/site-packages/airflow/example_dags/example_python_decorator.py for tasks to queue
[2024-12-07T04:00:24.800-0300] {logging_mixin.py:190} INFO - [2024-12-07T04:00:24.800-0300] {dagbag.py:588} INFO - Filling up the DagBag from /home/crisu/miniconda3/envs/lab13.1/lib/python3.9/site-packages/airflow/example_dags/example_python_decorator.py
[2024-12-07T04:00:24.808-0300] {logging_mixin.py:190} INFO - [2024-12-07T04:00:24.808-0300] {example_python_decorator.py:80} WARNING - The virtalenv_python example task requires virtualenv, please install it.
[2024-12-07T04:00:24.810-0300] {processor.py:925} INFO - DAG(s) 'example_python_decorator' retrieved from /home/crisu/miniconda3/envs/lab13.1/lib/python3.9/site-packages/airflow/example_dags/example_python_decorator.py
[2024-12-07T04:00:24.824-0300] {logging_mixin.py:190} INFO - [2024-12-07T04:00:24.824-0300] {dag.py:3239} INFO - Sync 1 DAGs
[2024-12-07T04:00:24.835-0300] {logging_mixin.py:190} INFO - [2024-12-07T04:00:24.835-0300] {dag.py:4180} INFO - Setting next_dagrun for example_python_decorator to None, run_after=None
[2024-12-07T04:00:24.899-0300] {processor.py:208} INFO - Processing /home/crisu/miniconda3/envs/lab13.1/lib/python3.9/site-packages/airflow/example_dags/example_python_decorator.py took 0.113 seconds
[2024-12-07T04:01:38.640-0300] {processor.py:186} INFO - Started process (PID=48218) to work on /home/crisu/miniconda3/envs/lab13.1/lib/python3.9/site-packages/airflow/example_dags/example_python_decorator.py
[2024-12-07T04:01:38.651-0300] {processor.py:914} INFO - Processing file /home/crisu/miniconda3/envs/lab13.1/lib/python3.9/site-packages/airflow/example_dags/example_python_decorator.py for tasks to queue
[2024-12-07T04:01:38.654-0300] {logging_mixin.py:190} INFO - [2024-12-07T04:01:38.653-0300] {dagbag.py:588} INFO - Filling up the DagBag from /home/crisu/miniconda3/envs/lab13.1/lib/python3.9/site-packages/airflow/example_dags/example_python_decorator.py
[2024-12-07T04:01:38.662-0300] {logging_mixin.py:190} INFO - [2024-12-07T04:01:38.662-0300] {example_python_decorator.py:80} WARNING - The virtalenv_python example task requires virtualenv, please install it.
[2024-12-07T04:01:38.664-0300] {processor.py:925} INFO - DAG(s) 'example_python_decorator' retrieved from /home/crisu/miniconda3/envs/lab13.1/lib/python3.9/site-packages/airflow/example_dags/example_python_decorator.py
[2024-12-07T04:01:38.680-0300] {logging_mixin.py:190} INFO - [2024-12-07T04:01:38.679-0300] {dag.py:3239} INFO - Sync 1 DAGs
[2024-12-07T04:01:38.691-0300] {logging_mixin.py:190} INFO - [2024-12-07T04:01:38.691-0300] {dag.py:4180} INFO - Setting next_dagrun for example_python_decorator to None, run_after=None
[2024-12-07T04:01:38.779-0300] {processor.py:208} INFO - Processing /home/crisu/miniconda3/envs/lab13.1/lib/python3.9/site-packages/airflow/example_dags/example_python_decorator.py took 0.146 seconds
[2024-12-07T04:07:42.287-0300] {processor.py:186} INFO - Started process (PID=49168) to work on /home/crisu/miniconda3/envs/lab13.1/lib/python3.9/site-packages/airflow/example_dags/example_python_decorator.py
[2024-12-07T04:07:42.390-0300] {processor.py:914} INFO - Processing file /home/crisu/miniconda3/envs/lab13.1/lib/python3.9/site-packages/airflow/example_dags/example_python_decorator.py for tasks to queue
[2024-12-07T04:07:42.391-0300] {logging_mixin.py:190} INFO - [2024-12-07T04:07:42.390-0300] {dagbag.py:588} INFO - Filling up the DagBag from /home/crisu/miniconda3/envs/lab13.1/lib/python3.9/site-packages/airflow/example_dags/example_python_decorator.py
[2024-12-07T04:07:42.399-0300] {logging_mixin.py:190} INFO - [2024-12-07T04:07:42.398-0300] {example_python_decorator.py:80} WARNING - The virtalenv_python example task requires virtualenv, please install it.
[2024-12-07T04:07:42.399-0300] {processor.py:925} INFO - DAG(s) 'example_python_decorator' retrieved from /home/crisu/miniconda3/envs/lab13.1/lib/python3.9/site-packages/airflow/example_dags/example_python_decorator.py
[2024-12-07T04:07:42.417-0300] {logging_mixin.py:190} INFO - [2024-12-07T04:07:42.416-0300] {dag.py:3239} INFO - Sync 1 DAGs
[2024-12-07T04:07:42.427-0300] {logging_mixin.py:190} INFO - [2024-12-07T04:07:42.427-0300] {dag.py:4180} INFO - Setting next_dagrun for example_python_decorator to None, run_after=None
[2024-12-07T04:07:42.487-0300] {processor.py:208} INFO - Processing /home/crisu/miniconda3/envs/lab13.1/lib/python3.9/site-packages/airflow/example_dags/example_python_decorator.py took 0.205 seconds
[2024-12-07T04:09:13.288-0300] {processor.py:186} INFO - Started process (PID=49395) to work on /home/crisu/miniconda3/envs/lab13.1/lib/python3.9/site-packages/airflow/example_dags/example_python_decorator.py
[2024-12-07T04:09:13.406-0300] {processor.py:914} INFO - Processing file /home/crisu/miniconda3/envs/lab13.1/lib/python3.9/site-packages/airflow/example_dags/example_python_decorator.py for tasks to queue
[2024-12-07T04:09:13.407-0300] {logging_mixin.py:190} INFO - [2024-12-07T04:09:13.407-0300] {dagbag.py:588} INFO - Filling up the DagBag from /home/crisu/miniconda3/envs/lab13.1/lib/python3.9/site-packages/airflow/example_dags/example_python_decorator.py
[2024-12-07T04:09:13.417-0300] {logging_mixin.py:190} INFO - [2024-12-07T04:09:13.417-0300] {example_python_decorator.py:80} WARNING - The virtalenv_python example task requires virtualenv, please install it.
[2024-12-07T04:09:13.418-0300] {processor.py:925} INFO - DAG(s) 'example_python_decorator' retrieved from /home/crisu/miniconda3/envs/lab13.1/lib/python3.9/site-packages/airflow/example_dags/example_python_decorator.py
[2024-12-07T04:09:13.432-0300] {logging_mixin.py:190} INFO - [2024-12-07T04:09:13.432-0300] {dag.py:3239} INFO - Sync 1 DAGs
[2024-12-07T04:09:13.442-0300] {logging_mixin.py:190} INFO - [2024-12-07T04:09:13.442-0300] {dag.py:4180} INFO - Setting next_dagrun for example_python_decorator to None, run_after=None
[2024-12-07T04:09:15.435-0300] {processor.py:208} INFO - Processing /home/crisu/miniconda3/envs/lab13.1/lib/python3.9/site-packages/airflow/example_dags/example_python_decorator.py took 2.152 seconds
[2024-12-07T04:11:22.388-0300] {processor.py:186} INFO - Started process (PID=49587) to work on /home/crisu/miniconda3/envs/lab13.1/lib/python3.9/site-packages/airflow/example_dags/example_python_decorator.py
[2024-12-07T04:11:22.390-0300] {processor.py:914} INFO - Processing file /home/crisu/miniconda3/envs/lab13.1/lib/python3.9/site-packages/airflow/example_dags/example_python_decorator.py for tasks to queue
[2024-12-07T04:11:22.391-0300] {logging_mixin.py:190} INFO - [2024-12-07T04:11:22.390-0300] {dagbag.py:588} INFO - Filling up the DagBag from /home/crisu/miniconda3/envs/lab13.1/lib/python3.9/site-packages/airflow/example_dags/example_python_decorator.py
[2024-12-07T04:11:22.399-0300] {logging_mixin.py:190} INFO - [2024-12-07T04:11:22.399-0300] {example_python_decorator.py:80} WARNING - The virtalenv_python example task requires virtualenv, please install it.
[2024-12-07T04:11:22.399-0300] {processor.py:925} INFO - DAG(s) 'example_python_decorator' retrieved from /home/crisu/miniconda3/envs/lab13.1/lib/python3.9/site-packages/airflow/example_dags/example_python_decorator.py
[2024-12-07T04:11:22.417-0300] {logging_mixin.py:190} INFO - [2024-12-07T04:11:22.416-0300] {dag.py:3239} INFO - Sync 1 DAGs
[2024-12-07T04:11:22.427-0300] {logging_mixin.py:190} INFO - [2024-12-07T04:11:22.427-0300] {dag.py:4180} INFO - Setting next_dagrun for example_python_decorator to None, run_after=None
[2024-12-07T04:11:22.484-0300] {processor.py:208} INFO - Processing /home/crisu/miniconda3/envs/lab13.1/lib/python3.9/site-packages/airflow/example_dags/example_python_decorator.py took 0.102 seconds
[2024-12-07T04:12:53.547-0300] {processor.py:186} INFO - Started process (PID=49725) to work on /home/crisu/miniconda3/envs/lab13.1/lib/python3.9/site-packages/airflow/example_dags/example_python_decorator.py
[2024-12-07T04:12:53.560-0300] {processor.py:914} INFO - Processing file /home/crisu/miniconda3/envs/lab13.1/lib/python3.9/site-packages/airflow/example_dags/example_python_decorator.py for tasks to queue
[2024-12-07T04:12:53.562-0300] {logging_mixin.py:190} INFO - [2024-12-07T04:12:53.561-0300] {dagbag.py:588} INFO - Filling up the DagBag from /home/crisu/miniconda3/envs/lab13.1/lib/python3.9/site-packages/airflow/example_dags/example_python_decorator.py
[2024-12-07T04:12:53.571-0300] {logging_mixin.py:190} INFO - [2024-12-07T04:12:53.570-0300] {example_python_decorator.py:80} WARNING - The virtalenv_python example task requires virtualenv, please install it.
[2024-12-07T04:12:53.571-0300] {processor.py:925} INFO - DAG(s) 'example_python_decorator' retrieved from /home/crisu/miniconda3/envs/lab13.1/lib/python3.9/site-packages/airflow/example_dags/example_python_decorator.py
[2024-12-07T04:12:53.587-0300] {logging_mixin.py:190} INFO - [2024-12-07T04:12:53.587-0300] {dag.py:3239} INFO - Sync 1 DAGs
[2024-12-07T04:12:53.601-0300] {logging_mixin.py:190} INFO - [2024-12-07T04:12:53.601-0300] {dag.py:4180} INFO - Setting next_dagrun for example_python_decorator to None, run_after=None
[2024-12-07T04:12:53.665-0300] {processor.py:208} INFO - Processing /home/crisu/miniconda3/envs/lab13.1/lib/python3.9/site-packages/airflow/example_dags/example_python_decorator.py took 0.125 seconds
[2024-12-07T04:14:08.888-0300] {processor.py:186} INFO - Started process (PID=49879) to work on /home/crisu/miniconda3/envs/lab13.1/lib/python3.9/site-packages/airflow/example_dags/example_python_decorator.py
[2024-12-07T04:14:08.899-0300] {processor.py:914} INFO - Processing file /home/crisu/miniconda3/envs/lab13.1/lib/python3.9/site-packages/airflow/example_dags/example_python_decorator.py for tasks to queue
[2024-12-07T04:14:08.900-0300] {logging_mixin.py:190} INFO - [2024-12-07T04:14:08.899-0300] {dagbag.py:588} INFO - Filling up the DagBag from /home/crisu/miniconda3/envs/lab13.1/lib/python3.9/site-packages/airflow/example_dags/example_python_decorator.py
[2024-12-07T04:14:08.908-0300] {logging_mixin.py:190} INFO - [2024-12-07T04:14:08.908-0300] {example_python_decorator.py:80} WARNING - The virtalenv_python example task requires virtualenv, please install it.
[2024-12-07T04:14:08.909-0300] {processor.py:925} INFO - DAG(s) 'example_python_decorator' retrieved from /home/crisu/miniconda3/envs/lab13.1/lib/python3.9/site-packages/airflow/example_dags/example_python_decorator.py
[2024-12-07T04:14:08.923-0300] {logging_mixin.py:190} INFO - [2024-12-07T04:14:08.923-0300] {dag.py:3239} INFO - Sync 1 DAGs
[2024-12-07T04:14:08.933-0300] {logging_mixin.py:190} INFO - [2024-12-07T04:14:08.933-0300] {dag.py:4180} INFO - Setting next_dagrun for example_python_decorator to None, run_after=None
[2024-12-07T04:14:08.992-0300] {processor.py:208} INFO - Processing /home/crisu/miniconda3/envs/lab13.1/lib/python3.9/site-packages/airflow/example_dags/example_python_decorator.py took 0.109 seconds
[2024-12-07T04:15:27.791-0300] {processor.py:186} INFO - Started process (PID=50014) to work on /home/crisu/miniconda3/envs/lab13.1/lib/python3.9/site-packages/airflow/example_dags/example_python_decorator.py
[2024-12-07T04:15:27.800-0300] {processor.py:914} INFO - Processing file /home/crisu/miniconda3/envs/lab13.1/lib/python3.9/site-packages/airflow/example_dags/example_python_decorator.py for tasks to queue
[2024-12-07T04:15:27.801-0300] {logging_mixin.py:190} INFO - [2024-12-07T04:15:27.801-0300] {dagbag.py:588} INFO - Filling up the DagBag from /home/crisu/miniconda3/envs/lab13.1/lib/python3.9/site-packages/airflow/example_dags/example_python_decorator.py
[2024-12-07T04:15:27.809-0300] {logging_mixin.py:190} INFO - [2024-12-07T04:15:27.809-0300] {example_python_decorator.py:80} WARNING - The virtalenv_python example task requires virtualenv, please install it.
[2024-12-07T04:15:27.810-0300] {processor.py:925} INFO - DAG(s) 'example_python_decorator' retrieved from /home/crisu/miniconda3/envs/lab13.1/lib/python3.9/site-packages/airflow/example_dags/example_python_decorator.py
[2024-12-07T04:15:27.825-0300] {logging_mixin.py:190} INFO - [2024-12-07T04:15:27.824-0300] {dag.py:3239} INFO - Sync 1 DAGs
[2024-12-07T04:15:27.835-0300] {logging_mixin.py:190} INFO - [2024-12-07T04:15:27.835-0300] {dag.py:4180} INFO - Setting next_dagrun for example_python_decorator to None, run_after=None
[2024-12-07T04:15:27.895-0300] {processor.py:208} INFO - Processing /home/crisu/miniconda3/envs/lab13.1/lib/python3.9/site-packages/airflow/example_dags/example_python_decorator.py took 0.108 seconds
