[2024-12-07T01:52:51.661-0300] {processor.py:186} INFO - Started process (PID=34033) to work on /home/crisu/miniconda3/envs/lab13.1/lib/python3.9/site-packages/airflow/example_dags/example_setup_teardown.py
[2024-12-07T01:52:51.662-0300] {processor.py:914} INFO - Processing file /home/crisu/miniconda3/envs/lab13.1/lib/python3.9/site-packages/airflow/example_dags/example_setup_teardown.py for tasks to queue
[2024-12-07T01:52:51.665-0300] {logging_mixin.py:190} INFO - [2024-12-07T01:52:51.664-0300] {dagbag.py:588} INFO - Filling up the DagBag from /home/crisu/miniconda3/envs/lab13.1/lib/python3.9/site-packages/airflow/example_dags/example_setup_teardown.py
[2024-12-07T01:52:51.673-0300] {processor.py:925} INFO - DAG(s) 'example_setup_teardown' retrieved from /home/crisu/miniconda3/envs/lab13.1/lib/python3.9/site-packages/airflow/example_dags/example_setup_teardown.py
[2024-12-07T01:52:51.878-0300] {logging_mixin.py:190} INFO - [2024-12-07T01:52:51.877-0300] {override.py:1911} INFO - Created Permission View: can delete on DAG:example_setup_teardown
[2024-12-07T01:52:51.957-0300] {logging_mixin.py:190} INFO - [2024-12-07T01:52:51.957-0300] {override.py:1911} INFO - Created Permission View: can edit on DAG:example_setup_teardown
[2024-12-07T01:52:52.003-0300] {logging_mixin.py:190} INFO - [2024-12-07T01:52:52.002-0300] {override.py:1911} INFO - Created Permission View: can read on DAG:example_setup_teardown
[2024-12-07T01:52:52.093-0300] {logging_mixin.py:190} INFO - [2024-12-07T01:52:52.092-0300] {override.py:1911} INFO - Created Permission View: menu access on DAG Run:example_setup_teardown
[2024-12-07T01:52:52.139-0300] {logging_mixin.py:190} INFO - [2024-12-07T01:52:52.138-0300] {override.py:1911} INFO - Created Permission View: can delete on DAG Run:example_setup_teardown
[2024-12-07T01:52:52.184-0300] {logging_mixin.py:190} INFO - [2024-12-07T01:52:52.184-0300] {override.py:1911} INFO - Created Permission View: can read on DAG Run:example_setup_teardown
[2024-12-07T01:52:52.240-0300] {logging_mixin.py:190} INFO - [2024-12-07T01:52:52.240-0300] {override.py:1911} INFO - Created Permission View: can create on DAG Run:example_setup_teardown
[2024-12-07T01:52:52.241-0300] {logging_mixin.py:190} INFO - [2024-12-07T01:52:52.241-0300] {dag.py:3239} INFO - Sync 1 DAGs
[2024-12-07T01:52:52.257-0300] {logging_mixin.py:190} INFO - [2024-12-07T01:52:52.257-0300] {dag.py:3262} INFO - Creating ORM DAG for example_setup_teardown
[2024-12-07T01:52:52.258-0300] {logging_mixin.py:190} INFO - [2024-12-07T01:52:52.258-0300] {dag.py:4180} INFO - Setting next_dagrun for example_setup_teardown to None, run_after=None
[2024-12-07T01:52:52.328-0300] {processor.py:208} INFO - Processing /home/crisu/miniconda3/envs/lab13.1/lib/python3.9/site-packages/airflow/example_dags/example_setup_teardown.py took 0.673 seconds
[2024-12-07T02:07:51.592-0300] {processor.py:186} INFO - Started process (PID=35384) to work on /home/crisu/miniconda3/envs/lab13.1/lib/python3.9/site-packages/airflow/example_dags/example_setup_teardown.py
[2024-12-07T02:07:51.609-0300] {processor.py:914} INFO - Processing file /home/crisu/miniconda3/envs/lab13.1/lib/python3.9/site-packages/airflow/example_dags/example_setup_teardown.py for tasks to queue
[2024-12-07T02:07:51.612-0300] {logging_mixin.py:190} INFO - [2024-12-07T02:07:51.611-0300] {dagbag.py:588} INFO - Filling up the DagBag from /home/crisu/miniconda3/envs/lab13.1/lib/python3.9/site-packages/airflow/example_dags/example_setup_teardown.py
[2024-12-07T02:07:51.619-0300] {processor.py:925} INFO - DAG(s) 'example_setup_teardown' retrieved from /home/crisu/miniconda3/envs/lab13.1/lib/python3.9/site-packages/airflow/example_dags/example_setup_teardown.py
[2024-12-07T02:07:51.637-0300] {logging_mixin.py:190} INFO - [2024-12-07T02:07:51.637-0300] {dag.py:3239} INFO - Sync 1 DAGs
[2024-12-07T02:07:51.650-0300] {logging_mixin.py:190} INFO - [2024-12-07T02:07:51.650-0300] {dag.py:4180} INFO - Setting next_dagrun for example_setup_teardown to None, run_after=None
[2024-12-07T02:07:51.728-0300] {processor.py:208} INFO - Processing /home/crisu/miniconda3/envs/lab13.1/lib/python3.9/site-packages/airflow/example_dags/example_setup_teardown.py took 0.142 seconds
[2024-12-07T02:11:35.071-0300] {processor.py:186} INFO - Started process (PID=35916) to work on /home/crisu/miniconda3/envs/lab13.1/lib/python3.9/site-packages/airflow/example_dags/example_setup_teardown.py
[2024-12-07T02:11:35.322-0300] {processor.py:914} INFO - Processing file /home/crisu/miniconda3/envs/lab13.1/lib/python3.9/site-packages/airflow/example_dags/example_setup_teardown.py for tasks to queue
[2024-12-07T02:11:35.324-0300] {logging_mixin.py:190} INFO - [2024-12-07T02:11:35.324-0300] {dagbag.py:588} INFO - Filling up the DagBag from /home/crisu/miniconda3/envs/lab13.1/lib/python3.9/site-packages/airflow/example_dags/example_setup_teardown.py
[2024-12-07T02:11:35.331-0300] {processor.py:925} INFO - DAG(s) 'example_setup_teardown' retrieved from /home/crisu/miniconda3/envs/lab13.1/lib/python3.9/site-packages/airflow/example_dags/example_setup_teardown.py
[2024-12-07T02:11:35.345-0300] {logging_mixin.py:190} INFO - [2024-12-07T02:11:35.345-0300] {dag.py:3239} INFO - Sync 1 DAGs
[2024-12-07T02:11:35.357-0300] {logging_mixin.py:190} INFO - [2024-12-07T02:11:35.357-0300] {dag.py:4180} INFO - Setting next_dagrun for example_setup_teardown to None, run_after=None
[2024-12-07T02:11:37.256-0300] {processor.py:208} INFO - Processing /home/crisu/miniconda3/envs/lab13.1/lib/python3.9/site-packages/airflow/example_dags/example_setup_teardown.py took 2.194 seconds
[2024-12-07T02:12:50.564-0300] {processor.py:186} INFO - Started process (PID=36021) to work on /home/crisu/miniconda3/envs/lab13.1/lib/python3.9/site-packages/airflow/example_dags/example_setup_teardown.py
[2024-12-07T02:12:50.568-0300] {processor.py:914} INFO - Processing file /home/crisu/miniconda3/envs/lab13.1/lib/python3.9/site-packages/airflow/example_dags/example_setup_teardown.py for tasks to queue
[2024-12-07T02:12:50.571-0300] {logging_mixin.py:190} INFO - [2024-12-07T02:12:50.570-0300] {dagbag.py:588} INFO - Filling up the DagBag from /home/crisu/miniconda3/envs/lab13.1/lib/python3.9/site-packages/airflow/example_dags/example_setup_teardown.py
[2024-12-07T02:12:50.579-0300] {processor.py:925} INFO - DAG(s) 'example_setup_teardown' retrieved from /home/crisu/miniconda3/envs/lab13.1/lib/python3.9/site-packages/airflow/example_dags/example_setup_teardown.py
[2024-12-07T02:12:50.594-0300] {logging_mixin.py:190} INFO - [2024-12-07T02:12:50.594-0300] {dag.py:3239} INFO - Sync 1 DAGs
[2024-12-07T02:12:50.607-0300] {logging_mixin.py:190} INFO - [2024-12-07T02:12:50.606-0300] {dag.py:4180} INFO - Setting next_dagrun for example_setup_teardown to None, run_after=None
[2024-12-07T02:12:50.672-0300] {processor.py:208} INFO - Processing /home/crisu/miniconda3/envs/lab13.1/lib/python3.9/site-packages/airflow/example_dags/example_setup_teardown.py took 0.114 seconds
[2024-12-07T02:15:38.530-0300] {processor.py:186} INFO - Started process (PID=36382) to work on /home/crisu/miniconda3/envs/lab13.1/lib/python3.9/site-packages/airflow/example_dags/example_setup_teardown.py
[2024-12-07T02:15:38.546-0300] {processor.py:914} INFO - Processing file /home/crisu/miniconda3/envs/lab13.1/lib/python3.9/site-packages/airflow/example_dags/example_setup_teardown.py for tasks to queue
[2024-12-07T02:15:38.548-0300] {logging_mixin.py:190} INFO - [2024-12-07T02:15:38.547-0300] {dagbag.py:588} INFO - Filling up the DagBag from /home/crisu/miniconda3/envs/lab13.1/lib/python3.9/site-packages/airflow/example_dags/example_setup_teardown.py
[2024-12-07T02:15:38.555-0300] {processor.py:925} INFO - DAG(s) 'example_setup_teardown' retrieved from /home/crisu/miniconda3/envs/lab13.1/lib/python3.9/site-packages/airflow/example_dags/example_setup_teardown.py
[2024-12-07T02:15:38.569-0300] {logging_mixin.py:190} INFO - [2024-12-07T02:15:38.568-0300] {dag.py:3239} INFO - Sync 1 DAGs
[2024-12-07T02:15:38.579-0300] {logging_mixin.py:190} INFO - [2024-12-07T02:15:38.579-0300] {dag.py:4180} INFO - Setting next_dagrun for example_setup_teardown to None, run_after=None
[2024-12-07T02:15:38.643-0300] {processor.py:208} INFO - Processing /home/crisu/miniconda3/envs/lab13.1/lib/python3.9/site-packages/airflow/example_dags/example_setup_teardown.py took 0.121 seconds
[2024-12-07T02:17:13.905-0300] {processor.py:186} INFO - Started process (PID=36533) to work on /home/crisu/miniconda3/envs/lab13.1/lib/python3.9/site-packages/airflow/example_dags/example_setup_teardown.py
[2024-12-07T02:17:13.906-0300] {processor.py:914} INFO - Processing file /home/crisu/miniconda3/envs/lab13.1/lib/python3.9/site-packages/airflow/example_dags/example_setup_teardown.py for tasks to queue
[2024-12-07T02:17:13.908-0300] {logging_mixin.py:190} INFO - [2024-12-07T02:17:13.908-0300] {dagbag.py:588} INFO - Filling up the DagBag from /home/crisu/miniconda3/envs/lab13.1/lib/python3.9/site-packages/airflow/example_dags/example_setup_teardown.py
[2024-12-07T02:17:13.915-0300] {processor.py:925} INFO - DAG(s) 'example_setup_teardown' retrieved from /home/crisu/miniconda3/envs/lab13.1/lib/python3.9/site-packages/airflow/example_dags/example_setup_teardown.py
[2024-12-07T02:17:13.929-0300] {logging_mixin.py:190} INFO - [2024-12-07T02:17:13.929-0300] {dag.py:3239} INFO - Sync 1 DAGs
[2024-12-07T02:17:13.940-0300] {logging_mixin.py:190} INFO - [2024-12-07T02:17:13.940-0300] {dag.py:4180} INFO - Setting next_dagrun for example_setup_teardown to None, run_after=None
[2024-12-07T02:17:14.010-0300] {processor.py:208} INFO - Processing /home/crisu/miniconda3/envs/lab13.1/lib/python3.9/site-packages/airflow/example_dags/example_setup_teardown.py took 0.113 seconds
[2024-12-07T02:18:42.237-0300] {processor.py:186} INFO - Started process (PID=36721) to work on /home/crisu/miniconda3/envs/lab13.1/lib/python3.9/site-packages/airflow/example_dags/example_setup_teardown.py
[2024-12-07T02:18:42.239-0300] {processor.py:914} INFO - Processing file /home/crisu/miniconda3/envs/lab13.1/lib/python3.9/site-packages/airflow/example_dags/example_setup_teardown.py for tasks to queue
[2024-12-07T02:18:42.241-0300] {logging_mixin.py:190} INFO - [2024-12-07T02:18:42.240-0300] {dagbag.py:588} INFO - Filling up the DagBag from /home/crisu/miniconda3/envs/lab13.1/lib/python3.9/site-packages/airflow/example_dags/example_setup_teardown.py
[2024-12-07T02:18:42.248-0300] {processor.py:925} INFO - DAG(s) 'example_setup_teardown' retrieved from /home/crisu/miniconda3/envs/lab13.1/lib/python3.9/site-packages/airflow/example_dags/example_setup_teardown.py
[2024-12-07T02:18:42.261-0300] {logging_mixin.py:190} INFO - [2024-12-07T02:18:42.261-0300] {dag.py:3239} INFO - Sync 1 DAGs
[2024-12-07T02:18:42.272-0300] {logging_mixin.py:190} INFO - [2024-12-07T02:18:42.272-0300] {dag.py:4180} INFO - Setting next_dagrun for example_setup_teardown to None, run_after=None
[2024-12-07T02:18:42.362-0300] {processor.py:208} INFO - Processing /home/crisu/miniconda3/envs/lab13.1/lib/python3.9/site-packages/airflow/example_dags/example_setup_teardown.py took 0.132 seconds
[2024-12-07T02:31:14.602-0300] {processor.py:186} INFO - Started process (PID=37985) to work on /home/crisu/miniconda3/envs/lab13.1/lib/python3.9/site-packages/airflow/example_dags/example_setup_teardown.py
[2024-12-07T02:31:14.603-0300] {processor.py:914} INFO - Processing file /home/crisu/miniconda3/envs/lab13.1/lib/python3.9/site-packages/airflow/example_dags/example_setup_teardown.py for tasks to queue
[2024-12-07T02:31:14.605-0300] {logging_mixin.py:190} INFO - [2024-12-07T02:31:14.604-0300] {dagbag.py:588} INFO - Filling up the DagBag from /home/crisu/miniconda3/envs/lab13.1/lib/python3.9/site-packages/airflow/example_dags/example_setup_teardown.py
[2024-12-07T02:31:14.612-0300] {processor.py:925} INFO - DAG(s) 'example_setup_teardown' retrieved from /home/crisu/miniconda3/envs/lab13.1/lib/python3.9/site-packages/airflow/example_dags/example_setup_teardown.py
[2024-12-07T02:31:14.627-0300] {logging_mixin.py:190} INFO - [2024-12-07T02:31:14.627-0300] {dag.py:3239} INFO - Sync 1 DAGs
[2024-12-07T02:31:14.638-0300] {logging_mixin.py:190} INFO - [2024-12-07T02:31:14.638-0300] {dag.py:4180} INFO - Setting next_dagrun for example_setup_teardown to None, run_after=None
[2024-12-07T02:31:14.698-0300] {processor.py:208} INFO - Processing /home/crisu/miniconda3/envs/lab13.1/lib/python3.9/site-packages/airflow/example_dags/example_setup_teardown.py took 0.101 seconds
[2024-12-07T02:33:44.569-0300] {processor.py:186} INFO - Started process (PID=38209) to work on /home/crisu/miniconda3/envs/lab13.1/lib/python3.9/site-packages/airflow/example_dags/example_setup_teardown.py
[2024-12-07T02:33:44.570-0300] {processor.py:914} INFO - Processing file /home/crisu/miniconda3/envs/lab13.1/lib/python3.9/site-packages/airflow/example_dags/example_setup_teardown.py for tasks to queue
[2024-12-07T02:33:44.572-0300] {logging_mixin.py:190} INFO - [2024-12-07T02:33:44.571-0300] {dagbag.py:588} INFO - Filling up the DagBag from /home/crisu/miniconda3/envs/lab13.1/lib/python3.9/site-packages/airflow/example_dags/example_setup_teardown.py
[2024-12-07T02:33:44.579-0300] {processor.py:925} INFO - DAG(s) 'example_setup_teardown' retrieved from /home/crisu/miniconda3/envs/lab13.1/lib/python3.9/site-packages/airflow/example_dags/example_setup_teardown.py
[2024-12-07T02:33:44.593-0300] {logging_mixin.py:190} INFO - [2024-12-07T02:33:44.592-0300] {dag.py:3239} INFO - Sync 1 DAGs
[2024-12-07T02:33:44.603-0300] {logging_mixin.py:190} INFO - [2024-12-07T02:33:44.603-0300] {dag.py:4180} INFO - Setting next_dagrun for example_setup_teardown to None, run_after=None
[2024-12-07T02:33:44.668-0300] {processor.py:208} INFO - Processing /home/crisu/miniconda3/envs/lab13.1/lib/python3.9/site-packages/airflow/example_dags/example_setup_teardown.py took 0.105 seconds
[2024-12-07T02:36:15.760-0300] {processor.py:186} INFO - Started process (PID=38503) to work on /home/crisu/miniconda3/envs/lab13.1/lib/python3.9/site-packages/airflow/example_dags/example_setup_teardown.py
[2024-12-07T02:36:15.763-0300] {processor.py:914} INFO - Processing file /home/crisu/miniconda3/envs/lab13.1/lib/python3.9/site-packages/airflow/example_dags/example_setup_teardown.py for tasks to queue
[2024-12-07T02:36:15.766-0300] {logging_mixin.py:190} INFO - [2024-12-07T02:36:15.765-0300] {dagbag.py:588} INFO - Filling up the DagBag from /home/crisu/miniconda3/envs/lab13.1/lib/python3.9/site-packages/airflow/example_dags/example_setup_teardown.py
[2024-12-07T02:36:15.781-0300] {processor.py:925} INFO - DAG(s) 'example_setup_teardown' retrieved from /home/crisu/miniconda3/envs/lab13.1/lib/python3.9/site-packages/airflow/example_dags/example_setup_teardown.py
[2024-12-07T02:36:15.806-0300] {logging_mixin.py:190} INFO - [2024-12-07T02:36:15.806-0300] {dag.py:3239} INFO - Sync 1 DAGs
[2024-12-07T02:36:15.825-0300] {logging_mixin.py:190} INFO - [2024-12-07T02:36:15.825-0300] {dag.py:4180} INFO - Setting next_dagrun for example_setup_teardown to None, run_after=None
[2024-12-07T02:36:15.905-0300] {processor.py:208} INFO - Processing /home/crisu/miniconda3/envs/lab13.1/lib/python3.9/site-packages/airflow/example_dags/example_setup_teardown.py took 0.155 seconds
[2024-12-07T02:39:07.681-0300] {processor.py:186} INFO - Started process (PID=38781) to work on /home/crisu/miniconda3/envs/lab13.1/lib/python3.9/site-packages/airflow/example_dags/example_setup_teardown.py
[2024-12-07T02:39:07.682-0300] {processor.py:914} INFO - Processing file /home/crisu/miniconda3/envs/lab13.1/lib/python3.9/site-packages/airflow/example_dags/example_setup_teardown.py for tasks to queue
[2024-12-07T02:39:07.685-0300] {logging_mixin.py:190} INFO - [2024-12-07T02:39:07.685-0300] {dagbag.py:588} INFO - Filling up the DagBag from /home/crisu/miniconda3/envs/lab13.1/lib/python3.9/site-packages/airflow/example_dags/example_setup_teardown.py
[2024-12-07T02:39:07.697-0300] {processor.py:925} INFO - DAG(s) 'example_setup_teardown' retrieved from /home/crisu/miniconda3/envs/lab13.1/lib/python3.9/site-packages/airflow/example_dags/example_setup_teardown.py
[2024-12-07T02:39:07.716-0300] {logging_mixin.py:190} INFO - [2024-12-07T02:39:07.715-0300] {dag.py:3239} INFO - Sync 1 DAGs
[2024-12-07T02:39:07.732-0300] {logging_mixin.py:190} INFO - [2024-12-07T02:39:07.731-0300] {dag.py:4180} INFO - Setting next_dagrun for example_setup_teardown to None, run_after=None
[2024-12-07T02:39:08.353-0300] {processor.py:208} INFO - Processing /home/crisu/miniconda3/envs/lab13.1/lib/python3.9/site-packages/airflow/example_dags/example_setup_teardown.py took 0.679 seconds
[2024-12-07T02:40:31.288-0300] {processor.py:186} INFO - Started process (PID=38890) to work on /home/crisu/miniconda3/envs/lab13.1/lib/python3.9/site-packages/airflow/example_dags/example_setup_teardown.py
[2024-12-07T02:40:31.297-0300] {processor.py:914} INFO - Processing file /home/crisu/miniconda3/envs/lab13.1/lib/python3.9/site-packages/airflow/example_dags/example_setup_teardown.py for tasks to queue
[2024-12-07T02:40:31.299-0300] {logging_mixin.py:190} INFO - [2024-12-07T02:40:31.299-0300] {dagbag.py:588} INFO - Filling up the DagBag from /home/crisu/miniconda3/envs/lab13.1/lib/python3.9/site-packages/airflow/example_dags/example_setup_teardown.py
[2024-12-07T02:40:31.306-0300] {processor.py:925} INFO - DAG(s) 'example_setup_teardown' retrieved from /home/crisu/miniconda3/envs/lab13.1/lib/python3.9/site-packages/airflow/example_dags/example_setup_teardown.py
[2024-12-07T02:40:31.325-0300] {logging_mixin.py:190} INFO - [2024-12-07T02:40:31.324-0300] {dag.py:3239} INFO - Sync 1 DAGs
[2024-12-07T02:40:31.336-0300] {logging_mixin.py:190} INFO - [2024-12-07T02:40:31.336-0300] {dag.py:4180} INFO - Setting next_dagrun for example_setup_teardown to None, run_after=None
[2024-12-07T02:40:31.485-0300] {processor.py:208} INFO - Processing /home/crisu/miniconda3/envs/lab13.1/lib/python3.9/site-packages/airflow/example_dags/example_setup_teardown.py took 0.202 seconds
[2024-12-07T02:41:44.941-0300] {processor.py:186} INFO - Started process (PID=39014) to work on /home/crisu/miniconda3/envs/lab13.1/lib/python3.9/site-packages/airflow/example_dags/example_setup_teardown.py
[2024-12-07T02:41:44.948-0300] {processor.py:914} INFO - Processing file /home/crisu/miniconda3/envs/lab13.1/lib/python3.9/site-packages/airflow/example_dags/example_setup_teardown.py for tasks to queue
[2024-12-07T02:41:44.950-0300] {logging_mixin.py:190} INFO - [2024-12-07T02:41:44.949-0300] {dagbag.py:588} INFO - Filling up the DagBag from /home/crisu/miniconda3/envs/lab13.1/lib/python3.9/site-packages/airflow/example_dags/example_setup_teardown.py
[2024-12-07T02:41:44.957-0300] {processor.py:925} INFO - DAG(s) 'example_setup_teardown' retrieved from /home/crisu/miniconda3/envs/lab13.1/lib/python3.9/site-packages/airflow/example_dags/example_setup_teardown.py
[2024-12-07T02:41:44.973-0300] {logging_mixin.py:190} INFO - [2024-12-07T02:41:44.973-0300] {dag.py:3239} INFO - Sync 1 DAGs
[2024-12-07T02:41:45.073-0300] {logging_mixin.py:190} INFO - [2024-12-07T02:41:45.073-0300] {dag.py:4180} INFO - Setting next_dagrun for example_setup_teardown to None, run_after=None
[2024-12-07T02:41:45.134-0300] {processor.py:208} INFO - Processing /home/crisu/miniconda3/envs/lab13.1/lib/python3.9/site-packages/airflow/example_dags/example_setup_teardown.py took 0.198 seconds
[2024-12-07T02:44:53.227-0300] {processor.py:186} INFO - Started process (PID=39709) to work on /home/crisu/miniconda3/envs/lab13.1/lib/python3.9/site-packages/airflow/example_dags/example_setup_teardown.py
[2024-12-07T02:44:53.251-0300] {processor.py:914} INFO - Processing file /home/crisu/miniconda3/envs/lab13.1/lib/python3.9/site-packages/airflow/example_dags/example_setup_teardown.py for tasks to queue
[2024-12-07T02:44:53.253-0300] {logging_mixin.py:190} INFO - [2024-12-07T02:44:53.253-0300] {dagbag.py:588} INFO - Filling up the DagBag from /home/crisu/miniconda3/envs/lab13.1/lib/python3.9/site-packages/airflow/example_dags/example_setup_teardown.py
[2024-12-07T02:44:53.261-0300] {processor.py:925} INFO - DAG(s) 'example_setup_teardown' retrieved from /home/crisu/miniconda3/envs/lab13.1/lib/python3.9/site-packages/airflow/example_dags/example_setup_teardown.py
[2024-12-07T02:44:53.278-0300] {logging_mixin.py:190} INFO - [2024-12-07T02:44:53.277-0300] {dag.py:3239} INFO - Sync 1 DAGs
[2024-12-07T02:44:53.288-0300] {logging_mixin.py:190} INFO - [2024-12-07T02:44:53.288-0300] {dag.py:4180} INFO - Setting next_dagrun for example_setup_teardown to None, run_after=None
[2024-12-07T02:44:53.373-0300] {processor.py:208} INFO - Processing /home/crisu/miniconda3/envs/lab13.1/lib/python3.9/site-packages/airflow/example_dags/example_setup_teardown.py took 0.151 seconds
[2024-12-07T02:46:32.740-0300] {processor.py:186} INFO - Started process (PID=39999) to work on /home/crisu/miniconda3/envs/lab13.1/lib/python3.9/site-packages/airflow/example_dags/example_setup_teardown.py
[2024-12-07T02:46:32.747-0300] {processor.py:914} INFO - Processing file /home/crisu/miniconda3/envs/lab13.1/lib/python3.9/site-packages/airflow/example_dags/example_setup_teardown.py for tasks to queue
[2024-12-07T02:46:32.749-0300] {logging_mixin.py:190} INFO - [2024-12-07T02:46:32.749-0300] {dagbag.py:588} INFO - Filling up the DagBag from /home/crisu/miniconda3/envs/lab13.1/lib/python3.9/site-packages/airflow/example_dags/example_setup_teardown.py
[2024-12-07T02:46:32.759-0300] {processor.py:925} INFO - DAG(s) 'example_setup_teardown' retrieved from /home/crisu/miniconda3/envs/lab13.1/lib/python3.9/site-packages/airflow/example_dags/example_setup_teardown.py
[2024-12-07T02:46:32.775-0300] {logging_mixin.py:190} INFO - [2024-12-07T02:46:32.775-0300] {dag.py:3239} INFO - Sync 1 DAGs
[2024-12-07T02:46:32.786-0300] {logging_mixin.py:190} INFO - [2024-12-07T02:46:32.786-0300] {dag.py:4180} INFO - Setting next_dagrun for example_setup_teardown to None, run_after=None
[2024-12-07T02:46:32.864-0300] {processor.py:208} INFO - Processing /home/crisu/miniconda3/envs/lab13.1/lib/python3.9/site-packages/airflow/example_dags/example_setup_teardown.py took 0.130 seconds
[2024-12-07T02:48:05.041-0300] {processor.py:186} INFO - Started process (PID=40307) to work on /home/crisu/miniconda3/envs/lab13.1/lib/python3.9/site-packages/airflow/example_dags/example_setup_teardown.py
[2024-12-07T02:48:05.068-0300] {processor.py:914} INFO - Processing file /home/crisu/miniconda3/envs/lab13.1/lib/python3.9/site-packages/airflow/example_dags/example_setup_teardown.py for tasks to queue
[2024-12-07T02:48:05.070-0300] {logging_mixin.py:190} INFO - [2024-12-07T02:48:05.069-0300] {dagbag.py:588} INFO - Filling up the DagBag from /home/crisu/miniconda3/envs/lab13.1/lib/python3.9/site-packages/airflow/example_dags/example_setup_teardown.py
[2024-12-07T02:48:05.078-0300] {processor.py:925} INFO - DAG(s) 'example_setup_teardown' retrieved from /home/crisu/miniconda3/envs/lab13.1/lib/python3.9/site-packages/airflow/example_dags/example_setup_teardown.py
[2024-12-07T02:48:05.094-0300] {logging_mixin.py:190} INFO - [2024-12-07T02:48:05.093-0300] {dag.py:3239} INFO - Sync 1 DAGs
[2024-12-07T02:48:05.104-0300] {logging_mixin.py:190} INFO - [2024-12-07T02:48:05.104-0300] {dag.py:4180} INFO - Setting next_dagrun for example_setup_teardown to None, run_after=None
[2024-12-07T02:48:05.686-0300] {processor.py:208} INFO - Processing /home/crisu/miniconda3/envs/lab13.1/lib/python3.9/site-packages/airflow/example_dags/example_setup_teardown.py took 0.650 seconds
[2024-12-07T02:50:13.500-0300] {processor.py:186} INFO - Started process (PID=40801) to work on /home/crisu/miniconda3/envs/lab13.1/lib/python3.9/site-packages/airflow/example_dags/example_setup_teardown.py
[2024-12-07T02:50:13.501-0300] {processor.py:914} INFO - Processing file /home/crisu/miniconda3/envs/lab13.1/lib/python3.9/site-packages/airflow/example_dags/example_setup_teardown.py for tasks to queue
[2024-12-07T02:50:13.502-0300] {logging_mixin.py:190} INFO - [2024-12-07T02:50:13.502-0300] {dagbag.py:588} INFO - Filling up the DagBag from /home/crisu/miniconda3/envs/lab13.1/lib/python3.9/site-packages/airflow/example_dags/example_setup_teardown.py
[2024-12-07T02:50:13.512-0300] {processor.py:925} INFO - DAG(s) 'example_setup_teardown' retrieved from /home/crisu/miniconda3/envs/lab13.1/lib/python3.9/site-packages/airflow/example_dags/example_setup_teardown.py
[2024-12-07T02:50:13.527-0300] {logging_mixin.py:190} INFO - [2024-12-07T02:50:13.527-0300] {dag.py:3239} INFO - Sync 1 DAGs
[2024-12-07T02:50:13.537-0300] {logging_mixin.py:190} INFO - [2024-12-07T02:50:13.537-0300] {dag.py:4180} INFO - Setting next_dagrun for example_setup_teardown to None, run_after=None
[2024-12-07T02:50:13.706-0300] {processor.py:208} INFO - Processing /home/crisu/miniconda3/envs/lab13.1/lib/python3.9/site-packages/airflow/example_dags/example_setup_teardown.py took 0.211 seconds
[2024-12-07T02:51:42.151-0300] {processor.py:186} INFO - Started process (PID=40996) to work on /home/crisu/miniconda3/envs/lab13.1/lib/python3.9/site-packages/airflow/example_dags/example_setup_teardown.py
[2024-12-07T02:51:42.189-0300] {processor.py:914} INFO - Processing file /home/crisu/miniconda3/envs/lab13.1/lib/python3.9/site-packages/airflow/example_dags/example_setup_teardown.py for tasks to queue
[2024-12-07T02:51:42.191-0300] {logging_mixin.py:190} INFO - [2024-12-07T02:51:42.191-0300] {dagbag.py:588} INFO - Filling up the DagBag from /home/crisu/miniconda3/envs/lab13.1/lib/python3.9/site-packages/airflow/example_dags/example_setup_teardown.py
[2024-12-07T02:51:42.199-0300] {processor.py:925} INFO - DAG(s) 'example_setup_teardown' retrieved from /home/crisu/miniconda3/envs/lab13.1/lib/python3.9/site-packages/airflow/example_dags/example_setup_teardown.py
[2024-12-07T02:51:42.213-0300] {logging_mixin.py:190} INFO - [2024-12-07T02:51:42.213-0300] {dag.py:3239} INFO - Sync 1 DAGs
[2024-12-07T02:51:42.224-0300] {logging_mixin.py:190} INFO - [2024-12-07T02:51:42.224-0300] {dag.py:4180} INFO - Setting next_dagrun for example_setup_teardown to None, run_after=None
[2024-12-07T02:51:43.530-0300] {processor.py:208} INFO - Processing /home/crisu/miniconda3/envs/lab13.1/lib/python3.9/site-packages/airflow/example_dags/example_setup_teardown.py took 1.387 seconds
[2024-12-07T03:20:19.647-0300] {processor.py:186} INFO - Started process (PID=42663) to work on /home/crisu/miniconda3/envs/lab13.1/lib/python3.9/site-packages/airflow/example_dags/example_setup_teardown.py
[2024-12-07T03:20:19.648-0300] {processor.py:914} INFO - Processing file /home/crisu/miniconda3/envs/lab13.1/lib/python3.9/site-packages/airflow/example_dags/example_setup_teardown.py for tasks to queue
[2024-12-07T03:20:19.649-0300] {logging_mixin.py:190} INFO - [2024-12-07T03:20:19.649-0300] {dagbag.py:588} INFO - Filling up the DagBag from /home/crisu/miniconda3/envs/lab13.1/lib/python3.9/site-packages/airflow/example_dags/example_setup_teardown.py
[2024-12-07T03:20:19.656-0300] {processor.py:925} INFO - DAG(s) 'example_setup_teardown' retrieved from /home/crisu/miniconda3/envs/lab13.1/lib/python3.9/site-packages/airflow/example_dags/example_setup_teardown.py
[2024-12-07T03:20:20.104-0300] {logging_mixin.py:190} INFO - [2024-12-07T03:20:20.103-0300] {dag.py:3239} INFO - Sync 1 DAGs
[2024-12-07T03:20:20.120-0300] {logging_mixin.py:190} INFO - [2024-12-07T03:20:20.120-0300] {dag.py:4180} INFO - Setting next_dagrun for example_setup_teardown to None, run_after=None
[2024-12-07T03:20:21.573-0300] {processor.py:208} INFO - Processing /home/crisu/miniconda3/envs/lab13.1/lib/python3.9/site-packages/airflow/example_dags/example_setup_teardown.py took 1.933 seconds
[2024-12-07T03:23:29.254-0300] {processor.py:186} INFO - Started process (PID=42848) to work on /home/crisu/miniconda3/envs/lab13.1/lib/python3.9/site-packages/airflow/example_dags/example_setup_teardown.py
[2024-12-07T03:23:30.055-0300] {processor.py:914} INFO - Processing file /home/crisu/miniconda3/envs/lab13.1/lib/python3.9/site-packages/airflow/example_dags/example_setup_teardown.py for tasks to queue
[2024-12-07T03:23:30.057-0300] {logging_mixin.py:190} INFO - [2024-12-07T03:23:30.056-0300] {dagbag.py:588} INFO - Filling up the DagBag from /home/crisu/miniconda3/envs/lab13.1/lib/python3.9/site-packages/airflow/example_dags/example_setup_teardown.py
[2024-12-07T03:23:30.062-0300] {processor.py:925} INFO - DAG(s) 'example_setup_teardown' retrieved from /home/crisu/miniconda3/envs/lab13.1/lib/python3.9/site-packages/airflow/example_dags/example_setup_teardown.py
[2024-12-07T03:23:30.077-0300] {logging_mixin.py:190} INFO - [2024-12-07T03:23:30.076-0300] {dag.py:3239} INFO - Sync 1 DAGs
[2024-12-07T03:23:30.088-0300] {logging_mixin.py:190} INFO - [2024-12-07T03:23:30.088-0300] {dag.py:4180} INFO - Setting next_dagrun for example_setup_teardown to None, run_after=None
[2024-12-07T03:23:30.595-0300] {processor.py:208} INFO - Processing /home/crisu/miniconda3/envs/lab13.1/lib/python3.9/site-packages/airflow/example_dags/example_setup_teardown.py took 1.346 seconds
[2024-12-07T03:27:41.278-0300] {processor.py:186} INFO - Started process (PID=43629) to work on /home/crisu/miniconda3/envs/lab13.1/lib/python3.9/site-packages/airflow/example_dags/example_setup_teardown.py
[2024-12-07T03:27:41.302-0300] {processor.py:914} INFO - Processing file /home/crisu/miniconda3/envs/lab13.1/lib/python3.9/site-packages/airflow/example_dags/example_setup_teardown.py for tasks to queue
[2024-12-07T03:27:41.304-0300] {logging_mixin.py:190} INFO - [2024-12-07T03:27:41.304-0300] {dagbag.py:588} INFO - Filling up the DagBag from /home/crisu/miniconda3/envs/lab13.1/lib/python3.9/site-packages/airflow/example_dags/example_setup_teardown.py
[2024-12-07T03:27:41.312-0300] {processor.py:925} INFO - DAG(s) 'example_setup_teardown' retrieved from /home/crisu/miniconda3/envs/lab13.1/lib/python3.9/site-packages/airflow/example_dags/example_setup_teardown.py
[2024-12-07T03:27:41.329-0300] {logging_mixin.py:190} INFO - [2024-12-07T03:27:41.328-0300] {dag.py:3239} INFO - Sync 1 DAGs
[2024-12-07T03:27:41.340-0300] {logging_mixin.py:190} INFO - [2024-12-07T03:27:41.340-0300] {dag.py:4180} INFO - Setting next_dagrun for example_setup_teardown to None, run_after=None
[2024-12-07T03:27:41.414-0300] {processor.py:208} INFO - Processing /home/crisu/miniconda3/envs/lab13.1/lib/python3.9/site-packages/airflow/example_dags/example_setup_teardown.py took 0.141 seconds
[2024-12-07T03:29:37.266-0300] {processor.py:186} INFO - Started process (PID=43839) to work on /home/crisu/miniconda3/envs/lab13.1/lib/python3.9/site-packages/airflow/example_dags/example_setup_teardown.py
[2024-12-07T03:29:37.279-0300] {processor.py:914} INFO - Processing file /home/crisu/miniconda3/envs/lab13.1/lib/python3.9/site-packages/airflow/example_dags/example_setup_teardown.py for tasks to queue
[2024-12-07T03:29:37.281-0300] {logging_mixin.py:190} INFO - [2024-12-07T03:29:37.281-0300] {dagbag.py:588} INFO - Filling up the DagBag from /home/crisu/miniconda3/envs/lab13.1/lib/python3.9/site-packages/airflow/example_dags/example_setup_teardown.py
[2024-12-07T03:29:37.289-0300] {processor.py:925} INFO - DAG(s) 'example_setup_teardown' retrieved from /home/crisu/miniconda3/envs/lab13.1/lib/python3.9/site-packages/airflow/example_dags/example_setup_teardown.py
[2024-12-07T03:29:37.302-0300] {logging_mixin.py:190} INFO - [2024-12-07T03:29:37.302-0300] {dag.py:3239} INFO - Sync 1 DAGs
[2024-12-07T03:29:37.313-0300] {logging_mixin.py:190} INFO - [2024-12-07T03:29:37.313-0300] {dag.py:4180} INFO - Setting next_dagrun for example_setup_teardown to None, run_after=None
[2024-12-07T03:29:37.374-0300] {processor.py:208} INFO - Processing /home/crisu/miniconda3/envs/lab13.1/lib/python3.9/site-packages/airflow/example_dags/example_setup_teardown.py took 0.114 seconds
[2024-12-07T03:34:12.314-0300] {processor.py:186} INFO - Started process (PID=44573) to work on /home/crisu/miniconda3/envs/lab13.1/lib/python3.9/site-packages/airflow/example_dags/example_setup_teardown.py
[2024-12-07T03:34:12.332-0300] {processor.py:914} INFO - Processing file /home/crisu/miniconda3/envs/lab13.1/lib/python3.9/site-packages/airflow/example_dags/example_setup_teardown.py for tasks to queue
[2024-12-07T03:34:12.334-0300] {logging_mixin.py:190} INFO - [2024-12-07T03:34:12.333-0300] {dagbag.py:588} INFO - Filling up the DagBag from /home/crisu/miniconda3/envs/lab13.1/lib/python3.9/site-packages/airflow/example_dags/example_setup_teardown.py
[2024-12-07T03:34:12.340-0300] {processor.py:925} INFO - DAG(s) 'example_setup_teardown' retrieved from /home/crisu/miniconda3/envs/lab13.1/lib/python3.9/site-packages/airflow/example_dags/example_setup_teardown.py
[2024-12-07T03:34:12.355-0300] {logging_mixin.py:190} INFO - [2024-12-07T03:34:12.355-0300] {dag.py:3239} INFO - Sync 1 DAGs
[2024-12-07T03:34:12.366-0300] {logging_mixin.py:190} INFO - [2024-12-07T03:34:12.366-0300] {dag.py:4180} INFO - Setting next_dagrun for example_setup_teardown to None, run_after=None
[2024-12-07T03:34:12.432-0300] {processor.py:208} INFO - Processing /home/crisu/miniconda3/envs/lab13.1/lib/python3.9/site-packages/airflow/example_dags/example_setup_teardown.py took 0.123 seconds
[2024-12-07T03:35:48.042-0300] {processor.py:186} INFO - Started process (PID=44768) to work on /home/crisu/miniconda3/envs/lab13.1/lib/python3.9/site-packages/airflow/example_dags/example_setup_teardown.py
[2024-12-07T03:35:48.057-0300] {processor.py:914} INFO - Processing file /home/crisu/miniconda3/envs/lab13.1/lib/python3.9/site-packages/airflow/example_dags/example_setup_teardown.py for tasks to queue
[2024-12-07T03:35:48.058-0300] {logging_mixin.py:190} INFO - [2024-12-07T03:35:48.058-0300] {dagbag.py:588} INFO - Filling up the DagBag from /home/crisu/miniconda3/envs/lab13.1/lib/python3.9/site-packages/airflow/example_dags/example_setup_teardown.py
[2024-12-07T03:35:48.064-0300] {processor.py:925} INFO - DAG(s) 'example_setup_teardown' retrieved from /home/crisu/miniconda3/envs/lab13.1/lib/python3.9/site-packages/airflow/example_dags/example_setup_teardown.py
[2024-12-07T03:35:48.078-0300] {logging_mixin.py:190} INFO - [2024-12-07T03:35:48.078-0300] {dag.py:3239} INFO - Sync 1 DAGs
[2024-12-07T03:35:48.089-0300] {logging_mixin.py:190} INFO - [2024-12-07T03:35:48.089-0300] {dag.py:4180} INFO - Setting next_dagrun for example_setup_teardown to None, run_after=None
[2024-12-07T03:35:48.147-0300] {processor.py:208} INFO - Processing /home/crisu/miniconda3/envs/lab13.1/lib/python3.9/site-packages/airflow/example_dags/example_setup_teardown.py took 0.109 seconds
[2024-12-07T03:37:51.521-0300] {processor.py:186} INFO - Started process (PID=44965) to work on /home/crisu/miniconda3/envs/lab13.1/lib/python3.9/site-packages/airflow/example_dags/example_setup_teardown.py
[2024-12-07T03:37:51.540-0300] {processor.py:914} INFO - Processing file /home/crisu/miniconda3/envs/lab13.1/lib/python3.9/site-packages/airflow/example_dags/example_setup_teardown.py for tasks to queue
[2024-12-07T03:37:51.541-0300] {logging_mixin.py:190} INFO - [2024-12-07T03:37:51.541-0300] {dagbag.py:588} INFO - Filling up the DagBag from /home/crisu/miniconda3/envs/lab13.1/lib/python3.9/site-packages/airflow/example_dags/example_setup_teardown.py
[2024-12-07T03:37:51.547-0300] {processor.py:925} INFO - DAG(s) 'example_setup_teardown' retrieved from /home/crisu/miniconda3/envs/lab13.1/lib/python3.9/site-packages/airflow/example_dags/example_setup_teardown.py
[2024-12-07T03:37:51.561-0300] {logging_mixin.py:190} INFO - [2024-12-07T03:37:51.561-0300] {dag.py:3239} INFO - Sync 1 DAGs
[2024-12-07T03:37:51.572-0300] {logging_mixin.py:190} INFO - [2024-12-07T03:37:51.572-0300] {dag.py:4180} INFO - Setting next_dagrun for example_setup_teardown to None, run_after=None
[2024-12-07T03:37:51.640-0300] {processor.py:208} INFO - Processing /home/crisu/miniconda3/envs/lab13.1/lib/python3.9/site-packages/airflow/example_dags/example_setup_teardown.py took 0.127 seconds
[2024-12-07T03:39:09.332-0300] {processor.py:186} INFO - Started process (PID=45123) to work on /home/crisu/miniconda3/envs/lab13.1/lib/python3.9/site-packages/airflow/example_dags/example_setup_teardown.py
[2024-12-07T03:39:09.343-0300] {processor.py:914} INFO - Processing file /home/crisu/miniconda3/envs/lab13.1/lib/python3.9/site-packages/airflow/example_dags/example_setup_teardown.py for tasks to queue
[2024-12-07T03:39:09.344-0300] {logging_mixin.py:190} INFO - [2024-12-07T03:39:09.344-0300] {dagbag.py:588} INFO - Filling up the DagBag from /home/crisu/miniconda3/envs/lab13.1/lib/python3.9/site-packages/airflow/example_dags/example_setup_teardown.py
[2024-12-07T03:39:09.350-0300] {processor.py:925} INFO - DAG(s) 'example_setup_teardown' retrieved from /home/crisu/miniconda3/envs/lab13.1/lib/python3.9/site-packages/airflow/example_dags/example_setup_teardown.py
[2024-12-07T03:39:09.364-0300] {logging_mixin.py:190} INFO - [2024-12-07T03:39:09.364-0300] {dag.py:3239} INFO - Sync 1 DAGs
[2024-12-07T03:39:09.374-0300] {logging_mixin.py:190} INFO - [2024-12-07T03:39:09.374-0300] {dag.py:4180} INFO - Setting next_dagrun for example_setup_teardown to None, run_after=None
[2024-12-07T03:39:09.432-0300] {processor.py:208} INFO - Processing /home/crisu/miniconda3/envs/lab13.1/lib/python3.9/site-packages/airflow/example_dags/example_setup_teardown.py took 0.105 seconds
[2024-12-07T03:40:25.112-0300] {processor.py:186} INFO - Started process (PID=45276) to work on /home/crisu/miniconda3/envs/lab13.1/lib/python3.9/site-packages/airflow/example_dags/example_setup_teardown.py
[2024-12-07T03:40:25.136-0300] {processor.py:914} INFO - Processing file /home/crisu/miniconda3/envs/lab13.1/lib/python3.9/site-packages/airflow/example_dags/example_setup_teardown.py for tasks to queue
[2024-12-07T03:40:25.137-0300] {logging_mixin.py:190} INFO - [2024-12-07T03:40:25.137-0300] {dagbag.py:588} INFO - Filling up the DagBag from /home/crisu/miniconda3/envs/lab13.1/lib/python3.9/site-packages/airflow/example_dags/example_setup_teardown.py
[2024-12-07T03:40:25.143-0300] {processor.py:925} INFO - DAG(s) 'example_setup_teardown' retrieved from /home/crisu/miniconda3/envs/lab13.1/lib/python3.9/site-packages/airflow/example_dags/example_setup_teardown.py
[2024-12-07T03:40:25.157-0300] {logging_mixin.py:190} INFO - [2024-12-07T03:40:25.157-0300] {dag.py:3239} INFO - Sync 1 DAGs
[2024-12-07T03:40:25.169-0300] {logging_mixin.py:190} INFO - [2024-12-07T03:40:25.169-0300] {dag.py:4180} INFO - Setting next_dagrun for example_setup_teardown to None, run_after=None
[2024-12-07T03:40:25.233-0300] {processor.py:208} INFO - Processing /home/crisu/miniconda3/envs/lab13.1/lib/python3.9/site-packages/airflow/example_dags/example_setup_teardown.py took 0.127 seconds
[2024-12-07T03:44:10.324-0300] {processor.py:186} INFO - Started process (PID=45848) to work on /home/crisu/miniconda3/envs/lab13.1/lib/python3.9/site-packages/airflow/example_dags/example_setup_teardown.py
[2024-12-07T03:44:10.333-0300] {processor.py:914} INFO - Processing file /home/crisu/miniconda3/envs/lab13.1/lib/python3.9/site-packages/airflow/example_dags/example_setup_teardown.py for tasks to queue
[2024-12-07T03:44:10.335-0300] {logging_mixin.py:190} INFO - [2024-12-07T03:44:10.335-0300] {dagbag.py:588} INFO - Filling up the DagBag from /home/crisu/miniconda3/envs/lab13.1/lib/python3.9/site-packages/airflow/example_dags/example_setup_teardown.py
[2024-12-07T03:44:10.343-0300] {processor.py:925} INFO - DAG(s) 'example_setup_teardown' retrieved from /home/crisu/miniconda3/envs/lab13.1/lib/python3.9/site-packages/airflow/example_dags/example_setup_teardown.py
[2024-12-07T03:44:10.358-0300] {logging_mixin.py:190} INFO - [2024-12-07T03:44:10.358-0300] {dag.py:3239} INFO - Sync 1 DAGs
[2024-12-07T03:44:10.370-0300] {logging_mixin.py:190} INFO - [2024-12-07T03:44:10.370-0300] {dag.py:4180} INFO - Setting next_dagrun for example_setup_teardown to None, run_after=None
[2024-12-07T03:44:10.454-0300] {processor.py:208} INFO - Processing /home/crisu/miniconda3/envs/lab13.1/lib/python3.9/site-packages/airflow/example_dags/example_setup_teardown.py took 0.136 seconds
[2024-12-07T03:48:29.175-0300] {processor.py:186} INFO - Started process (PID=46710) to work on /home/crisu/miniconda3/envs/lab13.1/lib/python3.9/site-packages/airflow/example_dags/example_setup_teardown.py
[2024-12-07T03:48:29.218-0300] {processor.py:914} INFO - Processing file /home/crisu/miniconda3/envs/lab13.1/lib/python3.9/site-packages/airflow/example_dags/example_setup_teardown.py for tasks to queue
[2024-12-07T03:48:29.220-0300] {logging_mixin.py:190} INFO - [2024-12-07T03:48:29.219-0300] {dagbag.py:588} INFO - Filling up the DagBag from /home/crisu/miniconda3/envs/lab13.1/lib/python3.9/site-packages/airflow/example_dags/example_setup_teardown.py
[2024-12-07T03:48:29.228-0300] {processor.py:925} INFO - DAG(s) 'example_setup_teardown' retrieved from /home/crisu/miniconda3/envs/lab13.1/lib/python3.9/site-packages/airflow/example_dags/example_setup_teardown.py
[2024-12-07T03:48:29.241-0300] {logging_mixin.py:190} INFO - [2024-12-07T03:48:29.241-0300] {dag.py:3239} INFO - Sync 1 DAGs
[2024-12-07T03:48:29.252-0300] {logging_mixin.py:190} INFO - [2024-12-07T03:48:29.252-0300] {dag.py:4180} INFO - Setting next_dagrun for example_setup_teardown to None, run_after=None
[2024-12-07T03:48:30.366-0300] {processor.py:208} INFO - Processing /home/crisu/miniconda3/envs/lab13.1/lib/python3.9/site-packages/airflow/example_dags/example_setup_teardown.py took 1.196 seconds
[2024-12-07T03:50:32.910-0300] {processor.py:186} INFO - Started process (PID=46936) to work on /home/crisu/miniconda3/envs/lab13.1/lib/python3.9/site-packages/airflow/example_dags/example_setup_teardown.py
[2024-12-07T03:50:32.937-0300] {processor.py:914} INFO - Processing file /home/crisu/miniconda3/envs/lab13.1/lib/python3.9/site-packages/airflow/example_dags/example_setup_teardown.py for tasks to queue
[2024-12-07T03:50:32.939-0300] {logging_mixin.py:190} INFO - [2024-12-07T03:50:32.939-0300] {dagbag.py:588} INFO - Filling up the DagBag from /home/crisu/miniconda3/envs/lab13.1/lib/python3.9/site-packages/airflow/example_dags/example_setup_teardown.py
[2024-12-07T03:50:32.947-0300] {processor.py:925} INFO - DAG(s) 'example_setup_teardown' retrieved from /home/crisu/miniconda3/envs/lab13.1/lib/python3.9/site-packages/airflow/example_dags/example_setup_teardown.py
[2024-12-07T03:50:32.960-0300] {logging_mixin.py:190} INFO - [2024-12-07T03:50:32.960-0300] {dag.py:3239} INFO - Sync 1 DAGs
[2024-12-07T03:50:32.971-0300] {logging_mixin.py:190} INFO - [2024-12-07T03:50:32.971-0300] {dag.py:4180} INFO - Setting next_dagrun for example_setup_teardown to None, run_after=None
[2024-12-07T03:50:33.610-0300] {processor.py:208} INFO - Processing /home/crisu/miniconda3/envs/lab13.1/lib/python3.9/site-packages/airflow/example_dags/example_setup_teardown.py took 0.706 seconds
[2024-12-07T03:51:41.049-0300] {processor.py:186} INFO - Started process (PID=47010) to work on /home/crisu/miniconda3/envs/lab13.1/lib/python3.9/site-packages/airflow/example_dags/example_setup_teardown.py
[2024-12-07T03:51:41.053-0300] {processor.py:914} INFO - Processing file /home/crisu/miniconda3/envs/lab13.1/lib/python3.9/site-packages/airflow/example_dags/example_setup_teardown.py for tasks to queue
[2024-12-07T03:51:41.055-0300] {logging_mixin.py:190} INFO - [2024-12-07T03:51:41.055-0300] {dagbag.py:588} INFO - Filling up the DagBag from /home/crisu/miniconda3/envs/lab13.1/lib/python3.9/site-packages/airflow/example_dags/example_setup_teardown.py
[2024-12-07T03:51:41.066-0300] {processor.py:925} INFO - DAG(s) 'example_setup_teardown' retrieved from /home/crisu/miniconda3/envs/lab13.1/lib/python3.9/site-packages/airflow/example_dags/example_setup_teardown.py
[2024-12-07T03:51:41.080-0300] {logging_mixin.py:190} INFO - [2024-12-07T03:51:41.080-0300] {dag.py:3239} INFO - Sync 1 DAGs
[2024-12-07T03:51:41.091-0300] {logging_mixin.py:190} INFO - [2024-12-07T03:51:41.091-0300] {dag.py:4180} INFO - Setting next_dagrun for example_setup_teardown to None, run_after=None
[2024-12-07T03:51:41.159-0300] {processor.py:208} INFO - Processing /home/crisu/miniconda3/envs/lab13.1/lib/python3.9/site-packages/airflow/example_dags/example_setup_teardown.py took 0.115 seconds
[2024-12-07T03:53:04.033-0300] {processor.py:186} INFO - Started process (PID=47167) to work on /home/crisu/miniconda3/envs/lab13.1/lib/python3.9/site-packages/airflow/example_dags/example_setup_teardown.py
[2024-12-07T03:53:04.212-0300] {processor.py:914} INFO - Processing file /home/crisu/miniconda3/envs/lab13.1/lib/python3.9/site-packages/airflow/example_dags/example_setup_teardown.py for tasks to queue
[2024-12-07T03:53:04.213-0300] {logging_mixin.py:190} INFO - [2024-12-07T03:53:04.213-0300] {dagbag.py:588} INFO - Filling up the DagBag from /home/crisu/miniconda3/envs/lab13.1/lib/python3.9/site-packages/airflow/example_dags/example_setup_teardown.py
[2024-12-07T03:53:04.222-0300] {processor.py:925} INFO - DAG(s) 'example_setup_teardown' retrieved from /home/crisu/miniconda3/envs/lab13.1/lib/python3.9/site-packages/airflow/example_dags/example_setup_teardown.py
[2024-12-07T03:53:04.238-0300] {logging_mixin.py:190} INFO - [2024-12-07T03:53:04.238-0300] {dag.py:3239} INFO - Sync 1 DAGs
[2024-12-07T03:53:04.249-0300] {logging_mixin.py:190} INFO - [2024-12-07T03:53:04.249-0300] {dag.py:4180} INFO - Setting next_dagrun for example_setup_teardown to None, run_after=None
[2024-12-07T03:53:05.521-0300] {processor.py:208} INFO - Processing /home/crisu/miniconda3/envs/lab13.1/lib/python3.9/site-packages/airflow/example_dags/example_setup_teardown.py took 1.493 seconds
[2024-12-07T03:55:22.130-0300] {processor.py:186} INFO - Started process (PID=47455) to work on /home/crisu/miniconda3/envs/lab13.1/lib/python3.9/site-packages/airflow/example_dags/example_setup_teardown.py
[2024-12-07T03:55:22.164-0300] {processor.py:914} INFO - Processing file /home/crisu/miniconda3/envs/lab13.1/lib/python3.9/site-packages/airflow/example_dags/example_setup_teardown.py for tasks to queue
[2024-12-07T03:55:22.166-0300] {logging_mixin.py:190} INFO - [2024-12-07T03:55:22.166-0300] {dagbag.py:588} INFO - Filling up the DagBag from /home/crisu/miniconda3/envs/lab13.1/lib/python3.9/site-packages/airflow/example_dags/example_setup_teardown.py
[2024-12-07T03:55:22.174-0300] {processor.py:925} INFO - DAG(s) 'example_setup_teardown' retrieved from /home/crisu/miniconda3/envs/lab13.1/lib/python3.9/site-packages/airflow/example_dags/example_setup_teardown.py
[2024-12-07T03:55:22.188-0300] {logging_mixin.py:190} INFO - [2024-12-07T03:55:22.188-0300] {dag.py:3239} INFO - Sync 1 DAGs
[2024-12-07T03:55:22.199-0300] {logging_mixin.py:190} INFO - [2024-12-07T03:55:22.199-0300] {dag.py:4180} INFO - Setting next_dagrun for example_setup_teardown to None, run_after=None
[2024-12-07T03:55:23.235-0300] {processor.py:208} INFO - Processing /home/crisu/miniconda3/envs/lab13.1/lib/python3.9/site-packages/airflow/example_dags/example_setup_teardown.py took 1.110 seconds
[2024-12-07T03:57:06.946-0300] {processor.py:186} INFO - Started process (PID=47648) to work on /home/crisu/miniconda3/envs/lab13.1/lib/python3.9/site-packages/airflow/example_dags/example_setup_teardown.py
[2024-12-07T03:57:06.972-0300] {processor.py:914} INFO - Processing file /home/crisu/miniconda3/envs/lab13.1/lib/python3.9/site-packages/airflow/example_dags/example_setup_teardown.py for tasks to queue
[2024-12-07T03:57:06.975-0300] {logging_mixin.py:190} INFO - [2024-12-07T03:57:06.975-0300] {dagbag.py:588} INFO - Filling up the DagBag from /home/crisu/miniconda3/envs/lab13.1/lib/python3.9/site-packages/airflow/example_dags/example_setup_teardown.py
[2024-12-07T03:57:06.984-0300] {processor.py:925} INFO - DAG(s) 'example_setup_teardown' retrieved from /home/crisu/miniconda3/envs/lab13.1/lib/python3.9/site-packages/airflow/example_dags/example_setup_teardown.py
[2024-12-07T03:57:06.999-0300] {logging_mixin.py:190} INFO - [2024-12-07T03:57:06.999-0300] {dag.py:3239} INFO - Sync 1 DAGs
[2024-12-07T03:57:07.011-0300] {logging_mixin.py:190} INFO - [2024-12-07T03:57:07.011-0300] {dag.py:4180} INFO - Setting next_dagrun for example_setup_teardown to None, run_after=None
[2024-12-07T03:57:07.083-0300] {processor.py:208} INFO - Processing /home/crisu/miniconda3/envs/lab13.1/lib/python3.9/site-packages/airflow/example_dags/example_setup_teardown.py took 0.143 seconds
[2024-12-07T03:58:25.110-0300] {processor.py:186} INFO - Started process (PID=47815) to work on /home/crisu/miniconda3/envs/lab13.1/lib/python3.9/site-packages/airflow/example_dags/example_setup_teardown.py
[2024-12-07T03:58:25.118-0300] {processor.py:914} INFO - Processing file /home/crisu/miniconda3/envs/lab13.1/lib/python3.9/site-packages/airflow/example_dags/example_setup_teardown.py for tasks to queue
[2024-12-07T03:58:25.120-0300] {logging_mixin.py:190} INFO - [2024-12-07T03:58:25.120-0300] {dagbag.py:588} INFO - Filling up the DagBag from /home/crisu/miniconda3/envs/lab13.1/lib/python3.9/site-packages/airflow/example_dags/example_setup_teardown.py
[2024-12-07T03:58:25.128-0300] {processor.py:925} INFO - DAG(s) 'example_setup_teardown' retrieved from /home/crisu/miniconda3/envs/lab13.1/lib/python3.9/site-packages/airflow/example_dags/example_setup_teardown.py
[2024-12-07T03:58:25.142-0300] {logging_mixin.py:190} INFO - [2024-12-07T03:58:25.142-0300] {dag.py:3239} INFO - Sync 1 DAGs
[2024-12-07T03:58:25.152-0300] {logging_mixin.py:190} INFO - [2024-12-07T03:58:25.152-0300] {dag.py:4180} INFO - Setting next_dagrun for example_setup_teardown to None, run_after=None
[2024-12-07T03:58:25.213-0300] {processor.py:208} INFO - Processing /home/crisu/miniconda3/envs/lab13.1/lib/python3.9/site-packages/airflow/example_dags/example_setup_teardown.py took 0.109 seconds
[2024-12-07T04:00:23.481-0300] {processor.py:186} INFO - Started process (PID=48052) to work on /home/crisu/miniconda3/envs/lab13.1/lib/python3.9/site-packages/airflow/example_dags/example_setup_teardown.py
[2024-12-07T04:00:23.498-0300] {processor.py:914} INFO - Processing file /home/crisu/miniconda3/envs/lab13.1/lib/python3.9/site-packages/airflow/example_dags/example_setup_teardown.py for tasks to queue
[2024-12-07T04:00:23.500-0300] {logging_mixin.py:190} INFO - [2024-12-07T04:00:23.499-0300] {dagbag.py:588} INFO - Filling up the DagBag from /home/crisu/miniconda3/envs/lab13.1/lib/python3.9/site-packages/airflow/example_dags/example_setup_teardown.py
[2024-12-07T04:00:23.507-0300] {processor.py:925} INFO - DAG(s) 'example_setup_teardown' retrieved from /home/crisu/miniconda3/envs/lab13.1/lib/python3.9/site-packages/airflow/example_dags/example_setup_teardown.py
[2024-12-07T04:00:23.521-0300] {logging_mixin.py:190} INFO - [2024-12-07T04:00:23.521-0300] {dag.py:3239} INFO - Sync 1 DAGs
[2024-12-07T04:00:23.532-0300] {logging_mixin.py:190} INFO - [2024-12-07T04:00:23.531-0300] {dag.py:4180} INFO - Setting next_dagrun for example_setup_teardown to None, run_after=None
[2024-12-07T04:00:23.586-0300] {processor.py:208} INFO - Processing /home/crisu/miniconda3/envs/lab13.1/lib/python3.9/site-packages/airflow/example_dags/example_setup_teardown.py took 0.110 seconds
[2024-12-07T04:01:37.398-0300] {processor.py:186} INFO - Started process (PID=48213) to work on /home/crisu/miniconda3/envs/lab13.1/lib/python3.9/site-packages/airflow/example_dags/example_setup_teardown.py
[2024-12-07T04:01:37.418-0300] {processor.py:914} INFO - Processing file /home/crisu/miniconda3/envs/lab13.1/lib/python3.9/site-packages/airflow/example_dags/example_setup_teardown.py for tasks to queue
[2024-12-07T04:01:37.420-0300] {logging_mixin.py:190} INFO - [2024-12-07T04:01:37.420-0300] {dagbag.py:588} INFO - Filling up the DagBag from /home/crisu/miniconda3/envs/lab13.1/lib/python3.9/site-packages/airflow/example_dags/example_setup_teardown.py
[2024-12-07T04:01:37.428-0300] {processor.py:925} INFO - DAG(s) 'example_setup_teardown' retrieved from /home/crisu/miniconda3/envs/lab13.1/lib/python3.9/site-packages/airflow/example_dags/example_setup_teardown.py
[2024-12-07T04:01:37.450-0300] {logging_mixin.py:190} INFO - [2024-12-07T04:01:37.450-0300] {dag.py:3239} INFO - Sync 1 DAGs
[2024-12-07T04:01:37.467-0300] {logging_mixin.py:190} INFO - [2024-12-07T04:01:37.467-0300] {dag.py:4180} INFO - Setting next_dagrun for example_setup_teardown to None, run_after=None
[2024-12-07T04:01:37.575-0300] {processor.py:208} INFO - Processing /home/crisu/miniconda3/envs/lab13.1/lib/python3.9/site-packages/airflow/example_dags/example_setup_teardown.py took 0.183 seconds
[2024-12-07T04:07:41.444-0300] {processor.py:186} INFO - Started process (PID=49159) to work on /home/crisu/miniconda3/envs/lab13.1/lib/python3.9/site-packages/airflow/example_dags/example_setup_teardown.py
[2024-12-07T04:07:41.446-0300] {processor.py:914} INFO - Processing file /home/crisu/miniconda3/envs/lab13.1/lib/python3.9/site-packages/airflow/example_dags/example_setup_teardown.py for tasks to queue
[2024-12-07T04:07:41.447-0300] {logging_mixin.py:190} INFO - [2024-12-07T04:07:41.447-0300] {dagbag.py:588} INFO - Filling up the DagBag from /home/crisu/miniconda3/envs/lab13.1/lib/python3.9/site-packages/airflow/example_dags/example_setup_teardown.py
[2024-12-07T04:07:41.453-0300] {processor.py:925} INFO - DAG(s) 'example_setup_teardown' retrieved from /home/crisu/miniconda3/envs/lab13.1/lib/python3.9/site-packages/airflow/example_dags/example_setup_teardown.py
[2024-12-07T04:07:41.469-0300] {logging_mixin.py:190} INFO - [2024-12-07T04:07:41.469-0300] {dag.py:3239} INFO - Sync 1 DAGs
[2024-12-07T04:07:41.480-0300] {logging_mixin.py:190} INFO - [2024-12-07T04:07:41.479-0300] {dag.py:4180} INFO - Setting next_dagrun for example_setup_teardown to None, run_after=None
[2024-12-07T04:07:41.554-0300] {processor.py:208} INFO - Processing /home/crisu/miniconda3/envs/lab13.1/lib/python3.9/site-packages/airflow/example_dags/example_setup_teardown.py took 0.116 seconds
[2024-12-07T04:09:11.045-0300] {processor.py:186} INFO - Started process (PID=49387) to work on /home/crisu/miniconda3/envs/lab13.1/lib/python3.9/site-packages/airflow/example_dags/example_setup_teardown.py
[2024-12-07T04:09:11.077-0300] {processor.py:914} INFO - Processing file /home/crisu/miniconda3/envs/lab13.1/lib/python3.9/site-packages/airflow/example_dags/example_setup_teardown.py for tasks to queue
[2024-12-07T04:09:11.078-0300] {logging_mixin.py:190} INFO - [2024-12-07T04:09:11.078-0300] {dagbag.py:588} INFO - Filling up the DagBag from /home/crisu/miniconda3/envs/lab13.1/lib/python3.9/site-packages/airflow/example_dags/example_setup_teardown.py
[2024-12-07T04:09:11.084-0300] {processor.py:925} INFO - DAG(s) 'example_setup_teardown' retrieved from /home/crisu/miniconda3/envs/lab13.1/lib/python3.9/site-packages/airflow/example_dags/example_setup_teardown.py
[2024-12-07T04:09:11.098-0300] {logging_mixin.py:190} INFO - [2024-12-07T04:09:11.098-0300] {dag.py:3239} INFO - Sync 1 DAGs
[2024-12-07T04:09:11.108-0300] {logging_mixin.py:190} INFO - [2024-12-07T04:09:11.108-0300] {dag.py:4180} INFO - Setting next_dagrun for example_setup_teardown to None, run_after=None
[2024-12-07T04:09:12.199-0300] {processor.py:208} INFO - Processing /home/crisu/miniconda3/envs/lab13.1/lib/python3.9/site-packages/airflow/example_dags/example_setup_teardown.py took 1.159 seconds
[2024-12-07T04:11:21.127-0300] {processor.py:186} INFO - Started process (PID=49583) to work on /home/crisu/miniconda3/envs/lab13.1/lib/python3.9/site-packages/airflow/example_dags/example_setup_teardown.py
[2024-12-07T04:11:21.153-0300] {processor.py:914} INFO - Processing file /home/crisu/miniconda3/envs/lab13.1/lib/python3.9/site-packages/airflow/example_dags/example_setup_teardown.py for tasks to queue
[2024-12-07T04:11:21.155-0300] {logging_mixin.py:190} INFO - [2024-12-07T04:11:21.155-0300] {dagbag.py:588} INFO - Filling up the DagBag from /home/crisu/miniconda3/envs/lab13.1/lib/python3.9/site-packages/airflow/example_dags/example_setup_teardown.py
[2024-12-07T04:11:21.166-0300] {processor.py:925} INFO - DAG(s) 'example_setup_teardown' retrieved from /home/crisu/miniconda3/envs/lab13.1/lib/python3.9/site-packages/airflow/example_dags/example_setup_teardown.py
[2024-12-07T04:11:21.194-0300] {logging_mixin.py:190} INFO - [2024-12-07T04:11:21.193-0300] {dag.py:3239} INFO - Sync 1 DAGs
[2024-12-07T04:11:21.214-0300] {logging_mixin.py:190} INFO - [2024-12-07T04:11:21.214-0300] {dag.py:4180} INFO - Setting next_dagrun for example_setup_teardown to None, run_after=None
[2024-12-07T04:11:21.301-0300] {processor.py:208} INFO - Processing /home/crisu/miniconda3/envs/lab13.1/lib/python3.9/site-packages/airflow/example_dags/example_setup_teardown.py took 0.186 seconds
[2024-12-07T04:12:52.286-0300] {processor.py:186} INFO - Started process (PID=49724) to work on /home/crisu/miniconda3/envs/lab13.1/lib/python3.9/site-packages/airflow/example_dags/example_setup_teardown.py
[2024-12-07T04:12:52.293-0300] {processor.py:914} INFO - Processing file /home/crisu/miniconda3/envs/lab13.1/lib/python3.9/site-packages/airflow/example_dags/example_setup_teardown.py for tasks to queue
[2024-12-07T04:12:52.294-0300] {logging_mixin.py:190} INFO - [2024-12-07T04:12:52.293-0300] {dagbag.py:588} INFO - Filling up the DagBag from /home/crisu/miniconda3/envs/lab13.1/lib/python3.9/site-packages/airflow/example_dags/example_setup_teardown.py
[2024-12-07T04:12:52.300-0300] {processor.py:925} INFO - DAG(s) 'example_setup_teardown' retrieved from /home/crisu/miniconda3/envs/lab13.1/lib/python3.9/site-packages/airflow/example_dags/example_setup_teardown.py
[2024-12-07T04:12:52.314-0300] {logging_mixin.py:190} INFO - [2024-12-07T04:12:52.314-0300] {dag.py:3239} INFO - Sync 1 DAGs
[2024-12-07T04:12:52.324-0300] {logging_mixin.py:190} INFO - [2024-12-07T04:12:52.324-0300] {dag.py:4180} INFO - Setting next_dagrun for example_setup_teardown to None, run_after=None
[2024-12-07T04:12:52.396-0300] {processor.py:208} INFO - Processing /home/crisu/miniconda3/envs/lab13.1/lib/python3.9/site-packages/airflow/example_dags/example_setup_teardown.py took 0.116 seconds
[2024-12-07T04:14:08.059-0300] {processor.py:186} INFO - Started process (PID=49878) to work on /home/crisu/miniconda3/envs/lab13.1/lib/python3.9/site-packages/airflow/example_dags/example_setup_teardown.py
[2024-12-07T04:14:08.065-0300] {processor.py:914} INFO - Processing file /home/crisu/miniconda3/envs/lab13.1/lib/python3.9/site-packages/airflow/example_dags/example_setup_teardown.py for tasks to queue
[2024-12-07T04:14:08.066-0300] {logging_mixin.py:190} INFO - [2024-12-07T04:14:08.066-0300] {dagbag.py:588} INFO - Filling up the DagBag from /home/crisu/miniconda3/envs/lab13.1/lib/python3.9/site-packages/airflow/example_dags/example_setup_teardown.py
[2024-12-07T04:14:08.072-0300] {processor.py:925} INFO - DAG(s) 'example_setup_teardown' retrieved from /home/crisu/miniconda3/envs/lab13.1/lib/python3.9/site-packages/airflow/example_dags/example_setup_teardown.py
[2024-12-07T04:14:08.086-0300] {logging_mixin.py:190} INFO - [2024-12-07T04:14:08.086-0300] {dag.py:3239} INFO - Sync 1 DAGs
[2024-12-07T04:14:08.096-0300] {logging_mixin.py:190} INFO - [2024-12-07T04:14:08.096-0300] {dag.py:4180} INFO - Setting next_dagrun for example_setup_teardown to None, run_after=None
[2024-12-07T04:14:08.160-0300] {processor.py:208} INFO - Processing /home/crisu/miniconda3/envs/lab13.1/lib/python3.9/site-packages/airflow/example_dags/example_setup_teardown.py took 0.106 seconds
[2024-12-07T04:15:26.450-0300] {processor.py:186} INFO - Started process (PID=50013) to work on /home/crisu/miniconda3/envs/lab13.1/lib/python3.9/site-packages/airflow/example_dags/example_setup_teardown.py
[2024-12-07T04:15:26.466-0300] {processor.py:914} INFO - Processing file /home/crisu/miniconda3/envs/lab13.1/lib/python3.9/site-packages/airflow/example_dags/example_setup_teardown.py for tasks to queue
[2024-12-07T04:15:26.468-0300] {logging_mixin.py:190} INFO - [2024-12-07T04:15:26.467-0300] {dagbag.py:588} INFO - Filling up the DagBag from /home/crisu/miniconda3/envs/lab13.1/lib/python3.9/site-packages/airflow/example_dags/example_setup_teardown.py
[2024-12-07T04:15:26.474-0300] {processor.py:925} INFO - DAG(s) 'example_setup_teardown' retrieved from /home/crisu/miniconda3/envs/lab13.1/lib/python3.9/site-packages/airflow/example_dags/example_setup_teardown.py
[2024-12-07T04:15:26.489-0300] {logging_mixin.py:190} INFO - [2024-12-07T04:15:26.489-0300] {dag.py:3239} INFO - Sync 1 DAGs
[2024-12-07T04:15:26.502-0300] {logging_mixin.py:190} INFO - [2024-12-07T04:15:26.501-0300] {dag.py:4180} INFO - Setting next_dagrun for example_setup_teardown to None, run_after=None
[2024-12-07T04:15:26.648-0300] {processor.py:208} INFO - Processing /home/crisu/miniconda3/envs/lab13.1/lib/python3.9/site-packages/airflow/example_dags/example_setup_teardown.py took 0.203 seconds
