[2024-12-07T01:53:03.346-0300] {processor.py:186} INFO - Started process (PID=34043) to work on /home/crisu/miniconda3/envs/lab13.1/lib/python3.9/site-packages/airflow/example_dags/example_sensor_decorator.py
[2024-12-07T01:53:03.346-0300] {processor.py:914} INFO - Processing file /home/crisu/miniconda3/envs/lab13.1/lib/python3.9/site-packages/airflow/example_dags/example_sensor_decorator.py for tasks to queue
[2024-12-07T01:53:03.348-0300] {logging_mixin.py:190} INFO - [2024-12-07T01:53:03.347-0300] {dagbag.py:588} INFO - Filling up the DagBag from /home/crisu/miniconda3/envs/lab13.1/lib/python3.9/site-packages/airflow/example_dags/example_sensor_decorator.py
[2024-12-07T01:53:03.355-0300] {processor.py:925} INFO - DAG(s) 'example_sensor_decorator' retrieved from /home/crisu/miniconda3/envs/lab13.1/lib/python3.9/site-packages/airflow/example_dags/example_sensor_decorator.py
[2024-12-07T01:53:05.169-0300] {logging_mixin.py:190} INFO - [2024-12-07T01:53:05.168-0300] {override.py:1911} INFO - Created Permission View: can delete on DAG:example_sensor_decorator
[2024-12-07T01:53:05.833-0300] {logging_mixin.py:190} INFO - [2024-12-07T01:53:05.833-0300] {override.py:1911} INFO - Created Permission View: can edit on DAG:example_sensor_decorator
[2024-12-07T01:53:06.538-0300] {logging_mixin.py:190} INFO - [2024-12-07T01:53:06.537-0300] {override.py:1911} INFO - Created Permission View: can read on DAG:example_sensor_decorator
[2024-12-07T01:53:08.568-0300] {logging_mixin.py:190} INFO - [2024-12-07T01:53:08.567-0300] {override.py:1911} INFO - Created Permission View: menu access on DAG Run:example_sensor_decorator
[2024-12-07T01:53:09.271-0300] {logging_mixin.py:190} INFO - [2024-12-07T01:53:09.270-0300] {override.py:1911} INFO - Created Permission View: can delete on DAG Run:example_sensor_decorator
[2024-12-07T01:53:10.272-0300] {logging_mixin.py:190} INFO - [2024-12-07T01:53:10.272-0300] {override.py:1911} INFO - Created Permission View: can read on DAG Run:example_sensor_decorator
[2024-12-07T01:53:10.937-0300] {logging_mixin.py:190} INFO - [2024-12-07T01:53:10.937-0300] {override.py:1911} INFO - Created Permission View: can create on DAG Run:example_sensor_decorator
[2024-12-07T01:53:10.938-0300] {logging_mixin.py:190} INFO - [2024-12-07T01:53:10.938-0300] {dag.py:3239} INFO - Sync 1 DAGs
[2024-12-07T01:53:10.949-0300] {logging_mixin.py:190} INFO - [2024-12-07T01:53:10.949-0300] {dag.py:3262} INFO - Creating ORM DAG for example_sensor_decorator
[2024-12-07T01:53:10.949-0300] {logging_mixin.py:190} INFO - [2024-12-07T01:53:10.949-0300] {dag.py:4180} INFO - Setting next_dagrun for example_sensor_decorator to None, run_after=None
[2024-12-07T01:53:11.993-0300] {processor.py:208} INFO - Processing /home/crisu/miniconda3/envs/lab13.1/lib/python3.9/site-packages/airflow/example_dags/example_sensor_decorator.py took 8.654 seconds
[2024-12-07T02:07:54.446-0300] {processor.py:186} INFO - Started process (PID=35403) to work on /home/crisu/miniconda3/envs/lab13.1/lib/python3.9/site-packages/airflow/example_dags/example_sensor_decorator.py
[2024-12-07T02:07:54.451-0300] {processor.py:914} INFO - Processing file /home/crisu/miniconda3/envs/lab13.1/lib/python3.9/site-packages/airflow/example_dags/example_sensor_decorator.py for tasks to queue
[2024-12-07T02:07:54.453-0300] {logging_mixin.py:190} INFO - [2024-12-07T02:07:54.453-0300] {dagbag.py:588} INFO - Filling up the DagBag from /home/crisu/miniconda3/envs/lab13.1/lib/python3.9/site-packages/airflow/example_dags/example_sensor_decorator.py
[2024-12-07T02:07:54.462-0300] {processor.py:925} INFO - DAG(s) 'example_sensor_decorator' retrieved from /home/crisu/miniconda3/envs/lab13.1/lib/python3.9/site-packages/airflow/example_dags/example_sensor_decorator.py
[2024-12-07T02:07:54.479-0300] {logging_mixin.py:190} INFO - [2024-12-07T02:07:54.478-0300] {dag.py:3239} INFO - Sync 1 DAGs
[2024-12-07T02:07:54.492-0300] {logging_mixin.py:190} INFO - [2024-12-07T02:07:54.492-0300] {dag.py:4180} INFO - Setting next_dagrun for example_sensor_decorator to None, run_after=None
[2024-12-07T02:07:54.966-0300] {processor.py:208} INFO - Processing /home/crisu/miniconda3/envs/lab13.1/lib/python3.9/site-packages/airflow/example_dags/example_sensor_decorator.py took 0.526 seconds
[2024-12-07T02:11:48.690-0300] {processor.py:186} INFO - Started process (PID=35925) to work on /home/crisu/miniconda3/envs/lab13.1/lib/python3.9/site-packages/airflow/example_dags/example_sensor_decorator.py
[2024-12-07T02:11:48.774-0300] {processor.py:914} INFO - Processing file /home/crisu/miniconda3/envs/lab13.1/lib/python3.9/site-packages/airflow/example_dags/example_sensor_decorator.py for tasks to queue
[2024-12-07T02:11:48.775-0300] {logging_mixin.py:190} INFO - [2024-12-07T02:11:48.775-0300] {dagbag.py:588} INFO - Filling up the DagBag from /home/crisu/miniconda3/envs/lab13.1/lib/python3.9/site-packages/airflow/example_dags/example_sensor_decorator.py
[2024-12-07T02:11:48.782-0300] {processor.py:925} INFO - DAG(s) 'example_sensor_decorator' retrieved from /home/crisu/miniconda3/envs/lab13.1/lib/python3.9/site-packages/airflow/example_dags/example_sensor_decorator.py
[2024-12-07T02:11:48.803-0300] {logging_mixin.py:190} INFO - [2024-12-07T02:11:48.803-0300] {dag.py:3239} INFO - Sync 1 DAGs
[2024-12-07T02:11:48.815-0300] {logging_mixin.py:190} INFO - [2024-12-07T02:11:48.815-0300] {dag.py:4180} INFO - Setting next_dagrun for example_sensor_decorator to None, run_after=None
[2024-12-07T02:11:50.079-0300] {processor.py:208} INFO - Processing /home/crisu/miniconda3/envs/lab13.1/lib/python3.9/site-packages/airflow/example_dags/example_sensor_decorator.py took 1.400 seconds
[2024-12-07T02:13:59.858-0300] {processor.py:186} INFO - Started process (PID=36198) to work on /home/crisu/miniconda3/envs/lab13.1/lib/python3.9/site-packages/airflow/example_dags/example_sensor_decorator.py
[2024-12-07T02:13:59.870-0300] {processor.py:914} INFO - Processing file /home/crisu/miniconda3/envs/lab13.1/lib/python3.9/site-packages/airflow/example_dags/example_sensor_decorator.py for tasks to queue
[2024-12-07T02:13:59.873-0300] {logging_mixin.py:190} INFO - [2024-12-07T02:13:59.872-0300] {dagbag.py:588} INFO - Filling up the DagBag from /home/crisu/miniconda3/envs/lab13.1/lib/python3.9/site-packages/airflow/example_dags/example_sensor_decorator.py
[2024-12-07T02:13:59.880-0300] {processor.py:925} INFO - DAG(s) 'example_sensor_decorator' retrieved from /home/crisu/miniconda3/envs/lab13.1/lib/python3.9/site-packages/airflow/example_dags/example_sensor_decorator.py
[2024-12-07T02:13:59.894-0300] {logging_mixin.py:190} INFO - [2024-12-07T02:13:59.894-0300] {dag.py:3239} INFO - Sync 1 DAGs
[2024-12-07T02:13:59.905-0300] {logging_mixin.py:190} INFO - [2024-12-07T02:13:59.904-0300] {dag.py:4180} INFO - Setting next_dagrun for example_sensor_decorator to None, run_after=None
[2024-12-07T02:13:59.972-0300] {processor.py:208} INFO - Processing /home/crisu/miniconda3/envs/lab13.1/lib/python3.9/site-packages/airflow/example_dags/example_sensor_decorator.py took 0.124 seconds
[2024-12-07T02:15:41.202-0300] {processor.py:186} INFO - Started process (PID=36385) to work on /home/crisu/miniconda3/envs/lab13.1/lib/python3.9/site-packages/airflow/example_dags/example_sensor_decorator.py
[2024-12-07T02:15:41.212-0300] {processor.py:914} INFO - Processing file /home/crisu/miniconda3/envs/lab13.1/lib/python3.9/site-packages/airflow/example_dags/example_sensor_decorator.py for tasks to queue
[2024-12-07T02:15:41.214-0300] {logging_mixin.py:190} INFO - [2024-12-07T02:15:41.214-0300] {dagbag.py:588} INFO - Filling up the DagBag from /home/crisu/miniconda3/envs/lab13.1/lib/python3.9/site-packages/airflow/example_dags/example_sensor_decorator.py
[2024-12-07T02:15:41.221-0300] {processor.py:925} INFO - DAG(s) 'example_sensor_decorator' retrieved from /home/crisu/miniconda3/envs/lab13.1/lib/python3.9/site-packages/airflow/example_dags/example_sensor_decorator.py
[2024-12-07T02:15:41.234-0300] {logging_mixin.py:190} INFO - [2024-12-07T02:15:41.234-0300] {dag.py:3239} INFO - Sync 1 DAGs
[2024-12-07T02:15:41.246-0300] {logging_mixin.py:190} INFO - [2024-12-07T02:15:41.245-0300] {dag.py:4180} INFO - Setting next_dagrun for example_sensor_decorator to None, run_after=None
[2024-12-07T02:15:41.383-0300] {processor.py:208} INFO - Processing /home/crisu/miniconda3/envs/lab13.1/lib/python3.9/site-packages/airflow/example_dags/example_sensor_decorator.py took 0.187 seconds
[2024-12-07T02:17:17.371-0300] {processor.py:186} INFO - Started process (PID=36536) to work on /home/crisu/miniconda3/envs/lab13.1/lib/python3.9/site-packages/airflow/example_dags/example_sensor_decorator.py
[2024-12-07T02:17:17.373-0300] {processor.py:914} INFO - Processing file /home/crisu/miniconda3/envs/lab13.1/lib/python3.9/site-packages/airflow/example_dags/example_sensor_decorator.py for tasks to queue
[2024-12-07T02:17:17.375-0300] {logging_mixin.py:190} INFO - [2024-12-07T02:17:17.374-0300] {dagbag.py:588} INFO - Filling up the DagBag from /home/crisu/miniconda3/envs/lab13.1/lib/python3.9/site-packages/airflow/example_dags/example_sensor_decorator.py
[2024-12-07T02:17:17.381-0300] {processor.py:925} INFO - DAG(s) 'example_sensor_decorator' retrieved from /home/crisu/miniconda3/envs/lab13.1/lib/python3.9/site-packages/airflow/example_dags/example_sensor_decorator.py
[2024-12-07T02:17:17.394-0300] {logging_mixin.py:190} INFO - [2024-12-07T02:17:17.394-0300] {dag.py:3239} INFO - Sync 1 DAGs
[2024-12-07T02:17:17.405-0300] {logging_mixin.py:190} INFO - [2024-12-07T02:17:17.405-0300] {dag.py:4180} INFO - Setting next_dagrun for example_sensor_decorator to None, run_after=None
[2024-12-07T02:17:17.470-0300] {processor.py:208} INFO - Processing /home/crisu/miniconda3/envs/lab13.1/lib/python3.9/site-packages/airflow/example_dags/example_sensor_decorator.py took 0.106 seconds
[2024-12-07T02:18:46.325-0300] {processor.py:186} INFO - Started process (PID=36749) to work on /home/crisu/miniconda3/envs/lab13.1/lib/python3.9/site-packages/airflow/example_dags/example_sensor_decorator.py
[2024-12-07T02:18:46.326-0300] {processor.py:914} INFO - Processing file /home/crisu/miniconda3/envs/lab13.1/lib/python3.9/site-packages/airflow/example_dags/example_sensor_decorator.py for tasks to queue
[2024-12-07T02:18:46.329-0300] {logging_mixin.py:190} INFO - [2024-12-07T02:18:46.328-0300] {dagbag.py:588} INFO - Filling up the DagBag from /home/crisu/miniconda3/envs/lab13.1/lib/python3.9/site-packages/airflow/example_dags/example_sensor_decorator.py
[2024-12-07T02:18:46.338-0300] {processor.py:925} INFO - DAG(s) 'example_sensor_decorator' retrieved from /home/crisu/miniconda3/envs/lab13.1/lib/python3.9/site-packages/airflow/example_dags/example_sensor_decorator.py
[2024-12-07T02:18:46.354-0300] {logging_mixin.py:190} INFO - [2024-12-07T02:18:46.353-0300] {dag.py:3239} INFO - Sync 1 DAGs
[2024-12-07T02:18:46.369-0300] {logging_mixin.py:190} INFO - [2024-12-07T02:18:46.368-0300] {dag.py:4180} INFO - Setting next_dagrun for example_sensor_decorator to None, run_after=None
[2024-12-07T02:18:46.477-0300] {processor.py:208} INFO - Processing /home/crisu/miniconda3/envs/lab13.1/lib/python3.9/site-packages/airflow/example_dags/example_sensor_decorator.py took 0.165 seconds
[2024-12-07T02:31:17.826-0300] {processor.py:186} INFO - Started process (PID=37990) to work on /home/crisu/miniconda3/envs/lab13.1/lib/python3.9/site-packages/airflow/example_dags/example_sensor_decorator.py
[2024-12-07T02:31:17.828-0300] {processor.py:914} INFO - Processing file /home/crisu/miniconda3/envs/lab13.1/lib/python3.9/site-packages/airflow/example_dags/example_sensor_decorator.py for tasks to queue
[2024-12-07T02:31:17.829-0300] {logging_mixin.py:190} INFO - [2024-12-07T02:31:17.829-0300] {dagbag.py:588} INFO - Filling up the DagBag from /home/crisu/miniconda3/envs/lab13.1/lib/python3.9/site-packages/airflow/example_dags/example_sensor_decorator.py
[2024-12-07T02:31:17.836-0300] {processor.py:925} INFO - DAG(s) 'example_sensor_decorator' retrieved from /home/crisu/miniconda3/envs/lab13.1/lib/python3.9/site-packages/airflow/example_dags/example_sensor_decorator.py
[2024-12-07T02:31:17.851-0300] {logging_mixin.py:190} INFO - [2024-12-07T02:31:17.851-0300] {dag.py:3239} INFO - Sync 1 DAGs
[2024-12-07T02:31:17.861-0300] {logging_mixin.py:190} INFO - [2024-12-07T02:31:17.861-0300] {dag.py:4180} INFO - Setting next_dagrun for example_sensor_decorator to None, run_after=None
[2024-12-07T02:31:17.917-0300] {processor.py:208} INFO - Processing /home/crisu/miniconda3/envs/lab13.1/lib/python3.9/site-packages/airflow/example_dags/example_sensor_decorator.py took 0.096 seconds
[2024-12-07T02:33:48.123-0300] {processor.py:186} INFO - Started process (PID=38217) to work on /home/crisu/miniconda3/envs/lab13.1/lib/python3.9/site-packages/airflow/example_dags/example_sensor_decorator.py
[2024-12-07T02:33:48.151-0300] {processor.py:914} INFO - Processing file /home/crisu/miniconda3/envs/lab13.1/lib/python3.9/site-packages/airflow/example_dags/example_sensor_decorator.py for tasks to queue
[2024-12-07T02:33:48.153-0300] {logging_mixin.py:190} INFO - [2024-12-07T02:33:48.153-0300] {dagbag.py:588} INFO - Filling up the DagBag from /home/crisu/miniconda3/envs/lab13.1/lib/python3.9/site-packages/airflow/example_dags/example_sensor_decorator.py
[2024-12-07T02:33:48.161-0300] {processor.py:925} INFO - DAG(s) 'example_sensor_decorator' retrieved from /home/crisu/miniconda3/envs/lab13.1/lib/python3.9/site-packages/airflow/example_dags/example_sensor_decorator.py
[2024-12-07T02:33:48.174-0300] {logging_mixin.py:190} INFO - [2024-12-07T02:33:48.174-0300] {dag.py:3239} INFO - Sync 1 DAGs
[2024-12-07T02:33:48.185-0300] {logging_mixin.py:190} INFO - [2024-12-07T02:33:48.184-0300] {dag.py:4180} INFO - Setting next_dagrun for example_sensor_decorator to None, run_after=None
[2024-12-07T02:33:48.272-0300] {processor.py:208} INFO - Processing /home/crisu/miniconda3/envs/lab13.1/lib/python3.9/site-packages/airflow/example_dags/example_sensor_decorator.py took 0.155 seconds
[2024-12-07T02:36:18.506-0300] {processor.py:186} INFO - Started process (PID=38509) to work on /home/crisu/miniconda3/envs/lab13.1/lib/python3.9/site-packages/airflow/example_dags/example_sensor_decorator.py
[2024-12-07T02:36:18.530-0300] {processor.py:914} INFO - Processing file /home/crisu/miniconda3/envs/lab13.1/lib/python3.9/site-packages/airflow/example_dags/example_sensor_decorator.py for tasks to queue
[2024-12-07T02:36:18.533-0300] {logging_mixin.py:190} INFO - [2024-12-07T02:36:18.532-0300] {dagbag.py:588} INFO - Filling up the DagBag from /home/crisu/miniconda3/envs/lab13.1/lib/python3.9/site-packages/airflow/example_dags/example_sensor_decorator.py
[2024-12-07T02:36:18.540-0300] {processor.py:925} INFO - DAG(s) 'example_sensor_decorator' retrieved from /home/crisu/miniconda3/envs/lab13.1/lib/python3.9/site-packages/airflow/example_dags/example_sensor_decorator.py
[2024-12-07T02:36:18.554-0300] {logging_mixin.py:190} INFO - [2024-12-07T02:36:18.554-0300] {dag.py:3239} INFO - Sync 1 DAGs
[2024-12-07T02:36:18.566-0300] {logging_mixin.py:190} INFO - [2024-12-07T02:36:18.566-0300] {dag.py:4180} INFO - Setting next_dagrun for example_sensor_decorator to None, run_after=None
[2024-12-07T02:36:18.637-0300] {processor.py:208} INFO - Processing /home/crisu/miniconda3/envs/lab13.1/lib/python3.9/site-packages/airflow/example_dags/example_sensor_decorator.py took 0.137 seconds
[2024-12-07T02:39:15.437-0300] {processor.py:186} INFO - Started process (PID=38791) to work on /home/crisu/miniconda3/envs/lab13.1/lib/python3.9/site-packages/airflow/example_dags/example_sensor_decorator.py
[2024-12-07T02:39:15.578-0300] {processor.py:914} INFO - Processing file /home/crisu/miniconda3/envs/lab13.1/lib/python3.9/site-packages/airflow/example_dags/example_sensor_decorator.py for tasks to queue
[2024-12-07T02:39:15.580-0300] {logging_mixin.py:190} INFO - [2024-12-07T02:39:15.580-0300] {dagbag.py:588} INFO - Filling up the DagBag from /home/crisu/miniconda3/envs/lab13.1/lib/python3.9/site-packages/airflow/example_dags/example_sensor_decorator.py
[2024-12-07T02:39:15.588-0300] {processor.py:925} INFO - DAG(s) 'example_sensor_decorator' retrieved from /home/crisu/miniconda3/envs/lab13.1/lib/python3.9/site-packages/airflow/example_dags/example_sensor_decorator.py
[2024-12-07T02:39:15.601-0300] {logging_mixin.py:190} INFO - [2024-12-07T02:39:15.601-0300] {dag.py:3239} INFO - Sync 1 DAGs
[2024-12-07T02:39:15.612-0300] {logging_mixin.py:190} INFO - [2024-12-07T02:39:15.612-0300] {dag.py:4180} INFO - Setting next_dagrun for example_sensor_decorator to None, run_after=None
[2024-12-07T02:39:17.059-0300] {processor.py:208} INFO - Processing /home/crisu/miniconda3/envs/lab13.1/lib/python3.9/site-packages/airflow/example_dags/example_sensor_decorator.py took 1.628 seconds
[2024-12-07T02:40:35.162-0300] {processor.py:186} INFO - Started process (PID=38893) to work on /home/crisu/miniconda3/envs/lab13.1/lib/python3.9/site-packages/airflow/example_dags/example_sensor_decorator.py
[2024-12-07T02:40:35.168-0300] {processor.py:914} INFO - Processing file /home/crisu/miniconda3/envs/lab13.1/lib/python3.9/site-packages/airflow/example_dags/example_sensor_decorator.py for tasks to queue
[2024-12-07T02:40:35.170-0300] {logging_mixin.py:190} INFO - [2024-12-07T02:40:35.170-0300] {dagbag.py:588} INFO - Filling up the DagBag from /home/crisu/miniconda3/envs/lab13.1/lib/python3.9/site-packages/airflow/example_dags/example_sensor_decorator.py
[2024-12-07T02:40:35.179-0300] {processor.py:925} INFO - DAG(s) 'example_sensor_decorator' retrieved from /home/crisu/miniconda3/envs/lab13.1/lib/python3.9/site-packages/airflow/example_dags/example_sensor_decorator.py
[2024-12-07T02:40:35.193-0300] {logging_mixin.py:190} INFO - [2024-12-07T02:40:35.193-0300] {dag.py:3239} INFO - Sync 1 DAGs
[2024-12-07T02:40:35.207-0300] {logging_mixin.py:190} INFO - [2024-12-07T02:40:35.207-0300] {dag.py:4180} INFO - Setting next_dagrun for example_sensor_decorator to None, run_after=None
[2024-12-07T02:40:35.271-0300] {processor.py:208} INFO - Processing /home/crisu/miniconda3/envs/lab13.1/lib/python3.9/site-packages/airflow/example_dags/example_sensor_decorator.py took 0.115 seconds
[2024-12-07T02:41:48.085-0300] {processor.py:186} INFO - Started process (PID=39017) to work on /home/crisu/miniconda3/envs/lab13.1/lib/python3.9/site-packages/airflow/example_dags/example_sensor_decorator.py
[2024-12-07T02:41:48.100-0300] {processor.py:914} INFO - Processing file /home/crisu/miniconda3/envs/lab13.1/lib/python3.9/site-packages/airflow/example_dags/example_sensor_decorator.py for tasks to queue
[2024-12-07T02:41:48.102-0300] {logging_mixin.py:190} INFO - [2024-12-07T02:41:48.101-0300] {dagbag.py:588} INFO - Filling up the DagBag from /home/crisu/miniconda3/envs/lab13.1/lib/python3.9/site-packages/airflow/example_dags/example_sensor_decorator.py
[2024-12-07T02:41:48.109-0300] {processor.py:925} INFO - DAG(s) 'example_sensor_decorator' retrieved from /home/crisu/miniconda3/envs/lab13.1/lib/python3.9/site-packages/airflow/example_dags/example_sensor_decorator.py
[2024-12-07T02:41:48.121-0300] {logging_mixin.py:190} INFO - [2024-12-07T02:41:48.121-0300] {dag.py:3239} INFO - Sync 1 DAGs
[2024-12-07T02:41:48.132-0300] {logging_mixin.py:190} INFO - [2024-12-07T02:41:48.132-0300] {dag.py:4180} INFO - Setting next_dagrun for example_sensor_decorator to None, run_after=None
[2024-12-07T02:41:48.268-0300] {processor.py:208} INFO - Processing /home/crisu/miniconda3/envs/lab13.1/lib/python3.9/site-packages/airflow/example_dags/example_sensor_decorator.py took 0.189 seconds
[2024-12-07T02:44:56.982-0300] {processor.py:186} INFO - Started process (PID=39713) to work on /home/crisu/miniconda3/envs/lab13.1/lib/python3.9/site-packages/airflow/example_dags/example_sensor_decorator.py
[2024-12-07T02:44:56.984-0300] {processor.py:914} INFO - Processing file /home/crisu/miniconda3/envs/lab13.1/lib/python3.9/site-packages/airflow/example_dags/example_sensor_decorator.py for tasks to queue
[2024-12-07T02:44:56.986-0300] {logging_mixin.py:190} INFO - [2024-12-07T02:44:56.986-0300] {dagbag.py:588} INFO - Filling up the DagBag from /home/crisu/miniconda3/envs/lab13.1/lib/python3.9/site-packages/airflow/example_dags/example_sensor_decorator.py
[2024-12-07T02:44:56.995-0300] {processor.py:925} INFO - DAG(s) 'example_sensor_decorator' retrieved from /home/crisu/miniconda3/envs/lab13.1/lib/python3.9/site-packages/airflow/example_dags/example_sensor_decorator.py
[2024-12-07T02:44:57.011-0300] {logging_mixin.py:190} INFO - [2024-12-07T02:44:57.010-0300] {dag.py:3239} INFO - Sync 1 DAGs
[2024-12-07T02:44:57.022-0300] {logging_mixin.py:190} INFO - [2024-12-07T02:44:57.021-0300] {dag.py:4180} INFO - Setting next_dagrun for example_sensor_decorator to None, run_after=None
[2024-12-07T02:44:57.084-0300] {processor.py:208} INFO - Processing /home/crisu/miniconda3/envs/lab13.1/lib/python3.9/site-packages/airflow/example_dags/example_sensor_decorator.py took 0.107 seconds
[2024-12-07T02:46:36.101-0300] {processor.py:186} INFO - Started process (PID=40034) to work on /home/crisu/miniconda3/envs/lab13.1/lib/python3.9/site-packages/airflow/example_dags/example_sensor_decorator.py
[2024-12-07T02:46:36.114-0300] {processor.py:914} INFO - Processing file /home/crisu/miniconda3/envs/lab13.1/lib/python3.9/site-packages/airflow/example_dags/example_sensor_decorator.py for tasks to queue
[2024-12-07T02:46:36.116-0300] {logging_mixin.py:190} INFO - [2024-12-07T02:46:36.116-0300] {dagbag.py:588} INFO - Filling up the DagBag from /home/crisu/miniconda3/envs/lab13.1/lib/python3.9/site-packages/airflow/example_dags/example_sensor_decorator.py
[2024-12-07T02:46:36.126-0300] {processor.py:925} INFO - DAG(s) 'example_sensor_decorator' retrieved from /home/crisu/miniconda3/envs/lab13.1/lib/python3.9/site-packages/airflow/example_dags/example_sensor_decorator.py
[2024-12-07T02:46:36.141-0300] {logging_mixin.py:190} INFO - [2024-12-07T02:46:36.141-0300] {dag.py:3239} INFO - Sync 1 DAGs
[2024-12-07T02:46:36.152-0300] {logging_mixin.py:190} INFO - [2024-12-07T02:46:36.151-0300] {dag.py:4180} INFO - Setting next_dagrun for example_sensor_decorator to None, run_after=None
[2024-12-07T02:46:36.214-0300] {processor.py:208} INFO - Processing /home/crisu/miniconda3/envs/lab13.1/lib/python3.9/site-packages/airflow/example_dags/example_sensor_decorator.py took 0.118 seconds
[2024-12-07T02:48:11.204-0300] {processor.py:186} INFO - Started process (PID=40315) to work on /home/crisu/miniconda3/envs/lab13.1/lib/python3.9/site-packages/airflow/example_dags/example_sensor_decorator.py
[2024-12-07T02:48:11.249-0300] {processor.py:914} INFO - Processing file /home/crisu/miniconda3/envs/lab13.1/lib/python3.9/site-packages/airflow/example_dags/example_sensor_decorator.py for tasks to queue
[2024-12-07T02:48:11.251-0300] {logging_mixin.py:190} INFO - [2024-12-07T02:48:11.250-0300] {dagbag.py:588} INFO - Filling up the DagBag from /home/crisu/miniconda3/envs/lab13.1/lib/python3.9/site-packages/airflow/example_dags/example_sensor_decorator.py
[2024-12-07T02:48:11.258-0300] {processor.py:925} INFO - DAG(s) 'example_sensor_decorator' retrieved from /home/crisu/miniconda3/envs/lab13.1/lib/python3.9/site-packages/airflow/example_dags/example_sensor_decorator.py
[2024-12-07T02:48:11.272-0300] {logging_mixin.py:190} INFO - [2024-12-07T02:48:11.271-0300] {dag.py:3239} INFO - Sync 1 DAGs
[2024-12-07T02:48:11.282-0300] {logging_mixin.py:190} INFO - [2024-12-07T02:48:11.282-0300] {dag.py:4180} INFO - Setting next_dagrun for example_sensor_decorator to None, run_after=None
[2024-12-07T02:48:11.749-0300] {processor.py:208} INFO - Processing /home/crisu/miniconda3/envs/lab13.1/lib/python3.9/site-packages/airflow/example_dags/example_sensor_decorator.py took 0.551 seconds
[2024-12-07T02:50:17.483-0300] {processor.py:186} INFO - Started process (PID=40805) to work on /home/crisu/miniconda3/envs/lab13.1/lib/python3.9/site-packages/airflow/example_dags/example_sensor_decorator.py
[2024-12-07T02:50:17.484-0300] {processor.py:914} INFO - Processing file /home/crisu/miniconda3/envs/lab13.1/lib/python3.9/site-packages/airflow/example_dags/example_sensor_decorator.py for tasks to queue
[2024-12-07T02:50:17.486-0300] {logging_mixin.py:190} INFO - [2024-12-07T02:50:17.486-0300] {dagbag.py:588} INFO - Filling up the DagBag from /home/crisu/miniconda3/envs/lab13.1/lib/python3.9/site-packages/airflow/example_dags/example_sensor_decorator.py
[2024-12-07T02:50:17.493-0300] {processor.py:925} INFO - DAG(s) 'example_sensor_decorator' retrieved from /home/crisu/miniconda3/envs/lab13.1/lib/python3.9/site-packages/airflow/example_dags/example_sensor_decorator.py
[2024-12-07T02:50:17.508-0300] {logging_mixin.py:190} INFO - [2024-12-07T02:50:17.507-0300] {dag.py:3239} INFO - Sync 1 DAGs
[2024-12-07T02:50:17.519-0300] {logging_mixin.py:190} INFO - [2024-12-07T02:50:17.519-0300] {dag.py:4180} INFO - Setting next_dagrun for example_sensor_decorator to None, run_after=None
[2024-12-07T02:50:17.573-0300] {processor.py:208} INFO - Processing /home/crisu/miniconda3/envs/lab13.1/lib/python3.9/site-packages/airflow/example_dags/example_sensor_decorator.py took 0.095 seconds
[2024-12-07T02:51:48.600-0300] {processor.py:186} INFO - Started process (PID=41010) to work on /home/crisu/miniconda3/envs/lab13.1/lib/python3.9/site-packages/airflow/example_dags/example_sensor_decorator.py
[2024-12-07T02:51:48.764-0300] {processor.py:914} INFO - Processing file /home/crisu/miniconda3/envs/lab13.1/lib/python3.9/site-packages/airflow/example_dags/example_sensor_decorator.py for tasks to queue
[2024-12-07T02:51:48.766-0300] {logging_mixin.py:190} INFO - [2024-12-07T02:51:48.765-0300] {dagbag.py:588} INFO - Filling up the DagBag from /home/crisu/miniconda3/envs/lab13.1/lib/python3.9/site-packages/airflow/example_dags/example_sensor_decorator.py
[2024-12-07T02:51:48.773-0300] {processor.py:925} INFO - DAG(s) 'example_sensor_decorator' retrieved from /home/crisu/miniconda3/envs/lab13.1/lib/python3.9/site-packages/airflow/example_dags/example_sensor_decorator.py
[2024-12-07T02:51:48.788-0300] {logging_mixin.py:190} INFO - [2024-12-07T02:51:48.787-0300] {dag.py:3239} INFO - Sync 1 DAGs
[2024-12-07T02:51:48.799-0300] {logging_mixin.py:190} INFO - [2024-12-07T02:51:48.799-0300] {dag.py:4180} INFO - Setting next_dagrun for example_sensor_decorator to None, run_after=None
[2024-12-07T02:51:50.918-0300] {processor.py:208} INFO - Processing /home/crisu/miniconda3/envs/lab13.1/lib/python3.9/site-packages/airflow/example_dags/example_sensor_decorator.py took 2.327 seconds
[2024-12-07T03:20:30.151-0300] {processor.py:186} INFO - Started process (PID=42673) to work on /home/crisu/miniconda3/envs/lab13.1/lib/python3.9/site-packages/airflow/example_dags/example_sensor_decorator.py
[2024-12-07T03:20:30.186-0300] {processor.py:914} INFO - Processing file /home/crisu/miniconda3/envs/lab13.1/lib/python3.9/site-packages/airflow/example_dags/example_sensor_decorator.py for tasks to queue
[2024-12-07T03:20:30.187-0300] {logging_mixin.py:190} INFO - [2024-12-07T03:20:30.187-0300] {dagbag.py:588} INFO - Filling up the DagBag from /home/crisu/miniconda3/envs/lab13.1/lib/python3.9/site-packages/airflow/example_dags/example_sensor_decorator.py
[2024-12-07T03:20:30.193-0300] {processor.py:925} INFO - DAG(s) 'example_sensor_decorator' retrieved from /home/crisu/miniconda3/envs/lab13.1/lib/python3.9/site-packages/airflow/example_dags/example_sensor_decorator.py
[2024-12-07T03:20:30.208-0300] {logging_mixin.py:190} INFO - [2024-12-07T03:20:30.208-0300] {dag.py:3239} INFO - Sync 1 DAGs
[2024-12-07T03:20:30.219-0300] {logging_mixin.py:190} INFO - [2024-12-07T03:20:30.218-0300] {dag.py:4180} INFO - Setting next_dagrun for example_sensor_decorator to None, run_after=None
[2024-12-07T03:20:31.631-0300] {processor.py:208} INFO - Processing /home/crisu/miniconda3/envs/lab13.1/lib/python3.9/site-packages/airflow/example_dags/example_sensor_decorator.py took 1.487 seconds
[2024-12-07T03:23:36.419-0300] {processor.py:186} INFO - Started process (PID=42851) to work on /home/crisu/miniconda3/envs/lab13.1/lib/python3.9/site-packages/airflow/example_dags/example_sensor_decorator.py
[2024-12-07T03:23:36.467-0300] {processor.py:914} INFO - Processing file /home/crisu/miniconda3/envs/lab13.1/lib/python3.9/site-packages/airflow/example_dags/example_sensor_decorator.py for tasks to queue
[2024-12-07T03:23:36.469-0300] {logging_mixin.py:190} INFO - [2024-12-07T03:23:36.468-0300] {dagbag.py:588} INFO - Filling up the DagBag from /home/crisu/miniconda3/envs/lab13.1/lib/python3.9/site-packages/airflow/example_dags/example_sensor_decorator.py
[2024-12-07T03:23:36.475-0300] {processor.py:925} INFO - DAG(s) 'example_sensor_decorator' retrieved from /home/crisu/miniconda3/envs/lab13.1/lib/python3.9/site-packages/airflow/example_dags/example_sensor_decorator.py
[2024-12-07T03:23:36.489-0300] {logging_mixin.py:190} INFO - [2024-12-07T03:23:36.489-0300] {dag.py:3239} INFO - Sync 1 DAGs
[2024-12-07T03:23:36.499-0300] {logging_mixin.py:190} INFO - [2024-12-07T03:23:36.499-0300] {dag.py:4180} INFO - Setting next_dagrun for example_sensor_decorator to None, run_after=None
[2024-12-07T03:23:37.703-0300] {processor.py:208} INFO - Processing /home/crisu/miniconda3/envs/lab13.1/lib/python3.9/site-packages/airflow/example_dags/example_sensor_decorator.py took 1.289 seconds
[2024-12-07T03:27:45.589-0300] {processor.py:186} INFO - Started process (PID=43637) to work on /home/crisu/miniconda3/envs/lab13.1/lib/python3.9/site-packages/airflow/example_dags/example_sensor_decorator.py
[2024-12-07T03:27:45.590-0300] {processor.py:914} INFO - Processing file /home/crisu/miniconda3/envs/lab13.1/lib/python3.9/site-packages/airflow/example_dags/example_sensor_decorator.py for tasks to queue
[2024-12-07T03:27:45.592-0300] {logging_mixin.py:190} INFO - [2024-12-07T03:27:45.592-0300] {dagbag.py:588} INFO - Filling up the DagBag from /home/crisu/miniconda3/envs/lab13.1/lib/python3.9/site-packages/airflow/example_dags/example_sensor_decorator.py
[2024-12-07T03:27:45.599-0300] {processor.py:925} INFO - DAG(s) 'example_sensor_decorator' retrieved from /home/crisu/miniconda3/envs/lab13.1/lib/python3.9/site-packages/airflow/example_dags/example_sensor_decorator.py
[2024-12-07T03:27:45.614-0300] {logging_mixin.py:190} INFO - [2024-12-07T03:27:45.613-0300] {dag.py:3239} INFO - Sync 1 DAGs
[2024-12-07T03:27:45.625-0300] {logging_mixin.py:190} INFO - [2024-12-07T03:27:45.625-0300] {dag.py:4180} INFO - Setting next_dagrun for example_sensor_decorator to None, run_after=None
[2024-12-07T03:27:45.689-0300] {processor.py:208} INFO - Processing /home/crisu/miniconda3/envs/lab13.1/lib/python3.9/site-packages/airflow/example_dags/example_sensor_decorator.py took 0.105 seconds
[2024-12-07T03:29:39.863-0300] {processor.py:186} INFO - Started process (PID=43844) to work on /home/crisu/miniconda3/envs/lab13.1/lib/python3.9/site-packages/airflow/example_dags/example_sensor_decorator.py
[2024-12-07T03:29:39.867-0300] {processor.py:914} INFO - Processing file /home/crisu/miniconda3/envs/lab13.1/lib/python3.9/site-packages/airflow/example_dags/example_sensor_decorator.py for tasks to queue
[2024-12-07T03:29:39.869-0300] {logging_mixin.py:190} INFO - [2024-12-07T03:29:39.869-0300] {dagbag.py:588} INFO - Filling up the DagBag from /home/crisu/miniconda3/envs/lab13.1/lib/python3.9/site-packages/airflow/example_dags/example_sensor_decorator.py
[2024-12-07T03:29:39.877-0300] {processor.py:925} INFO - DAG(s) 'example_sensor_decorator' retrieved from /home/crisu/miniconda3/envs/lab13.1/lib/python3.9/site-packages/airflow/example_dags/example_sensor_decorator.py
[2024-12-07T03:29:39.890-0300] {logging_mixin.py:190} INFO - [2024-12-07T03:29:39.890-0300] {dag.py:3239} INFO - Sync 1 DAGs
[2024-12-07T03:29:39.902-0300] {logging_mixin.py:190} INFO - [2024-12-07T03:29:39.902-0300] {dag.py:4180} INFO - Setting next_dagrun for example_sensor_decorator to None, run_after=None
[2024-12-07T03:29:39.958-0300] {processor.py:208} INFO - Processing /home/crisu/miniconda3/envs/lab13.1/lib/python3.9/site-packages/airflow/example_dags/example_sensor_decorator.py took 0.101 seconds
[2024-12-07T03:34:16.537-0300] {processor.py:186} INFO - Started process (PID=44586) to work on /home/crisu/miniconda3/envs/lab13.1/lib/python3.9/site-packages/airflow/example_dags/example_sensor_decorator.py
[2024-12-07T03:34:16.538-0300] {processor.py:914} INFO - Processing file /home/crisu/miniconda3/envs/lab13.1/lib/python3.9/site-packages/airflow/example_dags/example_sensor_decorator.py for tasks to queue
[2024-12-07T03:34:16.539-0300] {logging_mixin.py:190} INFO - [2024-12-07T03:34:16.539-0300] {dagbag.py:588} INFO - Filling up the DagBag from /home/crisu/miniconda3/envs/lab13.1/lib/python3.9/site-packages/airflow/example_dags/example_sensor_decorator.py
[2024-12-07T03:34:16.545-0300] {processor.py:925} INFO - DAG(s) 'example_sensor_decorator' retrieved from /home/crisu/miniconda3/envs/lab13.1/lib/python3.9/site-packages/airflow/example_dags/example_sensor_decorator.py
[2024-12-07T03:34:16.559-0300] {logging_mixin.py:190} INFO - [2024-12-07T03:34:16.559-0300] {dag.py:3239} INFO - Sync 1 DAGs
[2024-12-07T03:34:16.570-0300] {logging_mixin.py:190} INFO - [2024-12-07T03:34:16.570-0300] {dag.py:4180} INFO - Setting next_dagrun for example_sensor_decorator to None, run_after=None
[2024-12-07T03:34:16.636-0300] {processor.py:208} INFO - Processing /home/crisu/miniconda3/envs/lab13.1/lib/python3.9/site-packages/airflow/example_dags/example_sensor_decorator.py took 0.104 seconds
[2024-12-07T03:35:51.227-0300] {processor.py:186} INFO - Started process (PID=44771) to work on /home/crisu/miniconda3/envs/lab13.1/lib/python3.9/site-packages/airflow/example_dags/example_sensor_decorator.py
[2024-12-07T03:35:51.235-0300] {processor.py:914} INFO - Processing file /home/crisu/miniconda3/envs/lab13.1/lib/python3.9/site-packages/airflow/example_dags/example_sensor_decorator.py for tasks to queue
[2024-12-07T03:35:51.237-0300] {logging_mixin.py:190} INFO - [2024-12-07T03:35:51.236-0300] {dagbag.py:588} INFO - Filling up the DagBag from /home/crisu/miniconda3/envs/lab13.1/lib/python3.9/site-packages/airflow/example_dags/example_sensor_decorator.py
[2024-12-07T03:35:51.242-0300] {processor.py:925} INFO - DAG(s) 'example_sensor_decorator' retrieved from /home/crisu/miniconda3/envs/lab13.1/lib/python3.9/site-packages/airflow/example_dags/example_sensor_decorator.py
[2024-12-07T03:35:51.255-0300] {logging_mixin.py:190} INFO - [2024-12-07T03:35:51.255-0300] {dag.py:3239} INFO - Sync 1 DAGs
[2024-12-07T03:35:51.265-0300] {logging_mixin.py:190} INFO - [2024-12-07T03:35:51.265-0300] {dag.py:4180} INFO - Setting next_dagrun for example_sensor_decorator to None, run_after=None
[2024-12-07T03:35:51.323-0300] {processor.py:208} INFO - Processing /home/crisu/miniconda3/envs/lab13.1/lib/python3.9/site-packages/airflow/example_dags/example_sensor_decorator.py took 0.101 seconds
[2024-12-07T03:37:53.927-0300] {processor.py:186} INFO - Started process (PID=44968) to work on /home/crisu/miniconda3/envs/lab13.1/lib/python3.9/site-packages/airflow/example_dags/example_sensor_decorator.py
[2024-12-07T03:37:53.928-0300] {processor.py:914} INFO - Processing file /home/crisu/miniconda3/envs/lab13.1/lib/python3.9/site-packages/airflow/example_dags/example_sensor_decorator.py for tasks to queue
[2024-12-07T03:37:53.929-0300] {logging_mixin.py:190} INFO - [2024-12-07T03:37:53.929-0300] {dagbag.py:588} INFO - Filling up the DagBag from /home/crisu/miniconda3/envs/lab13.1/lib/python3.9/site-packages/airflow/example_dags/example_sensor_decorator.py
[2024-12-07T03:37:53.934-0300] {processor.py:925} INFO - DAG(s) 'example_sensor_decorator' retrieved from /home/crisu/miniconda3/envs/lab13.1/lib/python3.9/site-packages/airflow/example_dags/example_sensor_decorator.py
[2024-12-07T03:37:53.948-0300] {logging_mixin.py:190} INFO - [2024-12-07T03:37:53.947-0300] {dag.py:3239} INFO - Sync 1 DAGs
[2024-12-07T03:37:53.958-0300] {logging_mixin.py:190} INFO - [2024-12-07T03:37:53.958-0300] {dag.py:4180} INFO - Setting next_dagrun for example_sensor_decorator to None, run_after=None
[2024-12-07T03:37:54.095-0300] {processor.py:208} INFO - Processing /home/crisu/miniconda3/envs/lab13.1/lib/python3.9/site-packages/airflow/example_dags/example_sensor_decorator.py took 0.173 seconds
[2024-12-07T03:39:12.634-0300] {processor.py:186} INFO - Started process (PID=45131) to work on /home/crisu/miniconda3/envs/lab13.1/lib/python3.9/site-packages/airflow/example_dags/example_sensor_decorator.py
[2024-12-07T03:39:12.648-0300] {processor.py:914} INFO - Processing file /home/crisu/miniconda3/envs/lab13.1/lib/python3.9/site-packages/airflow/example_dags/example_sensor_decorator.py for tasks to queue
[2024-12-07T03:39:12.650-0300] {logging_mixin.py:190} INFO - [2024-12-07T03:39:12.649-0300] {dagbag.py:588} INFO - Filling up the DagBag from /home/crisu/miniconda3/envs/lab13.1/lib/python3.9/site-packages/airflow/example_dags/example_sensor_decorator.py
[2024-12-07T03:39:12.655-0300] {processor.py:925} INFO - DAG(s) 'example_sensor_decorator' retrieved from /home/crisu/miniconda3/envs/lab13.1/lib/python3.9/site-packages/airflow/example_dags/example_sensor_decorator.py
[2024-12-07T03:39:12.668-0300] {logging_mixin.py:190} INFO - [2024-12-07T03:39:12.668-0300] {dag.py:3239} INFO - Sync 1 DAGs
[2024-12-07T03:39:12.679-0300] {logging_mixin.py:190} INFO - [2024-12-07T03:39:12.679-0300] {dag.py:4180} INFO - Setting next_dagrun for example_sensor_decorator to None, run_after=None
[2024-12-07T03:39:12.742-0300] {processor.py:208} INFO - Processing /home/crisu/miniconda3/envs/lab13.1/lib/python3.9/site-packages/airflow/example_dags/example_sensor_decorator.py took 0.113 seconds
[2024-12-07T03:40:28.153-0300] {processor.py:186} INFO - Started process (PID=45279) to work on /home/crisu/miniconda3/envs/lab13.1/lib/python3.9/site-packages/airflow/example_dags/example_sensor_decorator.py
[2024-12-07T03:40:28.158-0300] {processor.py:914} INFO - Processing file /home/crisu/miniconda3/envs/lab13.1/lib/python3.9/site-packages/airflow/example_dags/example_sensor_decorator.py for tasks to queue
[2024-12-07T03:40:28.160-0300] {logging_mixin.py:190} INFO - [2024-12-07T03:40:28.159-0300] {dagbag.py:588} INFO - Filling up the DagBag from /home/crisu/miniconda3/envs/lab13.1/lib/python3.9/site-packages/airflow/example_dags/example_sensor_decorator.py
[2024-12-07T03:40:28.168-0300] {processor.py:925} INFO - DAG(s) 'example_sensor_decorator' retrieved from /home/crisu/miniconda3/envs/lab13.1/lib/python3.9/site-packages/airflow/example_dags/example_sensor_decorator.py
[2024-12-07T03:40:28.183-0300] {logging_mixin.py:190} INFO - [2024-12-07T03:40:28.182-0300] {dag.py:3239} INFO - Sync 1 DAGs
[2024-12-07T03:40:28.194-0300] {logging_mixin.py:190} INFO - [2024-12-07T03:40:28.194-0300] {dag.py:4180} INFO - Setting next_dagrun for example_sensor_decorator to None, run_after=None
[2024-12-07T03:40:28.252-0300] {processor.py:208} INFO - Processing /home/crisu/miniconda3/envs/lab13.1/lib/python3.9/site-packages/airflow/example_dags/example_sensor_decorator.py took 0.105 seconds
[2024-12-07T03:44:14.121-0300] {processor.py:186} INFO - Started process (PID=45881) to work on /home/crisu/miniconda3/envs/lab13.1/lib/python3.9/site-packages/airflow/example_dags/example_sensor_decorator.py
[2024-12-07T03:44:14.145-0300] {processor.py:914} INFO - Processing file /home/crisu/miniconda3/envs/lab13.1/lib/python3.9/site-packages/airflow/example_dags/example_sensor_decorator.py for tasks to queue
[2024-12-07T03:44:14.146-0300] {logging_mixin.py:190} INFO - [2024-12-07T03:44:14.146-0300] {dagbag.py:588} INFO - Filling up the DagBag from /home/crisu/miniconda3/envs/lab13.1/lib/python3.9/site-packages/airflow/example_dags/example_sensor_decorator.py
[2024-12-07T03:44:14.156-0300] {processor.py:925} INFO - DAG(s) 'example_sensor_decorator' retrieved from /home/crisu/miniconda3/envs/lab13.1/lib/python3.9/site-packages/airflow/example_dags/example_sensor_decorator.py
[2024-12-07T03:44:14.172-0300] {logging_mixin.py:190} INFO - [2024-12-07T03:44:14.171-0300] {dag.py:3239} INFO - Sync 1 DAGs
[2024-12-07T03:44:14.182-0300] {logging_mixin.py:190} INFO - [2024-12-07T03:44:14.182-0300] {dag.py:4180} INFO - Setting next_dagrun for example_sensor_decorator to None, run_after=None
[2024-12-07T03:44:14.259-0300] {processor.py:208} INFO - Processing /home/crisu/miniconda3/envs/lab13.1/lib/python3.9/site-packages/airflow/example_dags/example_sensor_decorator.py took 0.144 seconds
[2024-12-07T03:48:35.687-0300] {processor.py:186} INFO - Started process (PID=46733) to work on /home/crisu/miniconda3/envs/lab13.1/lib/python3.9/site-packages/airflow/example_dags/example_sensor_decorator.py
[2024-12-07T03:48:35.709-0300] {processor.py:914} INFO - Processing file /home/crisu/miniconda3/envs/lab13.1/lib/python3.9/site-packages/airflow/example_dags/example_sensor_decorator.py for tasks to queue
[2024-12-07T03:48:35.711-0300] {logging_mixin.py:190} INFO - [2024-12-07T03:48:35.711-0300] {dagbag.py:588} INFO - Filling up the DagBag from /home/crisu/miniconda3/envs/lab13.1/lib/python3.9/site-packages/airflow/example_dags/example_sensor_decorator.py
[2024-12-07T03:48:35.718-0300] {processor.py:925} INFO - DAG(s) 'example_sensor_decorator' retrieved from /home/crisu/miniconda3/envs/lab13.1/lib/python3.9/site-packages/airflow/example_dags/example_sensor_decorator.py
[2024-12-07T03:48:35.731-0300] {logging_mixin.py:190} INFO - [2024-12-07T03:48:35.731-0300] {dag.py:3239} INFO - Sync 1 DAGs
[2024-12-07T03:48:35.743-0300] {logging_mixin.py:190} INFO - [2024-12-07T03:48:35.742-0300] {dag.py:4180} INFO - Setting next_dagrun for example_sensor_decorator to None, run_after=None
[2024-12-07T03:48:36.272-0300] {processor.py:208} INFO - Processing /home/crisu/miniconda3/envs/lab13.1/lib/python3.9/site-packages/airflow/example_dags/example_sensor_decorator.py took 0.590 seconds
[2024-12-07T03:50:39.784-0300] {processor.py:186} INFO - Started process (PID=46943) to work on /home/crisu/miniconda3/envs/lab13.1/lib/python3.9/site-packages/airflow/example_dags/example_sensor_decorator.py
[2024-12-07T03:50:39.831-0300] {processor.py:914} INFO - Processing file /home/crisu/miniconda3/envs/lab13.1/lib/python3.9/site-packages/airflow/example_dags/example_sensor_decorator.py for tasks to queue
[2024-12-07T03:50:39.833-0300] {logging_mixin.py:190} INFO - [2024-12-07T03:50:39.832-0300] {dagbag.py:588} INFO - Filling up the DagBag from /home/crisu/miniconda3/envs/lab13.1/lib/python3.9/site-packages/airflow/example_dags/example_sensor_decorator.py
[2024-12-07T03:50:39.842-0300] {processor.py:925} INFO - DAG(s) 'example_sensor_decorator' retrieved from /home/crisu/miniconda3/envs/lab13.1/lib/python3.9/site-packages/airflow/example_dags/example_sensor_decorator.py
[2024-12-07T03:50:39.859-0300] {logging_mixin.py:190} INFO - [2024-12-07T03:50:39.859-0300] {dag.py:3239} INFO - Sync 1 DAGs
[2024-12-07T03:50:39.876-0300] {logging_mixin.py:190} INFO - [2024-12-07T03:50:39.876-0300] {dag.py:4180} INFO - Setting next_dagrun for example_sensor_decorator to None, run_after=None
[2024-12-07T03:50:41.072-0300] {processor.py:208} INFO - Processing /home/crisu/miniconda3/envs/lab13.1/lib/python3.9/site-packages/airflow/example_dags/example_sensor_decorator.py took 1.293 seconds
[2024-12-07T03:52:11.849-0300] {processor.py:186} INFO - Started process (PID=47054) to work on /home/crisu/miniconda3/envs/lab13.1/lib/python3.9/site-packages/airflow/example_dags/example_sensor_decorator.py
[2024-12-07T03:52:11.854-0300] {processor.py:914} INFO - Processing file /home/crisu/miniconda3/envs/lab13.1/lib/python3.9/site-packages/airflow/example_dags/example_sensor_decorator.py for tasks to queue
[2024-12-07T03:52:11.856-0300] {logging_mixin.py:190} INFO - [2024-12-07T03:52:11.856-0300] {dagbag.py:588} INFO - Filling up the DagBag from /home/crisu/miniconda3/envs/lab13.1/lib/python3.9/site-packages/airflow/example_dags/example_sensor_decorator.py
[2024-12-07T03:52:11.866-0300] {processor.py:925} INFO - DAG(s) 'example_sensor_decorator' retrieved from /home/crisu/miniconda3/envs/lab13.1/lib/python3.9/site-packages/airflow/example_dags/example_sensor_decorator.py
[2024-12-07T03:52:11.881-0300] {logging_mixin.py:190} INFO - [2024-12-07T03:52:11.881-0300] {dag.py:3239} INFO - Sync 1 DAGs
[2024-12-07T03:52:11.894-0300] {logging_mixin.py:190} INFO - [2024-12-07T03:52:11.894-0300] {dag.py:4180} INFO - Setting next_dagrun for example_sensor_decorator to None, run_after=None
[2024-12-07T03:52:11.951-0300] {processor.py:208} INFO - Processing /home/crisu/miniconda3/envs/lab13.1/lib/python3.9/site-packages/airflow/example_dags/example_sensor_decorator.py took 0.108 seconds
[2024-12-07T03:54:22.997-0300] {processor.py:186} INFO - Started process (PID=47313) to work on /home/crisu/miniconda3/envs/lab13.1/lib/python3.9/site-packages/airflow/example_dags/example_sensor_decorator.py
[2024-12-07T03:54:23.019-0300] {processor.py:914} INFO - Processing file /home/crisu/miniconda3/envs/lab13.1/lib/python3.9/site-packages/airflow/example_dags/example_sensor_decorator.py for tasks to queue
[2024-12-07T03:54:23.022-0300] {logging_mixin.py:190} INFO - [2024-12-07T03:54:23.021-0300] {dagbag.py:588} INFO - Filling up the DagBag from /home/crisu/miniconda3/envs/lab13.1/lib/python3.9/site-packages/airflow/example_dags/example_sensor_decorator.py
[2024-12-07T03:54:23.029-0300] {processor.py:925} INFO - DAG(s) 'example_sensor_decorator' retrieved from /home/crisu/miniconda3/envs/lab13.1/lib/python3.9/site-packages/airflow/example_dags/example_sensor_decorator.py
[2024-12-07T03:54:23.041-0300] {logging_mixin.py:190} INFO - [2024-12-07T03:54:23.041-0300] {dag.py:3239} INFO - Sync 1 DAGs
[2024-12-07T03:54:23.052-0300] {logging_mixin.py:190} INFO - [2024-12-07T03:54:23.052-0300] {dag.py:4180} INFO - Setting next_dagrun for example_sensor_decorator to None, run_after=None
[2024-12-07T03:54:23.126-0300] {processor.py:208} INFO - Processing /home/crisu/miniconda3/envs/lab13.1/lib/python3.9/site-packages/airflow/example_dags/example_sensor_decorator.py took 0.134 seconds
[2024-12-07T03:56:23.144-0300] {processor.py:186} INFO - Started process (PID=47561) to work on /home/crisu/miniconda3/envs/lab13.1/lib/python3.9/site-packages/airflow/example_dags/example_sensor_decorator.py
[2024-12-07T03:56:23.157-0300] {processor.py:914} INFO - Processing file /home/crisu/miniconda3/envs/lab13.1/lib/python3.9/site-packages/airflow/example_dags/example_sensor_decorator.py for tasks to queue
[2024-12-07T03:56:23.159-0300] {logging_mixin.py:190} INFO - [2024-12-07T03:56:23.159-0300] {dagbag.py:588} INFO - Filling up the DagBag from /home/crisu/miniconda3/envs/lab13.1/lib/python3.9/site-packages/airflow/example_dags/example_sensor_decorator.py
[2024-12-07T03:56:23.167-0300] {processor.py:925} INFO - DAG(s) 'example_sensor_decorator' retrieved from /home/crisu/miniconda3/envs/lab13.1/lib/python3.9/site-packages/airflow/example_dags/example_sensor_decorator.py
[2024-12-07T03:56:23.181-0300] {logging_mixin.py:190} INFO - [2024-12-07T03:56:23.181-0300] {dag.py:3239} INFO - Sync 1 DAGs
[2024-12-07T03:56:23.192-0300] {logging_mixin.py:190} INFO - [2024-12-07T03:56:23.192-0300] {dag.py:4180} INFO - Setting next_dagrun for example_sensor_decorator to None, run_after=None
[2024-12-07T03:56:23.251-0300] {processor.py:208} INFO - Processing /home/crisu/miniconda3/envs/lab13.1/lib/python3.9/site-packages/airflow/example_dags/example_sensor_decorator.py took 0.113 seconds
[2024-12-07T03:57:41.027-0300] {processor.py:186} INFO - Started process (PID=47698) to work on /home/crisu/miniconda3/envs/lab13.1/lib/python3.9/site-packages/airflow/example_dags/example_sensor_decorator.py
[2024-12-07T03:57:41.040-0300] {processor.py:914} INFO - Processing file /home/crisu/miniconda3/envs/lab13.1/lib/python3.9/site-packages/airflow/example_dags/example_sensor_decorator.py for tasks to queue
[2024-12-07T03:57:41.042-0300] {logging_mixin.py:190} INFO - [2024-12-07T03:57:41.042-0300] {dagbag.py:588} INFO - Filling up the DagBag from /home/crisu/miniconda3/envs/lab13.1/lib/python3.9/site-packages/airflow/example_dags/example_sensor_decorator.py
[2024-12-07T03:57:41.051-0300] {processor.py:925} INFO - DAG(s) 'example_sensor_decorator' retrieved from /home/crisu/miniconda3/envs/lab13.1/lib/python3.9/site-packages/airflow/example_dags/example_sensor_decorator.py
[2024-12-07T03:57:41.063-0300] {logging_mixin.py:190} INFO - [2024-12-07T03:57:41.063-0300] {dag.py:3239} INFO - Sync 1 DAGs
[2024-12-07T03:57:41.075-0300] {logging_mixin.py:190} INFO - [2024-12-07T03:57:41.075-0300] {dag.py:4180} INFO - Setting next_dagrun for example_sensor_decorator to None, run_after=None
[2024-12-07T03:57:41.134-0300] {processor.py:208} INFO - Processing /home/crisu/miniconda3/envs/lab13.1/lib/python3.9/site-packages/airflow/example_dags/example_sensor_decorator.py took 0.112 seconds
[2024-12-07T03:59:35.386-0300] {processor.py:186} INFO - Started process (PID=47966) to work on /home/crisu/miniconda3/envs/lab13.1/lib/python3.9/site-packages/airflow/example_dags/example_sensor_decorator.py
[2024-12-07T03:59:35.392-0300] {processor.py:914} INFO - Processing file /home/crisu/miniconda3/envs/lab13.1/lib/python3.9/site-packages/airflow/example_dags/example_sensor_decorator.py for tasks to queue
[2024-12-07T03:59:35.394-0300] {logging_mixin.py:190} INFO - [2024-12-07T03:59:35.394-0300] {dagbag.py:588} INFO - Filling up the DagBag from /home/crisu/miniconda3/envs/lab13.1/lib/python3.9/site-packages/airflow/example_dags/example_sensor_decorator.py
[2024-12-07T03:59:35.401-0300] {processor.py:925} INFO - DAG(s) 'example_sensor_decorator' retrieved from /home/crisu/miniconda3/envs/lab13.1/lib/python3.9/site-packages/airflow/example_dags/example_sensor_decorator.py
[2024-12-07T03:59:35.414-0300] {logging_mixin.py:190} INFO - [2024-12-07T03:59:35.413-0300] {dag.py:3239} INFO - Sync 1 DAGs
[2024-12-07T03:59:35.426-0300] {logging_mixin.py:190} INFO - [2024-12-07T03:59:35.426-0300] {dag.py:4180} INFO - Setting next_dagrun for example_sensor_decorator to None, run_after=None
[2024-12-07T03:59:35.483-0300] {processor.py:208} INFO - Processing /home/crisu/miniconda3/envs/lab13.1/lib/python3.9/site-packages/airflow/example_dags/example_sensor_decorator.py took 0.102 seconds
[2024-12-07T04:00:51.411-0300] {processor.py:186} INFO - Started process (PID=48114) to work on /home/crisu/miniconda3/envs/lab13.1/lib/python3.9/site-packages/airflow/example_dags/example_sensor_decorator.py
[2024-12-07T04:00:51.412-0300] {processor.py:914} INFO - Processing file /home/crisu/miniconda3/envs/lab13.1/lib/python3.9/site-packages/airflow/example_dags/example_sensor_decorator.py for tasks to queue
[2024-12-07T04:00:51.414-0300] {logging_mixin.py:190} INFO - [2024-12-07T04:00:51.414-0300] {dagbag.py:588} INFO - Filling up the DagBag from /home/crisu/miniconda3/envs/lab13.1/lib/python3.9/site-packages/airflow/example_dags/example_sensor_decorator.py
[2024-12-07T04:00:51.423-0300] {processor.py:925} INFO - DAG(s) 'example_sensor_decorator' retrieved from /home/crisu/miniconda3/envs/lab13.1/lib/python3.9/site-packages/airflow/example_dags/example_sensor_decorator.py
[2024-12-07T04:00:51.437-0300] {logging_mixin.py:190} INFO - [2024-12-07T04:00:51.437-0300] {dag.py:3239} INFO - Sync 1 DAGs
[2024-12-07T04:00:51.449-0300] {logging_mixin.py:190} INFO - [2024-12-07T04:00:51.448-0300] {dag.py:4180} INFO - Setting next_dagrun for example_sensor_decorator to None, run_after=None
[2024-12-07T04:00:51.508-0300] {processor.py:208} INFO - Processing /home/crisu/miniconda3/envs/lab13.1/lib/python3.9/site-packages/airflow/example_dags/example_sensor_decorator.py took 0.103 seconds
[2024-12-07T04:07:44.947-0300] {processor.py:186} INFO - Started process (PID=49184) to work on /home/crisu/miniconda3/envs/lab13.1/lib/python3.9/site-packages/airflow/example_dags/example_sensor_decorator.py
[2024-12-07T04:07:44.949-0300] {processor.py:914} INFO - Processing file /home/crisu/miniconda3/envs/lab13.1/lib/python3.9/site-packages/airflow/example_dags/example_sensor_decorator.py for tasks to queue
[2024-12-07T04:07:44.950-0300] {logging_mixin.py:190} INFO - [2024-12-07T04:07:44.949-0300] {dagbag.py:588} INFO - Filling up the DagBag from /home/crisu/miniconda3/envs/lab13.1/lib/python3.9/site-packages/airflow/example_dags/example_sensor_decorator.py
[2024-12-07T04:07:44.955-0300] {processor.py:925} INFO - DAG(s) 'example_sensor_decorator' retrieved from /home/crisu/miniconda3/envs/lab13.1/lib/python3.9/site-packages/airflow/example_dags/example_sensor_decorator.py
[2024-12-07T04:07:44.971-0300] {logging_mixin.py:190} INFO - [2024-12-07T04:07:44.970-0300] {dag.py:3239} INFO - Sync 1 DAGs
[2024-12-07T04:07:44.982-0300] {logging_mixin.py:190} INFO - [2024-12-07T04:07:44.981-0300] {dag.py:4180} INFO - Setting next_dagrun for example_sensor_decorator to None, run_after=None
[2024-12-07T04:07:45.035-0300] {processor.py:208} INFO - Processing /home/crisu/miniconda3/envs/lab13.1/lib/python3.9/site-packages/airflow/example_dags/example_sensor_decorator.py took 0.094 seconds
[2024-12-07T04:09:20.554-0300] {processor.py:186} INFO - Started process (PID=49405) to work on /home/crisu/miniconda3/envs/lab13.1/lib/python3.9/site-packages/airflow/example_dags/example_sensor_decorator.py
[2024-12-07T04:09:20.556-0300] {processor.py:914} INFO - Processing file /home/crisu/miniconda3/envs/lab13.1/lib/python3.9/site-packages/airflow/example_dags/example_sensor_decorator.py for tasks to queue
[2024-12-07T04:09:20.558-0300] {logging_mixin.py:190} INFO - [2024-12-07T04:09:20.557-0300] {dagbag.py:588} INFO - Filling up the DagBag from /home/crisu/miniconda3/envs/lab13.1/lib/python3.9/site-packages/airflow/example_dags/example_sensor_decorator.py
[2024-12-07T04:09:20.565-0300] {processor.py:925} INFO - DAG(s) 'example_sensor_decorator' retrieved from /home/crisu/miniconda3/envs/lab13.1/lib/python3.9/site-packages/airflow/example_dags/example_sensor_decorator.py
[2024-12-07T04:09:20.586-0300] {logging_mixin.py:190} INFO - [2024-12-07T04:09:20.585-0300] {dag.py:3239} INFO - Sync 1 DAGs
[2024-12-07T04:09:20.602-0300] {logging_mixin.py:190} INFO - [2024-12-07T04:09:20.602-0300] {dag.py:4180} INFO - Setting next_dagrun for example_sensor_decorator to None, run_after=None
[2024-12-07T04:09:21.608-0300] {processor.py:208} INFO - Processing /home/crisu/miniconda3/envs/lab13.1/lib/python3.9/site-packages/airflow/example_dags/example_sensor_decorator.py took 1.063 seconds
[2024-12-07T04:11:24.960-0300] {processor.py:186} INFO - Started process (PID=49589) to work on /home/crisu/miniconda3/envs/lab13.1/lib/python3.9/site-packages/airflow/example_dags/example_sensor_decorator.py
[2024-12-07T04:11:24.964-0300] {processor.py:914} INFO - Processing file /home/crisu/miniconda3/envs/lab13.1/lib/python3.9/site-packages/airflow/example_dags/example_sensor_decorator.py for tasks to queue
[2024-12-07T04:11:24.965-0300] {logging_mixin.py:190} INFO - [2024-12-07T04:11:24.965-0300] {dagbag.py:588} INFO - Filling up the DagBag from /home/crisu/miniconda3/envs/lab13.1/lib/python3.9/site-packages/airflow/example_dags/example_sensor_decorator.py
[2024-12-07T04:11:24.972-0300] {processor.py:925} INFO - DAG(s) 'example_sensor_decorator' retrieved from /home/crisu/miniconda3/envs/lab13.1/lib/python3.9/site-packages/airflow/example_dags/example_sensor_decorator.py
[2024-12-07T04:11:24.989-0300] {logging_mixin.py:190} INFO - [2024-12-07T04:11:24.988-0300] {dag.py:3239} INFO - Sync 1 DAGs
[2024-12-07T04:11:25.001-0300] {logging_mixin.py:190} INFO - [2024-12-07T04:11:25.001-0300] {dag.py:4180} INFO - Setting next_dagrun for example_sensor_decorator to None, run_after=None
[2024-12-07T04:11:25.055-0300] {processor.py:208} INFO - Processing /home/crisu/miniconda3/envs/lab13.1/lib/python3.9/site-packages/airflow/example_dags/example_sensor_decorator.py took 0.106 seconds
[2024-12-07T04:12:55.805-0300] {processor.py:186} INFO - Started process (PID=49727) to work on /home/crisu/miniconda3/envs/lab13.1/lib/python3.9/site-packages/airflow/example_dags/example_sensor_decorator.py
[2024-12-07T04:12:55.817-0300] {processor.py:914} INFO - Processing file /home/crisu/miniconda3/envs/lab13.1/lib/python3.9/site-packages/airflow/example_dags/example_sensor_decorator.py for tasks to queue
[2024-12-07T04:12:55.818-0300] {logging_mixin.py:190} INFO - [2024-12-07T04:12:55.817-0300] {dagbag.py:588} INFO - Filling up the DagBag from /home/crisu/miniconda3/envs/lab13.1/lib/python3.9/site-packages/airflow/example_dags/example_sensor_decorator.py
[2024-12-07T04:12:55.823-0300] {processor.py:925} INFO - DAG(s) 'example_sensor_decorator' retrieved from /home/crisu/miniconda3/envs/lab13.1/lib/python3.9/site-packages/airflow/example_dags/example_sensor_decorator.py
[2024-12-07T04:12:55.837-0300] {logging_mixin.py:190} INFO - [2024-12-07T04:12:55.836-0300] {dag.py:3239} INFO - Sync 1 DAGs
[2024-12-07T04:12:55.849-0300] {logging_mixin.py:190} INFO - [2024-12-07T04:12:55.849-0300] {dag.py:4180} INFO - Setting next_dagrun for example_sensor_decorator to None, run_after=None
[2024-12-07T04:12:55.924-0300] {processor.py:208} INFO - Processing /home/crisu/miniconda3/envs/lab13.1/lib/python3.9/site-packages/airflow/example_dags/example_sensor_decorator.py took 0.125 seconds
[2024-12-07T04:14:11.570-0300] {processor.py:186} INFO - Started process (PID=49904) to work on /home/crisu/miniconda3/envs/lab13.1/lib/python3.9/site-packages/airflow/example_dags/example_sensor_decorator.py
[2024-12-07T04:14:11.621-0300] {processor.py:914} INFO - Processing file /home/crisu/miniconda3/envs/lab13.1/lib/python3.9/site-packages/airflow/example_dags/example_sensor_decorator.py for tasks to queue
[2024-12-07T04:14:11.622-0300] {logging_mixin.py:190} INFO - [2024-12-07T04:14:11.622-0300] {dagbag.py:588} INFO - Filling up the DagBag from /home/crisu/miniconda3/envs/lab13.1/lib/python3.9/site-packages/airflow/example_dags/example_sensor_decorator.py
[2024-12-07T04:14:11.628-0300] {processor.py:925} INFO - DAG(s) 'example_sensor_decorator' retrieved from /home/crisu/miniconda3/envs/lab13.1/lib/python3.9/site-packages/airflow/example_dags/example_sensor_decorator.py
[2024-12-07T04:14:11.646-0300] {logging_mixin.py:190} INFO - [2024-12-07T04:14:11.646-0300] {dag.py:3239} INFO - Sync 1 DAGs
[2024-12-07T04:14:11.663-0300] {logging_mixin.py:190} INFO - [2024-12-07T04:14:11.662-0300] {dag.py:4180} INFO - Setting next_dagrun for example_sensor_decorator to None, run_after=None
[2024-12-07T04:14:11.782-0300] {processor.py:208} INFO - Processing /home/crisu/miniconda3/envs/lab13.1/lib/python3.9/site-packages/airflow/example_dags/example_sensor_decorator.py took 0.219 seconds
[2024-12-07T04:15:30.320-0300] {processor.py:186} INFO - Started process (PID=50016) to work on /home/crisu/miniconda3/envs/lab13.1/lib/python3.9/site-packages/airflow/example_dags/example_sensor_decorator.py
[2024-12-07T04:15:30.335-0300] {processor.py:914} INFO - Processing file /home/crisu/miniconda3/envs/lab13.1/lib/python3.9/site-packages/airflow/example_dags/example_sensor_decorator.py for tasks to queue
[2024-12-07T04:15:30.336-0300] {logging_mixin.py:190} INFO - [2024-12-07T04:15:30.335-0300] {dagbag.py:588} INFO - Filling up the DagBag from /home/crisu/miniconda3/envs/lab13.1/lib/python3.9/site-packages/airflow/example_dags/example_sensor_decorator.py
[2024-12-07T04:15:30.341-0300] {processor.py:925} INFO - DAG(s) 'example_sensor_decorator' retrieved from /home/crisu/miniconda3/envs/lab13.1/lib/python3.9/site-packages/airflow/example_dags/example_sensor_decorator.py
[2024-12-07T04:15:30.354-0300] {logging_mixin.py:190} INFO - [2024-12-07T04:15:30.354-0300] {dag.py:3239} INFO - Sync 1 DAGs
[2024-12-07T04:15:30.366-0300] {logging_mixin.py:190} INFO - [2024-12-07T04:15:30.365-0300] {dag.py:4180} INFO - Setting next_dagrun for example_sensor_decorator to None, run_after=None
[2024-12-07T04:15:30.425-0300] {processor.py:208} INFO - Processing /home/crisu/miniconda3/envs/lab13.1/lib/python3.9/site-packages/airflow/example_dags/example_sensor_decorator.py took 0.110 seconds
