[2024-12-07T01:52:45.287-0300] {processor.py:186} INFO - Started process (PID=34024) to work on /home/crisu/miniconda3/envs/lab13.1/lib/python3.9/site-packages/airflow/example_dags/example_short_circuit_operator.py
[2024-12-07T01:52:45.288-0300] {processor.py:914} INFO - Processing file /home/crisu/miniconda3/envs/lab13.1/lib/python3.9/site-packages/airflow/example_dags/example_short_circuit_operator.py for tasks to queue
[2024-12-07T01:52:45.291-0300] {logging_mixin.py:190} INFO - [2024-12-07T01:52:45.290-0300] {dagbag.py:588} INFO - Filling up the DagBag from /home/crisu/miniconda3/envs/lab13.1/lib/python3.9/site-packages/airflow/example_dags/example_short_circuit_operator.py
[2024-12-07T01:52:45.299-0300] {processor.py:925} INFO - DAG(s) 'example_short_circuit_operator' retrieved from /home/crisu/miniconda3/envs/lab13.1/lib/python3.9/site-packages/airflow/example_dags/example_short_circuit_operator.py
[2024-12-07T01:52:45.513-0300] {logging_mixin.py:190} INFO - [2024-12-07T01:52:45.512-0300] {override.py:1911} INFO - Created Permission View: can delete on DAG:example_short_circuit_operator
[2024-12-07T01:52:45.569-0300] {logging_mixin.py:190} INFO - [2024-12-07T01:52:45.569-0300] {override.py:1911} INFO - Created Permission View: can edit on DAG:example_short_circuit_operator
[2024-12-07T01:52:45.614-0300] {logging_mixin.py:190} INFO - [2024-12-07T01:52:45.614-0300] {override.py:1911} INFO - Created Permission View: can read on DAG:example_short_circuit_operator
[2024-12-07T01:52:45.706-0300] {logging_mixin.py:190} INFO - [2024-12-07T01:52:45.706-0300] {override.py:1911} INFO - Created Permission View: menu access on DAG Run:example_short_circuit_operator
[2024-12-07T01:52:45.864-0300] {logging_mixin.py:190} INFO - [2024-12-07T01:52:45.863-0300] {override.py:1911} INFO - Created Permission View: can delete on DAG Run:example_short_circuit_operator
[2024-12-07T01:52:45.909-0300] {logging_mixin.py:190} INFO - [2024-12-07T01:52:45.908-0300] {override.py:1911} INFO - Created Permission View: can read on DAG Run:example_short_circuit_operator
[2024-12-07T01:52:45.954-0300] {logging_mixin.py:190} INFO - [2024-12-07T01:52:45.954-0300] {override.py:1911} INFO - Created Permission View: can create on DAG Run:example_short_circuit_operator
[2024-12-07T01:52:45.954-0300] {logging_mixin.py:190} INFO - [2024-12-07T01:52:45.954-0300] {dag.py:3239} INFO - Sync 1 DAGs
[2024-12-07T01:52:45.965-0300] {logging_mixin.py:190} INFO - [2024-12-07T01:52:45.965-0300] {dag.py:3262} INFO - Creating ORM DAG for example_short_circuit_operator
[2024-12-07T01:52:45.966-0300] {logging_mixin.py:190} INFO - [2024-12-07T01:52:45.966-0300] {dag.py:4180} INFO - Setting next_dagrun for example_short_circuit_operator to None, run_after=None
[2024-12-07T01:52:46.265-0300] {processor.py:208} INFO - Processing /home/crisu/miniconda3/envs/lab13.1/lib/python3.9/site-packages/airflow/example_dags/example_short_circuit_operator.py took 0.983 seconds
[2024-12-07T02:07:46.921-0300] {processor.py:186} INFO - Started process (PID=35367) to work on /home/crisu/miniconda3/envs/lab13.1/lib/python3.9/site-packages/airflow/example_dags/example_short_circuit_operator.py
[2024-12-07T02:07:46.922-0300] {processor.py:914} INFO - Processing file /home/crisu/miniconda3/envs/lab13.1/lib/python3.9/site-packages/airflow/example_dags/example_short_circuit_operator.py for tasks to queue
[2024-12-07T02:07:46.924-0300] {logging_mixin.py:190} INFO - [2024-12-07T02:07:46.924-0300] {dagbag.py:588} INFO - Filling up the DagBag from /home/crisu/miniconda3/envs/lab13.1/lib/python3.9/site-packages/airflow/example_dags/example_short_circuit_operator.py
[2024-12-07T02:07:46.932-0300] {processor.py:925} INFO - DAG(s) 'example_short_circuit_operator' retrieved from /home/crisu/miniconda3/envs/lab13.1/lib/python3.9/site-packages/airflow/example_dags/example_short_circuit_operator.py
[2024-12-07T02:07:46.949-0300] {logging_mixin.py:190} INFO - [2024-12-07T02:07:46.949-0300] {dag.py:3239} INFO - Sync 1 DAGs
[2024-12-07T02:07:46.960-0300] {logging_mixin.py:190} INFO - [2024-12-07T02:07:46.960-0300] {dag.py:4180} INFO - Setting next_dagrun for example_short_circuit_operator to None, run_after=None
[2024-12-07T02:07:47.045-0300] {processor.py:208} INFO - Processing /home/crisu/miniconda3/envs/lab13.1/lib/python3.9/site-packages/airflow/example_dags/example_short_circuit_operator.py took 0.128 seconds
[2024-12-07T02:11:15.339-0300] {processor.py:186} INFO - Started process (PID=35898) to work on /home/crisu/miniconda3/envs/lab13.1/lib/python3.9/site-packages/airflow/example_dags/example_short_circuit_operator.py
[2024-12-07T02:11:15.340-0300] {processor.py:914} INFO - Processing file /home/crisu/miniconda3/envs/lab13.1/lib/python3.9/site-packages/airflow/example_dags/example_short_circuit_operator.py for tasks to queue
[2024-12-07T02:11:15.341-0300] {logging_mixin.py:190} INFO - [2024-12-07T02:11:15.341-0300] {dagbag.py:588} INFO - Filling up the DagBag from /home/crisu/miniconda3/envs/lab13.1/lib/python3.9/site-packages/airflow/example_dags/example_short_circuit_operator.py
[2024-12-07T02:11:15.349-0300] {processor.py:925} INFO - DAG(s) 'example_short_circuit_operator' retrieved from /home/crisu/miniconda3/envs/lab13.1/lib/python3.9/site-packages/airflow/example_dags/example_short_circuit_operator.py
[2024-12-07T02:11:15.365-0300] {logging_mixin.py:190} INFO - [2024-12-07T02:11:15.365-0300] {dag.py:3239} INFO - Sync 1 DAGs
[2024-12-07T02:11:15.377-0300] {logging_mixin.py:190} INFO - [2024-12-07T02:11:15.376-0300] {dag.py:4180} INFO - Setting next_dagrun for example_short_circuit_operator to None, run_after=None
[2024-12-07T02:11:15.893-0300] {processor.py:208} INFO - Processing /home/crisu/miniconda3/envs/lab13.1/lib/python3.9/site-packages/airflow/example_dags/example_short_circuit_operator.py took 0.563 seconds
[2024-12-07T02:12:45.997-0300] {processor.py:186} INFO - Started process (PID=36017) to work on /home/crisu/miniconda3/envs/lab13.1/lib/python3.9/site-packages/airflow/example_dags/example_short_circuit_operator.py
[2024-12-07T02:12:46.005-0300] {processor.py:914} INFO - Processing file /home/crisu/miniconda3/envs/lab13.1/lib/python3.9/site-packages/airflow/example_dags/example_short_circuit_operator.py for tasks to queue
[2024-12-07T02:12:46.007-0300] {logging_mixin.py:190} INFO - [2024-12-07T02:12:46.007-0300] {dagbag.py:588} INFO - Filling up the DagBag from /home/crisu/miniconda3/envs/lab13.1/lib/python3.9/site-packages/airflow/example_dags/example_short_circuit_operator.py
[2024-12-07T02:12:46.014-0300] {processor.py:925} INFO - DAG(s) 'example_short_circuit_operator' retrieved from /home/crisu/miniconda3/envs/lab13.1/lib/python3.9/site-packages/airflow/example_dags/example_short_circuit_operator.py
[2024-12-07T02:12:46.032-0300] {logging_mixin.py:190} INFO - [2024-12-07T02:12:46.032-0300] {dag.py:3239} INFO - Sync 1 DAGs
[2024-12-07T02:12:46.046-0300] {logging_mixin.py:190} INFO - [2024-12-07T02:12:46.046-0300] {dag.py:4180} INFO - Setting next_dagrun for example_short_circuit_operator to None, run_after=None
[2024-12-07T02:12:46.102-0300] {processor.py:208} INFO - Processing /home/crisu/miniconda3/envs/lab13.1/lib/python3.9/site-packages/airflow/example_dags/example_short_circuit_operator.py took 0.113 seconds
[2024-12-07T02:15:33.420-0300] {processor.py:186} INFO - Started process (PID=36370) to work on /home/crisu/miniconda3/envs/lab13.1/lib/python3.9/site-packages/airflow/example_dags/example_short_circuit_operator.py
[2024-12-07T02:15:33.422-0300] {processor.py:914} INFO - Processing file /home/crisu/miniconda3/envs/lab13.1/lib/python3.9/site-packages/airflow/example_dags/example_short_circuit_operator.py for tasks to queue
[2024-12-07T02:15:33.424-0300] {logging_mixin.py:190} INFO - [2024-12-07T02:15:33.423-0300] {dagbag.py:588} INFO - Filling up the DagBag from /home/crisu/miniconda3/envs/lab13.1/lib/python3.9/site-packages/airflow/example_dags/example_short_circuit_operator.py
[2024-12-07T02:15:33.436-0300] {processor.py:925} INFO - DAG(s) 'example_short_circuit_operator' retrieved from /home/crisu/miniconda3/envs/lab13.1/lib/python3.9/site-packages/airflow/example_dags/example_short_circuit_operator.py
[2024-12-07T02:15:33.457-0300] {logging_mixin.py:190} INFO - [2024-12-07T02:15:33.457-0300] {dag.py:3239} INFO - Sync 1 DAGs
[2024-12-07T02:15:33.471-0300] {logging_mixin.py:190} INFO - [2024-12-07T02:15:33.471-0300] {dag.py:4180} INFO - Setting next_dagrun for example_short_circuit_operator to None, run_after=None
[2024-12-07T02:15:33.615-0300] {processor.py:208} INFO - Processing /home/crisu/miniconda3/envs/lab13.1/lib/python3.9/site-packages/airflow/example_dags/example_short_circuit_operator.py took 0.205 seconds
[2024-12-07T02:17:08.391-0300] {processor.py:186} INFO - Started process (PID=36529) to work on /home/crisu/miniconda3/envs/lab13.1/lib/python3.9/site-packages/airflow/example_dags/example_short_circuit_operator.py
[2024-12-07T02:17:08.393-0300] {processor.py:914} INFO - Processing file /home/crisu/miniconda3/envs/lab13.1/lib/python3.9/site-packages/airflow/example_dags/example_short_circuit_operator.py for tasks to queue
[2024-12-07T02:17:08.396-0300] {logging_mixin.py:190} INFO - [2024-12-07T02:17:08.395-0300] {dagbag.py:588} INFO - Filling up the DagBag from /home/crisu/miniconda3/envs/lab13.1/lib/python3.9/site-packages/airflow/example_dags/example_short_circuit_operator.py
[2024-12-07T02:17:08.404-0300] {processor.py:925} INFO - DAG(s) 'example_short_circuit_operator' retrieved from /home/crisu/miniconda3/envs/lab13.1/lib/python3.9/site-packages/airflow/example_dags/example_short_circuit_operator.py
[2024-12-07T02:17:08.423-0300] {logging_mixin.py:190} INFO - [2024-12-07T02:17:08.422-0300] {dag.py:3239} INFO - Sync 1 DAGs
[2024-12-07T02:17:08.435-0300] {logging_mixin.py:190} INFO - [2024-12-07T02:17:08.435-0300] {dag.py:4180} INFO - Setting next_dagrun for example_short_circuit_operator to None, run_after=None
[2024-12-07T02:17:08.507-0300] {processor.py:208} INFO - Processing /home/crisu/miniconda3/envs/lab13.1/lib/python3.9/site-packages/airflow/example_dags/example_short_circuit_operator.py took 0.127 seconds
[2024-12-07T02:18:37.254-0300] {processor.py:186} INFO - Started process (PID=36685) to work on /home/crisu/miniconda3/envs/lab13.1/lib/python3.9/site-packages/airflow/example_dags/example_short_circuit_operator.py
[2024-12-07T02:18:37.255-0300] {processor.py:914} INFO - Processing file /home/crisu/miniconda3/envs/lab13.1/lib/python3.9/site-packages/airflow/example_dags/example_short_circuit_operator.py for tasks to queue
[2024-12-07T02:18:37.257-0300] {logging_mixin.py:190} INFO - [2024-12-07T02:18:37.257-0300] {dagbag.py:588} INFO - Filling up the DagBag from /home/crisu/miniconda3/envs/lab13.1/lib/python3.9/site-packages/airflow/example_dags/example_short_circuit_operator.py
[2024-12-07T02:18:37.264-0300] {processor.py:925} INFO - DAG(s) 'example_short_circuit_operator' retrieved from /home/crisu/miniconda3/envs/lab13.1/lib/python3.9/site-packages/airflow/example_dags/example_short_circuit_operator.py
[2024-12-07T02:18:37.281-0300] {logging_mixin.py:190} INFO - [2024-12-07T02:18:37.281-0300] {dag.py:3239} INFO - Sync 1 DAGs
[2024-12-07T02:18:37.292-0300] {logging_mixin.py:190} INFO - [2024-12-07T02:18:37.292-0300] {dag.py:4180} INFO - Setting next_dagrun for example_short_circuit_operator to None, run_after=None
[2024-12-07T02:18:37.377-0300] {processor.py:208} INFO - Processing /home/crisu/miniconda3/envs/lab13.1/lib/python3.9/site-packages/airflow/example_dags/example_short_circuit_operator.py took 0.130 seconds
[2024-12-07T02:31:09.685-0300] {processor.py:186} INFO - Started process (PID=37978) to work on /home/crisu/miniconda3/envs/lab13.1/lib/python3.9/site-packages/airflow/example_dags/example_short_circuit_operator.py
[2024-12-07T02:31:09.686-0300] {processor.py:914} INFO - Processing file /home/crisu/miniconda3/envs/lab13.1/lib/python3.9/site-packages/airflow/example_dags/example_short_circuit_operator.py for tasks to queue
[2024-12-07T02:31:09.690-0300] {logging_mixin.py:190} INFO - [2024-12-07T02:31:09.689-0300] {dagbag.py:588} INFO - Filling up the DagBag from /home/crisu/miniconda3/envs/lab13.1/lib/python3.9/site-packages/airflow/example_dags/example_short_circuit_operator.py
[2024-12-07T02:31:09.697-0300] {processor.py:925} INFO - DAG(s) 'example_short_circuit_operator' retrieved from /home/crisu/miniconda3/envs/lab13.1/lib/python3.9/site-packages/airflow/example_dags/example_short_circuit_operator.py
[2024-12-07T02:31:09.715-0300] {logging_mixin.py:190} INFO - [2024-12-07T02:31:09.715-0300] {dag.py:3239} INFO - Sync 1 DAGs
[2024-12-07T02:31:09.726-0300] {logging_mixin.py:190} INFO - [2024-12-07T02:31:09.726-0300] {dag.py:4180} INFO - Setting next_dagrun for example_short_circuit_operator to None, run_after=None
[2024-12-07T02:31:09.780-0300] {processor.py:208} INFO - Processing /home/crisu/miniconda3/envs/lab13.1/lib/python3.9/site-packages/airflow/example_dags/example_short_circuit_operator.py took 0.101 seconds
[2024-12-07T02:33:40.048-0300] {processor.py:186} INFO - Started process (PID=38180) to work on /home/crisu/miniconda3/envs/lab13.1/lib/python3.9/site-packages/airflow/example_dags/example_short_circuit_operator.py
[2024-12-07T02:33:40.049-0300] {processor.py:914} INFO - Processing file /home/crisu/miniconda3/envs/lab13.1/lib/python3.9/site-packages/airflow/example_dags/example_short_circuit_operator.py for tasks to queue
[2024-12-07T02:33:40.051-0300] {logging_mixin.py:190} INFO - [2024-12-07T02:33:40.051-0300] {dagbag.py:588} INFO - Filling up the DagBag from /home/crisu/miniconda3/envs/lab13.1/lib/python3.9/site-packages/airflow/example_dags/example_short_circuit_operator.py
[2024-12-07T02:33:40.059-0300] {processor.py:925} INFO - DAG(s) 'example_short_circuit_operator' retrieved from /home/crisu/miniconda3/envs/lab13.1/lib/python3.9/site-packages/airflow/example_dags/example_short_circuit_operator.py
[2024-12-07T02:33:40.076-0300] {logging_mixin.py:190} INFO - [2024-12-07T02:33:40.075-0300] {dag.py:3239} INFO - Sync 1 DAGs
[2024-12-07T02:33:40.087-0300] {logging_mixin.py:190} INFO - [2024-12-07T02:33:40.087-0300] {dag.py:4180} INFO - Setting next_dagrun for example_short_circuit_operator to None, run_after=None
[2024-12-07T02:33:40.150-0300] {processor.py:208} INFO - Processing /home/crisu/miniconda3/envs/lab13.1/lib/python3.9/site-packages/airflow/example_dags/example_short_circuit_operator.py took 0.107 seconds
[2024-12-07T02:36:10.841-0300] {processor.py:186} INFO - Started process (PID=38477) to work on /home/crisu/miniconda3/envs/lab13.1/lib/python3.9/site-packages/airflow/example_dags/example_short_circuit_operator.py
[2024-12-07T02:36:10.860-0300] {processor.py:914} INFO - Processing file /home/crisu/miniconda3/envs/lab13.1/lib/python3.9/site-packages/airflow/example_dags/example_short_circuit_operator.py for tasks to queue
[2024-12-07T02:36:10.862-0300] {logging_mixin.py:190} INFO - [2024-12-07T02:36:10.862-0300] {dagbag.py:588} INFO - Filling up the DagBag from /home/crisu/miniconda3/envs/lab13.1/lib/python3.9/site-packages/airflow/example_dags/example_short_circuit_operator.py
[2024-12-07T02:36:10.870-0300] {processor.py:925} INFO - DAG(s) 'example_short_circuit_operator' retrieved from /home/crisu/miniconda3/envs/lab13.1/lib/python3.9/site-packages/airflow/example_dags/example_short_circuit_operator.py
[2024-12-07T02:36:10.887-0300] {logging_mixin.py:190} INFO - [2024-12-07T02:36:10.887-0300] {dag.py:3239} INFO - Sync 1 DAGs
[2024-12-07T02:36:10.898-0300] {logging_mixin.py:190} INFO - [2024-12-07T02:36:10.898-0300] {dag.py:4180} INFO - Setting next_dagrun for example_short_circuit_operator to None, run_after=None
[2024-12-07T02:36:10.969-0300] {processor.py:208} INFO - Processing /home/crisu/miniconda3/envs/lab13.1/lib/python3.9/site-packages/airflow/example_dags/example_short_circuit_operator.py took 0.133 seconds
[2024-12-07T02:38:57.457-0300] {processor.py:186} INFO - Started process (PID=38777) to work on /home/crisu/miniconda3/envs/lab13.1/lib/python3.9/site-packages/airflow/example_dags/example_short_circuit_operator.py
[2024-12-07T02:38:57.497-0300] {processor.py:914} INFO - Processing file /home/crisu/miniconda3/envs/lab13.1/lib/python3.9/site-packages/airflow/example_dags/example_short_circuit_operator.py for tasks to queue
[2024-12-07T02:38:57.499-0300] {logging_mixin.py:190} INFO - [2024-12-07T02:38:57.499-0300] {dagbag.py:588} INFO - Filling up the DagBag from /home/crisu/miniconda3/envs/lab13.1/lib/python3.9/site-packages/airflow/example_dags/example_short_circuit_operator.py
[2024-12-07T02:38:57.507-0300] {processor.py:925} INFO - DAG(s) 'example_short_circuit_operator' retrieved from /home/crisu/miniconda3/envs/lab13.1/lib/python3.9/site-packages/airflow/example_dags/example_short_circuit_operator.py
[2024-12-07T02:38:57.524-0300] {logging_mixin.py:190} INFO - [2024-12-07T02:38:57.524-0300] {dag.py:3239} INFO - Sync 1 DAGs
[2024-12-07T02:38:57.538-0300] {logging_mixin.py:190} INFO - [2024-12-07T02:38:57.537-0300] {dag.py:4180} INFO - Setting next_dagrun for example_short_circuit_operator to None, run_after=None
[2024-12-07T02:38:58.757-0300] {processor.py:208} INFO - Processing /home/crisu/miniconda3/envs/lab13.1/lib/python3.9/site-packages/airflow/example_dags/example_short_circuit_operator.py took 1.307 seconds
[2024-12-07T02:40:27.261-0300] {processor.py:186} INFO - Started process (PID=38886) to work on /home/crisu/miniconda3/envs/lab13.1/lib/python3.9/site-packages/airflow/example_dags/example_short_circuit_operator.py
[2024-12-07T02:40:27.263-0300] {processor.py:914} INFO - Processing file /home/crisu/miniconda3/envs/lab13.1/lib/python3.9/site-packages/airflow/example_dags/example_short_circuit_operator.py for tasks to queue
[2024-12-07T02:40:27.265-0300] {logging_mixin.py:190} INFO - [2024-12-07T02:40:27.264-0300] {dagbag.py:588} INFO - Filling up the DagBag from /home/crisu/miniconda3/envs/lab13.1/lib/python3.9/site-packages/airflow/example_dags/example_short_circuit_operator.py
[2024-12-07T02:40:27.273-0300] {processor.py:925} INFO - DAG(s) 'example_short_circuit_operator' retrieved from /home/crisu/miniconda3/envs/lab13.1/lib/python3.9/site-packages/airflow/example_dags/example_short_circuit_operator.py
[2024-12-07T02:40:27.290-0300] {logging_mixin.py:190} INFO - [2024-12-07T02:40:27.290-0300] {dag.py:3239} INFO - Sync 1 DAGs
[2024-12-07T02:40:27.301-0300] {logging_mixin.py:190} INFO - [2024-12-07T02:40:27.301-0300] {dag.py:4180} INFO - Setting next_dagrun for example_short_circuit_operator to None, run_after=None
[2024-12-07T02:40:27.492-0300] {processor.py:208} INFO - Processing /home/crisu/miniconda3/envs/lab13.1/lib/python3.9/site-packages/airflow/example_dags/example_short_circuit_operator.py took 0.236 seconds
[2024-12-07T02:41:39.923-0300] {processor.py:186} INFO - Started process (PID=39010) to work on /home/crisu/miniconda3/envs/lab13.1/lib/python3.9/site-packages/airflow/example_dags/example_short_circuit_operator.py
[2024-12-07T02:41:39.935-0300] {processor.py:914} INFO - Processing file /home/crisu/miniconda3/envs/lab13.1/lib/python3.9/site-packages/airflow/example_dags/example_short_circuit_operator.py for tasks to queue
[2024-12-07T02:41:39.937-0300] {logging_mixin.py:190} INFO - [2024-12-07T02:41:39.936-0300] {dagbag.py:588} INFO - Filling up the DagBag from /home/crisu/miniconda3/envs/lab13.1/lib/python3.9/site-packages/airflow/example_dags/example_short_circuit_operator.py
[2024-12-07T02:41:39.944-0300] {processor.py:925} INFO - DAG(s) 'example_short_circuit_operator' retrieved from /home/crisu/miniconda3/envs/lab13.1/lib/python3.9/site-packages/airflow/example_dags/example_short_circuit_operator.py
[2024-12-07T02:41:39.960-0300] {logging_mixin.py:190} INFO - [2024-12-07T02:41:39.960-0300] {dag.py:3239} INFO - Sync 1 DAGs
[2024-12-07T02:41:39.971-0300] {logging_mixin.py:190} INFO - [2024-12-07T02:41:39.971-0300] {dag.py:4180} INFO - Setting next_dagrun for example_short_circuit_operator to None, run_after=None
[2024-12-07T02:41:40.122-0300] {processor.py:208} INFO - Processing /home/crisu/miniconda3/envs/lab13.1/lib/python3.9/site-packages/airflow/example_dags/example_short_circuit_operator.py took 0.204 seconds
[2024-12-07T02:44:47.903-0300] {processor.py:186} INFO - Started process (PID=39700) to work on /home/crisu/miniconda3/envs/lab13.1/lib/python3.9/site-packages/airflow/example_dags/example_short_circuit_operator.py
[2024-12-07T02:44:47.904-0300] {processor.py:914} INFO - Processing file /home/crisu/miniconda3/envs/lab13.1/lib/python3.9/site-packages/airflow/example_dags/example_short_circuit_operator.py for tasks to queue
[2024-12-07T02:44:47.906-0300] {logging_mixin.py:190} INFO - [2024-12-07T02:44:47.906-0300] {dagbag.py:588} INFO - Filling up the DagBag from /home/crisu/miniconda3/envs/lab13.1/lib/python3.9/site-packages/airflow/example_dags/example_short_circuit_operator.py
[2024-12-07T02:44:47.914-0300] {processor.py:925} INFO - DAG(s) 'example_short_circuit_operator' retrieved from /home/crisu/miniconda3/envs/lab13.1/lib/python3.9/site-packages/airflow/example_dags/example_short_circuit_operator.py
[2024-12-07T02:44:47.933-0300] {logging_mixin.py:190} INFO - [2024-12-07T02:44:47.932-0300] {dag.py:3239} INFO - Sync 1 DAGs
[2024-12-07T02:44:47.943-0300] {logging_mixin.py:190} INFO - [2024-12-07T02:44:47.943-0300] {dag.py:4180} INFO - Setting next_dagrun for example_short_circuit_operator to None, run_after=None
[2024-12-07T02:44:48.116-0300] {processor.py:208} INFO - Processing /home/crisu/miniconda3/envs/lab13.1/lib/python3.9/site-packages/airflow/example_dags/example_short_circuit_operator.py took 0.218 seconds
[2024-12-07T02:46:28.172-0300] {processor.py:186} INFO - Started process (PID=39995) to work on /home/crisu/miniconda3/envs/lab13.1/lib/python3.9/site-packages/airflow/example_dags/example_short_circuit_operator.py
[2024-12-07T02:46:28.179-0300] {processor.py:914} INFO - Processing file /home/crisu/miniconda3/envs/lab13.1/lib/python3.9/site-packages/airflow/example_dags/example_short_circuit_operator.py for tasks to queue
[2024-12-07T02:46:28.181-0300] {logging_mixin.py:190} INFO - [2024-12-07T02:46:28.181-0300] {dagbag.py:588} INFO - Filling up the DagBag from /home/crisu/miniconda3/envs/lab13.1/lib/python3.9/site-packages/airflow/example_dags/example_short_circuit_operator.py
[2024-12-07T02:46:28.189-0300] {processor.py:925} INFO - DAG(s) 'example_short_circuit_operator' retrieved from /home/crisu/miniconda3/envs/lab13.1/lib/python3.9/site-packages/airflow/example_dags/example_short_circuit_operator.py
[2024-12-07T02:46:28.207-0300] {logging_mixin.py:190} INFO - [2024-12-07T02:46:28.207-0300] {dag.py:3239} INFO - Sync 1 DAGs
[2024-12-07T02:46:28.218-0300] {logging_mixin.py:190} INFO - [2024-12-07T02:46:28.217-0300] {dag.py:4180} INFO - Setting next_dagrun for example_short_circuit_operator to None, run_after=None
[2024-12-07T02:46:28.278-0300] {processor.py:208} INFO - Processing /home/crisu/miniconda3/envs/lab13.1/lib/python3.9/site-packages/airflow/example_dags/example_short_circuit_operator.py took 0.111 seconds
[2024-12-07T02:47:51.563-0300] {processor.py:186} INFO - Started process (PID=40263) to work on /home/crisu/miniconda3/envs/lab13.1/lib/python3.9/site-packages/airflow/example_dags/example_short_circuit_operator.py
[2024-12-07T02:47:51.565-0300] {processor.py:914} INFO - Processing file /home/crisu/miniconda3/envs/lab13.1/lib/python3.9/site-packages/airflow/example_dags/example_short_circuit_operator.py for tasks to queue
[2024-12-07T02:47:51.567-0300] {logging_mixin.py:190} INFO - [2024-12-07T02:47:51.567-0300] {dagbag.py:588} INFO - Filling up the DagBag from /home/crisu/miniconda3/envs/lab13.1/lib/python3.9/site-packages/airflow/example_dags/example_short_circuit_operator.py
[2024-12-07T02:47:51.578-0300] {processor.py:925} INFO - DAG(s) 'example_short_circuit_operator' retrieved from /home/crisu/miniconda3/envs/lab13.1/lib/python3.9/site-packages/airflow/example_dags/example_short_circuit_operator.py
[2024-12-07T02:47:51.600-0300] {logging_mixin.py:190} INFO - [2024-12-07T02:47:51.600-0300] {dag.py:3239} INFO - Sync 1 DAGs
[2024-12-07T02:47:51.611-0300] {logging_mixin.py:190} INFO - [2024-12-07T02:47:51.611-0300] {dag.py:4180} INFO - Setting next_dagrun for example_short_circuit_operator to None, run_after=None
[2024-12-07T02:47:52.411-0300] {processor.py:208} INFO - Processing /home/crisu/miniconda3/envs/lab13.1/lib/python3.9/site-packages/airflow/example_dags/example_short_circuit_operator.py took 0.853 seconds
[2024-12-07T02:50:08.328-0300] {processor.py:186} INFO - Started process (PID=40793) to work on /home/crisu/miniconda3/envs/lab13.1/lib/python3.9/site-packages/airflow/example_dags/example_short_circuit_operator.py
[2024-12-07T02:50:08.328-0300] {processor.py:914} INFO - Processing file /home/crisu/miniconda3/envs/lab13.1/lib/python3.9/site-packages/airflow/example_dags/example_short_circuit_operator.py for tasks to queue
[2024-12-07T02:50:08.330-0300] {logging_mixin.py:190} INFO - [2024-12-07T02:50:08.330-0300] {dagbag.py:588} INFO - Filling up the DagBag from /home/crisu/miniconda3/envs/lab13.1/lib/python3.9/site-packages/airflow/example_dags/example_short_circuit_operator.py
[2024-12-07T02:50:08.338-0300] {processor.py:925} INFO - DAG(s) 'example_short_circuit_operator' retrieved from /home/crisu/miniconda3/envs/lab13.1/lib/python3.9/site-packages/airflow/example_dags/example_short_circuit_operator.py
[2024-12-07T02:50:08.357-0300] {logging_mixin.py:190} INFO - [2024-12-07T02:50:08.356-0300] {dag.py:3239} INFO - Sync 1 DAGs
[2024-12-07T02:50:08.367-0300] {logging_mixin.py:190} INFO - [2024-12-07T02:50:08.367-0300] {dag.py:4180} INFO - Setting next_dagrun for example_short_circuit_operator to None, run_after=None
[2024-12-07T02:50:08.465-0300] {processor.py:208} INFO - Processing /home/crisu/miniconda3/envs/lab13.1/lib/python3.9/site-packages/airflow/example_dags/example_short_circuit_operator.py took 0.143 seconds
[2024-12-07T02:51:34.540-0300] {processor.py:186} INFO - Started process (PID=40983) to work on /home/crisu/miniconda3/envs/lab13.1/lib/python3.9/site-packages/airflow/example_dags/example_short_circuit_operator.py
[2024-12-07T02:51:34.585-0300] {processor.py:914} INFO - Processing file /home/crisu/miniconda3/envs/lab13.1/lib/python3.9/site-packages/airflow/example_dags/example_short_circuit_operator.py for tasks to queue
[2024-12-07T02:51:34.588-0300] {logging_mixin.py:190} INFO - [2024-12-07T02:51:34.587-0300] {dagbag.py:588} INFO - Filling up the DagBag from /home/crisu/miniconda3/envs/lab13.1/lib/python3.9/site-packages/airflow/example_dags/example_short_circuit_operator.py
[2024-12-07T02:51:34.597-0300] {processor.py:925} INFO - DAG(s) 'example_short_circuit_operator' retrieved from /home/crisu/miniconda3/envs/lab13.1/lib/python3.9/site-packages/airflow/example_dags/example_short_circuit_operator.py
[2024-12-07T02:51:34.614-0300] {logging_mixin.py:190} INFO - [2024-12-07T02:51:34.613-0300] {dag.py:3239} INFO - Sync 1 DAGs
[2024-12-07T02:51:34.625-0300] {logging_mixin.py:190} INFO - [2024-12-07T02:51:34.624-0300] {dag.py:4180} INFO - Setting next_dagrun for example_short_circuit_operator to None, run_after=None
[2024-12-07T02:51:36.117-0300] {processor.py:208} INFO - Processing /home/crisu/miniconda3/envs/lab13.1/lib/python3.9/site-packages/airflow/example_dags/example_short_circuit_operator.py took 1.585 seconds
[2024-12-07T03:20:08.489-0300] {processor.py:186} INFO - Started process (PID=42659) to work on /home/crisu/miniconda3/envs/lab13.1/lib/python3.9/site-packages/airflow/example_dags/example_short_circuit_operator.py
[2024-12-07T03:20:08.562-0300] {processor.py:914} INFO - Processing file /home/crisu/miniconda3/envs/lab13.1/lib/python3.9/site-packages/airflow/example_dags/example_short_circuit_operator.py for tasks to queue
[2024-12-07T03:20:08.563-0300] {logging_mixin.py:190} INFO - [2024-12-07T03:20:08.563-0300] {dagbag.py:588} INFO - Filling up the DagBag from /home/crisu/miniconda3/envs/lab13.1/lib/python3.9/site-packages/airflow/example_dags/example_short_circuit_operator.py
[2024-12-07T03:20:08.569-0300] {processor.py:925} INFO - DAG(s) 'example_short_circuit_operator' retrieved from /home/crisu/miniconda3/envs/lab13.1/lib/python3.9/site-packages/airflow/example_dags/example_short_circuit_operator.py
[2024-12-07T03:20:08.589-0300] {logging_mixin.py:190} INFO - [2024-12-07T03:20:08.589-0300] {dag.py:3239} INFO - Sync 1 DAGs
[2024-12-07T03:20:08.599-0300] {logging_mixin.py:190} INFO - [2024-12-07T03:20:08.599-0300] {dag.py:4180} INFO - Setting next_dagrun for example_short_circuit_operator to None, run_after=None
[2024-12-07T03:20:10.277-0300] {processor.py:208} INFO - Processing /home/crisu/miniconda3/envs/lab13.1/lib/python3.9/site-packages/airflow/example_dags/example_short_circuit_operator.py took 1.793 seconds
[2024-12-07T03:23:20.729-0300] {processor.py:186} INFO - Started process (PID=42842) to work on /home/crisu/miniconda3/envs/lab13.1/lib/python3.9/site-packages/airflow/example_dags/example_short_circuit_operator.py
[2024-12-07T03:23:20.761-0300] {processor.py:914} INFO - Processing file /home/crisu/miniconda3/envs/lab13.1/lib/python3.9/site-packages/airflow/example_dags/example_short_circuit_operator.py for tasks to queue
[2024-12-07T03:23:20.763-0300] {logging_mixin.py:190} INFO - [2024-12-07T03:23:20.763-0300] {dagbag.py:588} INFO - Filling up the DagBag from /home/crisu/miniconda3/envs/lab13.1/lib/python3.9/site-packages/airflow/example_dags/example_short_circuit_operator.py
[2024-12-07T03:23:20.771-0300] {processor.py:925} INFO - DAG(s) 'example_short_circuit_operator' retrieved from /home/crisu/miniconda3/envs/lab13.1/lib/python3.9/site-packages/airflow/example_dags/example_short_circuit_operator.py
[2024-12-07T03:23:20.788-0300] {logging_mixin.py:190} INFO - [2024-12-07T03:23:20.787-0300] {dag.py:3239} INFO - Sync 1 DAGs
[2024-12-07T03:23:20.798-0300] {logging_mixin.py:190} INFO - [2024-12-07T03:23:20.798-0300] {dag.py:4180} INFO - Setting next_dagrun for example_short_circuit_operator to None, run_after=None
[2024-12-07T03:23:21.403-0300] {processor.py:208} INFO - Processing /home/crisu/miniconda3/envs/lab13.1/lib/python3.9/site-packages/airflow/example_dags/example_short_circuit_operator.py took 0.679 seconds
[2024-12-07T03:27:10.417-0300] {processor.py:186} INFO - Started process (PID=43470) to work on /home/crisu/miniconda3/envs/lab13.1/lib/python3.9/site-packages/airflow/example_dags/example_short_circuit_operator.py
[2024-12-07T03:27:10.449-0300] {processor.py:914} INFO - Processing file /home/crisu/miniconda3/envs/lab13.1/lib/python3.9/site-packages/airflow/example_dags/example_short_circuit_operator.py for tasks to queue
[2024-12-07T03:27:10.451-0300] {logging_mixin.py:190} INFO - [2024-12-07T03:27:10.451-0300] {dagbag.py:588} INFO - Filling up the DagBag from /home/crisu/miniconda3/envs/lab13.1/lib/python3.9/site-packages/airflow/example_dags/example_short_circuit_operator.py
[2024-12-07T03:27:10.460-0300] {processor.py:925} INFO - DAG(s) 'example_short_circuit_operator' retrieved from /home/crisu/miniconda3/envs/lab13.1/lib/python3.9/site-packages/airflow/example_dags/example_short_circuit_operator.py
[2024-12-07T03:27:10.478-0300] {logging_mixin.py:190} INFO - [2024-12-07T03:27:10.477-0300] {dag.py:3239} INFO - Sync 1 DAGs
[2024-12-07T03:27:10.489-0300] {logging_mixin.py:190} INFO - [2024-12-07T03:27:10.489-0300] {dag.py:4180} INFO - Setting next_dagrun for example_short_circuit_operator to None, run_after=None
[2024-12-07T03:27:11.513-0300] {processor.py:208} INFO - Processing /home/crisu/miniconda3/envs/lab13.1/lib/python3.9/site-packages/airflow/example_dags/example_short_circuit_operator.py took 1.101 seconds
[2024-12-07T03:29:31.990-0300] {processor.py:186} INFO - Started process (PID=43835) to work on /home/crisu/miniconda3/envs/lab13.1/lib/python3.9/site-packages/airflow/example_dags/example_short_circuit_operator.py
[2024-12-07T03:29:32.003-0300] {processor.py:914} INFO - Processing file /home/crisu/miniconda3/envs/lab13.1/lib/python3.9/site-packages/airflow/example_dags/example_short_circuit_operator.py for tasks to queue
[2024-12-07T03:29:32.006-0300] {logging_mixin.py:190} INFO - [2024-12-07T03:29:32.006-0300] {dagbag.py:588} INFO - Filling up the DagBag from /home/crisu/miniconda3/envs/lab13.1/lib/python3.9/site-packages/airflow/example_dags/example_short_circuit_operator.py
[2024-12-07T03:29:32.014-0300] {processor.py:925} INFO - DAG(s) 'example_short_circuit_operator' retrieved from /home/crisu/miniconda3/envs/lab13.1/lib/python3.9/site-packages/airflow/example_dags/example_short_circuit_operator.py
[2024-12-07T03:29:32.030-0300] {logging_mixin.py:190} INFO - [2024-12-07T03:29:32.029-0300] {dag.py:3239} INFO - Sync 1 DAGs
[2024-12-07T03:29:32.041-0300] {logging_mixin.py:190} INFO - [2024-12-07T03:29:32.041-0300] {dag.py:4180} INFO - Setting next_dagrun for example_short_circuit_operator to None, run_after=None
[2024-12-07T03:29:32.096-0300] {processor.py:208} INFO - Processing /home/crisu/miniconda3/envs/lab13.1/lib/python3.9/site-packages/airflow/example_dags/example_short_circuit_operator.py took 0.111 seconds
[2024-12-07T03:34:08.092-0300] {processor.py:186} INFO - Started process (PID=44564) to work on /home/crisu/miniconda3/envs/lab13.1/lib/python3.9/site-packages/airflow/example_dags/example_short_circuit_operator.py
[2024-12-07T03:34:08.093-0300] {processor.py:914} INFO - Processing file /home/crisu/miniconda3/envs/lab13.1/lib/python3.9/site-packages/airflow/example_dags/example_short_circuit_operator.py for tasks to queue
[2024-12-07T03:34:08.094-0300] {logging_mixin.py:190} INFO - [2024-12-07T03:34:08.094-0300] {dagbag.py:588} INFO - Filling up the DagBag from /home/crisu/miniconda3/envs/lab13.1/lib/python3.9/site-packages/airflow/example_dags/example_short_circuit_operator.py
[2024-12-07T03:34:08.100-0300] {processor.py:925} INFO - DAG(s) 'example_short_circuit_operator' retrieved from /home/crisu/miniconda3/envs/lab13.1/lib/python3.9/site-packages/airflow/example_dags/example_short_circuit_operator.py
[2024-12-07T03:34:08.119-0300] {logging_mixin.py:190} INFO - [2024-12-07T03:34:08.118-0300] {dag.py:3239} INFO - Sync 1 DAGs
[2024-12-07T03:34:08.129-0300] {logging_mixin.py:190} INFO - [2024-12-07T03:34:08.128-0300] {dag.py:4180} INFO - Setting next_dagrun for example_short_circuit_operator to None, run_after=None
[2024-12-07T03:34:08.190-0300] {processor.py:208} INFO - Processing /home/crisu/miniconda3/envs/lab13.1/lib/python3.9/site-packages/airflow/example_dags/example_short_circuit_operator.py took 0.103 seconds
[2024-12-07T03:35:42.667-0300] {processor.py:186} INFO - Started process (PID=44745) to work on /home/crisu/miniconda3/envs/lab13.1/lib/python3.9/site-packages/airflow/example_dags/example_short_circuit_operator.py
[2024-12-07T03:35:42.669-0300] {processor.py:914} INFO - Processing file /home/crisu/miniconda3/envs/lab13.1/lib/python3.9/site-packages/airflow/example_dags/example_short_circuit_operator.py for tasks to queue
[2024-12-07T03:35:42.670-0300] {logging_mixin.py:190} INFO - [2024-12-07T03:35:42.669-0300] {dagbag.py:588} INFO - Filling up the DagBag from /home/crisu/miniconda3/envs/lab13.1/lib/python3.9/site-packages/airflow/example_dags/example_short_circuit_operator.py
[2024-12-07T03:35:42.676-0300] {processor.py:925} INFO - DAG(s) 'example_short_circuit_operator' retrieved from /home/crisu/miniconda3/envs/lab13.1/lib/python3.9/site-packages/airflow/example_dags/example_short_circuit_operator.py
[2024-12-07T03:35:42.692-0300] {logging_mixin.py:190} INFO - [2024-12-07T03:35:42.692-0300] {dag.py:3239} INFO - Sync 1 DAGs
[2024-12-07T03:35:42.703-0300] {logging_mixin.py:190} INFO - [2024-12-07T03:35:42.703-0300] {dag.py:4180} INFO - Setting next_dagrun for example_short_circuit_operator to None, run_after=None
[2024-12-07T03:35:42.761-0300] {processor.py:208} INFO - Processing /home/crisu/miniconda3/envs/lab13.1/lib/python3.9/site-packages/airflow/example_dags/example_short_circuit_operator.py took 0.098 seconds
[2024-12-07T03:37:47.344-0300] {processor.py:186} INFO - Started process (PID=44957) to work on /home/crisu/miniconda3/envs/lab13.1/lib/python3.9/site-packages/airflow/example_dags/example_short_circuit_operator.py
[2024-12-07T03:37:47.351-0300] {processor.py:914} INFO - Processing file /home/crisu/miniconda3/envs/lab13.1/lib/python3.9/site-packages/airflow/example_dags/example_short_circuit_operator.py for tasks to queue
[2024-12-07T03:37:47.354-0300] {logging_mixin.py:190} INFO - [2024-12-07T03:37:47.353-0300] {dagbag.py:588} INFO - Filling up the DagBag from /home/crisu/miniconda3/envs/lab13.1/lib/python3.9/site-packages/airflow/example_dags/example_short_circuit_operator.py
[2024-12-07T03:37:47.367-0300] {processor.py:925} INFO - DAG(s) 'example_short_circuit_operator' retrieved from /home/crisu/miniconda3/envs/lab13.1/lib/python3.9/site-packages/airflow/example_dags/example_short_circuit_operator.py
[2024-12-07T03:37:47.410-0300] {logging_mixin.py:190} INFO - [2024-12-07T03:37:47.410-0300] {dag.py:3239} INFO - Sync 1 DAGs
[2024-12-07T03:37:47.431-0300] {logging_mixin.py:190} INFO - [2024-12-07T03:37:47.430-0300] {dag.py:4180} INFO - Setting next_dagrun for example_short_circuit_operator to None, run_after=None
[2024-12-07T03:37:47.495-0300] {processor.py:208} INFO - Processing /home/crisu/miniconda3/envs/lab13.1/lib/python3.9/site-packages/airflow/example_dags/example_short_circuit_operator.py took 0.156 seconds
[2024-12-07T03:39:04.184-0300] {processor.py:186} INFO - Started process (PID=45113) to work on /home/crisu/miniconda3/envs/lab13.1/lib/python3.9/site-packages/airflow/example_dags/example_short_circuit_operator.py
[2024-12-07T03:39:04.199-0300] {processor.py:914} INFO - Processing file /home/crisu/miniconda3/envs/lab13.1/lib/python3.9/site-packages/airflow/example_dags/example_short_circuit_operator.py for tasks to queue
[2024-12-07T03:39:04.202-0300] {logging_mixin.py:190} INFO - [2024-12-07T03:39:04.201-0300] {dagbag.py:588} INFO - Filling up the DagBag from /home/crisu/miniconda3/envs/lab13.1/lib/python3.9/site-packages/airflow/example_dags/example_short_circuit_operator.py
[2024-12-07T03:39:04.212-0300] {processor.py:925} INFO - DAG(s) 'example_short_circuit_operator' retrieved from /home/crisu/miniconda3/envs/lab13.1/lib/python3.9/site-packages/airflow/example_dags/example_short_circuit_operator.py
[2024-12-07T03:39:04.231-0300] {logging_mixin.py:190} INFO - [2024-12-07T03:39:04.231-0300] {dag.py:3239} INFO - Sync 1 DAGs
[2024-12-07T03:39:04.246-0300] {logging_mixin.py:190} INFO - [2024-12-07T03:39:04.245-0300] {dag.py:4180} INFO - Setting next_dagrun for example_short_circuit_operator to None, run_after=None
[2024-12-07T03:39:04.311-0300] {processor.py:208} INFO - Processing /home/crisu/miniconda3/envs/lab13.1/lib/python3.9/site-packages/airflow/example_dags/example_short_circuit_operator.py took 0.133 seconds
[2024-12-07T03:40:20.664-0300] {processor.py:186} INFO - Started process (PID=45266) to work on /home/crisu/miniconda3/envs/lab13.1/lib/python3.9/site-packages/airflow/example_dags/example_short_circuit_operator.py
[2024-12-07T03:40:20.674-0300] {processor.py:914} INFO - Processing file /home/crisu/miniconda3/envs/lab13.1/lib/python3.9/site-packages/airflow/example_dags/example_short_circuit_operator.py for tasks to queue
[2024-12-07T03:40:20.675-0300] {logging_mixin.py:190} INFO - [2024-12-07T03:40:20.674-0300] {dagbag.py:588} INFO - Filling up the DagBag from /home/crisu/miniconda3/envs/lab13.1/lib/python3.9/site-packages/airflow/example_dags/example_short_circuit_operator.py
[2024-12-07T03:40:20.681-0300] {processor.py:925} INFO - DAG(s) 'example_short_circuit_operator' retrieved from /home/crisu/miniconda3/envs/lab13.1/lib/python3.9/site-packages/airflow/example_dags/example_short_circuit_operator.py
[2024-12-07T03:40:20.698-0300] {logging_mixin.py:190} INFO - [2024-12-07T03:40:20.698-0300] {dag.py:3239} INFO - Sync 1 DAGs
[2024-12-07T03:40:20.708-0300] {logging_mixin.py:190} INFO - [2024-12-07T03:40:20.708-0300] {dag.py:4180} INFO - Setting next_dagrun for example_short_circuit_operator to None, run_after=None
[2024-12-07T03:40:20.787-0300] {processor.py:208} INFO - Processing /home/crisu/miniconda3/envs/lab13.1/lib/python3.9/site-packages/airflow/example_dags/example_short_circuit_operator.py took 0.129 seconds
[2024-12-07T03:44:06.089-0300] {processor.py:186} INFO - Started process (PID=45844) to work on /home/crisu/miniconda3/envs/lab13.1/lib/python3.9/site-packages/airflow/example_dags/example_short_circuit_operator.py
[2024-12-07T03:44:06.090-0300] {processor.py:914} INFO - Processing file /home/crisu/miniconda3/envs/lab13.1/lib/python3.9/site-packages/airflow/example_dags/example_short_circuit_operator.py for tasks to queue
[2024-12-07T03:44:06.092-0300] {logging_mixin.py:190} INFO - [2024-12-07T03:44:06.092-0300] {dagbag.py:588} INFO - Filling up the DagBag from /home/crisu/miniconda3/envs/lab13.1/lib/python3.9/site-packages/airflow/example_dags/example_short_circuit_operator.py
[2024-12-07T03:44:06.099-0300] {processor.py:925} INFO - DAG(s) 'example_short_circuit_operator' retrieved from /home/crisu/miniconda3/envs/lab13.1/lib/python3.9/site-packages/airflow/example_dags/example_short_circuit_operator.py
[2024-12-07T03:44:06.118-0300] {logging_mixin.py:190} INFO - [2024-12-07T03:44:06.118-0300] {dag.py:3239} INFO - Sync 1 DAGs
[2024-12-07T03:44:06.135-0300] {logging_mixin.py:190} INFO - [2024-12-07T03:44:06.135-0300] {dag.py:4180} INFO - Setting next_dagrun for example_short_circuit_operator to None, run_after=None
[2024-12-07T03:44:06.195-0300] {processor.py:208} INFO - Processing /home/crisu/miniconda3/envs/lab13.1/lib/python3.9/site-packages/airflow/example_dags/example_short_circuit_operator.py took 0.112 seconds
[2024-12-07T03:48:17.539-0300] {processor.py:186} INFO - Started process (PID=46681) to work on /home/crisu/miniconda3/envs/lab13.1/lib/python3.9/site-packages/airflow/example_dags/example_short_circuit_operator.py
[2024-12-07T03:48:17.540-0300] {processor.py:914} INFO - Processing file /home/crisu/miniconda3/envs/lab13.1/lib/python3.9/site-packages/airflow/example_dags/example_short_circuit_operator.py for tasks to queue
[2024-12-07T03:48:17.542-0300] {logging_mixin.py:190} INFO - [2024-12-07T03:48:17.542-0300] {dagbag.py:588} INFO - Filling up the DagBag from /home/crisu/miniconda3/envs/lab13.1/lib/python3.9/site-packages/airflow/example_dags/example_short_circuit_operator.py
[2024-12-07T03:48:17.550-0300] {processor.py:925} INFO - DAG(s) 'example_short_circuit_operator' retrieved from /home/crisu/miniconda3/envs/lab13.1/lib/python3.9/site-packages/airflow/example_dags/example_short_circuit_operator.py
[2024-12-07T03:48:17.566-0300] {logging_mixin.py:190} INFO - [2024-12-07T03:48:17.566-0300] {dag.py:3239} INFO - Sync 1 DAGs
[2024-12-07T03:48:17.578-0300] {logging_mixin.py:190} INFO - [2024-12-07T03:48:17.578-0300] {dag.py:4180} INFO - Setting next_dagrun for example_short_circuit_operator to None, run_after=None
[2024-12-07T03:48:18.356-0300] {processor.py:208} INFO - Processing /home/crisu/miniconda3/envs/lab13.1/lib/python3.9/site-packages/airflow/example_dags/example_short_circuit_operator.py took 0.822 seconds
[2024-12-07T03:50:23.492-0300] {processor.py:186} INFO - Started process (PID=46932) to work on /home/crisu/miniconda3/envs/lab13.1/lib/python3.9/site-packages/airflow/example_dags/example_short_circuit_operator.py
[2024-12-07T03:50:23.493-0300] {processor.py:914} INFO - Processing file /home/crisu/miniconda3/envs/lab13.1/lib/python3.9/site-packages/airflow/example_dags/example_short_circuit_operator.py for tasks to queue
[2024-12-07T03:50:23.496-0300] {logging_mixin.py:190} INFO - [2024-12-07T03:50:23.495-0300] {dagbag.py:588} INFO - Filling up the DagBag from /home/crisu/miniconda3/envs/lab13.1/lib/python3.9/site-packages/airflow/example_dags/example_short_circuit_operator.py
[2024-12-07T03:50:23.507-0300] {processor.py:925} INFO - DAG(s) 'example_short_circuit_operator' retrieved from /home/crisu/miniconda3/envs/lab13.1/lib/python3.9/site-packages/airflow/example_dags/example_short_circuit_operator.py
[2024-12-07T03:50:23.525-0300] {logging_mixin.py:190} INFO - [2024-12-07T03:50:23.524-0300] {dag.py:3239} INFO - Sync 1 DAGs
[2024-12-07T03:50:23.536-0300] {logging_mixin.py:190} INFO - [2024-12-07T03:50:23.536-0300] {dag.py:4180} INFO - Setting next_dagrun for example_short_circuit_operator to None, run_after=None
[2024-12-07T03:50:24.511-0300] {processor.py:208} INFO - Processing /home/crisu/miniconda3/envs/lab13.1/lib/python3.9/site-packages/airflow/example_dags/example_short_circuit_operator.py took 1.027 seconds
[2024-12-07T03:51:36.442-0300] {processor.py:186} INFO - Started process (PID=47004) to work on /home/crisu/miniconda3/envs/lab13.1/lib/python3.9/site-packages/airflow/example_dags/example_short_circuit_operator.py
[2024-12-07T03:51:36.455-0300] {processor.py:914} INFO - Processing file /home/crisu/miniconda3/envs/lab13.1/lib/python3.9/site-packages/airflow/example_dags/example_short_circuit_operator.py for tasks to queue
[2024-12-07T03:51:36.458-0300] {logging_mixin.py:190} INFO - [2024-12-07T03:51:36.457-0300] {dagbag.py:588} INFO - Filling up the DagBag from /home/crisu/miniconda3/envs/lab13.1/lib/python3.9/site-packages/airflow/example_dags/example_short_circuit_operator.py
[2024-12-07T03:51:36.471-0300] {processor.py:925} INFO - DAG(s) 'example_short_circuit_operator' retrieved from /home/crisu/miniconda3/envs/lab13.1/lib/python3.9/site-packages/airflow/example_dags/example_short_circuit_operator.py
[2024-12-07T03:51:36.497-0300] {logging_mixin.py:190} INFO - [2024-12-07T03:51:36.497-0300] {dag.py:3239} INFO - Sync 1 DAGs
[2024-12-07T03:51:36.515-0300] {logging_mixin.py:190} INFO - [2024-12-07T03:51:36.514-0300] {dag.py:4180} INFO - Setting next_dagrun for example_short_circuit_operator to None, run_after=None
[2024-12-07T03:51:36.580-0300] {processor.py:208} INFO - Processing /home/crisu/miniconda3/envs/lab13.1/lib/python3.9/site-packages/airflow/example_dags/example_short_circuit_operator.py took 0.147 seconds
[2024-12-07T03:52:58.938-0300] {processor.py:186} INFO - Started process (PID=47159) to work on /home/crisu/miniconda3/envs/lab13.1/lib/python3.9/site-packages/airflow/example_dags/example_short_circuit_operator.py
[2024-12-07T03:52:58.940-0300] {processor.py:914} INFO - Processing file /home/crisu/miniconda3/envs/lab13.1/lib/python3.9/site-packages/airflow/example_dags/example_short_circuit_operator.py for tasks to queue
[2024-12-07T03:52:58.942-0300] {logging_mixin.py:190} INFO - [2024-12-07T03:52:58.941-0300] {dagbag.py:588} INFO - Filling up the DagBag from /home/crisu/miniconda3/envs/lab13.1/lib/python3.9/site-packages/airflow/example_dags/example_short_circuit_operator.py
[2024-12-07T03:52:58.950-0300] {processor.py:925} INFO - DAG(s) 'example_short_circuit_operator' retrieved from /home/crisu/miniconda3/envs/lab13.1/lib/python3.9/site-packages/airflow/example_dags/example_short_circuit_operator.py
[2024-12-07T03:52:58.968-0300] {logging_mixin.py:190} INFO - [2024-12-07T03:52:58.967-0300] {dag.py:3239} INFO - Sync 1 DAGs
[2024-12-07T03:52:58.980-0300] {logging_mixin.py:190} INFO - [2024-12-07T03:52:58.979-0300] {dag.py:4180} INFO - Setting next_dagrun for example_short_circuit_operator to None, run_after=None
[2024-12-07T03:52:59.046-0300] {processor.py:208} INFO - Processing /home/crisu/miniconda3/envs/lab13.1/lib/python3.9/site-packages/airflow/example_dags/example_short_circuit_operator.py took 0.113 seconds
[2024-12-07T03:54:17.993-0300] {processor.py:186} INFO - Started process (PID=47309) to work on /home/crisu/miniconda3/envs/lab13.1/lib/python3.9/site-packages/airflow/example_dags/example_short_circuit_operator.py
[2024-12-07T03:54:17.995-0300] {processor.py:914} INFO - Processing file /home/crisu/miniconda3/envs/lab13.1/lib/python3.9/site-packages/airflow/example_dags/example_short_circuit_operator.py for tasks to queue
[2024-12-07T03:54:17.996-0300] {logging_mixin.py:190} INFO - [2024-12-07T03:54:17.996-0300] {dagbag.py:588} INFO - Filling up the DagBag from /home/crisu/miniconda3/envs/lab13.1/lib/python3.9/site-packages/airflow/example_dags/example_short_circuit_operator.py
[2024-12-07T03:54:18.004-0300] {processor.py:925} INFO - DAG(s) 'example_short_circuit_operator' retrieved from /home/crisu/miniconda3/envs/lab13.1/lib/python3.9/site-packages/airflow/example_dags/example_short_circuit_operator.py
[2024-12-07T03:54:18.020-0300] {logging_mixin.py:190} INFO - [2024-12-07T03:54:18.020-0300] {dag.py:3239} INFO - Sync 1 DAGs
[2024-12-07T03:54:18.032-0300] {logging_mixin.py:190} INFO - [2024-12-07T03:54:18.031-0300] {dag.py:4180} INFO - Setting next_dagrun for example_short_circuit_operator to None, run_after=None
[2024-12-07T03:54:18.086-0300] {processor.py:208} INFO - Processing /home/crisu/miniconda3/envs/lab13.1/lib/python3.9/site-packages/airflow/example_dags/example_short_circuit_operator.py took 0.098 seconds
[2024-12-07T03:56:18.510-0300] {processor.py:186} INFO - Started process (PID=47557) to work on /home/crisu/miniconda3/envs/lab13.1/lib/python3.9/site-packages/airflow/example_dags/example_short_circuit_operator.py
[2024-12-07T03:56:18.512-0300] {processor.py:914} INFO - Processing file /home/crisu/miniconda3/envs/lab13.1/lib/python3.9/site-packages/airflow/example_dags/example_short_circuit_operator.py for tasks to queue
[2024-12-07T03:56:18.514-0300] {logging_mixin.py:190} INFO - [2024-12-07T03:56:18.513-0300] {dagbag.py:588} INFO - Filling up the DagBag from /home/crisu/miniconda3/envs/lab13.1/lib/python3.9/site-packages/airflow/example_dags/example_short_circuit_operator.py
[2024-12-07T03:56:18.523-0300] {processor.py:925} INFO - DAG(s) 'example_short_circuit_operator' retrieved from /home/crisu/miniconda3/envs/lab13.1/lib/python3.9/site-packages/airflow/example_dags/example_short_circuit_operator.py
[2024-12-07T03:56:18.540-0300] {logging_mixin.py:190} INFO - [2024-12-07T03:56:18.540-0300] {dag.py:3239} INFO - Sync 1 DAGs
[2024-12-07T03:56:18.554-0300] {logging_mixin.py:190} INFO - [2024-12-07T03:56:18.554-0300] {dag.py:4180} INFO - Setting next_dagrun for example_short_circuit_operator to None, run_after=None
[2024-12-07T03:56:18.621-0300] {processor.py:208} INFO - Processing /home/crisu/miniconda3/envs/lab13.1/lib/python3.9/site-packages/airflow/example_dags/example_short_circuit_operator.py took 0.116 seconds
[2024-12-07T03:57:37.026-0300] {processor.py:186} INFO - Started process (PID=47694) to work on /home/crisu/miniconda3/envs/lab13.1/lib/python3.9/site-packages/airflow/example_dags/example_short_circuit_operator.py
[2024-12-07T03:57:37.036-0300] {processor.py:914} INFO - Processing file /home/crisu/miniconda3/envs/lab13.1/lib/python3.9/site-packages/airflow/example_dags/example_short_circuit_operator.py for tasks to queue
[2024-12-07T03:57:37.038-0300] {logging_mixin.py:190} INFO - [2024-12-07T03:57:37.038-0300] {dagbag.py:588} INFO - Filling up the DagBag from /home/crisu/miniconda3/envs/lab13.1/lib/python3.9/site-packages/airflow/example_dags/example_short_circuit_operator.py
[2024-12-07T03:57:37.046-0300] {processor.py:925} INFO - DAG(s) 'example_short_circuit_operator' retrieved from /home/crisu/miniconda3/envs/lab13.1/lib/python3.9/site-packages/airflow/example_dags/example_short_circuit_operator.py
[2024-12-07T03:57:37.062-0300] {logging_mixin.py:190} INFO - [2024-12-07T03:57:37.061-0300] {dag.py:3239} INFO - Sync 1 DAGs
[2024-12-07T03:57:37.072-0300] {logging_mixin.py:190} INFO - [2024-12-07T03:57:37.072-0300] {dag.py:4180} INFO - Setting next_dagrun for example_short_circuit_operator to None, run_after=None
[2024-12-07T03:57:37.138-0300] {processor.py:208} INFO - Processing /home/crisu/miniconda3/envs/lab13.1/lib/python3.9/site-packages/airflow/example_dags/example_short_circuit_operator.py took 0.119 seconds
[2024-12-07T03:59:30.417-0300] {processor.py:186} INFO - Started process (PID=47961) to work on /home/crisu/miniconda3/envs/lab13.1/lib/python3.9/site-packages/airflow/example_dags/example_short_circuit_operator.py
[2024-12-07T03:59:30.448-0300] {processor.py:914} INFO - Processing file /home/crisu/miniconda3/envs/lab13.1/lib/python3.9/site-packages/airflow/example_dags/example_short_circuit_operator.py for tasks to queue
[2024-12-07T03:59:30.450-0300] {logging_mixin.py:190} INFO - [2024-12-07T03:59:30.450-0300] {dagbag.py:588} INFO - Filling up the DagBag from /home/crisu/miniconda3/envs/lab13.1/lib/python3.9/site-packages/airflow/example_dags/example_short_circuit_operator.py
[2024-12-07T03:59:30.458-0300] {processor.py:925} INFO - DAG(s) 'example_short_circuit_operator' retrieved from /home/crisu/miniconda3/envs/lab13.1/lib/python3.9/site-packages/airflow/example_dags/example_short_circuit_operator.py
[2024-12-07T03:59:30.474-0300] {logging_mixin.py:190} INFO - [2024-12-07T03:59:30.474-0300] {dag.py:3239} INFO - Sync 1 DAGs
[2024-12-07T03:59:30.485-0300] {logging_mixin.py:190} INFO - [2024-12-07T03:59:30.485-0300] {dag.py:4180} INFO - Setting next_dagrun for example_short_circuit_operator to None, run_after=None
[2024-12-07T03:59:30.551-0300] {processor.py:208} INFO - Processing /home/crisu/miniconda3/envs/lab13.1/lib/python3.9/site-packages/airflow/example_dags/example_short_circuit_operator.py took 0.139 seconds
[2024-12-07T04:00:46.169-0300] {processor.py:186} INFO - Started process (PID=48106) to work on /home/crisu/miniconda3/envs/lab13.1/lib/python3.9/site-packages/airflow/example_dags/example_short_circuit_operator.py
[2024-12-07T04:00:46.180-0300] {processor.py:914} INFO - Processing file /home/crisu/miniconda3/envs/lab13.1/lib/python3.9/site-packages/airflow/example_dags/example_short_circuit_operator.py for tasks to queue
[2024-12-07T04:00:46.183-0300] {logging_mixin.py:190} INFO - [2024-12-07T04:00:46.182-0300] {dagbag.py:588} INFO - Filling up the DagBag from /home/crisu/miniconda3/envs/lab13.1/lib/python3.9/site-packages/airflow/example_dags/example_short_circuit_operator.py
[2024-12-07T04:00:46.192-0300] {processor.py:925} INFO - DAG(s) 'example_short_circuit_operator' retrieved from /home/crisu/miniconda3/envs/lab13.1/lib/python3.9/site-packages/airflow/example_dags/example_short_circuit_operator.py
[2024-12-07T04:00:46.210-0300] {logging_mixin.py:190} INFO - [2024-12-07T04:00:46.210-0300] {dag.py:3239} INFO - Sync 1 DAGs
[2024-12-07T04:00:46.222-0300] {logging_mixin.py:190} INFO - [2024-12-07T04:00:46.221-0300] {dag.py:4180} INFO - Setting next_dagrun for example_short_circuit_operator to None, run_after=None
[2024-12-07T04:00:46.286-0300] {processor.py:208} INFO - Processing /home/crisu/miniconda3/envs/lab13.1/lib/python3.9/site-packages/airflow/example_dags/example_short_circuit_operator.py took 0.123 seconds
[2024-12-07T04:07:34.408-0300] {processor.py:186} INFO - Started process (PID=49155) to work on /home/crisu/miniconda3/envs/lab13.1/lib/python3.9/site-packages/airflow/example_dags/example_short_circuit_operator.py
[2024-12-07T04:07:34.423-0300] {processor.py:914} INFO - Processing file /home/crisu/miniconda3/envs/lab13.1/lib/python3.9/site-packages/airflow/example_dags/example_short_circuit_operator.py for tasks to queue
[2024-12-07T04:07:34.426-0300] {logging_mixin.py:190} INFO - [2024-12-07T04:07:34.425-0300] {dagbag.py:588} INFO - Filling up the DagBag from /home/crisu/miniconda3/envs/lab13.1/lib/python3.9/site-packages/airflow/example_dags/example_short_circuit_operator.py
[2024-12-07T04:07:34.438-0300] {processor.py:925} INFO - DAG(s) 'example_short_circuit_operator' retrieved from /home/crisu/miniconda3/envs/lab13.1/lib/python3.9/site-packages/airflow/example_dags/example_short_circuit_operator.py
[2024-12-07T04:07:34.467-0300] {logging_mixin.py:190} INFO - [2024-12-07T04:07:34.467-0300] {dag.py:3239} INFO - Sync 1 DAGs
[2024-12-07T04:07:34.480-0300] {logging_mixin.py:190} INFO - [2024-12-07T04:07:34.479-0300] {dag.py:4180} INFO - Setting next_dagrun for example_short_circuit_operator to None, run_after=None
[2024-12-07T04:07:35.083-0300] {processor.py:208} INFO - Processing /home/crisu/miniconda3/envs/lab13.1/lib/python3.9/site-packages/airflow/example_dags/example_short_circuit_operator.py took 0.681 seconds
[2024-12-07T04:09:01.602-0300] {processor.py:186} INFO - Started process (PID=49383) to work on /home/crisu/miniconda3/envs/lab13.1/lib/python3.9/site-packages/airflow/example_dags/example_short_circuit_operator.py
[2024-12-07T04:09:01.604-0300] {processor.py:914} INFO - Processing file /home/crisu/miniconda3/envs/lab13.1/lib/python3.9/site-packages/airflow/example_dags/example_short_circuit_operator.py for tasks to queue
[2024-12-07T04:09:01.605-0300] {logging_mixin.py:190} INFO - [2024-12-07T04:09:01.605-0300] {dagbag.py:588} INFO - Filling up the DagBag from /home/crisu/miniconda3/envs/lab13.1/lib/python3.9/site-packages/airflow/example_dags/example_short_circuit_operator.py
[2024-12-07T04:09:01.612-0300] {processor.py:925} INFO - DAG(s) 'example_short_circuit_operator' retrieved from /home/crisu/miniconda3/envs/lab13.1/lib/python3.9/site-packages/airflow/example_dags/example_short_circuit_operator.py
[2024-12-07T04:09:01.629-0300] {logging_mixin.py:190} INFO - [2024-12-07T04:09:01.629-0300] {dag.py:3239} INFO - Sync 1 DAGs
[2024-12-07T04:09:01.639-0300] {logging_mixin.py:190} INFO - [2024-12-07T04:09:01.638-0300] {dag.py:4180} INFO - Setting next_dagrun for example_short_circuit_operator to None, run_after=None
[2024-12-07T04:09:02.835-0300] {processor.py:208} INFO - Processing /home/crisu/miniconda3/envs/lab13.1/lib/python3.9/site-packages/airflow/example_dags/example_short_circuit_operator.py took 1.237 seconds
[2024-12-07T04:11:13.670-0300] {processor.py:186} INFO - Started process (PID=49579) to work on /home/crisu/miniconda3/envs/lab13.1/lib/python3.9/site-packages/airflow/example_dags/example_short_circuit_operator.py
[2024-12-07T04:11:13.893-0300] {processor.py:914} INFO - Processing file /home/crisu/miniconda3/envs/lab13.1/lib/python3.9/site-packages/airflow/example_dags/example_short_circuit_operator.py for tasks to queue
[2024-12-07T04:11:13.894-0300] {logging_mixin.py:190} INFO - [2024-12-07T04:11:13.894-0300] {dagbag.py:588} INFO - Filling up the DagBag from /home/crisu/miniconda3/envs/lab13.1/lib/python3.9/site-packages/airflow/example_dags/example_short_circuit_operator.py
[2024-12-07T04:11:13.903-0300] {processor.py:925} INFO - DAG(s) 'example_short_circuit_operator' retrieved from /home/crisu/miniconda3/envs/lab13.1/lib/python3.9/site-packages/airflow/example_dags/example_short_circuit_operator.py
[2024-12-07T04:11:13.922-0300] {logging_mixin.py:190} INFO - [2024-12-07T04:11:13.922-0300] {dag.py:3239} INFO - Sync 1 DAGs
[2024-12-07T04:11:13.932-0300] {logging_mixin.py:190} INFO - [2024-12-07T04:11:13.932-0300] {dag.py:4180} INFO - Setting next_dagrun for example_short_circuit_operator to None, run_after=None
[2024-12-07T04:11:15.801-0300] {processor.py:208} INFO - Processing /home/crisu/miniconda3/envs/lab13.1/lib/python3.9/site-packages/airflow/example_dags/example_short_circuit_operator.py took 2.141 seconds
[2024-12-07T04:12:47.142-0300] {processor.py:186} INFO - Started process (PID=49720) to work on /home/crisu/miniconda3/envs/lab13.1/lib/python3.9/site-packages/airflow/example_dags/example_short_circuit_operator.py
[2024-12-07T04:12:47.149-0300] {processor.py:914} INFO - Processing file /home/crisu/miniconda3/envs/lab13.1/lib/python3.9/site-packages/airflow/example_dags/example_short_circuit_operator.py for tasks to queue
[2024-12-07T04:12:47.150-0300] {logging_mixin.py:190} INFO - [2024-12-07T04:12:47.149-0300] {dagbag.py:588} INFO - Filling up the DagBag from /home/crisu/miniconda3/envs/lab13.1/lib/python3.9/site-packages/airflow/example_dags/example_short_circuit_operator.py
[2024-12-07T04:12:47.157-0300] {processor.py:925} INFO - DAG(s) 'example_short_circuit_operator' retrieved from /home/crisu/miniconda3/envs/lab13.1/lib/python3.9/site-packages/airflow/example_dags/example_short_circuit_operator.py
[2024-12-07T04:12:47.180-0300] {logging_mixin.py:190} INFO - [2024-12-07T04:12:47.180-0300] {dag.py:3239} INFO - Sync 1 DAGs
[2024-12-07T04:12:47.193-0300] {logging_mixin.py:190} INFO - [2024-12-07T04:12:47.193-0300] {dag.py:4180} INFO - Setting next_dagrun for example_short_circuit_operator to None, run_after=None
[2024-12-07T04:12:47.261-0300] {processor.py:208} INFO - Processing /home/crisu/miniconda3/envs/lab13.1/lib/python3.9/site-packages/airflow/example_dags/example_short_circuit_operator.py took 0.126 seconds
[2024-12-07T04:14:03.758-0300] {processor.py:186} INFO - Started process (PID=49874) to work on /home/crisu/miniconda3/envs/lab13.1/lib/python3.9/site-packages/airflow/example_dags/example_short_circuit_operator.py
[2024-12-07T04:14:03.762-0300] {processor.py:914} INFO - Processing file /home/crisu/miniconda3/envs/lab13.1/lib/python3.9/site-packages/airflow/example_dags/example_short_circuit_operator.py for tasks to queue
[2024-12-07T04:14:03.764-0300] {logging_mixin.py:190} INFO - [2024-12-07T04:14:03.763-0300] {dagbag.py:588} INFO - Filling up the DagBag from /home/crisu/miniconda3/envs/lab13.1/lib/python3.9/site-packages/airflow/example_dags/example_short_circuit_operator.py
[2024-12-07T04:14:03.771-0300] {processor.py:925} INFO - DAG(s) 'example_short_circuit_operator' retrieved from /home/crisu/miniconda3/envs/lab13.1/lib/python3.9/site-packages/airflow/example_dags/example_short_circuit_operator.py
[2024-12-07T04:14:03.787-0300] {logging_mixin.py:190} INFO - [2024-12-07T04:14:03.787-0300] {dag.py:3239} INFO - Sync 1 DAGs
[2024-12-07T04:14:03.798-0300] {logging_mixin.py:190} INFO - [2024-12-07T04:14:03.797-0300] {dag.py:4180} INFO - Setting next_dagrun for example_short_circuit_operator to None, run_after=None
[2024-12-07T04:14:03.857-0300] {processor.py:208} INFO - Processing /home/crisu/miniconda3/envs/lab13.1/lib/python3.9/site-packages/airflow/example_dags/example_short_circuit_operator.py took 0.105 seconds
[2024-12-07T04:15:21.443-0300] {processor.py:186} INFO - Started process (PID=50005) to work on /home/crisu/miniconda3/envs/lab13.1/lib/python3.9/site-packages/airflow/example_dags/example_short_circuit_operator.py
[2024-12-07T04:15:21.454-0300] {processor.py:914} INFO - Processing file /home/crisu/miniconda3/envs/lab13.1/lib/python3.9/site-packages/airflow/example_dags/example_short_circuit_operator.py for tasks to queue
[2024-12-07T04:15:21.456-0300] {logging_mixin.py:190} INFO - [2024-12-07T04:15:21.456-0300] {dagbag.py:588} INFO - Filling up the DagBag from /home/crisu/miniconda3/envs/lab13.1/lib/python3.9/site-packages/airflow/example_dags/example_short_circuit_operator.py
[2024-12-07T04:15:21.466-0300] {processor.py:925} INFO - DAG(s) 'example_short_circuit_operator' retrieved from /home/crisu/miniconda3/envs/lab13.1/lib/python3.9/site-packages/airflow/example_dags/example_short_circuit_operator.py
[2024-12-07T04:15:21.491-0300] {logging_mixin.py:190} INFO - [2024-12-07T04:15:21.491-0300] {dag.py:3239} INFO - Sync 1 DAGs
[2024-12-07T04:15:21.510-0300] {logging_mixin.py:190} INFO - [2024-12-07T04:15:21.509-0300] {dag.py:4180} INFO - Setting next_dagrun for example_short_circuit_operator to None, run_after=None
[2024-12-07T04:15:21.592-0300] {processor.py:208} INFO - Processing /home/crisu/miniconda3/envs/lab13.1/lib/python3.9/site-packages/airflow/example_dags/example_short_circuit_operator.py took 0.155 seconds
