[2024-12-07T02:09:46.872-0300] {processor.py:186} INFO - Started process (PID=35696) to work on /home/crisu/miniconda3/envs/lab13.1/lib/python3.9/site-packages/airflow/example_dags/example_branch_operator_decorator.py
[2024-12-07T02:09:46.873-0300] {processor.py:914} INFO - Processing file /home/crisu/miniconda3/envs/lab13.1/lib/python3.9/site-packages/airflow/example_dags/example_branch_operator_decorator.py for tasks to queue
[2024-12-07T02:09:46.875-0300] {logging_mixin.py:190} INFO - [2024-12-07T02:09:46.875-0300] {dagbag.py:588} INFO - Filling up the DagBag from /home/crisu/miniconda3/envs/lab13.1/lib/python3.9/site-packages/airflow/example_dags/example_branch_operator_decorator.py
[2024-12-07T02:09:46.878-0300] {processor.py:927} WARNING - No viable dags retrieved from /home/crisu/miniconda3/envs/lab13.1/lib/python3.9/site-packages/airflow/example_dags/example_branch_operator_decorator.py
[2024-12-07T02:09:46.887-0300] {processor.py:208} INFO - Processing /home/crisu/miniconda3/envs/lab13.1/lib/python3.9/site-packages/airflow/example_dags/example_branch_operator_decorator.py took 0.024 seconds
[2024-12-07T02:12:17.345-0300] {processor.py:186} INFO - Started process (PID=35963) to work on /home/crisu/miniconda3/envs/lab13.1/lib/python3.9/site-packages/airflow/example_dags/example_branch_operator_decorator.py
[2024-12-07T02:12:17.355-0300] {processor.py:914} INFO - Processing file /home/crisu/miniconda3/envs/lab13.1/lib/python3.9/site-packages/airflow/example_dags/example_branch_operator_decorator.py for tasks to queue
[2024-12-07T02:12:17.357-0300] {logging_mixin.py:190} INFO - [2024-12-07T02:12:17.357-0300] {dagbag.py:588} INFO - Filling up the DagBag from /home/crisu/miniconda3/envs/lab13.1/lib/python3.9/site-packages/airflow/example_dags/example_branch_operator_decorator.py
[2024-12-07T02:12:17.360-0300] {processor.py:927} WARNING - No viable dags retrieved from /home/crisu/miniconda3/envs/lab13.1/lib/python3.9/site-packages/airflow/example_dags/example_branch_operator_decorator.py
[2024-12-07T02:12:17.369-0300] {processor.py:208} INFO - Processing /home/crisu/miniconda3/envs/lab13.1/lib/python3.9/site-packages/airflow/example_dags/example_branch_operator_decorator.py took 0.030 seconds
[2024-12-07T02:14:31.426-0300] {processor.py:186} INFO - Started process (PID=36266) to work on /home/crisu/miniconda3/envs/lab13.1/lib/python3.9/site-packages/airflow/example_dags/example_branch_operator_decorator.py
[2024-12-07T02:14:31.552-0300] {processor.py:914} INFO - Processing file /home/crisu/miniconda3/envs/lab13.1/lib/python3.9/site-packages/airflow/example_dags/example_branch_operator_decorator.py for tasks to queue
[2024-12-07T02:14:31.555-0300] {logging_mixin.py:190} INFO - [2024-12-07T02:14:31.554-0300] {dagbag.py:588} INFO - Filling up the DagBag from /home/crisu/miniconda3/envs/lab13.1/lib/python3.9/site-packages/airflow/example_dags/example_branch_operator_decorator.py
[2024-12-07T02:14:31.559-0300] {processor.py:927} WARNING - No viable dags retrieved from /home/crisu/miniconda3/envs/lab13.1/lib/python3.9/site-packages/airflow/example_dags/example_branch_operator_decorator.py
[2024-12-07T02:14:31.569-0300] {processor.py:208} INFO - Processing /home/crisu/miniconda3/envs/lab13.1/lib/python3.9/site-packages/airflow/example_dags/example_branch_operator_decorator.py took 0.152 seconds
[2024-12-07T02:16:42.206-0300] {processor.py:186} INFO - Started process (PID=36482) to work on /home/crisu/miniconda3/envs/lab13.1/lib/python3.9/site-packages/airflow/example_dags/example_branch_operator_decorator.py
[2024-12-07T02:16:42.238-0300] {processor.py:914} INFO - Processing file /home/crisu/miniconda3/envs/lab13.1/lib/python3.9/site-packages/airflow/example_dags/example_branch_operator_decorator.py for tasks to queue
[2024-12-07T02:16:42.240-0300] {logging_mixin.py:190} INFO - [2024-12-07T02:16:42.240-0300] {dagbag.py:588} INFO - Filling up the DagBag from /home/crisu/miniconda3/envs/lab13.1/lib/python3.9/site-packages/airflow/example_dags/example_branch_operator_decorator.py
[2024-12-07T02:16:42.243-0300] {processor.py:927} WARNING - No viable dags retrieved from /home/crisu/miniconda3/envs/lab13.1/lib/python3.9/site-packages/airflow/example_dags/example_branch_operator_decorator.py
[2024-12-07T02:16:42.251-0300] {processor.py:208} INFO - Processing /home/crisu/miniconda3/envs/lab13.1/lib/python3.9/site-packages/airflow/example_dags/example_branch_operator_decorator.py took 0.052 seconds
[2024-12-07T02:18:12.636-0300] {processor.py:186} INFO - Started process (PID=36645) to work on /home/crisu/miniconda3/envs/lab13.1/lib/python3.9/site-packages/airflow/example_dags/example_branch_operator_decorator.py
[2024-12-07T02:18:12.719-0300] {processor.py:914} INFO - Processing file /home/crisu/miniconda3/envs/lab13.1/lib/python3.9/site-packages/airflow/example_dags/example_branch_operator_decorator.py for tasks to queue
[2024-12-07T02:18:12.720-0300] {logging_mixin.py:190} INFO - [2024-12-07T02:18:12.720-0300] {dagbag.py:588} INFO - Filling up the DagBag from /home/crisu/miniconda3/envs/lab13.1/lib/python3.9/site-packages/airflow/example_dags/example_branch_operator_decorator.py
[2024-12-07T02:18:12.724-0300] {processor.py:927} WARNING - No viable dags retrieved from /home/crisu/miniconda3/envs/lab13.1/lib/python3.9/site-packages/airflow/example_dags/example_branch_operator_decorator.py
[2024-12-07T02:18:12.734-0300] {processor.py:208} INFO - Processing /home/crisu/miniconda3/envs/lab13.1/lib/python3.9/site-packages/airflow/example_dags/example_branch_operator_decorator.py took 0.105 seconds
[2024-12-07T02:32:50.694-0300] {processor.py:186} INFO - Started process (PID=38096) to work on /home/crisu/miniconda3/envs/lab13.1/lib/python3.9/site-packages/airflow/example_dags/example_branch_operator_decorator.py
[2024-12-07T02:32:50.718-0300] {processor.py:914} INFO - Processing file /home/crisu/miniconda3/envs/lab13.1/lib/python3.9/site-packages/airflow/example_dags/example_branch_operator_decorator.py for tasks to queue
[2024-12-07T02:32:50.720-0300] {logging_mixin.py:190} INFO - [2024-12-07T02:32:50.720-0300] {dagbag.py:588} INFO - Filling up the DagBag from /home/crisu/miniconda3/envs/lab13.1/lib/python3.9/site-packages/airflow/example_dags/example_branch_operator_decorator.py
[2024-12-07T02:32:50.723-0300] {processor.py:927} WARNING - No viable dags retrieved from /home/crisu/miniconda3/envs/lab13.1/lib/python3.9/site-packages/airflow/example_dags/example_branch_operator_decorator.py
[2024-12-07T02:32:50.732-0300] {processor.py:208} INFO - Processing /home/crisu/miniconda3/envs/lab13.1/lib/python3.9/site-packages/airflow/example_dags/example_branch_operator_decorator.py took 0.043 seconds
[2024-12-07T02:36:30.695-0300] {processor.py:186} INFO - Started process (PID=38528) to work on /home/crisu/miniconda3/envs/lab13.1/lib/python3.9/site-packages/airflow/example_dags/example_branch_operator_decorator.py
[2024-12-07T02:36:30.721-0300] {processor.py:914} INFO - Processing file /home/crisu/miniconda3/envs/lab13.1/lib/python3.9/site-packages/airflow/example_dags/example_branch_operator_decorator.py for tasks to queue
[2024-12-07T02:36:30.723-0300] {logging_mixin.py:190} INFO - [2024-12-07T02:36:30.723-0300] {dagbag.py:588} INFO - Filling up the DagBag from /home/crisu/miniconda3/envs/lab13.1/lib/python3.9/site-packages/airflow/example_dags/example_branch_operator_decorator.py
[2024-12-07T02:36:30.726-0300] {processor.py:927} WARNING - No viable dags retrieved from /home/crisu/miniconda3/envs/lab13.1/lib/python3.9/site-packages/airflow/example_dags/example_branch_operator_decorator.py
[2024-12-07T02:36:30.737-0300] {processor.py:208} INFO - Processing /home/crisu/miniconda3/envs/lab13.1/lib/python3.9/site-packages/airflow/example_dags/example_branch_operator_decorator.py took 0.048 seconds
[2024-12-07T02:39:43.797-0300] {processor.py:186} INFO - Started process (PID=38806) to work on /home/crisu/miniconda3/envs/lab13.1/lib/python3.9/site-packages/airflow/example_dags/example_branch_operator_decorator.py
[2024-12-07T02:39:43.808-0300] {processor.py:914} INFO - Processing file /home/crisu/miniconda3/envs/lab13.1/lib/python3.9/site-packages/airflow/example_dags/example_branch_operator_decorator.py for tasks to queue
[2024-12-07T02:39:43.809-0300] {logging_mixin.py:190} INFO - [2024-12-07T02:39:43.809-0300] {dagbag.py:588} INFO - Filling up the DagBag from /home/crisu/miniconda3/envs/lab13.1/lib/python3.9/site-packages/airflow/example_dags/example_branch_operator_decorator.py
[2024-12-07T02:39:43.812-0300] {processor.py:927} WARNING - No viable dags retrieved from /home/crisu/miniconda3/envs/lab13.1/lib/python3.9/site-packages/airflow/example_dags/example_branch_operator_decorator.py
[2024-12-07T02:39:43.821-0300] {processor.py:208} INFO - Processing /home/crisu/miniconda3/envs/lab13.1/lib/python3.9/site-packages/airflow/example_dags/example_branch_operator_decorator.py took 0.029 seconds
[2024-12-07T02:41:22.288-0300] {processor.py:186} INFO - Started process (PID=38979) to work on /home/crisu/miniconda3/envs/lab13.1/lib/python3.9/site-packages/airflow/example_dags/example_branch_operator_decorator.py
[2024-12-07T02:41:22.300-0300] {processor.py:914} INFO - Processing file /home/crisu/miniconda3/envs/lab13.1/lib/python3.9/site-packages/airflow/example_dags/example_branch_operator_decorator.py for tasks to queue
[2024-12-07T02:41:22.302-0300] {logging_mixin.py:190} INFO - [2024-12-07T02:41:22.301-0300] {dagbag.py:588} INFO - Filling up the DagBag from /home/crisu/miniconda3/envs/lab13.1/lib/python3.9/site-packages/airflow/example_dags/example_branch_operator_decorator.py
[2024-12-07T02:41:22.304-0300] {processor.py:927} WARNING - No viable dags retrieved from /home/crisu/miniconda3/envs/lab13.1/lib/python3.9/site-packages/airflow/example_dags/example_branch_operator_decorator.py
[2024-12-07T02:41:22.315-0300] {processor.py:208} INFO - Processing /home/crisu/miniconda3/envs/lab13.1/lib/python3.9/site-packages/airflow/example_dags/example_branch_operator_decorator.py took 0.032 seconds
[2024-12-07T02:45:23.088-0300] {processor.py:186} INFO - Started process (PID=39757) to work on /home/crisu/miniconda3/envs/lab13.1/lib/python3.9/site-packages/airflow/example_dags/example_branch_operator_decorator.py
[2024-12-07T02:45:23.090-0300] {processor.py:914} INFO - Processing file /home/crisu/miniconda3/envs/lab13.1/lib/python3.9/site-packages/airflow/example_dags/example_branch_operator_decorator.py for tasks to queue
[2024-12-07T02:45:23.091-0300] {logging_mixin.py:190} INFO - [2024-12-07T02:45:23.091-0300] {dagbag.py:588} INFO - Filling up the DagBag from /home/crisu/miniconda3/envs/lab13.1/lib/python3.9/site-packages/airflow/example_dags/example_branch_operator_decorator.py
[2024-12-07T02:45:23.094-0300] {processor.py:927} WARNING - No viable dags retrieved from /home/crisu/miniconda3/envs/lab13.1/lib/python3.9/site-packages/airflow/example_dags/example_branch_operator_decorator.py
[2024-12-07T02:45:23.103-0300] {processor.py:208} INFO - Processing /home/crisu/miniconda3/envs/lab13.1/lib/python3.9/site-packages/airflow/example_dags/example_branch_operator_decorator.py took 0.020 seconds
[2024-12-07T02:50:42.095-0300] {processor.py:186} INFO - Started process (PID=40857) to work on /home/crisu/miniconda3/envs/lab13.1/lib/python3.9/site-packages/airflow/example_dags/example_branch_operator_decorator.py
[2024-12-07T02:50:42.097-0300] {processor.py:914} INFO - Processing file /home/crisu/miniconda3/envs/lab13.1/lib/python3.9/site-packages/airflow/example_dags/example_branch_operator_decorator.py for tasks to queue
[2024-12-07T02:50:42.099-0300] {logging_mixin.py:190} INFO - [2024-12-07T02:50:42.098-0300] {dagbag.py:588} INFO - Filling up the DagBag from /home/crisu/miniconda3/envs/lab13.1/lib/python3.9/site-packages/airflow/example_dags/example_branch_operator_decorator.py
[2024-12-07T02:50:42.101-0300] {processor.py:927} WARNING - No viable dags retrieved from /home/crisu/miniconda3/envs/lab13.1/lib/python3.9/site-packages/airflow/example_dags/example_branch_operator_decorator.py
[2024-12-07T02:50:42.110-0300] {processor.py:208} INFO - Processing /home/crisu/miniconda3/envs/lab13.1/lib/python3.9/site-packages/airflow/example_dags/example_branch_operator_decorator.py took 0.024 seconds
[2024-12-07T03:22:00.528-0300] {processor.py:186} INFO - Started process (PID=42747) to work on /home/crisu/miniconda3/envs/lab13.1/lib/python3.9/site-packages/airflow/example_dags/example_branch_operator_decorator.py
[2024-12-07T03:22:00.744-0300] {processor.py:914} INFO - Processing file /home/crisu/miniconda3/envs/lab13.1/lib/python3.9/site-packages/airflow/example_dags/example_branch_operator_decorator.py for tasks to queue
[2024-12-07T03:22:00.745-0300] {logging_mixin.py:190} INFO - [2024-12-07T03:22:00.745-0300] {dagbag.py:588} INFO - Filling up the DagBag from /home/crisu/miniconda3/envs/lab13.1/lib/python3.9/site-packages/airflow/example_dags/example_branch_operator_decorator.py
[2024-12-07T03:22:00.748-0300] {processor.py:927} WARNING - No viable dags retrieved from /home/crisu/miniconda3/envs/lab13.1/lib/python3.9/site-packages/airflow/example_dags/example_branch_operator_decorator.py
[2024-12-07T03:22:00.759-0300] {processor.py:208} INFO - Processing /home/crisu/miniconda3/envs/lab13.1/lib/python3.9/site-packages/airflow/example_dags/example_branch_operator_decorator.py took 0.237 seconds
[2024-12-07T03:28:11.181-0300] {processor.py:186} INFO - Started process (PID=43673) to work on /home/crisu/miniconda3/envs/lab13.1/lib/python3.9/site-packages/airflow/example_dags/example_branch_operator_decorator.py
[2024-12-07T03:28:11.182-0300] {processor.py:914} INFO - Processing file /home/crisu/miniconda3/envs/lab13.1/lib/python3.9/site-packages/airflow/example_dags/example_branch_operator_decorator.py for tasks to queue
[2024-12-07T03:28:11.184-0300] {logging_mixin.py:190} INFO - [2024-12-07T03:28:11.184-0300] {dagbag.py:588} INFO - Filling up the DagBag from /home/crisu/miniconda3/envs/lab13.1/lib/python3.9/site-packages/airflow/example_dags/example_branch_operator_decorator.py
[2024-12-07T03:28:11.186-0300] {processor.py:927} WARNING - No viable dags retrieved from /home/crisu/miniconda3/envs/lab13.1/lib/python3.9/site-packages/airflow/example_dags/example_branch_operator_decorator.py
[2024-12-07T03:28:11.194-0300] {processor.py:208} INFO - Processing /home/crisu/miniconda3/envs/lab13.1/lib/python3.9/site-packages/airflow/example_dags/example_branch_operator_decorator.py took 0.019 seconds
[2024-12-07T03:34:54.990-0300] {processor.py:186} INFO - Started process (PID=44669) to work on /home/crisu/miniconda3/envs/lab13.1/lib/python3.9/site-packages/airflow/example_dags/example_branch_operator_decorator.py
[2024-12-07T03:34:55.035-0300] {processor.py:914} INFO - Processing file /home/crisu/miniconda3/envs/lab13.1/lib/python3.9/site-packages/airflow/example_dags/example_branch_operator_decorator.py for tasks to queue
[2024-12-07T03:34:55.037-0300] {logging_mixin.py:190} INFO - [2024-12-07T03:34:55.036-0300] {dagbag.py:588} INFO - Filling up the DagBag from /home/crisu/miniconda3/envs/lab13.1/lib/python3.9/site-packages/airflow/example_dags/example_branch_operator_decorator.py
[2024-12-07T03:34:55.040-0300] {processor.py:927} WARNING - No viable dags retrieved from /home/crisu/miniconda3/envs/lab13.1/lib/python3.9/site-packages/airflow/example_dags/example_branch_operator_decorator.py
[2024-12-07T03:34:55.049-0300] {processor.py:208} INFO - Processing /home/crisu/miniconda3/envs/lab13.1/lib/python3.9/site-packages/airflow/example_dags/example_branch_operator_decorator.py took 0.066 seconds
[2024-12-07T03:37:00.037-0300] {processor.py:186} INFO - Started process (PID=44863) to work on /home/crisu/miniconda3/envs/lab13.1/lib/python3.9/site-packages/airflow/example_dags/example_branch_operator_decorator.py
[2024-12-07T03:37:00.048-0300] {processor.py:914} INFO - Processing file /home/crisu/miniconda3/envs/lab13.1/lib/python3.9/site-packages/airflow/example_dags/example_branch_operator_decorator.py for tasks to queue
[2024-12-07T03:37:00.049-0300] {logging_mixin.py:190} INFO - [2024-12-07T03:37:00.049-0300] {dagbag.py:588} INFO - Filling up the DagBag from /home/crisu/miniconda3/envs/lab13.1/lib/python3.9/site-packages/airflow/example_dags/example_branch_operator_decorator.py
[2024-12-07T03:37:00.052-0300] {processor.py:927} WARNING - No viable dags retrieved from /home/crisu/miniconda3/envs/lab13.1/lib/python3.9/site-packages/airflow/example_dags/example_branch_operator_decorator.py
[2024-12-07T03:37:00.061-0300] {processor.py:208} INFO - Processing /home/crisu/miniconda3/envs/lab13.1/lib/python3.9/site-packages/airflow/example_dags/example_branch_operator_decorator.py took 0.029 seconds
[2024-12-07T03:38:44.085-0300] {processor.py:186} INFO - Started process (PID=45069) to work on /home/crisu/miniconda3/envs/lab13.1/lib/python3.9/site-packages/airflow/example_dags/example_branch_operator_decorator.py
[2024-12-07T03:38:44.098-0300] {processor.py:914} INFO - Processing file /home/crisu/miniconda3/envs/lab13.1/lib/python3.9/site-packages/airflow/example_dags/example_branch_operator_decorator.py for tasks to queue
[2024-12-07T03:38:44.099-0300] {logging_mixin.py:190} INFO - [2024-12-07T03:38:44.099-0300] {dagbag.py:588} INFO - Filling up the DagBag from /home/crisu/miniconda3/envs/lab13.1/lib/python3.9/site-packages/airflow/example_dags/example_branch_operator_decorator.py
[2024-12-07T03:38:44.102-0300] {processor.py:927} WARNING - No viable dags retrieved from /home/crisu/miniconda3/envs/lab13.1/lib/python3.9/site-packages/airflow/example_dags/example_branch_operator_decorator.py
[2024-12-07T03:38:44.110-0300] {processor.py:208} INFO - Processing /home/crisu/miniconda3/envs/lab13.1/lib/python3.9/site-packages/airflow/example_dags/example_branch_operator_decorator.py took 0.030 seconds
[2024-12-07T03:40:02.489-0300] {processor.py:186} INFO - Started process (PID=45210) to work on /home/crisu/miniconda3/envs/lab13.1/lib/python3.9/site-packages/airflow/example_dags/example_branch_operator_decorator.py
[2024-12-07T03:40:02.495-0300] {processor.py:914} INFO - Processing file /home/crisu/miniconda3/envs/lab13.1/lib/python3.9/site-packages/airflow/example_dags/example_branch_operator_decorator.py for tasks to queue
[2024-12-07T03:40:02.497-0300] {logging_mixin.py:190} INFO - [2024-12-07T03:40:02.496-0300] {dagbag.py:588} INFO - Filling up the DagBag from /home/crisu/miniconda3/envs/lab13.1/lib/python3.9/site-packages/airflow/example_dags/example_branch_operator_decorator.py
[2024-12-07T03:40:02.499-0300] {processor.py:927} WARNING - No viable dags retrieved from /home/crisu/miniconda3/envs/lab13.1/lib/python3.9/site-packages/airflow/example_dags/example_branch_operator_decorator.py
[2024-12-07T03:40:02.508-0300] {processor.py:208} INFO - Processing /home/crisu/miniconda3/envs/lab13.1/lib/python3.9/site-packages/airflow/example_dags/example_branch_operator_decorator.py took 0.024 seconds
[2024-12-07T03:41:33.123-0300] {processor.py:186} INFO - Started process (PID=45439) to work on /home/crisu/miniconda3/envs/lab13.1/lib/python3.9/site-packages/airflow/example_dags/example_branch_operator_decorator.py
[2024-12-07T03:41:33.252-0300] {processor.py:914} INFO - Processing file /home/crisu/miniconda3/envs/lab13.1/lib/python3.9/site-packages/airflow/example_dags/example_branch_operator_decorator.py for tasks to queue
[2024-12-07T03:41:33.254-0300] {logging_mixin.py:190} INFO - [2024-12-07T03:41:33.253-0300] {dagbag.py:588} INFO - Filling up the DagBag from /home/crisu/miniconda3/envs/lab13.1/lib/python3.9/site-packages/airflow/example_dags/example_branch_operator_decorator.py
[2024-12-07T03:41:33.256-0300] {processor.py:927} WARNING - No viable dags retrieved from /home/crisu/miniconda3/envs/lab13.1/lib/python3.9/site-packages/airflow/example_dags/example_branch_operator_decorator.py
[2024-12-07T03:41:33.265-0300] {processor.py:208} INFO - Processing /home/crisu/miniconda3/envs/lab13.1/lib/python3.9/site-packages/airflow/example_dags/example_branch_operator_decorator.py took 0.150 seconds
[2024-12-07T03:47:11.115-0300] {processor.py:186} INFO - Started process (PID=46516) to work on /home/crisu/miniconda3/envs/lab13.1/lib/python3.9/site-packages/airflow/example_dags/example_branch_operator_decorator.py
[2024-12-07T03:47:11.137-0300] {processor.py:914} INFO - Processing file /home/crisu/miniconda3/envs/lab13.1/lib/python3.9/site-packages/airflow/example_dags/example_branch_operator_decorator.py for tasks to queue
[2024-12-07T03:47:11.139-0300] {logging_mixin.py:190} INFO - [2024-12-07T03:47:11.139-0300] {dagbag.py:588} INFO - Filling up the DagBag from /home/crisu/miniconda3/envs/lab13.1/lib/python3.9/site-packages/airflow/example_dags/example_branch_operator_decorator.py
[2024-12-07T03:47:11.141-0300] {processor.py:927} WARNING - No viable dags retrieved from /home/crisu/miniconda3/envs/lab13.1/lib/python3.9/site-packages/airflow/example_dags/example_branch_operator_decorator.py
[2024-12-07T03:47:11.151-0300] {processor.py:208} INFO - Processing /home/crisu/miniconda3/envs/lab13.1/lib/python3.9/site-packages/airflow/example_dags/example_branch_operator_decorator.py took 0.041 seconds
[2024-12-07T03:50:59.639-0300] {processor.py:186} INFO - Started process (PID=46955) to work on /home/crisu/miniconda3/envs/lab13.1/lib/python3.9/site-packages/airflow/example_dags/example_branch_operator_decorator.py
[2024-12-07T03:50:59.662-0300] {processor.py:914} INFO - Processing file /home/crisu/miniconda3/envs/lab13.1/lib/python3.9/site-packages/airflow/example_dags/example_branch_operator_decorator.py for tasks to queue
[2024-12-07T03:50:59.665-0300] {logging_mixin.py:190} INFO - [2024-12-07T03:50:59.664-0300] {dagbag.py:588} INFO - Filling up the DagBag from /home/crisu/miniconda3/envs/lab13.1/lib/python3.9/site-packages/airflow/example_dags/example_branch_operator_decorator.py
[2024-12-07T03:50:59.669-0300] {processor.py:927} WARNING - No viable dags retrieved from /home/crisu/miniconda3/envs/lab13.1/lib/python3.9/site-packages/airflow/example_dags/example_branch_operator_decorator.py
[2024-12-07T03:50:59.681-0300] {processor.py:208} INFO - Processing /home/crisu/miniconda3/envs/lab13.1/lib/python3.9/site-packages/airflow/example_dags/example_branch_operator_decorator.py took 0.050 seconds
[2024-12-07T03:52:25.947-0300] {processor.py:186} INFO - Started process (PID=47068) to work on /home/crisu/miniconda3/envs/lab13.1/lib/python3.9/site-packages/airflow/example_dags/example_branch_operator_decorator.py
[2024-12-07T03:52:25.958-0300] {processor.py:914} INFO - Processing file /home/crisu/miniconda3/envs/lab13.1/lib/python3.9/site-packages/airflow/example_dags/example_branch_operator_decorator.py for tasks to queue
[2024-12-07T03:52:25.961-0300] {logging_mixin.py:190} INFO - [2024-12-07T03:52:25.960-0300] {dagbag.py:588} INFO - Filling up the DagBag from /home/crisu/miniconda3/envs/lab13.1/lib/python3.9/site-packages/airflow/example_dags/example_branch_operator_decorator.py
[2024-12-07T03:52:25.964-0300] {processor.py:927} WARNING - No viable dags retrieved from /home/crisu/miniconda3/envs/lab13.1/lib/python3.9/site-packages/airflow/example_dags/example_branch_operator_decorator.py
[2024-12-07T03:52:25.977-0300] {processor.py:208} INFO - Processing /home/crisu/miniconda3/envs/lab13.1/lib/python3.9/site-packages/airflow/example_dags/example_branch_operator_decorator.py took 0.037 seconds
[2024-12-07T03:54:37.251-0300] {processor.py:186} INFO - Started process (PID=47329) to work on /home/crisu/miniconda3/envs/lab13.1/lib/python3.9/site-packages/airflow/example_dags/example_branch_operator_decorator.py
[2024-12-07T03:54:37.274-0300] {processor.py:914} INFO - Processing file /home/crisu/miniconda3/envs/lab13.1/lib/python3.9/site-packages/airflow/example_dags/example_branch_operator_decorator.py for tasks to queue
[2024-12-07T03:54:37.276-0300] {logging_mixin.py:190} INFO - [2024-12-07T03:54:37.276-0300] {dagbag.py:588} INFO - Filling up the DagBag from /home/crisu/miniconda3/envs/lab13.1/lib/python3.9/site-packages/airflow/example_dags/example_branch_operator_decorator.py
[2024-12-07T03:54:37.279-0300] {processor.py:927} WARNING - No viable dags retrieved from /home/crisu/miniconda3/envs/lab13.1/lib/python3.9/site-packages/airflow/example_dags/example_branch_operator_decorator.py
[2024-12-07T03:54:37.288-0300] {processor.py:208} INFO - Processing /home/crisu/miniconda3/envs/lab13.1/lib/python3.9/site-packages/airflow/example_dags/example_branch_operator_decorator.py took 0.043 seconds
[2024-12-07T03:56:34.852-0300] {processor.py:186} INFO - Started process (PID=47577) to work on /home/crisu/miniconda3/envs/lab13.1/lib/python3.9/site-packages/airflow/example_dags/example_branch_operator_decorator.py
[2024-12-07T03:56:34.870-0300] {processor.py:914} INFO - Processing file /home/crisu/miniconda3/envs/lab13.1/lib/python3.9/site-packages/airflow/example_dags/example_branch_operator_decorator.py for tasks to queue
[2024-12-07T03:56:34.872-0300] {logging_mixin.py:190} INFO - [2024-12-07T03:56:34.871-0300] {dagbag.py:588} INFO - Filling up the DagBag from /home/crisu/miniconda3/envs/lab13.1/lib/python3.9/site-packages/airflow/example_dags/example_branch_operator_decorator.py
[2024-12-07T03:56:34.874-0300] {processor.py:927} WARNING - No viable dags retrieved from /home/crisu/miniconda3/envs/lab13.1/lib/python3.9/site-packages/airflow/example_dags/example_branch_operator_decorator.py
[2024-12-07T03:56:34.884-0300] {processor.py:208} INFO - Processing /home/crisu/miniconda3/envs/lab13.1/lib/python3.9/site-packages/airflow/example_dags/example_branch_operator_decorator.py took 0.037 seconds
[2024-12-07T03:57:53.974-0300] {processor.py:186} INFO - Started process (PID=47710) to work on /home/crisu/miniconda3/envs/lab13.1/lib/python3.9/site-packages/airflow/example_dags/example_branch_operator_decorator.py
[2024-12-07T03:57:53.982-0300] {processor.py:914} INFO - Processing file /home/crisu/miniconda3/envs/lab13.1/lib/python3.9/site-packages/airflow/example_dags/example_branch_operator_decorator.py for tasks to queue
[2024-12-07T03:57:53.984-0300] {logging_mixin.py:190} INFO - [2024-12-07T03:57:53.984-0300] {dagbag.py:588} INFO - Filling up the DagBag from /home/crisu/miniconda3/envs/lab13.1/lib/python3.9/site-packages/airflow/example_dags/example_branch_operator_decorator.py
[2024-12-07T03:57:53.987-0300] {processor.py:927} WARNING - No viable dags retrieved from /home/crisu/miniconda3/envs/lab13.1/lib/python3.9/site-packages/airflow/example_dags/example_branch_operator_decorator.py
[2024-12-07T03:57:53.995-0300] {processor.py:208} INFO - Processing /home/crisu/miniconda3/envs/lab13.1/lib/python3.9/site-packages/airflow/example_dags/example_branch_operator_decorator.py took 0.026 seconds
[2024-12-07T03:59:49.458-0300] {processor.py:186} INFO - Started process (PID=47978) to work on /home/crisu/miniconda3/envs/lab13.1/lib/python3.9/site-packages/airflow/example_dags/example_branch_operator_decorator.py
[2024-12-07T03:59:49.464-0300] {processor.py:914} INFO - Processing file /home/crisu/miniconda3/envs/lab13.1/lib/python3.9/site-packages/airflow/example_dags/example_branch_operator_decorator.py for tasks to queue
[2024-12-07T03:59:49.466-0300] {logging_mixin.py:190} INFO - [2024-12-07T03:59:49.465-0300] {dagbag.py:588} INFO - Filling up the DagBag from /home/crisu/miniconda3/envs/lab13.1/lib/python3.9/site-packages/airflow/example_dags/example_branch_operator_decorator.py
[2024-12-07T03:59:49.468-0300] {processor.py:927} WARNING - No viable dags retrieved from /home/crisu/miniconda3/envs/lab13.1/lib/python3.9/site-packages/airflow/example_dags/example_branch_operator_decorator.py
[2024-12-07T03:59:49.477-0300] {processor.py:208} INFO - Processing /home/crisu/miniconda3/envs/lab13.1/lib/python3.9/site-packages/airflow/example_dags/example_branch_operator_decorator.py took 0.025 seconds
[2024-12-07T04:01:05.514-0300] {processor.py:186} INFO - Started process (PID=48131) to work on /home/crisu/miniconda3/envs/lab13.1/lib/python3.9/site-packages/airflow/example_dags/example_branch_operator_decorator.py
[2024-12-07T04:01:05.580-0300] {processor.py:914} INFO - Processing file /home/crisu/miniconda3/envs/lab13.1/lib/python3.9/site-packages/airflow/example_dags/example_branch_operator_decorator.py for tasks to queue
[2024-12-07T04:01:05.582-0300] {logging_mixin.py:190} INFO - [2024-12-07T04:01:05.582-0300] {dagbag.py:588} INFO - Filling up the DagBag from /home/crisu/miniconda3/envs/lab13.1/lib/python3.9/site-packages/airflow/example_dags/example_branch_operator_decorator.py
[2024-12-07T04:01:05.585-0300] {processor.py:927} WARNING - No viable dags retrieved from /home/crisu/miniconda3/envs/lab13.1/lib/python3.9/site-packages/airflow/example_dags/example_branch_operator_decorator.py
[2024-12-07T04:01:05.596-0300] {processor.py:208} INFO - Processing /home/crisu/miniconda3/envs/lab13.1/lib/python3.9/site-packages/airflow/example_dags/example_branch_operator_decorator.py took 0.089 seconds
[2024-12-07T04:08:08.767-0300] {processor.py:186} INFO - Started process (PID=49260) to work on /home/crisu/miniconda3/envs/lab13.1/lib/python3.9/site-packages/airflow/example_dags/example_branch_operator_decorator.py
[2024-12-07T04:08:08.792-0300] {processor.py:914} INFO - Processing file /home/crisu/miniconda3/envs/lab13.1/lib/python3.9/site-packages/airflow/example_dags/example_branch_operator_decorator.py for tasks to queue
[2024-12-07T04:08:08.794-0300] {logging_mixin.py:190} INFO - [2024-12-07T04:08:08.793-0300] {dagbag.py:588} INFO - Filling up the DagBag from /home/crisu/miniconda3/envs/lab13.1/lib/python3.9/site-packages/airflow/example_dags/example_branch_operator_decorator.py
[2024-12-07T04:08:08.796-0300] {processor.py:927} WARNING - No viable dags retrieved from /home/crisu/miniconda3/envs/lab13.1/lib/python3.9/site-packages/airflow/example_dags/example_branch_operator_decorator.py
[2024-12-07T04:08:08.805-0300] {processor.py:208} INFO - Processing /home/crisu/miniconda3/envs/lab13.1/lib/python3.9/site-packages/airflow/example_dags/example_branch_operator_decorator.py took 0.043 seconds
[2024-12-07T04:10:10.422-0300] {processor.py:186} INFO - Started process (PID=49484) to work on /home/crisu/miniconda3/envs/lab13.1/lib/python3.9/site-packages/airflow/example_dags/example_branch_operator_decorator.py
[2024-12-07T04:10:10.450-0300] {processor.py:914} INFO - Processing file /home/crisu/miniconda3/envs/lab13.1/lib/python3.9/site-packages/airflow/example_dags/example_branch_operator_decorator.py for tasks to queue
[2024-12-07T04:10:10.452-0300] {logging_mixin.py:190} INFO - [2024-12-07T04:10:10.451-0300] {dagbag.py:588} INFO - Filling up the DagBag from /home/crisu/miniconda3/envs/lab13.1/lib/python3.9/site-packages/airflow/example_dags/example_branch_operator_decorator.py
[2024-12-07T04:10:10.457-0300] {processor.py:927} WARNING - No viable dags retrieved from /home/crisu/miniconda3/envs/lab13.1/lib/python3.9/site-packages/airflow/example_dags/example_branch_operator_decorator.py
[2024-12-07T04:10:10.473-0300] {processor.py:208} INFO - Processing /home/crisu/miniconda3/envs/lab13.1/lib/python3.9/site-packages/airflow/example_dags/example_branch_operator_decorator.py took 0.066 seconds
[2024-12-07T04:12:10.711-0300] {processor.py:186} INFO - Started process (PID=49653) to work on /home/crisu/miniconda3/envs/lab13.1/lib/python3.9/site-packages/airflow/example_dags/example_branch_operator_decorator.py
[2024-12-07T04:12:10.723-0300] {processor.py:914} INFO - Processing file /home/crisu/miniconda3/envs/lab13.1/lib/python3.9/site-packages/airflow/example_dags/example_branch_operator_decorator.py for tasks to queue
[2024-12-07T04:12:10.724-0300] {logging_mixin.py:190} INFO - [2024-12-07T04:12:10.724-0300] {dagbag.py:588} INFO - Filling up the DagBag from /home/crisu/miniconda3/envs/lab13.1/lib/python3.9/site-packages/airflow/example_dags/example_branch_operator_decorator.py
[2024-12-07T04:12:10.728-0300] {processor.py:927} WARNING - No viable dags retrieved from /home/crisu/miniconda3/envs/lab13.1/lib/python3.9/site-packages/airflow/example_dags/example_branch_operator_decorator.py
[2024-12-07T04:12:10.736-0300] {processor.py:208} INFO - Processing /home/crisu/miniconda3/envs/lab13.1/lib/python3.9/site-packages/airflow/example_dags/example_branch_operator_decorator.py took 0.033 seconds
[2024-12-07T04:13:27.677-0300] {processor.py:186} INFO - Started process (PID=49791) to work on /home/crisu/miniconda3/envs/lab13.1/lib/python3.9/site-packages/airflow/example_dags/example_branch_operator_decorator.py
[2024-12-07T04:13:27.685-0300] {processor.py:914} INFO - Processing file /home/crisu/miniconda3/envs/lab13.1/lib/python3.9/site-packages/airflow/example_dags/example_branch_operator_decorator.py for tasks to queue
[2024-12-07T04:13:27.686-0300] {logging_mixin.py:190} INFO - [2024-12-07T04:13:27.686-0300] {dagbag.py:588} INFO - Filling up the DagBag from /home/crisu/miniconda3/envs/lab13.1/lib/python3.9/site-packages/airflow/example_dags/example_branch_operator_decorator.py
[2024-12-07T04:13:27.689-0300] {processor.py:927} WARNING - No viable dags retrieved from /home/crisu/miniconda3/envs/lab13.1/lib/python3.9/site-packages/airflow/example_dags/example_branch_operator_decorator.py
[2024-12-07T04:13:27.698-0300] {processor.py:208} INFO - Processing /home/crisu/miniconda3/envs/lab13.1/lib/python3.9/site-packages/airflow/example_dags/example_branch_operator_decorator.py took 0.026 seconds
[2024-12-07T04:14:46.257-0300] {processor.py:186} INFO - Started process (PID=49955) to work on /home/crisu/miniconda3/envs/lab13.1/lib/python3.9/site-packages/airflow/example_dags/example_branch_operator_decorator.py
[2024-12-07T04:14:46.267-0300] {processor.py:914} INFO - Processing file /home/crisu/miniconda3/envs/lab13.1/lib/python3.9/site-packages/airflow/example_dags/example_branch_operator_decorator.py for tasks to queue
[2024-12-07T04:14:46.268-0300] {logging_mixin.py:190} INFO - [2024-12-07T04:14:46.268-0300] {dagbag.py:588} INFO - Filling up the DagBag from /home/crisu/miniconda3/envs/lab13.1/lib/python3.9/site-packages/airflow/example_dags/example_branch_operator_decorator.py
[2024-12-07T04:14:46.270-0300] {processor.py:927} WARNING - No viable dags retrieved from /home/crisu/miniconda3/envs/lab13.1/lib/python3.9/site-packages/airflow/example_dags/example_branch_operator_decorator.py
[2024-12-07T04:14:46.280-0300] {processor.py:208} INFO - Processing /home/crisu/miniconda3/envs/lab13.1/lib/python3.9/site-packages/airflow/example_dags/example_branch_operator_decorator.py took 0.029 seconds
[2024-12-07T04:16:04.048-0300] {processor.py:186} INFO - Started process (PID=50062) to work on /home/crisu/miniconda3/envs/lab13.1/lib/python3.9/site-packages/airflow/example_dags/example_branch_operator_decorator.py
[2024-12-07T04:16:04.059-0300] {processor.py:914} INFO - Processing file /home/crisu/miniconda3/envs/lab13.1/lib/python3.9/site-packages/airflow/example_dags/example_branch_operator_decorator.py for tasks to queue
[2024-12-07T04:16:04.060-0300] {logging_mixin.py:190} INFO - [2024-12-07T04:16:04.060-0300] {dagbag.py:588} INFO - Filling up the DagBag from /home/crisu/miniconda3/envs/lab13.1/lib/python3.9/site-packages/airflow/example_dags/example_branch_operator_decorator.py
[2024-12-07T04:16:04.064-0300] {processor.py:927} WARNING - No viable dags retrieved from /home/crisu/miniconda3/envs/lab13.1/lib/python3.9/site-packages/airflow/example_dags/example_branch_operator_decorator.py
[2024-12-07T04:16:04.074-0300] {processor.py:208} INFO - Processing /home/crisu/miniconda3/envs/lab13.1/lib/python3.9/site-packages/airflow/example_dags/example_branch_operator_decorator.py took 0.033 seconds
