[2024-12-07T01:48:25.160-0300] {processor.py:186} INFO - Started process (PID=33555) to work on /home/crisu/miniconda3/envs/lab13.1/lib/python3.9/site-packages/airflow/example_dags/example_time_delta_sensor_async.py
[2024-12-07T01:48:25.160-0300] {processor.py:914} INFO - Processing file /home/crisu/miniconda3/envs/lab13.1/lib/python3.9/site-packages/airflow/example_dags/example_time_delta_sensor_async.py for tasks to queue
[2024-12-07T01:48:25.162-0300] {logging_mixin.py:190} INFO - [2024-12-07T01:48:25.162-0300] {dagbag.py:588} INFO - Filling up the DagBag from /home/crisu/miniconda3/envs/lab13.1/lib/python3.9/site-packages/airflow/example_dags/example_time_delta_sensor_async.py
[2024-12-07T01:48:25.168-0300] {processor.py:925} INFO - DAG(s) 'example_time_delta_sensor_async' retrieved from /home/crisu/miniconda3/envs/lab13.1/lib/python3.9/site-packages/airflow/example_dags/example_time_delta_sensor_async.py
[2024-12-07T01:48:30.924-0300] {logging_mixin.py:190} INFO - [2024-12-07T01:48:30.923-0300] {override.py:1911} INFO - Created Permission View: can delete on DAG:example_time_delta_sensor_async
[2024-12-07T01:48:32.263-0300] {logging_mixin.py:190} INFO - [2024-12-07T01:48:32.262-0300] {override.py:1911} INFO - Created Permission View: can edit on DAG:example_time_delta_sensor_async
[2024-12-07T01:48:33.955-0300] {logging_mixin.py:190} INFO - [2024-12-07T01:48:33.955-0300] {override.py:1911} INFO - Created Permission View: can read on DAG:example_time_delta_sensor_async
[2024-12-07T01:48:35.364-0300] {logging_mixin.py:190} INFO - [2024-12-07T01:48:35.364-0300] {override.py:1911} INFO - Created Permission View: can delete on DAG Run:example_time_delta_sensor_async
[2024-12-07T01:48:36.406-0300] {logging_mixin.py:190} INFO - [2024-12-07T01:48:36.405-0300] {override.py:1911} INFO - Created Permission View: can create on DAG Run:example_time_delta_sensor_async
[2024-12-07T01:48:37.626-0300] {logging_mixin.py:190} INFO - [2024-12-07T01:48:37.626-0300] {override.py:1911} INFO - Created Permission View: menu access on DAG Run:example_time_delta_sensor_async
[2024-12-07T01:48:38.648-0300] {logging_mixin.py:190} INFO - [2024-12-07T01:48:38.647-0300] {override.py:1911} INFO - Created Permission View: can read on DAG Run:example_time_delta_sensor_async
[2024-12-07T01:48:38.648-0300] {logging_mixin.py:190} INFO - [2024-12-07T01:48:38.648-0300] {dag.py:3239} INFO - Sync 1 DAGs
[2024-12-07T01:48:38.659-0300] {logging_mixin.py:190} INFO - [2024-12-07T01:48:38.658-0300] {dag.py:3262} INFO - Creating ORM DAG for example_time_delta_sensor_async
[2024-12-07T01:48:38.659-0300] {logging_mixin.py:190} INFO - [2024-12-07T01:48:38.659-0300] {dag.py:4180} INFO - Setting next_dagrun for example_time_delta_sensor_async to None, run_after=None
[2024-12-07T01:48:39.397-0300] {processor.py:208} INFO - Processing /home/crisu/miniconda3/envs/lab13.1/lib/python3.9/site-packages/airflow/example_dags/example_time_delta_sensor_async.py took 14.242 seconds
[2024-12-07T01:50:40.095-0300] {processor.py:186} INFO - Started process (PID=33790) to work on /home/crisu/miniconda3/envs/lab13.1/lib/python3.9/site-packages/airflow/example_dags/example_time_delta_sensor_async.py
[2024-12-07T01:50:40.119-0300] {processor.py:914} INFO - Processing file /home/crisu/miniconda3/envs/lab13.1/lib/python3.9/site-packages/airflow/example_dags/example_time_delta_sensor_async.py for tasks to queue
[2024-12-07T01:50:40.122-0300] {logging_mixin.py:190} INFO - [2024-12-07T01:50:40.121-0300] {dagbag.py:588} INFO - Filling up the DagBag from /home/crisu/miniconda3/envs/lab13.1/lib/python3.9/site-packages/airflow/example_dags/example_time_delta_sensor_async.py
[2024-12-07T01:50:40.128-0300] {processor.py:925} INFO - DAG(s) 'example_time_delta_sensor_async' retrieved from /home/crisu/miniconda3/envs/lab13.1/lib/python3.9/site-packages/airflow/example_dags/example_time_delta_sensor_async.py
[2024-12-07T01:50:40.146-0300] {logging_mixin.py:190} INFO - [2024-12-07T01:50:40.146-0300] {dag.py:3239} INFO - Sync 1 DAGs
[2024-12-07T01:50:40.157-0300] {logging_mixin.py:190} INFO - [2024-12-07T01:50:40.156-0300] {dag.py:4180} INFO - Setting next_dagrun for example_time_delta_sensor_async to None, run_after=None
[2024-12-07T01:50:40.231-0300] {processor.py:208} INFO - Processing /home/crisu/miniconda3/envs/lab13.1/lib/python3.9/site-packages/airflow/example_dags/example_time_delta_sensor_async.py took 0.141 seconds
[2024-12-07T01:51:01.194-0300] {processor.py:186} INFO - Started process (PID=33835) to work on /home/crisu/miniconda3/envs/lab13.1/lib/python3.9/site-packages/airflow/example_dags/example_time_delta_sensor_async.py
[2024-12-07T01:51:01.198-0300] {processor.py:914} INFO - Processing file /home/crisu/miniconda3/envs/lab13.1/lib/python3.9/site-packages/airflow/example_dags/example_time_delta_sensor_async.py for tasks to queue
[2024-12-07T01:51:01.200-0300] {logging_mixin.py:190} INFO - [2024-12-07T01:51:01.200-0300] {dagbag.py:588} INFO - Filling up the DagBag from /home/crisu/miniconda3/envs/lab13.1/lib/python3.9/site-packages/airflow/example_dags/example_time_delta_sensor_async.py
[2024-12-07T01:51:01.206-0300] {processor.py:925} INFO - DAG(s) 'example_time_delta_sensor_async' retrieved from /home/crisu/miniconda3/envs/lab13.1/lib/python3.9/site-packages/airflow/example_dags/example_time_delta_sensor_async.py
[2024-12-07T01:51:01.224-0300] {logging_mixin.py:190} INFO - [2024-12-07T01:51:01.224-0300] {dag.py:3239} INFO - Sync 1 DAGs
[2024-12-07T01:51:01.235-0300] {logging_mixin.py:190} INFO - [2024-12-07T01:51:01.235-0300] {dag.py:4180} INFO - Setting next_dagrun for example_time_delta_sensor_async to None, run_after=None
[2024-12-07T01:51:01.298-0300] {processor.py:208} INFO - Processing /home/crisu/miniconda3/envs/lab13.1/lib/python3.9/site-packages/airflow/example_dags/example_time_delta_sensor_async.py took 0.109 seconds
[2024-12-07T02:07:36.305-0300] {processor.py:186} INFO - Started process (PID=35334) to work on /home/crisu/miniconda3/envs/lab13.1/lib/python3.9/site-packages/airflow/example_dags/example_time_delta_sensor_async.py
[2024-12-07T02:07:36.306-0300] {processor.py:914} INFO - Processing file /home/crisu/miniconda3/envs/lab13.1/lib/python3.9/site-packages/airflow/example_dags/example_time_delta_sensor_async.py for tasks to queue
[2024-12-07T02:07:36.308-0300] {logging_mixin.py:190} INFO - [2024-12-07T02:07:36.308-0300] {dagbag.py:588} INFO - Filling up the DagBag from /home/crisu/miniconda3/envs/lab13.1/lib/python3.9/site-packages/airflow/example_dags/example_time_delta_sensor_async.py
[2024-12-07T02:07:36.314-0300] {processor.py:925} INFO - DAG(s) 'example_time_delta_sensor_async' retrieved from /home/crisu/miniconda3/envs/lab13.1/lib/python3.9/site-packages/airflow/example_dags/example_time_delta_sensor_async.py
[2024-12-07T02:07:36.332-0300] {logging_mixin.py:190} INFO - [2024-12-07T02:07:36.332-0300] {dag.py:3239} INFO - Sync 1 DAGs
[2024-12-07T02:07:36.343-0300] {logging_mixin.py:190} INFO - [2024-12-07T02:07:36.342-0300] {dag.py:4180} INFO - Setting next_dagrun for example_time_delta_sensor_async to None, run_after=None
[2024-12-07T02:07:36.476-0300] {processor.py:208} INFO - Processing /home/crisu/miniconda3/envs/lab13.1/lib/python3.9/site-packages/airflow/example_dags/example_time_delta_sensor_async.py took 0.176 seconds
[2024-12-07T02:10:55.246-0300] {processor.py:186} INFO - Started process (PID=35828) to work on /home/crisu/miniconda3/envs/lab13.1/lib/python3.9/site-packages/airflow/example_dags/example_time_delta_sensor_async.py
[2024-12-07T02:10:55.247-0300] {processor.py:914} INFO - Processing file /home/crisu/miniconda3/envs/lab13.1/lib/python3.9/site-packages/airflow/example_dags/example_time_delta_sensor_async.py for tasks to queue
[2024-12-07T02:10:55.249-0300] {logging_mixin.py:190} INFO - [2024-12-07T02:10:55.249-0300] {dagbag.py:588} INFO - Filling up the DagBag from /home/crisu/miniconda3/envs/lab13.1/lib/python3.9/site-packages/airflow/example_dags/example_time_delta_sensor_async.py
[2024-12-07T02:10:55.256-0300] {processor.py:925} INFO - DAG(s) 'example_time_delta_sensor_async' retrieved from /home/crisu/miniconda3/envs/lab13.1/lib/python3.9/site-packages/airflow/example_dags/example_time_delta_sensor_async.py
[2024-12-07T02:10:55.270-0300] {logging_mixin.py:190} INFO - [2024-12-07T02:10:55.270-0300] {dag.py:3239} INFO - Sync 1 DAGs
[2024-12-07T02:10:55.283-0300] {logging_mixin.py:190} INFO - [2024-12-07T02:10:55.283-0300] {dag.py:4180} INFO - Setting next_dagrun for example_time_delta_sensor_async to None, run_after=None
[2024-12-07T02:10:55.367-0300] {processor.py:208} INFO - Processing /home/crisu/miniconda3/envs/lab13.1/lib/python3.9/site-packages/airflow/example_dags/example_time_delta_sensor_async.py took 0.129 seconds
[2024-12-07T02:12:33.533-0300] {processor.py:186} INFO - Started process (PID=36000) to work on /home/crisu/miniconda3/envs/lab13.1/lib/python3.9/site-packages/airflow/example_dags/example_time_delta_sensor_async.py
[2024-12-07T02:12:33.541-0300] {processor.py:914} INFO - Processing file /home/crisu/miniconda3/envs/lab13.1/lib/python3.9/site-packages/airflow/example_dags/example_time_delta_sensor_async.py for tasks to queue
[2024-12-07T02:12:33.544-0300] {logging_mixin.py:190} INFO - [2024-12-07T02:12:33.543-0300] {dagbag.py:588} INFO - Filling up the DagBag from /home/crisu/miniconda3/envs/lab13.1/lib/python3.9/site-packages/airflow/example_dags/example_time_delta_sensor_async.py
[2024-12-07T02:12:33.549-0300] {processor.py:925} INFO - DAG(s) 'example_time_delta_sensor_async' retrieved from /home/crisu/miniconda3/envs/lab13.1/lib/python3.9/site-packages/airflow/example_dags/example_time_delta_sensor_async.py
[2024-12-07T02:12:33.562-0300] {logging_mixin.py:190} INFO - [2024-12-07T02:12:33.562-0300] {dag.py:3239} INFO - Sync 1 DAGs
[2024-12-07T02:12:33.573-0300] {logging_mixin.py:190} INFO - [2024-12-07T02:12:33.573-0300] {dag.py:4180} INFO - Setting next_dagrun for example_time_delta_sensor_async to None, run_after=None
[2024-12-07T02:12:33.637-0300] {processor.py:208} INFO - Processing /home/crisu/miniconda3/envs/lab13.1/lib/python3.9/site-packages/airflow/example_dags/example_time_delta_sensor_async.py took 0.111 seconds
[2024-12-07T02:14:59.486-0300] {processor.py:186} INFO - Started process (PID=36328) to work on /home/crisu/miniconda3/envs/lab13.1/lib/python3.9/site-packages/airflow/example_dags/example_time_delta_sensor_async.py
[2024-12-07T02:14:59.488-0300] {processor.py:914} INFO - Processing file /home/crisu/miniconda3/envs/lab13.1/lib/python3.9/site-packages/airflow/example_dags/example_time_delta_sensor_async.py for tasks to queue
[2024-12-07T02:14:59.490-0300] {logging_mixin.py:190} INFO - [2024-12-07T02:14:59.490-0300] {dagbag.py:588} INFO - Filling up the DagBag from /home/crisu/miniconda3/envs/lab13.1/lib/python3.9/site-packages/airflow/example_dags/example_time_delta_sensor_async.py
[2024-12-07T02:14:59.499-0300] {processor.py:925} INFO - DAG(s) 'example_time_delta_sensor_async' retrieved from /home/crisu/miniconda3/envs/lab13.1/lib/python3.9/site-packages/airflow/example_dags/example_time_delta_sensor_async.py
[2024-12-07T02:14:59.517-0300] {logging_mixin.py:190} INFO - [2024-12-07T02:14:59.517-0300] {dag.py:3239} INFO - Sync 1 DAGs
[2024-12-07T02:14:59.534-0300] {logging_mixin.py:190} INFO - [2024-12-07T02:14:59.534-0300] {dag.py:4180} INFO - Setting next_dagrun for example_time_delta_sensor_async to None, run_after=None
[2024-12-07T02:15:00.791-0300] {processor.py:208} INFO - Processing /home/crisu/miniconda3/envs/lab13.1/lib/python3.9/site-packages/airflow/example_dags/example_time_delta_sensor_async.py took 1.313 seconds
[2024-12-07T02:16:09.219-0300] {processor.py:186} INFO - Started process (PID=36453) to work on /home/crisu/miniconda3/envs/lab13.1/lib/python3.9/site-packages/airflow/example_dags/example_time_delta_sensor_async.py
[2024-12-07T02:16:09.230-0300] {processor.py:914} INFO - Processing file /home/crisu/miniconda3/envs/lab13.1/lib/python3.9/site-packages/airflow/example_dags/example_time_delta_sensor_async.py for tasks to queue
[2024-12-07T02:16:09.232-0300] {logging_mixin.py:190} INFO - [2024-12-07T02:16:09.232-0300] {dagbag.py:588} INFO - Filling up the DagBag from /home/crisu/miniconda3/envs/lab13.1/lib/python3.9/site-packages/airflow/example_dags/example_time_delta_sensor_async.py
[2024-12-07T02:16:09.240-0300] {processor.py:925} INFO - DAG(s) 'example_time_delta_sensor_async' retrieved from /home/crisu/miniconda3/envs/lab13.1/lib/python3.9/site-packages/airflow/example_dags/example_time_delta_sensor_async.py
[2024-12-07T02:16:09.256-0300] {logging_mixin.py:190} INFO - [2024-12-07T02:16:09.256-0300] {dag.py:3239} INFO - Sync 1 DAGs
[2024-12-07T02:16:09.271-0300] {logging_mixin.py:190} INFO - [2024-12-07T02:16:09.271-0300] {dag.py:4180} INFO - Setting next_dagrun for example_time_delta_sensor_async to None, run_after=None
[2024-12-07T02:16:09.332-0300] {processor.py:208} INFO - Processing /home/crisu/miniconda3/envs/lab13.1/lib/python3.9/site-packages/airflow/example_dags/example_time_delta_sensor_async.py took 0.121 seconds
[2024-12-07T02:16:57.980-0300] {processor.py:186} INFO - Started process (PID=36518) to work on /home/crisu/miniconda3/envs/lab13.1/lib/python3.9/site-packages/airflow/example_dags/example_time_delta_sensor_async.py
[2024-12-07T02:16:57.982-0300] {processor.py:914} INFO - Processing file /home/crisu/miniconda3/envs/lab13.1/lib/python3.9/site-packages/airflow/example_dags/example_time_delta_sensor_async.py for tasks to queue
[2024-12-07T02:16:57.984-0300] {logging_mixin.py:190} INFO - [2024-12-07T02:16:57.984-0300] {dagbag.py:588} INFO - Filling up the DagBag from /home/crisu/miniconda3/envs/lab13.1/lib/python3.9/site-packages/airflow/example_dags/example_time_delta_sensor_async.py
[2024-12-07T02:16:57.990-0300] {processor.py:925} INFO - DAG(s) 'example_time_delta_sensor_async' retrieved from /home/crisu/miniconda3/envs/lab13.1/lib/python3.9/site-packages/airflow/example_dags/example_time_delta_sensor_async.py
[2024-12-07T02:16:58.003-0300] {logging_mixin.py:190} INFO - [2024-12-07T02:16:58.002-0300] {dag.py:3239} INFO - Sync 1 DAGs
[2024-12-07T02:16:58.013-0300] {logging_mixin.py:190} INFO - [2024-12-07T02:16:58.013-0300] {dag.py:4180} INFO - Setting next_dagrun for example_time_delta_sensor_async to None, run_after=None
[2024-12-07T02:16:58.107-0300] {processor.py:208} INFO - Processing /home/crisu/miniconda3/envs/lab13.1/lib/python3.9/site-packages/airflow/example_dags/example_time_delta_sensor_async.py took 0.134 seconds
[2024-12-07T02:18:27.709-0300] {processor.py:186} INFO - Started process (PID=36665) to work on /home/crisu/miniconda3/envs/lab13.1/lib/python3.9/site-packages/airflow/example_dags/example_time_delta_sensor_async.py
[2024-12-07T02:18:27.716-0300] {processor.py:914} INFO - Processing file /home/crisu/miniconda3/envs/lab13.1/lib/python3.9/site-packages/airflow/example_dags/example_time_delta_sensor_async.py for tasks to queue
[2024-12-07T02:18:27.718-0300] {logging_mixin.py:190} INFO - [2024-12-07T02:18:27.718-0300] {dagbag.py:588} INFO - Filling up the DagBag from /home/crisu/miniconda3/envs/lab13.1/lib/python3.9/site-packages/airflow/example_dags/example_time_delta_sensor_async.py
[2024-12-07T02:18:27.724-0300] {processor.py:925} INFO - DAG(s) 'example_time_delta_sensor_async' retrieved from /home/crisu/miniconda3/envs/lab13.1/lib/python3.9/site-packages/airflow/example_dags/example_time_delta_sensor_async.py
[2024-12-07T02:18:27.736-0300] {logging_mixin.py:190} INFO - [2024-12-07T02:18:27.736-0300] {dag.py:3239} INFO - Sync 1 DAGs
[2024-12-07T02:18:27.747-0300] {logging_mixin.py:190} INFO - [2024-12-07T02:18:27.747-0300] {dag.py:4180} INFO - Setting next_dagrun for example_time_delta_sensor_async to None, run_after=None
[2024-12-07T02:18:27.805-0300] {processor.py:208} INFO - Processing /home/crisu/miniconda3/envs/lab13.1/lib/python3.9/site-packages/airflow/example_dags/example_time_delta_sensor_async.py took 0.103 seconds
[2024-12-07T02:30:47.363-0300] {processor.py:186} INFO - Started process (PID=37887) to work on /home/crisu/miniconda3/envs/lab13.1/lib/python3.9/site-packages/airflow/example_dags/example_time_delta_sensor_async.py
[2024-12-07T02:30:47.371-0300] {processor.py:914} INFO - Processing file /home/crisu/miniconda3/envs/lab13.1/lib/python3.9/site-packages/airflow/example_dags/example_time_delta_sensor_async.py for tasks to queue
[2024-12-07T02:30:47.375-0300] {logging_mixin.py:190} INFO - [2024-12-07T02:30:47.374-0300] {dagbag.py:588} INFO - Filling up the DagBag from /home/crisu/miniconda3/envs/lab13.1/lib/python3.9/site-packages/airflow/example_dags/example_time_delta_sensor_async.py
[2024-12-07T02:30:47.382-0300] {processor.py:925} INFO - DAG(s) 'example_time_delta_sensor_async' retrieved from /home/crisu/miniconda3/envs/lab13.1/lib/python3.9/site-packages/airflow/example_dags/example_time_delta_sensor_async.py
[2024-12-07T02:30:47.405-0300] {logging_mixin.py:190} INFO - [2024-12-07T02:30:47.405-0300] {dag.py:3239} INFO - Sync 1 DAGs
[2024-12-07T02:30:47.417-0300] {logging_mixin.py:190} INFO - [2024-12-07T02:30:47.417-0300] {dag.py:4180} INFO - Setting next_dagrun for example_time_delta_sensor_async to None, run_after=None
[2024-12-07T02:30:47.552-0300] {processor.py:208} INFO - Processing /home/crisu/miniconda3/envs/lab13.1/lib/python3.9/site-packages/airflow/example_dags/example_time_delta_sensor_async.py took 0.197 seconds
[2024-12-07T02:33:28.478-0300] {processor.py:186} INFO - Started process (PID=38158) to work on /home/crisu/miniconda3/envs/lab13.1/lib/python3.9/site-packages/airflow/example_dags/example_time_delta_sensor_async.py
[2024-12-07T02:33:28.495-0300] {processor.py:914} INFO - Processing file /home/crisu/miniconda3/envs/lab13.1/lib/python3.9/site-packages/airflow/example_dags/example_time_delta_sensor_async.py for tasks to queue
[2024-12-07T02:33:28.497-0300] {logging_mixin.py:190} INFO - [2024-12-07T02:33:28.497-0300] {dagbag.py:588} INFO - Filling up the DagBag from /home/crisu/miniconda3/envs/lab13.1/lib/python3.9/site-packages/airflow/example_dags/example_time_delta_sensor_async.py
[2024-12-07T02:33:28.503-0300] {processor.py:925} INFO - DAG(s) 'example_time_delta_sensor_async' retrieved from /home/crisu/miniconda3/envs/lab13.1/lib/python3.9/site-packages/airflow/example_dags/example_time_delta_sensor_async.py
[2024-12-07T02:33:28.516-0300] {logging_mixin.py:190} INFO - [2024-12-07T02:33:28.516-0300] {dag.py:3239} INFO - Sync 1 DAGs
[2024-12-07T02:33:28.527-0300] {logging_mixin.py:190} INFO - [2024-12-07T02:33:28.527-0300] {dag.py:4180} INFO - Setting next_dagrun for example_time_delta_sensor_async to None, run_after=None
[2024-12-07T02:33:28.595-0300] {processor.py:208} INFO - Processing /home/crisu/miniconda3/envs/lab13.1/lib/python3.9/site-packages/airflow/example_dags/example_time_delta_sensor_async.py took 0.121 seconds
[2024-12-07T02:35:14.551-0300] {processor.py:186} INFO - Started process (PID=38365) to work on /home/crisu/miniconda3/envs/lab13.1/lib/python3.9/site-packages/airflow/example_dags/example_time_delta_sensor_async.py
[2024-12-07T02:35:14.574-0300] {processor.py:914} INFO - Processing file /home/crisu/miniconda3/envs/lab13.1/lib/python3.9/site-packages/airflow/example_dags/example_time_delta_sensor_async.py for tasks to queue
[2024-12-07T02:35:14.576-0300] {logging_mixin.py:190} INFO - [2024-12-07T02:35:14.576-0300] {dagbag.py:588} INFO - Filling up the DagBag from /home/crisu/miniconda3/envs/lab13.1/lib/python3.9/site-packages/airflow/example_dags/example_time_delta_sensor_async.py
[2024-12-07T02:35:14.582-0300] {processor.py:925} INFO - DAG(s) 'example_time_delta_sensor_async' retrieved from /home/crisu/miniconda3/envs/lab13.1/lib/python3.9/site-packages/airflow/example_dags/example_time_delta_sensor_async.py
[2024-12-07T02:35:14.594-0300] {logging_mixin.py:190} INFO - [2024-12-07T02:35:14.594-0300] {dag.py:3239} INFO - Sync 1 DAGs
[2024-12-07T02:35:14.605-0300] {logging_mixin.py:190} INFO - [2024-12-07T02:35:14.605-0300] {dag.py:4180} INFO - Setting next_dagrun for example_time_delta_sensor_async to None, run_after=None
[2024-12-07T02:35:15.207-0300] {processor.py:208} INFO - Processing /home/crisu/miniconda3/envs/lab13.1/lib/python3.9/site-packages/airflow/example_dags/example_time_delta_sensor_async.py took 0.662 seconds
[2024-12-07T02:36:58.773-0300] {processor.py:186} INFO - Started process (PID=38608) to work on /home/crisu/miniconda3/envs/lab13.1/lib/python3.9/site-packages/airflow/example_dags/example_time_delta_sensor_async.py
[2024-12-07T02:36:58.792-0300] {processor.py:914} INFO - Processing file /home/crisu/miniconda3/envs/lab13.1/lib/python3.9/site-packages/airflow/example_dags/example_time_delta_sensor_async.py for tasks to queue
[2024-12-07T02:36:58.794-0300] {logging_mixin.py:190} INFO - [2024-12-07T02:36:58.794-0300] {dagbag.py:588} INFO - Filling up the DagBag from /home/crisu/miniconda3/envs/lab13.1/lib/python3.9/site-packages/airflow/example_dags/example_time_delta_sensor_async.py
[2024-12-07T02:36:58.800-0300] {processor.py:925} INFO - DAG(s) 'example_time_delta_sensor_async' retrieved from /home/crisu/miniconda3/envs/lab13.1/lib/python3.9/site-packages/airflow/example_dags/example_time_delta_sensor_async.py
[2024-12-07T02:36:58.815-0300] {logging_mixin.py:190} INFO - [2024-12-07T02:36:58.815-0300] {dag.py:3239} INFO - Sync 1 DAGs
[2024-12-07T02:36:58.827-0300] {logging_mixin.py:190} INFO - [2024-12-07T02:36:58.826-0300] {dag.py:4180} INFO - Setting next_dagrun for example_time_delta_sensor_async to None, run_after=None
[2024-12-07T02:36:58.927-0300] {processor.py:208} INFO - Processing /home/crisu/miniconda3/envs/lab13.1/lib/python3.9/site-packages/airflow/example_dags/example_time_delta_sensor_async.py took 0.159 seconds
[2024-12-07T02:38:35.089-0300] {processor.py:186} INFO - Started process (PID=38742) to work on /home/crisu/miniconda3/envs/lab13.1/lib/python3.9/site-packages/airflow/example_dags/example_time_delta_sensor_async.py
[2024-12-07T02:38:35.090-0300] {processor.py:914} INFO - Processing file /home/crisu/miniconda3/envs/lab13.1/lib/python3.9/site-packages/airflow/example_dags/example_time_delta_sensor_async.py for tasks to queue
[2024-12-07T02:38:35.092-0300] {logging_mixin.py:190} INFO - [2024-12-07T02:38:35.092-0300] {dagbag.py:588} INFO - Filling up the DagBag from /home/crisu/miniconda3/envs/lab13.1/lib/python3.9/site-packages/airflow/example_dags/example_time_delta_sensor_async.py
[2024-12-07T02:38:35.099-0300] {processor.py:925} INFO - DAG(s) 'example_time_delta_sensor_async' retrieved from /home/crisu/miniconda3/envs/lab13.1/lib/python3.9/site-packages/airflow/example_dags/example_time_delta_sensor_async.py
[2024-12-07T02:38:35.112-0300] {logging_mixin.py:190} INFO - [2024-12-07T02:38:35.112-0300] {dag.py:3239} INFO - Sync 1 DAGs
[2024-12-07T02:38:35.123-0300] {logging_mixin.py:190} INFO - [2024-12-07T02:38:35.123-0300] {dag.py:4180} INFO - Setting next_dagrun for example_time_delta_sensor_async to None, run_after=None
[2024-12-07T02:38:36.194-0300] {processor.py:208} INFO - Processing /home/crisu/miniconda3/envs/lab13.1/lib/python3.9/site-packages/airflow/example_dags/example_time_delta_sensor_async.py took 1.111 seconds
[2024-12-07T02:40:15.167-0300] {processor.py:186} INFO - Started process (PID=38858) to work on /home/crisu/miniconda3/envs/lab13.1/lib/python3.9/site-packages/airflow/example_dags/example_time_delta_sensor_async.py
[2024-12-07T02:40:15.168-0300] {processor.py:914} INFO - Processing file /home/crisu/miniconda3/envs/lab13.1/lib/python3.9/site-packages/airflow/example_dags/example_time_delta_sensor_async.py for tasks to queue
[2024-12-07T02:40:15.170-0300] {logging_mixin.py:190} INFO - [2024-12-07T02:40:15.170-0300] {dagbag.py:588} INFO - Filling up the DagBag from /home/crisu/miniconda3/envs/lab13.1/lib/python3.9/site-packages/airflow/example_dags/example_time_delta_sensor_async.py
[2024-12-07T02:40:15.176-0300] {processor.py:925} INFO - DAG(s) 'example_time_delta_sensor_async' retrieved from /home/crisu/miniconda3/envs/lab13.1/lib/python3.9/site-packages/airflow/example_dags/example_time_delta_sensor_async.py
[2024-12-07T02:40:15.190-0300] {logging_mixin.py:190} INFO - [2024-12-07T02:40:15.189-0300] {dag.py:3239} INFO - Sync 1 DAGs
[2024-12-07T02:40:15.201-0300] {logging_mixin.py:190} INFO - [2024-12-07T02:40:15.200-0300] {dag.py:4180} INFO - Setting next_dagrun for example_time_delta_sensor_async to None, run_after=None
[2024-12-07T02:40:15.266-0300] {processor.py:208} INFO - Processing /home/crisu/miniconda3/envs/lab13.1/lib/python3.9/site-packages/airflow/example_dags/example_time_delta_sensor_async.py took 0.104 seconds
[2024-12-07T02:41:07.884-0300] {processor.py:186} INFO - Started process (PID=38959) to work on /home/crisu/miniconda3/envs/lab13.1/lib/python3.9/site-packages/airflow/example_dags/example_time_delta_sensor_async.py
[2024-12-07T02:41:07.894-0300] {processor.py:914} INFO - Processing file /home/crisu/miniconda3/envs/lab13.1/lib/python3.9/site-packages/airflow/example_dags/example_time_delta_sensor_async.py for tasks to queue
[2024-12-07T02:41:07.898-0300] {logging_mixin.py:190} INFO - [2024-12-07T02:41:07.897-0300] {dagbag.py:588} INFO - Filling up the DagBag from /home/crisu/miniconda3/envs/lab13.1/lib/python3.9/site-packages/airflow/example_dags/example_time_delta_sensor_async.py
[2024-12-07T02:41:07.908-0300] {processor.py:925} INFO - DAG(s) 'example_time_delta_sensor_async' retrieved from /home/crisu/miniconda3/envs/lab13.1/lib/python3.9/site-packages/airflow/example_dags/example_time_delta_sensor_async.py
[2024-12-07T02:41:07.927-0300] {logging_mixin.py:190} INFO - [2024-12-07T02:41:07.927-0300] {dag.py:3239} INFO - Sync 1 DAGs
[2024-12-07T02:41:07.940-0300] {logging_mixin.py:190} INFO - [2024-12-07T02:41:07.939-0300] {dag.py:4180} INFO - Setting next_dagrun for example_time_delta_sensor_async to None, run_after=None
[2024-12-07T02:41:07.998-0300] {processor.py:208} INFO - Processing /home/crisu/miniconda3/envs/lab13.1/lib/python3.9/site-packages/airflow/example_dags/example_time_delta_sensor_async.py took 0.119 seconds
[2024-12-07T02:42:21.799-0300] {processor.py:186} INFO - Started process (PID=39093) to work on /home/crisu/miniconda3/envs/lab13.1/lib/python3.9/site-packages/airflow/example_dags/example_time_delta_sensor_async.py
[2024-12-07T02:42:21.812-0300] {processor.py:914} INFO - Processing file /home/crisu/miniconda3/envs/lab13.1/lib/python3.9/site-packages/airflow/example_dags/example_time_delta_sensor_async.py for tasks to queue
[2024-12-07T02:42:21.813-0300] {logging_mixin.py:190} INFO - [2024-12-07T02:42:21.812-0300] {dagbag.py:588} INFO - Filling up the DagBag from /home/crisu/miniconda3/envs/lab13.1/lib/python3.9/site-packages/airflow/example_dags/example_time_delta_sensor_async.py
[2024-12-07T02:42:21.819-0300] {processor.py:925} INFO - DAG(s) 'example_time_delta_sensor_async' retrieved from /home/crisu/miniconda3/envs/lab13.1/lib/python3.9/site-packages/airflow/example_dags/example_time_delta_sensor_async.py
[2024-12-07T02:42:21.832-0300] {logging_mixin.py:190} INFO - [2024-12-07T02:42:21.832-0300] {dag.py:3239} INFO - Sync 1 DAGs
[2024-12-07T02:42:21.843-0300] {logging_mixin.py:190} INFO - [2024-12-07T02:42:21.843-0300] {dag.py:4180} INFO - Setting next_dagrun for example_time_delta_sensor_async to None, run_after=None
[2024-12-07T02:42:21.904-0300] {processor.py:208} INFO - Processing /home/crisu/miniconda3/envs/lab13.1/lib/python3.9/site-packages/airflow/example_dags/example_time_delta_sensor_async.py took 0.110 seconds
[2024-12-07T02:44:36.320-0300] {processor.py:186} INFO - Started process (PID=39689) to work on /home/crisu/miniconda3/envs/lab13.1/lib/python3.9/site-packages/airflow/example_dags/example_time_delta_sensor_async.py
[2024-12-07T02:44:36.321-0300] {processor.py:914} INFO - Processing file /home/crisu/miniconda3/envs/lab13.1/lib/python3.9/site-packages/airflow/example_dags/example_time_delta_sensor_async.py for tasks to queue
[2024-12-07T02:44:36.323-0300] {logging_mixin.py:190} INFO - [2024-12-07T02:44:36.323-0300] {dagbag.py:588} INFO - Filling up the DagBag from /home/crisu/miniconda3/envs/lab13.1/lib/python3.9/site-packages/airflow/example_dags/example_time_delta_sensor_async.py
[2024-12-07T02:44:36.329-0300] {processor.py:925} INFO - DAG(s) 'example_time_delta_sensor_async' retrieved from /home/crisu/miniconda3/envs/lab13.1/lib/python3.9/site-packages/airflow/example_dags/example_time_delta_sensor_async.py
[2024-12-07T02:44:36.349-0300] {logging_mixin.py:190} INFO - [2024-12-07T02:44:36.349-0300] {dag.py:3239} INFO - Sync 1 DAGs
[2024-12-07T02:44:36.359-0300] {logging_mixin.py:190} INFO - [2024-12-07T02:44:36.359-0300] {dag.py:4180} INFO - Setting next_dagrun for example_time_delta_sensor_async to None, run_after=None
[2024-12-07T02:44:36.422-0300] {processor.py:208} INFO - Processing /home/crisu/miniconda3/envs/lab13.1/lib/python3.9/site-packages/airflow/example_dags/example_time_delta_sensor_async.py took 0.108 seconds
[2024-12-07T02:46:17.497-0300] {processor.py:186} INFO - Started process (PID=39984) to work on /home/crisu/miniconda3/envs/lab13.1/lib/python3.9/site-packages/airflow/example_dags/example_time_delta_sensor_async.py
[2024-12-07T02:46:17.502-0300] {processor.py:914} INFO - Processing file /home/crisu/miniconda3/envs/lab13.1/lib/python3.9/site-packages/airflow/example_dags/example_time_delta_sensor_async.py for tasks to queue
[2024-12-07T02:46:17.504-0300] {logging_mixin.py:190} INFO - [2024-12-07T02:46:17.503-0300] {dagbag.py:588} INFO - Filling up the DagBag from /home/crisu/miniconda3/envs/lab13.1/lib/python3.9/site-packages/airflow/example_dags/example_time_delta_sensor_async.py
[2024-12-07T02:46:17.510-0300] {processor.py:925} INFO - DAG(s) 'example_time_delta_sensor_async' retrieved from /home/crisu/miniconda3/envs/lab13.1/lib/python3.9/site-packages/airflow/example_dags/example_time_delta_sensor_async.py
[2024-12-07T02:46:17.529-0300] {logging_mixin.py:190} INFO - [2024-12-07T02:46:17.529-0300] {dag.py:3239} INFO - Sync 1 DAGs
[2024-12-07T02:46:17.541-0300] {logging_mixin.py:190} INFO - [2024-12-07T02:46:17.540-0300] {dag.py:4180} INFO - Setting next_dagrun for example_time_delta_sensor_async to None, run_after=None
[2024-12-07T02:46:17.602-0300] {processor.py:208} INFO - Processing /home/crisu/miniconda3/envs/lab13.1/lib/python3.9/site-packages/airflow/example_dags/example_time_delta_sensor_async.py took 0.110 seconds
[2024-12-07T02:47:31.200-0300] {processor.py:186} INFO - Started process (PID=40204) to work on /home/crisu/miniconda3/envs/lab13.1/lib/python3.9/site-packages/airflow/example_dags/example_time_delta_sensor_async.py
[2024-12-07T02:47:31.246-0300] {processor.py:914} INFO - Processing file /home/crisu/miniconda3/envs/lab13.1/lib/python3.9/site-packages/airflow/example_dags/example_time_delta_sensor_async.py for tasks to queue
[2024-12-07T02:47:31.248-0300] {logging_mixin.py:190} INFO - [2024-12-07T02:47:31.248-0300] {dagbag.py:588} INFO - Filling up the DagBag from /home/crisu/miniconda3/envs/lab13.1/lib/python3.9/site-packages/airflow/example_dags/example_time_delta_sensor_async.py
[2024-12-07T02:47:31.254-0300] {processor.py:925} INFO - DAG(s) 'example_time_delta_sensor_async' retrieved from /home/crisu/miniconda3/envs/lab13.1/lib/python3.9/site-packages/airflow/example_dags/example_time_delta_sensor_async.py
[2024-12-07T02:47:31.273-0300] {logging_mixin.py:190} INFO - [2024-12-07T02:47:31.273-0300] {dag.py:3239} INFO - Sync 1 DAGs
[2024-12-07T02:47:31.284-0300] {logging_mixin.py:190} INFO - [2024-12-07T02:47:31.284-0300] {dag.py:4180} INFO - Setting next_dagrun for example_time_delta_sensor_async to None, run_after=None
[2024-12-07T02:47:31.898-0300] {processor.py:208} INFO - Processing /home/crisu/miniconda3/envs/lab13.1/lib/python3.9/site-packages/airflow/example_dags/example_time_delta_sensor_async.py took 0.702 seconds
[2024-12-07T02:48:55.855-0300] {processor.py:186} INFO - Started process (PID=40461) to work on /home/crisu/miniconda3/envs/lab13.1/lib/python3.9/site-packages/airflow/example_dags/example_time_delta_sensor_async.py
[2024-12-07T02:48:55.883-0300] {processor.py:914} INFO - Processing file /home/crisu/miniconda3/envs/lab13.1/lib/python3.9/site-packages/airflow/example_dags/example_time_delta_sensor_async.py for tasks to queue
[2024-12-07T02:48:55.885-0300] {logging_mixin.py:190} INFO - [2024-12-07T02:48:55.885-0300] {dagbag.py:588} INFO - Filling up the DagBag from /home/crisu/miniconda3/envs/lab13.1/lib/python3.9/site-packages/airflow/example_dags/example_time_delta_sensor_async.py
[2024-12-07T02:48:55.892-0300] {processor.py:925} INFO - DAG(s) 'example_time_delta_sensor_async' retrieved from /home/crisu/miniconda3/envs/lab13.1/lib/python3.9/site-packages/airflow/example_dags/example_time_delta_sensor_async.py
[2024-12-07T02:48:55.911-0300] {logging_mixin.py:190} INFO - [2024-12-07T02:48:55.911-0300] {dag.py:3239} INFO - Sync 1 DAGs
[2024-12-07T02:48:55.922-0300] {logging_mixin.py:190} INFO - [2024-12-07T02:48:55.921-0300] {dag.py:4180} INFO - Setting next_dagrun for example_time_delta_sensor_async to None, run_after=None
[2024-12-07T02:48:56.474-0300] {processor.py:208} INFO - Processing /home/crisu/miniconda3/envs/lab13.1/lib/python3.9/site-packages/airflow/example_dags/example_time_delta_sensor_async.py took 0.624 seconds
[2024-12-07T02:49:57.066-0300] {processor.py:186} INFO - Started process (PID=40736) to work on /home/crisu/miniconda3/envs/lab13.1/lib/python3.9/site-packages/airflow/example_dags/example_time_delta_sensor_async.py
[2024-12-07T02:49:57.095-0300] {processor.py:914} INFO - Processing file /home/crisu/miniconda3/envs/lab13.1/lib/python3.9/site-packages/airflow/example_dags/example_time_delta_sensor_async.py for tasks to queue
[2024-12-07T02:49:57.098-0300] {logging_mixin.py:190} INFO - [2024-12-07T02:49:57.098-0300] {dagbag.py:588} INFO - Filling up the DagBag from /home/crisu/miniconda3/envs/lab13.1/lib/python3.9/site-packages/airflow/example_dags/example_time_delta_sensor_async.py
[2024-12-07T02:49:57.105-0300] {processor.py:925} INFO - DAG(s) 'example_time_delta_sensor_async' retrieved from /home/crisu/miniconda3/envs/lab13.1/lib/python3.9/site-packages/airflow/example_dags/example_time_delta_sensor_async.py
[2024-12-07T02:49:57.126-0300] {logging_mixin.py:190} INFO - [2024-12-07T02:49:57.126-0300] {dag.py:3239} INFO - Sync 1 DAGs
[2024-12-07T02:49:57.137-0300] {logging_mixin.py:190} INFO - [2024-12-07T02:49:57.137-0300] {dag.py:4180} INFO - Setting next_dagrun for example_time_delta_sensor_async to None, run_after=None
[2024-12-07T02:49:57.200-0300] {processor.py:208} INFO - Processing /home/crisu/miniconda3/envs/lab13.1/lib/python3.9/site-packages/airflow/example_dags/example_time_delta_sensor_async.py took 0.139 seconds
[2024-12-07T02:51:07.550-0300] {processor.py:186} INFO - Started process (PID=40944) to work on /home/crisu/miniconda3/envs/lab13.1/lib/python3.9/site-packages/airflow/example_dags/example_time_delta_sensor_async.py
[2024-12-07T02:51:07.563-0300] {processor.py:914} INFO - Processing file /home/crisu/miniconda3/envs/lab13.1/lib/python3.9/site-packages/airflow/example_dags/example_time_delta_sensor_async.py for tasks to queue
[2024-12-07T02:51:07.564-0300] {logging_mixin.py:190} INFO - [2024-12-07T02:51:07.564-0300] {dagbag.py:588} INFO - Filling up the DagBag from /home/crisu/miniconda3/envs/lab13.1/lib/python3.9/site-packages/airflow/example_dags/example_time_delta_sensor_async.py
[2024-12-07T02:51:07.570-0300] {processor.py:925} INFO - DAG(s) 'example_time_delta_sensor_async' retrieved from /home/crisu/miniconda3/envs/lab13.1/lib/python3.9/site-packages/airflow/example_dags/example_time_delta_sensor_async.py
[2024-12-07T02:51:07.584-0300] {logging_mixin.py:190} INFO - [2024-12-07T02:51:07.584-0300] {dag.py:3239} INFO - Sync 1 DAGs
[2024-12-07T02:51:07.596-0300] {logging_mixin.py:190} INFO - [2024-12-07T02:51:07.595-0300] {dag.py:4180} INFO - Setting next_dagrun for example_time_delta_sensor_async to None, run_after=None
[2024-12-07T02:51:07.659-0300] {processor.py:208} INFO - Processing /home/crisu/miniconda3/envs/lab13.1/lib/python3.9/site-packages/airflow/example_dags/example_time_delta_sensor_async.py took 0.116 seconds
[2024-12-07T03:19:17.763-0300] {processor.py:186} INFO - Started process (PID=42608) to work on /home/crisu/miniconda3/envs/lab13.1/lib/python3.9/site-packages/airflow/example_dags/example_time_delta_sensor_async.py
[2024-12-07T03:19:18.357-0300] {processor.py:914} INFO - Processing file /home/crisu/miniconda3/envs/lab13.1/lib/python3.9/site-packages/airflow/example_dags/example_time_delta_sensor_async.py for tasks to queue
[2024-12-07T03:19:18.358-0300] {logging_mixin.py:190} INFO - [2024-12-07T03:19:18.358-0300] {dagbag.py:588} INFO - Filling up the DagBag from /home/crisu/miniconda3/envs/lab13.1/lib/python3.9/site-packages/airflow/example_dags/example_time_delta_sensor_async.py
[2024-12-07T03:19:18.363-0300] {processor.py:925} INFO - DAG(s) 'example_time_delta_sensor_async' retrieved from /home/crisu/miniconda3/envs/lab13.1/lib/python3.9/site-packages/airflow/example_dags/example_time_delta_sensor_async.py
[2024-12-07T03:19:18.382-0300] {logging_mixin.py:190} INFO - [2024-12-07T03:19:18.382-0300] {dag.py:3239} INFO - Sync 1 DAGs
[2024-12-07T03:19:18.393-0300] {logging_mixin.py:190} INFO - [2024-12-07T03:19:18.393-0300] {dag.py:4180} INFO - Setting next_dagrun for example_time_delta_sensor_async to None, run_after=None
[2024-12-07T03:19:19.625-0300] {processor.py:208} INFO - Processing /home/crisu/miniconda3/envs/lab13.1/lib/python3.9/site-packages/airflow/example_dags/example_time_delta_sensor_async.py took 1.867 seconds
[2024-12-07T03:22:57.266-0300] {processor.py:186} INFO - Started process (PID=42830) to work on /home/crisu/miniconda3/envs/lab13.1/lib/python3.9/site-packages/airflow/example_dags/example_time_delta_sensor_async.py
[2024-12-07T03:22:57.289-0300] {processor.py:914} INFO - Processing file /home/crisu/miniconda3/envs/lab13.1/lib/python3.9/site-packages/airflow/example_dags/example_time_delta_sensor_async.py for tasks to queue
[2024-12-07T03:22:57.291-0300] {logging_mixin.py:190} INFO - [2024-12-07T03:22:57.291-0300] {dagbag.py:588} INFO - Filling up the DagBag from /home/crisu/miniconda3/envs/lab13.1/lib/python3.9/site-packages/airflow/example_dags/example_time_delta_sensor_async.py
[2024-12-07T03:22:57.296-0300] {processor.py:925} INFO - DAG(s) 'example_time_delta_sensor_async' retrieved from /home/crisu/miniconda3/envs/lab13.1/lib/python3.9/site-packages/airflow/example_dags/example_time_delta_sensor_async.py
[2024-12-07T03:22:57.309-0300] {logging_mixin.py:190} INFO - [2024-12-07T03:22:57.309-0300] {dag.py:3239} INFO - Sync 1 DAGs
[2024-12-07T03:22:57.320-0300] {logging_mixin.py:190} INFO - [2024-12-07T03:22:57.319-0300] {dag.py:4180} INFO - Setting next_dagrun for example_time_delta_sensor_async to None, run_after=None
[2024-12-07T03:22:57.729-0300] {processor.py:208} INFO - Processing /home/crisu/miniconda3/envs/lab13.1/lib/python3.9/site-packages/airflow/example_dags/example_time_delta_sensor_async.py took 0.468 seconds
[2024-12-07T03:26:34.560-0300] {processor.py:186} INFO - Started process (PID=43420) to work on /home/crisu/miniconda3/envs/lab13.1/lib/python3.9/site-packages/airflow/example_dags/example_time_delta_sensor_async.py
[2024-12-07T03:26:34.596-0300] {processor.py:914} INFO - Processing file /home/crisu/miniconda3/envs/lab13.1/lib/python3.9/site-packages/airflow/example_dags/example_time_delta_sensor_async.py for tasks to queue
[2024-12-07T03:26:34.598-0300] {logging_mixin.py:190} INFO - [2024-12-07T03:26:34.598-0300] {dagbag.py:588} INFO - Filling up the DagBag from /home/crisu/miniconda3/envs/lab13.1/lib/python3.9/site-packages/airflow/example_dags/example_time_delta_sensor_async.py
[2024-12-07T03:26:34.605-0300] {processor.py:925} INFO - DAG(s) 'example_time_delta_sensor_async' retrieved from /home/crisu/miniconda3/envs/lab13.1/lib/python3.9/site-packages/airflow/example_dags/example_time_delta_sensor_async.py
[2024-12-07T03:26:34.624-0300] {logging_mixin.py:190} INFO - [2024-12-07T03:26:34.624-0300] {dag.py:3239} INFO - Sync 1 DAGs
[2024-12-07T03:26:34.637-0300] {logging_mixin.py:190} INFO - [2024-12-07T03:26:34.636-0300] {dag.py:4180} INFO - Setting next_dagrun for example_time_delta_sensor_async to None, run_after=None
[2024-12-07T03:26:35.210-0300] {processor.py:208} INFO - Processing /home/crisu/miniconda3/envs/lab13.1/lib/python3.9/site-packages/airflow/example_dags/example_time_delta_sensor_async.py took 0.656 seconds
[2024-12-07T03:29:18.921-0300] {processor.py:186} INFO - Started process (PID=43815) to work on /home/crisu/miniconda3/envs/lab13.1/lib/python3.9/site-packages/airflow/example_dags/example_time_delta_sensor_async.py
[2024-12-07T03:29:18.938-0300] {processor.py:914} INFO - Processing file /home/crisu/miniconda3/envs/lab13.1/lib/python3.9/site-packages/airflow/example_dags/example_time_delta_sensor_async.py for tasks to queue
[2024-12-07T03:29:18.940-0300] {logging_mixin.py:190} INFO - [2024-12-07T03:29:18.940-0300] {dagbag.py:588} INFO - Filling up the DagBag from /home/crisu/miniconda3/envs/lab13.1/lib/python3.9/site-packages/airflow/example_dags/example_time_delta_sensor_async.py
[2024-12-07T03:29:18.947-0300] {processor.py:925} INFO - DAG(s) 'example_time_delta_sensor_async' retrieved from /home/crisu/miniconda3/envs/lab13.1/lib/python3.9/site-packages/airflow/example_dags/example_time_delta_sensor_async.py
[2024-12-07T03:29:18.960-0300] {logging_mixin.py:190} INFO - [2024-12-07T03:29:18.960-0300] {dag.py:3239} INFO - Sync 1 DAGs
[2024-12-07T03:29:18.972-0300] {logging_mixin.py:190} INFO - [2024-12-07T03:29:18.972-0300] {dag.py:4180} INFO - Setting next_dagrun for example_time_delta_sensor_async to None, run_after=None
[2024-12-07T03:29:19.028-0300] {processor.py:208} INFO - Processing /home/crisu/miniconda3/envs/lab13.1/lib/python3.9/site-packages/airflow/example_dags/example_time_delta_sensor_async.py took 0.113 seconds
[2024-12-07T03:33:57.814-0300] {processor.py:186} INFO - Started process (PID=44554) to work on /home/crisu/miniconda3/envs/lab13.1/lib/python3.9/site-packages/airflow/example_dags/example_time_delta_sensor_async.py
[2024-12-07T03:33:57.840-0300] {processor.py:914} INFO - Processing file /home/crisu/miniconda3/envs/lab13.1/lib/python3.9/site-packages/airflow/example_dags/example_time_delta_sensor_async.py for tasks to queue
[2024-12-07T03:33:57.842-0300] {logging_mixin.py:190} INFO - [2024-12-07T03:33:57.841-0300] {dagbag.py:588} INFO - Filling up the DagBag from /home/crisu/miniconda3/envs/lab13.1/lib/python3.9/site-packages/airflow/example_dags/example_time_delta_sensor_async.py
[2024-12-07T03:33:57.847-0300] {processor.py:925} INFO - DAG(s) 'example_time_delta_sensor_async' retrieved from /home/crisu/miniconda3/envs/lab13.1/lib/python3.9/site-packages/airflow/example_dags/example_time_delta_sensor_async.py
[2024-12-07T03:33:57.867-0300] {logging_mixin.py:190} INFO - [2024-12-07T03:33:57.866-0300] {dag.py:3239} INFO - Sync 1 DAGs
[2024-12-07T03:33:57.877-0300] {logging_mixin.py:190} INFO - [2024-12-07T03:33:57.877-0300] {dag.py:4180} INFO - Setting next_dagrun for example_time_delta_sensor_async to None, run_after=None
[2024-12-07T03:33:57.950-0300] {processor.py:208} INFO - Processing /home/crisu/miniconda3/envs/lab13.1/lib/python3.9/site-packages/airflow/example_dags/example_time_delta_sensor_async.py took 0.142 seconds
[2024-12-07T03:35:31.108-0300] {processor.py:186} INFO - Started process (PID=44709) to work on /home/crisu/miniconda3/envs/lab13.1/lib/python3.9/site-packages/airflow/example_dags/example_time_delta_sensor_async.py
[2024-12-07T03:35:31.121-0300] {processor.py:914} INFO - Processing file /home/crisu/miniconda3/envs/lab13.1/lib/python3.9/site-packages/airflow/example_dags/example_time_delta_sensor_async.py for tasks to queue
[2024-12-07T03:35:31.122-0300] {logging_mixin.py:190} INFO - [2024-12-07T03:35:31.122-0300] {dagbag.py:588} INFO - Filling up the DagBag from /home/crisu/miniconda3/envs/lab13.1/lib/python3.9/site-packages/airflow/example_dags/example_time_delta_sensor_async.py
[2024-12-07T03:35:31.127-0300] {processor.py:925} INFO - DAG(s) 'example_time_delta_sensor_async' retrieved from /home/crisu/miniconda3/envs/lab13.1/lib/python3.9/site-packages/airflow/example_dags/example_time_delta_sensor_async.py
[2024-12-07T03:35:31.141-0300] {logging_mixin.py:190} INFO - [2024-12-07T03:35:31.141-0300] {dag.py:3239} INFO - Sync 1 DAGs
[2024-12-07T03:35:31.153-0300] {logging_mixin.py:190} INFO - [2024-12-07T03:35:31.153-0300] {dag.py:4180} INFO - Setting next_dagrun for example_time_delta_sensor_async to None, run_after=None
[2024-12-07T03:35:31.217-0300] {processor.py:208} INFO - Processing /home/crisu/miniconda3/envs/lab13.1/lib/python3.9/site-packages/airflow/example_dags/example_time_delta_sensor_async.py took 0.116 seconds
[2024-12-07T03:36:32.606-0300] {processor.py:186} INFO - Started process (PID=44838) to work on /home/crisu/miniconda3/envs/lab13.1/lib/python3.9/site-packages/airflow/example_dags/example_time_delta_sensor_async.py
[2024-12-07T03:36:32.633-0300] {processor.py:914} INFO - Processing file /home/crisu/miniconda3/envs/lab13.1/lib/python3.9/site-packages/airflow/example_dags/example_time_delta_sensor_async.py for tasks to queue
[2024-12-07T03:36:32.634-0300] {logging_mixin.py:190} INFO - [2024-12-07T03:36:32.634-0300] {dagbag.py:588} INFO - Filling up the DagBag from /home/crisu/miniconda3/envs/lab13.1/lib/python3.9/site-packages/airflow/example_dags/example_time_delta_sensor_async.py
[2024-12-07T03:36:32.639-0300] {processor.py:925} INFO - DAG(s) 'example_time_delta_sensor_async' retrieved from /home/crisu/miniconda3/envs/lab13.1/lib/python3.9/site-packages/airflow/example_dags/example_time_delta_sensor_async.py
[2024-12-07T03:36:32.652-0300] {logging_mixin.py:190} INFO - [2024-12-07T03:36:32.652-0300] {dag.py:3239} INFO - Sync 1 DAGs
[2024-12-07T03:36:32.662-0300] {logging_mixin.py:190} INFO - [2024-12-07T03:36:32.662-0300] {dag.py:4180} INFO - Setting next_dagrun for example_time_delta_sensor_async to None, run_after=None
[2024-12-07T03:36:33.184-0300] {processor.py:208} INFO - Processing /home/crisu/miniconda3/envs/lab13.1/lib/python3.9/site-packages/airflow/example_dags/example_time_delta_sensor_async.py took 0.583 seconds
[2024-12-07T03:37:35.785-0300] {processor.py:186} INFO - Started process (PID=44943) to work on /home/crisu/miniconda3/envs/lab13.1/lib/python3.9/site-packages/airflow/example_dags/example_time_delta_sensor_async.py
[2024-12-07T03:37:35.791-0300] {processor.py:914} INFO - Processing file /home/crisu/miniconda3/envs/lab13.1/lib/python3.9/site-packages/airflow/example_dags/example_time_delta_sensor_async.py for tasks to queue
[2024-12-07T03:37:35.792-0300] {logging_mixin.py:190} INFO - [2024-12-07T03:37:35.792-0300] {dagbag.py:588} INFO - Filling up the DagBag from /home/crisu/miniconda3/envs/lab13.1/lib/python3.9/site-packages/airflow/example_dags/example_time_delta_sensor_async.py
[2024-12-07T03:37:35.797-0300] {processor.py:925} INFO - DAG(s) 'example_time_delta_sensor_async' retrieved from /home/crisu/miniconda3/envs/lab13.1/lib/python3.9/site-packages/airflow/example_dags/example_time_delta_sensor_async.py
[2024-12-07T03:37:35.810-0300] {logging_mixin.py:190} INFO - [2024-12-07T03:37:35.810-0300] {dag.py:3239} INFO - Sync 1 DAGs
[2024-12-07T03:37:35.820-0300] {logging_mixin.py:190} INFO - [2024-12-07T03:37:35.820-0300] {dag.py:4180} INFO - Setting next_dagrun for example_time_delta_sensor_async to None, run_after=None
[2024-12-07T03:37:35.903-0300] {processor.py:208} INFO - Processing /home/crisu/miniconda3/envs/lab13.1/lib/python3.9/site-packages/airflow/example_dags/example_time_delta_sensor_async.py took 0.124 seconds
[2024-12-07T03:38:31.246-0300] {processor.py:186} INFO - Started process (PID=45031) to work on /home/crisu/miniconda3/envs/lab13.1/lib/python3.9/site-packages/airflow/example_dags/example_time_delta_sensor_async.py
[2024-12-07T03:38:31.260-0300] {processor.py:914} INFO - Processing file /home/crisu/miniconda3/envs/lab13.1/lib/python3.9/site-packages/airflow/example_dags/example_time_delta_sensor_async.py for tasks to queue
[2024-12-07T03:38:31.261-0300] {logging_mixin.py:190} INFO - [2024-12-07T03:38:31.261-0300] {dagbag.py:588} INFO - Filling up the DagBag from /home/crisu/miniconda3/envs/lab13.1/lib/python3.9/site-packages/airflow/example_dags/example_time_delta_sensor_async.py
[2024-12-07T03:38:31.266-0300] {processor.py:925} INFO - DAG(s) 'example_time_delta_sensor_async' retrieved from /home/crisu/miniconda3/envs/lab13.1/lib/python3.9/site-packages/airflow/example_dags/example_time_delta_sensor_async.py
[2024-12-07T03:38:31.280-0300] {logging_mixin.py:190} INFO - [2024-12-07T03:38:31.279-0300] {dag.py:3239} INFO - Sync 1 DAGs
[2024-12-07T03:38:31.290-0300] {logging_mixin.py:190} INFO - [2024-12-07T03:38:31.290-0300] {dag.py:4180} INFO - Setting next_dagrun for example_time_delta_sensor_async to None, run_after=None
[2024-12-07T03:38:31.354-0300] {processor.py:208} INFO - Processing /home/crisu/miniconda3/envs/lab13.1/lib/python3.9/site-packages/airflow/example_dags/example_time_delta_sensor_async.py took 0.113 seconds
[2024-12-07T03:39:48.635-0300] {processor.py:186} INFO - Started process (PID=45192) to work on /home/crisu/miniconda3/envs/lab13.1/lib/python3.9/site-packages/airflow/example_dags/example_time_delta_sensor_async.py
[2024-12-07T03:39:48.649-0300] {processor.py:914} INFO - Processing file /home/crisu/miniconda3/envs/lab13.1/lib/python3.9/site-packages/airflow/example_dags/example_time_delta_sensor_async.py for tasks to queue
[2024-12-07T03:39:48.650-0300] {logging_mixin.py:190} INFO - [2024-12-07T03:39:48.650-0300] {dagbag.py:588} INFO - Filling up the DagBag from /home/crisu/miniconda3/envs/lab13.1/lib/python3.9/site-packages/airflow/example_dags/example_time_delta_sensor_async.py
[2024-12-07T03:39:48.656-0300] {processor.py:925} INFO - DAG(s) 'example_time_delta_sensor_async' retrieved from /home/crisu/miniconda3/envs/lab13.1/lib/python3.9/site-packages/airflow/example_dags/example_time_delta_sensor_async.py
[2024-12-07T03:39:48.671-0300] {logging_mixin.py:190} INFO - [2024-12-07T03:39:48.671-0300] {dag.py:3239} INFO - Sync 1 DAGs
[2024-12-07T03:39:48.683-0300] {logging_mixin.py:190} INFO - [2024-12-07T03:39:48.683-0300] {dag.py:4180} INFO - Setting next_dagrun for example_time_delta_sensor_async to None, run_after=None
[2024-12-07T03:39:48.790-0300] {processor.py:208} INFO - Processing /home/crisu/miniconda3/envs/lab13.1/lib/python3.9/site-packages/airflow/example_dags/example_time_delta_sensor_async.py took 0.162 seconds
[2024-12-07T03:41:02.144-0300] {processor.py:186} INFO - Started process (PID=45335) to work on /home/crisu/miniconda3/envs/lab13.1/lib/python3.9/site-packages/airflow/example_dags/example_time_delta_sensor_async.py
[2024-12-07T03:41:02.153-0300] {processor.py:914} INFO - Processing file /home/crisu/miniconda3/envs/lab13.1/lib/python3.9/site-packages/airflow/example_dags/example_time_delta_sensor_async.py for tasks to queue
[2024-12-07T03:41:02.155-0300] {logging_mixin.py:190} INFO - [2024-12-07T03:41:02.154-0300] {dagbag.py:588} INFO - Filling up the DagBag from /home/crisu/miniconda3/envs/lab13.1/lib/python3.9/site-packages/airflow/example_dags/example_time_delta_sensor_async.py
[2024-12-07T03:41:02.160-0300] {processor.py:925} INFO - DAG(s) 'example_time_delta_sensor_async' retrieved from /home/crisu/miniconda3/envs/lab13.1/lib/python3.9/site-packages/airflow/example_dags/example_time_delta_sensor_async.py
[2024-12-07T03:41:02.175-0300] {logging_mixin.py:190} INFO - [2024-12-07T03:41:02.174-0300] {dag.py:3239} INFO - Sync 1 DAGs
[2024-12-07T03:41:02.185-0300] {logging_mixin.py:190} INFO - [2024-12-07T03:41:02.185-0300] {dag.py:4180} INFO - Setting next_dagrun for example_time_delta_sensor_async to None, run_after=None
[2024-12-07T03:41:02.241-0300] {processor.py:208} INFO - Processing /home/crisu/miniconda3/envs/lab13.1/lib/python3.9/site-packages/airflow/example_dags/example_time_delta_sensor_async.py took 0.101 seconds
[2024-12-07T03:43:53.674-0300] {processor.py:186} INFO - Started process (PID=45834) to work on /home/crisu/miniconda3/envs/lab13.1/lib/python3.9/site-packages/airflow/example_dags/example_time_delta_sensor_async.py
[2024-12-07T03:43:53.694-0300] {processor.py:914} INFO - Processing file /home/crisu/miniconda3/envs/lab13.1/lib/python3.9/site-packages/airflow/example_dags/example_time_delta_sensor_async.py for tasks to queue
[2024-12-07T03:43:53.696-0300] {logging_mixin.py:190} INFO - [2024-12-07T03:43:53.696-0300] {dagbag.py:588} INFO - Filling up the DagBag from /home/crisu/miniconda3/envs/lab13.1/lib/python3.9/site-packages/airflow/example_dags/example_time_delta_sensor_async.py
[2024-12-07T03:43:53.702-0300] {processor.py:925} INFO - DAG(s) 'example_time_delta_sensor_async' retrieved from /home/crisu/miniconda3/envs/lab13.1/lib/python3.9/site-packages/airflow/example_dags/example_time_delta_sensor_async.py
[2024-12-07T03:43:53.721-0300] {logging_mixin.py:190} INFO - [2024-12-07T03:43:53.721-0300] {dag.py:3239} INFO - Sync 1 DAGs
[2024-12-07T03:43:53.734-0300] {logging_mixin.py:190} INFO - [2024-12-07T03:43:53.733-0300] {dag.py:4180} INFO - Setting next_dagrun for example_time_delta_sensor_async to None, run_after=None
[2024-12-07T03:43:53.802-0300] {processor.py:208} INFO - Processing /home/crisu/miniconda3/envs/lab13.1/lib/python3.9/site-packages/airflow/example_dags/example_time_delta_sensor_async.py took 0.134 seconds
[2024-12-07T03:47:54.773-0300] {processor.py:186} INFO - Started process (PID=46620) to work on /home/crisu/miniconda3/envs/lab13.1/lib/python3.9/site-packages/airflow/example_dags/example_time_delta_sensor_async.py
[2024-12-07T03:47:54.806-0300] {processor.py:914} INFO - Processing file /home/crisu/miniconda3/envs/lab13.1/lib/python3.9/site-packages/airflow/example_dags/example_time_delta_sensor_async.py for tasks to queue
[2024-12-07T03:47:54.813-0300] {logging_mixin.py:190} INFO - [2024-12-07T03:47:54.812-0300] {dagbag.py:588} INFO - Filling up the DagBag from /home/crisu/miniconda3/envs/lab13.1/lib/python3.9/site-packages/airflow/example_dags/example_time_delta_sensor_async.py
[2024-12-07T03:47:54.826-0300] {processor.py:925} INFO - DAG(s) 'example_time_delta_sensor_async' retrieved from /home/crisu/miniconda3/envs/lab13.1/lib/python3.9/site-packages/airflow/example_dags/example_time_delta_sensor_async.py
[2024-12-07T03:47:54.846-0300] {logging_mixin.py:190} INFO - [2024-12-07T03:47:54.846-0300] {dag.py:3239} INFO - Sync 1 DAGs
[2024-12-07T03:47:54.865-0300] {logging_mixin.py:190} INFO - [2024-12-07T03:47:54.864-0300] {dag.py:4180} INFO - Setting next_dagrun for example_time_delta_sensor_async to None, run_after=None
[2024-12-07T03:47:56.050-0300] {processor.py:208} INFO - Processing /home/crisu/miniconda3/envs/lab13.1/lib/python3.9/site-packages/airflow/example_dags/example_time_delta_sensor_async.py took 1.285 seconds
[2024-12-07T03:49:55.563-0300] {processor.py:186} INFO - Started process (PID=46900) to work on /home/crisu/miniconda3/envs/lab13.1/lib/python3.9/site-packages/airflow/example_dags/example_time_delta_sensor_async.py
[2024-12-07T03:49:55.598-0300] {processor.py:914} INFO - Processing file /home/crisu/miniconda3/envs/lab13.1/lib/python3.9/site-packages/airflow/example_dags/example_time_delta_sensor_async.py for tasks to queue
[2024-12-07T03:49:55.600-0300] {logging_mixin.py:190} INFO - [2024-12-07T03:49:55.600-0300] {dagbag.py:588} INFO - Filling up the DagBag from /home/crisu/miniconda3/envs/lab13.1/lib/python3.9/site-packages/airflow/example_dags/example_time_delta_sensor_async.py
[2024-12-07T03:49:55.606-0300] {processor.py:925} INFO - DAG(s) 'example_time_delta_sensor_async' retrieved from /home/crisu/miniconda3/envs/lab13.1/lib/python3.9/site-packages/airflow/example_dags/example_time_delta_sensor_async.py
[2024-12-07T03:49:55.622-0300] {logging_mixin.py:190} INFO - [2024-12-07T03:49:55.622-0300] {dag.py:3239} INFO - Sync 1 DAGs
[2024-12-07T03:49:55.634-0300] {logging_mixin.py:190} INFO - [2024-12-07T03:49:55.634-0300] {dag.py:4180} INFO - Setting next_dagrun for example_time_delta_sensor_async to None, run_after=None
[2024-12-07T03:49:56.625-0300] {processor.py:208} INFO - Processing /home/crisu/miniconda3/envs/lab13.1/lib/python3.9/site-packages/airflow/example_dags/example_time_delta_sensor_async.py took 1.068 seconds
[2024-12-07T03:51:24.840-0300] {processor.py:186} INFO - Started process (PID=46993) to work on /home/crisu/miniconda3/envs/lab13.1/lib/python3.9/site-packages/airflow/example_dags/example_time_delta_sensor_async.py
[2024-12-07T03:51:24.842-0300] {processor.py:914} INFO - Processing file /home/crisu/miniconda3/envs/lab13.1/lib/python3.9/site-packages/airflow/example_dags/example_time_delta_sensor_async.py for tasks to queue
[2024-12-07T03:51:24.844-0300] {logging_mixin.py:190} INFO - [2024-12-07T03:51:24.843-0300] {dagbag.py:588} INFO - Filling up the DagBag from /home/crisu/miniconda3/envs/lab13.1/lib/python3.9/site-packages/airflow/example_dags/example_time_delta_sensor_async.py
[2024-12-07T03:51:24.850-0300] {processor.py:925} INFO - DAG(s) 'example_time_delta_sensor_async' retrieved from /home/crisu/miniconda3/envs/lab13.1/lib/python3.9/site-packages/airflow/example_dags/example_time_delta_sensor_async.py
[2024-12-07T03:51:24.862-0300] {logging_mixin.py:190} INFO - [2024-12-07T03:51:24.862-0300] {dag.py:3239} INFO - Sync 1 DAGs
[2024-12-07T03:51:24.874-0300] {logging_mixin.py:190} INFO - [2024-12-07T03:51:24.873-0300] {dag.py:4180} INFO - Setting next_dagrun for example_time_delta_sensor_async to None, run_after=None
[2024-12-07T03:51:24.936-0300] {processor.py:208} INFO - Processing /home/crisu/miniconda3/envs/lab13.1/lib/python3.9/site-packages/airflow/example_dags/example_time_delta_sensor_async.py took 0.102 seconds
[2024-12-07T03:52:46.077-0300] {processor.py:186} INFO - Started process (PID=47134) to work on /home/crisu/miniconda3/envs/lab13.1/lib/python3.9/site-packages/airflow/example_dags/example_time_delta_sensor_async.py
[2024-12-07T03:52:46.081-0300] {processor.py:914} INFO - Processing file /home/crisu/miniconda3/envs/lab13.1/lib/python3.9/site-packages/airflow/example_dags/example_time_delta_sensor_async.py for tasks to queue
[2024-12-07T03:52:46.083-0300] {logging_mixin.py:190} INFO - [2024-12-07T03:52:46.083-0300] {dagbag.py:588} INFO - Filling up the DagBag from /home/crisu/miniconda3/envs/lab13.1/lib/python3.9/site-packages/airflow/example_dags/example_time_delta_sensor_async.py
[2024-12-07T03:52:46.091-0300] {processor.py:925} INFO - DAG(s) 'example_time_delta_sensor_async' retrieved from /home/crisu/miniconda3/envs/lab13.1/lib/python3.9/site-packages/airflow/example_dags/example_time_delta_sensor_async.py
[2024-12-07T03:52:46.104-0300] {logging_mixin.py:190} INFO - [2024-12-07T03:52:46.103-0300] {dag.py:3239} INFO - Sync 1 DAGs
[2024-12-07T03:52:46.115-0300] {logging_mixin.py:190} INFO - [2024-12-07T03:52:46.115-0300] {dag.py:4180} INFO - Setting next_dagrun for example_time_delta_sensor_async to None, run_after=None
[2024-12-07T03:52:46.291-0300] {processor.py:208} INFO - Processing /home/crisu/miniconda3/envs/lab13.1/lib/python3.9/site-packages/airflow/example_dags/example_time_delta_sensor_async.py took 0.221 seconds
[2024-12-07T03:54:01.435-0300] {processor.py:186} INFO - Started process (PID=47277) to work on /home/crisu/miniconda3/envs/lab13.1/lib/python3.9/site-packages/airflow/example_dags/example_time_delta_sensor_async.py
[2024-12-07T03:54:01.566-0300] {processor.py:914} INFO - Processing file /home/crisu/miniconda3/envs/lab13.1/lib/python3.9/site-packages/airflow/example_dags/example_time_delta_sensor_async.py for tasks to queue
[2024-12-07T03:54:01.568-0300] {logging_mixin.py:190} INFO - [2024-12-07T03:54:01.568-0300] {dagbag.py:588} INFO - Filling up the DagBag from /home/crisu/miniconda3/envs/lab13.1/lib/python3.9/site-packages/airflow/example_dags/example_time_delta_sensor_async.py
[2024-12-07T03:54:01.574-0300] {processor.py:925} INFO - DAG(s) 'example_time_delta_sensor_async' retrieved from /home/crisu/miniconda3/envs/lab13.1/lib/python3.9/site-packages/airflow/example_dags/example_time_delta_sensor_async.py
[2024-12-07T03:54:01.587-0300] {logging_mixin.py:190} INFO - [2024-12-07T03:54:01.587-0300] {dag.py:3239} INFO - Sync 1 DAGs
[2024-12-07T03:54:01.598-0300] {logging_mixin.py:190} INFO - [2024-12-07T03:54:01.598-0300] {dag.py:4180} INFO - Setting next_dagrun for example_time_delta_sensor_async to None, run_after=None
[2024-12-07T03:54:02.666-0300] {processor.py:208} INFO - Processing /home/crisu/miniconda3/envs/lab13.1/lib/python3.9/site-packages/airflow/example_dags/example_time_delta_sensor_async.py took 1.237 seconds
[2024-12-07T03:55:02.229-0300] {processor.py:186} INFO - Started process (PID=47392) to work on /home/crisu/miniconda3/envs/lab13.1/lib/python3.9/site-packages/airflow/example_dags/example_time_delta_sensor_async.py
[2024-12-07T03:55:02.233-0300] {processor.py:914} INFO - Processing file /home/crisu/miniconda3/envs/lab13.1/lib/python3.9/site-packages/airflow/example_dags/example_time_delta_sensor_async.py for tasks to queue
[2024-12-07T03:55:02.236-0300] {logging_mixin.py:190} INFO - [2024-12-07T03:55:02.236-0300] {dagbag.py:588} INFO - Filling up the DagBag from /home/crisu/miniconda3/envs/lab13.1/lib/python3.9/site-packages/airflow/example_dags/example_time_delta_sensor_async.py
[2024-12-07T03:55:02.242-0300] {processor.py:925} INFO - DAG(s) 'example_time_delta_sensor_async' retrieved from /home/crisu/miniconda3/envs/lab13.1/lib/python3.9/site-packages/airflow/example_dags/example_time_delta_sensor_async.py
[2024-12-07T03:55:02.257-0300] {logging_mixin.py:190} INFO - [2024-12-07T03:55:02.256-0300] {dag.py:3239} INFO - Sync 1 DAGs
[2024-12-07T03:55:02.268-0300] {logging_mixin.py:190} INFO - [2024-12-07T03:55:02.268-0300] {dag.py:4180} INFO - Setting next_dagrun for example_time_delta_sensor_async to None, run_after=None
[2024-12-07T03:55:02.691-0300] {processor.py:208} INFO - Processing /home/crisu/miniconda3/envs/lab13.1/lib/python3.9/site-packages/airflow/example_dags/example_time_delta_sensor_async.py took 0.468 seconds
[2024-12-07T03:56:09.599-0300] {processor.py:186} INFO - Started process (PID=47548) to work on /home/crisu/miniconda3/envs/lab13.1/lib/python3.9/site-packages/airflow/example_dags/example_time_delta_sensor_async.py
[2024-12-07T03:56:09.616-0300] {processor.py:914} INFO - Processing file /home/crisu/miniconda3/envs/lab13.1/lib/python3.9/site-packages/airflow/example_dags/example_time_delta_sensor_async.py for tasks to queue
[2024-12-07T03:56:09.619-0300] {logging_mixin.py:190} INFO - [2024-12-07T03:56:09.619-0300] {dagbag.py:588} INFO - Filling up the DagBag from /home/crisu/miniconda3/envs/lab13.1/lib/python3.9/site-packages/airflow/example_dags/example_time_delta_sensor_async.py
[2024-12-07T03:56:09.627-0300] {processor.py:925} INFO - DAG(s) 'example_time_delta_sensor_async' retrieved from /home/crisu/miniconda3/envs/lab13.1/lib/python3.9/site-packages/airflow/example_dags/example_time_delta_sensor_async.py
[2024-12-07T03:56:09.644-0300] {logging_mixin.py:190} INFO - [2024-12-07T03:56:09.643-0300] {dag.py:3239} INFO - Sync 1 DAGs
[2024-12-07T03:56:09.660-0300] {logging_mixin.py:190} INFO - [2024-12-07T03:56:09.660-0300] {dag.py:4180} INFO - Setting next_dagrun for example_time_delta_sensor_async to None, run_after=None
[2024-12-07T03:56:09.759-0300] {processor.py:208} INFO - Processing /home/crisu/miniconda3/envs/lab13.1/lib/python3.9/site-packages/airflow/example_dags/example_time_delta_sensor_async.py took 0.167 seconds
[2024-12-07T03:57:00.994-0300] {processor.py:186} INFO - Started process (PID=47643) to work on /home/crisu/miniconda3/envs/lab13.1/lib/python3.9/site-packages/airflow/example_dags/example_time_delta_sensor_async.py
[2024-12-07T03:57:01.003-0300] {processor.py:914} INFO - Processing file /home/crisu/miniconda3/envs/lab13.1/lib/python3.9/site-packages/airflow/example_dags/example_time_delta_sensor_async.py for tasks to queue
[2024-12-07T03:57:01.005-0300] {logging_mixin.py:190} INFO - [2024-12-07T03:57:01.005-0300] {dagbag.py:588} INFO - Filling up the DagBag from /home/crisu/miniconda3/envs/lab13.1/lib/python3.9/site-packages/airflow/example_dags/example_time_delta_sensor_async.py
[2024-12-07T03:57:01.011-0300] {processor.py:925} INFO - DAG(s) 'example_time_delta_sensor_async' retrieved from /home/crisu/miniconda3/envs/lab13.1/lib/python3.9/site-packages/airflow/example_dags/example_time_delta_sensor_async.py
[2024-12-07T03:57:01.025-0300] {logging_mixin.py:190} INFO - [2024-12-07T03:57:01.024-0300] {dag.py:3239} INFO - Sync 1 DAGs
[2024-12-07T03:57:01.036-0300] {logging_mixin.py:190} INFO - [2024-12-07T03:57:01.036-0300] {dag.py:4180} INFO - Setting next_dagrun for example_time_delta_sensor_async to None, run_after=None
[2024-12-07T03:57:01.096-0300] {processor.py:208} INFO - Processing /home/crisu/miniconda3/envs/lab13.1/lib/python3.9/site-packages/airflow/example_dags/example_time_delta_sensor_async.py took 0.107 seconds
[2024-12-07T03:58:18.350-0300] {processor.py:186} INFO - Started process (PID=47788) to work on /home/crisu/miniconda3/envs/lab13.1/lib/python3.9/site-packages/airflow/example_dags/example_time_delta_sensor_async.py
[2024-12-07T03:58:18.363-0300] {processor.py:914} INFO - Processing file /home/crisu/miniconda3/envs/lab13.1/lib/python3.9/site-packages/airflow/example_dags/example_time_delta_sensor_async.py for tasks to queue
[2024-12-07T03:58:18.366-0300] {logging_mixin.py:190} INFO - [2024-12-07T03:58:18.366-0300] {dagbag.py:588} INFO - Filling up the DagBag from /home/crisu/miniconda3/envs/lab13.1/lib/python3.9/site-packages/airflow/example_dags/example_time_delta_sensor_async.py
[2024-12-07T03:58:18.373-0300] {processor.py:925} INFO - DAG(s) 'example_time_delta_sensor_async' retrieved from /home/crisu/miniconda3/envs/lab13.1/lib/python3.9/site-packages/airflow/example_dags/example_time_delta_sensor_async.py
[2024-12-07T03:58:18.390-0300] {logging_mixin.py:190} INFO - [2024-12-07T03:58:18.390-0300] {dag.py:3239} INFO - Sync 1 DAGs
[2024-12-07T03:58:18.403-0300] {logging_mixin.py:190} INFO - [2024-12-07T03:58:18.403-0300] {dag.py:4180} INFO - Setting next_dagrun for example_time_delta_sensor_async to None, run_after=None
[2024-12-07T03:58:18.469-0300] {processor.py:208} INFO - Processing /home/crisu/miniconda3/envs/lab13.1/lib/python3.9/site-packages/airflow/example_dags/example_time_delta_sensor_async.py took 0.126 seconds
[2024-12-07T04:00:14.238-0300] {processor.py:186} INFO - Started process (PID=48038) to work on /home/crisu/miniconda3/envs/lab13.1/lib/python3.9/site-packages/airflow/example_dags/example_time_delta_sensor_async.py
[2024-12-07T04:00:14.243-0300] {processor.py:914} INFO - Processing file /home/crisu/miniconda3/envs/lab13.1/lib/python3.9/site-packages/airflow/example_dags/example_time_delta_sensor_async.py for tasks to queue
[2024-12-07T04:00:14.245-0300] {logging_mixin.py:190} INFO - [2024-12-07T04:00:14.245-0300] {dagbag.py:588} INFO - Filling up the DagBag from /home/crisu/miniconda3/envs/lab13.1/lib/python3.9/site-packages/airflow/example_dags/example_time_delta_sensor_async.py
[2024-12-07T04:00:14.251-0300] {processor.py:925} INFO - DAG(s) 'example_time_delta_sensor_async' retrieved from /home/crisu/miniconda3/envs/lab13.1/lib/python3.9/site-packages/airflow/example_dags/example_time_delta_sensor_async.py
[2024-12-07T04:00:14.264-0300] {logging_mixin.py:190} INFO - [2024-12-07T04:00:14.264-0300] {dag.py:3239} INFO - Sync 1 DAGs
[2024-12-07T04:00:14.275-0300] {logging_mixin.py:190} INFO - [2024-12-07T04:00:14.275-0300] {dag.py:4180} INFO - Setting next_dagrun for example_time_delta_sensor_async to None, run_after=None
[2024-12-07T04:00:14.329-0300] {processor.py:208} INFO - Processing /home/crisu/miniconda3/envs/lab13.1/lib/python3.9/site-packages/airflow/example_dags/example_time_delta_sensor_async.py took 0.096 seconds
[2024-12-07T04:01:28.312-0300] {processor.py:186} INFO - Started process (PID=48187) to work on /home/crisu/miniconda3/envs/lab13.1/lib/python3.9/site-packages/airflow/example_dags/example_time_delta_sensor_async.py
[2024-12-07T04:01:28.326-0300] {processor.py:914} INFO - Processing file /home/crisu/miniconda3/envs/lab13.1/lib/python3.9/site-packages/airflow/example_dags/example_time_delta_sensor_async.py for tasks to queue
[2024-12-07T04:01:28.328-0300] {logging_mixin.py:190} INFO - [2024-12-07T04:01:28.327-0300] {dagbag.py:588} INFO - Filling up the DagBag from /home/crisu/miniconda3/envs/lab13.1/lib/python3.9/site-packages/airflow/example_dags/example_time_delta_sensor_async.py
[2024-12-07T04:01:28.334-0300] {processor.py:925} INFO - DAG(s) 'example_time_delta_sensor_async' retrieved from /home/crisu/miniconda3/envs/lab13.1/lib/python3.9/site-packages/airflow/example_dags/example_time_delta_sensor_async.py
[2024-12-07T04:01:28.348-0300] {logging_mixin.py:190} INFO - [2024-12-07T04:01:28.347-0300] {dag.py:3239} INFO - Sync 1 DAGs
[2024-12-07T04:01:28.362-0300] {logging_mixin.py:190} INFO - [2024-12-07T04:01:28.361-0300] {dag.py:4180} INFO - Setting next_dagrun for example_time_delta_sensor_async to None, run_after=None
[2024-12-07T04:01:28.416-0300] {processor.py:208} INFO - Processing /home/crisu/miniconda3/envs/lab13.1/lib/python3.9/site-packages/airflow/example_dags/example_time_delta_sensor_async.py took 0.109 seconds
[2024-12-07T04:07:07.561-0300] {processor.py:186} INFO - Started process (PID=49114) to work on /home/crisu/miniconda3/envs/lab13.1/lib/python3.9/site-packages/airflow/example_dags/example_time_delta_sensor_async.py
[2024-12-07T04:07:07.562-0300] {processor.py:914} INFO - Processing file /home/crisu/miniconda3/envs/lab13.1/lib/python3.9/site-packages/airflow/example_dags/example_time_delta_sensor_async.py for tasks to queue
[2024-12-07T04:07:07.563-0300] {logging_mixin.py:190} INFO - [2024-12-07T04:07:07.562-0300] {dagbag.py:588} INFO - Filling up the DagBag from /home/crisu/miniconda3/envs/lab13.1/lib/python3.9/site-packages/airflow/example_dags/example_time_delta_sensor_async.py
[2024-12-07T04:07:07.567-0300] {processor.py:925} INFO - DAG(s) 'example_time_delta_sensor_async' retrieved from /home/crisu/miniconda3/envs/lab13.1/lib/python3.9/site-packages/airflow/example_dags/example_time_delta_sensor_async.py
[2024-12-07T04:07:07.587-0300] {logging_mixin.py:190} INFO - [2024-12-07T04:07:07.587-0300] {dag.py:3239} INFO - Sync 1 DAGs
[2024-12-07T04:07:07.597-0300] {logging_mixin.py:190} INFO - [2024-12-07T04:07:07.596-0300] {dag.py:4180} INFO - Setting next_dagrun for example_time_delta_sensor_async to None, run_after=None
[2024-12-07T04:07:08.027-0300] {processor.py:208} INFO - Processing /home/crisu/miniconda3/envs/lab13.1/lib/python3.9/site-packages/airflow/example_dags/example_time_delta_sensor_async.py took 0.472 seconds
[2024-12-07T04:08:41.443-0300] {processor.py:186} INFO - Started process (PID=49356) to work on /home/crisu/miniconda3/envs/lab13.1/lib/python3.9/site-packages/airflow/example_dags/example_time_delta_sensor_async.py
[2024-12-07T04:08:41.546-0300] {processor.py:914} INFO - Processing file /home/crisu/miniconda3/envs/lab13.1/lib/python3.9/site-packages/airflow/example_dags/example_time_delta_sensor_async.py for tasks to queue
[2024-12-07T04:08:41.548-0300] {logging_mixin.py:190} INFO - [2024-12-07T04:08:41.547-0300] {dagbag.py:588} INFO - Filling up the DagBag from /home/crisu/miniconda3/envs/lab13.1/lib/python3.9/site-packages/airflow/example_dags/example_time_delta_sensor_async.py
[2024-12-07T04:08:41.553-0300] {processor.py:925} INFO - DAG(s) 'example_time_delta_sensor_async' retrieved from /home/crisu/miniconda3/envs/lab13.1/lib/python3.9/site-packages/airflow/example_dags/example_time_delta_sensor_async.py
[2024-12-07T04:08:41.566-0300] {logging_mixin.py:190} INFO - [2024-12-07T04:08:41.565-0300] {dag.py:3239} INFO - Sync 1 DAGs
[2024-12-07T04:08:41.578-0300] {logging_mixin.py:190} INFO - [2024-12-07T04:08:41.578-0300] {dag.py:4180} INFO - Setting next_dagrun for example_time_delta_sensor_async to None, run_after=None
[2024-12-07T04:08:43.072-0300] {processor.py:208} INFO - Processing /home/crisu/miniconda3/envs/lab13.1/lib/python3.9/site-packages/airflow/example_dags/example_time_delta_sensor_async.py took 1.635 seconds
[2024-12-07T04:09:42.482-0300] {processor.py:186} INFO - Started process (PID=49451) to work on /home/crisu/miniconda3/envs/lab13.1/lib/python3.9/site-packages/airflow/example_dags/example_time_delta_sensor_async.py
[2024-12-07T04:09:42.495-0300] {processor.py:914} INFO - Processing file /home/crisu/miniconda3/envs/lab13.1/lib/python3.9/site-packages/airflow/example_dags/example_time_delta_sensor_async.py for tasks to queue
[2024-12-07T04:09:42.497-0300] {logging_mixin.py:190} INFO - [2024-12-07T04:09:42.496-0300] {dagbag.py:588} INFO - Filling up the DagBag from /home/crisu/miniconda3/envs/lab13.1/lib/python3.9/site-packages/airflow/example_dags/example_time_delta_sensor_async.py
[2024-12-07T04:09:42.502-0300] {processor.py:925} INFO - DAG(s) 'example_time_delta_sensor_async' retrieved from /home/crisu/miniconda3/envs/lab13.1/lib/python3.9/site-packages/airflow/example_dags/example_time_delta_sensor_async.py
[2024-12-07T04:09:42.515-0300] {logging_mixin.py:190} INFO - [2024-12-07T04:09:42.515-0300] {dag.py:3239} INFO - Sync 1 DAGs
[2024-12-07T04:09:42.525-0300] {logging_mixin.py:190} INFO - [2024-12-07T04:09:42.525-0300] {dag.py:4180} INFO - Setting next_dagrun for example_time_delta_sensor_async to None, run_after=None
[2024-12-07T04:09:42.583-0300] {processor.py:208} INFO - Processing /home/crisu/miniconda3/envs/lab13.1/lib/python3.9/site-packages/airflow/example_dags/example_time_delta_sensor_async.py took 0.106 seconds
[2024-12-07T04:10:45.902-0300] {processor.py:186} INFO - Started process (PID=49525) to work on /home/crisu/miniconda3/envs/lab13.1/lib/python3.9/site-packages/airflow/example_dags/example_time_delta_sensor_async.py
[2024-12-07T04:10:45.922-0300] {processor.py:914} INFO - Processing file /home/crisu/miniconda3/envs/lab13.1/lib/python3.9/site-packages/airflow/example_dags/example_time_delta_sensor_async.py for tasks to queue
[2024-12-07T04:10:45.924-0300] {logging_mixin.py:190} INFO - [2024-12-07T04:10:45.923-0300] {dagbag.py:588} INFO - Filling up the DagBag from /home/crisu/miniconda3/envs/lab13.1/lib/python3.9/site-packages/airflow/example_dags/example_time_delta_sensor_async.py
[2024-12-07T04:10:45.930-0300] {processor.py:925} INFO - DAG(s) 'example_time_delta_sensor_async' retrieved from /home/crisu/miniconda3/envs/lab13.1/lib/python3.9/site-packages/airflow/example_dags/example_time_delta_sensor_async.py
[2024-12-07T04:10:45.943-0300] {logging_mixin.py:190} INFO - [2024-12-07T04:10:45.943-0300] {dag.py:3239} INFO - Sync 1 DAGs
[2024-12-07T04:10:45.954-0300] {logging_mixin.py:190} INFO - [2024-12-07T04:10:45.954-0300] {dag.py:4180} INFO - Setting next_dagrun for example_time_delta_sensor_async to None, run_after=None
[2024-12-07T04:10:46.609-0300] {processor.py:208} INFO - Processing /home/crisu/miniconda3/envs/lab13.1/lib/python3.9/site-packages/airflow/example_dags/example_time_delta_sensor_async.py took 0.712 seconds
[2024-12-07T04:11:45.350-0300] {processor.py:186} INFO - Started process (PID=49622) to work on /home/crisu/miniconda3/envs/lab13.1/lib/python3.9/site-packages/airflow/example_dags/example_time_delta_sensor_async.py
[2024-12-07T04:11:45.362-0300] {processor.py:914} INFO - Processing file /home/crisu/miniconda3/envs/lab13.1/lib/python3.9/site-packages/airflow/example_dags/example_time_delta_sensor_async.py for tasks to queue
[2024-12-07T04:11:45.363-0300] {logging_mixin.py:190} INFO - [2024-12-07T04:11:45.363-0300] {dagbag.py:588} INFO - Filling up the DagBag from /home/crisu/miniconda3/envs/lab13.1/lib/python3.9/site-packages/airflow/example_dags/example_time_delta_sensor_async.py
[2024-12-07T04:11:45.368-0300] {processor.py:925} INFO - DAG(s) 'example_time_delta_sensor_async' retrieved from /home/crisu/miniconda3/envs/lab13.1/lib/python3.9/site-packages/airflow/example_dags/example_time_delta_sensor_async.py
[2024-12-07T04:11:45.382-0300] {logging_mixin.py:190} INFO - [2024-12-07T04:11:45.381-0300] {dag.py:3239} INFO - Sync 1 DAGs
[2024-12-07T04:11:45.392-0300] {logging_mixin.py:190} INFO - [2024-12-07T04:11:45.392-0300] {dag.py:4180} INFO - Setting next_dagrun for example_time_delta_sensor_async to None, run_after=None
[2024-12-07T04:11:45.454-0300] {processor.py:208} INFO - Processing /home/crisu/miniconda3/envs/lab13.1/lib/python3.9/site-packages/airflow/example_dags/example_time_delta_sensor_async.py took 0.109 seconds
[2024-12-07T04:12:35.702-0300] {processor.py:186} INFO - Started process (PID=49710) to work on /home/crisu/miniconda3/envs/lab13.1/lib/python3.9/site-packages/airflow/example_dags/example_time_delta_sensor_async.py
[2024-12-07T04:12:35.708-0300] {processor.py:914} INFO - Processing file /home/crisu/miniconda3/envs/lab13.1/lib/python3.9/site-packages/airflow/example_dags/example_time_delta_sensor_async.py for tasks to queue
[2024-12-07T04:12:35.710-0300] {logging_mixin.py:190} INFO - [2024-12-07T04:12:35.709-0300] {dagbag.py:588} INFO - Filling up the DagBag from /home/crisu/miniconda3/envs/lab13.1/lib/python3.9/site-packages/airflow/example_dags/example_time_delta_sensor_async.py
[2024-12-07T04:12:35.714-0300] {processor.py:925} INFO - DAG(s) 'example_time_delta_sensor_async' retrieved from /home/crisu/miniconda3/envs/lab13.1/lib/python3.9/site-packages/airflow/example_dags/example_time_delta_sensor_async.py
[2024-12-07T04:12:35.728-0300] {logging_mixin.py:190} INFO - [2024-12-07T04:12:35.727-0300] {dag.py:3239} INFO - Sync 1 DAGs
[2024-12-07T04:12:35.737-0300] {logging_mixin.py:190} INFO - [2024-12-07T04:12:35.737-0300] {dag.py:4180} INFO - Setting next_dagrun for example_time_delta_sensor_async to None, run_after=None
[2024-12-07T04:12:35.792-0300] {processor.py:208} INFO - Processing /home/crisu/miniconda3/envs/lab13.1/lib/python3.9/site-packages/airflow/example_dags/example_time_delta_sensor_async.py took 0.095 seconds
[2024-12-07T04:13:52.377-0300] {processor.py:186} INFO - Started process (PID=49864) to work on /home/crisu/miniconda3/envs/lab13.1/lib/python3.9/site-packages/airflow/example_dags/example_time_delta_sensor_async.py
[2024-12-07T04:13:52.384-0300] {processor.py:914} INFO - Processing file /home/crisu/miniconda3/envs/lab13.1/lib/python3.9/site-packages/airflow/example_dags/example_time_delta_sensor_async.py for tasks to queue
[2024-12-07T04:13:52.385-0300] {logging_mixin.py:190} INFO - [2024-12-07T04:13:52.385-0300] {dagbag.py:588} INFO - Filling up the DagBag from /home/crisu/miniconda3/envs/lab13.1/lib/python3.9/site-packages/airflow/example_dags/example_time_delta_sensor_async.py
[2024-12-07T04:13:52.390-0300] {processor.py:925} INFO - DAG(s) 'example_time_delta_sensor_async' retrieved from /home/crisu/miniconda3/envs/lab13.1/lib/python3.9/site-packages/airflow/example_dags/example_time_delta_sensor_async.py
[2024-12-07T04:13:52.402-0300] {logging_mixin.py:190} INFO - [2024-12-07T04:13:52.402-0300] {dag.py:3239} INFO - Sync 1 DAGs
[2024-12-07T04:13:52.414-0300] {logging_mixin.py:190} INFO - [2024-12-07T04:13:52.413-0300] {dag.py:4180} INFO - Setting next_dagrun for example_time_delta_sensor_async to None, run_after=None
[2024-12-07T04:13:52.470-0300] {processor.py:208} INFO - Processing /home/crisu/miniconda3/envs/lab13.1/lib/python3.9/site-packages/airflow/example_dags/example_time_delta_sensor_async.py took 0.099 seconds
[2024-12-07T04:15:10.046-0300] {processor.py:186} INFO - Started process (PID=49995) to work on /home/crisu/miniconda3/envs/lab13.1/lib/python3.9/site-packages/airflow/example_dags/example_time_delta_sensor_async.py
[2024-12-07T04:15:10.051-0300] {processor.py:914} INFO - Processing file /home/crisu/miniconda3/envs/lab13.1/lib/python3.9/site-packages/airflow/example_dags/example_time_delta_sensor_async.py for tasks to queue
[2024-12-07T04:15:10.052-0300] {logging_mixin.py:190} INFO - [2024-12-07T04:15:10.052-0300] {dagbag.py:588} INFO - Filling up the DagBag from /home/crisu/miniconda3/envs/lab13.1/lib/python3.9/site-packages/airflow/example_dags/example_time_delta_sensor_async.py
[2024-12-07T04:15:10.057-0300] {processor.py:925} INFO - DAG(s) 'example_time_delta_sensor_async' retrieved from /home/crisu/miniconda3/envs/lab13.1/lib/python3.9/site-packages/airflow/example_dags/example_time_delta_sensor_async.py
[2024-12-07T04:15:10.070-0300] {logging_mixin.py:190} INFO - [2024-12-07T04:15:10.070-0300] {dag.py:3239} INFO - Sync 1 DAGs
[2024-12-07T04:15:10.080-0300] {logging_mixin.py:190} INFO - [2024-12-07T04:15:10.080-0300] {dag.py:4180} INFO - Setting next_dagrun for example_time_delta_sensor_async to None, run_after=None
[2024-12-07T04:15:10.137-0300] {processor.py:208} INFO - Processing /home/crisu/miniconda3/envs/lab13.1/lib/python3.9/site-packages/airflow/example_dags/example_time_delta_sensor_async.py took 0.096 seconds
