[2024-12-07T01:54:40.735-0300] {processor.py:186} INFO - Started process (PID=34122) to work on /home/crisu/miniconda3/envs/lab13.1/lib/python3.9/site-packages/airflow/example_dags/example_latest_only.py
[2024-12-07T01:54:40.736-0300] {processor.py:914} INFO - Processing file /home/crisu/miniconda3/envs/lab13.1/lib/python3.9/site-packages/airflow/example_dags/example_latest_only.py for tasks to queue
[2024-12-07T01:54:40.738-0300] {logging_mixin.py:190} INFO - [2024-12-07T01:54:40.738-0300] {dagbag.py:588} INFO - Filling up the DagBag from /home/crisu/miniconda3/envs/lab13.1/lib/python3.9/site-packages/airflow/example_dags/example_latest_only.py
[2024-12-07T01:54:40.744-0300] {processor.py:925} INFO - DAG(s) 'latest_only' retrieved from /home/crisu/miniconda3/envs/lab13.1/lib/python3.9/site-packages/airflow/example_dags/example_latest_only.py
[2024-12-07T01:54:42.687-0300] {logging_mixin.py:190} INFO - [2024-12-07T01:54:42.686-0300] {override.py:1911} INFO - Created Permission View: can delete on DAG:latest_only
[2024-12-07T01:54:43.408-0300] {logging_mixin.py:190} INFO - [2024-12-07T01:54:43.407-0300] {override.py:1911} INFO - Created Permission View: can edit on DAG:latest_only
[2024-12-07T01:54:44.416-0300] {logging_mixin.py:190} INFO - [2024-12-07T01:54:44.415-0300] {override.py:1911} INFO - Created Permission View: can read on DAG:latest_only
[2024-12-07T01:54:45.892-0300] {logging_mixin.py:190} INFO - [2024-12-07T01:54:45.891-0300] {override.py:1911} INFO - Created Permission View: menu access on DAG Run:latest_only
[2024-12-07T01:54:46.580-0300] {logging_mixin.py:190} INFO - [2024-12-07T01:54:46.580-0300] {override.py:1911} INFO - Created Permission View: can delete on DAG Run:latest_only
[2024-12-07T01:54:47.644-0300] {logging_mixin.py:190} INFO - [2024-12-07T01:54:47.643-0300] {override.py:1911} INFO - Created Permission View: can read on DAG Run:latest_only
[2024-12-07T01:54:48.677-0300] {logging_mixin.py:190} INFO - [2024-12-07T01:54:48.677-0300] {override.py:1911} INFO - Created Permission View: can create on DAG Run:latest_only
[2024-12-07T01:54:48.678-0300] {logging_mixin.py:190} INFO - [2024-12-07T01:54:48.678-0300] {dag.py:3239} INFO - Sync 1 DAGs
[2024-12-07T01:54:48.690-0300] {logging_mixin.py:190} INFO - [2024-12-07T01:54:48.689-0300] {dag.py:3262} INFO - Creating ORM DAG for latest_only
[2024-12-07T01:54:48.698-0300] {logging_mixin.py:190} INFO - [2024-12-07T01:54:48.698-0300] {dag.py:4180} INFO - Setting next_dagrun for latest_only to 2024-12-07 00:00:00+00:00, run_after=2024-12-07 04:00:00+00:00
[2024-12-07T01:54:49.720-0300] {processor.py:208} INFO - Processing /home/crisu/miniconda3/envs/lab13.1/lib/python3.9/site-packages/airflow/example_dags/example_latest_only.py took 8.990 seconds
[2024-12-07T02:08:09.170-0300] {processor.py:186} INFO - Started process (PID=35450) to work on /home/crisu/miniconda3/envs/lab13.1/lib/python3.9/site-packages/airflow/example_dags/example_latest_only.py
[2024-12-07T02:08:09.350-0300] {processor.py:914} INFO - Processing file /home/crisu/miniconda3/envs/lab13.1/lib/python3.9/site-packages/airflow/example_dags/example_latest_only.py for tasks to queue
[2024-12-07T02:08:09.351-0300] {logging_mixin.py:190} INFO - [2024-12-07T02:08:09.351-0300] {dagbag.py:588} INFO - Filling up the DagBag from /home/crisu/miniconda3/envs/lab13.1/lib/python3.9/site-packages/airflow/example_dags/example_latest_only.py
[2024-12-07T02:08:09.357-0300] {processor.py:925} INFO - DAG(s) 'latest_only' retrieved from /home/crisu/miniconda3/envs/lab13.1/lib/python3.9/site-packages/airflow/example_dags/example_latest_only.py
[2024-12-07T02:08:09.372-0300] {logging_mixin.py:190} INFO - [2024-12-07T02:08:09.372-0300] {dag.py:3239} INFO - Sync 1 DAGs
[2024-12-07T02:08:09.391-0300] {logging_mixin.py:190} INFO - [2024-12-07T02:08:09.391-0300] {dag.py:4180} INFO - Setting next_dagrun for latest_only to 2024-12-07 00:00:00+00:00, run_after=2024-12-07 04:00:00+00:00
[2024-12-07T02:08:10.289-0300] {processor.py:208} INFO - Processing /home/crisu/miniconda3/envs/lab13.1/lib/python3.9/site-packages/airflow/example_dags/example_latest_only.py took 1.126 seconds
[2024-12-07T02:11:58.799-0300] {processor.py:186} INFO - Started process (PID=35933) to work on /home/crisu/miniconda3/envs/lab13.1/lib/python3.9/site-packages/airflow/example_dags/example_latest_only.py
[2024-12-07T02:11:58.804-0300] {processor.py:914} INFO - Processing file /home/crisu/miniconda3/envs/lab13.1/lib/python3.9/site-packages/airflow/example_dags/example_latest_only.py for tasks to queue
[2024-12-07T02:11:58.805-0300] {logging_mixin.py:190} INFO - [2024-12-07T02:11:58.805-0300] {dagbag.py:588} INFO - Filling up the DagBag from /home/crisu/miniconda3/envs/lab13.1/lib/python3.9/site-packages/airflow/example_dags/example_latest_only.py
[2024-12-07T02:11:58.811-0300] {processor.py:925} INFO - DAG(s) 'latest_only' retrieved from /home/crisu/miniconda3/envs/lab13.1/lib/python3.9/site-packages/airflow/example_dags/example_latest_only.py
[2024-12-07T02:11:58.825-0300] {logging_mixin.py:190} INFO - [2024-12-07T02:11:58.824-0300] {dag.py:3239} INFO - Sync 1 DAGs
[2024-12-07T02:11:58.843-0300] {logging_mixin.py:190} INFO - [2024-12-07T02:11:58.843-0300] {dag.py:4180} INFO - Setting next_dagrun for latest_only to 2024-12-07 00:00:00+00:00, run_after=2024-12-07 04:00:00+00:00
[2024-12-07T02:11:58.907-0300] {processor.py:208} INFO - Processing /home/crisu/miniconda3/envs/lab13.1/lib/python3.9/site-packages/airflow/example_dags/example_latest_only.py took 0.116 seconds
[2024-12-07T02:14:10.451-0300] {processor.py:186} INFO - Started process (PID=36231) to work on /home/crisu/miniconda3/envs/lab13.1/lib/python3.9/site-packages/airflow/example_dags/example_latest_only.py
[2024-12-07T02:14:10.459-0300] {processor.py:914} INFO - Processing file /home/crisu/miniconda3/envs/lab13.1/lib/python3.9/site-packages/airflow/example_dags/example_latest_only.py for tasks to queue
[2024-12-07T02:14:10.461-0300] {logging_mixin.py:190} INFO - [2024-12-07T02:14:10.461-0300] {dagbag.py:588} INFO - Filling up the DagBag from /home/crisu/miniconda3/envs/lab13.1/lib/python3.9/site-packages/airflow/example_dags/example_latest_only.py
[2024-12-07T02:14:10.466-0300] {processor.py:925} INFO - DAG(s) 'latest_only' retrieved from /home/crisu/miniconda3/envs/lab13.1/lib/python3.9/site-packages/airflow/example_dags/example_latest_only.py
[2024-12-07T02:14:10.482-0300] {logging_mixin.py:190} INFO - [2024-12-07T02:14:10.482-0300] {dag.py:3239} INFO - Sync 1 DAGs
[2024-12-07T02:14:10.503-0300] {logging_mixin.py:190} INFO - [2024-12-07T02:14:10.503-0300] {dag.py:4180} INFO - Setting next_dagrun for latest_only to 2024-12-07 00:00:00+00:00, run_after=2024-12-07 04:00:00+00:00
[2024-12-07T02:14:10.565-0300] {processor.py:208} INFO - Processing /home/crisu/miniconda3/envs/lab13.1/lib/python3.9/site-packages/airflow/example_dags/example_latest_only.py took 0.122 seconds
[2024-12-07T02:16:22.105-0300] {processor.py:186} INFO - Started process (PID=36466) to work on /home/crisu/miniconda3/envs/lab13.1/lib/python3.9/site-packages/airflow/example_dags/example_latest_only.py
[2024-12-07T02:16:22.124-0300] {processor.py:914} INFO - Processing file /home/crisu/miniconda3/envs/lab13.1/lib/python3.9/site-packages/airflow/example_dags/example_latest_only.py for tasks to queue
[2024-12-07T02:16:22.126-0300] {logging_mixin.py:190} INFO - [2024-12-07T02:16:22.126-0300] {dagbag.py:588} INFO - Filling up the DagBag from /home/crisu/miniconda3/envs/lab13.1/lib/python3.9/site-packages/airflow/example_dags/example_latest_only.py
[2024-12-07T02:16:22.132-0300] {processor.py:925} INFO - DAG(s) 'latest_only' retrieved from /home/crisu/miniconda3/envs/lab13.1/lib/python3.9/site-packages/airflow/example_dags/example_latest_only.py
[2024-12-07T02:16:22.146-0300] {logging_mixin.py:190} INFO - [2024-12-07T02:16:22.146-0300] {dag.py:3239} INFO - Sync 1 DAGs
[2024-12-07T02:16:22.165-0300] {logging_mixin.py:190} INFO - [2024-12-07T02:16:22.165-0300] {dag.py:4180} INFO - Setting next_dagrun for latest_only to 2024-12-07 00:00:00+00:00, run_after=2024-12-07 04:00:00+00:00
[2024-12-07T02:16:22.231-0300] {processor.py:208} INFO - Processing /home/crisu/miniconda3/envs/lab13.1/lib/python3.9/site-packages/airflow/example_dags/example_latest_only.py took 0.133 seconds
[2024-12-07T02:17:52.607-0300] {processor.py:186} INFO - Started process (PID=36619) to work on /home/crisu/miniconda3/envs/lab13.1/lib/python3.9/site-packages/airflow/example_dags/example_latest_only.py
[2024-12-07T02:17:52.609-0300] {processor.py:914} INFO - Processing file /home/crisu/miniconda3/envs/lab13.1/lib/python3.9/site-packages/airflow/example_dags/example_latest_only.py for tasks to queue
[2024-12-07T02:17:52.611-0300] {logging_mixin.py:190} INFO - [2024-12-07T02:17:52.611-0300] {dagbag.py:588} INFO - Filling up the DagBag from /home/crisu/miniconda3/envs/lab13.1/lib/python3.9/site-packages/airflow/example_dags/example_latest_only.py
[2024-12-07T02:17:52.618-0300] {processor.py:925} INFO - DAG(s) 'latest_only' retrieved from /home/crisu/miniconda3/envs/lab13.1/lib/python3.9/site-packages/airflow/example_dags/example_latest_only.py
[2024-12-07T02:17:52.632-0300] {logging_mixin.py:190} INFO - [2024-12-07T02:17:52.632-0300] {dag.py:3239} INFO - Sync 1 DAGs
[2024-12-07T02:17:52.653-0300] {logging_mixin.py:190} INFO - [2024-12-07T02:17:52.653-0300] {dag.py:4180} INFO - Setting next_dagrun for latest_only to 2024-12-07 00:00:00+00:00, run_after=2024-12-07 04:00:00+00:00
[2024-12-07T02:17:52.753-0300] {processor.py:208} INFO - Processing /home/crisu/miniconda3/envs/lab13.1/lib/python3.9/site-packages/airflow/example_dags/example_latest_only.py took 0.153 seconds
[2024-12-07T02:31:30.757-0300] {processor.py:186} INFO - Started process (PID=38000) to work on /home/crisu/miniconda3/envs/lab13.1/lib/python3.9/site-packages/airflow/example_dags/example_latest_only.py
[2024-12-07T02:31:30.788-0300] {processor.py:914} INFO - Processing file /home/crisu/miniconda3/envs/lab13.1/lib/python3.9/site-packages/airflow/example_dags/example_latest_only.py for tasks to queue
[2024-12-07T02:31:30.791-0300] {logging_mixin.py:190} INFO - [2024-12-07T02:31:30.791-0300] {dagbag.py:588} INFO - Filling up the DagBag from /home/crisu/miniconda3/envs/lab13.1/lib/python3.9/site-packages/airflow/example_dags/example_latest_only.py
[2024-12-07T02:31:30.798-0300] {processor.py:925} INFO - DAG(s) 'latest_only' retrieved from /home/crisu/miniconda3/envs/lab13.1/lib/python3.9/site-packages/airflow/example_dags/example_latest_only.py
[2024-12-07T02:31:30.812-0300] {logging_mixin.py:190} INFO - [2024-12-07T02:31:30.812-0300] {dag.py:3239} INFO - Sync 1 DAGs
[2024-12-07T02:31:30.830-0300] {logging_mixin.py:190} INFO - [2024-12-07T02:31:30.830-0300] {dag.py:4180} INFO - Setting next_dagrun for latest_only to 2024-12-07 00:00:00+00:00, run_after=2024-12-07 04:00:00+00:00
[2024-12-07T02:31:33.158-0300] {processor.py:208} INFO - Processing /home/crisu/miniconda3/envs/lab13.1/lib/python3.9/site-packages/airflow/example_dags/example_latest_only.py took 2.406 seconds
[2024-12-07T02:33:56.048-0300] {processor.py:186} INFO - Started process (PID=38224) to work on /home/crisu/miniconda3/envs/lab13.1/lib/python3.9/site-packages/airflow/example_dags/example_latest_only.py
[2024-12-07T02:33:56.062-0300] {processor.py:914} INFO - Processing file /home/crisu/miniconda3/envs/lab13.1/lib/python3.9/site-packages/airflow/example_dags/example_latest_only.py for tasks to queue
[2024-12-07T02:33:56.064-0300] {logging_mixin.py:190} INFO - [2024-12-07T02:33:56.063-0300] {dagbag.py:588} INFO - Filling up the DagBag from /home/crisu/miniconda3/envs/lab13.1/lib/python3.9/site-packages/airflow/example_dags/example_latest_only.py
[2024-12-07T02:33:56.071-0300] {processor.py:925} INFO - DAG(s) 'latest_only' retrieved from /home/crisu/miniconda3/envs/lab13.1/lib/python3.9/site-packages/airflow/example_dags/example_latest_only.py
[2024-12-07T02:33:56.084-0300] {logging_mixin.py:190} INFO - [2024-12-07T02:33:56.084-0300] {dag.py:3239} INFO - Sync 1 DAGs
[2024-12-07T02:33:56.103-0300] {logging_mixin.py:190} INFO - [2024-12-07T02:33:56.103-0300] {dag.py:4180} INFO - Setting next_dagrun for latest_only to 2024-12-07 00:00:00+00:00, run_after=2024-12-07 04:00:00+00:00
[2024-12-07T02:33:56.166-0300] {processor.py:208} INFO - Processing /home/crisu/miniconda3/envs/lab13.1/lib/python3.9/site-packages/airflow/example_dags/example_latest_only.py took 0.124 seconds
[2024-12-07T02:36:25.136-0300] {processor.py:186} INFO - Started process (PID=38523) to work on /home/crisu/miniconda3/envs/lab13.1/lib/python3.9/site-packages/airflow/example_dags/example_latest_only.py
[2024-12-07T02:36:25.152-0300] {processor.py:914} INFO - Processing file /home/crisu/miniconda3/envs/lab13.1/lib/python3.9/site-packages/airflow/example_dags/example_latest_only.py for tasks to queue
[2024-12-07T02:36:25.154-0300] {logging_mixin.py:190} INFO - [2024-12-07T02:36:25.153-0300] {dagbag.py:588} INFO - Filling up the DagBag from /home/crisu/miniconda3/envs/lab13.1/lib/python3.9/site-packages/airflow/example_dags/example_latest_only.py
[2024-12-07T02:36:25.160-0300] {processor.py:925} INFO - DAG(s) 'latest_only' retrieved from /home/crisu/miniconda3/envs/lab13.1/lib/python3.9/site-packages/airflow/example_dags/example_latest_only.py
[2024-12-07T02:36:25.173-0300] {logging_mixin.py:190} INFO - [2024-12-07T02:36:25.172-0300] {dag.py:3239} INFO - Sync 1 DAGs
[2024-12-07T02:36:25.189-0300] {logging_mixin.py:190} INFO - [2024-12-07T02:36:25.189-0300] {dag.py:4180} INFO - Setting next_dagrun for latest_only to 2024-12-07 00:00:00+00:00, run_after=2024-12-07 04:00:00+00:00
[2024-12-07T02:36:25.268-0300] {processor.py:208} INFO - Processing /home/crisu/miniconda3/envs/lab13.1/lib/python3.9/site-packages/airflow/example_dags/example_latest_only.py took 0.137 seconds
[2024-12-07T02:39:28.621-0300] {processor.py:186} INFO - Started process (PID=38797) to work on /home/crisu/miniconda3/envs/lab13.1/lib/python3.9/site-packages/airflow/example_dags/example_latest_only.py
[2024-12-07T02:39:28.666-0300] {processor.py:914} INFO - Processing file /home/crisu/miniconda3/envs/lab13.1/lib/python3.9/site-packages/airflow/example_dags/example_latest_only.py for tasks to queue
[2024-12-07T02:39:28.668-0300] {logging_mixin.py:190} INFO - [2024-12-07T02:39:28.668-0300] {dagbag.py:588} INFO - Filling up the DagBag from /home/crisu/miniconda3/envs/lab13.1/lib/python3.9/site-packages/airflow/example_dags/example_latest_only.py
[2024-12-07T02:39:28.675-0300] {processor.py:925} INFO - DAG(s) 'latest_only' retrieved from /home/crisu/miniconda3/envs/lab13.1/lib/python3.9/site-packages/airflow/example_dags/example_latest_only.py
[2024-12-07T02:39:28.689-0300] {logging_mixin.py:190} INFO - [2024-12-07T02:39:28.688-0300] {dag.py:3239} INFO - Sync 1 DAGs
[2024-12-07T02:39:28.706-0300] {logging_mixin.py:190} INFO - [2024-12-07T02:39:28.705-0300] {dag.py:4180} INFO - Setting next_dagrun for latest_only to 2024-12-07 00:00:00+00:00, run_after=2024-12-07 04:00:00+00:00
[2024-12-07T02:39:29.518-0300] {processor.py:208} INFO - Processing /home/crisu/miniconda3/envs/lab13.1/lib/python3.9/site-packages/airflow/example_dags/example_latest_only.py took 0.903 seconds
[2024-12-07T02:40:41.693-0300] {processor.py:186} INFO - Started process (PID=38916) to work on /home/crisu/miniconda3/envs/lab13.1/lib/python3.9/site-packages/airflow/example_dags/example_latest_only.py
[2024-12-07T02:40:41.703-0300] {processor.py:914} INFO - Processing file /home/crisu/miniconda3/envs/lab13.1/lib/python3.9/site-packages/airflow/example_dags/example_latest_only.py for tasks to queue
[2024-12-07T02:40:41.705-0300] {logging_mixin.py:190} INFO - [2024-12-07T02:40:41.705-0300] {dagbag.py:588} INFO - Filling up the DagBag from /home/crisu/miniconda3/envs/lab13.1/lib/python3.9/site-packages/airflow/example_dags/example_latest_only.py
[2024-12-07T02:40:41.714-0300] {processor.py:925} INFO - DAG(s) 'latest_only' retrieved from /home/crisu/miniconda3/envs/lab13.1/lib/python3.9/site-packages/airflow/example_dags/example_latest_only.py
[2024-12-07T02:40:41.730-0300] {logging_mixin.py:190} INFO - [2024-12-07T02:40:41.730-0300] {dag.py:3239} INFO - Sync 1 DAGs
[2024-12-07T02:40:41.751-0300] {logging_mixin.py:190} INFO - [2024-12-07T02:40:41.751-0300] {dag.py:4180} INFO - Setting next_dagrun for latest_only to 2024-12-07 00:00:00+00:00, run_after=2024-12-07 04:00:00+00:00
[2024-12-07T02:40:41.813-0300] {processor.py:208} INFO - Processing /home/crisu/miniconda3/envs/lab13.1/lib/python3.9/site-packages/airflow/example_dags/example_latest_only.py took 0.127 seconds
[2024-12-07T02:41:55.009-0300] {processor.py:186} INFO - Started process (PID=39052) to work on /home/crisu/miniconda3/envs/lab13.1/lib/python3.9/site-packages/airflow/example_dags/example_latest_only.py
[2024-12-07T02:41:55.027-0300] {processor.py:914} INFO - Processing file /home/crisu/miniconda3/envs/lab13.1/lib/python3.9/site-packages/airflow/example_dags/example_latest_only.py for tasks to queue
[2024-12-07T02:41:55.028-0300] {logging_mixin.py:190} INFO - [2024-12-07T02:41:55.028-0300] {dagbag.py:588} INFO - Filling up the DagBag from /home/crisu/miniconda3/envs/lab13.1/lib/python3.9/site-packages/airflow/example_dags/example_latest_only.py
[2024-12-07T02:41:55.036-0300] {processor.py:925} INFO - DAG(s) 'latest_only' retrieved from /home/crisu/miniconda3/envs/lab13.1/lib/python3.9/site-packages/airflow/example_dags/example_latest_only.py
[2024-12-07T02:41:55.052-0300] {logging_mixin.py:190} INFO - [2024-12-07T02:41:55.052-0300] {dag.py:3239} INFO - Sync 1 DAGs
[2024-12-07T02:41:55.071-0300] {logging_mixin.py:190} INFO - [2024-12-07T02:41:55.071-0300] {dag.py:4180} INFO - Setting next_dagrun for latest_only to 2024-12-07 00:00:00+00:00, run_after=2024-12-07 04:00:00+00:00
[2024-12-07T02:41:55.137-0300] {processor.py:208} INFO - Processing /home/crisu/miniconda3/envs/lab13.1/lib/python3.9/site-packages/airflow/example_dags/example_latest_only.py took 0.134 seconds
[2024-12-07T02:45:04.597-0300] {processor.py:186} INFO - Started process (PID=39727) to work on /home/crisu/miniconda3/envs/lab13.1/lib/python3.9/site-packages/airflow/example_dags/example_latest_only.py
[2024-12-07T02:45:04.617-0300] {processor.py:914} INFO - Processing file /home/crisu/miniconda3/envs/lab13.1/lib/python3.9/site-packages/airflow/example_dags/example_latest_only.py for tasks to queue
[2024-12-07T02:45:04.619-0300] {logging_mixin.py:190} INFO - [2024-12-07T02:45:04.619-0300] {dagbag.py:588} INFO - Filling up the DagBag from /home/crisu/miniconda3/envs/lab13.1/lib/python3.9/site-packages/airflow/example_dags/example_latest_only.py
[2024-12-07T02:45:04.625-0300] {processor.py:925} INFO - DAG(s) 'latest_only' retrieved from /home/crisu/miniconda3/envs/lab13.1/lib/python3.9/site-packages/airflow/example_dags/example_latest_only.py
[2024-12-07T02:45:04.641-0300] {logging_mixin.py:190} INFO - [2024-12-07T02:45:04.641-0300] {dag.py:3239} INFO - Sync 1 DAGs
[2024-12-07T02:45:04.659-0300] {logging_mixin.py:190} INFO - [2024-12-07T02:45:04.659-0300] {dag.py:4180} INFO - Setting next_dagrun for latest_only to 2024-12-07 00:00:00+00:00, run_after=2024-12-07 04:00:00+00:00
[2024-12-07T02:45:04.745-0300] {processor.py:208} INFO - Processing /home/crisu/miniconda3/envs/lab13.1/lib/python3.9/site-packages/airflow/example_dags/example_latest_only.py took 0.154 seconds
[2024-12-07T02:46:46.904-0300] {processor.py:186} INFO - Started process (PID=40058) to work on /home/crisu/miniconda3/envs/lab13.1/lib/python3.9/site-packages/airflow/example_dags/example_latest_only.py
[2024-12-07T02:46:46.926-0300] {processor.py:914} INFO - Processing file /home/crisu/miniconda3/envs/lab13.1/lib/python3.9/site-packages/airflow/example_dags/example_latest_only.py for tasks to queue
[2024-12-07T02:46:46.928-0300] {logging_mixin.py:190} INFO - [2024-12-07T02:46:46.928-0300] {dagbag.py:588} INFO - Filling up the DagBag from /home/crisu/miniconda3/envs/lab13.1/lib/python3.9/site-packages/airflow/example_dags/example_latest_only.py
[2024-12-07T02:46:46.934-0300] {processor.py:925} INFO - DAG(s) 'latest_only' retrieved from /home/crisu/miniconda3/envs/lab13.1/lib/python3.9/site-packages/airflow/example_dags/example_latest_only.py
[2024-12-07T02:46:46.949-0300] {logging_mixin.py:190} INFO - [2024-12-07T02:46:46.949-0300] {dag.py:3239} INFO - Sync 1 DAGs
[2024-12-07T02:46:46.968-0300] {logging_mixin.py:190} INFO - [2024-12-07T02:46:46.968-0300] {dag.py:4180} INFO - Setting next_dagrun for latest_only to 2024-12-07 00:00:00+00:00, run_after=2024-12-07 04:00:00+00:00
[2024-12-07T02:46:47.621-0300] {processor.py:208} INFO - Processing /home/crisu/miniconda3/envs/lab13.1/lib/python3.9/site-packages/airflow/example_dags/example_latest_only.py took 0.722 seconds
[2024-12-07T02:50:25.230-0300] {processor.py:186} INFO - Started process (PID=40813) to work on /home/crisu/miniconda3/envs/lab13.1/lib/python3.9/site-packages/airflow/example_dags/example_latest_only.py
[2024-12-07T02:50:25.240-0300] {processor.py:914} INFO - Processing file /home/crisu/miniconda3/envs/lab13.1/lib/python3.9/site-packages/airflow/example_dags/example_latest_only.py for tasks to queue
[2024-12-07T02:50:25.242-0300] {logging_mixin.py:190} INFO - [2024-12-07T02:50:25.242-0300] {dagbag.py:588} INFO - Filling up the DagBag from /home/crisu/miniconda3/envs/lab13.1/lib/python3.9/site-packages/airflow/example_dags/example_latest_only.py
[2024-12-07T02:50:25.248-0300] {processor.py:925} INFO - DAG(s) 'latest_only' retrieved from /home/crisu/miniconda3/envs/lab13.1/lib/python3.9/site-packages/airflow/example_dags/example_latest_only.py
[2024-12-07T02:50:25.263-0300] {logging_mixin.py:190} INFO - [2024-12-07T02:50:25.263-0300] {dag.py:3239} INFO - Sync 1 DAGs
[2024-12-07T02:50:25.280-0300] {logging_mixin.py:190} INFO - [2024-12-07T02:50:25.280-0300] {dag.py:4180} INFO - Setting next_dagrun for latest_only to 2024-12-07 00:00:00+00:00, run_after=2024-12-07 04:00:00+00:00
[2024-12-07T02:50:25.338-0300] {processor.py:208} INFO - Processing /home/crisu/miniconda3/envs/lab13.1/lib/python3.9/site-packages/airflow/example_dags/example_latest_only.py took 0.114 seconds
[2024-12-07T03:20:43.579-0300] {processor.py:186} INFO - Started process (PID=42682) to work on /home/crisu/miniconda3/envs/lab13.1/lib/python3.9/site-packages/airflow/example_dags/example_latest_only.py
[2024-12-07T03:20:43.581-0300] {processor.py:914} INFO - Processing file /home/crisu/miniconda3/envs/lab13.1/lib/python3.9/site-packages/airflow/example_dags/example_latest_only.py for tasks to queue
[2024-12-07T03:20:43.582-0300] {logging_mixin.py:190} INFO - [2024-12-07T03:20:43.582-0300] {dagbag.py:588} INFO - Filling up the DagBag from /home/crisu/miniconda3/envs/lab13.1/lib/python3.9/site-packages/airflow/example_dags/example_latest_only.py
[2024-12-07T03:20:43.587-0300] {processor.py:925} INFO - DAG(s) 'latest_only' retrieved from /home/crisu/miniconda3/envs/lab13.1/lib/python3.9/site-packages/airflow/example_dags/example_latest_only.py
[2024-12-07T03:20:43.602-0300] {logging_mixin.py:190} INFO - [2024-12-07T03:20:43.602-0300] {dag.py:3239} INFO - Sync 1 DAGs
[2024-12-07T03:20:43.618-0300] {logging_mixin.py:190} INFO - [2024-12-07T03:20:43.618-0300] {dag.py:4180} INFO - Setting next_dagrun for latest_only to 2024-12-07 00:00:00+00:00, run_after=2024-12-07 04:00:00+00:00
[2024-12-07T03:20:44.552-0300] {processor.py:208} INFO - Processing /home/crisu/miniconda3/envs/lab13.1/lib/python3.9/site-packages/airflow/example_dags/example_latest_only.py took 0.979 seconds
[2024-12-07T03:23:59.057-0300] {processor.py:186} INFO - Started process (PID=42929) to work on /home/crisu/miniconda3/envs/lab13.1/lib/python3.9/site-packages/airflow/example_dags/example_latest_only.py
[2024-12-07T03:23:59.206-0300] {processor.py:914} INFO - Processing file /home/crisu/miniconda3/envs/lab13.1/lib/python3.9/site-packages/airflow/example_dags/example_latest_only.py for tasks to queue
[2024-12-07T03:23:59.207-0300] {logging_mixin.py:190} INFO - [2024-12-07T03:23:59.207-0300] {dagbag.py:588} INFO - Filling up the DagBag from /home/crisu/miniconda3/envs/lab13.1/lib/python3.9/site-packages/airflow/example_dags/example_latest_only.py
[2024-12-07T03:23:59.213-0300] {processor.py:925} INFO - DAG(s) 'latest_only' retrieved from /home/crisu/miniconda3/envs/lab13.1/lib/python3.9/site-packages/airflow/example_dags/example_latest_only.py
[2024-12-07T03:23:59.226-0300] {logging_mixin.py:190} INFO - [2024-12-07T03:23:59.226-0300] {dag.py:3239} INFO - Sync 1 DAGs
[2024-12-07T03:23:59.242-0300] {logging_mixin.py:190} INFO - [2024-12-07T03:23:59.242-0300] {dag.py:4180} INFO - Setting next_dagrun for latest_only to 2024-12-07 00:00:00+00:00, run_after=2024-12-07 04:00:00+00:00
[2024-12-07T03:24:01.012-0300] {processor.py:208} INFO - Processing /home/crisu/miniconda3/envs/lab13.1/lib/python3.9/site-packages/airflow/example_dags/example_latest_only.py took 1.964 seconds
[2024-12-07T03:27:51.275-0300] {processor.py:186} INFO - Started process (PID=43648) to work on /home/crisu/miniconda3/envs/lab13.1/lib/python3.9/site-packages/airflow/example_dags/example_latest_only.py
[2024-12-07T03:27:51.276-0300] {processor.py:914} INFO - Processing file /home/crisu/miniconda3/envs/lab13.1/lib/python3.9/site-packages/airflow/example_dags/example_latest_only.py for tasks to queue
[2024-12-07T03:27:51.279-0300] {logging_mixin.py:190} INFO - [2024-12-07T03:27:51.279-0300] {dagbag.py:588} INFO - Filling up the DagBag from /home/crisu/miniconda3/envs/lab13.1/lib/python3.9/site-packages/airflow/example_dags/example_latest_only.py
[2024-12-07T03:27:51.285-0300] {processor.py:925} INFO - DAG(s) 'latest_only' retrieved from /home/crisu/miniconda3/envs/lab13.1/lib/python3.9/site-packages/airflow/example_dags/example_latest_only.py
[2024-12-07T03:27:51.299-0300] {logging_mixin.py:190} INFO - [2024-12-07T03:27:51.298-0300] {dag.py:3239} INFO - Sync 1 DAGs
[2024-12-07T03:27:51.316-0300] {logging_mixin.py:190} INFO - [2024-12-07T03:27:51.316-0300] {dag.py:4180} INFO - Setting next_dagrun for latest_only to 2024-12-07 00:00:00+00:00, run_after=2024-12-07 04:00:00+00:00
[2024-12-07T03:27:51.379-0300] {processor.py:208} INFO - Processing /home/crisu/miniconda3/envs/lab13.1/lib/python3.9/site-packages/airflow/example_dags/example_latest_only.py took 0.109 seconds
[2024-12-07T03:34:24.324-0300] {processor.py:186} INFO - Started process (PID=44611) to work on /home/crisu/miniconda3/envs/lab13.1/lib/python3.9/site-packages/airflow/example_dags/example_latest_only.py
[2024-12-07T03:34:24.436-0300] {processor.py:914} INFO - Processing file /home/crisu/miniconda3/envs/lab13.1/lib/python3.9/site-packages/airflow/example_dags/example_latest_only.py for tasks to queue
[2024-12-07T03:34:24.437-0300] {logging_mixin.py:190} INFO - [2024-12-07T03:34:24.437-0300] {dagbag.py:588} INFO - Filling up the DagBag from /home/crisu/miniconda3/envs/lab13.1/lib/python3.9/site-packages/airflow/example_dags/example_latest_only.py
[2024-12-07T03:34:24.443-0300] {processor.py:925} INFO - DAG(s) 'latest_only' retrieved from /home/crisu/miniconda3/envs/lab13.1/lib/python3.9/site-packages/airflow/example_dags/example_latest_only.py
[2024-12-07T03:34:24.459-0300] {logging_mixin.py:190} INFO - [2024-12-07T03:34:24.459-0300] {dag.py:3239} INFO - Sync 1 DAGs
[2024-12-07T03:34:24.474-0300] {logging_mixin.py:190} INFO - [2024-12-07T03:34:24.474-0300] {dag.py:4180} INFO - Setting next_dagrun for latest_only to 2024-12-07 00:00:00+00:00, run_after=2024-12-07 04:00:00+00:00
[2024-12-07T03:34:25.845-0300] {processor.py:208} INFO - Processing /home/crisu/miniconda3/envs/lab13.1/lib/python3.9/site-packages/airflow/example_dags/example_latest_only.py took 1.527 seconds
[2024-12-07T03:35:57.395-0300] {processor.py:186} INFO - Started process (PID=44777) to work on /home/crisu/miniconda3/envs/lab13.1/lib/python3.9/site-packages/airflow/example_dags/example_latest_only.py
[2024-12-07T03:35:57.398-0300] {processor.py:914} INFO - Processing file /home/crisu/miniconda3/envs/lab13.1/lib/python3.9/site-packages/airflow/example_dags/example_latest_only.py for tasks to queue
[2024-12-07T03:35:57.400-0300] {logging_mixin.py:190} INFO - [2024-12-07T03:35:57.399-0300] {dagbag.py:588} INFO - Filling up the DagBag from /home/crisu/miniconda3/envs/lab13.1/lib/python3.9/site-packages/airflow/example_dags/example_latest_only.py
[2024-12-07T03:35:57.405-0300] {processor.py:925} INFO - DAG(s) 'latest_only' retrieved from /home/crisu/miniconda3/envs/lab13.1/lib/python3.9/site-packages/airflow/example_dags/example_latest_only.py
[2024-12-07T03:35:57.418-0300] {logging_mixin.py:190} INFO - [2024-12-07T03:35:57.418-0300] {dag.py:3239} INFO - Sync 1 DAGs
[2024-12-07T03:35:57.433-0300] {logging_mixin.py:190} INFO - [2024-12-07T03:35:57.433-0300] {dag.py:4180} INFO - Setting next_dagrun for latest_only to 2024-12-07 00:00:00+00:00, run_after=2024-12-07 04:00:00+00:00
[2024-12-07T03:35:57.495-0300] {processor.py:208} INFO - Processing /home/crisu/miniconda3/envs/lab13.1/lib/python3.9/site-packages/airflow/example_dags/example_latest_only.py took 0.105 seconds
[2024-12-07T03:38:00.191-0300] {processor.py:186} INFO - Started process (PID=44981) to work on /home/crisu/miniconda3/envs/lab13.1/lib/python3.9/site-packages/airflow/example_dags/example_latest_only.py
[2024-12-07T03:38:00.197-0300] {processor.py:914} INFO - Processing file /home/crisu/miniconda3/envs/lab13.1/lib/python3.9/site-packages/airflow/example_dags/example_latest_only.py for tasks to queue
[2024-12-07T03:38:00.199-0300] {logging_mixin.py:190} INFO - [2024-12-07T03:38:00.198-0300] {dagbag.py:588} INFO - Filling up the DagBag from /home/crisu/miniconda3/envs/lab13.1/lib/python3.9/site-packages/airflow/example_dags/example_latest_only.py
[2024-12-07T03:38:00.204-0300] {processor.py:925} INFO - DAG(s) 'latest_only' retrieved from /home/crisu/miniconda3/envs/lab13.1/lib/python3.9/site-packages/airflow/example_dags/example_latest_only.py
[2024-12-07T03:38:00.219-0300] {logging_mixin.py:190} INFO - [2024-12-07T03:38:00.219-0300] {dag.py:3239} INFO - Sync 1 DAGs
[2024-12-07T03:38:00.235-0300] {logging_mixin.py:190} INFO - [2024-12-07T03:38:00.235-0300] {dag.py:4180} INFO - Setting next_dagrun for latest_only to 2024-12-07 00:00:00+00:00, run_after=2024-12-07 04:00:00+00:00
[2024-12-07T03:38:00.298-0300] {processor.py:208} INFO - Processing /home/crisu/miniconda3/envs/lab13.1/lib/python3.9/site-packages/airflow/example_dags/example_latest_only.py took 0.112 seconds
[2024-12-07T03:39:19.427-0300] {processor.py:186} INFO - Started process (PID=45140) to work on /home/crisu/miniconda3/envs/lab13.1/lib/python3.9/site-packages/airflow/example_dags/example_latest_only.py
[2024-12-07T03:39:19.474-0300] {processor.py:914} INFO - Processing file /home/crisu/miniconda3/envs/lab13.1/lib/python3.9/site-packages/airflow/example_dags/example_latest_only.py for tasks to queue
[2024-12-07T03:39:19.475-0300] {logging_mixin.py:190} INFO - [2024-12-07T03:39:19.474-0300] {dagbag.py:588} INFO - Filling up the DagBag from /home/crisu/miniconda3/envs/lab13.1/lib/python3.9/site-packages/airflow/example_dags/example_latest_only.py
[2024-12-07T03:39:19.482-0300] {processor.py:925} INFO - DAG(s) 'latest_only' retrieved from /home/crisu/miniconda3/envs/lab13.1/lib/python3.9/site-packages/airflow/example_dags/example_latest_only.py
[2024-12-07T03:39:19.498-0300] {logging_mixin.py:190} INFO - [2024-12-07T03:39:19.497-0300] {dag.py:3239} INFO - Sync 1 DAGs
[2024-12-07T03:39:19.520-0300] {logging_mixin.py:190} INFO - [2024-12-07T03:39:19.520-0300] {dag.py:4180} INFO - Setting next_dagrun for latest_only to 2024-12-07 00:00:00+00:00, run_after=2024-12-07 04:00:00+00:00
[2024-12-07T03:39:20.091-0300] {processor.py:208} INFO - Processing /home/crisu/miniconda3/envs/lab13.1/lib/python3.9/site-packages/airflow/example_dags/example_latest_only.py took 0.670 seconds
[2024-12-07T03:40:35.411-0300] {processor.py:186} INFO - Started process (PID=45285) to work on /home/crisu/miniconda3/envs/lab13.1/lib/python3.9/site-packages/airflow/example_dags/example_latest_only.py
[2024-12-07T03:40:35.418-0300] {processor.py:914} INFO - Processing file /home/crisu/miniconda3/envs/lab13.1/lib/python3.9/site-packages/airflow/example_dags/example_latest_only.py for tasks to queue
[2024-12-07T03:40:35.419-0300] {logging_mixin.py:190} INFO - [2024-12-07T03:40:35.419-0300] {dagbag.py:588} INFO - Filling up the DagBag from /home/crisu/miniconda3/envs/lab13.1/lib/python3.9/site-packages/airflow/example_dags/example_latest_only.py
[2024-12-07T03:40:35.425-0300] {processor.py:925} INFO - DAG(s) 'latest_only' retrieved from /home/crisu/miniconda3/envs/lab13.1/lib/python3.9/site-packages/airflow/example_dags/example_latest_only.py
[2024-12-07T03:40:35.441-0300] {logging_mixin.py:190} INFO - [2024-12-07T03:40:35.441-0300] {dag.py:3239} INFO - Sync 1 DAGs
[2024-12-07T03:40:35.458-0300] {logging_mixin.py:190} INFO - [2024-12-07T03:40:35.457-0300] {dag.py:4180} INFO - Setting next_dagrun for latest_only to 2024-12-07 00:00:00+00:00, run_after=2024-12-07 04:00:00+00:00
[2024-12-07T03:40:35.519-0300] {processor.py:208} INFO - Processing /home/crisu/miniconda3/envs/lab13.1/lib/python3.9/site-packages/airflow/example_dags/example_latest_only.py took 0.113 seconds
[2024-12-07T03:44:21.331-0300] {processor.py:186} INFO - Started process (PID=45897) to work on /home/crisu/miniconda3/envs/lab13.1/lib/python3.9/site-packages/airflow/example_dags/example_latest_only.py
[2024-12-07T03:44:21.333-0300] {processor.py:914} INFO - Processing file /home/crisu/miniconda3/envs/lab13.1/lib/python3.9/site-packages/airflow/example_dags/example_latest_only.py for tasks to queue
[2024-12-07T03:44:21.337-0300] {logging_mixin.py:190} INFO - [2024-12-07T03:44:21.336-0300] {dagbag.py:588} INFO - Filling up the DagBag from /home/crisu/miniconda3/envs/lab13.1/lib/python3.9/site-packages/airflow/example_dags/example_latest_only.py
[2024-12-07T03:44:21.343-0300] {processor.py:925} INFO - DAG(s) 'latest_only' retrieved from /home/crisu/miniconda3/envs/lab13.1/lib/python3.9/site-packages/airflow/example_dags/example_latest_only.py
[2024-12-07T03:44:21.359-0300] {logging_mixin.py:190} INFO - [2024-12-07T03:44:21.359-0300] {dag.py:3239} INFO - Sync 1 DAGs
[2024-12-07T03:44:21.436-0300] {logging_mixin.py:190} INFO - [2024-12-07T03:44:21.436-0300] {dag.py:4180} INFO - Setting next_dagrun for latest_only to 2024-12-07 00:00:00+00:00, run_after=2024-12-07 04:00:00+00:00
[2024-12-07T03:44:21.594-0300] {processor.py:208} INFO - Processing /home/crisu/miniconda3/envs/lab13.1/lib/python3.9/site-packages/airflow/example_dags/example_latest_only.py took 0.268 seconds
[2024-12-07T03:48:47.575-0300] {processor.py:186} INFO - Started process (PID=46765) to work on /home/crisu/miniconda3/envs/lab13.1/lib/python3.9/site-packages/airflow/example_dags/example_latest_only.py
[2024-12-07T03:48:47.577-0300] {processor.py:914} INFO - Processing file /home/crisu/miniconda3/envs/lab13.1/lib/python3.9/site-packages/airflow/example_dags/example_latest_only.py for tasks to queue
[2024-12-07T03:48:47.579-0300] {logging_mixin.py:190} INFO - [2024-12-07T03:48:47.578-0300] {dagbag.py:588} INFO - Filling up the DagBag from /home/crisu/miniconda3/envs/lab13.1/lib/python3.9/site-packages/airflow/example_dags/example_latest_only.py
[2024-12-07T03:48:47.585-0300] {processor.py:925} INFO - DAG(s) 'latest_only' retrieved from /home/crisu/miniconda3/envs/lab13.1/lib/python3.9/site-packages/airflow/example_dags/example_latest_only.py
[2024-12-07T03:48:47.599-0300] {logging_mixin.py:190} INFO - [2024-12-07T03:48:47.599-0300] {dag.py:3239} INFO - Sync 1 DAGs
[2024-12-07T03:48:47.617-0300] {logging_mixin.py:190} INFO - [2024-12-07T03:48:47.616-0300] {dag.py:4180} INFO - Setting next_dagrun for latest_only to 2024-12-07 00:00:00+00:00, run_after=2024-12-07 04:00:00+00:00
[2024-12-07T03:48:48.196-0300] {processor.py:208} INFO - Processing /home/crisu/miniconda3/envs/lab13.1/lib/python3.9/site-packages/airflow/example_dags/example_latest_only.py took 0.625 seconds
[2024-12-07T03:50:53.808-0300] {processor.py:186} INFO - Started process (PID=46949) to work on /home/crisu/miniconda3/envs/lab13.1/lib/python3.9/site-packages/airflow/example_dags/example_latest_only.py
[2024-12-07T03:50:53.809-0300] {processor.py:914} INFO - Processing file /home/crisu/miniconda3/envs/lab13.1/lib/python3.9/site-packages/airflow/example_dags/example_latest_only.py for tasks to queue
[2024-12-07T03:50:53.811-0300] {logging_mixin.py:190} INFO - [2024-12-07T03:50:53.811-0300] {dagbag.py:588} INFO - Filling up the DagBag from /home/crisu/miniconda3/envs/lab13.1/lib/python3.9/site-packages/airflow/example_dags/example_latest_only.py
[2024-12-07T03:50:53.818-0300] {processor.py:925} INFO - DAG(s) 'latest_only' retrieved from /home/crisu/miniconda3/envs/lab13.1/lib/python3.9/site-packages/airflow/example_dags/example_latest_only.py
[2024-12-07T03:50:53.831-0300] {logging_mixin.py:190} INFO - [2024-12-07T03:50:53.831-0300] {dag.py:3239} INFO - Sync 1 DAGs
[2024-12-07T03:50:53.849-0300] {logging_mixin.py:190} INFO - [2024-12-07T03:50:53.848-0300] {dag.py:4180} INFO - Setting next_dagrun for latest_only to 2024-12-07 00:00:00+00:00, run_after=2024-12-07 04:00:00+00:00
[2024-12-07T03:50:53.964-0300] {processor.py:208} INFO - Processing /home/crisu/miniconda3/envs/lab13.1/lib/python3.9/site-packages/airflow/example_dags/example_latest_only.py took 0.161 seconds
[2024-12-07T03:52:18.759-0300] {processor.py:186} INFO - Started process (PID=47061) to work on /home/crisu/miniconda3/envs/lab13.1/lib/python3.9/site-packages/airflow/example_dags/example_latest_only.py
[2024-12-07T03:52:18.765-0300] {processor.py:914} INFO - Processing file /home/crisu/miniconda3/envs/lab13.1/lib/python3.9/site-packages/airflow/example_dags/example_latest_only.py for tasks to queue
[2024-12-07T03:52:18.767-0300] {logging_mixin.py:190} INFO - [2024-12-07T03:52:18.767-0300] {dagbag.py:588} INFO - Filling up the DagBag from /home/crisu/miniconda3/envs/lab13.1/lib/python3.9/site-packages/airflow/example_dags/example_latest_only.py
[2024-12-07T03:52:18.777-0300] {processor.py:925} INFO - DAG(s) 'latest_only' retrieved from /home/crisu/miniconda3/envs/lab13.1/lib/python3.9/site-packages/airflow/example_dags/example_latest_only.py
[2024-12-07T03:52:18.794-0300] {logging_mixin.py:190} INFO - [2024-12-07T03:52:18.794-0300] {dag.py:3239} INFO - Sync 1 DAGs
[2024-12-07T03:52:18.816-0300] {logging_mixin.py:190} INFO - [2024-12-07T03:52:18.815-0300] {dag.py:4180} INFO - Setting next_dagrun for latest_only to 2024-12-07 00:00:00+00:00, run_after=2024-12-07 04:00:00+00:00
[2024-12-07T03:52:18.874-0300] {processor.py:208} INFO - Processing /home/crisu/miniconda3/envs/lab13.1/lib/python3.9/site-packages/airflow/example_dags/example_latest_only.py took 0.121 seconds
[2024-12-07T03:54:30.521-0300] {processor.py:186} INFO - Started process (PID=47323) to work on /home/crisu/miniconda3/envs/lab13.1/lib/python3.9/site-packages/airflow/example_dags/example_latest_only.py
[2024-12-07T03:54:30.543-0300] {processor.py:914} INFO - Processing file /home/crisu/miniconda3/envs/lab13.1/lib/python3.9/site-packages/airflow/example_dags/example_latest_only.py for tasks to queue
[2024-12-07T03:54:30.545-0300] {logging_mixin.py:190} INFO - [2024-12-07T03:54:30.545-0300] {dagbag.py:588} INFO - Filling up the DagBag from /home/crisu/miniconda3/envs/lab13.1/lib/python3.9/site-packages/airflow/example_dags/example_latest_only.py
[2024-12-07T03:54:30.552-0300] {processor.py:925} INFO - DAG(s) 'latest_only' retrieved from /home/crisu/miniconda3/envs/lab13.1/lib/python3.9/site-packages/airflow/example_dags/example_latest_only.py
[2024-12-07T03:54:30.565-0300] {logging_mixin.py:190} INFO - [2024-12-07T03:54:30.564-0300] {dag.py:3239} INFO - Sync 1 DAGs
[2024-12-07T03:54:30.582-0300] {logging_mixin.py:190} INFO - [2024-12-07T03:54:30.582-0300] {dag.py:4180} INFO - Setting next_dagrun for latest_only to 2024-12-07 00:00:00+00:00, run_after=2024-12-07 04:00:00+00:00
[2024-12-07T03:54:30.658-0300] {processor.py:208} INFO - Processing /home/crisu/miniconda3/envs/lab13.1/lib/python3.9/site-packages/airflow/example_dags/example_latest_only.py took 0.143 seconds
[2024-12-07T03:56:28.087-0300] {processor.py:186} INFO - Started process (PID=47571) to work on /home/crisu/miniconda3/envs/lab13.1/lib/python3.9/site-packages/airflow/example_dags/example_latest_only.py
[2024-12-07T03:56:28.088-0300] {processor.py:914} INFO - Processing file /home/crisu/miniconda3/envs/lab13.1/lib/python3.9/site-packages/airflow/example_dags/example_latest_only.py for tasks to queue
[2024-12-07T03:56:28.090-0300] {logging_mixin.py:190} INFO - [2024-12-07T03:56:28.089-0300] {dagbag.py:588} INFO - Filling up the DagBag from /home/crisu/miniconda3/envs/lab13.1/lib/python3.9/site-packages/airflow/example_dags/example_latest_only.py
[2024-12-07T03:56:28.098-0300] {processor.py:925} INFO - DAG(s) 'latest_only' retrieved from /home/crisu/miniconda3/envs/lab13.1/lib/python3.9/site-packages/airflow/example_dags/example_latest_only.py
[2024-12-07T03:56:28.113-0300] {logging_mixin.py:190} INFO - [2024-12-07T03:56:28.113-0300] {dag.py:3239} INFO - Sync 1 DAGs
[2024-12-07T03:56:28.130-0300] {logging_mixin.py:190} INFO - [2024-12-07T03:56:28.130-0300] {dag.py:4180} INFO - Setting next_dagrun for latest_only to 2024-12-07 00:00:00+00:00, run_after=2024-12-07 04:00:00+00:00
[2024-12-07T03:56:28.193-0300] {processor.py:208} INFO - Processing /home/crisu/miniconda3/envs/lab13.1/lib/python3.9/site-packages/airflow/example_dags/example_latest_only.py took 0.112 seconds
[2024-12-07T03:57:46.717-0300] {processor.py:186} INFO - Started process (PID=47704) to work on /home/crisu/miniconda3/envs/lab13.1/lib/python3.9/site-packages/airflow/example_dags/example_latest_only.py
[2024-12-07T03:57:46.725-0300] {processor.py:914} INFO - Processing file /home/crisu/miniconda3/envs/lab13.1/lib/python3.9/site-packages/airflow/example_dags/example_latest_only.py for tasks to queue
[2024-12-07T03:57:46.727-0300] {logging_mixin.py:190} INFO - [2024-12-07T03:57:46.727-0300] {dagbag.py:588} INFO - Filling up the DagBag from /home/crisu/miniconda3/envs/lab13.1/lib/python3.9/site-packages/airflow/example_dags/example_latest_only.py
[2024-12-07T03:57:46.735-0300] {processor.py:925} INFO - DAG(s) 'latest_only' retrieved from /home/crisu/miniconda3/envs/lab13.1/lib/python3.9/site-packages/airflow/example_dags/example_latest_only.py
[2024-12-07T03:57:46.748-0300] {logging_mixin.py:190} INFO - [2024-12-07T03:57:46.748-0300] {dag.py:3239} INFO - Sync 1 DAGs
[2024-12-07T03:57:46.767-0300] {logging_mixin.py:190} INFO - [2024-12-07T03:57:46.766-0300] {dag.py:4180} INFO - Setting next_dagrun for latest_only to 2024-12-07 00:00:00+00:00, run_after=2024-12-07 04:00:00+00:00
[2024-12-07T03:57:46.829-0300] {processor.py:208} INFO - Processing /home/crisu/miniconda3/envs/lab13.1/lib/python3.9/site-packages/airflow/example_dags/example_latest_only.py took 0.117 seconds
[2024-12-07T03:59:42.954-0300] {processor.py:186} INFO - Started process (PID=47972) to work on /home/crisu/miniconda3/envs/lab13.1/lib/python3.9/site-packages/airflow/example_dags/example_latest_only.py
[2024-12-07T03:59:42.959-0300] {processor.py:914} INFO - Processing file /home/crisu/miniconda3/envs/lab13.1/lib/python3.9/site-packages/airflow/example_dags/example_latest_only.py for tasks to queue
[2024-12-07T03:59:42.961-0300] {logging_mixin.py:190} INFO - [2024-12-07T03:59:42.961-0300] {dagbag.py:588} INFO - Filling up the DagBag from /home/crisu/miniconda3/envs/lab13.1/lib/python3.9/site-packages/airflow/example_dags/example_latest_only.py
[2024-12-07T03:59:42.968-0300] {processor.py:925} INFO - DAG(s) 'latest_only' retrieved from /home/crisu/miniconda3/envs/lab13.1/lib/python3.9/site-packages/airflow/example_dags/example_latest_only.py
[2024-12-07T03:59:42.981-0300] {logging_mixin.py:190} INFO - [2024-12-07T03:59:42.981-0300] {dag.py:3239} INFO - Sync 1 DAGs
[2024-12-07T03:59:42.998-0300] {logging_mixin.py:190} INFO - [2024-12-07T03:59:42.998-0300] {dag.py:4180} INFO - Setting next_dagrun for latest_only to 2024-12-07 00:00:00+00:00, run_after=2024-12-07 04:00:00+00:00
[2024-12-07T03:59:43.056-0300] {processor.py:208} INFO - Processing /home/crisu/miniconda3/envs/lab13.1/lib/python3.9/site-packages/airflow/example_dags/example_latest_only.py took 0.107 seconds
[2024-12-07T04:00:58.552-0300] {processor.py:186} INFO - Started process (PID=48121) to work on /home/crisu/miniconda3/envs/lab13.1/lib/python3.9/site-packages/airflow/example_dags/example_latest_only.py
[2024-12-07T04:00:58.559-0300] {processor.py:914} INFO - Processing file /home/crisu/miniconda3/envs/lab13.1/lib/python3.9/site-packages/airflow/example_dags/example_latest_only.py for tasks to queue
[2024-12-07T04:00:58.561-0300] {logging_mixin.py:190} INFO - [2024-12-07T04:00:58.561-0300] {dagbag.py:588} INFO - Filling up the DagBag from /home/crisu/miniconda3/envs/lab13.1/lib/python3.9/site-packages/airflow/example_dags/example_latest_only.py
[2024-12-07T04:00:58.567-0300] {processor.py:925} INFO - DAG(s) 'latest_only' retrieved from /home/crisu/miniconda3/envs/lab13.1/lib/python3.9/site-packages/airflow/example_dags/example_latest_only.py
[2024-12-07T04:00:58.580-0300] {logging_mixin.py:190} INFO - [2024-12-07T04:00:58.580-0300] {dag.py:3239} INFO - Sync 1 DAGs
[2024-12-07T04:00:58.597-0300] {logging_mixin.py:190} INFO - [2024-12-07T04:00:58.597-0300] {dag.py:4180} INFO - Setting next_dagrun for latest_only to 2024-12-07 00:00:00+00:00, run_after=2024-12-07 04:00:00+00:00
[2024-12-07T04:00:58.651-0300] {processor.py:208} INFO - Processing /home/crisu/miniconda3/envs/lab13.1/lib/python3.9/site-packages/airflow/example_dags/example_latest_only.py took 0.104 seconds
[2024-12-07T04:07:51.287-0300] {processor.py:186} INFO - Started process (PID=49215) to work on /home/crisu/miniconda3/envs/lab13.1/lib/python3.9/site-packages/airflow/example_dags/example_latest_only.py
[2024-12-07T04:07:51.289-0300] {processor.py:914} INFO - Processing file /home/crisu/miniconda3/envs/lab13.1/lib/python3.9/site-packages/airflow/example_dags/example_latest_only.py for tasks to queue
[2024-12-07T04:07:51.290-0300] {logging_mixin.py:190} INFO - [2024-12-07T04:07:51.290-0300] {dagbag.py:588} INFO - Filling up the DagBag from /home/crisu/miniconda3/envs/lab13.1/lib/python3.9/site-packages/airflow/example_dags/example_latest_only.py
[2024-12-07T04:07:51.296-0300] {processor.py:925} INFO - DAG(s) 'latest_only' retrieved from /home/crisu/miniconda3/envs/lab13.1/lib/python3.9/site-packages/airflow/example_dags/example_latest_only.py
[2024-12-07T04:07:51.310-0300] {logging_mixin.py:190} INFO - [2024-12-07T04:07:51.310-0300] {dag.py:3239} INFO - Sync 1 DAGs
[2024-12-07T04:07:51.325-0300] {logging_mixin.py:190} INFO - [2024-12-07T04:07:51.325-0300] {dag.py:4180} INFO - Setting next_dagrun for latest_only to 2024-12-07 00:00:00+00:00, run_after=2024-12-07 04:00:00+00:00
[2024-12-07T04:07:51.384-0300] {processor.py:208} INFO - Processing /home/crisu/miniconda3/envs/lab13.1/lib/python3.9/site-packages/airflow/example_dags/example_latest_only.py took 0.102 seconds
[2024-12-07T04:09:54.656-0300] {processor.py:186} INFO - Started process (PID=49462) to work on /home/crisu/miniconda3/envs/lab13.1/lib/python3.9/site-packages/airflow/example_dags/example_latest_only.py
[2024-12-07T04:09:54.658-0300] {processor.py:914} INFO - Processing file /home/crisu/miniconda3/envs/lab13.1/lib/python3.9/site-packages/airflow/example_dags/example_latest_only.py for tasks to queue
[2024-12-07T04:09:54.659-0300] {logging_mixin.py:190} INFO - [2024-12-07T04:09:54.658-0300] {dagbag.py:588} INFO - Filling up the DagBag from /home/crisu/miniconda3/envs/lab13.1/lib/python3.9/site-packages/airflow/example_dags/example_latest_only.py
[2024-12-07T04:09:54.665-0300] {processor.py:925} INFO - DAG(s) 'latest_only' retrieved from /home/crisu/miniconda3/envs/lab13.1/lib/python3.9/site-packages/airflow/example_dags/example_latest_only.py
[2024-12-07T04:09:54.677-0300] {logging_mixin.py:190} INFO - [2024-12-07T04:09:54.677-0300] {dag.py:3239} INFO - Sync 1 DAGs
[2024-12-07T04:09:54.693-0300] {logging_mixin.py:190} INFO - [2024-12-07T04:09:54.693-0300] {dag.py:4180} INFO - Setting next_dagrun for latest_only to 2024-12-07 00:00:00+00:00, run_after=2024-12-07 04:00:00+00:00
[2024-12-07T04:09:54.754-0300] {processor.py:208} INFO - Processing /home/crisu/miniconda3/envs/lab13.1/lib/python3.9/site-packages/airflow/example_dags/example_latest_only.py took 0.103 seconds
[2024-12-07T04:11:54.804-0300] {processor.py:186} INFO - Started process (PID=49633) to work on /home/crisu/miniconda3/envs/lab13.1/lib/python3.9/site-packages/airflow/example_dags/example_latest_only.py
[2024-12-07T04:11:54.808-0300] {processor.py:914} INFO - Processing file /home/crisu/miniconda3/envs/lab13.1/lib/python3.9/site-packages/airflow/example_dags/example_latest_only.py for tasks to queue
[2024-12-07T04:11:54.809-0300] {logging_mixin.py:190} INFO - [2024-12-07T04:11:54.809-0300] {dagbag.py:588} INFO - Filling up the DagBag from /home/crisu/miniconda3/envs/lab13.1/lib/python3.9/site-packages/airflow/example_dags/example_latest_only.py
[2024-12-07T04:11:54.815-0300] {processor.py:925} INFO - DAG(s) 'latest_only' retrieved from /home/crisu/miniconda3/envs/lab13.1/lib/python3.9/site-packages/airflow/example_dags/example_latest_only.py
[2024-12-07T04:11:54.829-0300] {logging_mixin.py:190} INFO - [2024-12-07T04:11:54.828-0300] {dag.py:3239} INFO - Sync 1 DAGs
[2024-12-07T04:11:54.844-0300] {logging_mixin.py:190} INFO - [2024-12-07T04:11:54.844-0300] {dag.py:4180} INFO - Setting next_dagrun for latest_only to 2024-12-07 00:00:00+00:00, run_after=2024-12-07 04:00:00+00:00
[2024-12-07T04:11:54.900-0300] {processor.py:208} INFO - Processing /home/crisu/miniconda3/envs/lab13.1/lib/python3.9/site-packages/airflow/example_dags/example_latest_only.py took 0.101 seconds
[2024-12-07T04:13:09.079-0300] {processor.py:186} INFO - Started process (PID=49754) to work on /home/crisu/miniconda3/envs/lab13.1/lib/python3.9/site-packages/airflow/example_dags/example_latest_only.py
[2024-12-07T04:13:09.093-0300] {processor.py:914} INFO - Processing file /home/crisu/miniconda3/envs/lab13.1/lib/python3.9/site-packages/airflow/example_dags/example_latest_only.py for tasks to queue
[2024-12-07T04:13:09.095-0300] {logging_mixin.py:190} INFO - [2024-12-07T04:13:09.094-0300] {dagbag.py:588} INFO - Filling up the DagBag from /home/crisu/miniconda3/envs/lab13.1/lib/python3.9/site-packages/airflow/example_dags/example_latest_only.py
[2024-12-07T04:13:09.102-0300] {processor.py:925} INFO - DAG(s) 'latest_only' retrieved from /home/crisu/miniconda3/envs/lab13.1/lib/python3.9/site-packages/airflow/example_dags/example_latest_only.py
[2024-12-07T04:13:09.117-0300] {logging_mixin.py:190} INFO - [2024-12-07T04:13:09.117-0300] {dag.py:3239} INFO - Sync 1 DAGs
[2024-12-07T04:13:09.137-0300] {logging_mixin.py:190} INFO - [2024-12-07T04:13:09.137-0300] {dag.py:4180} INFO - Setting next_dagrun for latest_only to 2024-12-07 00:00:00+00:00, run_after=2024-12-07 04:00:00+00:00
[2024-12-07T04:13:09.210-0300] {processor.py:208} INFO - Processing /home/crisu/miniconda3/envs/lab13.1/lib/python3.9/site-packages/airflow/example_dags/example_latest_only.py took 0.140 seconds
[2024-12-07T04:14:28.884-0300] {processor.py:186} INFO - Started process (PID=49936) to work on /home/crisu/miniconda3/envs/lab13.1/lib/python3.9/site-packages/airflow/example_dags/example_latest_only.py
[2024-12-07T04:14:28.892-0300] {processor.py:914} INFO - Processing file /home/crisu/miniconda3/envs/lab13.1/lib/python3.9/site-packages/airflow/example_dags/example_latest_only.py for tasks to queue
[2024-12-07T04:14:28.893-0300] {logging_mixin.py:190} INFO - [2024-12-07T04:14:28.893-0300] {dagbag.py:588} INFO - Filling up the DagBag from /home/crisu/miniconda3/envs/lab13.1/lib/python3.9/site-packages/airflow/example_dags/example_latest_only.py
[2024-12-07T04:14:28.899-0300] {processor.py:925} INFO - DAG(s) 'latest_only' retrieved from /home/crisu/miniconda3/envs/lab13.1/lib/python3.9/site-packages/airflow/example_dags/example_latest_only.py
[2024-12-07T04:14:28.914-0300] {logging_mixin.py:190} INFO - [2024-12-07T04:14:28.913-0300] {dag.py:3239} INFO - Sync 1 DAGs
[2024-12-07T04:14:28.934-0300] {logging_mixin.py:190} INFO - [2024-12-07T04:14:28.934-0300] {dag.py:4180} INFO - Setting next_dagrun for latest_only to 2024-12-07 00:00:00+00:00, run_after=2024-12-07 04:00:00+00:00
[2024-12-07T04:14:28.995-0300] {processor.py:208} INFO - Processing /home/crisu/miniconda3/envs/lab13.1/lib/python3.9/site-packages/airflow/example_dags/example_latest_only.py took 0.116 seconds
[2024-12-07T04:15:46.016-0300] {processor.py:186} INFO - Started process (PID=50045) to work on /home/crisu/miniconda3/envs/lab13.1/lib/python3.9/site-packages/airflow/example_dags/example_latest_only.py
[2024-12-07T04:15:46.019-0300] {processor.py:914} INFO - Processing file /home/crisu/miniconda3/envs/lab13.1/lib/python3.9/site-packages/airflow/example_dags/example_latest_only.py for tasks to queue
[2024-12-07T04:15:46.021-0300] {logging_mixin.py:190} INFO - [2024-12-07T04:15:46.020-0300] {dagbag.py:588} INFO - Filling up the DagBag from /home/crisu/miniconda3/envs/lab13.1/lib/python3.9/site-packages/airflow/example_dags/example_latest_only.py
[2024-12-07T04:15:46.026-0300] {processor.py:925} INFO - DAG(s) 'latest_only' retrieved from /home/crisu/miniconda3/envs/lab13.1/lib/python3.9/site-packages/airflow/example_dags/example_latest_only.py
[2024-12-07T04:15:46.039-0300] {logging_mixin.py:190} INFO - [2024-12-07T04:15:46.039-0300] {dag.py:3239} INFO - Sync 1 DAGs
[2024-12-07T04:15:46.055-0300] {logging_mixin.py:190} INFO - [2024-12-07T04:15:46.054-0300] {dag.py:4180} INFO - Setting next_dagrun for latest_only to 2024-12-07 00:00:00+00:00, run_after=2024-12-07 04:00:00+00:00
[2024-12-07T04:15:46.112-0300] {processor.py:208} INFO - Processing /home/crisu/miniconda3/envs/lab13.1/lib/python3.9/site-packages/airflow/example_dags/example_latest_only.py took 0.102 seconds
