[2024-12-07T01:55:03.105-0300] {processor.py:186} INFO - Started process (PID=34157) to work on /home/crisu/miniconda3/envs/lab13.1/lib/python3.9/site-packages/airflow/example_dags/example_latest_only_with_trigger.py
[2024-12-07T01:55:03.106-0300] {processor.py:914} INFO - Processing file /home/crisu/miniconda3/envs/lab13.1/lib/python3.9/site-packages/airflow/example_dags/example_latest_only_with_trigger.py for tasks to queue
[2024-12-07T01:55:03.107-0300] {logging_mixin.py:190} INFO - [2024-12-07T01:55:03.107-0300] {dagbag.py:588} INFO - Filling up the DagBag from /home/crisu/miniconda3/envs/lab13.1/lib/python3.9/site-packages/airflow/example_dags/example_latest_only_with_trigger.py
[2024-12-07T01:55:03.116-0300] {processor.py:925} INFO - DAG(s) 'latest_only_with_trigger' retrieved from /home/crisu/miniconda3/envs/lab13.1/lib/python3.9/site-packages/airflow/example_dags/example_latest_only_with_trigger.py
[2024-12-07T01:55:11.222-0300] {logging_mixin.py:190} INFO - [2024-12-07T01:55:11.221-0300] {override.py:1911} INFO - Created Permission View: can delete on DAG:latest_only_with_trigger
[2024-12-07T01:55:12.763-0300] {logging_mixin.py:190} INFO - [2024-12-07T01:55:12.763-0300] {override.py:1911} INFO - Created Permission View: can edit on DAG:latest_only_with_trigger
[2024-12-07T01:55:13.910-0300] {logging_mixin.py:190} INFO - [2024-12-07T01:55:13.909-0300] {override.py:1911} INFO - Created Permission View: can read on DAG:latest_only_with_trigger
[2024-12-07T01:55:16.244-0300] {logging_mixin.py:190} INFO - [2024-12-07T01:55:16.243-0300] {override.py:1911} INFO - Created Permission View: menu access on DAG Run:latest_only_with_trigger
[2024-12-07T01:55:17.243-0300] {logging_mixin.py:190} INFO - [2024-12-07T01:55:17.242-0300] {override.py:1911} INFO - Created Permission View: can delete on DAG Run:latest_only_with_trigger
[2024-12-07T01:55:18.640-0300] {logging_mixin.py:190} INFO - [2024-12-07T01:55:18.639-0300] {override.py:1911} INFO - Created Permission View: can read on DAG Run:latest_only_with_trigger
[2024-12-07T01:55:20.431-0300] {logging_mixin.py:190} INFO - [2024-12-07T01:55:20.431-0300] {override.py:1911} INFO - Created Permission View: can create on DAG Run:latest_only_with_trigger
[2024-12-07T01:55:20.432-0300] {logging_mixin.py:190} INFO - [2024-12-07T01:55:20.432-0300] {dag.py:3239} INFO - Sync 1 DAGs
[2024-12-07T01:55:20.441-0300] {logging_mixin.py:190} INFO - [2024-12-07T01:55:20.441-0300] {dag.py:3262} INFO - Creating ORM DAG for latest_only_with_trigger
[2024-12-07T01:55:20.449-0300] {logging_mixin.py:190} INFO - [2024-12-07T01:55:20.449-0300] {dag.py:4180} INFO - Setting next_dagrun for latest_only_with_trigger to 2024-12-07 00:00:00+00:00, run_after=2024-12-07 04:00:00+00:00
[2024-12-07T01:55:21.648-0300] {processor.py:208} INFO - Processing /home/crisu/miniconda3/envs/lab13.1/lib/python3.9/site-packages/airflow/example_dags/example_latest_only_with_trigger.py took 18.549 seconds
[2024-12-07T02:08:13.675-0300] {processor.py:186} INFO - Started process (PID=35462) to work on /home/crisu/miniconda3/envs/lab13.1/lib/python3.9/site-packages/airflow/example_dags/example_latest_only_with_trigger.py
[2024-12-07T02:08:13.868-0300] {processor.py:914} INFO - Processing file /home/crisu/miniconda3/envs/lab13.1/lib/python3.9/site-packages/airflow/example_dags/example_latest_only_with_trigger.py for tasks to queue
[2024-12-07T02:08:13.870-0300] {logging_mixin.py:190} INFO - [2024-12-07T02:08:13.869-0300] {dagbag.py:588} INFO - Filling up the DagBag from /home/crisu/miniconda3/envs/lab13.1/lib/python3.9/site-packages/airflow/example_dags/example_latest_only_with_trigger.py
[2024-12-07T02:08:13.876-0300] {processor.py:925} INFO - DAG(s) 'latest_only_with_trigger' retrieved from /home/crisu/miniconda3/envs/lab13.1/lib/python3.9/site-packages/airflow/example_dags/example_latest_only_with_trigger.py
[2024-12-07T02:08:13.891-0300] {logging_mixin.py:190} INFO - [2024-12-07T02:08:13.891-0300] {dag.py:3239} INFO - Sync 1 DAGs
[2024-12-07T02:08:13.910-0300] {logging_mixin.py:190} INFO - [2024-12-07T02:08:13.910-0300] {dag.py:4180} INFO - Setting next_dagrun for latest_only_with_trigger to 2024-12-07 00:00:00+00:00, run_after=2024-12-07 04:00:00+00:00
[2024-12-07T02:08:15.255-0300] {processor.py:208} INFO - Processing /home/crisu/miniconda3/envs/lab13.1/lib/python3.9/site-packages/airflow/example_dags/example_latest_only_with_trigger.py took 1.588 seconds
[2024-12-07T02:12:00.810-0300] {processor.py:186} INFO - Started process (PID=35935) to work on /home/crisu/miniconda3/envs/lab13.1/lib/python3.9/site-packages/airflow/example_dags/example_latest_only_with_trigger.py
[2024-12-07T02:12:00.826-0300] {processor.py:914} INFO - Processing file /home/crisu/miniconda3/envs/lab13.1/lib/python3.9/site-packages/airflow/example_dags/example_latest_only_with_trigger.py for tasks to queue
[2024-12-07T02:12:00.828-0300] {logging_mixin.py:190} INFO - [2024-12-07T02:12:00.827-0300] {dagbag.py:588} INFO - Filling up the DagBag from /home/crisu/miniconda3/envs/lab13.1/lib/python3.9/site-packages/airflow/example_dags/example_latest_only_with_trigger.py
[2024-12-07T02:12:00.836-0300] {processor.py:925} INFO - DAG(s) 'latest_only_with_trigger' retrieved from /home/crisu/miniconda3/envs/lab13.1/lib/python3.9/site-packages/airflow/example_dags/example_latest_only_with_trigger.py
[2024-12-07T02:12:00.854-0300] {logging_mixin.py:190} INFO - [2024-12-07T02:12:00.854-0300] {dag.py:3239} INFO - Sync 1 DAGs
[2024-12-07T02:12:00.879-0300] {logging_mixin.py:190} INFO - [2024-12-07T02:12:00.878-0300] {dag.py:4180} INFO - Setting next_dagrun for latest_only_with_trigger to 2024-12-07 00:00:00+00:00, run_after=2024-12-07 04:00:00+00:00
[2024-12-07T02:12:00.960-0300] {processor.py:208} INFO - Processing /home/crisu/miniconda3/envs/lab13.1/lib/python3.9/site-packages/airflow/example_dags/example_latest_only_with_trigger.py took 0.160 seconds
[2024-12-07T02:14:13.162-0300] {processor.py:186} INFO - Started process (PID=36246) to work on /home/crisu/miniconda3/envs/lab13.1/lib/python3.9/site-packages/airflow/example_dags/example_latest_only_with_trigger.py
[2024-12-07T02:14:13.183-0300] {processor.py:914} INFO - Processing file /home/crisu/miniconda3/envs/lab13.1/lib/python3.9/site-packages/airflow/example_dags/example_latest_only_with_trigger.py for tasks to queue
[2024-12-07T02:14:13.185-0300] {logging_mixin.py:190} INFO - [2024-12-07T02:14:13.184-0300] {dagbag.py:588} INFO - Filling up the DagBag from /home/crisu/miniconda3/envs/lab13.1/lib/python3.9/site-packages/airflow/example_dags/example_latest_only_with_trigger.py
[2024-12-07T02:14:13.192-0300] {processor.py:925} INFO - DAG(s) 'latest_only_with_trigger' retrieved from /home/crisu/miniconda3/envs/lab13.1/lib/python3.9/site-packages/airflow/example_dags/example_latest_only_with_trigger.py
[2024-12-07T02:14:13.209-0300] {logging_mixin.py:190} INFO - [2024-12-07T02:14:13.209-0300] {dag.py:3239} INFO - Sync 1 DAGs
[2024-12-07T02:14:13.234-0300] {logging_mixin.py:190} INFO - [2024-12-07T02:14:13.234-0300] {dag.py:4180} INFO - Setting next_dagrun for latest_only_with_trigger to 2024-12-07 00:00:00+00:00, run_after=2024-12-07 04:00:00+00:00
[2024-12-07T02:14:13.299-0300] {processor.py:208} INFO - Processing /home/crisu/miniconda3/envs/lab13.1/lib/python3.9/site-packages/airflow/example_dags/example_latest_only_with_trigger.py took 0.147 seconds
[2024-12-07T02:16:24.636-0300] {processor.py:186} INFO - Started process (PID=36468) to work on /home/crisu/miniconda3/envs/lab13.1/lib/python3.9/site-packages/airflow/example_dags/example_latest_only_with_trigger.py
[2024-12-07T02:16:24.645-0300] {processor.py:914} INFO - Processing file /home/crisu/miniconda3/envs/lab13.1/lib/python3.9/site-packages/airflow/example_dags/example_latest_only_with_trigger.py for tasks to queue
[2024-12-07T02:16:24.647-0300] {logging_mixin.py:190} INFO - [2024-12-07T02:16:24.647-0300] {dagbag.py:588} INFO - Filling up the DagBag from /home/crisu/miniconda3/envs/lab13.1/lib/python3.9/site-packages/airflow/example_dags/example_latest_only_with_trigger.py
[2024-12-07T02:16:24.655-0300] {processor.py:925} INFO - DAG(s) 'latest_only_with_trigger' retrieved from /home/crisu/miniconda3/envs/lab13.1/lib/python3.9/site-packages/airflow/example_dags/example_latest_only_with_trigger.py
[2024-12-07T02:16:24.668-0300] {logging_mixin.py:190} INFO - [2024-12-07T02:16:24.668-0300] {dag.py:3239} INFO - Sync 1 DAGs
[2024-12-07T02:16:24.685-0300] {logging_mixin.py:190} INFO - [2024-12-07T02:16:24.685-0300] {dag.py:4180} INFO - Setting next_dagrun for latest_only_with_trigger to 2024-12-07 00:00:00+00:00, run_after=2024-12-07 04:00:00+00:00
[2024-12-07T02:16:24.742-0300] {processor.py:208} INFO - Processing /home/crisu/miniconda3/envs/lab13.1/lib/python3.9/site-packages/airflow/example_dags/example_latest_only_with_trigger.py took 0.113 seconds
[2024-12-07T02:17:54.192-0300] {processor.py:186} INFO - Started process (PID=36621) to work on /home/crisu/miniconda3/envs/lab13.1/lib/python3.9/site-packages/airflow/example_dags/example_latest_only_with_trigger.py
[2024-12-07T02:17:54.193-0300] {processor.py:914} INFO - Processing file /home/crisu/miniconda3/envs/lab13.1/lib/python3.9/site-packages/airflow/example_dags/example_latest_only_with_trigger.py for tasks to queue
[2024-12-07T02:17:54.195-0300] {logging_mixin.py:190} INFO - [2024-12-07T02:17:54.195-0300] {dagbag.py:588} INFO - Filling up the DagBag from /home/crisu/miniconda3/envs/lab13.1/lib/python3.9/site-packages/airflow/example_dags/example_latest_only_with_trigger.py
[2024-12-07T02:17:54.202-0300] {processor.py:925} INFO - DAG(s) 'latest_only_with_trigger' retrieved from /home/crisu/miniconda3/envs/lab13.1/lib/python3.9/site-packages/airflow/example_dags/example_latest_only_with_trigger.py
[2024-12-07T02:17:54.217-0300] {logging_mixin.py:190} INFO - [2024-12-07T02:17:54.217-0300] {dag.py:3239} INFO - Sync 1 DAGs
[2024-12-07T02:17:54.238-0300] {logging_mixin.py:190} INFO - [2024-12-07T02:17:54.238-0300] {dag.py:4180} INFO - Setting next_dagrun for latest_only_with_trigger to 2024-12-07 00:00:00+00:00, run_after=2024-12-07 04:00:00+00:00
[2024-12-07T02:17:54.332-0300] {processor.py:208} INFO - Processing /home/crisu/miniconda3/envs/lab13.1/lib/python3.9/site-packages/airflow/example_dags/example_latest_only_with_trigger.py took 0.148 seconds
[2024-12-07T02:31:40.225-0300] {processor.py:186} INFO - Started process (PID=38019) to work on /home/crisu/miniconda3/envs/lab13.1/lib/python3.9/site-packages/airflow/example_dags/example_latest_only_with_trigger.py
[2024-12-07T02:31:40.281-0300] {processor.py:914} INFO - Processing file /home/crisu/miniconda3/envs/lab13.1/lib/python3.9/site-packages/airflow/example_dags/example_latest_only_with_trigger.py for tasks to queue
[2024-12-07T02:31:40.284-0300] {logging_mixin.py:190} INFO - [2024-12-07T02:31:40.283-0300] {dagbag.py:588} INFO - Filling up the DagBag from /home/crisu/miniconda3/envs/lab13.1/lib/python3.9/site-packages/airflow/example_dags/example_latest_only_with_trigger.py
[2024-12-07T02:31:40.291-0300] {processor.py:925} INFO - DAG(s) 'latest_only_with_trigger' retrieved from /home/crisu/miniconda3/envs/lab13.1/lib/python3.9/site-packages/airflow/example_dags/example_latest_only_with_trigger.py
[2024-12-07T02:31:40.308-0300] {logging_mixin.py:190} INFO - [2024-12-07T02:31:40.307-0300] {dag.py:3239} INFO - Sync 1 DAGs
[2024-12-07T02:31:40.328-0300] {logging_mixin.py:190} INFO - [2024-12-07T02:31:40.327-0300] {dag.py:4180} INFO - Setting next_dagrun for latest_only_with_trigger to 2024-12-07 00:00:00+00:00, run_after=2024-12-07 04:00:00+00:00
[2024-12-07T02:31:40.871-0300] {processor.py:208} INFO - Processing /home/crisu/miniconda3/envs/lab13.1/lib/python3.9/site-packages/airflow/example_dags/example_latest_only_with_trigger.py took 0.652 seconds
[2024-12-07T02:33:58.859-0300] {processor.py:186} INFO - Started process (PID=38263) to work on /home/crisu/miniconda3/envs/lab13.1/lib/python3.9/site-packages/airflow/example_dags/example_latest_only_with_trigger.py
[2024-12-07T02:33:58.867-0300] {processor.py:914} INFO - Processing file /home/crisu/miniconda3/envs/lab13.1/lib/python3.9/site-packages/airflow/example_dags/example_latest_only_with_trigger.py for tasks to queue
[2024-12-07T02:33:58.870-0300] {logging_mixin.py:190} INFO - [2024-12-07T02:33:58.869-0300] {dagbag.py:588} INFO - Filling up the DagBag from /home/crisu/miniconda3/envs/lab13.1/lib/python3.9/site-packages/airflow/example_dags/example_latest_only_with_trigger.py
[2024-12-07T02:33:58.876-0300] {processor.py:925} INFO - DAG(s) 'latest_only_with_trigger' retrieved from /home/crisu/miniconda3/envs/lab13.1/lib/python3.9/site-packages/airflow/example_dags/example_latest_only_with_trigger.py
[2024-12-07T02:33:58.890-0300] {logging_mixin.py:190} INFO - [2024-12-07T02:33:58.890-0300] {dag.py:3239} INFO - Sync 1 DAGs
[2024-12-07T02:33:58.908-0300] {logging_mixin.py:190} INFO - [2024-12-07T02:33:58.908-0300] {dag.py:4180} INFO - Setting next_dagrun for latest_only_with_trigger to 2024-12-07 00:00:00+00:00, run_after=2024-12-07 04:00:00+00:00
[2024-12-07T02:33:58.975-0300] {processor.py:208} INFO - Processing /home/crisu/miniconda3/envs/lab13.1/lib/python3.9/site-packages/airflow/example_dags/example_latest_only_with_trigger.py took 0.121 seconds
[2024-12-07T02:36:26.995-0300] {processor.py:186} INFO - Started process (PID=38525) to work on /home/crisu/miniconda3/envs/lab13.1/lib/python3.9/site-packages/airflow/example_dags/example_latest_only_with_trigger.py
[2024-12-07T02:36:26.997-0300] {processor.py:914} INFO - Processing file /home/crisu/miniconda3/envs/lab13.1/lib/python3.9/site-packages/airflow/example_dags/example_latest_only_with_trigger.py for tasks to queue
[2024-12-07T02:36:26.998-0300] {logging_mixin.py:190} INFO - [2024-12-07T02:36:26.998-0300] {dagbag.py:588} INFO - Filling up the DagBag from /home/crisu/miniconda3/envs/lab13.1/lib/python3.9/site-packages/airflow/example_dags/example_latest_only_with_trigger.py
[2024-12-07T02:36:27.005-0300] {processor.py:925} INFO - DAG(s) 'latest_only_with_trigger' retrieved from /home/crisu/miniconda3/envs/lab13.1/lib/python3.9/site-packages/airflow/example_dags/example_latest_only_with_trigger.py
[2024-12-07T02:36:27.019-0300] {logging_mixin.py:190} INFO - [2024-12-07T02:36:27.018-0300] {dag.py:3239} INFO - Sync 1 DAGs
[2024-12-07T02:36:27.035-0300] {logging_mixin.py:190} INFO - [2024-12-07T02:36:27.035-0300] {dag.py:4180} INFO - Setting next_dagrun for latest_only_with_trigger to 2024-12-07 00:00:00+00:00, run_after=2024-12-07 04:00:00+00:00
[2024-12-07T02:36:27.098-0300] {processor.py:208} INFO - Processing /home/crisu/miniconda3/envs/lab13.1/lib/python3.9/site-packages/airflow/example_dags/example_latest_only_with_trigger.py took 0.109 seconds
[2024-12-07T02:39:32.599-0300] {processor.py:186} INFO - Started process (PID=38799) to work on /home/crisu/miniconda3/envs/lab13.1/lib/python3.9/site-packages/airflow/example_dags/example_latest_only_with_trigger.py
[2024-12-07T02:39:32.600-0300] {processor.py:914} INFO - Processing file /home/crisu/miniconda3/envs/lab13.1/lib/python3.9/site-packages/airflow/example_dags/example_latest_only_with_trigger.py for tasks to queue
[2024-12-07T02:39:32.602-0300] {logging_mixin.py:190} INFO - [2024-12-07T02:39:32.602-0300] {dagbag.py:588} INFO - Filling up the DagBag from /home/crisu/miniconda3/envs/lab13.1/lib/python3.9/site-packages/airflow/example_dags/example_latest_only_with_trigger.py
[2024-12-07T02:39:32.609-0300] {processor.py:925} INFO - DAG(s) 'latest_only_with_trigger' retrieved from /home/crisu/miniconda3/envs/lab13.1/lib/python3.9/site-packages/airflow/example_dags/example_latest_only_with_trigger.py
[2024-12-07T02:39:32.623-0300] {logging_mixin.py:190} INFO - [2024-12-07T02:39:32.623-0300] {dag.py:3239} INFO - Sync 1 DAGs
[2024-12-07T02:39:32.639-0300] {logging_mixin.py:190} INFO - [2024-12-07T02:39:32.639-0300] {dag.py:4180} INFO - Setting next_dagrun for latest_only_with_trigger to 2024-12-07 00:00:00+00:00, run_after=2024-12-07 04:00:00+00:00
[2024-12-07T02:39:33.168-0300] {processor.py:208} INFO - Processing /home/crisu/miniconda3/envs/lab13.1/lib/python3.9/site-packages/airflow/example_dags/example_latest_only_with_trigger.py took 0.574 seconds
[2024-12-07T02:41:15.895-0300] {processor.py:186} INFO - Started process (PID=38973) to work on /home/crisu/miniconda3/envs/lab13.1/lib/python3.9/site-packages/airflow/example_dags/example_latest_only_with_trigger.py
[2024-12-07T02:41:15.901-0300] {processor.py:914} INFO - Processing file /home/crisu/miniconda3/envs/lab13.1/lib/python3.9/site-packages/airflow/example_dags/example_latest_only_with_trigger.py for tasks to queue
[2024-12-07T02:41:15.902-0300] {logging_mixin.py:190} INFO - [2024-12-07T02:41:15.902-0300] {dagbag.py:588} INFO - Filling up the DagBag from /home/crisu/miniconda3/envs/lab13.1/lib/python3.9/site-packages/airflow/example_dags/example_latest_only_with_trigger.py
[2024-12-07T02:41:15.911-0300] {processor.py:925} INFO - DAG(s) 'latest_only_with_trigger' retrieved from /home/crisu/miniconda3/envs/lab13.1/lib/python3.9/site-packages/airflow/example_dags/example_latest_only_with_trigger.py
[2024-12-07T02:41:15.925-0300] {logging_mixin.py:190} INFO - [2024-12-07T02:41:15.925-0300] {dag.py:3239} INFO - Sync 1 DAGs
[2024-12-07T02:41:15.944-0300] {logging_mixin.py:190} INFO - [2024-12-07T02:41:15.944-0300] {dag.py:4180} INFO - Setting next_dagrun for latest_only_with_trigger to 2024-12-07 00:00:00+00:00, run_after=2024-12-07 04:00:00+00:00
[2024-12-07T02:41:16.011-0300] {processor.py:208} INFO - Processing /home/crisu/miniconda3/envs/lab13.1/lib/python3.9/site-packages/airflow/example_dags/example_latest_only_with_trigger.py took 0.121 seconds
[2024-12-07T02:45:07.033-0300] {processor.py:186} INFO - Started process (PID=39729) to work on /home/crisu/miniconda3/envs/lab13.1/lib/python3.9/site-packages/airflow/example_dags/example_latest_only_with_trigger.py
[2024-12-07T02:45:07.059-0300] {processor.py:914} INFO - Processing file /home/crisu/miniconda3/envs/lab13.1/lib/python3.9/site-packages/airflow/example_dags/example_latest_only_with_trigger.py for tasks to queue
[2024-12-07T02:45:07.061-0300] {logging_mixin.py:190} INFO - [2024-12-07T02:45:07.061-0300] {dagbag.py:588} INFO - Filling up the DagBag from /home/crisu/miniconda3/envs/lab13.1/lib/python3.9/site-packages/airflow/example_dags/example_latest_only_with_trigger.py
[2024-12-07T02:45:07.067-0300] {processor.py:925} INFO - DAG(s) 'latest_only_with_trigger' retrieved from /home/crisu/miniconda3/envs/lab13.1/lib/python3.9/site-packages/airflow/example_dags/example_latest_only_with_trigger.py
[2024-12-07T02:45:07.085-0300] {logging_mixin.py:190} INFO - [2024-12-07T02:45:07.085-0300] {dag.py:3239} INFO - Sync 1 DAGs
[2024-12-07T02:45:07.107-0300] {logging_mixin.py:190} INFO - [2024-12-07T02:45:07.107-0300] {dag.py:4180} INFO - Setting next_dagrun for latest_only_with_trigger to 2024-12-07 00:00:00+00:00, run_after=2024-12-07 04:00:00+00:00
[2024-12-07T02:45:07.185-0300] {processor.py:208} INFO - Processing /home/crisu/miniconda3/envs/lab13.1/lib/python3.9/site-packages/airflow/example_dags/example_latest_only_with_trigger.py took 0.158 seconds
[2024-12-07T02:46:49.126-0300] {processor.py:186} INFO - Started process (PID=40060) to work on /home/crisu/miniconda3/envs/lab13.1/lib/python3.9/site-packages/airflow/example_dags/example_latest_only_with_trigger.py
[2024-12-07T02:46:49.146-0300] {processor.py:914} INFO - Processing file /home/crisu/miniconda3/envs/lab13.1/lib/python3.9/site-packages/airflow/example_dags/example_latest_only_with_trigger.py for tasks to queue
[2024-12-07T02:46:49.148-0300] {logging_mixin.py:190} INFO - [2024-12-07T02:46:49.148-0300] {dagbag.py:588} INFO - Filling up the DagBag from /home/crisu/miniconda3/envs/lab13.1/lib/python3.9/site-packages/airflow/example_dags/example_latest_only_with_trigger.py
[2024-12-07T02:46:49.154-0300] {processor.py:925} INFO - DAG(s) 'latest_only_with_trigger' retrieved from /home/crisu/miniconda3/envs/lab13.1/lib/python3.9/site-packages/airflow/example_dags/example_latest_only_with_trigger.py
[2024-12-07T02:46:49.170-0300] {logging_mixin.py:190} INFO - [2024-12-07T02:46:49.169-0300] {dag.py:3239} INFO - Sync 1 DAGs
[2024-12-07T02:46:49.187-0300] {logging_mixin.py:190} INFO - [2024-12-07T02:46:49.186-0300] {dag.py:4180} INFO - Setting next_dagrun for latest_only_with_trigger to 2024-12-07 00:00:00+00:00, run_after=2024-12-07 04:00:00+00:00
[2024-12-07T02:46:49.818-0300] {processor.py:208} INFO - Processing /home/crisu/miniconda3/envs/lab13.1/lib/python3.9/site-packages/airflow/example_dags/example_latest_only_with_trigger.py took 0.699 seconds
[2024-12-07T02:50:27.611-0300] {processor.py:186} INFO - Started process (PID=40817) to work on /home/crisu/miniconda3/envs/lab13.1/lib/python3.9/site-packages/airflow/example_dags/example_latest_only_with_trigger.py
[2024-12-07T02:50:27.613-0300] {processor.py:914} INFO - Processing file /home/crisu/miniconda3/envs/lab13.1/lib/python3.9/site-packages/airflow/example_dags/example_latest_only_with_trigger.py for tasks to queue
[2024-12-07T02:50:27.614-0300] {logging_mixin.py:190} INFO - [2024-12-07T02:50:27.614-0300] {dagbag.py:588} INFO - Filling up the DagBag from /home/crisu/miniconda3/envs/lab13.1/lib/python3.9/site-packages/airflow/example_dags/example_latest_only_with_trigger.py
[2024-12-07T02:50:27.623-0300] {processor.py:925} INFO - DAG(s) 'latest_only_with_trigger' retrieved from /home/crisu/miniconda3/envs/lab13.1/lib/python3.9/site-packages/airflow/example_dags/example_latest_only_with_trigger.py
[2024-12-07T02:50:27.640-0300] {logging_mixin.py:190} INFO - [2024-12-07T02:50:27.640-0300] {dag.py:3239} INFO - Sync 1 DAGs
[2024-12-07T02:50:27.661-0300] {logging_mixin.py:190} INFO - [2024-12-07T02:50:27.660-0300] {dag.py:4180} INFO - Setting next_dagrun for latest_only_with_trigger to 2024-12-07 00:00:00+00:00, run_after=2024-12-07 04:00:00+00:00
[2024-12-07T02:50:27.728-0300] {processor.py:208} INFO - Processing /home/crisu/miniconda3/envs/lab13.1/lib/python3.9/site-packages/airflow/example_dags/example_latest_only_with_trigger.py took 0.123 seconds
[2024-12-07T03:20:49.746-0300] {processor.py:186} INFO - Started process (PID=42692) to work on /home/crisu/miniconda3/envs/lab13.1/lib/python3.9/site-packages/airflow/example_dags/example_latest_only_with_trigger.py
[2024-12-07T03:20:49.818-0300] {processor.py:914} INFO - Processing file /home/crisu/miniconda3/envs/lab13.1/lib/python3.9/site-packages/airflow/example_dags/example_latest_only_with_trigger.py for tasks to queue
[2024-12-07T03:20:49.819-0300] {logging_mixin.py:190} INFO - [2024-12-07T03:20:49.819-0300] {dagbag.py:588} INFO - Filling up the DagBag from /home/crisu/miniconda3/envs/lab13.1/lib/python3.9/site-packages/airflow/example_dags/example_latest_only_with_trigger.py
[2024-12-07T03:20:49.825-0300] {processor.py:925} INFO - DAG(s) 'latest_only_with_trigger' retrieved from /home/crisu/miniconda3/envs/lab13.1/lib/python3.9/site-packages/airflow/example_dags/example_latest_only_with_trigger.py
[2024-12-07T03:20:49.841-0300] {logging_mixin.py:190} INFO - [2024-12-07T03:20:49.841-0300] {dag.py:3239} INFO - Sync 1 DAGs
[2024-12-07T03:20:49.856-0300] {logging_mixin.py:190} INFO - [2024-12-07T03:20:49.856-0300] {dag.py:4180} INFO - Setting next_dagrun for latest_only_with_trigger to 2024-12-07 00:00:00+00:00, run_after=2024-12-07 04:00:00+00:00
[2024-12-07T03:20:51.455-0300] {processor.py:208} INFO - Processing /home/crisu/miniconda3/envs/lab13.1/lib/python3.9/site-packages/airflow/example_dags/example_latest_only_with_trigger.py took 1.715 seconds
[2024-12-07T03:24:04.536-0300] {processor.py:186} INFO - Started process (PID=42931) to work on /home/crisu/miniconda3/envs/lab13.1/lib/python3.9/site-packages/airflow/example_dags/example_latest_only_with_trigger.py
[2024-12-07T03:24:04.585-0300] {processor.py:914} INFO - Processing file /home/crisu/miniconda3/envs/lab13.1/lib/python3.9/site-packages/airflow/example_dags/example_latest_only_with_trigger.py for tasks to queue
[2024-12-07T03:24:04.587-0300] {logging_mixin.py:190} INFO - [2024-12-07T03:24:04.586-0300] {dagbag.py:588} INFO - Filling up the DagBag from /home/crisu/miniconda3/envs/lab13.1/lib/python3.9/site-packages/airflow/example_dags/example_latest_only_with_trigger.py
[2024-12-07T03:24:04.593-0300] {processor.py:925} INFO - DAG(s) 'latest_only_with_trigger' retrieved from /home/crisu/miniconda3/envs/lab13.1/lib/python3.9/site-packages/airflow/example_dags/example_latest_only_with_trigger.py
[2024-12-07T03:24:04.607-0300] {logging_mixin.py:190} INFO - [2024-12-07T03:24:04.607-0300] {dag.py:3239} INFO - Sync 1 DAGs
[2024-12-07T03:24:04.624-0300] {logging_mixin.py:190} INFO - [2024-12-07T03:24:04.624-0300] {dag.py:4180} INFO - Setting next_dagrun for latest_only_with_trigger to 2024-12-07 00:00:00+00:00, run_after=2024-12-07 04:00:00+00:00
[2024-12-07T03:24:05.188-0300] {processor.py:208} INFO - Processing /home/crisu/miniconda3/envs/lab13.1/lib/python3.9/site-packages/airflow/example_dags/example_latest_only_with_trigger.py took 0.658 seconds
[2024-12-07T03:27:53.555-0300] {processor.py:186} INFO - Started process (PID=43650) to work on /home/crisu/miniconda3/envs/lab13.1/lib/python3.9/site-packages/airflow/example_dags/example_latest_only_with_trigger.py
[2024-12-07T03:27:53.576-0300] {processor.py:914} INFO - Processing file /home/crisu/miniconda3/envs/lab13.1/lib/python3.9/site-packages/airflow/example_dags/example_latest_only_with_trigger.py for tasks to queue
[2024-12-07T03:27:53.579-0300] {logging_mixin.py:190} INFO - [2024-12-07T03:27:53.578-0300] {dagbag.py:588} INFO - Filling up the DagBag from /home/crisu/miniconda3/envs/lab13.1/lib/python3.9/site-packages/airflow/example_dags/example_latest_only_with_trigger.py
[2024-12-07T03:27:53.585-0300] {processor.py:925} INFO - DAG(s) 'latest_only_with_trigger' retrieved from /home/crisu/miniconda3/envs/lab13.1/lib/python3.9/site-packages/airflow/example_dags/example_latest_only_with_trigger.py
[2024-12-07T03:27:53.600-0300] {logging_mixin.py:190} INFO - [2024-12-07T03:27:53.600-0300] {dag.py:3239} INFO - Sync 1 DAGs
[2024-12-07T03:27:53.616-0300] {logging_mixin.py:190} INFO - [2024-12-07T03:27:53.616-0300] {dag.py:4180} INFO - Setting next_dagrun for latest_only_with_trigger to 2024-12-07 00:00:00+00:00, run_after=2024-12-07 04:00:00+00:00
[2024-12-07T03:27:53.686-0300] {processor.py:208} INFO - Processing /home/crisu/miniconda3/envs/lab13.1/lib/python3.9/site-packages/airflow/example_dags/example_latest_only_with_trigger.py took 0.137 seconds
[2024-12-07T03:34:29.568-0300] {processor.py:186} INFO - Started process (PID=44621) to work on /home/crisu/miniconda3/envs/lab13.1/lib/python3.9/site-packages/airflow/example_dags/example_latest_only_with_trigger.py
[2024-12-07T03:34:29.617-0300] {processor.py:914} INFO - Processing file /home/crisu/miniconda3/envs/lab13.1/lib/python3.9/site-packages/airflow/example_dags/example_latest_only_with_trigger.py for tasks to queue
[2024-12-07T03:34:29.619-0300] {logging_mixin.py:190} INFO - [2024-12-07T03:34:29.618-0300] {dagbag.py:588} INFO - Filling up the DagBag from /home/crisu/miniconda3/envs/lab13.1/lib/python3.9/site-packages/airflow/example_dags/example_latest_only_with_trigger.py
[2024-12-07T03:34:29.624-0300] {processor.py:925} INFO - DAG(s) 'latest_only_with_trigger' retrieved from /home/crisu/miniconda3/envs/lab13.1/lib/python3.9/site-packages/airflow/example_dags/example_latest_only_with_trigger.py
[2024-12-07T03:34:29.640-0300] {logging_mixin.py:190} INFO - [2024-12-07T03:34:29.640-0300] {dag.py:3239} INFO - Sync 1 DAGs
[2024-12-07T03:34:29.656-0300] {logging_mixin.py:190} INFO - [2024-12-07T03:34:29.656-0300] {dag.py:4180} INFO - Setting next_dagrun for latest_only_with_trigger to 2024-12-07 00:00:00+00:00, run_after=2024-12-07 04:00:00+00:00
[2024-12-07T03:34:30.061-0300] {processor.py:208} INFO - Processing /home/crisu/miniconda3/envs/lab13.1/lib/python3.9/site-packages/airflow/example_dags/example_latest_only_with_trigger.py took 0.498 seconds
[2024-12-07T03:35:58.717-0300] {processor.py:186} INFO - Started process (PID=44779) to work on /home/crisu/miniconda3/envs/lab13.1/lib/python3.9/site-packages/airflow/example_dags/example_latest_only_with_trigger.py
[2024-12-07T03:35:58.725-0300] {processor.py:914} INFO - Processing file /home/crisu/miniconda3/envs/lab13.1/lib/python3.9/site-packages/airflow/example_dags/example_latest_only_with_trigger.py for tasks to queue
[2024-12-07T03:35:58.726-0300] {logging_mixin.py:190} INFO - [2024-12-07T03:35:58.726-0300] {dagbag.py:588} INFO - Filling up the DagBag from /home/crisu/miniconda3/envs/lab13.1/lib/python3.9/site-packages/airflow/example_dags/example_latest_only_with_trigger.py
[2024-12-07T03:35:58.734-0300] {processor.py:925} INFO - DAG(s) 'latest_only_with_trigger' retrieved from /home/crisu/miniconda3/envs/lab13.1/lib/python3.9/site-packages/airflow/example_dags/example_latest_only_with_trigger.py
[2024-12-07T03:35:58.749-0300] {logging_mixin.py:190} INFO - [2024-12-07T03:35:58.749-0300] {dag.py:3239} INFO - Sync 1 DAGs
[2024-12-07T03:35:58.764-0300] {logging_mixin.py:190} INFO - [2024-12-07T03:35:58.764-0300] {dag.py:4180} INFO - Setting next_dagrun for latest_only_with_trigger to 2024-12-07 00:00:00+00:00, run_after=2024-12-07 04:00:00+00:00
[2024-12-07T03:35:58.822-0300] {processor.py:208} INFO - Processing /home/crisu/miniconda3/envs/lab13.1/lib/python3.9/site-packages/airflow/example_dags/example_latest_only_with_trigger.py took 0.112 seconds
[2024-12-07T03:38:02.592-0300] {processor.py:186} INFO - Started process (PID=44987) to work on /home/crisu/miniconda3/envs/lab13.1/lib/python3.9/site-packages/airflow/example_dags/example_latest_only_with_trigger.py
[2024-12-07T03:38:02.594-0300] {processor.py:914} INFO - Processing file /home/crisu/miniconda3/envs/lab13.1/lib/python3.9/site-packages/airflow/example_dags/example_latest_only_with_trigger.py for tasks to queue
[2024-12-07T03:38:02.596-0300] {logging_mixin.py:190} INFO - [2024-12-07T03:38:02.595-0300] {dagbag.py:588} INFO - Filling up the DagBag from /home/crisu/miniconda3/envs/lab13.1/lib/python3.9/site-packages/airflow/example_dags/example_latest_only_with_trigger.py
[2024-12-07T03:38:02.605-0300] {processor.py:925} INFO - DAG(s) 'latest_only_with_trigger' retrieved from /home/crisu/miniconda3/envs/lab13.1/lib/python3.9/site-packages/airflow/example_dags/example_latest_only_with_trigger.py
[2024-12-07T03:38:02.626-0300] {logging_mixin.py:190} INFO - [2024-12-07T03:38:02.626-0300] {dag.py:3239} INFO - Sync 1 DAGs
[2024-12-07T03:38:02.649-0300] {logging_mixin.py:190} INFO - [2024-12-07T03:38:02.649-0300] {dag.py:4180} INFO - Setting next_dagrun for latest_only_with_trigger to 2024-12-07 00:00:00+00:00, run_after=2024-12-07 04:00:00+00:00
[2024-12-07T03:38:02.728-0300] {processor.py:208} INFO - Processing /home/crisu/miniconda3/envs/lab13.1/lib/python3.9/site-packages/airflow/example_dags/example_latest_only_with_trigger.py took 0.144 seconds
[2024-12-07T03:39:21.640-0300] {processor.py:186} INFO - Started process (PID=45147) to work on /home/crisu/miniconda3/envs/lab13.1/lib/python3.9/site-packages/airflow/example_dags/example_latest_only_with_trigger.py
[2024-12-07T03:39:21.652-0300] {processor.py:914} INFO - Processing file /home/crisu/miniconda3/envs/lab13.1/lib/python3.9/site-packages/airflow/example_dags/example_latest_only_with_trigger.py for tasks to queue
[2024-12-07T03:39:21.653-0300] {logging_mixin.py:190} INFO - [2024-12-07T03:39:21.653-0300] {dagbag.py:588} INFO - Filling up the DagBag from /home/crisu/miniconda3/envs/lab13.1/lib/python3.9/site-packages/airflow/example_dags/example_latest_only_with_trigger.py
[2024-12-07T03:39:21.659-0300] {processor.py:925} INFO - DAG(s) 'latest_only_with_trigger' retrieved from /home/crisu/miniconda3/envs/lab13.1/lib/python3.9/site-packages/airflow/example_dags/example_latest_only_with_trigger.py
[2024-12-07T03:39:21.672-0300] {logging_mixin.py:190} INFO - [2024-12-07T03:39:21.672-0300] {dag.py:3239} INFO - Sync 1 DAGs
[2024-12-07T03:39:21.688-0300] {logging_mixin.py:190} INFO - [2024-12-07T03:39:21.687-0300] {dag.py:4180} INFO - Setting next_dagrun for latest_only_with_trigger to 2024-12-07 00:00:00+00:00, run_after=2024-12-07 04:00:00+00:00
[2024-12-07T03:39:21.770-0300] {processor.py:208} INFO - Processing /home/crisu/miniconda3/envs/lab13.1/lib/python3.9/site-packages/airflow/example_dags/example_latest_only_with_trigger.py took 0.134 seconds
[2024-12-07T03:40:37.054-0300] {processor.py:186} INFO - Started process (PID=45287) to work on /home/crisu/miniconda3/envs/lab13.1/lib/python3.9/site-packages/airflow/example_dags/example_latest_only_with_trigger.py
[2024-12-07T03:40:37.063-0300] {processor.py:914} INFO - Processing file /home/crisu/miniconda3/envs/lab13.1/lib/python3.9/site-packages/airflow/example_dags/example_latest_only_with_trigger.py for tasks to queue
[2024-12-07T03:40:37.064-0300] {logging_mixin.py:190} INFO - [2024-12-07T03:40:37.064-0300] {dagbag.py:588} INFO - Filling up the DagBag from /home/crisu/miniconda3/envs/lab13.1/lib/python3.9/site-packages/airflow/example_dags/example_latest_only_with_trigger.py
[2024-12-07T03:40:37.070-0300] {processor.py:925} INFO - DAG(s) 'latest_only_with_trigger' retrieved from /home/crisu/miniconda3/envs/lab13.1/lib/python3.9/site-packages/airflow/example_dags/example_latest_only_with_trigger.py
[2024-12-07T03:40:37.083-0300] {logging_mixin.py:190} INFO - [2024-12-07T03:40:37.083-0300] {dag.py:3239} INFO - Sync 1 DAGs
[2024-12-07T03:40:37.098-0300] {logging_mixin.py:190} INFO - [2024-12-07T03:40:37.098-0300] {dag.py:4180} INFO - Setting next_dagrun for latest_only_with_trigger to 2024-12-07 00:00:00+00:00, run_after=2024-12-07 04:00:00+00:00
[2024-12-07T03:40:37.154-0300] {processor.py:208} INFO - Processing /home/crisu/miniconda3/envs/lab13.1/lib/python3.9/site-packages/airflow/example_dags/example_latest_only_with_trigger.py took 0.105 seconds
[2024-12-07T03:44:23.314-0300] {processor.py:186} INFO - Started process (PID=45899) to work on /home/crisu/miniconda3/envs/lab13.1/lib/python3.9/site-packages/airflow/example_dags/example_latest_only_with_trigger.py
[2024-12-07T03:44:23.316-0300] {processor.py:914} INFO - Processing file /home/crisu/miniconda3/envs/lab13.1/lib/python3.9/site-packages/airflow/example_dags/example_latest_only_with_trigger.py for tasks to queue
[2024-12-07T03:44:23.318-0300] {logging_mixin.py:190} INFO - [2024-12-07T03:44:23.317-0300] {dagbag.py:588} INFO - Filling up the DagBag from /home/crisu/miniconda3/envs/lab13.1/lib/python3.9/site-packages/airflow/example_dags/example_latest_only_with_trigger.py
[2024-12-07T03:44:23.325-0300] {processor.py:925} INFO - DAG(s) 'latest_only_with_trigger' retrieved from /home/crisu/miniconda3/envs/lab13.1/lib/python3.9/site-packages/airflow/example_dags/example_latest_only_with_trigger.py
[2024-12-07T03:44:23.340-0300] {logging_mixin.py:190} INFO - [2024-12-07T03:44:23.339-0300] {dag.py:3239} INFO - Sync 1 DAGs
[2024-12-07T03:44:23.357-0300] {logging_mixin.py:190} INFO - [2024-12-07T03:44:23.356-0300] {dag.py:4180} INFO - Setting next_dagrun for latest_only_with_trigger to 2024-12-07 00:00:00+00:00, run_after=2024-12-07 04:00:00+00:00
[2024-12-07T03:44:23.410-0300] {processor.py:208} INFO - Processing /home/crisu/miniconda3/envs/lab13.1/lib/python3.9/site-packages/airflow/example_dags/example_latest_only_with_trigger.py took 0.101 seconds
[2024-12-07T03:48:50.455-0300] {processor.py:186} INFO - Started process (PID=46767) to work on /home/crisu/miniconda3/envs/lab13.1/lib/python3.9/site-packages/airflow/example_dags/example_latest_only_with_trigger.py
[2024-12-07T03:48:50.456-0300] {processor.py:914} INFO - Processing file /home/crisu/miniconda3/envs/lab13.1/lib/python3.9/site-packages/airflow/example_dags/example_latest_only_with_trigger.py for tasks to queue
[2024-12-07T03:48:50.458-0300] {logging_mixin.py:190} INFO - [2024-12-07T03:48:50.458-0300] {dagbag.py:588} INFO - Filling up the DagBag from /home/crisu/miniconda3/envs/lab13.1/lib/python3.9/site-packages/airflow/example_dags/example_latest_only_with_trigger.py
[2024-12-07T03:48:50.465-0300] {processor.py:925} INFO - DAG(s) 'latest_only_with_trigger' retrieved from /home/crisu/miniconda3/envs/lab13.1/lib/python3.9/site-packages/airflow/example_dags/example_latest_only_with_trigger.py
[2024-12-07T03:48:50.479-0300] {logging_mixin.py:190} INFO - [2024-12-07T03:48:50.479-0300] {dag.py:3239} INFO - Sync 1 DAGs
[2024-12-07T03:48:50.496-0300] {logging_mixin.py:190} INFO - [2024-12-07T03:48:50.496-0300] {dag.py:4180} INFO - Setting next_dagrun for latest_only_with_trigger to 2024-12-07 00:00:00+00:00, run_after=2024-12-07 04:00:00+00:00
[2024-12-07T03:48:51.629-0300] {processor.py:208} INFO - Processing /home/crisu/miniconda3/envs/lab13.1/lib/python3.9/site-packages/airflow/example_dags/example_latest_only_with_trigger.py took 1.180 seconds
[2024-12-07T03:50:55.633-0300] {processor.py:186} INFO - Started process (PID=46951) to work on /home/crisu/miniconda3/envs/lab13.1/lib/python3.9/site-packages/airflow/example_dags/example_latest_only_with_trigger.py
[2024-12-07T03:50:55.634-0300] {processor.py:914} INFO - Processing file /home/crisu/miniconda3/envs/lab13.1/lib/python3.9/site-packages/airflow/example_dags/example_latest_only_with_trigger.py for tasks to queue
[2024-12-07T03:50:55.636-0300] {logging_mixin.py:190} INFO - [2024-12-07T03:50:55.636-0300] {dagbag.py:588} INFO - Filling up the DagBag from /home/crisu/miniconda3/envs/lab13.1/lib/python3.9/site-packages/airflow/example_dags/example_latest_only_with_trigger.py
[2024-12-07T03:50:55.643-0300] {processor.py:925} INFO - DAG(s) 'latest_only_with_trigger' retrieved from /home/crisu/miniconda3/envs/lab13.1/lib/python3.9/site-packages/airflow/example_dags/example_latest_only_with_trigger.py
[2024-12-07T03:50:55.657-0300] {logging_mixin.py:190} INFO - [2024-12-07T03:50:55.656-0300] {dag.py:3239} INFO - Sync 1 DAGs
[2024-12-07T03:50:55.674-0300] {logging_mixin.py:190} INFO - [2024-12-07T03:50:55.674-0300] {dag.py:4180} INFO - Setting next_dagrun for latest_only_with_trigger to 2024-12-07 00:00:00+00:00, run_after=2024-12-07 04:00:00+00:00
[2024-12-07T03:50:55.735-0300] {processor.py:208} INFO - Processing /home/crisu/miniconda3/envs/lab13.1/lib/python3.9/site-packages/airflow/example_dags/example_latest_only_with_trigger.py took 0.107 seconds
[2024-12-07T03:52:21.140-0300] {processor.py:186} INFO - Started process (PID=47063) to work on /home/crisu/miniconda3/envs/lab13.1/lib/python3.9/site-packages/airflow/example_dags/example_latest_only_with_trigger.py
[2024-12-07T03:52:21.153-0300] {processor.py:914} INFO - Processing file /home/crisu/miniconda3/envs/lab13.1/lib/python3.9/site-packages/airflow/example_dags/example_latest_only_with_trigger.py for tasks to queue
[2024-12-07T03:52:21.156-0300] {logging_mixin.py:190} INFO - [2024-12-07T03:52:21.156-0300] {dagbag.py:588} INFO - Filling up the DagBag from /home/crisu/miniconda3/envs/lab13.1/lib/python3.9/site-packages/airflow/example_dags/example_latest_only_with_trigger.py
[2024-12-07T03:52:21.167-0300] {processor.py:925} INFO - DAG(s) 'latest_only_with_trigger' retrieved from /home/crisu/miniconda3/envs/lab13.1/lib/python3.9/site-packages/airflow/example_dags/example_latest_only_with_trigger.py
[2024-12-07T03:52:21.183-0300] {logging_mixin.py:190} INFO - [2024-12-07T03:52:21.183-0300] {dag.py:3239} INFO - Sync 1 DAGs
[2024-12-07T03:52:21.208-0300] {logging_mixin.py:190} INFO - [2024-12-07T03:52:21.208-0300] {dag.py:4180} INFO - Setting next_dagrun for latest_only_with_trigger to 2024-12-07 00:00:00+00:00, run_after=2024-12-07 04:00:00+00:00
[2024-12-07T03:52:21.265-0300] {processor.py:208} INFO - Processing /home/crisu/miniconda3/envs/lab13.1/lib/python3.9/site-packages/airflow/example_dags/example_latest_only_with_trigger.py took 0.131 seconds
[2024-12-07T03:54:32.040-0300] {processor.py:186} INFO - Started process (PID=47325) to work on /home/crisu/miniconda3/envs/lab13.1/lib/python3.9/site-packages/airflow/example_dags/example_latest_only_with_trigger.py
[2024-12-07T03:54:32.042-0300] {processor.py:914} INFO - Processing file /home/crisu/miniconda3/envs/lab13.1/lib/python3.9/site-packages/airflow/example_dags/example_latest_only_with_trigger.py for tasks to queue
[2024-12-07T03:54:32.044-0300] {logging_mixin.py:190} INFO - [2024-12-07T03:54:32.043-0300] {dagbag.py:588} INFO - Filling up the DagBag from /home/crisu/miniconda3/envs/lab13.1/lib/python3.9/site-packages/airflow/example_dags/example_latest_only_with_trigger.py
[2024-12-07T03:54:32.050-0300] {processor.py:925} INFO - DAG(s) 'latest_only_with_trigger' retrieved from /home/crisu/miniconda3/envs/lab13.1/lib/python3.9/site-packages/airflow/example_dags/example_latest_only_with_trigger.py
[2024-12-07T03:54:32.064-0300] {logging_mixin.py:190} INFO - [2024-12-07T03:54:32.064-0300] {dag.py:3239} INFO - Sync 1 DAGs
[2024-12-07T03:54:32.081-0300] {logging_mixin.py:190} INFO - [2024-12-07T03:54:32.081-0300] {dag.py:4180} INFO - Setting next_dagrun for latest_only_with_trigger to 2024-12-07 00:00:00+00:00, run_after=2024-12-07 04:00:00+00:00
[2024-12-07T03:54:32.137-0300] {processor.py:208} INFO - Processing /home/crisu/miniconda3/envs/lab13.1/lib/python3.9/site-packages/airflow/example_dags/example_latest_only_with_trigger.py took 0.103 seconds
[2024-12-07T03:56:30.468-0300] {processor.py:186} INFO - Started process (PID=47573) to work on /home/crisu/miniconda3/envs/lab13.1/lib/python3.9/site-packages/airflow/example_dags/example_latest_only_with_trigger.py
[2024-12-07T03:56:30.469-0300] {processor.py:914} INFO - Processing file /home/crisu/miniconda3/envs/lab13.1/lib/python3.9/site-packages/airflow/example_dags/example_latest_only_with_trigger.py for tasks to queue
[2024-12-07T03:56:30.471-0300] {logging_mixin.py:190} INFO - [2024-12-07T03:56:30.471-0300] {dagbag.py:588} INFO - Filling up the DagBag from /home/crisu/miniconda3/envs/lab13.1/lib/python3.9/site-packages/airflow/example_dags/example_latest_only_with_trigger.py
[2024-12-07T03:56:30.478-0300] {processor.py:925} INFO - DAG(s) 'latest_only_with_trigger' retrieved from /home/crisu/miniconda3/envs/lab13.1/lib/python3.9/site-packages/airflow/example_dags/example_latest_only_with_trigger.py
[2024-12-07T03:56:30.492-0300] {logging_mixin.py:190} INFO - [2024-12-07T03:56:30.492-0300] {dag.py:3239} INFO - Sync 1 DAGs
[2024-12-07T03:56:30.508-0300] {logging_mixin.py:190} INFO - [2024-12-07T03:56:30.508-0300] {dag.py:4180} INFO - Setting next_dagrun for latest_only_with_trigger to 2024-12-07 00:00:00+00:00, run_after=2024-12-07 04:00:00+00:00
[2024-12-07T03:56:30.573-0300] {processor.py:208} INFO - Processing /home/crisu/miniconda3/envs/lab13.1/lib/python3.9/site-packages/airflow/example_dags/example_latest_only_with_trigger.py took 0.110 seconds
[2024-12-07T03:57:48.967-0300] {processor.py:186} INFO - Started process (PID=47706) to work on /home/crisu/miniconda3/envs/lab13.1/lib/python3.9/site-packages/airflow/example_dags/example_latest_only_with_trigger.py
[2024-12-07T03:57:48.971-0300] {processor.py:914} INFO - Processing file /home/crisu/miniconda3/envs/lab13.1/lib/python3.9/site-packages/airflow/example_dags/example_latest_only_with_trigger.py for tasks to queue
[2024-12-07T03:57:48.973-0300] {logging_mixin.py:190} INFO - [2024-12-07T03:57:48.973-0300] {dagbag.py:588} INFO - Filling up the DagBag from /home/crisu/miniconda3/envs/lab13.1/lib/python3.9/site-packages/airflow/example_dags/example_latest_only_with_trigger.py
[2024-12-07T03:57:48.981-0300] {processor.py:925} INFO - DAG(s) 'latest_only_with_trigger' retrieved from /home/crisu/miniconda3/envs/lab13.1/lib/python3.9/site-packages/airflow/example_dags/example_latest_only_with_trigger.py
[2024-12-07T03:57:48.994-0300] {logging_mixin.py:190} INFO - [2024-12-07T03:57:48.994-0300] {dag.py:3239} INFO - Sync 1 DAGs
[2024-12-07T03:57:49.011-0300] {logging_mixin.py:190} INFO - [2024-12-07T03:57:49.010-0300] {dag.py:4180} INFO - Setting next_dagrun for latest_only_with_trigger to 2024-12-07 00:00:00+00:00, run_after=2024-12-07 04:00:00+00:00
[2024-12-07T03:57:49.064-0300] {processor.py:208} INFO - Processing /home/crisu/miniconda3/envs/lab13.1/lib/python3.9/site-packages/airflow/example_dags/example_latest_only_with_trigger.py took 0.102 seconds
[2024-12-07T03:59:45.328-0300] {processor.py:186} INFO - Started process (PID=47974) to work on /home/crisu/miniconda3/envs/lab13.1/lib/python3.9/site-packages/airflow/example_dags/example_latest_only_with_trigger.py
[2024-12-07T03:59:45.336-0300] {processor.py:914} INFO - Processing file /home/crisu/miniconda3/envs/lab13.1/lib/python3.9/site-packages/airflow/example_dags/example_latest_only_with_trigger.py for tasks to queue
[2024-12-07T03:59:45.338-0300] {logging_mixin.py:190} INFO - [2024-12-07T03:59:45.338-0300] {dagbag.py:588} INFO - Filling up the DagBag from /home/crisu/miniconda3/envs/lab13.1/lib/python3.9/site-packages/airflow/example_dags/example_latest_only_with_trigger.py
[2024-12-07T03:59:45.346-0300] {processor.py:925} INFO - DAG(s) 'latest_only_with_trigger' retrieved from /home/crisu/miniconda3/envs/lab13.1/lib/python3.9/site-packages/airflow/example_dags/example_latest_only_with_trigger.py
[2024-12-07T03:59:45.359-0300] {logging_mixin.py:190} INFO - [2024-12-07T03:59:45.359-0300] {dag.py:3239} INFO - Sync 1 DAGs
[2024-12-07T03:59:45.377-0300] {logging_mixin.py:190} INFO - [2024-12-07T03:59:45.377-0300] {dag.py:4180} INFO - Setting next_dagrun for latest_only_with_trigger to 2024-12-07 00:00:00+00:00, run_after=2024-12-07 04:00:00+00:00
[2024-12-07T03:59:45.438-0300] {processor.py:208} INFO - Processing /home/crisu/miniconda3/envs/lab13.1/lib/python3.9/site-packages/airflow/example_dags/example_latest_only_with_trigger.py took 0.116 seconds
[2024-12-07T04:01:00.753-0300] {processor.py:186} INFO - Started process (PID=48123) to work on /home/crisu/miniconda3/envs/lab13.1/lib/python3.9/site-packages/airflow/example_dags/example_latest_only_with_trigger.py
[2024-12-07T04:01:00.758-0300] {processor.py:914} INFO - Processing file /home/crisu/miniconda3/envs/lab13.1/lib/python3.9/site-packages/airflow/example_dags/example_latest_only_with_trigger.py for tasks to queue
[2024-12-07T04:01:00.760-0300] {logging_mixin.py:190} INFO - [2024-12-07T04:01:00.760-0300] {dagbag.py:588} INFO - Filling up the DagBag from /home/crisu/miniconda3/envs/lab13.1/lib/python3.9/site-packages/airflow/example_dags/example_latest_only_with_trigger.py
[2024-12-07T04:01:00.768-0300] {processor.py:925} INFO - DAG(s) 'latest_only_with_trigger' retrieved from /home/crisu/miniconda3/envs/lab13.1/lib/python3.9/site-packages/airflow/example_dags/example_latest_only_with_trigger.py
[2024-12-07T04:01:00.782-0300] {logging_mixin.py:190} INFO - [2024-12-07T04:01:00.782-0300] {dag.py:3239} INFO - Sync 1 DAGs
[2024-12-07T04:01:00.801-0300] {logging_mixin.py:190} INFO - [2024-12-07T04:01:00.801-0300] {dag.py:4180} INFO - Setting next_dagrun for latest_only_with_trigger to 2024-12-07 00:00:00+00:00, run_after=2024-12-07 04:00:00+00:00
[2024-12-07T04:01:00.865-0300] {processor.py:208} INFO - Processing /home/crisu/miniconda3/envs/lab13.1/lib/python3.9/site-packages/airflow/example_dags/example_latest_only_with_trigger.py took 0.117 seconds
[2024-12-07T04:07:53.004-0300] {processor.py:186} INFO - Started process (PID=49217) to work on /home/crisu/miniconda3/envs/lab13.1/lib/python3.9/site-packages/airflow/example_dags/example_latest_only_with_trigger.py
[2024-12-07T04:07:53.022-0300] {processor.py:914} INFO - Processing file /home/crisu/miniconda3/envs/lab13.1/lib/python3.9/site-packages/airflow/example_dags/example_latest_only_with_trigger.py for tasks to queue
[2024-12-07T04:07:53.024-0300] {logging_mixin.py:190} INFO - [2024-12-07T04:07:53.024-0300] {dagbag.py:588} INFO - Filling up the DagBag from /home/crisu/miniconda3/envs/lab13.1/lib/python3.9/site-packages/airflow/example_dags/example_latest_only_with_trigger.py
[2024-12-07T04:07:53.031-0300] {processor.py:925} INFO - DAG(s) 'latest_only_with_trigger' retrieved from /home/crisu/miniconda3/envs/lab13.1/lib/python3.9/site-packages/airflow/example_dags/example_latest_only_with_trigger.py
[2024-12-07T04:07:53.047-0300] {logging_mixin.py:190} INFO - [2024-12-07T04:07:53.047-0300] {dag.py:3239} INFO - Sync 1 DAGs
[2024-12-07T04:07:53.064-0300] {logging_mixin.py:190} INFO - [2024-12-07T04:07:53.063-0300] {dag.py:4180} INFO - Setting next_dagrun for latest_only_with_trigger to 2024-12-07 00:00:00+00:00, run_after=2024-12-07 04:00:00+00:00
[2024-12-07T04:07:53.143-0300] {processor.py:208} INFO - Processing /home/crisu/miniconda3/envs/lab13.1/lib/python3.9/site-packages/airflow/example_dags/example_latest_only_with_trigger.py took 0.144 seconds
[2024-12-07T04:09:56.384-0300] {processor.py:186} INFO - Started process (PID=49464) to work on /home/crisu/miniconda3/envs/lab13.1/lib/python3.9/site-packages/airflow/example_dags/example_latest_only_with_trigger.py
[2024-12-07T04:09:56.405-0300] {processor.py:914} INFO - Processing file /home/crisu/miniconda3/envs/lab13.1/lib/python3.9/site-packages/airflow/example_dags/example_latest_only_with_trigger.py for tasks to queue
[2024-12-07T04:09:56.406-0300] {logging_mixin.py:190} INFO - [2024-12-07T04:09:56.406-0300] {dagbag.py:588} INFO - Filling up the DagBag from /home/crisu/miniconda3/envs/lab13.1/lib/python3.9/site-packages/airflow/example_dags/example_latest_only_with_trigger.py
[2024-12-07T04:09:56.413-0300] {processor.py:925} INFO - DAG(s) 'latest_only_with_trigger' retrieved from /home/crisu/miniconda3/envs/lab13.1/lib/python3.9/site-packages/airflow/example_dags/example_latest_only_with_trigger.py
[2024-12-07T04:09:56.427-0300] {logging_mixin.py:190} INFO - [2024-12-07T04:09:56.427-0300] {dag.py:3239} INFO - Sync 1 DAGs
[2024-12-07T04:09:56.444-0300] {logging_mixin.py:190} INFO - [2024-12-07T04:09:56.444-0300] {dag.py:4180} INFO - Setting next_dagrun for latest_only_with_trigger to 2024-12-07 00:00:00+00:00, run_after=2024-12-07 04:00:00+00:00
[2024-12-07T04:09:56.512-0300] {processor.py:208} INFO - Processing /home/crisu/miniconda3/envs/lab13.1/lib/python3.9/site-packages/airflow/example_dags/example_latest_only_with_trigger.py took 0.133 seconds
[2024-12-07T04:11:57.199-0300] {processor.py:186} INFO - Started process (PID=49635) to work on /home/crisu/miniconda3/envs/lab13.1/lib/python3.9/site-packages/airflow/example_dags/example_latest_only_with_trigger.py
[2024-12-07T04:11:57.201-0300] {processor.py:914} INFO - Processing file /home/crisu/miniconda3/envs/lab13.1/lib/python3.9/site-packages/airflow/example_dags/example_latest_only_with_trigger.py for tasks to queue
[2024-12-07T04:11:57.202-0300] {logging_mixin.py:190} INFO - [2024-12-07T04:11:57.201-0300] {dagbag.py:588} INFO - Filling up the DagBag from /home/crisu/miniconda3/envs/lab13.1/lib/python3.9/site-packages/airflow/example_dags/example_latest_only_with_trigger.py
[2024-12-07T04:11:57.210-0300] {processor.py:925} INFO - DAG(s) 'latest_only_with_trigger' retrieved from /home/crisu/miniconda3/envs/lab13.1/lib/python3.9/site-packages/airflow/example_dags/example_latest_only_with_trigger.py
[2024-12-07T04:11:57.227-0300] {logging_mixin.py:190} INFO - [2024-12-07T04:11:57.227-0300] {dag.py:3239} INFO - Sync 1 DAGs
[2024-12-07T04:11:57.242-0300] {logging_mixin.py:190} INFO - [2024-12-07T04:11:57.242-0300] {dag.py:4180} INFO - Setting next_dagrun for latest_only_with_trigger to 2024-12-07 00:00:00+00:00, run_after=2024-12-07 04:00:00+00:00
[2024-12-07T04:11:57.305-0300] {processor.py:208} INFO - Processing /home/crisu/miniconda3/envs/lab13.1/lib/python3.9/site-packages/airflow/example_dags/example_latest_only_with_trigger.py took 0.113 seconds
[2024-12-07T04:13:11.480-0300] {processor.py:186} INFO - Started process (PID=49756) to work on /home/crisu/miniconda3/envs/lab13.1/lib/python3.9/site-packages/airflow/example_dags/example_latest_only_with_trigger.py
[2024-12-07T04:13:11.493-0300] {processor.py:914} INFO - Processing file /home/crisu/miniconda3/envs/lab13.1/lib/python3.9/site-packages/airflow/example_dags/example_latest_only_with_trigger.py for tasks to queue
[2024-12-07T04:13:11.494-0300] {logging_mixin.py:190} INFO - [2024-12-07T04:13:11.494-0300] {dagbag.py:588} INFO - Filling up the DagBag from /home/crisu/miniconda3/envs/lab13.1/lib/python3.9/site-packages/airflow/example_dags/example_latest_only_with_trigger.py
[2024-12-07T04:13:11.502-0300] {processor.py:925} INFO - DAG(s) 'latest_only_with_trigger' retrieved from /home/crisu/miniconda3/envs/lab13.1/lib/python3.9/site-packages/airflow/example_dags/example_latest_only_with_trigger.py
[2024-12-07T04:13:11.517-0300] {logging_mixin.py:190} INFO - [2024-12-07T04:13:11.517-0300] {dag.py:3239} INFO - Sync 1 DAGs
[2024-12-07T04:13:11.535-0300] {logging_mixin.py:190} INFO - [2024-12-07T04:13:11.535-0300] {dag.py:4180} INFO - Setting next_dagrun for latest_only_with_trigger to 2024-12-07 00:00:00+00:00, run_after=2024-12-07 04:00:00+00:00
[2024-12-07T04:13:11.609-0300] {processor.py:208} INFO - Processing /home/crisu/miniconda3/envs/lab13.1/lib/python3.9/site-packages/airflow/example_dags/example_latest_only_with_trigger.py took 0.134 seconds
[2024-12-07T04:14:30.418-0300] {processor.py:186} INFO - Started process (PID=49938) to work on /home/crisu/miniconda3/envs/lab13.1/lib/python3.9/site-packages/airflow/example_dags/example_latest_only_with_trigger.py
[2024-12-07T04:14:30.426-0300] {processor.py:914} INFO - Processing file /home/crisu/miniconda3/envs/lab13.1/lib/python3.9/site-packages/airflow/example_dags/example_latest_only_with_trigger.py for tasks to queue
[2024-12-07T04:14:30.427-0300] {logging_mixin.py:190} INFO - [2024-12-07T04:14:30.427-0300] {dagbag.py:588} INFO - Filling up the DagBag from /home/crisu/miniconda3/envs/lab13.1/lib/python3.9/site-packages/airflow/example_dags/example_latest_only_with_trigger.py
[2024-12-07T04:14:30.434-0300] {processor.py:925} INFO - DAG(s) 'latest_only_with_trigger' retrieved from /home/crisu/miniconda3/envs/lab13.1/lib/python3.9/site-packages/airflow/example_dags/example_latest_only_with_trigger.py
[2024-12-07T04:14:30.448-0300] {logging_mixin.py:190} INFO - [2024-12-07T04:14:30.448-0300] {dag.py:3239} INFO - Sync 1 DAGs
[2024-12-07T04:14:30.465-0300] {logging_mixin.py:190} INFO - [2024-12-07T04:14:30.465-0300] {dag.py:4180} INFO - Setting next_dagrun for latest_only_with_trigger to 2024-12-07 00:00:00+00:00, run_after=2024-12-07 04:00:00+00:00
[2024-12-07T04:14:30.527-0300] {processor.py:208} INFO - Processing /home/crisu/miniconda3/envs/lab13.1/lib/python3.9/site-packages/airflow/example_dags/example_latest_only_with_trigger.py took 0.115 seconds
[2024-12-07T04:15:48.446-0300] {processor.py:186} INFO - Started process (PID=50047) to work on /home/crisu/miniconda3/envs/lab13.1/lib/python3.9/site-packages/airflow/example_dags/example_latest_only_with_trigger.py
[2024-12-07T04:15:48.453-0300] {processor.py:914} INFO - Processing file /home/crisu/miniconda3/envs/lab13.1/lib/python3.9/site-packages/airflow/example_dags/example_latest_only_with_trigger.py for tasks to queue
[2024-12-07T04:15:48.454-0300] {logging_mixin.py:190} INFO - [2024-12-07T04:15:48.454-0300] {dagbag.py:588} INFO - Filling up the DagBag from /home/crisu/miniconda3/envs/lab13.1/lib/python3.9/site-packages/airflow/example_dags/example_latest_only_with_trigger.py
[2024-12-07T04:15:48.461-0300] {processor.py:925} INFO - DAG(s) 'latest_only_with_trigger' retrieved from /home/crisu/miniconda3/envs/lab13.1/lib/python3.9/site-packages/airflow/example_dags/example_latest_only_with_trigger.py
[2024-12-07T04:15:48.476-0300] {logging_mixin.py:190} INFO - [2024-12-07T04:15:48.476-0300] {dag.py:3239} INFO - Sync 1 DAGs
[2024-12-07T04:15:48.491-0300] {logging_mixin.py:190} INFO - [2024-12-07T04:15:48.491-0300] {dag.py:4180} INFO - Setting next_dagrun for latest_only_with_trigger to 2024-12-07 00:00:00+00:00, run_after=2024-12-07 04:00:00+00:00
[2024-12-07T04:15:48.570-0300] {processor.py:208} INFO - Processing /home/crisu/miniconda3/envs/lab13.1/lib/python3.9/site-packages/airflow/example_dags/example_latest_only_with_trigger.py took 0.129 seconds
