[2024-12-07T02:10:31.751-0300] {processor.py:186} INFO - Started process (PID=35764) to work on /home/crisu/miniconda3/envs/lab13.1/lib/python3.9/site-packages/airflow/example_dags/example_branch_labels.py
[2024-12-07T02:10:31.752-0300] {processor.py:914} INFO - Processing file /home/crisu/miniconda3/envs/lab13.1/lib/python3.9/site-packages/airflow/example_dags/example_branch_labels.py for tasks to queue
[2024-12-07T02:10:31.754-0300] {logging_mixin.py:190} INFO - [2024-12-07T02:10:31.753-0300] {dagbag.py:588} INFO - Filling up the DagBag from /home/crisu/miniconda3/envs/lab13.1/lib/python3.9/site-packages/airflow/example_dags/example_branch_labels.py
[2024-12-07T02:10:31.762-0300] {processor.py:925} INFO - DAG(s) 'example_branch_labels' retrieved from /home/crisu/miniconda3/envs/lab13.1/lib/python3.9/site-packages/airflow/example_dags/example_branch_labels.py
[2024-12-07T02:10:31.944-0300] {logging_mixin.py:190} INFO - [2024-12-07T02:10:31.943-0300] {override.py:1911} INFO - Created Permission View: can edit on DAG:example_branch_labels
[2024-12-07T02:10:32.322-0300] {logging_mixin.py:190} INFO - [2024-12-07T02:10:32.321-0300] {override.py:1911} INFO - Created Permission View: can read on DAG:example_branch_labels
[2024-12-07T02:10:32.367-0300] {logging_mixin.py:190} INFO - [2024-12-07T02:10:32.367-0300] {override.py:1911} INFO - Created Permission View: can delete on DAG:example_branch_labels
[2024-12-07T02:10:32.458-0300] {logging_mixin.py:190} INFO - [2024-12-07T02:10:32.457-0300] {override.py:1911} INFO - Created Permission View: can read on DAG Run:example_branch_labels
[2024-12-07T02:10:32.504-0300] {logging_mixin.py:190} INFO - [2024-12-07T02:10:32.504-0300] {override.py:1911} INFO - Created Permission View: can delete on DAG Run:example_branch_labels
[2024-12-07T02:10:32.639-0300] {logging_mixin.py:190} INFO - [2024-12-07T02:10:32.639-0300] {override.py:1911} INFO - Created Permission View: menu access on DAG Run:example_branch_labels
[2024-12-07T02:10:32.685-0300] {logging_mixin.py:190} INFO - [2024-12-07T02:10:32.684-0300] {override.py:1911} INFO - Created Permission View: can create on DAG Run:example_branch_labels
[2024-12-07T02:10:32.685-0300] {logging_mixin.py:190} INFO - [2024-12-07T02:10:32.685-0300] {dag.py:3239} INFO - Sync 1 DAGs
[2024-12-07T02:10:32.696-0300] {logging_mixin.py:190} INFO - [2024-12-07T02:10:32.696-0300] {dag.py:3262} INFO - Creating ORM DAG for example_branch_labels
[2024-12-07T02:10:32.704-0300] {logging_mixin.py:190} INFO - [2024-12-07T02:10:32.704-0300] {dag.py:4180} INFO - Setting next_dagrun for example_branch_labels to 2024-12-06 00:00:00+00:00, run_after=2024-12-07 00:00:00+00:00
[2024-12-07T02:10:32.770-0300] {processor.py:208} INFO - Processing /home/crisu/miniconda3/envs/lab13.1/lib/python3.9/site-packages/airflow/example_dags/example_branch_labels.py took 1.029 seconds
[2024-12-07T02:12:57.192-0300] {processor.py:186} INFO - Started process (PID=36027) to work on /home/crisu/miniconda3/envs/lab13.1/lib/python3.9/site-packages/airflow/example_dags/example_branch_labels.py
[2024-12-07T02:12:57.194-0300] {processor.py:914} INFO - Processing file /home/crisu/miniconda3/envs/lab13.1/lib/python3.9/site-packages/airflow/example_dags/example_branch_labels.py for tasks to queue
[2024-12-07T02:12:57.196-0300] {logging_mixin.py:190} INFO - [2024-12-07T02:12:57.195-0300] {dagbag.py:588} INFO - Filling up the DagBag from /home/crisu/miniconda3/envs/lab13.1/lib/python3.9/site-packages/airflow/example_dags/example_branch_labels.py
[2024-12-07T02:12:57.205-0300] {processor.py:925} INFO - DAG(s) 'example_branch_labels' retrieved from /home/crisu/miniconda3/envs/lab13.1/lib/python3.9/site-packages/airflow/example_dags/example_branch_labels.py
[2024-12-07T02:12:57.219-0300] {logging_mixin.py:190} INFO - [2024-12-07T02:12:57.219-0300] {dag.py:3239} INFO - Sync 1 DAGs
[2024-12-07T02:12:57.239-0300] {logging_mixin.py:190} INFO - [2024-12-07T02:12:57.238-0300] {dag.py:4180} INFO - Setting next_dagrun for example_branch_labels to 2024-12-06 00:00:00+00:00, run_after=2024-12-07 00:00:00+00:00
[2024-12-07T02:12:57.297-0300] {processor.py:208} INFO - Processing /home/crisu/miniconda3/envs/lab13.1/lib/python3.9/site-packages/airflow/example_dags/example_branch_labels.py took 0.113 seconds
[2024-12-07T02:15:47.499-0300] {processor.py:186} INFO - Started process (PID=36390) to work on /home/crisu/miniconda3/envs/lab13.1/lib/python3.9/site-packages/airflow/example_dags/example_branch_labels.py
[2024-12-07T02:15:47.501-0300] {processor.py:914} INFO - Processing file /home/crisu/miniconda3/envs/lab13.1/lib/python3.9/site-packages/airflow/example_dags/example_branch_labels.py for tasks to queue
[2024-12-07T02:15:47.503-0300] {logging_mixin.py:190} INFO - [2024-12-07T02:15:47.502-0300] {dagbag.py:588} INFO - Filling up the DagBag from /home/crisu/miniconda3/envs/lab13.1/lib/python3.9/site-packages/airflow/example_dags/example_branch_labels.py
[2024-12-07T02:15:47.512-0300] {processor.py:925} INFO - DAG(s) 'example_branch_labels' retrieved from /home/crisu/miniconda3/envs/lab13.1/lib/python3.9/site-packages/airflow/example_dags/example_branch_labels.py
[2024-12-07T02:15:47.526-0300] {logging_mixin.py:190} INFO - [2024-12-07T02:15:47.526-0300] {dag.py:3239} INFO - Sync 1 DAGs
[2024-12-07T02:15:47.546-0300] {logging_mixin.py:190} INFO - [2024-12-07T02:15:47.546-0300] {dag.py:4180} INFO - Setting next_dagrun for example_branch_labels to 2024-12-06 00:00:00+00:00, run_after=2024-12-07 00:00:00+00:00
[2024-12-07T02:15:47.604-0300] {processor.py:208} INFO - Processing /home/crisu/miniconda3/envs/lab13.1/lib/python3.9/site-packages/airflow/example_dags/example_branch_labels.py took 0.113 seconds
[2024-12-07T02:17:23.532-0300] {processor.py:186} INFO - Started process (PID=36541) to work on /home/crisu/miniconda3/envs/lab13.1/lib/python3.9/site-packages/airflow/example_dags/example_branch_labels.py
[2024-12-07T02:17:23.536-0300] {processor.py:914} INFO - Processing file /home/crisu/miniconda3/envs/lab13.1/lib/python3.9/site-packages/airflow/example_dags/example_branch_labels.py for tasks to queue
[2024-12-07T02:17:23.538-0300] {logging_mixin.py:190} INFO - [2024-12-07T02:17:23.537-0300] {dagbag.py:588} INFO - Filling up the DagBag from /home/crisu/miniconda3/envs/lab13.1/lib/python3.9/site-packages/airflow/example_dags/example_branch_labels.py
[2024-12-07T02:17:23.546-0300] {processor.py:925} INFO - DAG(s) 'example_branch_labels' retrieved from /home/crisu/miniconda3/envs/lab13.1/lib/python3.9/site-packages/airflow/example_dags/example_branch_labels.py
[2024-12-07T02:17:23.562-0300] {logging_mixin.py:190} INFO - [2024-12-07T02:17:23.562-0300] {dag.py:3239} INFO - Sync 1 DAGs
[2024-12-07T02:17:23.579-0300] {logging_mixin.py:190} INFO - [2024-12-07T02:17:23.579-0300] {dag.py:4180} INFO - Setting next_dagrun for example_branch_labels to 2024-12-06 00:00:00+00:00, run_after=2024-12-07 00:00:00+00:00
[2024-12-07T02:17:23.638-0300] {processor.py:208} INFO - Processing /home/crisu/miniconda3/envs/lab13.1/lib/python3.9/site-packages/airflow/example_dags/example_branch_labels.py took 0.113 seconds
[2024-12-07T02:18:52.662-0300] {processor.py:186} INFO - Started process (PID=36776) to work on /home/crisu/miniconda3/envs/lab13.1/lib/python3.9/site-packages/airflow/example_dags/example_branch_labels.py
[2024-12-07T02:18:52.679-0300] {processor.py:914} INFO - Processing file /home/crisu/miniconda3/envs/lab13.1/lib/python3.9/site-packages/airflow/example_dags/example_branch_labels.py for tasks to queue
[2024-12-07T02:18:52.682-0300] {logging_mixin.py:190} INFO - [2024-12-07T02:18:52.681-0300] {dagbag.py:588} INFO - Filling up the DagBag from /home/crisu/miniconda3/envs/lab13.1/lib/python3.9/site-packages/airflow/example_dags/example_branch_labels.py
[2024-12-07T02:18:52.692-0300] {processor.py:925} INFO - DAG(s) 'example_branch_labels' retrieved from /home/crisu/miniconda3/envs/lab13.1/lib/python3.9/site-packages/airflow/example_dags/example_branch_labels.py
[2024-12-07T02:18:52.709-0300] {logging_mixin.py:190} INFO - [2024-12-07T02:18:52.709-0300] {dag.py:3239} INFO - Sync 1 DAGs
[2024-12-07T02:18:52.734-0300] {logging_mixin.py:190} INFO - [2024-12-07T02:18:52.734-0300] {dag.py:4180} INFO - Setting next_dagrun for example_branch_labels to 2024-12-06 00:00:00+00:00, run_after=2024-12-07 00:00:00+00:00
[2024-12-07T02:18:52.848-0300] {processor.py:208} INFO - Processing /home/crisu/miniconda3/envs/lab13.1/lib/python3.9/site-packages/airflow/example_dags/example_branch_labels.py took 0.195 seconds
[2024-12-07T02:33:05.672-0300] {processor.py:186} INFO - Started process (PID=38101) to work on /home/crisu/miniconda3/envs/lab13.1/lib/python3.9/site-packages/airflow/example_dags/example_branch_labels.py
[2024-12-07T02:33:05.673-0300] {processor.py:914} INFO - Processing file /home/crisu/miniconda3/envs/lab13.1/lib/python3.9/site-packages/airflow/example_dags/example_branch_labels.py for tasks to queue
[2024-12-07T02:33:05.676-0300] {logging_mixin.py:190} INFO - [2024-12-07T02:33:05.675-0300] {dagbag.py:588} INFO - Filling up the DagBag from /home/crisu/miniconda3/envs/lab13.1/lib/python3.9/site-packages/airflow/example_dags/example_branch_labels.py
[2024-12-07T02:33:05.684-0300] {processor.py:925} INFO - DAG(s) 'example_branch_labels' retrieved from /home/crisu/miniconda3/envs/lab13.1/lib/python3.9/site-packages/airflow/example_dags/example_branch_labels.py
[2024-12-07T02:33:05.698-0300] {logging_mixin.py:190} INFO - [2024-12-07T02:33:05.698-0300] {dag.py:3239} INFO - Sync 1 DAGs
[2024-12-07T02:33:05.716-0300] {logging_mixin.py:190} INFO - [2024-12-07T02:33:05.716-0300] {dag.py:4180} INFO - Setting next_dagrun for example_branch_labels to 2024-12-06 00:00:00+00:00, run_after=2024-12-07 00:00:00+00:00
[2024-12-07T02:33:06.256-0300] {processor.py:208} INFO - Processing /home/crisu/miniconda3/envs/lab13.1/lib/python3.9/site-packages/airflow/example_dags/example_branch_labels.py took 0.590 seconds
[2024-12-07T02:36:35.928-0300] {processor.py:186} INFO - Started process (PID=38533) to work on /home/crisu/miniconda3/envs/lab13.1/lib/python3.9/site-packages/airflow/example_dags/example_branch_labels.py
[2024-12-07T02:36:35.930-0300] {processor.py:914} INFO - Processing file /home/crisu/miniconda3/envs/lab13.1/lib/python3.9/site-packages/airflow/example_dags/example_branch_labels.py for tasks to queue
[2024-12-07T02:36:35.932-0300] {logging_mixin.py:190} INFO - [2024-12-07T02:36:35.931-0300] {dagbag.py:588} INFO - Filling up the DagBag from /home/crisu/miniconda3/envs/lab13.1/lib/python3.9/site-packages/airflow/example_dags/example_branch_labels.py
[2024-12-07T02:36:35.941-0300] {processor.py:925} INFO - DAG(s) 'example_branch_labels' retrieved from /home/crisu/miniconda3/envs/lab13.1/lib/python3.9/site-packages/airflow/example_dags/example_branch_labels.py
[2024-12-07T02:36:35.955-0300] {logging_mixin.py:190} INFO - [2024-12-07T02:36:35.954-0300] {dag.py:3239} INFO - Sync 1 DAGs
[2024-12-07T02:36:35.972-0300] {logging_mixin.py:190} INFO - [2024-12-07T02:36:35.972-0300] {dag.py:4180} INFO - Setting next_dagrun for example_branch_labels to 2024-12-06 00:00:00+00:00, run_after=2024-12-07 00:00:00+00:00
[2024-12-07T02:36:36.027-0300] {processor.py:208} INFO - Processing /home/crisu/miniconda3/envs/lab13.1/lib/python3.9/site-packages/airflow/example_dags/example_branch_labels.py took 0.103 seconds
[2024-12-07T02:39:51.785-0300] {processor.py:186} INFO - Started process (PID=38810) to work on /home/crisu/miniconda3/envs/lab13.1/lib/python3.9/site-packages/airflow/example_dags/example_branch_labels.py
[2024-12-07T02:39:51.786-0300] {processor.py:914} INFO - Processing file /home/crisu/miniconda3/envs/lab13.1/lib/python3.9/site-packages/airflow/example_dags/example_branch_labels.py for tasks to queue
[2024-12-07T02:39:51.788-0300] {logging_mixin.py:190} INFO - [2024-12-07T02:39:51.788-0300] {dagbag.py:588} INFO - Filling up the DagBag from /home/crisu/miniconda3/envs/lab13.1/lib/python3.9/site-packages/airflow/example_dags/example_branch_labels.py
[2024-12-07T02:39:51.797-0300] {processor.py:925} INFO - DAG(s) 'example_branch_labels' retrieved from /home/crisu/miniconda3/envs/lab13.1/lib/python3.9/site-packages/airflow/example_dags/example_branch_labels.py
[2024-12-07T02:39:51.812-0300] {logging_mixin.py:190} INFO - [2024-12-07T02:39:51.812-0300] {dag.py:3239} INFO - Sync 1 DAGs
[2024-12-07T02:39:51.835-0300] {logging_mixin.py:190} INFO - [2024-12-07T02:39:51.835-0300] {dag.py:4180} INFO - Setting next_dagrun for example_branch_labels to 2024-12-06 00:00:00+00:00, run_after=2024-12-07 00:00:00+00:00
[2024-12-07T02:39:53.019-0300] {processor.py:208} INFO - Processing /home/crisu/miniconda3/envs/lab13.1/lib/python3.9/site-packages/airflow/example_dags/example_branch_labels.py took 1.239 seconds
[2024-12-07T02:41:27.004-0300] {processor.py:186} INFO - Started process (PID=38987) to work on /home/crisu/miniconda3/envs/lab13.1/lib/python3.9/site-packages/airflow/example_dags/example_branch_labels.py
[2024-12-07T02:41:27.014-0300] {processor.py:914} INFO - Processing file /home/crisu/miniconda3/envs/lab13.1/lib/python3.9/site-packages/airflow/example_dags/example_branch_labels.py for tasks to queue
[2024-12-07T02:41:27.016-0300] {logging_mixin.py:190} INFO - [2024-12-07T02:41:27.015-0300] {dagbag.py:588} INFO - Filling up the DagBag from /home/crisu/miniconda3/envs/lab13.1/lib/python3.9/site-packages/airflow/example_dags/example_branch_labels.py
[2024-12-07T02:41:27.025-0300] {processor.py:925} INFO - DAG(s) 'example_branch_labels' retrieved from /home/crisu/miniconda3/envs/lab13.1/lib/python3.9/site-packages/airflow/example_dags/example_branch_labels.py
[2024-12-07T02:41:27.039-0300] {logging_mixin.py:190} INFO - [2024-12-07T02:41:27.039-0300] {dag.py:3239} INFO - Sync 1 DAGs
[2024-12-07T02:41:27.059-0300] {logging_mixin.py:190} INFO - [2024-12-07T02:41:27.058-0300] {dag.py:4180} INFO - Setting next_dagrun for example_branch_labels to 2024-12-06 00:00:00+00:00, run_after=2024-12-07 00:00:00+00:00
[2024-12-07T02:41:27.212-0300] {processor.py:208} INFO - Processing /home/crisu/miniconda3/envs/lab13.1/lib/python3.9/site-packages/airflow/example_dags/example_branch_labels.py took 0.213 seconds
[2024-12-07T02:45:27.363-0300] {processor.py:186} INFO - Started process (PID=39765) to work on /home/crisu/miniconda3/envs/lab13.1/lib/python3.9/site-packages/airflow/example_dags/example_branch_labels.py
[2024-12-07T02:45:27.384-0300] {processor.py:914} INFO - Processing file /home/crisu/miniconda3/envs/lab13.1/lib/python3.9/site-packages/airflow/example_dags/example_branch_labels.py for tasks to queue
[2024-12-07T02:45:27.386-0300] {logging_mixin.py:190} INFO - [2024-12-07T02:45:27.386-0300] {dagbag.py:588} INFO - Filling up the DagBag from /home/crisu/miniconda3/envs/lab13.1/lib/python3.9/site-packages/airflow/example_dags/example_branch_labels.py
[2024-12-07T02:45:27.395-0300] {processor.py:925} INFO - DAG(s) 'example_branch_labels' retrieved from /home/crisu/miniconda3/envs/lab13.1/lib/python3.9/site-packages/airflow/example_dags/example_branch_labels.py
[2024-12-07T02:45:27.409-0300] {logging_mixin.py:190} INFO - [2024-12-07T02:45:27.408-0300] {dag.py:3239} INFO - Sync 1 DAGs
[2024-12-07T02:45:27.427-0300] {logging_mixin.py:190} INFO - [2024-12-07T02:45:27.427-0300] {dag.py:4180} INFO - Setting next_dagrun for example_branch_labels to 2024-12-06 00:00:00+00:00, run_after=2024-12-07 00:00:00+00:00
[2024-12-07T02:45:27.520-0300] {processor.py:208} INFO - Processing /home/crisu/miniconda3/envs/lab13.1/lib/python3.9/site-packages/airflow/example_dags/example_branch_labels.py took 0.162 seconds
[2024-12-07T02:50:46.343-0300] {processor.py:186} INFO - Started process (PID=40870) to work on /home/crisu/miniconda3/envs/lab13.1/lib/python3.9/site-packages/airflow/example_dags/example_branch_labels.py
[2024-12-07T02:50:46.345-0300] {processor.py:914} INFO - Processing file /home/crisu/miniconda3/envs/lab13.1/lib/python3.9/site-packages/airflow/example_dags/example_branch_labels.py for tasks to queue
[2024-12-07T02:50:46.346-0300] {logging_mixin.py:190} INFO - [2024-12-07T02:50:46.346-0300] {dagbag.py:588} INFO - Filling up the DagBag from /home/crisu/miniconda3/envs/lab13.1/lib/python3.9/site-packages/airflow/example_dags/example_branch_labels.py
[2024-12-07T02:50:46.356-0300] {processor.py:925} INFO - DAG(s) 'example_branch_labels' retrieved from /home/crisu/miniconda3/envs/lab13.1/lib/python3.9/site-packages/airflow/example_dags/example_branch_labels.py
[2024-12-07T02:50:46.370-0300] {logging_mixin.py:190} INFO - [2024-12-07T02:50:46.370-0300] {dag.py:3239} INFO - Sync 1 DAGs
[2024-12-07T02:50:46.389-0300] {logging_mixin.py:190} INFO - [2024-12-07T02:50:46.389-0300] {dag.py:4180} INFO - Setting next_dagrun for example_branch_labels to 2024-12-06 00:00:00+00:00, run_after=2024-12-07 00:00:00+00:00
[2024-12-07T02:50:46.468-0300] {processor.py:208} INFO - Processing /home/crisu/miniconda3/envs/lab13.1/lib/python3.9/site-packages/airflow/example_dags/example_branch_labels.py took 0.133 seconds
[2024-12-07T03:22:16.490-0300] {processor.py:186} INFO - Started process (PID=42761) to work on /home/crisu/miniconda3/envs/lab13.1/lib/python3.9/site-packages/airflow/example_dags/example_branch_labels.py
[2024-12-07T03:22:16.506-0300] {processor.py:914} INFO - Processing file /home/crisu/miniconda3/envs/lab13.1/lib/python3.9/site-packages/airflow/example_dags/example_branch_labels.py for tasks to queue
[2024-12-07T03:22:16.507-0300] {logging_mixin.py:190} INFO - [2024-12-07T03:22:16.507-0300] {dagbag.py:588} INFO - Filling up the DagBag from /home/crisu/miniconda3/envs/lab13.1/lib/python3.9/site-packages/airflow/example_dags/example_branch_labels.py
[2024-12-07T03:22:16.515-0300] {processor.py:925} INFO - DAG(s) 'example_branch_labels' retrieved from /home/crisu/miniconda3/envs/lab13.1/lib/python3.9/site-packages/airflow/example_dags/example_branch_labels.py
[2024-12-07T03:22:16.530-0300] {logging_mixin.py:190} INFO - [2024-12-07T03:22:16.529-0300] {dag.py:3239} INFO - Sync 1 DAGs
[2024-12-07T03:22:16.547-0300] {logging_mixin.py:190} INFO - [2024-12-07T03:22:16.547-0300] {dag.py:4180} INFO - Setting next_dagrun for example_branch_labels to 2024-12-06 00:00:00+00:00, run_after=2024-12-07 00:00:00+00:00
[2024-12-07T03:22:18.024-0300] {processor.py:208} INFO - Processing /home/crisu/miniconda3/envs/lab13.1/lib/python3.9/site-packages/airflow/example_dags/example_branch_labels.py took 1.540 seconds
[2024-12-07T03:28:26.850-0300] {processor.py:186} INFO - Started process (PID=43687) to work on /home/crisu/miniconda3/envs/lab13.1/lib/python3.9/site-packages/airflow/example_dags/example_branch_labels.py
[2024-12-07T03:28:26.867-0300] {processor.py:914} INFO - Processing file /home/crisu/miniconda3/envs/lab13.1/lib/python3.9/site-packages/airflow/example_dags/example_branch_labels.py for tasks to queue
[2024-12-07T03:28:26.871-0300] {logging_mixin.py:190} INFO - [2024-12-07T03:28:26.870-0300] {dagbag.py:588} INFO - Filling up the DagBag from /home/crisu/miniconda3/envs/lab13.1/lib/python3.9/site-packages/airflow/example_dags/example_branch_labels.py
[2024-12-07T03:28:26.881-0300] {processor.py:925} INFO - DAG(s) 'example_branch_labels' retrieved from /home/crisu/miniconda3/envs/lab13.1/lib/python3.9/site-packages/airflow/example_dags/example_branch_labels.py
[2024-12-07T03:28:28.629-0300] {logging_mixin.py:190} INFO - [2024-12-07T03:28:28.628-0300] {dag.py:3239} INFO - Sync 1 DAGs
[2024-12-07T03:28:28.655-0300] {logging_mixin.py:190} INFO - [2024-12-07T03:28:28.655-0300] {dag.py:4180} INFO - Setting next_dagrun for example_branch_labels to 2024-12-06 00:00:00+00:00, run_after=2024-12-07 00:00:00+00:00
[2024-12-07T03:28:29.173-0300] {processor.py:208} INFO - Processing /home/crisu/miniconda3/envs/lab13.1/lib/python3.9/site-packages/airflow/example_dags/example_branch_labels.py took 2.329 seconds
[2024-12-07T03:35:03.641-0300] {processor.py:186} INFO - Started process (PID=44676) to work on /home/crisu/miniconda3/envs/lab13.1/lib/python3.9/site-packages/airflow/example_dags/example_branch_labels.py
[2024-12-07T03:35:03.670-0300] {processor.py:914} INFO - Processing file /home/crisu/miniconda3/envs/lab13.1/lib/python3.9/site-packages/airflow/example_dags/example_branch_labels.py for tasks to queue
[2024-12-07T03:35:03.672-0300] {logging_mixin.py:190} INFO - [2024-12-07T03:35:03.671-0300] {dagbag.py:588} INFO - Filling up the DagBag from /home/crisu/miniconda3/envs/lab13.1/lib/python3.9/site-packages/airflow/example_dags/example_branch_labels.py
[2024-12-07T03:35:03.679-0300] {processor.py:925} INFO - DAG(s) 'example_branch_labels' retrieved from /home/crisu/miniconda3/envs/lab13.1/lib/python3.9/site-packages/airflow/example_dags/example_branch_labels.py
[2024-12-07T03:35:03.694-0300] {logging_mixin.py:190} INFO - [2024-12-07T03:35:03.694-0300] {dag.py:3239} INFO - Sync 1 DAGs
[2024-12-07T03:35:03.711-0300] {logging_mixin.py:190} INFO - [2024-12-07T03:35:03.711-0300] {dag.py:4180} INFO - Setting next_dagrun for example_branch_labels to 2024-12-06 00:00:00+00:00, run_after=2024-12-07 00:00:00+00:00
[2024-12-07T03:35:04.634-0300] {processor.py:208} INFO - Processing /home/crisu/miniconda3/envs/lab13.1/lib/python3.9/site-packages/airflow/example_dags/example_branch_labels.py took 0.999 seconds
[2024-12-07T03:37:10.427-0300] {processor.py:186} INFO - Started process (PID=44871) to work on /home/crisu/miniconda3/envs/lab13.1/lib/python3.9/site-packages/airflow/example_dags/example_branch_labels.py
[2024-12-07T03:37:10.429-0300] {processor.py:914} INFO - Processing file /home/crisu/miniconda3/envs/lab13.1/lib/python3.9/site-packages/airflow/example_dags/example_branch_labels.py for tasks to queue
[2024-12-07T03:37:10.430-0300] {logging_mixin.py:190} INFO - [2024-12-07T03:37:10.429-0300] {dagbag.py:588} INFO - Filling up the DagBag from /home/crisu/miniconda3/envs/lab13.1/lib/python3.9/site-packages/airflow/example_dags/example_branch_labels.py
[2024-12-07T03:37:10.437-0300] {processor.py:925} INFO - DAG(s) 'example_branch_labels' retrieved from /home/crisu/miniconda3/envs/lab13.1/lib/python3.9/site-packages/airflow/example_dags/example_branch_labels.py
[2024-12-07T03:37:10.452-0300] {logging_mixin.py:190} INFO - [2024-12-07T03:37:10.452-0300] {dag.py:3239} INFO - Sync 1 DAGs
[2024-12-07T03:37:10.469-0300] {logging_mixin.py:190} INFO - [2024-12-07T03:37:10.469-0300] {dag.py:4180} INFO - Setting next_dagrun for example_branch_labels to 2024-12-06 00:00:00+00:00, run_after=2024-12-07 00:00:00+00:00
[2024-12-07T03:37:11.600-0300] {processor.py:208} INFO - Processing /home/crisu/miniconda3/envs/lab13.1/lib/python3.9/site-packages/airflow/example_dags/example_branch_labels.py took 1.178 seconds
[2024-12-07T03:38:48.139-0300] {processor.py:186} INFO - Started process (PID=45073) to work on /home/crisu/miniconda3/envs/lab13.1/lib/python3.9/site-packages/airflow/example_dags/example_branch_labels.py
[2024-12-07T03:38:48.145-0300] {processor.py:914} INFO - Processing file /home/crisu/miniconda3/envs/lab13.1/lib/python3.9/site-packages/airflow/example_dags/example_branch_labels.py for tasks to queue
[2024-12-07T03:38:48.146-0300] {logging_mixin.py:190} INFO - [2024-12-07T03:38:48.146-0300] {dagbag.py:588} INFO - Filling up the DagBag from /home/crisu/miniconda3/envs/lab13.1/lib/python3.9/site-packages/airflow/example_dags/example_branch_labels.py
[2024-12-07T03:38:48.154-0300] {processor.py:925} INFO - DAG(s) 'example_branch_labels' retrieved from /home/crisu/miniconda3/envs/lab13.1/lib/python3.9/site-packages/airflow/example_dags/example_branch_labels.py
[2024-12-07T03:38:48.169-0300] {logging_mixin.py:190} INFO - [2024-12-07T03:38:48.169-0300] {dag.py:3239} INFO - Sync 1 DAGs
[2024-12-07T03:38:48.186-0300] {logging_mixin.py:190} INFO - [2024-12-07T03:38:48.186-0300] {dag.py:4180} INFO - Setting next_dagrun for example_branch_labels to 2024-12-06 00:00:00+00:00, run_after=2024-12-07 00:00:00+00:00
[2024-12-07T03:38:48.358-0300] {processor.py:208} INFO - Processing /home/crisu/miniconda3/envs/lab13.1/lib/python3.9/site-packages/airflow/example_dags/example_branch_labels.py took 0.226 seconds
[2024-12-07T03:40:06.488-0300] {processor.py:186} INFO - Started process (PID=45223) to work on /home/crisu/miniconda3/envs/lab13.1/lib/python3.9/site-packages/airflow/example_dags/example_branch_labels.py
[2024-12-07T03:40:06.495-0300] {processor.py:914} INFO - Processing file /home/crisu/miniconda3/envs/lab13.1/lib/python3.9/site-packages/airflow/example_dags/example_branch_labels.py for tasks to queue
[2024-12-07T03:40:06.496-0300] {logging_mixin.py:190} INFO - [2024-12-07T03:40:06.496-0300] {dagbag.py:588} INFO - Filling up the DagBag from /home/crisu/miniconda3/envs/lab13.1/lib/python3.9/site-packages/airflow/example_dags/example_branch_labels.py
[2024-12-07T03:40:06.503-0300] {processor.py:925} INFO - DAG(s) 'example_branch_labels' retrieved from /home/crisu/miniconda3/envs/lab13.1/lib/python3.9/site-packages/airflow/example_dags/example_branch_labels.py
[2024-12-07T03:40:06.516-0300] {logging_mixin.py:190} INFO - [2024-12-07T03:40:06.516-0300] {dag.py:3239} INFO - Sync 1 DAGs
[2024-12-07T03:40:06.532-0300] {logging_mixin.py:190} INFO - [2024-12-07T03:40:06.532-0300] {dag.py:4180} INFO - Setting next_dagrun for example_branch_labels to 2024-12-06 00:00:00+00:00, run_after=2024-12-07 00:00:00+00:00
[2024-12-07T03:40:06.594-0300] {processor.py:208} INFO - Processing /home/crisu/miniconda3/envs/lab13.1/lib/python3.9/site-packages/airflow/example_dags/example_branch_labels.py took 0.111 seconds
[2024-12-07T03:47:14.815-0300] {processor.py:186} INFO - Started process (PID=46520) to work on /home/crisu/miniconda3/envs/lab13.1/lib/python3.9/site-packages/airflow/example_dags/example_branch_labels.py
[2024-12-07T03:47:14.816-0300] {processor.py:914} INFO - Processing file /home/crisu/miniconda3/envs/lab13.1/lib/python3.9/site-packages/airflow/example_dags/example_branch_labels.py for tasks to queue
[2024-12-07T03:47:14.818-0300] {logging_mixin.py:190} INFO - [2024-12-07T03:47:14.818-0300] {dagbag.py:588} INFO - Filling up the DagBag from /home/crisu/miniconda3/envs/lab13.1/lib/python3.9/site-packages/airflow/example_dags/example_branch_labels.py
[2024-12-07T03:47:14.828-0300] {processor.py:925} INFO - DAG(s) 'example_branch_labels' retrieved from /home/crisu/miniconda3/envs/lab13.1/lib/python3.9/site-packages/airflow/example_dags/example_branch_labels.py
[2024-12-07T03:47:14.842-0300] {logging_mixin.py:190} INFO - [2024-12-07T03:47:14.842-0300] {dag.py:3239} INFO - Sync 1 DAGs
[2024-12-07T03:47:14.864-0300] {logging_mixin.py:190} INFO - [2024-12-07T03:47:14.863-0300] {dag.py:4180} INFO - Setting next_dagrun for example_branch_labels to 2024-12-06 00:00:00+00:00, run_after=2024-12-07 00:00:00+00:00
[2024-12-07T03:47:14.922-0300] {processor.py:208} INFO - Processing /home/crisu/miniconda3/envs/lab13.1/lib/python3.9/site-packages/airflow/example_dags/example_branch_labels.py took 0.112 seconds
[2024-12-07T03:51:03.767-0300] {processor.py:186} INFO - Started process (PID=46959) to work on /home/crisu/miniconda3/envs/lab13.1/lib/python3.9/site-packages/airflow/example_dags/example_branch_labels.py
[2024-12-07T03:51:03.768-0300] {processor.py:914} INFO - Processing file /home/crisu/miniconda3/envs/lab13.1/lib/python3.9/site-packages/airflow/example_dags/example_branch_labels.py for tasks to queue
[2024-12-07T03:51:03.770-0300] {logging_mixin.py:190} INFO - [2024-12-07T03:51:03.770-0300] {dagbag.py:588} INFO - Filling up the DagBag from /home/crisu/miniconda3/envs/lab13.1/lib/python3.9/site-packages/airflow/example_dags/example_branch_labels.py
[2024-12-07T03:51:03.779-0300] {processor.py:925} INFO - DAG(s) 'example_branch_labels' retrieved from /home/crisu/miniconda3/envs/lab13.1/lib/python3.9/site-packages/airflow/example_dags/example_branch_labels.py
[2024-12-07T03:51:03.793-0300] {logging_mixin.py:190} INFO - [2024-12-07T03:51:03.793-0300] {dag.py:3239} INFO - Sync 1 DAGs
[2024-12-07T03:51:03.810-0300] {logging_mixin.py:190} INFO - [2024-12-07T03:51:03.810-0300] {dag.py:4180} INFO - Setting next_dagrun for example_branch_labels to 2024-12-06 00:00:00+00:00, run_after=2024-12-07 00:00:00+00:00
[2024-12-07T03:51:03.865-0300] {processor.py:208} INFO - Processing /home/crisu/miniconda3/envs/lab13.1/lib/python3.9/site-packages/airflow/example_dags/example_branch_labels.py took 0.103 seconds
[2024-12-07T03:52:31.015-0300] {processor.py:186} INFO - Started process (PID=47072) to work on /home/crisu/miniconda3/envs/lab13.1/lib/python3.9/site-packages/airflow/example_dags/example_branch_labels.py
[2024-12-07T03:52:31.027-0300] {processor.py:914} INFO - Processing file /home/crisu/miniconda3/envs/lab13.1/lib/python3.9/site-packages/airflow/example_dags/example_branch_labels.py for tasks to queue
[2024-12-07T03:52:31.031-0300] {logging_mixin.py:190} INFO - [2024-12-07T03:52:31.030-0300] {dagbag.py:588} INFO - Filling up the DagBag from /home/crisu/miniconda3/envs/lab13.1/lib/python3.9/site-packages/airflow/example_dags/example_branch_labels.py
[2024-12-07T03:52:31.042-0300] {processor.py:925} INFO - DAG(s) 'example_branch_labels' retrieved from /home/crisu/miniconda3/envs/lab13.1/lib/python3.9/site-packages/airflow/example_dags/example_branch_labels.py
[2024-12-07T03:52:31.064-0300] {logging_mixin.py:190} INFO - [2024-12-07T03:52:31.064-0300] {dag.py:3239} INFO - Sync 1 DAGs
[2024-12-07T03:52:31.096-0300] {logging_mixin.py:190} INFO - [2024-12-07T03:52:31.096-0300] {dag.py:4180} INFO - Setting next_dagrun for example_branch_labels to 2024-12-06 00:00:00+00:00, run_after=2024-12-07 00:00:00+00:00
[2024-12-07T03:52:31.162-0300] {processor.py:208} INFO - Processing /home/crisu/miniconda3/envs/lab13.1/lib/python3.9/site-packages/airflow/example_dags/example_branch_labels.py took 0.155 seconds
[2024-12-07T03:54:41.971-0300] {processor.py:186} INFO - Started process (PID=47338) to work on /home/crisu/miniconda3/envs/lab13.1/lib/python3.9/site-packages/airflow/example_dags/example_branch_labels.py
[2024-12-07T03:54:41.973-0300] {processor.py:914} INFO - Processing file /home/crisu/miniconda3/envs/lab13.1/lib/python3.9/site-packages/airflow/example_dags/example_branch_labels.py for tasks to queue
[2024-12-07T03:54:41.975-0300] {logging_mixin.py:190} INFO - [2024-12-07T03:54:41.975-0300] {dagbag.py:588} INFO - Filling up the DagBag from /home/crisu/miniconda3/envs/lab13.1/lib/python3.9/site-packages/airflow/example_dags/example_branch_labels.py
[2024-12-07T03:54:41.988-0300] {processor.py:925} INFO - DAG(s) 'example_branch_labels' retrieved from /home/crisu/miniconda3/envs/lab13.1/lib/python3.9/site-packages/airflow/example_dags/example_branch_labels.py
[2024-12-07T03:54:42.010-0300] {logging_mixin.py:190} INFO - [2024-12-07T03:54:42.010-0300] {dag.py:3239} INFO - Sync 1 DAGs
[2024-12-07T03:54:42.038-0300] {logging_mixin.py:190} INFO - [2024-12-07T03:54:42.037-0300] {dag.py:4180} INFO - Setting next_dagrun for example_branch_labels to 2024-12-06 00:00:00+00:00, run_after=2024-12-07 00:00:00+00:00
[2024-12-07T03:54:42.103-0300] {processor.py:208} INFO - Processing /home/crisu/miniconda3/envs/lab13.1/lib/python3.9/site-packages/airflow/example_dags/example_branch_labels.py took 0.139 seconds
[2024-12-07T03:56:39.501-0300] {processor.py:186} INFO - Started process (PID=47586) to work on /home/crisu/miniconda3/envs/lab13.1/lib/python3.9/site-packages/airflow/example_dags/example_branch_labels.py
[2024-12-07T03:56:39.621-0300] {processor.py:914} INFO - Processing file /home/crisu/miniconda3/envs/lab13.1/lib/python3.9/site-packages/airflow/example_dags/example_branch_labels.py for tasks to queue
[2024-12-07T03:56:39.623-0300] {logging_mixin.py:190} INFO - [2024-12-07T03:56:39.622-0300] {dagbag.py:588} INFO - Filling up the DagBag from /home/crisu/miniconda3/envs/lab13.1/lib/python3.9/site-packages/airflow/example_dags/example_branch_labels.py
[2024-12-07T03:56:39.634-0300] {processor.py:925} INFO - DAG(s) 'example_branch_labels' retrieved from /home/crisu/miniconda3/envs/lab13.1/lib/python3.9/site-packages/airflow/example_dags/example_branch_labels.py
[2024-12-07T03:56:39.653-0300] {logging_mixin.py:190} INFO - [2024-12-07T03:56:39.652-0300] {dag.py:3239} INFO - Sync 1 DAGs
[2024-12-07T03:56:39.676-0300] {logging_mixin.py:190} INFO - [2024-12-07T03:56:39.676-0300] {dag.py:4180} INFO - Setting next_dagrun for example_branch_labels to 2024-12-06 00:00:00+00:00, run_after=2024-12-07 00:00:00+00:00
[2024-12-07T03:56:39.739-0300] {processor.py:208} INFO - Processing /home/crisu/miniconda3/envs/lab13.1/lib/python3.9/site-packages/airflow/example_dags/example_branch_labels.py took 0.242 seconds
[2024-12-07T03:57:57.967-0300] {processor.py:186} INFO - Started process (PID=47714) to work on /home/crisu/miniconda3/envs/lab13.1/lib/python3.9/site-packages/airflow/example_dags/example_branch_labels.py
[2024-12-07T03:57:57.981-0300] {processor.py:914} INFO - Processing file /home/crisu/miniconda3/envs/lab13.1/lib/python3.9/site-packages/airflow/example_dags/example_branch_labels.py for tasks to queue
[2024-12-07T03:57:57.983-0300] {logging_mixin.py:190} INFO - [2024-12-07T03:57:57.983-0300] {dagbag.py:588} INFO - Filling up the DagBag from /home/crisu/miniconda3/envs/lab13.1/lib/python3.9/site-packages/airflow/example_dags/example_branch_labels.py
[2024-12-07T03:57:57.992-0300] {processor.py:925} INFO - DAG(s) 'example_branch_labels' retrieved from /home/crisu/miniconda3/envs/lab13.1/lib/python3.9/site-packages/airflow/example_dags/example_branch_labels.py
[2024-12-07T03:57:58.006-0300] {logging_mixin.py:190} INFO - [2024-12-07T03:57:58.006-0300] {dag.py:3239} INFO - Sync 1 DAGs
[2024-12-07T03:57:58.024-0300] {logging_mixin.py:190} INFO - [2024-12-07T03:57:58.024-0300] {dag.py:4180} INFO - Setting next_dagrun for example_branch_labels to 2024-12-06 00:00:00+00:00, run_after=2024-12-07 00:00:00+00:00
[2024-12-07T03:57:58.083-0300] {processor.py:208} INFO - Processing /home/crisu/miniconda3/envs/lab13.1/lib/python3.9/site-packages/airflow/example_dags/example_branch_labels.py took 0.121 seconds
[2024-12-07T03:59:53.366-0300] {processor.py:186} INFO - Started process (PID=47982) to work on /home/crisu/miniconda3/envs/lab13.1/lib/python3.9/site-packages/airflow/example_dags/example_branch_labels.py
[2024-12-07T03:59:53.377-0300] {processor.py:914} INFO - Processing file /home/crisu/miniconda3/envs/lab13.1/lib/python3.9/site-packages/airflow/example_dags/example_branch_labels.py for tasks to queue
[2024-12-07T03:59:53.379-0300] {logging_mixin.py:190} INFO - [2024-12-07T03:59:53.379-0300] {dagbag.py:588} INFO - Filling up the DagBag from /home/crisu/miniconda3/envs/lab13.1/lib/python3.9/site-packages/airflow/example_dags/example_branch_labels.py
[2024-12-07T03:59:53.388-0300] {processor.py:925} INFO - DAG(s) 'example_branch_labels' retrieved from /home/crisu/miniconda3/envs/lab13.1/lib/python3.9/site-packages/airflow/example_dags/example_branch_labels.py
[2024-12-07T03:59:53.402-0300] {logging_mixin.py:190} INFO - [2024-12-07T03:59:53.402-0300] {dag.py:3239} INFO - Sync 1 DAGs
[2024-12-07T03:59:53.420-0300] {logging_mixin.py:190} INFO - [2024-12-07T03:59:53.420-0300] {dag.py:4180} INFO - Setting next_dagrun for example_branch_labels to 2024-12-06 00:00:00+00:00, run_after=2024-12-07 00:00:00+00:00
[2024-12-07T03:59:53.484-0300] {processor.py:208} INFO - Processing /home/crisu/miniconda3/envs/lab13.1/lib/python3.9/site-packages/airflow/example_dags/example_branch_labels.py took 0.124 seconds
[2024-12-07T04:01:10.416-0300] {processor.py:186} INFO - Started process (PID=48136) to work on /home/crisu/miniconda3/envs/lab13.1/lib/python3.9/site-packages/airflow/example_dags/example_branch_labels.py
[2024-12-07T04:01:10.425-0300] {processor.py:914} INFO - Processing file /home/crisu/miniconda3/envs/lab13.1/lib/python3.9/site-packages/airflow/example_dags/example_branch_labels.py for tasks to queue
[2024-12-07T04:01:10.427-0300] {logging_mixin.py:190} INFO - [2024-12-07T04:01:10.426-0300] {dagbag.py:588} INFO - Filling up the DagBag from /home/crisu/miniconda3/envs/lab13.1/lib/python3.9/site-packages/airflow/example_dags/example_branch_labels.py
[2024-12-07T04:01:10.437-0300] {processor.py:925} INFO - DAG(s) 'example_branch_labels' retrieved from /home/crisu/miniconda3/envs/lab13.1/lib/python3.9/site-packages/airflow/example_dags/example_branch_labels.py
[2024-12-07T04:01:10.452-0300] {logging_mixin.py:190} INFO - [2024-12-07T04:01:10.452-0300] {dag.py:3239} INFO - Sync 1 DAGs
[2024-12-07T04:01:10.472-0300] {logging_mixin.py:190} INFO - [2024-12-07T04:01:10.472-0300] {dag.py:4180} INFO - Setting next_dagrun for example_branch_labels to 2024-12-06 00:00:00+00:00, run_after=2024-12-07 00:00:00+00:00
[2024-12-07T04:01:10.530-0300] {processor.py:208} INFO - Processing /home/crisu/miniconda3/envs/lab13.1/lib/python3.9/site-packages/airflow/example_dags/example_branch_labels.py took 0.119 seconds
[2024-12-07T04:08:13.179-0300] {processor.py:186} INFO - Started process (PID=49264) to work on /home/crisu/miniconda3/envs/lab13.1/lib/python3.9/site-packages/airflow/example_dags/example_branch_labels.py
[2024-12-07T04:08:13.181-0300] {processor.py:914} INFO - Processing file /home/crisu/miniconda3/envs/lab13.1/lib/python3.9/site-packages/airflow/example_dags/example_branch_labels.py for tasks to queue
[2024-12-07T04:08:13.182-0300] {logging_mixin.py:190} INFO - [2024-12-07T04:08:13.182-0300] {dagbag.py:588} INFO - Filling up the DagBag from /home/crisu/miniconda3/envs/lab13.1/lib/python3.9/site-packages/airflow/example_dags/example_branch_labels.py
[2024-12-07T04:08:13.190-0300] {processor.py:925} INFO - DAG(s) 'example_branch_labels' retrieved from /home/crisu/miniconda3/envs/lab13.1/lib/python3.9/site-packages/airflow/example_dags/example_branch_labels.py
[2024-12-07T04:08:13.205-0300] {logging_mixin.py:190} INFO - [2024-12-07T04:08:13.204-0300] {dag.py:3239} INFO - Sync 1 DAGs
[2024-12-07T04:08:13.230-0300] {logging_mixin.py:190} INFO - [2024-12-07T04:08:13.230-0300] {dag.py:4180} INFO - Setting next_dagrun for example_branch_labels to 2024-12-06 00:00:00+00:00, run_after=2024-12-07 00:00:00+00:00
[2024-12-07T04:08:13.452-0300] {processor.py:208} INFO - Processing /home/crisu/miniconda3/envs/lab13.1/lib/python3.9/site-packages/airflow/example_dags/example_branch_labels.py took 0.279 seconds
[2024-12-07T04:10:15.482-0300] {processor.py:186} INFO - Started process (PID=49488) to work on /home/crisu/miniconda3/envs/lab13.1/lib/python3.9/site-packages/airflow/example_dags/example_branch_labels.py
[2024-12-07T04:10:15.488-0300] {processor.py:914} INFO - Processing file /home/crisu/miniconda3/envs/lab13.1/lib/python3.9/site-packages/airflow/example_dags/example_branch_labels.py for tasks to queue
[2024-12-07T04:10:15.490-0300] {logging_mixin.py:190} INFO - [2024-12-07T04:10:15.489-0300] {dagbag.py:588} INFO - Filling up the DagBag from /home/crisu/miniconda3/envs/lab13.1/lib/python3.9/site-packages/airflow/example_dags/example_branch_labels.py
[2024-12-07T04:10:15.500-0300] {processor.py:925} INFO - DAG(s) 'example_branch_labels' retrieved from /home/crisu/miniconda3/envs/lab13.1/lib/python3.9/site-packages/airflow/example_dags/example_branch_labels.py
[2024-12-07T04:10:15.524-0300] {logging_mixin.py:190} INFO - [2024-12-07T04:10:15.524-0300] {dag.py:3239} INFO - Sync 1 DAGs
[2024-12-07T04:10:15.553-0300] {logging_mixin.py:190} INFO - [2024-12-07T04:10:15.553-0300] {dag.py:4180} INFO - Setting next_dagrun for example_branch_labels to 2024-12-06 00:00:00+00:00, run_after=2024-12-07 00:00:00+00:00
[2024-12-07T04:10:15.631-0300] {processor.py:208} INFO - Processing /home/crisu/miniconda3/envs/lab13.1/lib/python3.9/site-packages/airflow/example_dags/example_branch_labels.py took 0.157 seconds
[2024-12-07T04:12:16.750-0300] {processor.py:186} INFO - Started process (PID=49668) to work on /home/crisu/miniconda3/envs/lab13.1/lib/python3.9/site-packages/airflow/example_dags/example_branch_labels.py
[2024-12-07T04:12:16.752-0300] {processor.py:914} INFO - Processing file /home/crisu/miniconda3/envs/lab13.1/lib/python3.9/site-packages/airflow/example_dags/example_branch_labels.py for tasks to queue
[2024-12-07T04:12:16.753-0300] {logging_mixin.py:190} INFO - [2024-12-07T04:12:16.753-0300] {dagbag.py:588} INFO - Filling up the DagBag from /home/crisu/miniconda3/envs/lab13.1/lib/python3.9/site-packages/airflow/example_dags/example_branch_labels.py
[2024-12-07T04:12:16.760-0300] {processor.py:925} INFO - DAG(s) 'example_branch_labels' retrieved from /home/crisu/miniconda3/envs/lab13.1/lib/python3.9/site-packages/airflow/example_dags/example_branch_labels.py
[2024-12-07T04:12:16.774-0300] {logging_mixin.py:190} INFO - [2024-12-07T04:12:16.774-0300] {dag.py:3239} INFO - Sync 1 DAGs
[2024-12-07T04:12:16.791-0300] {logging_mixin.py:190} INFO - [2024-12-07T04:12:16.791-0300] {dag.py:4180} INFO - Setting next_dagrun for example_branch_labels to 2024-12-06 00:00:00+00:00, run_after=2024-12-07 00:00:00+00:00
[2024-12-07T04:12:16.850-0300] {processor.py:208} INFO - Processing /home/crisu/miniconda3/envs/lab13.1/lib/python3.9/site-packages/airflow/example_dags/example_branch_labels.py took 0.104 seconds
[2024-12-07T04:13:32.256-0300] {processor.py:186} INFO - Started process (PID=49797) to work on /home/crisu/miniconda3/envs/lab13.1/lib/python3.9/site-packages/airflow/example_dags/example_branch_labels.py
[2024-12-07T04:13:32.263-0300] {processor.py:914} INFO - Processing file /home/crisu/miniconda3/envs/lab13.1/lib/python3.9/site-packages/airflow/example_dags/example_branch_labels.py for tasks to queue
[2024-12-07T04:13:32.264-0300] {logging_mixin.py:190} INFO - [2024-12-07T04:13:32.264-0300] {dagbag.py:588} INFO - Filling up the DagBag from /home/crisu/miniconda3/envs/lab13.1/lib/python3.9/site-packages/airflow/example_dags/example_branch_labels.py
[2024-12-07T04:13:32.271-0300] {processor.py:925} INFO - DAG(s) 'example_branch_labels' retrieved from /home/crisu/miniconda3/envs/lab13.1/lib/python3.9/site-packages/airflow/example_dags/example_branch_labels.py
[2024-12-07T04:13:32.286-0300] {logging_mixin.py:190} INFO - [2024-12-07T04:13:32.286-0300] {dag.py:3239} INFO - Sync 1 DAGs
[2024-12-07T04:13:32.305-0300] {logging_mixin.py:190} INFO - [2024-12-07T04:13:32.304-0300] {dag.py:4180} INFO - Setting next_dagrun for example_branch_labels to 2024-12-06 00:00:00+00:00, run_after=2024-12-07 00:00:00+00:00
[2024-12-07T04:13:32.367-0300] {processor.py:208} INFO - Processing /home/crisu/miniconda3/envs/lab13.1/lib/python3.9/site-packages/airflow/example_dags/example_branch_labels.py took 0.118 seconds
[2024-12-07T04:14:49.666-0300] {processor.py:186} INFO - Started process (PID=49959) to work on /home/crisu/miniconda3/envs/lab13.1/lib/python3.9/site-packages/airflow/example_dags/example_branch_labels.py
[2024-12-07T04:14:49.678-0300] {processor.py:914} INFO - Processing file /home/crisu/miniconda3/envs/lab13.1/lib/python3.9/site-packages/airflow/example_dags/example_branch_labels.py for tasks to queue
[2024-12-07T04:14:49.680-0300] {logging_mixin.py:190} INFO - [2024-12-07T04:14:49.679-0300] {dagbag.py:588} INFO - Filling up the DagBag from /home/crisu/miniconda3/envs/lab13.1/lib/python3.9/site-packages/airflow/example_dags/example_branch_labels.py
[2024-12-07T04:14:49.690-0300] {processor.py:925} INFO - DAG(s) 'example_branch_labels' retrieved from /home/crisu/miniconda3/envs/lab13.1/lib/python3.9/site-packages/airflow/example_dags/example_branch_labels.py
[2024-12-07T04:14:49.706-0300] {logging_mixin.py:190} INFO - [2024-12-07T04:14:49.706-0300] {dag.py:3239} INFO - Sync 1 DAGs
[2024-12-07T04:14:49.724-0300] {logging_mixin.py:190} INFO - [2024-12-07T04:14:49.723-0300] {dag.py:4180} INFO - Setting next_dagrun for example_branch_labels to 2024-12-06 00:00:00+00:00, run_after=2024-12-07 00:00:00+00:00
[2024-12-07T04:14:49.781-0300] {processor.py:208} INFO - Processing /home/crisu/miniconda3/envs/lab13.1/lib/python3.9/site-packages/airflow/example_dags/example_branch_labels.py took 0.122 seconds
[2024-12-07T04:16:08.542-0300] {processor.py:186} INFO - Started process (PID=50073) to work on /home/crisu/miniconda3/envs/lab13.1/lib/python3.9/site-packages/airflow/example_dags/example_branch_labels.py
[2024-12-07T04:16:08.557-0300] {processor.py:914} INFO - Processing file /home/crisu/miniconda3/envs/lab13.1/lib/python3.9/site-packages/airflow/example_dags/example_branch_labels.py for tasks to queue
[2024-12-07T04:16:08.558-0300] {logging_mixin.py:190} INFO - [2024-12-07T04:16:08.558-0300] {dagbag.py:588} INFO - Filling up the DagBag from /home/crisu/miniconda3/envs/lab13.1/lib/python3.9/site-packages/airflow/example_dags/example_branch_labels.py
[2024-12-07T04:16:08.565-0300] {processor.py:925} INFO - DAG(s) 'example_branch_labels' retrieved from /home/crisu/miniconda3/envs/lab13.1/lib/python3.9/site-packages/airflow/example_dags/example_branch_labels.py
[2024-12-07T04:16:08.580-0300] {logging_mixin.py:190} INFO - [2024-12-07T04:16:08.580-0300] {dag.py:3239} INFO - Sync 1 DAGs
[2024-12-07T04:16:08.596-0300] {logging_mixin.py:190} INFO - [2024-12-07T04:16:08.596-0300] {dag.py:4180} INFO - Setting next_dagrun for example_branch_labels to 2024-12-06 00:00:00+00:00, run_after=2024-12-07 00:00:00+00:00
[2024-12-07T04:16:08.660-0300] {processor.py:208} INFO - Processing /home/crisu/miniconda3/envs/lab13.1/lib/python3.9/site-packages/airflow/example_dags/example_branch_labels.py took 0.124 seconds
