[2024-12-07T01:51:04.549-0300] {processor.py:186} INFO - Started process (PID=33900) to work on /home/crisu/miniconda3/envs/lab13.1/lib/python3.9/site-packages/airflow/example_dags/example_task_group_decorator.py
[2024-12-07T01:51:04.552-0300] {processor.py:914} INFO - Processing file /home/crisu/miniconda3/envs/lab13.1/lib/python3.9/site-packages/airflow/example_dags/example_task_group_decorator.py for tasks to queue
[2024-12-07T01:51:04.556-0300] {logging_mixin.py:190} INFO - [2024-12-07T01:51:04.555-0300] {dagbag.py:588} INFO - Filling up the DagBag from /home/crisu/miniconda3/envs/lab13.1/lib/python3.9/site-packages/airflow/example_dags/example_task_group_decorator.py
[2024-12-07T01:51:04.584-0300] {processor.py:925} INFO - DAG(s) 'example_task_group_decorator' retrieved from /home/crisu/miniconda3/envs/lab13.1/lib/python3.9/site-packages/airflow/example_dags/example_task_group_decorator.py
[2024-12-07T01:51:09.326-0300] {logging_mixin.py:190} INFO - [2024-12-07T01:51:09.326-0300] {override.py:1911} INFO - Created Permission View: can delete on DAG:example_task_group_decorator
[2024-12-07T01:51:10.350-0300] {logging_mixin.py:190} INFO - [2024-12-07T01:51:10.350-0300] {override.py:1911} INFO - Created Permission View: can edit on DAG:example_task_group_decorator
[2024-12-07T01:51:11.299-0300] {logging_mixin.py:190} INFO - [2024-12-07T01:51:11.298-0300] {override.py:1911} INFO - Created Permission View: can read on DAG:example_task_group_decorator
[2024-12-07T01:51:16.311-0300] {logging_mixin.py:190} INFO - [2024-12-07T01:51:16.311-0300] {override.py:1911} INFO - Created Permission View: menu access on DAG Run:example_task_group_decorator
[2024-12-07T01:51:17.340-0300] {logging_mixin.py:190} INFO - [2024-12-07T01:51:17.340-0300] {override.py:1911} INFO - Created Permission View: can delete on DAG Run:example_task_group_decorator
[2024-12-07T01:51:18.437-0300] {logging_mixin.py:190} INFO - [2024-12-07T01:51:18.437-0300] {override.py:1911} INFO - Created Permission View: can read on DAG Run:example_task_group_decorator
[2024-12-07T01:51:19.540-0300] {logging_mixin.py:190} INFO - [2024-12-07T01:51:19.539-0300] {override.py:1911} INFO - Created Permission View: can create on DAG Run:example_task_group_decorator
[2024-12-07T01:51:19.540-0300] {logging_mixin.py:190} INFO - [2024-12-07T01:51:19.540-0300] {dag.py:3239} INFO - Sync 1 DAGs
[2024-12-07T01:51:19.556-0300] {logging_mixin.py:190} INFO - [2024-12-07T01:51:19.556-0300] {dag.py:3262} INFO - Creating ORM DAG for example_task_group_decorator
[2024-12-07T01:51:19.557-0300] {logging_mixin.py:190} INFO - [2024-12-07T01:51:19.556-0300] {dag.py:4180} INFO - Setting next_dagrun for example_task_group_decorator to None, run_after=None
[2024-12-07T01:51:26.667-0300] {processor.py:208} INFO - Processing /home/crisu/miniconda3/envs/lab13.1/lib/python3.9/site-packages/airflow/example_dags/example_task_group_decorator.py took 22.135 seconds
[2024-12-07T02:07:39.163-0300] {processor.py:186} INFO - Started process (PID=35337) to work on /home/crisu/miniconda3/envs/lab13.1/lib/python3.9/site-packages/airflow/example_dags/example_task_group_decorator.py
[2024-12-07T02:07:39.183-0300] {processor.py:914} INFO - Processing file /home/crisu/miniconda3/envs/lab13.1/lib/python3.9/site-packages/airflow/example_dags/example_task_group_decorator.py for tasks to queue
[2024-12-07T02:07:39.185-0300] {logging_mixin.py:190} INFO - [2024-12-07T02:07:39.185-0300] {dagbag.py:588} INFO - Filling up the DagBag from /home/crisu/miniconda3/envs/lab13.1/lib/python3.9/site-packages/airflow/example_dags/example_task_group_decorator.py
[2024-12-07T02:07:39.199-0300] {processor.py:925} INFO - DAG(s) 'example_task_group_decorator' retrieved from /home/crisu/miniconda3/envs/lab13.1/lib/python3.9/site-packages/airflow/example_dags/example_task_group_decorator.py
[2024-12-07T02:07:39.220-0300] {logging_mixin.py:190} INFO - [2024-12-07T02:07:39.220-0300] {dag.py:3239} INFO - Sync 1 DAGs
[2024-12-07T02:07:39.232-0300] {logging_mixin.py:190} INFO - [2024-12-07T02:07:39.232-0300] {dag.py:4180} INFO - Setting next_dagrun for example_task_group_decorator to None, run_after=None
[2024-12-07T02:07:39.294-0300] {processor.py:208} INFO - Processing /home/crisu/miniconda3/envs/lab13.1/lib/python3.9/site-packages/airflow/example_dags/example_task_group_decorator.py took 0.139 seconds
[2024-12-07T02:11:01.639-0300] {processor.py:186} INFO - Started process (PID=35854) to work on /home/crisu/miniconda3/envs/lab13.1/lib/python3.9/site-packages/airflow/example_dags/example_task_group_decorator.py
[2024-12-07T02:11:01.640-0300] {processor.py:914} INFO - Processing file /home/crisu/miniconda3/envs/lab13.1/lib/python3.9/site-packages/airflow/example_dags/example_task_group_decorator.py for tasks to queue
[2024-12-07T02:11:01.642-0300] {logging_mixin.py:190} INFO - [2024-12-07T02:11:01.641-0300] {dagbag.py:588} INFO - Filling up the DagBag from /home/crisu/miniconda3/envs/lab13.1/lib/python3.9/site-packages/airflow/example_dags/example_task_group_decorator.py
[2024-12-07T02:11:01.655-0300] {processor.py:925} INFO - DAG(s) 'example_task_group_decorator' retrieved from /home/crisu/miniconda3/envs/lab13.1/lib/python3.9/site-packages/airflow/example_dags/example_task_group_decorator.py
[2024-12-07T02:11:01.673-0300] {logging_mixin.py:190} INFO - [2024-12-07T02:11:01.673-0300] {dag.py:3239} INFO - Sync 1 DAGs
[2024-12-07T02:11:01.685-0300] {logging_mixin.py:190} INFO - [2024-12-07T02:11:01.684-0300] {dag.py:4180} INFO - Setting next_dagrun for example_task_group_decorator to None, run_after=None
[2024-12-07T02:11:01.811-0300] {processor.py:208} INFO - Processing /home/crisu/miniconda3/envs/lab13.1/lib/python3.9/site-packages/airflow/example_dags/example_task_group_decorator.py took 0.180 seconds
[2024-12-07T02:12:37.313-0300] {processor.py:186} INFO - Started process (PID=36004) to work on /home/crisu/miniconda3/envs/lab13.1/lib/python3.9/site-packages/airflow/example_dags/example_task_group_decorator.py
[2024-12-07T02:12:37.338-0300] {processor.py:914} INFO - Processing file /home/crisu/miniconda3/envs/lab13.1/lib/python3.9/site-packages/airflow/example_dags/example_task_group_decorator.py for tasks to queue
[2024-12-07T02:12:37.341-0300] {logging_mixin.py:190} INFO - [2024-12-07T02:12:37.341-0300] {dagbag.py:588} INFO - Filling up the DagBag from /home/crisu/miniconda3/envs/lab13.1/lib/python3.9/site-packages/airflow/example_dags/example_task_group_decorator.py
[2024-12-07T02:12:37.404-0300] {processor.py:925} INFO - DAG(s) 'example_task_group_decorator' retrieved from /home/crisu/miniconda3/envs/lab13.1/lib/python3.9/site-packages/airflow/example_dags/example_task_group_decorator.py
[2024-12-07T02:12:37.444-0300] {logging_mixin.py:190} INFO - [2024-12-07T02:12:37.444-0300] {dag.py:3239} INFO - Sync 1 DAGs
[2024-12-07T02:12:37.463-0300] {logging_mixin.py:190} INFO - [2024-12-07T02:12:37.462-0300] {dag.py:4180} INFO - Setting next_dagrun for example_task_group_decorator to None, run_after=None
[2024-12-07T02:12:37.532-0300] {processor.py:208} INFO - Processing /home/crisu/miniconda3/envs/lab13.1/lib/python3.9/site-packages/airflow/example_dags/example_task_group_decorator.py took 0.236 seconds
[2024-12-07T02:15:12.351-0300] {processor.py:186} INFO - Started process (PID=36344) to work on /home/crisu/miniconda3/envs/lab13.1/lib/python3.9/site-packages/airflow/example_dags/example_task_group_decorator.py
[2024-12-07T02:15:12.466-0300] {processor.py:914} INFO - Processing file /home/crisu/miniconda3/envs/lab13.1/lib/python3.9/site-packages/airflow/example_dags/example_task_group_decorator.py for tasks to queue
[2024-12-07T02:15:12.468-0300] {logging_mixin.py:190} INFO - [2024-12-07T02:15:12.467-0300] {dagbag.py:588} INFO - Filling up the DagBag from /home/crisu/miniconda3/envs/lab13.1/lib/python3.9/site-packages/airflow/example_dags/example_task_group_decorator.py
[2024-12-07T02:15:12.486-0300] {processor.py:925} INFO - DAG(s) 'example_task_group_decorator' retrieved from /home/crisu/miniconda3/envs/lab13.1/lib/python3.9/site-packages/airflow/example_dags/example_task_group_decorator.py
[2024-12-07T02:15:12.515-0300] {logging_mixin.py:190} INFO - [2024-12-07T02:15:12.515-0300] {dag.py:3239} INFO - Sync 1 DAGs
[2024-12-07T02:15:12.530-0300] {logging_mixin.py:190} INFO - [2024-12-07T02:15:12.530-0300] {dag.py:4180} INFO - Setting next_dagrun for example_task_group_decorator to None, run_after=None
[2024-12-07T02:15:13.294-0300] {processor.py:208} INFO - Processing /home/crisu/miniconda3/envs/lab13.1/lib/python3.9/site-packages/airflow/example_dags/example_task_group_decorator.py took 0.955 seconds
[2024-12-07T02:16:13.051-0300] {processor.py:186} INFO - Started process (PID=36458) to work on /home/crisu/miniconda3/envs/lab13.1/lib/python3.9/site-packages/airflow/example_dags/example_task_group_decorator.py
[2024-12-07T02:16:13.058-0300] {processor.py:914} INFO - Processing file /home/crisu/miniconda3/envs/lab13.1/lib/python3.9/site-packages/airflow/example_dags/example_task_group_decorator.py for tasks to queue
[2024-12-07T02:16:13.060-0300] {logging_mixin.py:190} INFO - [2024-12-07T02:16:13.060-0300] {dagbag.py:588} INFO - Filling up the DagBag from /home/crisu/miniconda3/envs/lab13.1/lib/python3.9/site-packages/airflow/example_dags/example_task_group_decorator.py
[2024-12-07T02:16:13.074-0300] {processor.py:925} INFO - DAG(s) 'example_task_group_decorator' retrieved from /home/crisu/miniconda3/envs/lab13.1/lib/python3.9/site-packages/airflow/example_dags/example_task_group_decorator.py
[2024-12-07T02:16:13.094-0300] {logging_mixin.py:190} INFO - [2024-12-07T02:16:13.093-0300] {dag.py:3239} INFO - Sync 1 DAGs
[2024-12-07T02:16:13.104-0300] {logging_mixin.py:190} INFO - [2024-12-07T02:16:13.104-0300] {dag.py:4180} INFO - Setting next_dagrun for example_task_group_decorator to None, run_after=None
[2024-12-07T02:16:13.169-0300] {processor.py:208} INFO - Processing /home/crisu/miniconda3/envs/lab13.1/lib/python3.9/site-packages/airflow/example_dags/example_task_group_decorator.py took 0.125 seconds
[2024-12-07T02:17:02.006-0300] {processor.py:186} INFO - Started process (PID=36524) to work on /home/crisu/miniconda3/envs/lab13.1/lib/python3.9/site-packages/airflow/example_dags/example_task_group_decorator.py
[2024-12-07T02:17:02.088-0300] {processor.py:914} INFO - Processing file /home/crisu/miniconda3/envs/lab13.1/lib/python3.9/site-packages/airflow/example_dags/example_task_group_decorator.py for tasks to queue
[2024-12-07T02:17:02.089-0300] {logging_mixin.py:190} INFO - [2024-12-07T02:17:02.089-0300] {dagbag.py:588} INFO - Filling up the DagBag from /home/crisu/miniconda3/envs/lab13.1/lib/python3.9/site-packages/airflow/example_dags/example_task_group_decorator.py
[2024-12-07T02:17:02.103-0300] {processor.py:925} INFO - DAG(s) 'example_task_group_decorator' retrieved from /home/crisu/miniconda3/envs/lab13.1/lib/python3.9/site-packages/airflow/example_dags/example_task_group_decorator.py
[2024-12-07T02:17:02.121-0300] {logging_mixin.py:190} INFO - [2024-12-07T02:17:02.121-0300] {dag.py:3239} INFO - Sync 1 DAGs
[2024-12-07T02:17:02.133-0300] {logging_mixin.py:190} INFO - [2024-12-07T02:17:02.133-0300] {dag.py:4180} INFO - Setting next_dagrun for example_task_group_decorator to None, run_after=None
[2024-12-07T02:17:02.191-0300] {processor.py:208} INFO - Processing /home/crisu/miniconda3/envs/lab13.1/lib/python3.9/site-packages/airflow/example_dags/example_task_group_decorator.py took 0.192 seconds
[2024-12-07T02:18:30.647-0300] {processor.py:186} INFO - Started process (PID=36672) to work on /home/crisu/miniconda3/envs/lab13.1/lib/python3.9/site-packages/airflow/example_dags/example_task_group_decorator.py
[2024-12-07T02:18:30.708-0300] {processor.py:914} INFO - Processing file /home/crisu/miniconda3/envs/lab13.1/lib/python3.9/site-packages/airflow/example_dags/example_task_group_decorator.py for tasks to queue
[2024-12-07T02:18:30.710-0300] {logging_mixin.py:190} INFO - [2024-12-07T02:18:30.710-0300] {dagbag.py:588} INFO - Filling up the DagBag from /home/crisu/miniconda3/envs/lab13.1/lib/python3.9/site-packages/airflow/example_dags/example_task_group_decorator.py
[2024-12-07T02:18:30.727-0300] {processor.py:925} INFO - DAG(s) 'example_task_group_decorator' retrieved from /home/crisu/miniconda3/envs/lab13.1/lib/python3.9/site-packages/airflow/example_dags/example_task_group_decorator.py
[2024-12-07T02:18:30.749-0300] {logging_mixin.py:190} INFO - [2024-12-07T02:18:30.749-0300] {dag.py:3239} INFO - Sync 1 DAGs
[2024-12-07T02:18:30.763-0300] {logging_mixin.py:190} INFO - [2024-12-07T02:18:30.763-0300] {dag.py:4180} INFO - Setting next_dagrun for example_task_group_decorator to None, run_after=None
[2024-12-07T02:18:30.831-0300] {processor.py:208} INFO - Processing /home/crisu/miniconda3/envs/lab13.1/lib/python3.9/site-packages/airflow/example_dags/example_task_group_decorator.py took 0.192 seconds
[2024-12-07T02:31:00.823-0300] {processor.py:186} INFO - Started process (PID=37964) to work on /home/crisu/miniconda3/envs/lab13.1/lib/python3.9/site-packages/airflow/example_dags/example_task_group_decorator.py
[2024-12-07T02:31:00.846-0300] {processor.py:914} INFO - Processing file /home/crisu/miniconda3/envs/lab13.1/lib/python3.9/site-packages/airflow/example_dags/example_task_group_decorator.py for tasks to queue
[2024-12-07T02:31:00.848-0300] {logging_mixin.py:190} INFO - [2024-12-07T02:31:00.848-0300] {dagbag.py:588} INFO - Filling up the DagBag from /home/crisu/miniconda3/envs/lab13.1/lib/python3.9/site-packages/airflow/example_dags/example_task_group_decorator.py
[2024-12-07T02:31:00.865-0300] {processor.py:925} INFO - DAG(s) 'example_task_group_decorator' retrieved from /home/crisu/miniconda3/envs/lab13.1/lib/python3.9/site-packages/airflow/example_dags/example_task_group_decorator.py
[2024-12-07T02:31:00.886-0300] {logging_mixin.py:190} INFO - [2024-12-07T02:31:00.886-0300] {dag.py:3239} INFO - Sync 1 DAGs
[2024-12-07T02:31:00.897-0300] {logging_mixin.py:190} INFO - [2024-12-07T02:31:00.897-0300] {dag.py:4180} INFO - Setting next_dagrun for example_task_group_decorator to None, run_after=None
[2024-12-07T02:31:00.973-0300] {processor.py:208} INFO - Processing /home/crisu/miniconda3/envs/lab13.1/lib/python3.9/site-packages/airflow/example_dags/example_task_group_decorator.py took 0.159 seconds
[2024-12-07T02:33:32.003-0300] {processor.py:186} INFO - Started process (PID=38168) to work on /home/crisu/miniconda3/envs/lab13.1/lib/python3.9/site-packages/airflow/example_dags/example_task_group_decorator.py
[2024-12-07T02:33:32.004-0300] {processor.py:914} INFO - Processing file /home/crisu/miniconda3/envs/lab13.1/lib/python3.9/site-packages/airflow/example_dags/example_task_group_decorator.py for tasks to queue
[2024-12-07T02:33:32.006-0300] {logging_mixin.py:190} INFO - [2024-12-07T02:33:32.006-0300] {dagbag.py:588} INFO - Filling up the DagBag from /home/crisu/miniconda3/envs/lab13.1/lib/python3.9/site-packages/airflow/example_dags/example_task_group_decorator.py
[2024-12-07T02:33:32.020-0300] {processor.py:925} INFO - DAG(s) 'example_task_group_decorator' retrieved from /home/crisu/miniconda3/envs/lab13.1/lib/python3.9/site-packages/airflow/example_dags/example_task_group_decorator.py
[2024-12-07T02:33:32.039-0300] {logging_mixin.py:190} INFO - [2024-12-07T02:33:32.039-0300] {dag.py:3239} INFO - Sync 1 DAGs
[2024-12-07T02:33:32.050-0300] {logging_mixin.py:190} INFO - [2024-12-07T02:33:32.050-0300] {dag.py:4180} INFO - Setting next_dagrun for example_task_group_decorator to None, run_after=None
[2024-12-07T02:33:32.139-0300] {processor.py:208} INFO - Processing /home/crisu/miniconda3/envs/lab13.1/lib/python3.9/site-packages/airflow/example_dags/example_task_group_decorator.py took 0.142 seconds
[2024-12-07T02:35:27.023-0300] {processor.py:186} INFO - Started process (PID=38376) to work on /home/crisu/miniconda3/envs/lab13.1/lib/python3.9/site-packages/airflow/example_dags/example_task_group_decorator.py
[2024-12-07T02:35:27.027-0300] {processor.py:914} INFO - Processing file /home/crisu/miniconda3/envs/lab13.1/lib/python3.9/site-packages/airflow/example_dags/example_task_group_decorator.py for tasks to queue
[2024-12-07T02:35:27.029-0300] {logging_mixin.py:190} INFO - [2024-12-07T02:35:27.028-0300] {dagbag.py:588} INFO - Filling up the DagBag from /home/crisu/miniconda3/envs/lab13.1/lib/python3.9/site-packages/airflow/example_dags/example_task_group_decorator.py
[2024-12-07T02:35:27.043-0300] {processor.py:925} INFO - DAG(s) 'example_task_group_decorator' retrieved from /home/crisu/miniconda3/envs/lab13.1/lib/python3.9/site-packages/airflow/example_dags/example_task_group_decorator.py
[2024-12-07T02:35:27.061-0300] {logging_mixin.py:190} INFO - [2024-12-07T02:35:27.061-0300] {dag.py:3239} INFO - Sync 1 DAGs
[2024-12-07T02:35:27.073-0300] {logging_mixin.py:190} INFO - [2024-12-07T02:35:27.073-0300] {dag.py:4180} INFO - Setting next_dagrun for example_task_group_decorator to None, run_after=None
[2024-12-07T02:35:28.254-0300] {processor.py:208} INFO - Processing /home/crisu/miniconda3/envs/lab13.1/lib/python3.9/site-packages/airflow/example_dags/example_task_group_decorator.py took 1.236 seconds
[2024-12-07T02:37:02.774-0300] {processor.py:186} INFO - Started process (PID=38612) to work on /home/crisu/miniconda3/envs/lab13.1/lib/python3.9/site-packages/airflow/example_dags/example_task_group_decorator.py
[2024-12-07T02:37:02.780-0300] {processor.py:914} INFO - Processing file /home/crisu/miniconda3/envs/lab13.1/lib/python3.9/site-packages/airflow/example_dags/example_task_group_decorator.py for tasks to queue
[2024-12-07T02:37:02.783-0300] {logging_mixin.py:190} INFO - [2024-12-07T02:37:02.783-0300] {dagbag.py:588} INFO - Filling up the DagBag from /home/crisu/miniconda3/envs/lab13.1/lib/python3.9/site-packages/airflow/example_dags/example_task_group_decorator.py
[2024-12-07T02:37:02.808-0300] {processor.py:925} INFO - DAG(s) 'example_task_group_decorator' retrieved from /home/crisu/miniconda3/envs/lab13.1/lib/python3.9/site-packages/airflow/example_dags/example_task_group_decorator.py
[2024-12-07T02:37:02.832-0300] {logging_mixin.py:190} INFO - [2024-12-07T02:37:02.832-0300] {dag.py:3239} INFO - Sync 1 DAGs
[2024-12-07T02:37:02.845-0300] {logging_mixin.py:190} INFO - [2024-12-07T02:37:02.844-0300] {dag.py:4180} INFO - Setting next_dagrun for example_task_group_decorator to None, run_after=None
[2024-12-07T02:37:02.907-0300] {processor.py:208} INFO - Processing /home/crisu/miniconda3/envs/lab13.1/lib/python3.9/site-packages/airflow/example_dags/example_task_group_decorator.py took 0.140 seconds
[2024-12-07T02:38:43.977-0300] {processor.py:186} INFO - Started process (PID=38770) to work on /home/crisu/miniconda3/envs/lab13.1/lib/python3.9/site-packages/airflow/example_dags/example_task_group_decorator.py
[2024-12-07T02:38:43.978-0300] {processor.py:914} INFO - Processing file /home/crisu/miniconda3/envs/lab13.1/lib/python3.9/site-packages/airflow/example_dags/example_task_group_decorator.py for tasks to queue
[2024-12-07T02:38:43.980-0300] {logging_mixin.py:190} INFO - [2024-12-07T02:38:43.980-0300] {dagbag.py:588} INFO - Filling up the DagBag from /home/crisu/miniconda3/envs/lab13.1/lib/python3.9/site-packages/airflow/example_dags/example_task_group_decorator.py
[2024-12-07T02:38:43.994-0300] {processor.py:925} INFO - DAG(s) 'example_task_group_decorator' retrieved from /home/crisu/miniconda3/envs/lab13.1/lib/python3.9/site-packages/airflow/example_dags/example_task_group_decorator.py
[2024-12-07T02:38:44.012-0300] {logging_mixin.py:190} INFO - [2024-12-07T02:38:44.012-0300] {dag.py:3239} INFO - Sync 1 DAGs
[2024-12-07T02:38:44.023-0300] {logging_mixin.py:190} INFO - [2024-12-07T02:38:44.023-0300] {dag.py:4180} INFO - Setting next_dagrun for example_task_group_decorator to None, run_after=None
[2024-12-07T02:38:44.590-0300] {processor.py:208} INFO - Processing /home/crisu/miniconda3/envs/lab13.1/lib/python3.9/site-packages/airflow/example_dags/example_task_group_decorator.py took 0.618 seconds
[2024-12-07T02:40:19.144-0300] {processor.py:186} INFO - Started process (PID=38870) to work on /home/crisu/miniconda3/envs/lab13.1/lib/python3.9/site-packages/airflow/example_dags/example_task_group_decorator.py
[2024-12-07T02:40:19.146-0300] {processor.py:914} INFO - Processing file /home/crisu/miniconda3/envs/lab13.1/lib/python3.9/site-packages/airflow/example_dags/example_task_group_decorator.py for tasks to queue
[2024-12-07T02:40:19.149-0300] {logging_mixin.py:190} INFO - [2024-12-07T02:40:19.148-0300] {dagbag.py:588} INFO - Filling up the DagBag from /home/crisu/miniconda3/envs/lab13.1/lib/python3.9/site-packages/airflow/example_dags/example_task_group_decorator.py
[2024-12-07T02:40:19.164-0300] {processor.py:925} INFO - DAG(s) 'example_task_group_decorator' retrieved from /home/crisu/miniconda3/envs/lab13.1/lib/python3.9/site-packages/airflow/example_dags/example_task_group_decorator.py
[2024-12-07T02:40:19.187-0300] {logging_mixin.py:190} INFO - [2024-12-07T02:40:19.187-0300] {dag.py:3239} INFO - Sync 1 DAGs
[2024-12-07T02:40:19.203-0300] {logging_mixin.py:190} INFO - [2024-12-07T02:40:19.203-0300] {dag.py:4180} INFO - Setting next_dagrun for example_task_group_decorator to None, run_after=None
[2024-12-07T02:40:19.410-0300] {processor.py:208} INFO - Processing /home/crisu/miniconda3/envs/lab13.1/lib/python3.9/site-packages/airflow/example_dags/example_task_group_decorator.py took 0.273 seconds
[2024-12-07T02:41:11.761-0300] {processor.py:186} INFO - Started process (PID=38967) to work on /home/crisu/miniconda3/envs/lab13.1/lib/python3.9/site-packages/airflow/example_dags/example_task_group_decorator.py
[2024-12-07T02:41:11.771-0300] {processor.py:914} INFO - Processing file /home/crisu/miniconda3/envs/lab13.1/lib/python3.9/site-packages/airflow/example_dags/example_task_group_decorator.py for tasks to queue
[2024-12-07T02:41:11.775-0300] {logging_mixin.py:190} INFO - [2024-12-07T02:41:11.775-0300] {dagbag.py:588} INFO - Filling up the DagBag from /home/crisu/miniconda3/envs/lab13.1/lib/python3.9/site-packages/airflow/example_dags/example_task_group_decorator.py
[2024-12-07T02:41:11.790-0300] {processor.py:925} INFO - DAG(s) 'example_task_group_decorator' retrieved from /home/crisu/miniconda3/envs/lab13.1/lib/python3.9/site-packages/airflow/example_dags/example_task_group_decorator.py
[2024-12-07T02:41:11.809-0300] {logging_mixin.py:190} INFO - [2024-12-07T02:41:11.809-0300] {dag.py:3239} INFO - Sync 1 DAGs
[2024-12-07T02:41:11.821-0300] {logging_mixin.py:190} INFO - [2024-12-07T02:41:11.820-0300] {dag.py:4180} INFO - Setting next_dagrun for example_task_group_decorator to None, run_after=None
[2024-12-07T02:41:11.915-0300] {processor.py:208} INFO - Processing /home/crisu/miniconda3/envs/lab13.1/lib/python3.9/site-packages/airflow/example_dags/example_task_group_decorator.py took 0.160 seconds
[2024-12-07T02:44:40.120-0300] {processor.py:186} INFO - Started process (PID=39693) to work on /home/crisu/miniconda3/envs/lab13.1/lib/python3.9/site-packages/airflow/example_dags/example_task_group_decorator.py
[2024-12-07T02:44:40.121-0300] {processor.py:914} INFO - Processing file /home/crisu/miniconda3/envs/lab13.1/lib/python3.9/site-packages/airflow/example_dags/example_task_group_decorator.py for tasks to queue
[2024-12-07T02:44:40.123-0300] {logging_mixin.py:190} INFO - [2024-12-07T02:44:40.123-0300] {dagbag.py:588} INFO - Filling up the DagBag from /home/crisu/miniconda3/envs/lab13.1/lib/python3.9/site-packages/airflow/example_dags/example_task_group_decorator.py
[2024-12-07T02:44:40.138-0300] {processor.py:925} INFO - DAG(s) 'example_task_group_decorator' retrieved from /home/crisu/miniconda3/envs/lab13.1/lib/python3.9/site-packages/airflow/example_dags/example_task_group_decorator.py
[2024-12-07T02:44:40.158-0300] {logging_mixin.py:190} INFO - [2024-12-07T02:44:40.157-0300] {dag.py:3239} INFO - Sync 1 DAGs
[2024-12-07T02:44:40.168-0300] {logging_mixin.py:190} INFO - [2024-12-07T02:44:40.168-0300] {dag.py:4180} INFO - Setting next_dagrun for example_task_group_decorator to None, run_after=None
[2024-12-07T02:44:40.228-0300] {processor.py:208} INFO - Processing /home/crisu/miniconda3/envs/lab13.1/lib/python3.9/site-packages/airflow/example_dags/example_task_group_decorator.py took 0.113 seconds
[2024-12-07T02:46:20.405-0300] {processor.py:186} INFO - Started process (PID=39988) to work on /home/crisu/miniconda3/envs/lab13.1/lib/python3.9/site-packages/airflow/example_dags/example_task_group_decorator.py
[2024-12-07T02:46:20.414-0300] {processor.py:914} INFO - Processing file /home/crisu/miniconda3/envs/lab13.1/lib/python3.9/site-packages/airflow/example_dags/example_task_group_decorator.py for tasks to queue
[2024-12-07T02:46:20.416-0300] {logging_mixin.py:190} INFO - [2024-12-07T02:46:20.416-0300] {dagbag.py:588} INFO - Filling up the DagBag from /home/crisu/miniconda3/envs/lab13.1/lib/python3.9/site-packages/airflow/example_dags/example_task_group_decorator.py
[2024-12-07T02:46:20.433-0300] {processor.py:925} INFO - DAG(s) 'example_task_group_decorator' retrieved from /home/crisu/miniconda3/envs/lab13.1/lib/python3.9/site-packages/airflow/example_dags/example_task_group_decorator.py
[2024-12-07T02:46:20.453-0300] {logging_mixin.py:190} INFO - [2024-12-07T02:46:20.453-0300] {dag.py:3239} INFO - Sync 1 DAGs
[2024-12-07T02:46:20.465-0300] {logging_mixin.py:190} INFO - [2024-12-07T02:46:20.465-0300] {dag.py:4180} INFO - Setting next_dagrun for example_task_group_decorator to None, run_after=None
[2024-12-07T02:46:20.530-0300] {processor.py:208} INFO - Processing /home/crisu/miniconda3/envs/lab13.1/lib/python3.9/site-packages/airflow/example_dags/example_task_group_decorator.py took 0.130 seconds
[2024-12-07T02:47:37.559-0300] {processor.py:186} INFO - Started process (PID=40207) to work on /home/crisu/miniconda3/envs/lab13.1/lib/python3.9/site-packages/airflow/example_dags/example_task_group_decorator.py
[2024-12-07T02:47:37.757-0300] {processor.py:914} INFO - Processing file /home/crisu/miniconda3/envs/lab13.1/lib/python3.9/site-packages/airflow/example_dags/example_task_group_decorator.py for tasks to queue
[2024-12-07T02:47:37.760-0300] {logging_mixin.py:190} INFO - [2024-12-07T02:47:37.759-0300] {dagbag.py:588} INFO - Filling up the DagBag from /home/crisu/miniconda3/envs/lab13.1/lib/python3.9/site-packages/airflow/example_dags/example_task_group_decorator.py
[2024-12-07T02:47:37.775-0300] {processor.py:925} INFO - DAG(s) 'example_task_group_decorator' retrieved from /home/crisu/miniconda3/envs/lab13.1/lib/python3.9/site-packages/airflow/example_dags/example_task_group_decorator.py
[2024-12-07T02:47:37.795-0300] {logging_mixin.py:190} INFO - [2024-12-07T02:47:37.795-0300] {dag.py:3239} INFO - Sync 1 DAGs
[2024-12-07T02:47:37.807-0300] {logging_mixin.py:190} INFO - [2024-12-07T02:47:37.807-0300] {dag.py:4180} INFO - Setting next_dagrun for example_task_group_decorator to None, run_after=None
[2024-12-07T02:47:38.641-0300] {processor.py:208} INFO - Processing /home/crisu/miniconda3/envs/lab13.1/lib/python3.9/site-packages/airflow/example_dags/example_task_group_decorator.py took 1.087 seconds
[2024-12-07T02:49:04.203-0300] {processor.py:186} INFO - Started process (PID=40510) to work on /home/crisu/miniconda3/envs/lab13.1/lib/python3.9/site-packages/airflow/example_dags/example_task_group_decorator.py
[2024-12-07T02:49:04.235-0300] {processor.py:914} INFO - Processing file /home/crisu/miniconda3/envs/lab13.1/lib/python3.9/site-packages/airflow/example_dags/example_task_group_decorator.py for tasks to queue
[2024-12-07T02:49:04.239-0300] {logging_mixin.py:190} INFO - [2024-12-07T02:49:04.238-0300] {dagbag.py:588} INFO - Filling up the DagBag from /home/crisu/miniconda3/envs/lab13.1/lib/python3.9/site-packages/airflow/example_dags/example_task_group_decorator.py
[2024-12-07T02:49:04.267-0300] {processor.py:925} INFO - DAG(s) 'example_task_group_decorator' retrieved from /home/crisu/miniconda3/envs/lab13.1/lib/python3.9/site-packages/airflow/example_dags/example_task_group_decorator.py
[2024-12-07T02:49:04.292-0300] {logging_mixin.py:190} INFO - [2024-12-07T02:49:04.291-0300] {dag.py:3239} INFO - Sync 1 DAGs
[2024-12-07T02:49:04.304-0300] {logging_mixin.py:190} INFO - [2024-12-07T02:49:04.304-0300] {dag.py:4180} INFO - Setting next_dagrun for example_task_group_decorator to None, run_after=None
[2024-12-07T02:49:05.335-0300] {processor.py:208} INFO - Processing /home/crisu/miniconda3/envs/lab13.1/lib/python3.9/site-packages/airflow/example_dags/example_task_group_decorator.py took 1.141 seconds
[2024-12-07T02:50:00.562-0300] {processor.py:186} INFO - Started process (PID=40754) to work on /home/crisu/miniconda3/envs/lab13.1/lib/python3.9/site-packages/airflow/example_dags/example_task_group_decorator.py
[2024-12-07T02:50:00.576-0300] {processor.py:914} INFO - Processing file /home/crisu/miniconda3/envs/lab13.1/lib/python3.9/site-packages/airflow/example_dags/example_task_group_decorator.py for tasks to queue
[2024-12-07T02:50:00.578-0300] {logging_mixin.py:190} INFO - [2024-12-07T02:50:00.578-0300] {dagbag.py:588} INFO - Filling up the DagBag from /home/crisu/miniconda3/envs/lab13.1/lib/python3.9/site-packages/airflow/example_dags/example_task_group_decorator.py
[2024-12-07T02:50:00.596-0300] {processor.py:925} INFO - DAG(s) 'example_task_group_decorator' retrieved from /home/crisu/miniconda3/envs/lab13.1/lib/python3.9/site-packages/airflow/example_dags/example_task_group_decorator.py
[2024-12-07T02:50:00.618-0300] {logging_mixin.py:190} INFO - [2024-12-07T02:50:00.617-0300] {dag.py:3239} INFO - Sync 1 DAGs
[2024-12-07T02:50:00.630-0300] {logging_mixin.py:190} INFO - [2024-12-07T02:50:00.630-0300] {dag.py:4180} INFO - Setting next_dagrun for example_task_group_decorator to None, run_after=None
[2024-12-07T02:50:00.691-0300] {processor.py:208} INFO - Processing /home/crisu/miniconda3/envs/lab13.1/lib/python3.9/site-packages/airflow/example_dags/example_task_group_decorator.py took 0.134 seconds
[2024-12-07T02:51:10.058-0300] {processor.py:186} INFO - Started process (PID=40947) to work on /home/crisu/miniconda3/envs/lab13.1/lib/python3.9/site-packages/airflow/example_dags/example_task_group_decorator.py
[2024-12-07T02:51:10.072-0300] {processor.py:914} INFO - Processing file /home/crisu/miniconda3/envs/lab13.1/lib/python3.9/site-packages/airflow/example_dags/example_task_group_decorator.py for tasks to queue
[2024-12-07T02:51:10.073-0300] {logging_mixin.py:190} INFO - [2024-12-07T02:51:10.073-0300] {dagbag.py:588} INFO - Filling up the DagBag from /home/crisu/miniconda3/envs/lab13.1/lib/python3.9/site-packages/airflow/example_dags/example_task_group_decorator.py
[2024-12-07T02:51:10.088-0300] {processor.py:925} INFO - DAG(s) 'example_task_group_decorator' retrieved from /home/crisu/miniconda3/envs/lab13.1/lib/python3.9/site-packages/airflow/example_dags/example_task_group_decorator.py
[2024-12-07T02:51:10.107-0300] {logging_mixin.py:190} INFO - [2024-12-07T02:51:10.107-0300] {dag.py:3239} INFO - Sync 1 DAGs
[2024-12-07T02:51:10.118-0300] {logging_mixin.py:190} INFO - [2024-12-07T02:51:10.117-0300] {dag.py:4180} INFO - Setting next_dagrun for example_task_group_decorator to None, run_after=None
[2024-12-07T02:51:10.384-0300] {processor.py:208} INFO - Processing /home/crisu/miniconda3/envs/lab13.1/lib/python3.9/site-packages/airflow/example_dags/example_task_group_decorator.py took 0.333 seconds
[2024-12-07T03:19:28.484-0300] {processor.py:186} INFO - Started process (PID=42632) to work on /home/crisu/miniconda3/envs/lab13.1/lib/python3.9/site-packages/airflow/example_dags/example_task_group_decorator.py
[2024-12-07T03:19:28.508-0300] {processor.py:914} INFO - Processing file /home/crisu/miniconda3/envs/lab13.1/lib/python3.9/site-packages/airflow/example_dags/example_task_group_decorator.py for tasks to queue
[2024-12-07T03:19:28.509-0300] {logging_mixin.py:190} INFO - [2024-12-07T03:19:28.508-0300] {dagbag.py:588} INFO - Filling up the DagBag from /home/crisu/miniconda3/envs/lab13.1/lib/python3.9/site-packages/airflow/example_dags/example_task_group_decorator.py
[2024-12-07T03:19:28.521-0300] {processor.py:925} INFO - DAG(s) 'example_task_group_decorator' retrieved from /home/crisu/miniconda3/envs/lab13.1/lib/python3.9/site-packages/airflow/example_dags/example_task_group_decorator.py
[2024-12-07T03:19:29.586-0300] {logging_mixin.py:190} INFO - [2024-12-07T03:19:29.586-0300] {dag.py:3239} INFO - Sync 1 DAGs
[2024-12-07T03:19:29.602-0300] {logging_mixin.py:190} INFO - [2024-12-07T03:19:29.602-0300] {dag.py:4180} INFO - Setting next_dagrun for example_task_group_decorator to None, run_after=None
[2024-12-07T03:19:31.069-0300] {processor.py:208} INFO - Processing /home/crisu/miniconda3/envs/lab13.1/lib/python3.9/site-packages/airflow/example_dags/example_task_group_decorator.py took 2.591 seconds
[2024-12-07T03:23:03.407-0300] {processor.py:186} INFO - Started process (PID=42834) to work on /home/crisu/miniconda3/envs/lab13.1/lib/python3.9/site-packages/airflow/example_dags/example_task_group_decorator.py
[2024-12-07T03:23:03.442-0300] {processor.py:914} INFO - Processing file /home/crisu/miniconda3/envs/lab13.1/lib/python3.9/site-packages/airflow/example_dags/example_task_group_decorator.py for tasks to queue
[2024-12-07T03:23:03.444-0300] {logging_mixin.py:190} INFO - [2024-12-07T03:23:03.443-0300] {dagbag.py:588} INFO - Filling up the DagBag from /home/crisu/miniconda3/envs/lab13.1/lib/python3.9/site-packages/airflow/example_dags/example_task_group_decorator.py
[2024-12-07T03:23:03.456-0300] {processor.py:925} INFO - DAG(s) 'example_task_group_decorator' retrieved from /home/crisu/miniconda3/envs/lab13.1/lib/python3.9/site-packages/airflow/example_dags/example_task_group_decorator.py
[2024-12-07T03:23:03.476-0300] {logging_mixin.py:190} INFO - [2024-12-07T03:23:03.476-0300] {dag.py:3239} INFO - Sync 1 DAGs
[2024-12-07T03:23:03.486-0300] {logging_mixin.py:190} INFO - [2024-12-07T03:23:03.486-0300] {dag.py:4180} INFO - Setting next_dagrun for example_task_group_decorator to None, run_after=None
[2024-12-07T03:23:04.255-0300] {processor.py:208} INFO - Processing /home/crisu/miniconda3/envs/lab13.1/lib/python3.9/site-packages/airflow/example_dags/example_task_group_decorator.py took 0.853 seconds
[2024-12-07T03:26:42.593-0300] {processor.py:186} INFO - Started process (PID=43429) to work on /home/crisu/miniconda3/envs/lab13.1/lib/python3.9/site-packages/airflow/example_dags/example_task_group_decorator.py
[2024-12-07T03:26:42.629-0300] {processor.py:914} INFO - Processing file /home/crisu/miniconda3/envs/lab13.1/lib/python3.9/site-packages/airflow/example_dags/example_task_group_decorator.py for tasks to queue
[2024-12-07T03:26:42.632-0300] {logging_mixin.py:190} INFO - [2024-12-07T03:26:42.632-0300] {dagbag.py:588} INFO - Filling up the DagBag from /home/crisu/miniconda3/envs/lab13.1/lib/python3.9/site-packages/airflow/example_dags/example_task_group_decorator.py
[2024-12-07T03:26:42.646-0300] {processor.py:925} INFO - DAG(s) 'example_task_group_decorator' retrieved from /home/crisu/miniconda3/envs/lab13.1/lib/python3.9/site-packages/airflow/example_dags/example_task_group_decorator.py
[2024-12-07T03:26:42.666-0300] {logging_mixin.py:190} INFO - [2024-12-07T03:26:42.666-0300] {dag.py:3239} INFO - Sync 1 DAGs
[2024-12-07T03:26:42.681-0300] {logging_mixin.py:190} INFO - [2024-12-07T03:26:42.680-0300] {dag.py:4180} INFO - Setting next_dagrun for example_task_group_decorator to None, run_after=None
[2024-12-07T03:26:43.412-0300] {processor.py:208} INFO - Processing /home/crisu/miniconda3/envs/lab13.1/lib/python3.9/site-packages/airflow/example_dags/example_task_group_decorator.py took 0.825 seconds
[2024-12-07T03:29:22.888-0300] {processor.py:186} INFO - Started process (PID=43818) to work on /home/crisu/miniconda3/envs/lab13.1/lib/python3.9/site-packages/airflow/example_dags/example_task_group_decorator.py
[2024-12-07T03:29:22.892-0300] {processor.py:914} INFO - Processing file /home/crisu/miniconda3/envs/lab13.1/lib/python3.9/site-packages/airflow/example_dags/example_task_group_decorator.py for tasks to queue
[2024-12-07T03:29:22.893-0300] {logging_mixin.py:190} INFO - [2024-12-07T03:29:22.893-0300] {dagbag.py:588} INFO - Filling up the DagBag from /home/crisu/miniconda3/envs/lab13.1/lib/python3.9/site-packages/airflow/example_dags/example_task_group_decorator.py
[2024-12-07T03:29:22.908-0300] {processor.py:925} INFO - DAG(s) 'example_task_group_decorator' retrieved from /home/crisu/miniconda3/envs/lab13.1/lib/python3.9/site-packages/airflow/example_dags/example_task_group_decorator.py
[2024-12-07T03:29:22.926-0300] {logging_mixin.py:190} INFO - [2024-12-07T03:29:22.925-0300] {dag.py:3239} INFO - Sync 1 DAGs
[2024-12-07T03:29:22.937-0300] {logging_mixin.py:190} INFO - [2024-12-07T03:29:22.936-0300] {dag.py:4180} INFO - Setting next_dagrun for example_task_group_decorator to None, run_after=None
[2024-12-07T03:29:22.994-0300] {processor.py:208} INFO - Processing /home/crisu/miniconda3/envs/lab13.1/lib/python3.9/site-packages/airflow/example_dags/example_task_group_decorator.py took 0.111 seconds
[2024-12-07T03:34:00.830-0300] {processor.py:186} INFO - Started process (PID=44557) to work on /home/crisu/miniconda3/envs/lab13.1/lib/python3.9/site-packages/airflow/example_dags/example_task_group_decorator.py
[2024-12-07T03:34:00.854-0300] {processor.py:914} INFO - Processing file /home/crisu/miniconda3/envs/lab13.1/lib/python3.9/site-packages/airflow/example_dags/example_task_group_decorator.py for tasks to queue
[2024-12-07T03:34:00.856-0300] {logging_mixin.py:190} INFO - [2024-12-07T03:34:00.856-0300] {dagbag.py:588} INFO - Filling up the DagBag from /home/crisu/miniconda3/envs/lab13.1/lib/python3.9/site-packages/airflow/example_dags/example_task_group_decorator.py
[2024-12-07T03:34:00.868-0300] {processor.py:925} INFO - DAG(s) 'example_task_group_decorator' retrieved from /home/crisu/miniconda3/envs/lab13.1/lib/python3.9/site-packages/airflow/example_dags/example_task_group_decorator.py
[2024-12-07T03:34:00.891-0300] {logging_mixin.py:190} INFO - [2024-12-07T03:34:00.891-0300] {dag.py:3239} INFO - Sync 1 DAGs
[2024-12-07T03:34:00.902-0300] {logging_mixin.py:190} INFO - [2024-12-07T03:34:00.902-0300] {dag.py:4180} INFO - Setting next_dagrun for example_task_group_decorator to None, run_after=None
[2024-12-07T03:34:00.973-0300] {processor.py:208} INFO - Processing /home/crisu/miniconda3/envs/lab13.1/lib/python3.9/site-packages/airflow/example_dags/example_task_group_decorator.py took 0.149 seconds
[2024-12-07T03:35:34.872-0300] {processor.py:186} INFO - Started process (PID=44712) to work on /home/crisu/miniconda3/envs/lab13.1/lib/python3.9/site-packages/airflow/example_dags/example_task_group_decorator.py
[2024-12-07T03:35:34.878-0300] {processor.py:914} INFO - Processing file /home/crisu/miniconda3/envs/lab13.1/lib/python3.9/site-packages/airflow/example_dags/example_task_group_decorator.py for tasks to queue
[2024-12-07T03:35:34.879-0300] {logging_mixin.py:190} INFO - [2024-12-07T03:35:34.879-0300] {dagbag.py:588} INFO - Filling up the DagBag from /home/crisu/miniconda3/envs/lab13.1/lib/python3.9/site-packages/airflow/example_dags/example_task_group_decorator.py
[2024-12-07T03:35:34.892-0300] {processor.py:925} INFO - DAG(s) 'example_task_group_decorator' retrieved from /home/crisu/miniconda3/envs/lab13.1/lib/python3.9/site-packages/airflow/example_dags/example_task_group_decorator.py
[2024-12-07T03:35:34.910-0300] {logging_mixin.py:190} INFO - [2024-12-07T03:35:34.910-0300] {dag.py:3239} INFO - Sync 1 DAGs
[2024-12-07T03:35:34.920-0300] {logging_mixin.py:190} INFO - [2024-12-07T03:35:34.920-0300] {dag.py:4180} INFO - Setting next_dagrun for example_task_group_decorator to None, run_after=None
[2024-12-07T03:35:34.979-0300] {processor.py:208} INFO - Processing /home/crisu/miniconda3/envs/lab13.1/lib/python3.9/site-packages/airflow/example_dags/example_task_group_decorator.py took 0.112 seconds
[2024-12-07T03:36:39.272-0300] {processor.py:186} INFO - Started process (PID=44841) to work on /home/crisu/miniconda3/envs/lab13.1/lib/python3.9/site-packages/airflow/example_dags/example_task_group_decorator.py
[2024-12-07T03:36:39.311-0300] {processor.py:914} INFO - Processing file /home/crisu/miniconda3/envs/lab13.1/lib/python3.9/site-packages/airflow/example_dags/example_task_group_decorator.py for tasks to queue
[2024-12-07T03:36:39.313-0300] {logging_mixin.py:190} INFO - [2024-12-07T03:36:39.312-0300] {dagbag.py:588} INFO - Filling up the DagBag from /home/crisu/miniconda3/envs/lab13.1/lib/python3.9/site-packages/airflow/example_dags/example_task_group_decorator.py
[2024-12-07T03:36:39.326-0300] {processor.py:925} INFO - DAG(s) 'example_task_group_decorator' retrieved from /home/crisu/miniconda3/envs/lab13.1/lib/python3.9/site-packages/airflow/example_dags/example_task_group_decorator.py
[2024-12-07T03:36:39.345-0300] {logging_mixin.py:190} INFO - [2024-12-07T03:36:39.345-0300] {dag.py:3239} INFO - Sync 1 DAGs
[2024-12-07T03:36:39.355-0300] {logging_mixin.py:190} INFO - [2024-12-07T03:36:39.355-0300] {dag.py:4180} INFO - Setting next_dagrun for example_task_group_decorator to None, run_after=None
[2024-12-07T03:36:39.872-0300] {processor.py:208} INFO - Processing /home/crisu/miniconda3/envs/lab13.1/lib/python3.9/site-packages/airflow/example_dags/example_task_group_decorator.py took 0.606 seconds
[2024-12-07T03:37:39.570-0300] {processor.py:186} INFO - Started process (PID=44946) to work on /home/crisu/miniconda3/envs/lab13.1/lib/python3.9/site-packages/airflow/example_dags/example_task_group_decorator.py
[2024-12-07T03:37:39.581-0300] {processor.py:914} INFO - Processing file /home/crisu/miniconda3/envs/lab13.1/lib/python3.9/site-packages/airflow/example_dags/example_task_group_decorator.py for tasks to queue
[2024-12-07T03:37:39.583-0300] {logging_mixin.py:190} INFO - [2024-12-07T03:37:39.583-0300] {dagbag.py:588} INFO - Filling up the DagBag from /home/crisu/miniconda3/envs/lab13.1/lib/python3.9/site-packages/airflow/example_dags/example_task_group_decorator.py
[2024-12-07T03:37:39.596-0300] {processor.py:925} INFO - DAG(s) 'example_task_group_decorator' retrieved from /home/crisu/miniconda3/envs/lab13.1/lib/python3.9/site-packages/airflow/example_dags/example_task_group_decorator.py
[2024-12-07T03:37:39.614-0300] {logging_mixin.py:190} INFO - [2024-12-07T03:37:39.614-0300] {dag.py:3239} INFO - Sync 1 DAGs
[2024-12-07T03:37:39.624-0300] {logging_mixin.py:190} INFO - [2024-12-07T03:37:39.624-0300] {dag.py:4180} INFO - Setting next_dagrun for example_task_group_decorator to None, run_after=None
[2024-12-07T03:37:39.715-0300] {processor.py:208} INFO - Processing /home/crisu/miniconda3/envs/lab13.1/lib/python3.9/site-packages/airflow/example_dags/example_task_group_decorator.py took 0.150 seconds
[2024-12-07T03:38:35.018-0300] {processor.py:186} INFO - Started process (PID=45038) to work on /home/crisu/miniconda3/envs/lab13.1/lib/python3.9/site-packages/airflow/example_dags/example_task_group_decorator.py
[2024-12-07T03:38:35.032-0300] {processor.py:914} INFO - Processing file /home/crisu/miniconda3/envs/lab13.1/lib/python3.9/site-packages/airflow/example_dags/example_task_group_decorator.py for tasks to queue
[2024-12-07T03:38:35.034-0300] {logging_mixin.py:190} INFO - [2024-12-07T03:38:35.034-0300] {dagbag.py:588} INFO - Filling up the DagBag from /home/crisu/miniconda3/envs/lab13.1/lib/python3.9/site-packages/airflow/example_dags/example_task_group_decorator.py
[2024-12-07T03:38:35.046-0300] {processor.py:925} INFO - DAG(s) 'example_task_group_decorator' retrieved from /home/crisu/miniconda3/envs/lab13.1/lib/python3.9/site-packages/airflow/example_dags/example_task_group_decorator.py
[2024-12-07T03:38:35.065-0300] {logging_mixin.py:190} INFO - [2024-12-07T03:38:35.065-0300] {dag.py:3239} INFO - Sync 1 DAGs
[2024-12-07T03:38:35.076-0300] {logging_mixin.py:190} INFO - [2024-12-07T03:38:35.075-0300] {dag.py:4180} INFO - Setting next_dagrun for example_task_group_decorator to None, run_after=None
[2024-12-07T03:38:35.140-0300] {processor.py:208} INFO - Processing /home/crisu/miniconda3/envs/lab13.1/lib/python3.9/site-packages/airflow/example_dags/example_task_group_decorator.py took 0.127 seconds
[2024-12-07T03:39:52.081-0300] {processor.py:186} INFO - Started process (PID=45200) to work on /home/crisu/miniconda3/envs/lab13.1/lib/python3.9/site-packages/airflow/example_dags/example_task_group_decorator.py
[2024-12-07T03:39:52.094-0300] {processor.py:914} INFO - Processing file /home/crisu/miniconda3/envs/lab13.1/lib/python3.9/site-packages/airflow/example_dags/example_task_group_decorator.py for tasks to queue
[2024-12-07T03:39:52.096-0300] {logging_mixin.py:190} INFO - [2024-12-07T03:39:52.096-0300] {dagbag.py:588} INFO - Filling up the DagBag from /home/crisu/miniconda3/envs/lab13.1/lib/python3.9/site-packages/airflow/example_dags/example_task_group_decorator.py
[2024-12-07T03:39:52.109-0300] {processor.py:925} INFO - DAG(s) 'example_task_group_decorator' retrieved from /home/crisu/miniconda3/envs/lab13.1/lib/python3.9/site-packages/airflow/example_dags/example_task_group_decorator.py
[2024-12-07T03:39:52.127-0300] {logging_mixin.py:190} INFO - [2024-12-07T03:39:52.127-0300] {dag.py:3239} INFO - Sync 1 DAGs
[2024-12-07T03:39:52.137-0300] {logging_mixin.py:190} INFO - [2024-12-07T03:39:52.137-0300] {dag.py:4180} INFO - Setting next_dagrun for example_task_group_decorator to None, run_after=None
[2024-12-07T03:39:52.191-0300] {processor.py:208} INFO - Processing /home/crisu/miniconda3/envs/lab13.1/lib/python3.9/site-packages/airflow/example_dags/example_task_group_decorator.py took 0.115 seconds
[2024-12-07T03:41:05.963-0300] {processor.py:186} INFO - Started process (PID=45338) to work on /home/crisu/miniconda3/envs/lab13.1/lib/python3.9/site-packages/airflow/example_dags/example_task_group_decorator.py
[2024-12-07T03:41:05.967-0300] {processor.py:914} INFO - Processing file /home/crisu/miniconda3/envs/lab13.1/lib/python3.9/site-packages/airflow/example_dags/example_task_group_decorator.py for tasks to queue
[2024-12-07T03:41:05.968-0300] {logging_mixin.py:190} INFO - [2024-12-07T03:41:05.968-0300] {dagbag.py:588} INFO - Filling up the DagBag from /home/crisu/miniconda3/envs/lab13.1/lib/python3.9/site-packages/airflow/example_dags/example_task_group_decorator.py
[2024-12-07T03:41:05.980-0300] {processor.py:925} INFO - DAG(s) 'example_task_group_decorator' retrieved from /home/crisu/miniconda3/envs/lab13.1/lib/python3.9/site-packages/airflow/example_dags/example_task_group_decorator.py
[2024-12-07T03:41:05.998-0300] {logging_mixin.py:190} INFO - [2024-12-07T03:41:05.998-0300] {dag.py:3239} INFO - Sync 1 DAGs
[2024-12-07T03:41:06.008-0300] {logging_mixin.py:190} INFO - [2024-12-07T03:41:06.008-0300] {dag.py:4180} INFO - Setting next_dagrun for example_task_group_decorator to None, run_after=None
[2024-12-07T03:41:06.070-0300] {processor.py:208} INFO - Processing /home/crisu/miniconda3/envs/lab13.1/lib/python3.9/site-packages/airflow/example_dags/example_task_group_decorator.py took 0.112 seconds
[2024-12-07T03:43:57.436-0300] {processor.py:186} INFO - Started process (PID=45837) to work on /home/crisu/miniconda3/envs/lab13.1/lib/python3.9/site-packages/airflow/example_dags/example_task_group_decorator.py
[2024-12-07T03:43:57.453-0300] {processor.py:914} INFO - Processing file /home/crisu/miniconda3/envs/lab13.1/lib/python3.9/site-packages/airflow/example_dags/example_task_group_decorator.py for tasks to queue
[2024-12-07T03:43:57.456-0300] {logging_mixin.py:190} INFO - [2024-12-07T03:43:57.455-0300] {dagbag.py:588} INFO - Filling up the DagBag from /home/crisu/miniconda3/envs/lab13.1/lib/python3.9/site-packages/airflow/example_dags/example_task_group_decorator.py
[2024-12-07T03:43:57.469-0300] {processor.py:925} INFO - DAG(s) 'example_task_group_decorator' retrieved from /home/crisu/miniconda3/envs/lab13.1/lib/python3.9/site-packages/airflow/example_dags/example_task_group_decorator.py
[2024-12-07T03:43:57.489-0300] {logging_mixin.py:190} INFO - [2024-12-07T03:43:57.488-0300] {dag.py:3239} INFO - Sync 1 DAGs
[2024-12-07T03:43:57.500-0300] {logging_mixin.py:190} INFO - [2024-12-07T03:43:57.500-0300] {dag.py:4180} INFO - Setting next_dagrun for example_task_group_decorator to None, run_after=None
[2024-12-07T03:43:57.575-0300] {processor.py:208} INFO - Processing /home/crisu/miniconda3/envs/lab13.1/lib/python3.9/site-packages/airflow/example_dags/example_task_group_decorator.py took 0.144 seconds
[2024-12-07T03:48:01.409-0300] {processor.py:186} INFO - Started process (PID=46631) to work on /home/crisu/miniconda3/envs/lab13.1/lib/python3.9/site-packages/airflow/example_dags/example_task_group_decorator.py
[2024-12-07T03:48:01.410-0300] {processor.py:914} INFO - Processing file /home/crisu/miniconda3/envs/lab13.1/lib/python3.9/site-packages/airflow/example_dags/example_task_group_decorator.py for tasks to queue
[2024-12-07T03:48:01.412-0300] {logging_mixin.py:190} INFO - [2024-12-07T03:48:01.412-0300] {dagbag.py:588} INFO - Filling up the DagBag from /home/crisu/miniconda3/envs/lab13.1/lib/python3.9/site-packages/airflow/example_dags/example_task_group_decorator.py
[2024-12-07T03:48:01.427-0300] {processor.py:925} INFO - DAG(s) 'example_task_group_decorator' retrieved from /home/crisu/miniconda3/envs/lab13.1/lib/python3.9/site-packages/airflow/example_dags/example_task_group_decorator.py
[2024-12-07T03:48:01.445-0300] {logging_mixin.py:190} INFO - [2024-12-07T03:48:01.445-0300] {dag.py:3239} INFO - Sync 1 DAGs
[2024-12-07T03:48:01.457-0300] {logging_mixin.py:190} INFO - [2024-12-07T03:48:01.457-0300] {dag.py:4180} INFO - Setting next_dagrun for example_task_group_decorator to None, run_after=None
[2024-12-07T03:48:02.596-0300] {processor.py:208} INFO - Processing /home/crisu/miniconda3/envs/lab13.1/lib/python3.9/site-packages/airflow/example_dags/example_task_group_decorator.py took 1.192 seconds
[2024-12-07T03:50:04.502-0300] {processor.py:186} INFO - Started process (PID=46903) to work on /home/crisu/miniconda3/envs/lab13.1/lib/python3.9/site-packages/airflow/example_dags/example_task_group_decorator.py
[2024-12-07T03:50:04.577-0300] {processor.py:914} INFO - Processing file /home/crisu/miniconda3/envs/lab13.1/lib/python3.9/site-packages/airflow/example_dags/example_task_group_decorator.py for tasks to queue
[2024-12-07T03:50:04.580-0300] {logging_mixin.py:190} INFO - [2024-12-07T03:50:04.579-0300] {dagbag.py:588} INFO - Filling up the DagBag from /home/crisu/miniconda3/envs/lab13.1/lib/python3.9/site-packages/airflow/example_dags/example_task_group_decorator.py
[2024-12-07T03:50:04.594-0300] {processor.py:925} INFO - DAG(s) 'example_task_group_decorator' retrieved from /home/crisu/miniconda3/envs/lab13.1/lib/python3.9/site-packages/airflow/example_dags/example_task_group_decorator.py
[2024-12-07T03:50:04.612-0300] {logging_mixin.py:190} INFO - [2024-12-07T03:50:04.612-0300] {dag.py:3239} INFO - Sync 1 DAGs
[2024-12-07T03:50:04.624-0300] {logging_mixin.py:190} INFO - [2024-12-07T03:50:04.624-0300] {dag.py:4180} INFO - Setting next_dagrun for example_task_group_decorator to None, run_after=None
[2024-12-07T03:50:06.316-0300] {processor.py:208} INFO - Processing /home/crisu/miniconda3/envs/lab13.1/lib/python3.9/site-packages/airflow/example_dags/example_task_group_decorator.py took 1.819 seconds
[2024-12-07T03:51:28.646-0300] {processor.py:186} INFO - Started process (PID=46996) to work on /home/crisu/miniconda3/envs/lab13.1/lib/python3.9/site-packages/airflow/example_dags/example_task_group_decorator.py
[2024-12-07T03:51:28.655-0300] {processor.py:914} INFO - Processing file /home/crisu/miniconda3/envs/lab13.1/lib/python3.9/site-packages/airflow/example_dags/example_task_group_decorator.py for tasks to queue
[2024-12-07T03:51:28.659-0300] {logging_mixin.py:190} INFO - [2024-12-07T03:51:28.658-0300] {dagbag.py:588} INFO - Filling up the DagBag from /home/crisu/miniconda3/envs/lab13.1/lib/python3.9/site-packages/airflow/example_dags/example_task_group_decorator.py
[2024-12-07T03:51:28.676-0300] {processor.py:925} INFO - DAG(s) 'example_task_group_decorator' retrieved from /home/crisu/miniconda3/envs/lab13.1/lib/python3.9/site-packages/airflow/example_dags/example_task_group_decorator.py
[2024-12-07T03:51:28.699-0300] {logging_mixin.py:190} INFO - [2024-12-07T03:51:28.698-0300] {dag.py:3239} INFO - Sync 1 DAGs
[2024-12-07T03:51:28.710-0300] {logging_mixin.py:190} INFO - [2024-12-07T03:51:28.710-0300] {dag.py:4180} INFO - Setting next_dagrun for example_task_group_decorator to None, run_after=None
[2024-12-07T03:51:28.802-0300] {processor.py:208} INFO - Processing /home/crisu/miniconda3/envs/lab13.1/lib/python3.9/site-packages/airflow/example_dags/example_task_group_decorator.py took 0.161 seconds
[2024-12-07T03:52:49.832-0300] {processor.py:186} INFO - Started process (PID=47145) to work on /home/crisu/miniconda3/envs/lab13.1/lib/python3.9/site-packages/airflow/example_dags/example_task_group_decorator.py
[2024-12-07T03:52:49.859-0300] {processor.py:914} INFO - Processing file /home/crisu/miniconda3/envs/lab13.1/lib/python3.9/site-packages/airflow/example_dags/example_task_group_decorator.py for tasks to queue
[2024-12-07T03:52:49.861-0300] {logging_mixin.py:190} INFO - [2024-12-07T03:52:49.860-0300] {dagbag.py:588} INFO - Filling up the DagBag from /home/crisu/miniconda3/envs/lab13.1/lib/python3.9/site-packages/airflow/example_dags/example_task_group_decorator.py
[2024-12-07T03:52:49.876-0300] {processor.py:925} INFO - DAG(s) 'example_task_group_decorator' retrieved from /home/crisu/miniconda3/envs/lab13.1/lib/python3.9/site-packages/airflow/example_dags/example_task_group_decorator.py
[2024-12-07T03:52:49.898-0300] {logging_mixin.py:190} INFO - [2024-12-07T03:52:49.898-0300] {dag.py:3239} INFO - Sync 1 DAGs
[2024-12-07T03:52:49.910-0300] {logging_mixin.py:190} INFO - [2024-12-07T03:52:49.910-0300] {dag.py:4180} INFO - Setting next_dagrun for example_task_group_decorator to None, run_after=None
[2024-12-07T03:52:50.486-0300] {processor.py:208} INFO - Processing /home/crisu/miniconda3/envs/lab13.1/lib/python3.9/site-packages/airflow/example_dags/example_task_group_decorator.py took 0.659 seconds
[2024-12-07T03:54:09.045-0300] {processor.py:186} INFO - Started process (PID=47280) to work on /home/crisu/miniconda3/envs/lab13.1/lib/python3.9/site-packages/airflow/example_dags/example_task_group_decorator.py
[2024-12-07T03:54:09.065-0300] {processor.py:914} INFO - Processing file /home/crisu/miniconda3/envs/lab13.1/lib/python3.9/site-packages/airflow/example_dags/example_task_group_decorator.py for tasks to queue
[2024-12-07T03:54:09.067-0300] {logging_mixin.py:190} INFO - [2024-12-07T03:54:09.067-0300] {dagbag.py:588} INFO - Filling up the DagBag from /home/crisu/miniconda3/envs/lab13.1/lib/python3.9/site-packages/airflow/example_dags/example_task_group_decorator.py
[2024-12-07T03:54:09.083-0300] {processor.py:925} INFO - DAG(s) 'example_task_group_decorator' retrieved from /home/crisu/miniconda3/envs/lab13.1/lib/python3.9/site-packages/airflow/example_dags/example_task_group_decorator.py
[2024-12-07T03:54:09.104-0300] {logging_mixin.py:190} INFO - [2024-12-07T03:54:09.104-0300] {dag.py:3239} INFO - Sync 1 DAGs
[2024-12-07T03:54:09.117-0300] {logging_mixin.py:190} INFO - [2024-12-07T03:54:09.117-0300] {dag.py:4180} INFO - Setting next_dagrun for example_task_group_decorator to None, run_after=None
[2024-12-07T03:54:09.191-0300] {processor.py:208} INFO - Processing /home/crisu/miniconda3/envs/lab13.1/lib/python3.9/site-packages/airflow/example_dags/example_task_group_decorator.py took 0.151 seconds
[2024-12-07T03:55:08.419-0300] {processor.py:186} INFO - Started process (PID=47402) to work on /home/crisu/miniconda3/envs/lab13.1/lib/python3.9/site-packages/airflow/example_dags/example_task_group_decorator.py
[2024-12-07T03:55:08.595-0300] {processor.py:914} INFO - Processing file /home/crisu/miniconda3/envs/lab13.1/lib/python3.9/site-packages/airflow/example_dags/example_task_group_decorator.py for tasks to queue
[2024-12-07T03:55:08.597-0300] {logging_mixin.py:190} INFO - [2024-12-07T03:55:08.597-0300] {dagbag.py:588} INFO - Filling up the DagBag from /home/crisu/miniconda3/envs/lab13.1/lib/python3.9/site-packages/airflow/example_dags/example_task_group_decorator.py
[2024-12-07T03:55:08.611-0300] {processor.py:925} INFO - DAG(s) 'example_task_group_decorator' retrieved from /home/crisu/miniconda3/envs/lab13.1/lib/python3.9/site-packages/airflow/example_dags/example_task_group_decorator.py
[2024-12-07T03:55:08.631-0300] {logging_mixin.py:190} INFO - [2024-12-07T03:55:08.630-0300] {dag.py:3239} INFO - Sync 1 DAGs
[2024-12-07T03:55:08.642-0300] {logging_mixin.py:190} INFO - [2024-12-07T03:55:08.642-0300] {dag.py:4180} INFO - Setting next_dagrun for example_task_group_decorator to None, run_after=None
[2024-12-07T03:55:10.282-0300] {processor.py:208} INFO - Processing /home/crisu/miniconda3/envs/lab13.1/lib/python3.9/site-packages/airflow/example_dags/example_task_group_decorator.py took 1.870 seconds
[2024-12-07T03:56:12.060-0300] {processor.py:186} INFO - Started process (PID=47551) to work on /home/crisu/miniconda3/envs/lab13.1/lib/python3.9/site-packages/airflow/example_dags/example_task_group_decorator.py
[2024-12-07T03:56:12.062-0300] {processor.py:914} INFO - Processing file /home/crisu/miniconda3/envs/lab13.1/lib/python3.9/site-packages/airflow/example_dags/example_task_group_decorator.py for tasks to queue
[2024-12-07T03:56:12.064-0300] {logging_mixin.py:190} INFO - [2024-12-07T03:56:12.064-0300] {dagbag.py:588} INFO - Filling up the DagBag from /home/crisu/miniconda3/envs/lab13.1/lib/python3.9/site-packages/airflow/example_dags/example_task_group_decorator.py
[2024-12-07T03:56:12.077-0300] {processor.py:925} INFO - DAG(s) 'example_task_group_decorator' retrieved from /home/crisu/miniconda3/envs/lab13.1/lib/python3.9/site-packages/airflow/example_dags/example_task_group_decorator.py
[2024-12-07T03:56:12.096-0300] {logging_mixin.py:190} INFO - [2024-12-07T03:56:12.096-0300] {dag.py:3239} INFO - Sync 1 DAGs
[2024-12-07T03:56:12.107-0300] {logging_mixin.py:190} INFO - [2024-12-07T03:56:12.106-0300] {dag.py:4180} INFO - Setting next_dagrun for example_task_group_decorator to None, run_after=None
[2024-12-07T03:56:12.163-0300] {processor.py:208} INFO - Processing /home/crisu/miniconda3/envs/lab13.1/lib/python3.9/site-packages/airflow/example_dags/example_task_group_decorator.py took 0.108 seconds
[2024-12-07T03:57:30.364-0300] {processor.py:186} INFO - Started process (PID=47688) to work on /home/crisu/miniconda3/envs/lab13.1/lib/python3.9/site-packages/airflow/example_dags/example_task_group_decorator.py
[2024-12-07T03:57:30.375-0300] {processor.py:914} INFO - Processing file /home/crisu/miniconda3/envs/lab13.1/lib/python3.9/site-packages/airflow/example_dags/example_task_group_decorator.py for tasks to queue
[2024-12-07T03:57:30.377-0300] {logging_mixin.py:190} INFO - [2024-12-07T03:57:30.377-0300] {dagbag.py:588} INFO - Filling up the DagBag from /home/crisu/miniconda3/envs/lab13.1/lib/python3.9/site-packages/airflow/example_dags/example_task_group_decorator.py
[2024-12-07T03:57:30.392-0300] {processor.py:925} INFO - DAG(s) 'example_task_group_decorator' retrieved from /home/crisu/miniconda3/envs/lab13.1/lib/python3.9/site-packages/airflow/example_dags/example_task_group_decorator.py
[2024-12-07T03:57:30.411-0300] {logging_mixin.py:190} INFO - [2024-12-07T03:57:30.410-0300] {dag.py:3239} INFO - Sync 1 DAGs
[2024-12-07T03:57:30.423-0300] {logging_mixin.py:190} INFO - [2024-12-07T03:57:30.423-0300] {dag.py:4180} INFO - Setting next_dagrun for example_task_group_decorator to None, run_after=None
[2024-12-07T03:57:30.485-0300] {processor.py:208} INFO - Processing /home/crisu/miniconda3/envs/lab13.1/lib/python3.9/site-packages/airflow/example_dags/example_task_group_decorator.py took 0.127 seconds
[2024-12-07T03:58:47.808-0300] {processor.py:186} INFO - Started process (PID=47904) to work on /home/crisu/miniconda3/envs/lab13.1/lib/python3.9/site-packages/airflow/example_dags/example_task_group_decorator.py
[2024-12-07T03:58:47.823-0300] {processor.py:914} INFO - Processing file /home/crisu/miniconda3/envs/lab13.1/lib/python3.9/site-packages/airflow/example_dags/example_task_group_decorator.py for tasks to queue
[2024-12-07T03:58:47.825-0300] {logging_mixin.py:190} INFO - [2024-12-07T03:58:47.825-0300] {dagbag.py:588} INFO - Filling up the DagBag from /home/crisu/miniconda3/envs/lab13.1/lib/python3.9/site-packages/airflow/example_dags/example_task_group_decorator.py
[2024-12-07T03:58:47.840-0300] {processor.py:925} INFO - DAG(s) 'example_task_group_decorator' retrieved from /home/crisu/miniconda3/envs/lab13.1/lib/python3.9/site-packages/airflow/example_dags/example_task_group_decorator.py
[2024-12-07T03:58:47.859-0300] {logging_mixin.py:190} INFO - [2024-12-07T03:58:47.859-0300] {dag.py:3239} INFO - Sync 1 DAGs
[2024-12-07T03:58:47.871-0300] {logging_mixin.py:190} INFO - [2024-12-07T03:58:47.871-0300] {dag.py:4180} INFO - Setting next_dagrun for example_task_group_decorator to None, run_after=None
[2024-12-07T03:58:49.009-0300] {processor.py:208} INFO - Processing /home/crisu/miniconda3/envs/lab13.1/lib/python3.9/site-packages/airflow/example_dags/example_task_group_decorator.py took 1.206 seconds
[2024-12-07T04:00:16.949-0300] {processor.py:186} INFO - Started process (PID=48042) to work on /home/crisu/miniconda3/envs/lab13.1/lib/python3.9/site-packages/airflow/example_dags/example_task_group_decorator.py
[2024-12-07T04:00:16.960-0300] {processor.py:914} INFO - Processing file /home/crisu/miniconda3/envs/lab13.1/lib/python3.9/site-packages/airflow/example_dags/example_task_group_decorator.py for tasks to queue
[2024-12-07T04:00:16.962-0300] {logging_mixin.py:190} INFO - [2024-12-07T04:00:16.962-0300] {dagbag.py:588} INFO - Filling up the DagBag from /home/crisu/miniconda3/envs/lab13.1/lib/python3.9/site-packages/airflow/example_dags/example_task_group_decorator.py
[2024-12-07T04:00:16.976-0300] {processor.py:925} INFO - DAG(s) 'example_task_group_decorator' retrieved from /home/crisu/miniconda3/envs/lab13.1/lib/python3.9/site-packages/airflow/example_dags/example_task_group_decorator.py
[2024-12-07T04:00:16.995-0300] {logging_mixin.py:190} INFO - [2024-12-07T04:00:16.995-0300] {dag.py:3239} INFO - Sync 1 DAGs
[2024-12-07T04:00:17.006-0300] {logging_mixin.py:190} INFO - [2024-12-07T04:00:17.005-0300] {dag.py:4180} INFO - Setting next_dagrun for example_task_group_decorator to None, run_after=None
[2024-12-07T04:00:17.070-0300] {processor.py:208} INFO - Processing /home/crisu/miniconda3/envs/lab13.1/lib/python3.9/site-packages/airflow/example_dags/example_task_group_decorator.py took 0.127 seconds
[2024-12-07T04:01:31.493-0300] {processor.py:186} INFO - Started process (PID=48190) to work on /home/crisu/miniconda3/envs/lab13.1/lib/python3.9/site-packages/airflow/example_dags/example_task_group_decorator.py
[2024-12-07T04:01:31.503-0300] {processor.py:914} INFO - Processing file /home/crisu/miniconda3/envs/lab13.1/lib/python3.9/site-packages/airflow/example_dags/example_task_group_decorator.py for tasks to queue
[2024-12-07T04:01:31.506-0300] {logging_mixin.py:190} INFO - [2024-12-07T04:01:31.505-0300] {dagbag.py:588} INFO - Filling up the DagBag from /home/crisu/miniconda3/envs/lab13.1/lib/python3.9/site-packages/airflow/example_dags/example_task_group_decorator.py
[2024-12-07T04:01:31.520-0300] {processor.py:925} INFO - DAG(s) 'example_task_group_decorator' retrieved from /home/crisu/miniconda3/envs/lab13.1/lib/python3.9/site-packages/airflow/example_dags/example_task_group_decorator.py
[2024-12-07T04:01:31.538-0300] {logging_mixin.py:190} INFO - [2024-12-07T04:01:31.538-0300] {dag.py:3239} INFO - Sync 1 DAGs
[2024-12-07T04:01:31.549-0300] {logging_mixin.py:190} INFO - [2024-12-07T04:01:31.548-0300] {dag.py:4180} INFO - Setting next_dagrun for example_task_group_decorator to None, run_after=None
[2024-12-07T04:01:31.613-0300] {processor.py:208} INFO - Processing /home/crisu/miniconda3/envs/lab13.1/lib/python3.9/site-packages/airflow/example_dags/example_task_group_decorator.py took 0.125 seconds
[2024-12-07T04:07:15.395-0300] {processor.py:186} INFO - Started process (PID=49117) to work on /home/crisu/miniconda3/envs/lab13.1/lib/python3.9/site-packages/airflow/example_dags/example_task_group_decorator.py
[2024-12-07T04:07:15.570-0300] {processor.py:914} INFO - Processing file /home/crisu/miniconda3/envs/lab13.1/lib/python3.9/site-packages/airflow/example_dags/example_task_group_decorator.py for tasks to queue
[2024-12-07T04:07:15.571-0300] {logging_mixin.py:190} INFO - [2024-12-07T04:07:15.571-0300] {dagbag.py:588} INFO - Filling up the DagBag from /home/crisu/miniconda3/envs/lab13.1/lib/python3.9/site-packages/airflow/example_dags/example_task_group_decorator.py
[2024-12-07T04:07:15.585-0300] {processor.py:925} INFO - DAG(s) 'example_task_group_decorator' retrieved from /home/crisu/miniconda3/envs/lab13.1/lib/python3.9/site-packages/airflow/example_dags/example_task_group_decorator.py
[2024-12-07T04:07:15.605-0300] {logging_mixin.py:190} INFO - [2024-12-07T04:07:15.604-0300] {dag.py:3239} INFO - Sync 1 DAGs
[2024-12-07T04:07:15.615-0300] {logging_mixin.py:190} INFO - [2024-12-07T04:07:15.615-0300] {dag.py:4180} INFO - Setting next_dagrun for example_task_group_decorator to None, run_after=None
[2024-12-07T04:07:16.608-0300] {processor.py:208} INFO - Processing /home/crisu/miniconda3/envs/lab13.1/lib/python3.9/site-packages/airflow/example_dags/example_task_group_decorator.py took 1.218 seconds
[2024-12-07T04:08:49.312-0300] {processor.py:186} INFO - Started process (PID=49376) to work on /home/crisu/miniconda3/envs/lab13.1/lib/python3.9/site-packages/airflow/example_dags/example_task_group_decorator.py
[2024-12-07T04:08:49.347-0300] {processor.py:914} INFO - Processing file /home/crisu/miniconda3/envs/lab13.1/lib/python3.9/site-packages/airflow/example_dags/example_task_group_decorator.py for tasks to queue
[2024-12-07T04:08:49.349-0300] {logging_mixin.py:190} INFO - [2024-12-07T04:08:49.349-0300] {dagbag.py:588} INFO - Filling up the DagBag from /home/crisu/miniconda3/envs/lab13.1/lib/python3.9/site-packages/airflow/example_dags/example_task_group_decorator.py
[2024-12-07T04:08:49.361-0300] {processor.py:925} INFO - DAG(s) 'example_task_group_decorator' retrieved from /home/crisu/miniconda3/envs/lab13.1/lib/python3.9/site-packages/airflow/example_dags/example_task_group_decorator.py
[2024-12-07T04:08:49.380-0300] {logging_mixin.py:190} INFO - [2024-12-07T04:08:49.380-0300] {dag.py:3239} INFO - Sync 1 DAGs
[2024-12-07T04:08:49.391-0300] {logging_mixin.py:190} INFO - [2024-12-07T04:08:49.391-0300] {dag.py:4180} INFO - Setting next_dagrun for example_task_group_decorator to None, run_after=None
[2024-12-07T04:08:50.073-0300] {processor.py:208} INFO - Processing /home/crisu/miniconda3/envs/lab13.1/lib/python3.9/site-packages/airflow/example_dags/example_task_group_decorator.py took 0.766 seconds
[2024-12-07T04:09:45.634-0300] {processor.py:186} INFO - Started process (PID=49454) to work on /home/crisu/miniconda3/envs/lab13.1/lib/python3.9/site-packages/airflow/example_dags/example_task_group_decorator.py
[2024-12-07T04:09:45.643-0300] {processor.py:914} INFO - Processing file /home/crisu/miniconda3/envs/lab13.1/lib/python3.9/site-packages/airflow/example_dags/example_task_group_decorator.py for tasks to queue
[2024-12-07T04:09:45.645-0300] {logging_mixin.py:190} INFO - [2024-12-07T04:09:45.644-0300] {dagbag.py:588} INFO - Filling up the DagBag from /home/crisu/miniconda3/envs/lab13.1/lib/python3.9/site-packages/airflow/example_dags/example_task_group_decorator.py
[2024-12-07T04:09:45.658-0300] {processor.py:925} INFO - DAG(s) 'example_task_group_decorator' retrieved from /home/crisu/miniconda3/envs/lab13.1/lib/python3.9/site-packages/airflow/example_dags/example_task_group_decorator.py
[2024-12-07T04:09:45.677-0300] {logging_mixin.py:190} INFO - [2024-12-07T04:09:45.676-0300] {dag.py:3239} INFO - Sync 1 DAGs
[2024-12-07T04:09:45.686-0300] {logging_mixin.py:190} INFO - [2024-12-07T04:09:45.686-0300] {dag.py:4180} INFO - Setting next_dagrun for example_task_group_decorator to None, run_after=None
[2024-12-07T04:09:45.741-0300] {processor.py:208} INFO - Processing /home/crisu/miniconda3/envs/lab13.1/lib/python3.9/site-packages/airflow/example_dags/example_task_group_decorator.py took 0.112 seconds
[2024-12-07T04:10:56.473-0300] {processor.py:186} INFO - Started process (PID=49561) to work on /home/crisu/miniconda3/envs/lab13.1/lib/python3.9/site-packages/airflow/example_dags/example_task_group_decorator.py
[2024-12-07T04:10:56.508-0300] {processor.py:914} INFO - Processing file /home/crisu/miniconda3/envs/lab13.1/lib/python3.9/site-packages/airflow/example_dags/example_task_group_decorator.py for tasks to queue
[2024-12-07T04:10:56.509-0300] {logging_mixin.py:190} INFO - [2024-12-07T04:10:56.509-0300] {dagbag.py:588} INFO - Filling up the DagBag from /home/crisu/miniconda3/envs/lab13.1/lib/python3.9/site-packages/airflow/example_dags/example_task_group_decorator.py
[2024-12-07T04:10:56.522-0300] {processor.py:925} INFO - DAG(s) 'example_task_group_decorator' retrieved from /home/crisu/miniconda3/envs/lab13.1/lib/python3.9/site-packages/airflow/example_dags/example_task_group_decorator.py
[2024-12-07T04:10:56.540-0300] {logging_mixin.py:190} INFO - [2024-12-07T04:10:56.540-0300] {dag.py:3239} INFO - Sync 1 DAGs
[2024-12-07T04:10:56.551-0300] {logging_mixin.py:190} INFO - [2024-12-07T04:10:56.550-0300] {dag.py:4180} INFO - Setting next_dagrun for example_task_group_decorator to None, run_after=None
[2024-12-07T04:10:57.588-0300] {processor.py:208} INFO - Processing /home/crisu/miniconda3/envs/lab13.1/lib/python3.9/site-packages/airflow/example_dags/example_task_group_decorator.py took 1.120 seconds
[2024-12-07T04:12:39.389-0300] {processor.py:186} INFO - Started process (PID=49713) to work on /home/crisu/miniconda3/envs/lab13.1/lib/python3.9/site-packages/airflow/example_dags/example_task_group_decorator.py
[2024-12-07T04:12:39.398-0300] {processor.py:914} INFO - Processing file /home/crisu/miniconda3/envs/lab13.1/lib/python3.9/site-packages/airflow/example_dags/example_task_group_decorator.py for tasks to queue
[2024-12-07T04:12:39.399-0300] {logging_mixin.py:190} INFO - [2024-12-07T04:12:39.399-0300] {dagbag.py:588} INFO - Filling up the DagBag from /home/crisu/miniconda3/envs/lab13.1/lib/python3.9/site-packages/airflow/example_dags/example_task_group_decorator.py
[2024-12-07T04:12:39.416-0300] {processor.py:925} INFO - DAG(s) 'example_task_group_decorator' retrieved from /home/crisu/miniconda3/envs/lab13.1/lib/python3.9/site-packages/airflow/example_dags/example_task_group_decorator.py
[2024-12-07T04:12:39.443-0300] {logging_mixin.py:190} INFO - [2024-12-07T04:12:39.443-0300] {dag.py:3239} INFO - Sync 1 DAGs
[2024-12-07T04:12:39.454-0300] {logging_mixin.py:190} INFO - [2024-12-07T04:12:39.453-0300] {dag.py:4180} INFO - Setting next_dagrun for example_task_group_decorator to None, run_after=None
[2024-12-07T04:12:39.522-0300] {processor.py:208} INFO - Processing /home/crisu/miniconda3/envs/lab13.1/lib/python3.9/site-packages/airflow/example_dags/example_task_group_decorator.py took 0.140 seconds
[2024-12-07T04:13:56.162-0300] {processor.py:186} INFO - Started process (PID=49867) to work on /home/crisu/miniconda3/envs/lab13.1/lib/python3.9/site-packages/airflow/example_dags/example_task_group_decorator.py
[2024-12-07T04:13:56.173-0300] {processor.py:914} INFO - Processing file /home/crisu/miniconda3/envs/lab13.1/lib/python3.9/site-packages/airflow/example_dags/example_task_group_decorator.py for tasks to queue
[2024-12-07T04:13:56.174-0300] {logging_mixin.py:190} INFO - [2024-12-07T04:13:56.174-0300] {dagbag.py:588} INFO - Filling up the DagBag from /home/crisu/miniconda3/envs/lab13.1/lib/python3.9/site-packages/airflow/example_dags/example_task_group_decorator.py
[2024-12-07T04:13:56.187-0300] {processor.py:925} INFO - DAG(s) 'example_task_group_decorator' retrieved from /home/crisu/miniconda3/envs/lab13.1/lib/python3.9/site-packages/airflow/example_dags/example_task_group_decorator.py
[2024-12-07T04:13:56.205-0300] {logging_mixin.py:190} INFO - [2024-12-07T04:13:56.205-0300] {dag.py:3239} INFO - Sync 1 DAGs
[2024-12-07T04:13:56.218-0300] {logging_mixin.py:190} INFO - [2024-12-07T04:13:56.218-0300] {dag.py:4180} INFO - Setting next_dagrun for example_task_group_decorator to None, run_after=None
[2024-12-07T04:13:56.278-0300] {processor.py:208} INFO - Processing /home/crisu/miniconda3/envs/lab13.1/lib/python3.9/site-packages/airflow/example_dags/example_task_group_decorator.py took 0.122 seconds
[2024-12-07T04:15:13.723-0300] {processor.py:186} INFO - Started process (PID=49998) to work on /home/crisu/miniconda3/envs/lab13.1/lib/python3.9/site-packages/airflow/example_dags/example_task_group_decorator.py
[2024-12-07T04:15:13.732-0300] {processor.py:914} INFO - Processing file /home/crisu/miniconda3/envs/lab13.1/lib/python3.9/site-packages/airflow/example_dags/example_task_group_decorator.py for tasks to queue
[2024-12-07T04:15:13.734-0300] {logging_mixin.py:190} INFO - [2024-12-07T04:15:13.733-0300] {dagbag.py:588} INFO - Filling up the DagBag from /home/crisu/miniconda3/envs/lab13.1/lib/python3.9/site-packages/airflow/example_dags/example_task_group_decorator.py
[2024-12-07T04:15:13.747-0300] {processor.py:925} INFO - DAG(s) 'example_task_group_decorator' retrieved from /home/crisu/miniconda3/envs/lab13.1/lib/python3.9/site-packages/airflow/example_dags/example_task_group_decorator.py
[2024-12-07T04:15:13.765-0300] {logging_mixin.py:190} INFO - [2024-12-07T04:15:13.765-0300] {dag.py:3239} INFO - Sync 1 DAGs
[2024-12-07T04:15:13.776-0300] {logging_mixin.py:190} INFO - [2024-12-07T04:15:13.776-0300] {dag.py:4180} INFO - Setting next_dagrun for example_task_group_decorator to None, run_after=None
[2024-12-07T04:15:13.834-0300] {processor.py:208} INFO - Processing /home/crisu/miniconda3/envs/lab13.1/lib/python3.9/site-packages/airflow/example_dags/example_task_group_decorator.py took 0.116 seconds
