[2024-12-07T01:52:55.255-0300] {processor.py:186} INFO - Started process (PID=34042) to work on /home/crisu/miniconda3/envs/lab13.1/lib/python3.9/site-packages/airflow/example_dags/example_python_operator.py
[2024-12-07T01:52:55.256-0300] {processor.py:914} INFO - Processing file /home/crisu/miniconda3/envs/lab13.1/lib/python3.9/site-packages/airflow/example_dags/example_python_operator.py for tasks to queue
[2024-12-07T01:52:55.258-0300] {logging_mixin.py:190} INFO - [2024-12-07T01:52:55.257-0300] {dagbag.py:588} INFO - Filling up the DagBag from /home/crisu/miniconda3/envs/lab13.1/lib/python3.9/site-packages/airflow/example_dags/example_python_operator.py
[2024-12-07T01:52:55.265-0300] {logging_mixin.py:190} INFO - [2024-12-07T01:52:55.265-0300] {example_python_operator.py:93} WARNING - The virtalenv_python example task requires virtualenv, please install it.
[2024-12-07T01:52:55.268-0300] {processor.py:925} INFO - DAG(s) 'example_python_operator' retrieved from /home/crisu/miniconda3/envs/lab13.1/lib/python3.9/site-packages/airflow/example_dags/example_python_operator.py
[2024-12-07T01:52:55.510-0300] {logging_mixin.py:190} INFO - [2024-12-07T01:52:55.509-0300] {override.py:1911} INFO - Created Permission View: can delete on DAG:example_python_operator
[2024-12-07T01:52:55.577-0300] {logging_mixin.py:190} INFO - [2024-12-07T01:52:55.577-0300] {override.py:1911} INFO - Created Permission View: can edit on DAG:example_python_operator
[2024-12-07T01:52:55.645-0300] {logging_mixin.py:190} INFO - [2024-12-07T01:52:55.645-0300] {override.py:1911} INFO - Created Permission View: can read on DAG:example_python_operator
[2024-12-07T01:52:57.317-0300] {logging_mixin.py:190} INFO - [2024-12-07T01:52:57.317-0300] {override.py:1911} INFO - Created Permission View: menu access on DAG Run:example_python_operator
[2024-12-07T01:52:58.417-0300] {logging_mixin.py:190} INFO - [2024-12-07T01:52:58.416-0300] {override.py:1911} INFO - Created Permission View: can delete on DAG Run:example_python_operator
[2024-12-07T01:52:59.654-0300] {logging_mixin.py:190} INFO - [2024-12-07T01:52:59.654-0300] {override.py:1911} INFO - Created Permission View: can read on DAG Run:example_python_operator
[2024-12-07T01:53:00.774-0300] {logging_mixin.py:190} INFO - [2024-12-07T01:53:00.774-0300] {override.py:1911} INFO - Created Permission View: can create on DAG Run:example_python_operator
[2024-12-07T01:53:00.775-0300] {logging_mixin.py:190} INFO - [2024-12-07T01:53:00.775-0300] {dag.py:3239} INFO - Sync 1 DAGs
[2024-12-07T01:53:00.790-0300] {logging_mixin.py:190} INFO - [2024-12-07T01:53:00.790-0300] {dag.py:3262} INFO - Creating ORM DAG for example_python_operator
[2024-12-07T01:53:00.791-0300] {logging_mixin.py:190} INFO - [2024-12-07T01:53:00.791-0300] {dag.py:4180} INFO - Setting next_dagrun for example_python_operator to None, run_after=None
[2024-12-07T01:53:01.813-0300] {processor.py:208} INFO - Processing /home/crisu/miniconda3/envs/lab13.1/lib/python3.9/site-packages/airflow/example_dags/example_python_operator.py took 6.564 seconds
[2024-12-07T02:07:53.205-0300] {processor.py:186} INFO - Started process (PID=35400) to work on /home/crisu/miniconda3/envs/lab13.1/lib/python3.9/site-packages/airflow/example_dags/example_python_operator.py
[2024-12-07T02:07:53.207-0300] {processor.py:914} INFO - Processing file /home/crisu/miniconda3/envs/lab13.1/lib/python3.9/site-packages/airflow/example_dags/example_python_operator.py for tasks to queue
[2024-12-07T02:07:53.208-0300] {logging_mixin.py:190} INFO - [2024-12-07T02:07:53.208-0300] {dagbag.py:588} INFO - Filling up the DagBag from /home/crisu/miniconda3/envs/lab13.1/lib/python3.9/site-packages/airflow/example_dags/example_python_operator.py
[2024-12-07T02:07:53.214-0300] {logging_mixin.py:190} INFO - [2024-12-07T02:07:53.214-0300] {example_python_operator.py:93} WARNING - The virtalenv_python example task requires virtualenv, please install it.
[2024-12-07T02:07:53.216-0300] {processor.py:925} INFO - DAG(s) 'example_python_operator' retrieved from /home/crisu/miniconda3/envs/lab13.1/lib/python3.9/site-packages/airflow/example_dags/example_python_operator.py
[2024-12-07T02:07:53.233-0300] {logging_mixin.py:190} INFO - [2024-12-07T02:07:53.233-0300] {dag.py:3239} INFO - Sync 1 DAGs
[2024-12-07T02:07:53.247-0300] {logging_mixin.py:190} INFO - [2024-12-07T02:07:53.247-0300] {dag.py:4180} INFO - Setting next_dagrun for example_python_operator to None, run_after=None
[2024-12-07T02:07:53.317-0300] {processor.py:208} INFO - Processing /home/crisu/miniconda3/envs/lab13.1/lib/python3.9/site-packages/airflow/example_dags/example_python_operator.py took 0.116 seconds
[2024-12-07T02:11:42.894-0300] {processor.py:186} INFO - Started process (PID=35919) to work on /home/crisu/miniconda3/envs/lab13.1/lib/python3.9/site-packages/airflow/example_dags/example_python_operator.py
[2024-12-07T02:11:42.896-0300] {processor.py:914} INFO - Processing file /home/crisu/miniconda3/envs/lab13.1/lib/python3.9/site-packages/airflow/example_dags/example_python_operator.py for tasks to queue
[2024-12-07T02:11:42.898-0300] {logging_mixin.py:190} INFO - [2024-12-07T02:11:42.897-0300] {dagbag.py:588} INFO - Filling up the DagBag from /home/crisu/miniconda3/envs/lab13.1/lib/python3.9/site-packages/airflow/example_dags/example_python_operator.py
[2024-12-07T02:11:42.905-0300] {logging_mixin.py:190} INFO - [2024-12-07T02:11:42.905-0300] {example_python_operator.py:93} WARNING - The virtalenv_python example task requires virtualenv, please install it.
[2024-12-07T02:11:42.909-0300] {processor.py:925} INFO - DAG(s) 'example_python_operator' retrieved from /home/crisu/miniconda3/envs/lab13.1/lib/python3.9/site-packages/airflow/example_dags/example_python_operator.py
[2024-12-07T02:11:44.158-0300] {logging_mixin.py:190} INFO - [2024-12-07T02:11:44.157-0300] {dag.py:3239} INFO - Sync 1 DAGs
[2024-12-07T02:11:44.169-0300] {logging_mixin.py:190} INFO - [2024-12-07T02:11:44.169-0300] {dag.py:4180} INFO - Setting next_dagrun for example_python_operator to None, run_after=None
[2024-12-07T02:11:44.949-0300] {processor.py:208} INFO - Processing /home/crisu/miniconda3/envs/lab13.1/lib/python3.9/site-packages/airflow/example_dags/example_python_operator.py took 2.062 seconds
[2024-12-07T02:12:52.504-0300] {processor.py:186} INFO - Started process (PID=36023) to work on /home/crisu/miniconda3/envs/lab13.1/lib/python3.9/site-packages/airflow/example_dags/example_python_operator.py
[2024-12-07T02:12:52.517-0300] {processor.py:914} INFO - Processing file /home/crisu/miniconda3/envs/lab13.1/lib/python3.9/site-packages/airflow/example_dags/example_python_operator.py for tasks to queue
[2024-12-07T02:12:52.520-0300] {logging_mixin.py:190} INFO - [2024-12-07T02:12:52.519-0300] {dagbag.py:588} INFO - Filling up the DagBag from /home/crisu/miniconda3/envs/lab13.1/lib/python3.9/site-packages/airflow/example_dags/example_python_operator.py
[2024-12-07T02:12:52.526-0300] {logging_mixin.py:190} INFO - [2024-12-07T02:12:52.526-0300] {example_python_operator.py:93} WARNING - The virtalenv_python example task requires virtualenv, please install it.
[2024-12-07T02:12:52.528-0300] {processor.py:925} INFO - DAG(s) 'example_python_operator' retrieved from /home/crisu/miniconda3/envs/lab13.1/lib/python3.9/site-packages/airflow/example_dags/example_python_operator.py
[2024-12-07T02:12:52.545-0300] {logging_mixin.py:190} INFO - [2024-12-07T02:12:52.544-0300] {dag.py:3239} INFO - Sync 1 DAGs
[2024-12-07T02:12:52.556-0300] {logging_mixin.py:190} INFO - [2024-12-07T02:12:52.556-0300] {dag.py:4180} INFO - Setting next_dagrun for example_python_operator to None, run_after=None
[2024-12-07T02:12:52.612-0300] {processor.py:208} INFO - Processing /home/crisu/miniconda3/envs/lab13.1/lib/python3.9/site-packages/airflow/example_dags/example_python_operator.py took 0.116 seconds
[2024-12-07T02:15:40.895-0300] {processor.py:186} INFO - Started process (PID=36384) to work on /home/crisu/miniconda3/envs/lab13.1/lib/python3.9/site-packages/airflow/example_dags/example_python_operator.py
[2024-12-07T02:15:40.901-0300] {processor.py:914} INFO - Processing file /home/crisu/miniconda3/envs/lab13.1/lib/python3.9/site-packages/airflow/example_dags/example_python_operator.py for tasks to queue
[2024-12-07T02:15:40.904-0300] {logging_mixin.py:190} INFO - [2024-12-07T02:15:40.903-0300] {dagbag.py:588} INFO - Filling up the DagBag from /home/crisu/miniconda3/envs/lab13.1/lib/python3.9/site-packages/airflow/example_dags/example_python_operator.py
[2024-12-07T02:15:40.910-0300] {logging_mixin.py:190} INFO - [2024-12-07T02:15:40.910-0300] {example_python_operator.py:93} WARNING - The virtalenv_python example task requires virtualenv, please install it.
[2024-12-07T02:15:40.912-0300] {processor.py:925} INFO - DAG(s) 'example_python_operator' retrieved from /home/crisu/miniconda3/envs/lab13.1/lib/python3.9/site-packages/airflow/example_dags/example_python_operator.py
[2024-12-07T02:15:40.927-0300] {logging_mixin.py:190} INFO - [2024-12-07T02:15:40.927-0300] {dag.py:3239} INFO - Sync 1 DAGs
[2024-12-07T02:15:40.939-0300] {logging_mixin.py:190} INFO - [2024-12-07T02:15:40.939-0300] {dag.py:4180} INFO - Setting next_dagrun for example_python_operator to None, run_after=None
[2024-12-07T02:15:41.001-0300] {processor.py:208} INFO - Processing /home/crisu/miniconda3/envs/lab13.1/lib/python3.9/site-packages/airflow/example_dags/example_python_operator.py took 0.114 seconds
[2024-12-07T02:17:16.584-0300] {processor.py:186} INFO - Started process (PID=36535) to work on /home/crisu/miniconda3/envs/lab13.1/lib/python3.9/site-packages/airflow/example_dags/example_python_operator.py
[2024-12-07T02:17:16.585-0300] {processor.py:914} INFO - Processing file /home/crisu/miniconda3/envs/lab13.1/lib/python3.9/site-packages/airflow/example_dags/example_python_operator.py for tasks to queue
[2024-12-07T02:17:16.587-0300] {logging_mixin.py:190} INFO - [2024-12-07T02:17:16.587-0300] {dagbag.py:588} INFO - Filling up the DagBag from /home/crisu/miniconda3/envs/lab13.1/lib/python3.9/site-packages/airflow/example_dags/example_python_operator.py
[2024-12-07T02:17:16.593-0300] {logging_mixin.py:190} INFO - [2024-12-07T02:17:16.593-0300] {example_python_operator.py:93} WARNING - The virtalenv_python example task requires virtualenv, please install it.
[2024-12-07T02:17:16.595-0300] {processor.py:925} INFO - DAG(s) 'example_python_operator' retrieved from /home/crisu/miniconda3/envs/lab13.1/lib/python3.9/site-packages/airflow/example_dags/example_python_operator.py
[2024-12-07T02:17:16.610-0300] {logging_mixin.py:190} INFO - [2024-12-07T02:17:16.610-0300] {dag.py:3239} INFO - Sync 1 DAGs
[2024-12-07T02:17:16.621-0300] {logging_mixin.py:190} INFO - [2024-12-07T02:17:16.620-0300] {dag.py:4180} INFO - Setting next_dagrun for example_python_operator to None, run_after=None
[2024-12-07T02:17:16.689-0300] {processor.py:208} INFO - Processing /home/crisu/miniconda3/envs/lab13.1/lib/python3.9/site-packages/airflow/example_dags/example_python_operator.py took 0.112 seconds
[2024-12-07T02:18:44.989-0300] {processor.py:186} INFO - Started process (PID=36744) to work on /home/crisu/miniconda3/envs/lab13.1/lib/python3.9/site-packages/airflow/example_dags/example_python_operator.py
[2024-12-07T02:18:45.023-0300] {processor.py:914} INFO - Processing file /home/crisu/miniconda3/envs/lab13.1/lib/python3.9/site-packages/airflow/example_dags/example_python_operator.py for tasks to queue
[2024-12-07T02:18:45.025-0300] {logging_mixin.py:190} INFO - [2024-12-07T02:18:45.025-0300] {dagbag.py:588} INFO - Filling up the DagBag from /home/crisu/miniconda3/envs/lab13.1/lib/python3.9/site-packages/airflow/example_dags/example_python_operator.py
[2024-12-07T02:18:45.032-0300] {logging_mixin.py:190} INFO - [2024-12-07T02:18:45.031-0300] {example_python_operator.py:93} WARNING - The virtalenv_python example task requires virtualenv, please install it.
[2024-12-07T02:18:45.035-0300] {processor.py:925} INFO - DAG(s) 'example_python_operator' retrieved from /home/crisu/miniconda3/envs/lab13.1/lib/python3.9/site-packages/airflow/example_dags/example_python_operator.py
[2024-12-07T02:18:45.050-0300] {logging_mixin.py:190} INFO - [2024-12-07T02:18:45.050-0300] {dag.py:3239} INFO - Sync 1 DAGs
[2024-12-07T02:18:45.061-0300] {logging_mixin.py:190} INFO - [2024-12-07T02:18:45.060-0300] {dag.py:4180} INFO - Setting next_dagrun for example_python_operator to None, run_after=None
[2024-12-07T02:18:45.127-0300] {processor.py:208} INFO - Processing /home/crisu/miniconda3/envs/lab13.1/lib/python3.9/site-packages/airflow/example_dags/example_python_operator.py took 0.145 seconds
[2024-12-07T02:31:16.382-0300] {processor.py:186} INFO - Started process (PID=37989) to work on /home/crisu/miniconda3/envs/lab13.1/lib/python3.9/site-packages/airflow/example_dags/example_python_operator.py
[2024-12-07T02:31:16.383-0300] {processor.py:914} INFO - Processing file /home/crisu/miniconda3/envs/lab13.1/lib/python3.9/site-packages/airflow/example_dags/example_python_operator.py for tasks to queue
[2024-12-07T02:31:16.385-0300] {logging_mixin.py:190} INFO - [2024-12-07T02:31:16.385-0300] {dagbag.py:588} INFO - Filling up the DagBag from /home/crisu/miniconda3/envs/lab13.1/lib/python3.9/site-packages/airflow/example_dags/example_python_operator.py
[2024-12-07T02:31:16.391-0300] {logging_mixin.py:190} INFO - [2024-12-07T02:31:16.390-0300] {example_python_operator.py:93} WARNING - The virtalenv_python example task requires virtualenv, please install it.
[2024-12-07T02:31:16.393-0300] {processor.py:925} INFO - DAG(s) 'example_python_operator' retrieved from /home/crisu/miniconda3/envs/lab13.1/lib/python3.9/site-packages/airflow/example_dags/example_python_operator.py
[2024-12-07T02:31:16.408-0300] {logging_mixin.py:190} INFO - [2024-12-07T02:31:16.408-0300] {dag.py:3239} INFO - Sync 1 DAGs
[2024-12-07T02:31:16.419-0300] {logging_mixin.py:190} INFO - [2024-12-07T02:31:16.419-0300] {dag.py:4180} INFO - Setting next_dagrun for example_python_operator to None, run_after=None
[2024-12-07T02:31:16.477-0300] {processor.py:208} INFO - Processing /home/crisu/miniconda3/envs/lab13.1/lib/python3.9/site-packages/airflow/example_dags/example_python_operator.py took 0.100 seconds
[2024-12-07T02:33:46.766-0300] {processor.py:186} INFO - Started process (PID=38215) to work on /home/crisu/miniconda3/envs/lab13.1/lib/python3.9/site-packages/airflow/example_dags/example_python_operator.py
[2024-12-07T02:33:46.768-0300] {processor.py:914} INFO - Processing file /home/crisu/miniconda3/envs/lab13.1/lib/python3.9/site-packages/airflow/example_dags/example_python_operator.py for tasks to queue
[2024-12-07T02:33:46.769-0300] {logging_mixin.py:190} INFO - [2024-12-07T02:33:46.769-0300] {dagbag.py:588} INFO - Filling up the DagBag from /home/crisu/miniconda3/envs/lab13.1/lib/python3.9/site-packages/airflow/example_dags/example_python_operator.py
[2024-12-07T02:33:46.775-0300] {logging_mixin.py:190} INFO - [2024-12-07T02:33:46.775-0300] {example_python_operator.py:93} WARNING - The virtalenv_python example task requires virtualenv, please install it.
[2024-12-07T02:33:46.777-0300] {processor.py:925} INFO - DAG(s) 'example_python_operator' retrieved from /home/crisu/miniconda3/envs/lab13.1/lib/python3.9/site-packages/airflow/example_dags/example_python_operator.py
[2024-12-07T02:33:46.792-0300] {logging_mixin.py:190} INFO - [2024-12-07T02:33:46.792-0300] {dag.py:3239} INFO - Sync 1 DAGs
[2024-12-07T02:33:46.805-0300] {logging_mixin.py:190} INFO - [2024-12-07T02:33:46.805-0300] {dag.py:4180} INFO - Setting next_dagrun for example_python_operator to None, run_after=None
[2024-12-07T02:33:46.868-0300] {processor.py:208} INFO - Processing /home/crisu/miniconda3/envs/lab13.1/lib/python3.9/site-packages/airflow/example_dags/example_python_operator.py took 0.107 seconds
[2024-12-07T02:36:17.167-0300] {processor.py:186} INFO - Started process (PID=38508) to work on /home/crisu/miniconda3/envs/lab13.1/lib/python3.9/site-packages/airflow/example_dags/example_python_operator.py
[2024-12-07T02:36:17.169-0300] {processor.py:914} INFO - Processing file /home/crisu/miniconda3/envs/lab13.1/lib/python3.9/site-packages/airflow/example_dags/example_python_operator.py for tasks to queue
[2024-12-07T02:36:17.171-0300] {logging_mixin.py:190} INFO - [2024-12-07T02:36:17.170-0300] {dagbag.py:588} INFO - Filling up the DagBag from /home/crisu/miniconda3/envs/lab13.1/lib/python3.9/site-packages/airflow/example_dags/example_python_operator.py
[2024-12-07T02:36:17.177-0300] {logging_mixin.py:190} INFO - [2024-12-07T02:36:17.177-0300] {example_python_operator.py:93} WARNING - The virtalenv_python example task requires virtualenv, please install it.
[2024-12-07T02:36:17.179-0300] {processor.py:925} INFO - DAG(s) 'example_python_operator' retrieved from /home/crisu/miniconda3/envs/lab13.1/lib/python3.9/site-packages/airflow/example_dags/example_python_operator.py
[2024-12-07T02:36:17.194-0300] {logging_mixin.py:190} INFO - [2024-12-07T02:36:17.194-0300] {dag.py:3239} INFO - Sync 1 DAGs
[2024-12-07T02:36:17.206-0300] {logging_mixin.py:190} INFO - [2024-12-07T02:36:17.205-0300] {dag.py:4180} INFO - Setting next_dagrun for example_python_operator to None, run_after=None
[2024-12-07T02:36:17.268-0300] {processor.py:208} INFO - Processing /home/crisu/miniconda3/envs/lab13.1/lib/python3.9/site-packages/airflow/example_dags/example_python_operator.py took 0.106 seconds
[2024-12-07T02:39:11.160-0300] {processor.py:186} INFO - Started process (PID=38783) to work on /home/crisu/miniconda3/envs/lab13.1/lib/python3.9/site-packages/airflow/example_dags/example_python_operator.py
[2024-12-07T02:39:11.161-0300] {processor.py:914} INFO - Processing file /home/crisu/miniconda3/envs/lab13.1/lib/python3.9/site-packages/airflow/example_dags/example_python_operator.py for tasks to queue
[2024-12-07T02:39:11.163-0300] {logging_mixin.py:190} INFO - [2024-12-07T02:39:11.162-0300] {dagbag.py:588} INFO - Filling up the DagBag from /home/crisu/miniconda3/envs/lab13.1/lib/python3.9/site-packages/airflow/example_dags/example_python_operator.py
[2024-12-07T02:39:11.169-0300] {logging_mixin.py:190} INFO - [2024-12-07T02:39:11.168-0300] {example_python_operator.py:93} WARNING - The virtalenv_python example task requires virtualenv, please install it.
[2024-12-07T02:39:11.171-0300] {processor.py:925} INFO - DAG(s) 'example_python_operator' retrieved from /home/crisu/miniconda3/envs/lab13.1/lib/python3.9/site-packages/airflow/example_dags/example_python_operator.py
[2024-12-07T02:39:11.185-0300] {logging_mixin.py:190} INFO - [2024-12-07T02:39:11.185-0300] {dag.py:3239} INFO - Sync 1 DAGs
[2024-12-07T02:39:11.196-0300] {logging_mixin.py:190} INFO - [2024-12-07T02:39:11.196-0300] {dag.py:4180} INFO - Setting next_dagrun for example_python_operator to None, run_after=None
[2024-12-07T02:39:12.353-0300] {processor.py:208} INFO - Processing /home/crisu/miniconda3/envs/lab13.1/lib/python3.9/site-packages/airflow/example_dags/example_python_operator.py took 1.198 seconds
[2024-12-07T02:40:33.916-0300] {processor.py:186} INFO - Started process (PID=38892) to work on /home/crisu/miniconda3/envs/lab13.1/lib/python3.9/site-packages/airflow/example_dags/example_python_operator.py
[2024-12-07T02:40:33.925-0300] {processor.py:914} INFO - Processing file /home/crisu/miniconda3/envs/lab13.1/lib/python3.9/site-packages/airflow/example_dags/example_python_operator.py for tasks to queue
[2024-12-07T02:40:33.927-0300] {logging_mixin.py:190} INFO - [2024-12-07T02:40:33.927-0300] {dagbag.py:588} INFO - Filling up the DagBag from /home/crisu/miniconda3/envs/lab13.1/lib/python3.9/site-packages/airflow/example_dags/example_python_operator.py
[2024-12-07T02:40:33.934-0300] {logging_mixin.py:190} INFO - [2024-12-07T02:40:33.933-0300] {example_python_operator.py:93} WARNING - The virtalenv_python example task requires virtualenv, please install it.
[2024-12-07T02:40:33.936-0300] {processor.py:925} INFO - DAG(s) 'example_python_operator' retrieved from /home/crisu/miniconda3/envs/lab13.1/lib/python3.9/site-packages/airflow/example_dags/example_python_operator.py
[2024-12-07T02:40:33.951-0300] {logging_mixin.py:190} INFO - [2024-12-07T02:40:33.950-0300] {dag.py:3239} INFO - Sync 1 DAGs
[2024-12-07T02:40:33.962-0300] {logging_mixin.py:190} INFO - [2024-12-07T02:40:33.961-0300] {dag.py:4180} INFO - Setting next_dagrun for example_python_operator to None, run_after=None
[2024-12-07T02:40:34.024-0300] {processor.py:208} INFO - Processing /home/crisu/miniconda3/envs/lab13.1/lib/python3.9/site-packages/airflow/example_dags/example_python_operator.py took 0.113 seconds
[2024-12-07T02:41:46.842-0300] {processor.py:186} INFO - Started process (PID=39016) to work on /home/crisu/miniconda3/envs/lab13.1/lib/python3.9/site-packages/airflow/example_dags/example_python_operator.py
[2024-12-07T02:41:46.846-0300] {processor.py:914} INFO - Processing file /home/crisu/miniconda3/envs/lab13.1/lib/python3.9/site-packages/airflow/example_dags/example_python_operator.py for tasks to queue
[2024-12-07T02:41:46.848-0300] {logging_mixin.py:190} INFO - [2024-12-07T02:41:46.848-0300] {dagbag.py:588} INFO - Filling up the DagBag from /home/crisu/miniconda3/envs/lab13.1/lib/python3.9/site-packages/airflow/example_dags/example_python_operator.py
[2024-12-07T02:41:46.854-0300] {logging_mixin.py:190} INFO - [2024-12-07T02:41:46.854-0300] {example_python_operator.py:93} WARNING - The virtalenv_python example task requires virtualenv, please install it.
[2024-12-07T02:41:46.856-0300] {processor.py:925} INFO - DAG(s) 'example_python_operator' retrieved from /home/crisu/miniconda3/envs/lab13.1/lib/python3.9/site-packages/airflow/example_dags/example_python_operator.py
[2024-12-07T02:41:46.870-0300] {logging_mixin.py:190} INFO - [2024-12-07T02:41:46.870-0300] {dag.py:3239} INFO - Sync 1 DAGs
[2024-12-07T02:41:46.881-0300] {logging_mixin.py:190} INFO - [2024-12-07T02:41:46.881-0300] {dag.py:4180} INFO - Setting next_dagrun for example_python_operator to None, run_after=None
[2024-12-07T02:41:46.943-0300] {processor.py:208} INFO - Processing /home/crisu/miniconda3/envs/lab13.1/lib/python3.9/site-packages/airflow/example_dags/example_python_operator.py took 0.106 seconds
[2024-12-07T02:44:55.743-0300] {processor.py:186} INFO - Started process (PID=39712) to work on /home/crisu/miniconda3/envs/lab13.1/lib/python3.9/site-packages/airflow/example_dags/example_python_operator.py
[2024-12-07T02:44:55.744-0300] {processor.py:914} INFO - Processing file /home/crisu/miniconda3/envs/lab13.1/lib/python3.9/site-packages/airflow/example_dags/example_python_operator.py for tasks to queue
[2024-12-07T02:44:55.746-0300] {logging_mixin.py:190} INFO - [2024-12-07T02:44:55.746-0300] {dagbag.py:588} INFO - Filling up the DagBag from /home/crisu/miniconda3/envs/lab13.1/lib/python3.9/site-packages/airflow/example_dags/example_python_operator.py
[2024-12-07T02:44:55.752-0300] {logging_mixin.py:190} INFO - [2024-12-07T02:44:55.752-0300] {example_python_operator.py:93} WARNING - The virtalenv_python example task requires virtualenv, please install it.
[2024-12-07T02:44:55.754-0300] {processor.py:925} INFO - DAG(s) 'example_python_operator' retrieved from /home/crisu/miniconda3/envs/lab13.1/lib/python3.9/site-packages/airflow/example_dags/example_python_operator.py
[2024-12-07T02:44:55.770-0300] {logging_mixin.py:190} INFO - [2024-12-07T02:44:55.770-0300] {dag.py:3239} INFO - Sync 1 DAGs
[2024-12-07T02:44:55.782-0300] {logging_mixin.py:190} INFO - [2024-12-07T02:44:55.782-0300] {dag.py:4180} INFO - Setting next_dagrun for example_python_operator to None, run_after=None
[2024-12-07T02:44:55.846-0300] {processor.py:208} INFO - Processing /home/crisu/miniconda3/envs/lab13.1/lib/python3.9/site-packages/airflow/example_dags/example_python_operator.py took 0.108 seconds
[2024-12-07T02:46:34.861-0300] {processor.py:186} INFO - Started process (PID=40033) to work on /home/crisu/miniconda3/envs/lab13.1/lib/python3.9/site-packages/airflow/example_dags/example_python_operator.py
[2024-12-07T02:46:34.875-0300] {processor.py:914} INFO - Processing file /home/crisu/miniconda3/envs/lab13.1/lib/python3.9/site-packages/airflow/example_dags/example_python_operator.py for tasks to queue
[2024-12-07T02:46:34.876-0300] {logging_mixin.py:190} INFO - [2024-12-07T02:46:34.876-0300] {dagbag.py:588} INFO - Filling up the DagBag from /home/crisu/miniconda3/envs/lab13.1/lib/python3.9/site-packages/airflow/example_dags/example_python_operator.py
[2024-12-07T02:46:34.882-0300] {logging_mixin.py:190} INFO - [2024-12-07T02:46:34.882-0300] {example_python_operator.py:93} WARNING - The virtalenv_python example task requires virtualenv, please install it.
[2024-12-07T02:46:34.884-0300] {processor.py:925} INFO - DAG(s) 'example_python_operator' retrieved from /home/crisu/miniconda3/envs/lab13.1/lib/python3.9/site-packages/airflow/example_dags/example_python_operator.py
[2024-12-07T02:46:34.901-0300] {logging_mixin.py:190} INFO - [2024-12-07T02:46:34.900-0300] {dag.py:3239} INFO - Sync 1 DAGs
[2024-12-07T02:46:34.911-0300] {logging_mixin.py:190} INFO - [2024-12-07T02:46:34.911-0300] {dag.py:4180} INFO - Setting next_dagrun for example_python_operator to None, run_after=None
[2024-12-07T02:46:34.968-0300] {processor.py:208} INFO - Processing /home/crisu/miniconda3/envs/lab13.1/lib/python3.9/site-packages/airflow/example_dags/example_python_operator.py took 0.112 seconds
[2024-12-07T02:48:09.158-0300] {processor.py:186} INFO - Started process (PID=40314) to work on /home/crisu/miniconda3/envs/lab13.1/lib/python3.9/site-packages/airflow/example_dags/example_python_operator.py
[2024-12-07T02:48:09.159-0300] {processor.py:914} INFO - Processing file /home/crisu/miniconda3/envs/lab13.1/lib/python3.9/site-packages/airflow/example_dags/example_python_operator.py for tasks to queue
[2024-12-07T02:48:09.161-0300] {logging_mixin.py:190} INFO - [2024-12-07T02:48:09.161-0300] {dagbag.py:588} INFO - Filling up the DagBag from /home/crisu/miniconda3/envs/lab13.1/lib/python3.9/site-packages/airflow/example_dags/example_python_operator.py
[2024-12-07T02:48:09.167-0300] {logging_mixin.py:190} INFO - [2024-12-07T02:48:09.167-0300] {example_python_operator.py:93} WARNING - The virtalenv_python example task requires virtualenv, please install it.
[2024-12-07T02:48:09.169-0300] {processor.py:925} INFO - DAG(s) 'example_python_operator' retrieved from /home/crisu/miniconda3/envs/lab13.1/lib/python3.9/site-packages/airflow/example_dags/example_python_operator.py
[2024-12-07T02:48:09.185-0300] {logging_mixin.py:190} INFO - [2024-12-07T02:48:09.185-0300] {dag.py:3239} INFO - Sync 1 DAGs
[2024-12-07T02:48:09.196-0300] {logging_mixin.py:190} INFO - [2024-12-07T02:48:09.196-0300] {dag.py:4180} INFO - Setting next_dagrun for example_python_operator to None, run_after=None
[2024-12-07T02:48:10.132-0300] {processor.py:208} INFO - Processing /home/crisu/miniconda3/envs/lab13.1/lib/python3.9/site-packages/airflow/example_dags/example_python_operator.py took 0.980 seconds
[2024-12-07T02:50:16.245-0300] {processor.py:186} INFO - Started process (PID=40804) to work on /home/crisu/miniconda3/envs/lab13.1/lib/python3.9/site-packages/airflow/example_dags/example_python_operator.py
[2024-12-07T02:50:16.246-0300] {processor.py:914} INFO - Processing file /home/crisu/miniconda3/envs/lab13.1/lib/python3.9/site-packages/airflow/example_dags/example_python_operator.py for tasks to queue
[2024-12-07T02:50:16.248-0300] {logging_mixin.py:190} INFO - [2024-12-07T02:50:16.247-0300] {dagbag.py:588} INFO - Filling up the DagBag from /home/crisu/miniconda3/envs/lab13.1/lib/python3.9/site-packages/airflow/example_dags/example_python_operator.py
[2024-12-07T02:50:16.255-0300] {logging_mixin.py:190} INFO - [2024-12-07T02:50:16.254-0300] {example_python_operator.py:93} WARNING - The virtalenv_python example task requires virtualenv, please install it.
[2024-12-07T02:50:16.258-0300] {processor.py:925} INFO - DAG(s) 'example_python_operator' retrieved from /home/crisu/miniconda3/envs/lab13.1/lib/python3.9/site-packages/airflow/example_dags/example_python_operator.py
[2024-12-07T02:50:16.276-0300] {logging_mixin.py:190} INFO - [2024-12-07T02:50:16.276-0300] {dag.py:3239} INFO - Sync 1 DAGs
[2024-12-07T02:50:16.287-0300] {logging_mixin.py:190} INFO - [2024-12-07T02:50:16.287-0300] {dag.py:4180} INFO - Setting next_dagrun for example_python_operator to None, run_after=None
[2024-12-07T02:50:16.350-0300] {processor.py:208} INFO - Processing /home/crisu/miniconda3/envs/lab13.1/lib/python3.9/site-packages/airflow/example_dags/example_python_operator.py took 0.111 seconds
[2024-12-07T02:51:46.562-0300] {processor.py:186} INFO - Started process (PID=41002) to work on /home/crisu/miniconda3/envs/lab13.1/lib/python3.9/site-packages/airflow/example_dags/example_python_operator.py
[2024-12-07T02:51:46.574-0300] {processor.py:914} INFO - Processing file /home/crisu/miniconda3/envs/lab13.1/lib/python3.9/site-packages/airflow/example_dags/example_python_operator.py for tasks to queue
[2024-12-07T02:51:46.576-0300] {logging_mixin.py:190} INFO - [2024-12-07T02:51:46.576-0300] {dagbag.py:588} INFO - Filling up the DagBag from /home/crisu/miniconda3/envs/lab13.1/lib/python3.9/site-packages/airflow/example_dags/example_python_operator.py
[2024-12-07T02:51:46.583-0300] {logging_mixin.py:190} INFO - [2024-12-07T02:51:46.582-0300] {example_python_operator.py:93} WARNING - The virtalenv_python example task requires virtualenv, please install it.
[2024-12-07T02:51:46.585-0300] {processor.py:925} INFO - DAG(s) 'example_python_operator' retrieved from /home/crisu/miniconda3/envs/lab13.1/lib/python3.9/site-packages/airflow/example_dags/example_python_operator.py
[2024-12-07T02:51:46.603-0300] {logging_mixin.py:190} INFO - [2024-12-07T02:51:46.602-0300] {dag.py:3239} INFO - Sync 1 DAGs
[2024-12-07T02:51:46.613-0300] {logging_mixin.py:190} INFO - [2024-12-07T02:51:46.613-0300] {dag.py:4180} INFO - Setting next_dagrun for example_python_operator to None, run_after=None
[2024-12-07T02:51:47.524-0300] {processor.py:208} INFO - Processing /home/crisu/miniconda3/envs/lab13.1/lib/python3.9/site-packages/airflow/example_dags/example_python_operator.py took 0.972 seconds
[2024-12-07T03:20:26.767-0300] {processor.py:186} INFO - Started process (PID=42665) to work on /home/crisu/miniconda3/envs/lab13.1/lib/python3.9/site-packages/airflow/example_dags/example_python_operator.py
[2024-12-07T03:20:26.802-0300] {processor.py:914} INFO - Processing file /home/crisu/miniconda3/envs/lab13.1/lib/python3.9/site-packages/airflow/example_dags/example_python_operator.py for tasks to queue
[2024-12-07T03:20:26.803-0300] {logging_mixin.py:190} INFO - [2024-12-07T03:20:26.803-0300] {dagbag.py:588} INFO - Filling up the DagBag from /home/crisu/miniconda3/envs/lab13.1/lib/python3.9/site-packages/airflow/example_dags/example_python_operator.py
[2024-12-07T03:20:26.810-0300] {logging_mixin.py:190} INFO - [2024-12-07T03:20:26.810-0300] {example_python_operator.py:93} WARNING - The virtalenv_python example task requires virtualenv, please install it.
[2024-12-07T03:20:26.810-0300] {processor.py:925} INFO - DAG(s) 'example_python_operator' retrieved from /home/crisu/miniconda3/envs/lab13.1/lib/python3.9/site-packages/airflow/example_dags/example_python_operator.py
[2024-12-07T03:20:26.827-0300] {logging_mixin.py:190} INFO - [2024-12-07T03:20:26.827-0300] {dag.py:3239} INFO - Sync 1 DAGs
[2024-12-07T03:20:26.837-0300] {logging_mixin.py:190} INFO - [2024-12-07T03:20:26.837-0300] {dag.py:4180} INFO - Setting next_dagrun for example_python_operator to None, run_after=None
[2024-12-07T03:20:27.732-0300] {processor.py:208} INFO - Processing /home/crisu/miniconda3/envs/lab13.1/lib/python3.9/site-packages/airflow/example_dags/example_python_operator.py took 0.971 seconds
[2024-12-07T03:23:34.476-0300] {processor.py:186} INFO - Started process (PID=42850) to work on /home/crisu/miniconda3/envs/lab13.1/lib/python3.9/site-packages/airflow/example_dags/example_python_operator.py
[2024-12-07T03:23:34.510-0300] {processor.py:914} INFO - Processing file /home/crisu/miniconda3/envs/lab13.1/lib/python3.9/site-packages/airflow/example_dags/example_python_operator.py for tasks to queue
[2024-12-07T03:23:34.511-0300] {logging_mixin.py:190} INFO - [2024-12-07T03:23:34.511-0300] {dagbag.py:588} INFO - Filling up the DagBag from /home/crisu/miniconda3/envs/lab13.1/lib/python3.9/site-packages/airflow/example_dags/example_python_operator.py
[2024-12-07T03:23:34.518-0300] {logging_mixin.py:190} INFO - [2024-12-07T03:23:34.517-0300] {example_python_operator.py:93} WARNING - The virtalenv_python example task requires virtualenv, please install it.
[2024-12-07T03:23:34.518-0300] {processor.py:925} INFO - DAG(s) 'example_python_operator' retrieved from /home/crisu/miniconda3/envs/lab13.1/lib/python3.9/site-packages/airflow/example_dags/example_python_operator.py
[2024-12-07T03:23:34.533-0300] {logging_mixin.py:190} INFO - [2024-12-07T03:23:34.533-0300] {dag.py:3239} INFO - Sync 1 DAGs
[2024-12-07T03:23:34.543-0300] {logging_mixin.py:190} INFO - [2024-12-07T03:23:34.543-0300] {dag.py:4180} INFO - Setting next_dagrun for example_python_operator to None, run_after=None
[2024-12-07T03:23:35.281-0300] {processor.py:208} INFO - Processing /home/crisu/miniconda3/envs/lab13.1/lib/python3.9/site-packages/airflow/example_dags/example_python_operator.py took 0.811 seconds
[2024-12-07T03:27:44.282-0300] {processor.py:186} INFO - Started process (PID=43632) to work on /home/crisu/miniconda3/envs/lab13.1/lib/python3.9/site-packages/airflow/example_dags/example_python_operator.py
[2024-12-07T03:27:44.283-0300] {processor.py:914} INFO - Processing file /home/crisu/miniconda3/envs/lab13.1/lib/python3.9/site-packages/airflow/example_dags/example_python_operator.py for tasks to queue
[2024-12-07T03:27:44.285-0300] {logging_mixin.py:190} INFO - [2024-12-07T03:27:44.284-0300] {dagbag.py:588} INFO - Filling up the DagBag from /home/crisu/miniconda3/envs/lab13.1/lib/python3.9/site-packages/airflow/example_dags/example_python_operator.py
[2024-12-07T03:27:44.290-0300] {logging_mixin.py:190} INFO - [2024-12-07T03:27:44.290-0300] {example_python_operator.py:93} WARNING - The virtalenv_python example task requires virtualenv, please install it.
[2024-12-07T03:27:44.293-0300] {processor.py:925} INFO - DAG(s) 'example_python_operator' retrieved from /home/crisu/miniconda3/envs/lab13.1/lib/python3.9/site-packages/airflow/example_dags/example_python_operator.py
[2024-12-07T03:27:44.308-0300] {logging_mixin.py:190} INFO - [2024-12-07T03:27:44.308-0300] {dag.py:3239} INFO - Sync 1 DAGs
[2024-12-07T03:27:44.319-0300] {logging_mixin.py:190} INFO - [2024-12-07T03:27:44.319-0300] {dag.py:4180} INFO - Setting next_dagrun for example_python_operator to None, run_after=None
[2024-12-07T03:27:44.379-0300] {processor.py:208} INFO - Processing /home/crisu/miniconda3/envs/lab13.1/lib/python3.9/site-packages/airflow/example_dags/example_python_operator.py took 0.102 seconds
[2024-12-07T03:29:39.369-0300] {processor.py:186} INFO - Started process (PID=43843) to work on /home/crisu/miniconda3/envs/lab13.1/lib/python3.9/site-packages/airflow/example_dags/example_python_operator.py
[2024-12-07T03:29:39.378-0300] {processor.py:914} INFO - Processing file /home/crisu/miniconda3/envs/lab13.1/lib/python3.9/site-packages/airflow/example_dags/example_python_operator.py for tasks to queue
[2024-12-07T03:29:39.380-0300] {logging_mixin.py:190} INFO - [2024-12-07T03:29:39.380-0300] {dagbag.py:588} INFO - Filling up the DagBag from /home/crisu/miniconda3/envs/lab13.1/lib/python3.9/site-packages/airflow/example_dags/example_python_operator.py
[2024-12-07T03:29:39.386-0300] {logging_mixin.py:190} INFO - [2024-12-07T03:29:39.386-0300] {example_python_operator.py:93} WARNING - The virtalenv_python example task requires virtualenv, please install it.
[2024-12-07T03:29:39.388-0300] {processor.py:925} INFO - DAG(s) 'example_python_operator' retrieved from /home/crisu/miniconda3/envs/lab13.1/lib/python3.9/site-packages/airflow/example_dags/example_python_operator.py
[2024-12-07T03:29:39.403-0300] {logging_mixin.py:190} INFO - [2024-12-07T03:29:39.403-0300] {dag.py:3239} INFO - Sync 1 DAGs
[2024-12-07T03:29:39.414-0300] {logging_mixin.py:190} INFO - [2024-12-07T03:29:39.414-0300] {dag.py:4180} INFO - Setting next_dagrun for example_python_operator to None, run_after=None
[2024-12-07T03:29:39.477-0300] {processor.py:208} INFO - Processing /home/crisu/miniconda3/envs/lab13.1/lib/python3.9/site-packages/airflow/example_dags/example_python_operator.py took 0.113 seconds
[2024-12-07T03:34:15.297-0300] {processor.py:186} INFO - Started process (PID=44585) to work on /home/crisu/miniconda3/envs/lab13.1/lib/python3.9/site-packages/airflow/example_dags/example_python_operator.py
[2024-12-07T03:34:15.299-0300] {processor.py:914} INFO - Processing file /home/crisu/miniconda3/envs/lab13.1/lib/python3.9/site-packages/airflow/example_dags/example_python_operator.py for tasks to queue
[2024-12-07T03:34:15.300-0300] {logging_mixin.py:190} INFO - [2024-12-07T03:34:15.299-0300] {dagbag.py:588} INFO - Filling up the DagBag from /home/crisu/miniconda3/envs/lab13.1/lib/python3.9/site-packages/airflow/example_dags/example_python_operator.py
[2024-12-07T03:34:15.305-0300] {logging_mixin.py:190} INFO - [2024-12-07T03:34:15.305-0300] {example_python_operator.py:93} WARNING - The virtalenv_python example task requires virtualenv, please install it.
[2024-12-07T03:34:15.306-0300] {processor.py:925} INFO - DAG(s) 'example_python_operator' retrieved from /home/crisu/miniconda3/envs/lab13.1/lib/python3.9/site-packages/airflow/example_dags/example_python_operator.py
[2024-12-07T03:34:15.322-0300] {logging_mixin.py:190} INFO - [2024-12-07T03:34:15.322-0300] {dag.py:3239} INFO - Sync 1 DAGs
[2024-12-07T03:34:15.333-0300] {logging_mixin.py:190} INFO - [2024-12-07T03:34:15.333-0300] {dag.py:4180} INFO - Setting next_dagrun for example_python_operator to None, run_after=None
[2024-12-07T03:34:15.395-0300] {processor.py:208} INFO - Processing /home/crisu/miniconda3/envs/lab13.1/lib/python3.9/site-packages/airflow/example_dags/example_python_operator.py took 0.104 seconds
[2024-12-07T03:35:49.983-0300] {processor.py:186} INFO - Started process (PID=44770) to work on /home/crisu/miniconda3/envs/lab13.1/lib/python3.9/site-packages/airflow/example_dags/example_python_operator.py
[2024-12-07T03:35:49.991-0300] {processor.py:914} INFO - Processing file /home/crisu/miniconda3/envs/lab13.1/lib/python3.9/site-packages/airflow/example_dags/example_python_operator.py for tasks to queue
[2024-12-07T03:35:49.992-0300] {logging_mixin.py:190} INFO - [2024-12-07T03:35:49.992-0300] {dagbag.py:588} INFO - Filling up the DagBag from /home/crisu/miniconda3/envs/lab13.1/lib/python3.9/site-packages/airflow/example_dags/example_python_operator.py
[2024-12-07T03:35:49.998-0300] {logging_mixin.py:190} INFO - [2024-12-07T03:35:49.998-0300] {example_python_operator.py:93} WARNING - The virtalenv_python example task requires virtualenv, please install it.
[2024-12-07T03:35:49.999-0300] {processor.py:925} INFO - DAG(s) 'example_python_operator' retrieved from /home/crisu/miniconda3/envs/lab13.1/lib/python3.9/site-packages/airflow/example_dags/example_python_operator.py
[2024-12-07T03:35:50.013-0300] {logging_mixin.py:190} INFO - [2024-12-07T03:35:50.013-0300] {dag.py:3239} INFO - Sync 1 DAGs
[2024-12-07T03:35:50.025-0300] {logging_mixin.py:190} INFO - [2024-12-07T03:35:50.025-0300] {dag.py:4180} INFO - Setting next_dagrun for example_python_operator to None, run_after=None
[2024-12-07T03:35:50.088-0300] {processor.py:208} INFO - Processing /home/crisu/miniconda3/envs/lab13.1/lib/python3.9/site-packages/airflow/example_dags/example_python_operator.py took 0.111 seconds
[2024-12-07T03:37:52.638-0300] {processor.py:186} INFO - Started process (PID=44967) to work on /home/crisu/miniconda3/envs/lab13.1/lib/python3.9/site-packages/airflow/example_dags/example_python_operator.py
[2024-12-07T03:37:52.640-0300] {processor.py:914} INFO - Processing file /home/crisu/miniconda3/envs/lab13.1/lib/python3.9/site-packages/airflow/example_dags/example_python_operator.py for tasks to queue
[2024-12-07T03:37:52.641-0300] {logging_mixin.py:190} INFO - [2024-12-07T03:37:52.641-0300] {dagbag.py:588} INFO - Filling up the DagBag from /home/crisu/miniconda3/envs/lab13.1/lib/python3.9/site-packages/airflow/example_dags/example_python_operator.py
[2024-12-07T03:37:52.647-0300] {logging_mixin.py:190} INFO - [2024-12-07T03:37:52.647-0300] {example_python_operator.py:93} WARNING - The virtalenv_python example task requires virtualenv, please install it.
[2024-12-07T03:37:52.647-0300] {processor.py:925} INFO - DAG(s) 'example_python_operator' retrieved from /home/crisu/miniconda3/envs/lab13.1/lib/python3.9/site-packages/airflow/example_dags/example_python_operator.py
[2024-12-07T03:37:52.662-0300] {logging_mixin.py:190} INFO - [2024-12-07T03:37:52.661-0300] {dag.py:3239} INFO - Sync 1 DAGs
[2024-12-07T03:37:52.672-0300] {logging_mixin.py:190} INFO - [2024-12-07T03:37:52.672-0300] {dag.py:4180} INFO - Setting next_dagrun for example_python_operator to None, run_after=None
[2024-12-07T03:37:52.756-0300] {processor.py:208} INFO - Processing /home/crisu/miniconda3/envs/lab13.1/lib/python3.9/site-packages/airflow/example_dags/example_python_operator.py took 0.123 seconds
[2024-12-07T03:39:11.250-0300] {processor.py:186} INFO - Started process (PID=45130) to work on /home/crisu/miniconda3/envs/lab13.1/lib/python3.9/site-packages/airflow/example_dags/example_python_operator.py
[2024-12-07T03:39:11.260-0300] {processor.py:914} INFO - Processing file /home/crisu/miniconda3/envs/lab13.1/lib/python3.9/site-packages/airflow/example_dags/example_python_operator.py for tasks to queue
[2024-12-07T03:39:11.262-0300] {logging_mixin.py:190} INFO - [2024-12-07T03:39:11.262-0300] {dagbag.py:588} INFO - Filling up the DagBag from /home/crisu/miniconda3/envs/lab13.1/lib/python3.9/site-packages/airflow/example_dags/example_python_operator.py
[2024-12-07T03:39:11.270-0300] {logging_mixin.py:190} INFO - [2024-12-07T03:39:11.270-0300] {example_python_operator.py:93} WARNING - The virtalenv_python example task requires virtualenv, please install it.
[2024-12-07T03:39:11.271-0300] {processor.py:925} INFO - DAG(s) 'example_python_operator' retrieved from /home/crisu/miniconda3/envs/lab13.1/lib/python3.9/site-packages/airflow/example_dags/example_python_operator.py
[2024-12-07T03:39:11.288-0300] {logging_mixin.py:190} INFO - [2024-12-07T03:39:11.288-0300] {dag.py:3239} INFO - Sync 1 DAGs
[2024-12-07T03:39:11.302-0300] {logging_mixin.py:190} INFO - [2024-12-07T03:39:11.302-0300] {dag.py:4180} INFO - Setting next_dagrun for example_python_operator to None, run_after=None
[2024-12-07T03:39:11.474-0300] {processor.py:208} INFO - Processing /home/crisu/miniconda3/envs/lab13.1/lib/python3.9/site-packages/airflow/example_dags/example_python_operator.py took 0.230 seconds
[2024-12-07T03:40:27.619-0300] {processor.py:186} INFO - Started process (PID=45278) to work on /home/crisu/miniconda3/envs/lab13.1/lib/python3.9/site-packages/airflow/example_dags/example_python_operator.py
[2024-12-07T03:40:27.624-0300] {processor.py:914} INFO - Processing file /home/crisu/miniconda3/envs/lab13.1/lib/python3.9/site-packages/airflow/example_dags/example_python_operator.py for tasks to queue
[2024-12-07T03:40:27.625-0300] {logging_mixin.py:190} INFO - [2024-12-07T03:40:27.625-0300] {dagbag.py:588} INFO - Filling up the DagBag from /home/crisu/miniconda3/envs/lab13.1/lib/python3.9/site-packages/airflow/example_dags/example_python_operator.py
[2024-12-07T03:40:27.631-0300] {logging_mixin.py:190} INFO - [2024-12-07T03:40:27.631-0300] {example_python_operator.py:93} WARNING - The virtalenv_python example task requires virtualenv, please install it.
[2024-12-07T03:40:27.631-0300] {processor.py:925} INFO - DAG(s) 'example_python_operator' retrieved from /home/crisu/miniconda3/envs/lab13.1/lib/python3.9/site-packages/airflow/example_dags/example_python_operator.py
[2024-12-07T03:40:27.646-0300] {logging_mixin.py:190} INFO - [2024-12-07T03:40:27.646-0300] {dag.py:3239} INFO - Sync 1 DAGs
[2024-12-07T03:40:27.656-0300] {logging_mixin.py:190} INFO - [2024-12-07T03:40:27.656-0300] {dag.py:4180} INFO - Setting next_dagrun for example_python_operator to None, run_after=None
[2024-12-07T03:40:27.715-0300] {processor.py:208} INFO - Processing /home/crisu/miniconda3/envs/lab13.1/lib/python3.9/site-packages/airflow/example_dags/example_python_operator.py took 0.103 seconds
[2024-12-07T03:44:12.881-0300] {processor.py:186} INFO - Started process (PID=45878) to work on /home/crisu/miniconda3/envs/lab13.1/lib/python3.9/site-packages/airflow/example_dags/example_python_operator.py
[2024-12-07T03:44:12.900-0300] {processor.py:914} INFO - Processing file /home/crisu/miniconda3/envs/lab13.1/lib/python3.9/site-packages/airflow/example_dags/example_python_operator.py for tasks to queue
[2024-12-07T03:44:12.903-0300] {logging_mixin.py:190} INFO - [2024-12-07T03:44:12.902-0300] {dagbag.py:588} INFO - Filling up the DagBag from /home/crisu/miniconda3/envs/lab13.1/lib/python3.9/site-packages/airflow/example_dags/example_python_operator.py
[2024-12-07T03:44:12.910-0300] {logging_mixin.py:190} INFO - [2024-12-07T03:44:12.910-0300] {example_python_operator.py:93} WARNING - The virtalenv_python example task requires virtualenv, please install it.
[2024-12-07T03:44:12.912-0300] {processor.py:925} INFO - DAG(s) 'example_python_operator' retrieved from /home/crisu/miniconda3/envs/lab13.1/lib/python3.9/site-packages/airflow/example_dags/example_python_operator.py
[2024-12-07T03:44:12.930-0300] {logging_mixin.py:190} INFO - [2024-12-07T03:44:12.930-0300] {dag.py:3239} INFO - Sync 1 DAGs
[2024-12-07T03:44:12.943-0300] {logging_mixin.py:190} INFO - [2024-12-07T03:44:12.943-0300] {dag.py:4180} INFO - Setting next_dagrun for example_python_operator to None, run_after=None
[2024-12-07T03:44:13.010-0300] {processor.py:208} INFO - Processing /home/crisu/miniconda3/envs/lab13.1/lib/python3.9/site-packages/airflow/example_dags/example_python_operator.py took 0.134 seconds
[2024-12-07T03:48:32.191-0300] {processor.py:186} INFO - Started process (PID=46713) to work on /home/crisu/miniconda3/envs/lab13.1/lib/python3.9/site-packages/airflow/example_dags/example_python_operator.py
[2024-12-07T03:48:32.193-0300] {processor.py:914} INFO - Processing file /home/crisu/miniconda3/envs/lab13.1/lib/python3.9/site-packages/airflow/example_dags/example_python_operator.py for tasks to queue
[2024-12-07T03:48:32.195-0300] {logging_mixin.py:190} INFO - [2024-12-07T03:48:32.194-0300] {dagbag.py:588} INFO - Filling up the DagBag from /home/crisu/miniconda3/envs/lab13.1/lib/python3.9/site-packages/airflow/example_dags/example_python_operator.py
[2024-12-07T03:48:32.201-0300] {logging_mixin.py:190} INFO - [2024-12-07T03:48:32.200-0300] {example_python_operator.py:93} WARNING - The virtalenv_python example task requires virtualenv, please install it.
[2024-12-07T03:48:32.203-0300] {processor.py:925} INFO - DAG(s) 'example_python_operator' retrieved from /home/crisu/miniconda3/envs/lab13.1/lib/python3.9/site-packages/airflow/example_dags/example_python_operator.py
[2024-12-07T03:48:32.217-0300] {logging_mixin.py:190} INFO - [2024-12-07T03:48:32.217-0300] {dag.py:3239} INFO - Sync 1 DAGs
[2024-12-07T03:48:32.229-0300] {logging_mixin.py:190} INFO - [2024-12-07T03:48:32.229-0300] {dag.py:4180} INFO - Setting next_dagrun for example_python_operator to None, run_after=None
[2024-12-07T03:48:33.308-0300] {processor.py:208} INFO - Processing /home/crisu/miniconda3/envs/lab13.1/lib/python3.9/site-packages/airflow/example_dags/example_python_operator.py took 1.122 seconds
[2024-12-07T03:50:37.537-0300] {processor.py:186} INFO - Started process (PID=46942) to work on /home/crisu/miniconda3/envs/lab13.1/lib/python3.9/site-packages/airflow/example_dags/example_python_operator.py
[2024-12-07T03:50:37.589-0300] {processor.py:914} INFO - Processing file /home/crisu/miniconda3/envs/lab13.1/lib/python3.9/site-packages/airflow/example_dags/example_python_operator.py for tasks to queue
[2024-12-07T03:50:37.591-0300] {logging_mixin.py:190} INFO - [2024-12-07T03:50:37.590-0300] {dagbag.py:588} INFO - Filling up the DagBag from /home/crisu/miniconda3/envs/lab13.1/lib/python3.9/site-packages/airflow/example_dags/example_python_operator.py
[2024-12-07T03:50:37.597-0300] {logging_mixin.py:190} INFO - [2024-12-07T03:50:37.597-0300] {example_python_operator.py:93} WARNING - The virtalenv_python example task requires virtualenv, please install it.
[2024-12-07T03:50:37.599-0300] {processor.py:925} INFO - DAG(s) 'example_python_operator' retrieved from /home/crisu/miniconda3/envs/lab13.1/lib/python3.9/site-packages/airflow/example_dags/example_python_operator.py
[2024-12-07T03:50:37.614-0300] {logging_mixin.py:190} INFO - [2024-12-07T03:50:37.614-0300] {dag.py:3239} INFO - Sync 1 DAGs
[2024-12-07T03:50:37.625-0300] {logging_mixin.py:190} INFO - [2024-12-07T03:50:37.625-0300] {dag.py:4180} INFO - Setting next_dagrun for example_python_operator to None, run_after=None
[2024-12-07T03:50:38.682-0300] {processor.py:208} INFO - Processing /home/crisu/miniconda3/envs/lab13.1/lib/python3.9/site-packages/airflow/example_dags/example_python_operator.py took 1.150 seconds
[2024-12-07T03:52:10.603-0300] {processor.py:186} INFO - Started process (PID=47053) to work on /home/crisu/miniconda3/envs/lab13.1/lib/python3.9/site-packages/airflow/example_dags/example_python_operator.py
[2024-12-07T03:52:10.617-0300] {processor.py:914} INFO - Processing file /home/crisu/miniconda3/envs/lab13.1/lib/python3.9/site-packages/airflow/example_dags/example_python_operator.py for tasks to queue
[2024-12-07T03:52:10.619-0300] {logging_mixin.py:190} INFO - [2024-12-07T03:52:10.619-0300] {dagbag.py:588} INFO - Filling up the DagBag from /home/crisu/miniconda3/envs/lab13.1/lib/python3.9/site-packages/airflow/example_dags/example_python_operator.py
[2024-12-07T03:52:10.626-0300] {logging_mixin.py:190} INFO - [2024-12-07T03:52:10.626-0300] {example_python_operator.py:93} WARNING - The virtalenv_python example task requires virtualenv, please install it.
[2024-12-07T03:52:10.628-0300] {processor.py:925} INFO - DAG(s) 'example_python_operator' retrieved from /home/crisu/miniconda3/envs/lab13.1/lib/python3.9/site-packages/airflow/example_dags/example_python_operator.py
[2024-12-07T03:52:10.643-0300] {logging_mixin.py:190} INFO - [2024-12-07T03:52:10.643-0300] {dag.py:3239} INFO - Sync 1 DAGs
[2024-12-07T03:52:10.657-0300] {logging_mixin.py:190} INFO - [2024-12-07T03:52:10.656-0300] {dag.py:4180} INFO - Setting next_dagrun for example_python_operator to None, run_after=None
[2024-12-07T03:52:10.724-0300] {processor.py:208} INFO - Processing /home/crisu/miniconda3/envs/lab13.1/lib/python3.9/site-packages/airflow/example_dags/example_python_operator.py took 0.126 seconds
[2024-12-07T03:54:21.758-0300] {processor.py:186} INFO - Started process (PID=47312) to work on /home/crisu/miniconda3/envs/lab13.1/lib/python3.9/site-packages/airflow/example_dags/example_python_operator.py
[2024-12-07T03:54:21.760-0300] {processor.py:914} INFO - Processing file /home/crisu/miniconda3/envs/lab13.1/lib/python3.9/site-packages/airflow/example_dags/example_python_operator.py for tasks to queue
[2024-12-07T03:54:21.761-0300] {logging_mixin.py:190} INFO - [2024-12-07T03:54:21.761-0300] {dagbag.py:588} INFO - Filling up the DagBag from /home/crisu/miniconda3/envs/lab13.1/lib/python3.9/site-packages/airflow/example_dags/example_python_operator.py
[2024-12-07T03:54:21.767-0300] {logging_mixin.py:190} INFO - [2024-12-07T03:54:21.767-0300] {example_python_operator.py:93} WARNING - The virtalenv_python example task requires virtualenv, please install it.
[2024-12-07T03:54:21.769-0300] {processor.py:925} INFO - DAG(s) 'example_python_operator' retrieved from /home/crisu/miniconda3/envs/lab13.1/lib/python3.9/site-packages/airflow/example_dags/example_python_operator.py
[2024-12-07T03:54:21.784-0300] {logging_mixin.py:190} INFO - [2024-12-07T03:54:21.784-0300] {dag.py:3239} INFO - Sync 1 DAGs
[2024-12-07T03:54:21.795-0300] {logging_mixin.py:190} INFO - [2024-12-07T03:54:21.795-0300] {dag.py:4180} INFO - Setting next_dagrun for example_python_operator to None, run_after=None
[2024-12-07T03:54:21.859-0300] {processor.py:208} INFO - Processing /home/crisu/miniconda3/envs/lab13.1/lib/python3.9/site-packages/airflow/example_dags/example_python_operator.py took 0.107 seconds
[2024-12-07T03:56:21.906-0300] {processor.py:186} INFO - Started process (PID=47560) to work on /home/crisu/miniconda3/envs/lab13.1/lib/python3.9/site-packages/airflow/example_dags/example_python_operator.py
[2024-12-07T03:56:21.932-0300] {processor.py:914} INFO - Processing file /home/crisu/miniconda3/envs/lab13.1/lib/python3.9/site-packages/airflow/example_dags/example_python_operator.py for tasks to queue
[2024-12-07T03:56:21.935-0300] {logging_mixin.py:190} INFO - [2024-12-07T03:56:21.935-0300] {dagbag.py:588} INFO - Filling up the DagBag from /home/crisu/miniconda3/envs/lab13.1/lib/python3.9/site-packages/airflow/example_dags/example_python_operator.py
[2024-12-07T03:56:21.943-0300] {logging_mixin.py:190} INFO - [2024-12-07T03:56:21.943-0300] {example_python_operator.py:93} WARNING - The virtalenv_python example task requires virtualenv, please install it.
[2024-12-07T03:56:21.946-0300] {processor.py:925} INFO - DAG(s) 'example_python_operator' retrieved from /home/crisu/miniconda3/envs/lab13.1/lib/python3.9/site-packages/airflow/example_dags/example_python_operator.py
[2024-12-07T03:56:21.962-0300] {logging_mixin.py:190} INFO - [2024-12-07T03:56:21.962-0300] {dag.py:3239} INFO - Sync 1 DAGs
[2024-12-07T03:56:21.973-0300] {logging_mixin.py:190} INFO - [2024-12-07T03:56:21.973-0300] {dag.py:4180} INFO - Setting next_dagrun for example_python_operator to None, run_after=None
[2024-12-07T03:56:22.048-0300] {processor.py:208} INFO - Processing /home/crisu/miniconda3/envs/lab13.1/lib/python3.9/site-packages/airflow/example_dags/example_python_operator.py took 0.147 seconds
[2024-12-07T03:57:40.060-0300] {processor.py:186} INFO - Started process (PID=47697) to work on /home/crisu/miniconda3/envs/lab13.1/lib/python3.9/site-packages/airflow/example_dags/example_python_operator.py
[2024-12-07T03:57:40.073-0300] {processor.py:914} INFO - Processing file /home/crisu/miniconda3/envs/lab13.1/lib/python3.9/site-packages/airflow/example_dags/example_python_operator.py for tasks to queue
[2024-12-07T03:57:40.076-0300] {logging_mixin.py:190} INFO - [2024-12-07T03:57:40.075-0300] {dagbag.py:588} INFO - Filling up the DagBag from /home/crisu/miniconda3/envs/lab13.1/lib/python3.9/site-packages/airflow/example_dags/example_python_operator.py
[2024-12-07T03:57:40.082-0300] {logging_mixin.py:190} INFO - [2024-12-07T03:57:40.082-0300] {example_python_operator.py:93} WARNING - The virtalenv_python example task requires virtualenv, please install it.
[2024-12-07T03:57:40.084-0300] {processor.py:925} INFO - DAG(s) 'example_python_operator' retrieved from /home/crisu/miniconda3/envs/lab13.1/lib/python3.9/site-packages/airflow/example_dags/example_python_operator.py
[2024-12-07T03:57:40.097-0300] {logging_mixin.py:190} INFO - [2024-12-07T03:57:40.097-0300] {dag.py:3239} INFO - Sync 1 DAGs
[2024-12-07T03:57:40.108-0300] {logging_mixin.py:190} INFO - [2024-12-07T03:57:40.108-0300] {dag.py:4180} INFO - Setting next_dagrun for example_python_operator to None, run_after=None
[2024-12-07T03:57:40.166-0300] {processor.py:208} INFO - Processing /home/crisu/miniconda3/envs/lab13.1/lib/python3.9/site-packages/airflow/example_dags/example_python_operator.py took 0.111 seconds
[2024-12-07T03:59:34.141-0300] {processor.py:186} INFO - Started process (PID=47965) to work on /home/crisu/miniconda3/envs/lab13.1/lib/python3.9/site-packages/airflow/example_dags/example_python_operator.py
[2024-12-07T03:59:34.148-0300] {processor.py:914} INFO - Processing file /home/crisu/miniconda3/envs/lab13.1/lib/python3.9/site-packages/airflow/example_dags/example_python_operator.py for tasks to queue
[2024-12-07T03:59:34.150-0300] {logging_mixin.py:190} INFO - [2024-12-07T03:59:34.149-0300] {dagbag.py:588} INFO - Filling up the DagBag from /home/crisu/miniconda3/envs/lab13.1/lib/python3.9/site-packages/airflow/example_dags/example_python_operator.py
[2024-12-07T03:59:34.156-0300] {logging_mixin.py:190} INFO - [2024-12-07T03:59:34.156-0300] {example_python_operator.py:93} WARNING - The virtalenv_python example task requires virtualenv, please install it.
[2024-12-07T03:59:34.158-0300] {processor.py:925} INFO - DAG(s) 'example_python_operator' retrieved from /home/crisu/miniconda3/envs/lab13.1/lib/python3.9/site-packages/airflow/example_dags/example_python_operator.py
[2024-12-07T03:59:34.175-0300] {logging_mixin.py:190} INFO - [2024-12-07T03:59:34.175-0300] {dag.py:3239} INFO - Sync 1 DAGs
[2024-12-07T03:59:34.189-0300] {logging_mixin.py:190} INFO - [2024-12-07T03:59:34.189-0300] {dag.py:4180} INFO - Setting next_dagrun for example_python_operator to None, run_after=None
[2024-12-07T03:59:34.253-0300] {processor.py:208} INFO - Processing /home/crisu/miniconda3/envs/lab13.1/lib/python3.9/site-packages/airflow/example_dags/example_python_operator.py took 0.117 seconds
[2024-12-07T04:00:49.799-0300] {processor.py:186} INFO - Started process (PID=48109) to work on /home/crisu/miniconda3/envs/lab13.1/lib/python3.9/site-packages/airflow/example_dags/example_python_operator.py
[2024-12-07T04:00:49.801-0300] {processor.py:914} INFO - Processing file /home/crisu/miniconda3/envs/lab13.1/lib/python3.9/site-packages/airflow/example_dags/example_python_operator.py for tasks to queue
[2024-12-07T04:00:49.802-0300] {logging_mixin.py:190} INFO - [2024-12-07T04:00:49.802-0300] {dagbag.py:588} INFO - Filling up the DagBag from /home/crisu/miniconda3/envs/lab13.1/lib/python3.9/site-packages/airflow/example_dags/example_python_operator.py
[2024-12-07T04:00:49.809-0300] {logging_mixin.py:190} INFO - [2024-12-07T04:00:49.809-0300] {example_python_operator.py:93} WARNING - The virtalenv_python example task requires virtualenv, please install it.
[2024-12-07T04:00:49.811-0300] {processor.py:925} INFO - DAG(s) 'example_python_operator' retrieved from /home/crisu/miniconda3/envs/lab13.1/lib/python3.9/site-packages/airflow/example_dags/example_python_operator.py
[2024-12-07T04:00:49.827-0300] {logging_mixin.py:190} INFO - [2024-12-07T04:00:49.827-0300] {dag.py:3239} INFO - Sync 1 DAGs
[2024-12-07T04:00:49.841-0300] {logging_mixin.py:190} INFO - [2024-12-07T04:00:49.840-0300] {dag.py:4180} INFO - Setting next_dagrun for example_python_operator to None, run_after=None
[2024-12-07T04:00:50.650-0300] {processor.py:208} INFO - Processing /home/crisu/miniconda3/envs/lab13.1/lib/python3.9/site-packages/airflow/example_dags/example_python_operator.py took 0.858 seconds
[2024-12-07T04:07:43.708-0300] {processor.py:186} INFO - Started process (PID=49179) to work on /home/crisu/miniconda3/envs/lab13.1/lib/python3.9/site-packages/airflow/example_dags/example_python_operator.py
[2024-12-07T04:07:43.710-0300] {processor.py:914} INFO - Processing file /home/crisu/miniconda3/envs/lab13.1/lib/python3.9/site-packages/airflow/example_dags/example_python_operator.py for tasks to queue
[2024-12-07T04:07:43.712-0300] {logging_mixin.py:190} INFO - [2024-12-07T04:07:43.711-0300] {dagbag.py:588} INFO - Filling up the DagBag from /home/crisu/miniconda3/envs/lab13.1/lib/python3.9/site-packages/airflow/example_dags/example_python_operator.py
[2024-12-07T04:07:43.721-0300] {logging_mixin.py:190} INFO - [2024-12-07T04:07:43.721-0300] {example_python_operator.py:93} WARNING - The virtalenv_python example task requires virtualenv, please install it.
[2024-12-07T04:07:43.722-0300] {processor.py:925} INFO - DAG(s) 'example_python_operator' retrieved from /home/crisu/miniconda3/envs/lab13.1/lib/python3.9/site-packages/airflow/example_dags/example_python_operator.py
[2024-12-07T04:07:43.746-0300] {logging_mixin.py:190} INFO - [2024-12-07T04:07:43.745-0300] {dag.py:3239} INFO - Sync 1 DAGs
[2024-12-07T04:07:43.760-0300] {logging_mixin.py:190} INFO - [2024-12-07T04:07:43.760-0300] {dag.py:4180} INFO - Setting next_dagrun for example_python_operator to None, run_after=None
[2024-12-07T04:07:43.821-0300] {processor.py:208} INFO - Processing /home/crisu/miniconda3/envs/lab13.1/lib/python3.9/site-packages/airflow/example_dags/example_python_operator.py took 0.120 seconds
[2024-12-07T04:09:17.786-0300] {processor.py:186} INFO - Started process (PID=49404) to work on /home/crisu/miniconda3/envs/lab13.1/lib/python3.9/site-packages/airflow/example_dags/example_python_operator.py
[2024-12-07T04:09:17.787-0300] {processor.py:914} INFO - Processing file /home/crisu/miniconda3/envs/lab13.1/lib/python3.9/site-packages/airflow/example_dags/example_python_operator.py for tasks to queue
[2024-12-07T04:09:17.788-0300] {logging_mixin.py:190} INFO - [2024-12-07T04:09:17.788-0300] {dagbag.py:588} INFO - Filling up the DagBag from /home/crisu/miniconda3/envs/lab13.1/lib/python3.9/site-packages/airflow/example_dags/example_python_operator.py
[2024-12-07T04:09:17.794-0300] {logging_mixin.py:190} INFO - [2024-12-07T04:09:17.794-0300] {example_python_operator.py:93} WARNING - The virtalenv_python example task requires virtualenv, please install it.
[2024-12-07T04:09:17.795-0300] {processor.py:925} INFO - DAG(s) 'example_python_operator' retrieved from /home/crisu/miniconda3/envs/lab13.1/lib/python3.9/site-packages/airflow/example_dags/example_python_operator.py
[2024-12-07T04:09:17.809-0300] {logging_mixin.py:190} INFO - [2024-12-07T04:09:17.809-0300] {dag.py:3239} INFO - Sync 1 DAGs
[2024-12-07T04:09:17.820-0300] {logging_mixin.py:190} INFO - [2024-12-07T04:09:17.820-0300] {dag.py:4180} INFO - Setting next_dagrun for example_python_operator to None, run_after=None
[2024-12-07T04:09:19.393-0300] {processor.py:208} INFO - Processing /home/crisu/miniconda3/envs/lab13.1/lib/python3.9/site-packages/airflow/example_dags/example_python_operator.py took 1.612 seconds
[2024-12-07T04:11:23.630-0300] {processor.py:186} INFO - Started process (PID=49588) to work on /home/crisu/miniconda3/envs/lab13.1/lib/python3.9/site-packages/airflow/example_dags/example_python_operator.py
[2024-12-07T04:11:23.631-0300] {processor.py:914} INFO - Processing file /home/crisu/miniconda3/envs/lab13.1/lib/python3.9/site-packages/airflow/example_dags/example_python_operator.py for tasks to queue
[2024-12-07T04:11:23.632-0300] {logging_mixin.py:190} INFO - [2024-12-07T04:11:23.632-0300] {dagbag.py:588} INFO - Filling up the DagBag from /home/crisu/miniconda3/envs/lab13.1/lib/python3.9/site-packages/airflow/example_dags/example_python_operator.py
[2024-12-07T04:11:23.638-0300] {logging_mixin.py:190} INFO - [2024-12-07T04:11:23.638-0300] {example_python_operator.py:93} WARNING - The virtalenv_python example task requires virtualenv, please install it.
[2024-12-07T04:11:23.639-0300] {processor.py:925} INFO - DAG(s) 'example_python_operator' retrieved from /home/crisu/miniconda3/envs/lab13.1/lib/python3.9/site-packages/airflow/example_dags/example_python_operator.py
[2024-12-07T04:11:23.654-0300] {logging_mixin.py:190} INFO - [2024-12-07T04:11:23.654-0300] {dag.py:3239} INFO - Sync 1 DAGs
[2024-12-07T04:11:23.665-0300] {logging_mixin.py:190} INFO - [2024-12-07T04:11:23.664-0300] {dag.py:4180} INFO - Setting next_dagrun for example_python_operator to None, run_after=None
[2024-12-07T04:11:23.752-0300] {processor.py:208} INFO - Processing /home/crisu/miniconda3/envs/lab13.1/lib/python3.9/site-packages/airflow/example_dags/example_python_operator.py took 0.128 seconds
[2024-12-07T04:12:54.540-0300] {processor.py:186} INFO - Started process (PID=49726) to work on /home/crisu/miniconda3/envs/lab13.1/lib/python3.9/site-packages/airflow/example_dags/example_python_operator.py
[2024-12-07T04:12:54.549-0300] {processor.py:914} INFO - Processing file /home/crisu/miniconda3/envs/lab13.1/lib/python3.9/site-packages/airflow/example_dags/example_python_operator.py for tasks to queue
[2024-12-07T04:12:54.551-0300] {logging_mixin.py:190} INFO - [2024-12-07T04:12:54.550-0300] {dagbag.py:588} INFO - Filling up the DagBag from /home/crisu/miniconda3/envs/lab13.1/lib/python3.9/site-packages/airflow/example_dags/example_python_operator.py
[2024-12-07T04:12:54.557-0300] {logging_mixin.py:190} INFO - [2024-12-07T04:12:54.556-0300] {example_python_operator.py:93} WARNING - The virtalenv_python example task requires virtualenv, please install it.
[2024-12-07T04:12:54.557-0300] {processor.py:925} INFO - DAG(s) 'example_python_operator' retrieved from /home/crisu/miniconda3/envs/lab13.1/lib/python3.9/site-packages/airflow/example_dags/example_python_operator.py
[2024-12-07T04:12:54.573-0300] {logging_mixin.py:190} INFO - [2024-12-07T04:12:54.572-0300] {dag.py:3239} INFO - Sync 1 DAGs
[2024-12-07T04:12:54.583-0300] {logging_mixin.py:190} INFO - [2024-12-07T04:12:54.583-0300] {dag.py:4180} INFO - Setting next_dagrun for example_python_operator to None, run_after=None
[2024-12-07T04:12:54.654-0300] {processor.py:208} INFO - Processing /home/crisu/miniconda3/envs/lab13.1/lib/python3.9/site-packages/airflow/example_dags/example_python_operator.py took 0.120 seconds
[2024-12-07T04:14:10.144-0300] {processor.py:186} INFO - Started process (PID=49892) to work on /home/crisu/miniconda3/envs/lab13.1/lib/python3.9/site-packages/airflow/example_dags/example_python_operator.py
[2024-12-07T04:14:10.166-0300] {processor.py:914} INFO - Processing file /home/crisu/miniconda3/envs/lab13.1/lib/python3.9/site-packages/airflow/example_dags/example_python_operator.py for tasks to queue
[2024-12-07T04:14:10.168-0300] {logging_mixin.py:190} INFO - [2024-12-07T04:14:10.168-0300] {dagbag.py:588} INFO - Filling up the DagBag from /home/crisu/miniconda3/envs/lab13.1/lib/python3.9/site-packages/airflow/example_dags/example_python_operator.py
[2024-12-07T04:14:10.185-0300] {logging_mixin.py:190} INFO - [2024-12-07T04:14:10.185-0300] {example_python_operator.py:93} WARNING - The virtalenv_python example task requires virtualenv, please install it.
[2024-12-07T04:14:10.186-0300] {processor.py:925} INFO - DAG(s) 'example_python_operator' retrieved from /home/crisu/miniconda3/envs/lab13.1/lib/python3.9/site-packages/airflow/example_dags/example_python_operator.py
[2024-12-07T04:14:10.213-0300] {logging_mixin.py:190} INFO - [2024-12-07T04:14:10.212-0300] {dag.py:3239} INFO - Sync 1 DAGs
[2024-12-07T04:14:10.233-0300] {logging_mixin.py:190} INFO - [2024-12-07T04:14:10.233-0300] {dag.py:4180} INFO - Setting next_dagrun for example_python_operator to None, run_after=None
[2024-12-07T04:14:10.349-0300] {processor.py:208} INFO - Processing /home/crisu/miniconda3/envs/lab13.1/lib/python3.9/site-packages/airflow/example_dags/example_python_operator.py took 0.214 seconds
[2024-12-07T04:15:29.078-0300] {processor.py:186} INFO - Started process (PID=50015) to work on /home/crisu/miniconda3/envs/lab13.1/lib/python3.9/site-packages/airflow/example_dags/example_python_operator.py
[2024-12-07T04:15:29.083-0300] {processor.py:914} INFO - Processing file /home/crisu/miniconda3/envs/lab13.1/lib/python3.9/site-packages/airflow/example_dags/example_python_operator.py for tasks to queue
[2024-12-07T04:15:29.084-0300] {logging_mixin.py:190} INFO - [2024-12-07T04:15:29.083-0300] {dagbag.py:588} INFO - Filling up the DagBag from /home/crisu/miniconda3/envs/lab13.1/lib/python3.9/site-packages/airflow/example_dags/example_python_operator.py
[2024-12-07T04:15:29.089-0300] {logging_mixin.py:190} INFO - [2024-12-07T04:15:29.089-0300] {example_python_operator.py:93} WARNING - The virtalenv_python example task requires virtualenv, please install it.
[2024-12-07T04:15:29.090-0300] {processor.py:925} INFO - DAG(s) 'example_python_operator' retrieved from /home/crisu/miniconda3/envs/lab13.1/lib/python3.9/site-packages/airflow/example_dags/example_python_operator.py
[2024-12-07T04:15:29.105-0300] {logging_mixin.py:190} INFO - [2024-12-07T04:15:29.105-0300] {dag.py:3239} INFO - Sync 1 DAGs
[2024-12-07T04:15:29.117-0300] {logging_mixin.py:190} INFO - [2024-12-07T04:15:29.117-0300] {dag.py:4180} INFO - Setting next_dagrun for example_python_operator to None, run_after=None
[2024-12-07T04:15:29.174-0300] {processor.py:208} INFO - Processing /home/crisu/miniconda3/envs/lab13.1/lib/python3.9/site-packages/airflow/example_dags/example_python_operator.py took 0.102 seconds
