[2024-12-07T02:09:48.007-0300] {processor.py:186} INFO - Started process (PID=35697) to work on /home/crisu/miniconda3/envs/lab13.1/lib/python3.9/site-packages/airflow/example_dags/example_branch_datetime_operator.py
[2024-12-07T02:09:48.007-0300] {processor.py:914} INFO - Processing file /home/crisu/miniconda3/envs/lab13.1/lib/python3.9/site-packages/airflow/example_dags/example_branch_datetime_operator.py for tasks to queue
[2024-12-07T02:09:48.009-0300] {logging_mixin.py:190} INFO - [2024-12-07T02:09:48.009-0300] {dagbag.py:588} INFO - Filling up the DagBag from /home/crisu/miniconda3/envs/lab13.1/lib/python3.9/site-packages/airflow/example_dags/example_branch_datetime_operator.py
[2024-12-07T02:09:48.021-0300] {processor.py:925} INFO - DAG(s) 'example_branch_datetime_operator_2', 'example_branch_datetime_operator', 'example_branch_datetime_operator_3' retrieved from /home/crisu/miniconda3/envs/lab13.1/lib/python3.9/site-packages/airflow/example_dags/example_branch_datetime_operator.py
[2024-12-07T02:09:52.710-0300] {logging_mixin.py:190} INFO - [2024-12-07T02:09:52.709-0300] {override.py:1911} INFO - Created Permission View: can edit on DAG:example_branch_datetime_operator_2
[2024-12-07T02:09:54.231-0300] {logging_mixin.py:190} INFO - [2024-12-07T02:09:54.231-0300] {override.py:1911} INFO - Created Permission View: can read on DAG:example_branch_datetime_operator_2
[2024-12-07T02:09:55.828-0300] {logging_mixin.py:190} INFO - [2024-12-07T02:09:55.828-0300] {override.py:1911} INFO - Created Permission View: can delete on DAG:example_branch_datetime_operator_2
[2024-12-07T02:09:58.991-0300] {logging_mixin.py:190} INFO - [2024-12-07T02:09:58.991-0300] {override.py:1911} INFO - Created Permission View: can read on DAG Run:example_branch_datetime_operator_2
[2024-12-07T02:10:00.465-0300] {logging_mixin.py:190} INFO - [2024-12-07T02:10:00.464-0300] {override.py:1911} INFO - Created Permission View: can delete on DAG Run:example_branch_datetime_operator_2
[2024-12-07T02:10:02.662-0300] {logging_mixin.py:190} INFO - [2024-12-07T02:10:02.662-0300] {override.py:1911} INFO - Created Permission View: menu access on DAG Run:example_branch_datetime_operator_2
[2024-12-07T02:10:04.942-0300] {logging_mixin.py:190} INFO - [2024-12-07T02:10:04.942-0300] {override.py:1911} INFO - Created Permission View: can create on DAG Run:example_branch_datetime_operator_2
[2024-12-07T02:10:07.616-0300] {logging_mixin.py:190} INFO - [2024-12-07T02:10:07.616-0300] {override.py:1911} INFO - Created Permission View: can edit on DAG:example_branch_datetime_operator
[2024-12-07T02:10:08.629-0300] {logging_mixin.py:190} INFO - [2024-12-07T02:10:08.629-0300] {override.py:1911} INFO - Created Permission View: can read on DAG:example_branch_datetime_operator
[2024-12-07T02:10:10.258-0300] {logging_mixin.py:190} INFO - [2024-12-07T02:10:10.258-0300] {override.py:1911} INFO - Created Permission View: can delete on DAG:example_branch_datetime_operator
[2024-12-07T02:10:12.622-0300] {logging_mixin.py:190} INFO - [2024-12-07T02:10:12.622-0300] {override.py:1911} INFO - Created Permission View: can read on DAG Run:example_branch_datetime_operator
[2024-12-07T02:10:13.888-0300] {logging_mixin.py:190} INFO - [2024-12-07T02:10:13.887-0300] {override.py:1911} INFO - Created Permission View: can delete on DAG Run:example_branch_datetime_operator
[2024-12-07T02:10:14.545-0300] {logging_mixin.py:190} INFO - [2024-12-07T02:10:14.545-0300] {override.py:1911} INFO - Created Permission View: menu access on DAG Run:example_branch_datetime_operator
[2024-12-07T02:10:15.675-0300] {logging_mixin.py:190} INFO - [2024-12-07T02:10:15.674-0300] {override.py:1911} INFO - Created Permission View: can create on DAG Run:example_branch_datetime_operator
[2024-12-07T02:10:18.014-0300] {logging_mixin.py:190} INFO - [2024-12-07T02:10:18.014-0300] {override.py:1911} INFO - Created Permission View: can edit on DAG:example_branch_datetime_operator_3
[2024-12-07T02:10:18.646-0300] {logging_mixin.py:190} INFO - [2024-12-07T02:10:18.646-0300] {override.py:1911} INFO - Created Permission View: can read on DAG:example_branch_datetime_operator_3
[2024-12-07T02:10:19.667-0300] {logging_mixin.py:190} INFO - [2024-12-07T02:10:19.666-0300] {override.py:1911} INFO - Created Permission View: can delete on DAG:example_branch_datetime_operator_3
[2024-12-07T02:10:22.274-0300] {logging_mixin.py:190} INFO - [2024-12-07T02:10:22.274-0300] {override.py:1911} INFO - Created Permission View: can read on DAG Run:example_branch_datetime_operator_3
[2024-12-07T02:10:23.270-0300] {logging_mixin.py:190} INFO - [2024-12-07T02:10:23.270-0300] {override.py:1911} INFO - Created Permission View: can delete on DAG Run:example_branch_datetime_operator_3
[2024-12-07T02:10:24.281-0300] {logging_mixin.py:190} INFO - [2024-12-07T02:10:24.281-0300] {override.py:1911} INFO - Created Permission View: menu access on DAG Run:example_branch_datetime_operator_3
[2024-12-07T02:10:25.532-0300] {logging_mixin.py:190} INFO - [2024-12-07T02:10:25.531-0300] {override.py:1911} INFO - Created Permission View: can create on DAG Run:example_branch_datetime_operator_3
[2024-12-07T02:10:25.532-0300] {logging_mixin.py:190} INFO - [2024-12-07T02:10:25.532-0300] {dag.py:3239} INFO - Sync 3 DAGs
[2024-12-07T02:10:25.543-0300] {logging_mixin.py:190} INFO - [2024-12-07T02:10:25.543-0300] {dag.py:3262} INFO - Creating ORM DAG for example_branch_datetime_operator_2
[2024-12-07T02:10:25.544-0300] {logging_mixin.py:190} INFO - [2024-12-07T02:10:25.544-0300] {dag.py:3262} INFO - Creating ORM DAG for example_branch_datetime_operator
[2024-12-07T02:10:25.544-0300] {logging_mixin.py:190} INFO - [2024-12-07T02:10:25.544-0300] {dag.py:3262} INFO - Creating ORM DAG for example_branch_datetime_operator_3
[2024-12-07T02:10:25.555-0300] {logging_mixin.py:190} INFO - [2024-12-07T02:10:25.554-0300] {dag.py:4180} INFO - Setting next_dagrun for example_branch_datetime_operator to 2024-12-06 00:00:00+00:00, run_after=2024-12-07 00:00:00+00:00
[2024-12-07T02:10:25.556-0300] {logging_mixin.py:190} INFO - [2024-12-07T02:10:25.556-0300] {dag.py:4180} INFO - Setting next_dagrun for example_branch_datetime_operator_2 to 2024-12-06 00:00:00+00:00, run_after=2024-12-07 00:00:00+00:00
[2024-12-07T02:10:25.558-0300] {logging_mixin.py:190} INFO - [2024-12-07T02:10:25.558-0300] {dag.py:4180} INFO - Setting next_dagrun for example_branch_datetime_operator_3 to 2024-12-06 00:00:00+00:00, run_after=2024-12-07 00:00:00+00:00
[2024-12-07T02:10:26.698-0300] {processor.py:208} INFO - Processing /home/crisu/miniconda3/envs/lab13.1/lib/python3.9/site-packages/airflow/example_dags/example_branch_datetime_operator.py took 38.698 seconds
[2024-12-07T02:12:53.802-0300] {processor.py:186} INFO - Started process (PID=36024) to work on /home/crisu/miniconda3/envs/lab13.1/lib/python3.9/site-packages/airflow/example_dags/example_branch_datetime_operator.py
[2024-12-07T02:12:53.813-0300] {processor.py:914} INFO - Processing file /home/crisu/miniconda3/envs/lab13.1/lib/python3.9/site-packages/airflow/example_dags/example_branch_datetime_operator.py for tasks to queue
[2024-12-07T02:12:53.815-0300] {logging_mixin.py:190} INFO - [2024-12-07T02:12:53.815-0300] {dagbag.py:588} INFO - Filling up the DagBag from /home/crisu/miniconda3/envs/lab13.1/lib/python3.9/site-packages/airflow/example_dags/example_branch_datetime_operator.py
[2024-12-07T02:12:53.828-0300] {processor.py:925} INFO - DAG(s) 'example_branch_datetime_operator', 'example_branch_datetime_operator_3', 'example_branch_datetime_operator_2' retrieved from /home/crisu/miniconda3/envs/lab13.1/lib/python3.9/site-packages/airflow/example_dags/example_branch_datetime_operator.py
[2024-12-07T02:12:53.849-0300] {logging_mixin.py:190} INFO - [2024-12-07T02:12:53.849-0300] {dag.py:3239} INFO - Sync 3 DAGs
[2024-12-07T02:12:53.872-0300] {logging_mixin.py:190} INFO - [2024-12-07T02:12:53.872-0300] {dag.py:4180} INFO - Setting next_dagrun for example_branch_datetime_operator to 2024-12-06 00:00:00+00:00, run_after=2024-12-07 00:00:00+00:00
[2024-12-07T02:12:53.877-0300] {logging_mixin.py:190} INFO - [2024-12-07T02:12:53.877-0300] {dag.py:4180} INFO - Setting next_dagrun for example_branch_datetime_operator_2 to 2024-12-06 00:00:00+00:00, run_after=2024-12-07 00:00:00+00:00
[2024-12-07T02:12:53.879-0300] {logging_mixin.py:190} INFO - [2024-12-07T02:12:53.879-0300] {dag.py:4180} INFO - Setting next_dagrun for example_branch_datetime_operator_3 to 2024-12-06 00:00:00+00:00, run_after=2024-12-07 00:00:00+00:00
[2024-12-07T02:12:53.945-0300] {processor.py:208} INFO - Processing /home/crisu/miniconda3/envs/lab13.1/lib/python3.9/site-packages/airflow/example_dags/example_branch_datetime_operator.py took 0.150 seconds
[2024-12-07T02:15:43.787-0300] {processor.py:186} INFO - Started process (PID=36387) to work on /home/crisu/miniconda3/envs/lab13.1/lib/python3.9/site-packages/airflow/example_dags/example_branch_datetime_operator.py
[2024-12-07T02:15:43.812-0300] {processor.py:914} INFO - Processing file /home/crisu/miniconda3/envs/lab13.1/lib/python3.9/site-packages/airflow/example_dags/example_branch_datetime_operator.py for tasks to queue
[2024-12-07T02:15:43.815-0300] {logging_mixin.py:190} INFO - [2024-12-07T02:15:43.815-0300] {dagbag.py:588} INFO - Filling up the DagBag from /home/crisu/miniconda3/envs/lab13.1/lib/python3.9/site-packages/airflow/example_dags/example_branch_datetime_operator.py
[2024-12-07T02:15:43.827-0300] {processor.py:925} INFO - DAG(s) 'example_branch_datetime_operator_2', 'example_branch_datetime_operator_3', 'example_branch_datetime_operator' retrieved from /home/crisu/miniconda3/envs/lab13.1/lib/python3.9/site-packages/airflow/example_dags/example_branch_datetime_operator.py
[2024-12-07T02:15:43.851-0300] {logging_mixin.py:190} INFO - [2024-12-07T02:15:43.850-0300] {dag.py:3239} INFO - Sync 3 DAGs
[2024-12-07T02:15:43.872-0300] {logging_mixin.py:190} INFO - [2024-12-07T02:15:43.871-0300] {dag.py:4180} INFO - Setting next_dagrun for example_branch_datetime_operator to 2024-12-06 00:00:00+00:00, run_after=2024-12-07 00:00:00+00:00
[2024-12-07T02:15:43.876-0300] {logging_mixin.py:190} INFO - [2024-12-07T02:15:43.876-0300] {dag.py:4180} INFO - Setting next_dagrun for example_branch_datetime_operator_2 to 2024-12-06 00:00:00+00:00, run_after=2024-12-07 00:00:00+00:00
[2024-12-07T02:15:43.878-0300] {logging_mixin.py:190} INFO - [2024-12-07T02:15:43.878-0300] {dag.py:4180} INFO - Setting next_dagrun for example_branch_datetime_operator_3 to 2024-12-06 00:00:00+00:00, run_after=2024-12-07 00:00:00+00:00
[2024-12-07T02:15:43.948-0300] {processor.py:208} INFO - Processing /home/crisu/miniconda3/envs/lab13.1/lib/python3.9/site-packages/airflow/example_dags/example_branch_datetime_operator.py took 0.170 seconds
[2024-12-07T02:17:20.170-0300] {processor.py:186} INFO - Started process (PID=36538) to work on /home/crisu/miniconda3/envs/lab13.1/lib/python3.9/site-packages/airflow/example_dags/example_branch_datetime_operator.py
[2024-12-07T02:17:20.213-0300] {processor.py:914} INFO - Processing file /home/crisu/miniconda3/envs/lab13.1/lib/python3.9/site-packages/airflow/example_dags/example_branch_datetime_operator.py for tasks to queue
[2024-12-07T02:17:20.215-0300] {logging_mixin.py:190} INFO - [2024-12-07T02:17:20.215-0300] {dagbag.py:588} INFO - Filling up the DagBag from /home/crisu/miniconda3/envs/lab13.1/lib/python3.9/site-packages/airflow/example_dags/example_branch_datetime_operator.py
[2024-12-07T02:17:20.229-0300] {processor.py:925} INFO - DAG(s) 'example_branch_datetime_operator_3', 'example_branch_datetime_operator', 'example_branch_datetime_operator_2' retrieved from /home/crisu/miniconda3/envs/lab13.1/lib/python3.9/site-packages/airflow/example_dags/example_branch_datetime_operator.py
[2024-12-07T02:17:20.247-0300] {logging_mixin.py:190} INFO - [2024-12-07T02:17:20.246-0300] {dag.py:3239} INFO - Sync 3 DAGs
[2024-12-07T02:17:20.265-0300] {logging_mixin.py:190} INFO - [2024-12-07T02:17:20.265-0300] {dag.py:4180} INFO - Setting next_dagrun for example_branch_datetime_operator to 2024-12-06 00:00:00+00:00, run_after=2024-12-07 00:00:00+00:00
[2024-12-07T02:17:20.269-0300] {logging_mixin.py:190} INFO - [2024-12-07T02:17:20.269-0300] {dag.py:4180} INFO - Setting next_dagrun for example_branch_datetime_operator_2 to 2024-12-06 00:00:00+00:00, run_after=2024-12-07 00:00:00+00:00
[2024-12-07T02:17:20.271-0300] {logging_mixin.py:190} INFO - [2024-12-07T02:17:20.271-0300] {dag.py:4180} INFO - Setting next_dagrun for example_branch_datetime_operator_3 to 2024-12-06 00:00:00+00:00, run_after=2024-12-07 00:00:00+00:00
[2024-12-07T02:17:20.356-0300] {processor.py:208} INFO - Processing /home/crisu/miniconda3/envs/lab13.1/lib/python3.9/site-packages/airflow/example_dags/example_branch_datetime_operator.py took 0.194 seconds
[2024-12-07T02:18:48.951-0300] {processor.py:186} INFO - Started process (PID=36773) to work on /home/crisu/miniconda3/envs/lab13.1/lib/python3.9/site-packages/airflow/example_dags/example_branch_datetime_operator.py
[2024-12-07T02:18:48.978-0300] {processor.py:914} INFO - Processing file /home/crisu/miniconda3/envs/lab13.1/lib/python3.9/site-packages/airflow/example_dags/example_branch_datetime_operator.py for tasks to queue
[2024-12-07T02:18:48.981-0300] {logging_mixin.py:190} INFO - [2024-12-07T02:18:48.980-0300] {dagbag.py:588} INFO - Filling up the DagBag from /home/crisu/miniconda3/envs/lab13.1/lib/python3.9/site-packages/airflow/example_dags/example_branch_datetime_operator.py
[2024-12-07T02:18:48.992-0300] {processor.py:925} INFO - DAG(s) 'example_branch_datetime_operator', 'example_branch_datetime_operator_2', 'example_branch_datetime_operator_3' retrieved from /home/crisu/miniconda3/envs/lab13.1/lib/python3.9/site-packages/airflow/example_dags/example_branch_datetime_operator.py
[2024-12-07T02:18:49.017-0300] {logging_mixin.py:190} INFO - [2024-12-07T02:18:49.017-0300] {dag.py:3239} INFO - Sync 3 DAGs
[2024-12-07T02:18:49.039-0300] {logging_mixin.py:190} INFO - [2024-12-07T02:18:49.038-0300] {dag.py:4180} INFO - Setting next_dagrun for example_branch_datetime_operator to 2024-12-06 00:00:00+00:00, run_after=2024-12-07 00:00:00+00:00
[2024-12-07T02:18:49.043-0300] {logging_mixin.py:190} INFO - [2024-12-07T02:18:49.043-0300] {dag.py:4180} INFO - Setting next_dagrun for example_branch_datetime_operator_2 to 2024-12-06 00:00:00+00:00, run_after=2024-12-07 00:00:00+00:00
[2024-12-07T02:18:49.046-0300] {logging_mixin.py:190} INFO - [2024-12-07T02:18:49.046-0300] {dag.py:4180} INFO - Setting next_dagrun for example_branch_datetime_operator_3 to 2024-12-06 00:00:00+00:00, run_after=2024-12-07 00:00:00+00:00
[2024-12-07T02:18:49.140-0300] {processor.py:208} INFO - Processing /home/crisu/miniconda3/envs/lab13.1/lib/python3.9/site-packages/airflow/example_dags/example_branch_datetime_operator.py took 0.197 seconds
[2024-12-07T02:32:54.838-0300] {processor.py:186} INFO - Started process (PID=38097) to work on /home/crisu/miniconda3/envs/lab13.1/lib/python3.9/site-packages/airflow/example_dags/example_branch_datetime_operator.py
[2024-12-07T02:32:54.914-0300] {processor.py:914} INFO - Processing file /home/crisu/miniconda3/envs/lab13.1/lib/python3.9/site-packages/airflow/example_dags/example_branch_datetime_operator.py for tasks to queue
[2024-12-07T02:32:54.916-0300] {logging_mixin.py:190} INFO - [2024-12-07T02:32:54.915-0300] {dagbag.py:588} INFO - Filling up the DagBag from /home/crisu/miniconda3/envs/lab13.1/lib/python3.9/site-packages/airflow/example_dags/example_branch_datetime_operator.py
[2024-12-07T02:32:54.927-0300] {processor.py:925} INFO - DAG(s) 'example_branch_datetime_operator_3', 'example_branch_datetime_operator', 'example_branch_datetime_operator_2' retrieved from /home/crisu/miniconda3/envs/lab13.1/lib/python3.9/site-packages/airflow/example_dags/example_branch_datetime_operator.py
[2024-12-07T02:32:54.947-0300] {logging_mixin.py:190} INFO - [2024-12-07T02:32:54.947-0300] {dag.py:3239} INFO - Sync 3 DAGs
[2024-12-07T02:32:54.967-0300] {logging_mixin.py:190} INFO - [2024-12-07T02:32:54.966-0300] {dag.py:4180} INFO - Setting next_dagrun for example_branch_datetime_operator to 2024-12-06 00:00:00+00:00, run_after=2024-12-07 00:00:00+00:00
[2024-12-07T02:32:54.971-0300] {logging_mixin.py:190} INFO - [2024-12-07T02:32:54.970-0300] {dag.py:4180} INFO - Setting next_dagrun for example_branch_datetime_operator_2 to 2024-12-06 00:00:00+00:00, run_after=2024-12-07 00:00:00+00:00
[2024-12-07T02:32:54.973-0300] {logging_mixin.py:190} INFO - [2024-12-07T02:32:54.973-0300] {dag.py:4180} INFO - Setting next_dagrun for example_branch_datetime_operator_3 to 2024-12-06 00:00:00+00:00, run_after=2024-12-07 00:00:00+00:00
[2024-12-07T02:32:55.760-0300] {processor.py:208} INFO - Processing /home/crisu/miniconda3/envs/lab13.1/lib/python3.9/site-packages/airflow/example_dags/example_branch_datetime_operator.py took 0.928 seconds
[2024-12-07T02:36:31.914-0300] {processor.py:186} INFO - Started process (PID=38529) to work on /home/crisu/miniconda3/envs/lab13.1/lib/python3.9/site-packages/airflow/example_dags/example_branch_datetime_operator.py
[2024-12-07T02:36:31.915-0300] {processor.py:914} INFO - Processing file /home/crisu/miniconda3/envs/lab13.1/lib/python3.9/site-packages/airflow/example_dags/example_branch_datetime_operator.py for tasks to queue
[2024-12-07T02:36:31.917-0300] {logging_mixin.py:190} INFO - [2024-12-07T02:36:31.917-0300] {dagbag.py:588} INFO - Filling up the DagBag from /home/crisu/miniconda3/envs/lab13.1/lib/python3.9/site-packages/airflow/example_dags/example_branch_datetime_operator.py
[2024-12-07T02:36:31.930-0300] {processor.py:925} INFO - DAG(s) 'example_branch_datetime_operator_2', 'example_branch_datetime_operator_3', 'example_branch_datetime_operator' retrieved from /home/crisu/miniconda3/envs/lab13.1/lib/python3.9/site-packages/airflow/example_dags/example_branch_datetime_operator.py
[2024-12-07T02:36:31.951-0300] {logging_mixin.py:190} INFO - [2024-12-07T02:36:31.951-0300] {dag.py:3239} INFO - Sync 3 DAGs
[2024-12-07T02:36:31.972-0300] {logging_mixin.py:190} INFO - [2024-12-07T02:36:31.971-0300] {dag.py:4180} INFO - Setting next_dagrun for example_branch_datetime_operator to 2024-12-06 00:00:00+00:00, run_after=2024-12-07 00:00:00+00:00
[2024-12-07T02:36:31.976-0300] {logging_mixin.py:190} INFO - [2024-12-07T02:36:31.976-0300] {dag.py:4180} INFO - Setting next_dagrun for example_branch_datetime_operator_2 to 2024-12-06 00:00:00+00:00, run_after=2024-12-07 00:00:00+00:00
[2024-12-07T02:36:31.979-0300] {logging_mixin.py:190} INFO - [2024-12-07T02:36:31.978-0300] {dag.py:4180} INFO - Setting next_dagrun for example_branch_datetime_operator_3 to 2024-12-06 00:00:00+00:00, run_after=2024-12-07 00:00:00+00:00
[2024-12-07T02:36:32.039-0300] {processor.py:208} INFO - Processing /home/crisu/miniconda3/envs/lab13.1/lib/python3.9/site-packages/airflow/example_dags/example_branch_datetime_operator.py took 0.132 seconds
[2024-12-07T02:39:44.935-0300] {processor.py:186} INFO - Started process (PID=38807) to work on /home/crisu/miniconda3/envs/lab13.1/lib/python3.9/site-packages/airflow/example_dags/example_branch_datetime_operator.py
[2024-12-07T02:39:44.978-0300] {processor.py:914} INFO - Processing file /home/crisu/miniconda3/envs/lab13.1/lib/python3.9/site-packages/airflow/example_dags/example_branch_datetime_operator.py for tasks to queue
[2024-12-07T02:39:44.981-0300] {logging_mixin.py:190} INFO - [2024-12-07T02:39:44.980-0300] {dagbag.py:588} INFO - Filling up the DagBag from /home/crisu/miniconda3/envs/lab13.1/lib/python3.9/site-packages/airflow/example_dags/example_branch_datetime_operator.py
[2024-12-07T02:39:44.991-0300] {processor.py:925} INFO - DAG(s) 'example_branch_datetime_operator_2', 'example_branch_datetime_operator', 'example_branch_datetime_operator_3' retrieved from /home/crisu/miniconda3/envs/lab13.1/lib/python3.9/site-packages/airflow/example_dags/example_branch_datetime_operator.py
[2024-12-07T02:39:45.010-0300] {logging_mixin.py:190} INFO - [2024-12-07T02:39:45.010-0300] {dag.py:3239} INFO - Sync 3 DAGs
[2024-12-07T02:39:45.030-0300] {logging_mixin.py:190} INFO - [2024-12-07T02:39:45.029-0300] {dag.py:4180} INFO - Setting next_dagrun for example_branch_datetime_operator to 2024-12-06 00:00:00+00:00, run_after=2024-12-07 00:00:00+00:00
[2024-12-07T02:39:45.034-0300] {logging_mixin.py:190} INFO - [2024-12-07T02:39:45.033-0300] {dag.py:4180} INFO - Setting next_dagrun for example_branch_datetime_operator_2 to 2024-12-06 00:00:00+00:00, run_after=2024-12-07 00:00:00+00:00
[2024-12-07T02:39:45.036-0300] {logging_mixin.py:190} INFO - [2024-12-07T02:39:45.036-0300] {dag.py:4180} INFO - Setting next_dagrun for example_branch_datetime_operator_3 to 2024-12-06 00:00:00+00:00, run_after=2024-12-07 00:00:00+00:00
[2024-12-07T02:39:45.579-0300] {processor.py:208} INFO - Processing /home/crisu/miniconda3/envs/lab13.1/lib/python3.9/site-packages/airflow/example_dags/example_branch_datetime_operator.py took 0.649 seconds
[2024-12-07T02:41:23.428-0300] {processor.py:186} INFO - Started process (PID=38980) to work on /home/crisu/miniconda3/envs/lab13.1/lib/python3.9/site-packages/airflow/example_dags/example_branch_datetime_operator.py
[2024-12-07T02:41:23.436-0300] {processor.py:914} INFO - Processing file /home/crisu/miniconda3/envs/lab13.1/lib/python3.9/site-packages/airflow/example_dags/example_branch_datetime_operator.py for tasks to queue
[2024-12-07T02:41:23.437-0300] {logging_mixin.py:190} INFO - [2024-12-07T02:41:23.437-0300] {dagbag.py:588} INFO - Filling up the DagBag from /home/crisu/miniconda3/envs/lab13.1/lib/python3.9/site-packages/airflow/example_dags/example_branch_datetime_operator.py
[2024-12-07T02:41:23.448-0300] {processor.py:925} INFO - DAG(s) 'example_branch_datetime_operator_3', 'example_branch_datetime_operator', 'example_branch_datetime_operator_2' retrieved from /home/crisu/miniconda3/envs/lab13.1/lib/python3.9/site-packages/airflow/example_dags/example_branch_datetime_operator.py
[2024-12-07T02:41:23.466-0300] {logging_mixin.py:190} INFO - [2024-12-07T02:41:23.466-0300] {dag.py:3239} INFO - Sync 3 DAGs
[2024-12-07T02:41:23.485-0300] {logging_mixin.py:190} INFO - [2024-12-07T02:41:23.484-0300] {dag.py:4180} INFO - Setting next_dagrun for example_branch_datetime_operator to 2024-12-06 00:00:00+00:00, run_after=2024-12-07 00:00:00+00:00
[2024-12-07T02:41:23.489-0300] {logging_mixin.py:190} INFO - [2024-12-07T02:41:23.489-0300] {dag.py:4180} INFO - Setting next_dagrun for example_branch_datetime_operator_2 to 2024-12-06 00:00:00+00:00, run_after=2024-12-07 00:00:00+00:00
[2024-12-07T02:41:23.492-0300] {logging_mixin.py:190} INFO - [2024-12-07T02:41:23.491-0300] {dag.py:4180} INFO - Setting next_dagrun for example_branch_datetime_operator_3 to 2024-12-06 00:00:00+00:00, run_after=2024-12-07 00:00:00+00:00
[2024-12-07T02:41:23.639-0300] {processor.py:208} INFO - Processing /home/crisu/miniconda3/envs/lab13.1/lib/python3.9/site-packages/airflow/example_dags/example_branch_datetime_operator.py took 0.217 seconds
[2024-12-07T02:45:24.228-0300] {processor.py:186} INFO - Started process (PID=39758) to work on /home/crisu/miniconda3/envs/lab13.1/lib/python3.9/site-packages/airflow/example_dags/example_branch_datetime_operator.py
[2024-12-07T02:45:24.230-0300] {processor.py:914} INFO - Processing file /home/crisu/miniconda3/envs/lab13.1/lib/python3.9/site-packages/airflow/example_dags/example_branch_datetime_operator.py for tasks to queue
[2024-12-07T02:45:24.232-0300] {logging_mixin.py:190} INFO - [2024-12-07T02:45:24.231-0300] {dagbag.py:588} INFO - Filling up the DagBag from /home/crisu/miniconda3/envs/lab13.1/lib/python3.9/site-packages/airflow/example_dags/example_branch_datetime_operator.py
[2024-12-07T02:45:24.243-0300] {processor.py:925} INFO - DAG(s) 'example_branch_datetime_operator_2', 'example_branch_datetime_operator', 'example_branch_datetime_operator_3' retrieved from /home/crisu/miniconda3/envs/lab13.1/lib/python3.9/site-packages/airflow/example_dags/example_branch_datetime_operator.py
[2024-12-07T02:45:24.263-0300] {logging_mixin.py:190} INFO - [2024-12-07T02:45:24.263-0300] {dag.py:3239} INFO - Sync 3 DAGs
[2024-12-07T02:45:24.282-0300] {logging_mixin.py:190} INFO - [2024-12-07T02:45:24.282-0300] {dag.py:4180} INFO - Setting next_dagrun for example_branch_datetime_operator to 2024-12-06 00:00:00+00:00, run_after=2024-12-07 00:00:00+00:00
[2024-12-07T02:45:24.287-0300] {logging_mixin.py:190} INFO - [2024-12-07T02:45:24.286-0300] {dag.py:4180} INFO - Setting next_dagrun for example_branch_datetime_operator_2 to 2024-12-06 00:00:00+00:00, run_after=2024-12-07 00:00:00+00:00
[2024-12-07T02:45:24.289-0300] {logging_mixin.py:190} INFO - [2024-12-07T02:45:24.289-0300] {dag.py:4180} INFO - Setting next_dagrun for example_branch_datetime_operator_3 to 2024-12-06 00:00:00+00:00, run_after=2024-12-07 00:00:00+00:00
[2024-12-07T02:45:24.344-0300] {processor.py:208} INFO - Processing /home/crisu/miniconda3/envs/lab13.1/lib/python3.9/site-packages/airflow/example_dags/example_branch_datetime_operator.py took 0.121 seconds
[2024-12-07T02:50:43.231-0300] {processor.py:186} INFO - Started process (PID=40859) to work on /home/crisu/miniconda3/envs/lab13.1/lib/python3.9/site-packages/airflow/example_dags/example_branch_datetime_operator.py
[2024-12-07T02:50:43.233-0300] {processor.py:914} INFO - Processing file /home/crisu/miniconda3/envs/lab13.1/lib/python3.9/site-packages/airflow/example_dags/example_branch_datetime_operator.py for tasks to queue
[2024-12-07T02:50:43.235-0300] {logging_mixin.py:190} INFO - [2024-12-07T02:50:43.234-0300] {dagbag.py:588} INFO - Filling up the DagBag from /home/crisu/miniconda3/envs/lab13.1/lib/python3.9/site-packages/airflow/example_dags/example_branch_datetime_operator.py
[2024-12-07T02:50:43.245-0300] {processor.py:925} INFO - DAG(s) 'example_branch_datetime_operator_2', 'example_branch_datetime_operator', 'example_branch_datetime_operator_3' retrieved from /home/crisu/miniconda3/envs/lab13.1/lib/python3.9/site-packages/airflow/example_dags/example_branch_datetime_operator.py
[2024-12-07T02:50:43.264-0300] {logging_mixin.py:190} INFO - [2024-12-07T02:50:43.264-0300] {dag.py:3239} INFO - Sync 3 DAGs
[2024-12-07T02:50:43.283-0300] {logging_mixin.py:190} INFO - [2024-12-07T02:50:43.283-0300] {dag.py:4180} INFO - Setting next_dagrun for example_branch_datetime_operator to 2024-12-06 00:00:00+00:00, run_after=2024-12-07 00:00:00+00:00
[2024-12-07T02:50:43.286-0300] {logging_mixin.py:190} INFO - [2024-12-07T02:50:43.286-0300] {dag.py:4180} INFO - Setting next_dagrun for example_branch_datetime_operator_2 to 2024-12-06 00:00:00+00:00, run_after=2024-12-07 00:00:00+00:00
[2024-12-07T02:50:43.289-0300] {logging_mixin.py:190} INFO - [2024-12-07T02:50:43.289-0300] {dag.py:4180} INFO - Setting next_dagrun for example_branch_datetime_operator_3 to 2024-12-06 00:00:00+00:00, run_after=2024-12-07 00:00:00+00:00
[2024-12-07T02:50:43.364-0300] {processor.py:208} INFO - Processing /home/crisu/miniconda3/envs/lab13.1/lib/python3.9/site-packages/airflow/example_dags/example_branch_datetime_operator.py took 0.141 seconds
[2024-12-07T03:22:03.060-0300] {processor.py:186} INFO - Started process (PID=42753) to work on /home/crisu/miniconda3/envs/lab13.1/lib/python3.9/site-packages/airflow/example_dags/example_branch_datetime_operator.py
[2024-12-07T03:22:03.061-0300] {processor.py:914} INFO - Processing file /home/crisu/miniconda3/envs/lab13.1/lib/python3.9/site-packages/airflow/example_dags/example_branch_datetime_operator.py for tasks to queue
[2024-12-07T03:22:03.062-0300] {logging_mixin.py:190} INFO - [2024-12-07T03:22:03.062-0300] {dagbag.py:588} INFO - Filling up the DagBag from /home/crisu/miniconda3/envs/lab13.1/lib/python3.9/site-packages/airflow/example_dags/example_branch_datetime_operator.py
[2024-12-07T03:22:03.071-0300] {processor.py:925} INFO - DAG(s) 'example_branch_datetime_operator_3', 'example_branch_datetime_operator', 'example_branch_datetime_operator_2' retrieved from /home/crisu/miniconda3/envs/lab13.1/lib/python3.9/site-packages/airflow/example_dags/example_branch_datetime_operator.py
[2024-12-07T03:22:03.089-0300] {logging_mixin.py:190} INFO - [2024-12-07T03:22:03.089-0300] {dag.py:3239} INFO - Sync 3 DAGs
[2024-12-07T03:22:03.107-0300] {logging_mixin.py:190} INFO - [2024-12-07T03:22:03.106-0300] {dag.py:4180} INFO - Setting next_dagrun for example_branch_datetime_operator to 2024-12-06 00:00:00+00:00, run_after=2024-12-07 00:00:00+00:00
[2024-12-07T03:22:03.110-0300] {logging_mixin.py:190} INFO - [2024-12-07T03:22:03.110-0300] {dag.py:4180} INFO - Setting next_dagrun for example_branch_datetime_operator_2 to 2024-12-06 00:00:00+00:00, run_after=2024-12-07 00:00:00+00:00
[2024-12-07T03:22:03.112-0300] {logging_mixin.py:190} INFO - [2024-12-07T03:22:03.112-0300] {dag.py:4180} INFO - Setting next_dagrun for example_branch_datetime_operator_3 to 2024-12-06 00:00:00+00:00, run_after=2024-12-07 00:00:00+00:00
[2024-12-07T03:22:04.571-0300] {processor.py:208} INFO - Processing /home/crisu/miniconda3/envs/lab13.1/lib/python3.9/site-packages/airflow/example_dags/example_branch_datetime_operator.py took 1.516 seconds
[2024-12-07T03:28:12.394-0300] {processor.py:186} INFO - Started process (PID=43674) to work on /home/crisu/miniconda3/envs/lab13.1/lib/python3.9/site-packages/airflow/example_dags/example_branch_datetime_operator.py
[2024-12-07T03:28:12.396-0300] {processor.py:914} INFO - Processing file /home/crisu/miniconda3/envs/lab13.1/lib/python3.9/site-packages/airflow/example_dags/example_branch_datetime_operator.py for tasks to queue
[2024-12-07T03:28:12.397-0300] {logging_mixin.py:190} INFO - [2024-12-07T03:28:12.397-0300] {dagbag.py:588} INFO - Filling up the DagBag from /home/crisu/miniconda3/envs/lab13.1/lib/python3.9/site-packages/airflow/example_dags/example_branch_datetime_operator.py
[2024-12-07T03:28:12.408-0300] {processor.py:925} INFO - DAG(s) 'example_branch_datetime_operator_2', 'example_branch_datetime_operator', 'example_branch_datetime_operator_3' retrieved from /home/crisu/miniconda3/envs/lab13.1/lib/python3.9/site-packages/airflow/example_dags/example_branch_datetime_operator.py
[2024-12-07T03:28:12.428-0300] {logging_mixin.py:190} INFO - [2024-12-07T03:28:12.428-0300] {dag.py:3239} INFO - Sync 3 DAGs
[2024-12-07T03:28:12.448-0300] {logging_mixin.py:190} INFO - [2024-12-07T03:28:12.448-0300] {dag.py:4180} INFO - Setting next_dagrun for example_branch_datetime_operator to 2024-12-06 00:00:00+00:00, run_after=2024-12-07 00:00:00+00:00
[2024-12-07T03:28:12.453-0300] {logging_mixin.py:190} INFO - [2024-12-07T03:28:12.453-0300] {dag.py:4180} INFO - Setting next_dagrun for example_branch_datetime_operator_2 to 2024-12-06 00:00:00+00:00, run_after=2024-12-07 00:00:00+00:00
[2024-12-07T03:28:12.455-0300] {logging_mixin.py:190} INFO - [2024-12-07T03:28:12.455-0300] {dag.py:4180} INFO - Setting next_dagrun for example_branch_datetime_operator_3 to 2024-12-06 00:00:00+00:00, run_after=2024-12-07 00:00:00+00:00
[2024-12-07T03:28:12.513-0300] {processor.py:208} INFO - Processing /home/crisu/miniconda3/envs/lab13.1/lib/python3.9/site-packages/airflow/example_dags/example_branch_datetime_operator.py took 0.124 seconds
[2024-12-07T03:34:56.681-0300] {processor.py:186} INFO - Started process (PID=44670) to work on /home/crisu/miniconda3/envs/lab13.1/lib/python3.9/site-packages/airflow/example_dags/example_branch_datetime_operator.py
[2024-12-07T03:34:56.702-0300] {processor.py:914} INFO - Processing file /home/crisu/miniconda3/envs/lab13.1/lib/python3.9/site-packages/airflow/example_dags/example_branch_datetime_operator.py for tasks to queue
[2024-12-07T03:34:56.704-0300] {logging_mixin.py:190} INFO - [2024-12-07T03:34:56.703-0300] {dagbag.py:588} INFO - Filling up the DagBag from /home/crisu/miniconda3/envs/lab13.1/lib/python3.9/site-packages/airflow/example_dags/example_branch_datetime_operator.py
[2024-12-07T03:34:56.712-0300] {processor.py:925} INFO - DAG(s) 'example_branch_datetime_operator_2', 'example_branch_datetime_operator_3', 'example_branch_datetime_operator' retrieved from /home/crisu/miniconda3/envs/lab13.1/lib/python3.9/site-packages/airflow/example_dags/example_branch_datetime_operator.py
[2024-12-07T03:34:56.736-0300] {logging_mixin.py:190} INFO - [2024-12-07T03:34:56.736-0300] {dag.py:3239} INFO - Sync 3 DAGs
[2024-12-07T03:34:56.753-0300] {logging_mixin.py:190} INFO - [2024-12-07T03:34:56.753-0300] {dag.py:4180} INFO - Setting next_dagrun for example_branch_datetime_operator to 2024-12-06 00:00:00+00:00, run_after=2024-12-07 00:00:00+00:00
[2024-12-07T03:34:56.757-0300] {logging_mixin.py:190} INFO - [2024-12-07T03:34:56.757-0300] {dag.py:4180} INFO - Setting next_dagrun for example_branch_datetime_operator_2 to 2024-12-06 00:00:00+00:00, run_after=2024-12-07 00:00:00+00:00
[2024-12-07T03:34:56.759-0300] {logging_mixin.py:190} INFO - [2024-12-07T03:34:56.759-0300] {dag.py:4180} INFO - Setting next_dagrun for example_branch_datetime_operator_3 to 2024-12-06 00:00:00+00:00, run_after=2024-12-07 00:00:00+00:00
[2024-12-07T03:34:57.929-0300] {processor.py:208} INFO - Processing /home/crisu/miniconda3/envs/lab13.1/lib/python3.9/site-packages/airflow/example_dags/example_branch_datetime_operator.py took 1.253 seconds
[2024-12-07T03:37:01.184-0300] {processor.py:186} INFO - Started process (PID=44864) to work on /home/crisu/miniconda3/envs/lab13.1/lib/python3.9/site-packages/airflow/example_dags/example_branch_datetime_operator.py
[2024-12-07T03:37:01.203-0300] {processor.py:914} INFO - Processing file /home/crisu/miniconda3/envs/lab13.1/lib/python3.9/site-packages/airflow/example_dags/example_branch_datetime_operator.py for tasks to queue
[2024-12-07T03:37:01.205-0300] {logging_mixin.py:190} INFO - [2024-12-07T03:37:01.204-0300] {dagbag.py:588} INFO - Filling up the DagBag from /home/crisu/miniconda3/envs/lab13.1/lib/python3.9/site-packages/airflow/example_dags/example_branch_datetime_operator.py
[2024-12-07T03:37:01.214-0300] {processor.py:925} INFO - DAG(s) 'example_branch_datetime_operator_3', 'example_branch_datetime_operator_2', 'example_branch_datetime_operator' retrieved from /home/crisu/miniconda3/envs/lab13.1/lib/python3.9/site-packages/airflow/example_dags/example_branch_datetime_operator.py
[2024-12-07T03:37:01.233-0300] {logging_mixin.py:190} INFO - [2024-12-07T03:37:01.233-0300] {dag.py:3239} INFO - Sync 3 DAGs
[2024-12-07T03:37:01.249-0300] {logging_mixin.py:190} INFO - [2024-12-07T03:37:01.249-0300] {dag.py:4180} INFO - Setting next_dagrun for example_branch_datetime_operator to 2024-12-06 00:00:00+00:00, run_after=2024-12-07 00:00:00+00:00
[2024-12-07T03:37:01.253-0300] {logging_mixin.py:190} INFO - [2024-12-07T03:37:01.253-0300] {dag.py:4180} INFO - Setting next_dagrun for example_branch_datetime_operator_2 to 2024-12-06 00:00:00+00:00, run_after=2024-12-07 00:00:00+00:00
[2024-12-07T03:37:01.255-0300] {logging_mixin.py:190} INFO - [2024-12-07T03:37:01.255-0300] {dag.py:4180} INFO - Setting next_dagrun for example_branch_datetime_operator_3 to 2024-12-06 00:00:00+00:00, run_after=2024-12-07 00:00:00+00:00
[2024-12-07T03:37:01.726-0300] {processor.py:208} INFO - Processing /home/crisu/miniconda3/envs/lab13.1/lib/python3.9/site-packages/airflow/example_dags/example_branch_datetime_operator.py took 0.548 seconds
[2024-12-07T03:38:45.224-0300] {processor.py:186} INFO - Started process (PID=45070) to work on /home/crisu/miniconda3/envs/lab13.1/lib/python3.9/site-packages/airflow/example_dags/example_branch_datetime_operator.py
[2024-12-07T03:38:45.232-0300] {processor.py:914} INFO - Processing file /home/crisu/miniconda3/envs/lab13.1/lib/python3.9/site-packages/airflow/example_dags/example_branch_datetime_operator.py for tasks to queue
[2024-12-07T03:38:45.233-0300] {logging_mixin.py:190} INFO - [2024-12-07T03:38:45.233-0300] {dagbag.py:588} INFO - Filling up the DagBag from /home/crisu/miniconda3/envs/lab13.1/lib/python3.9/site-packages/airflow/example_dags/example_branch_datetime_operator.py
[2024-12-07T03:38:45.241-0300] {processor.py:925} INFO - DAG(s) 'example_branch_datetime_operator_3', 'example_branch_datetime_operator_2', 'example_branch_datetime_operator' retrieved from /home/crisu/miniconda3/envs/lab13.1/lib/python3.9/site-packages/airflow/example_dags/example_branch_datetime_operator.py
[2024-12-07T03:38:45.261-0300] {logging_mixin.py:190} INFO - [2024-12-07T03:38:45.261-0300] {dag.py:3239} INFO - Sync 3 DAGs
[2024-12-07T03:38:45.278-0300] {logging_mixin.py:190} INFO - [2024-12-07T03:38:45.277-0300] {dag.py:4180} INFO - Setting next_dagrun for example_branch_datetime_operator to 2024-12-06 00:00:00+00:00, run_after=2024-12-07 00:00:00+00:00
[2024-12-07T03:38:45.281-0300] {logging_mixin.py:190} INFO - [2024-12-07T03:38:45.281-0300] {dag.py:4180} INFO - Setting next_dagrun for example_branch_datetime_operator_2 to 2024-12-06 00:00:00+00:00, run_after=2024-12-07 00:00:00+00:00
[2024-12-07T03:38:45.284-0300] {logging_mixin.py:190} INFO - [2024-12-07T03:38:45.284-0300] {dag.py:4180} INFO - Setting next_dagrun for example_branch_datetime_operator_3 to 2024-12-06 00:00:00+00:00, run_after=2024-12-07 00:00:00+00:00
[2024-12-07T03:38:45.373-0300] {processor.py:208} INFO - Processing /home/crisu/miniconda3/envs/lab13.1/lib/python3.9/site-packages/airflow/example_dags/example_branch_datetime_operator.py took 0.154 seconds
[2024-12-07T03:40:03.627-0300] {processor.py:186} INFO - Started process (PID=45211) to work on /home/crisu/miniconda3/envs/lab13.1/lib/python3.9/site-packages/airflow/example_dags/example_branch_datetime_operator.py
[2024-12-07T03:40:03.639-0300] {processor.py:914} INFO - Processing file /home/crisu/miniconda3/envs/lab13.1/lib/python3.9/site-packages/airflow/example_dags/example_branch_datetime_operator.py for tasks to queue
[2024-12-07T03:40:03.640-0300] {logging_mixin.py:190} INFO - [2024-12-07T03:40:03.640-0300] {dagbag.py:588} INFO - Filling up the DagBag from /home/crisu/miniconda3/envs/lab13.1/lib/python3.9/site-packages/airflow/example_dags/example_branch_datetime_operator.py
[2024-12-07T03:40:03.649-0300] {processor.py:925} INFO - DAG(s) 'example_branch_datetime_operator', 'example_branch_datetime_operator_2', 'example_branch_datetime_operator_3' retrieved from /home/crisu/miniconda3/envs/lab13.1/lib/python3.9/site-packages/airflow/example_dags/example_branch_datetime_operator.py
[2024-12-07T03:40:03.669-0300] {logging_mixin.py:190} INFO - [2024-12-07T03:40:03.668-0300] {dag.py:3239} INFO - Sync 3 DAGs
[2024-12-07T03:40:03.685-0300] {logging_mixin.py:190} INFO - [2024-12-07T03:40:03.685-0300] {dag.py:4180} INFO - Setting next_dagrun for example_branch_datetime_operator to 2024-12-06 00:00:00+00:00, run_after=2024-12-07 00:00:00+00:00
[2024-12-07T03:40:03.689-0300] {logging_mixin.py:190} INFO - [2024-12-07T03:40:03.688-0300] {dag.py:4180} INFO - Setting next_dagrun for example_branch_datetime_operator_2 to 2024-12-06 00:00:00+00:00, run_after=2024-12-07 00:00:00+00:00
[2024-12-07T03:40:03.691-0300] {logging_mixin.py:190} INFO - [2024-12-07T03:40:03.691-0300] {dag.py:4180} INFO - Setting next_dagrun for example_branch_datetime_operator_3 to 2024-12-06 00:00:00+00:00, run_after=2024-12-07 00:00:00+00:00
[2024-12-07T03:40:03.755-0300] {processor.py:208} INFO - Processing /home/crisu/miniconda3/envs/lab13.1/lib/python3.9/site-packages/airflow/example_dags/example_branch_datetime_operator.py took 0.134 seconds
[2024-12-07T03:41:34.362-0300] {processor.py:186} INFO - Started process (PID=45440) to work on /home/crisu/miniconda3/envs/lab13.1/lib/python3.9/site-packages/airflow/example_dags/example_branch_datetime_operator.py
[2024-12-07T03:41:34.468-0300] {processor.py:914} INFO - Processing file /home/crisu/miniconda3/envs/lab13.1/lib/python3.9/site-packages/airflow/example_dags/example_branch_datetime_operator.py for tasks to queue
[2024-12-07T03:41:34.469-0300] {logging_mixin.py:190} INFO - [2024-12-07T03:41:34.469-0300] {dagbag.py:588} INFO - Filling up the DagBag from /home/crisu/miniconda3/envs/lab13.1/lib/python3.9/site-packages/airflow/example_dags/example_branch_datetime_operator.py
[2024-12-07T03:41:34.479-0300] {processor.py:925} INFO - DAG(s) 'example_branch_datetime_operator', 'example_branch_datetime_operator_2', 'example_branch_datetime_operator_3' retrieved from /home/crisu/miniconda3/envs/lab13.1/lib/python3.9/site-packages/airflow/example_dags/example_branch_datetime_operator.py
[2024-12-07T03:41:34.503-0300] {logging_mixin.py:190} INFO - [2024-12-07T03:41:34.503-0300] {dag.py:3239} INFO - Sync 3 DAGs
[2024-12-07T03:41:34.521-0300] {logging_mixin.py:190} INFO - [2024-12-07T03:41:34.521-0300] {dag.py:4180} INFO - Setting next_dagrun for example_branch_datetime_operator to 2024-12-06 00:00:00+00:00, run_after=2024-12-07 00:00:00+00:00
[2024-12-07T03:41:34.525-0300] {logging_mixin.py:190} INFO - [2024-12-07T03:41:34.525-0300] {dag.py:4180} INFO - Setting next_dagrun for example_branch_datetime_operator_2 to 2024-12-06 00:00:00+00:00, run_after=2024-12-07 00:00:00+00:00
[2024-12-07T03:41:34.527-0300] {logging_mixin.py:190} INFO - [2024-12-07T03:41:34.527-0300] {dag.py:4180} INFO - Setting next_dagrun for example_branch_datetime_operator_3 to 2024-12-06 00:00:00+00:00, run_after=2024-12-07 00:00:00+00:00
[2024-12-07T03:41:35.994-0300] {processor.py:208} INFO - Processing /home/crisu/miniconda3/envs/lab13.1/lib/python3.9/site-packages/airflow/example_dags/example_branch_datetime_operator.py took 1.636 seconds
[2024-12-07T03:47:11.405-0300] {processor.py:186} INFO - Started process (PID=46517) to work on /home/crisu/miniconda3/envs/lab13.1/lib/python3.9/site-packages/airflow/example_dags/example_branch_datetime_operator.py
[2024-12-07T03:47:11.407-0300] {processor.py:914} INFO - Processing file /home/crisu/miniconda3/envs/lab13.1/lib/python3.9/site-packages/airflow/example_dags/example_branch_datetime_operator.py for tasks to queue
[2024-12-07T03:47:11.410-0300] {logging_mixin.py:190} INFO - [2024-12-07T03:47:11.409-0300] {dagbag.py:588} INFO - Filling up the DagBag from /home/crisu/miniconda3/envs/lab13.1/lib/python3.9/site-packages/airflow/example_dags/example_branch_datetime_operator.py
[2024-12-07T03:47:11.421-0300] {processor.py:925} INFO - DAG(s) 'example_branch_datetime_operator_3', 'example_branch_datetime_operator', 'example_branch_datetime_operator_2' retrieved from /home/crisu/miniconda3/envs/lab13.1/lib/python3.9/site-packages/airflow/example_dags/example_branch_datetime_operator.py
[2024-12-07T03:47:11.441-0300] {logging_mixin.py:190} INFO - [2024-12-07T03:47:11.441-0300] {dag.py:3239} INFO - Sync 3 DAGs
[2024-12-07T03:47:11.463-0300] {logging_mixin.py:190} INFO - [2024-12-07T03:47:11.463-0300] {dag.py:4180} INFO - Setting next_dagrun for example_branch_datetime_operator to 2024-12-06 00:00:00+00:00, run_after=2024-12-07 00:00:00+00:00
[2024-12-07T03:47:11.468-0300] {logging_mixin.py:190} INFO - [2024-12-07T03:47:11.468-0300] {dag.py:4180} INFO - Setting next_dagrun for example_branch_datetime_operator_2 to 2024-12-06 00:00:00+00:00, run_after=2024-12-07 00:00:00+00:00
[2024-12-07T03:47:11.470-0300] {logging_mixin.py:190} INFO - [2024-12-07T03:47:11.470-0300] {dag.py:4180} INFO - Setting next_dagrun for example_branch_datetime_operator_3 to 2024-12-06 00:00:00+00:00, run_after=2024-12-07 00:00:00+00:00
[2024-12-07T03:47:11.529-0300] {processor.py:208} INFO - Processing /home/crisu/miniconda3/envs/lab13.1/lib/python3.9/site-packages/airflow/example_dags/example_branch_datetime_operator.py took 0.130 seconds
[2024-12-07T03:51:00.809-0300] {processor.py:186} INFO - Started process (PID=46956) to work on /home/crisu/miniconda3/envs/lab13.1/lib/python3.9/site-packages/airflow/example_dags/example_branch_datetime_operator.py
[2024-12-07T03:51:00.810-0300] {processor.py:914} INFO - Processing file /home/crisu/miniconda3/envs/lab13.1/lib/python3.9/site-packages/airflow/example_dags/example_branch_datetime_operator.py for tasks to queue
[2024-12-07T03:51:00.813-0300] {logging_mixin.py:190} INFO - [2024-12-07T03:51:00.813-0300] {dagbag.py:588} INFO - Filling up the DagBag from /home/crisu/miniconda3/envs/lab13.1/lib/python3.9/site-packages/airflow/example_dags/example_branch_datetime_operator.py
[2024-12-07T03:51:00.833-0300] {processor.py:925} INFO - DAG(s) 'example_branch_datetime_operator_3', 'example_branch_datetime_operator_2', 'example_branch_datetime_operator' retrieved from /home/crisu/miniconda3/envs/lab13.1/lib/python3.9/site-packages/airflow/example_dags/example_branch_datetime_operator.py
[2024-12-07T03:51:00.867-0300] {logging_mixin.py:190} INFO - [2024-12-07T03:51:00.866-0300] {dag.py:3239} INFO - Sync 3 DAGs
[2024-12-07T03:51:00.901-0300] {logging_mixin.py:190} INFO - [2024-12-07T03:51:00.900-0300] {dag.py:4180} INFO - Setting next_dagrun for example_branch_datetime_operator to 2024-12-06 00:00:00+00:00, run_after=2024-12-07 00:00:00+00:00
[2024-12-07T03:51:00.908-0300] {logging_mixin.py:190} INFO - [2024-12-07T03:51:00.907-0300] {dag.py:4180} INFO - Setting next_dagrun for example_branch_datetime_operator_2 to 2024-12-06 00:00:00+00:00, run_after=2024-12-07 00:00:00+00:00
[2024-12-07T03:51:00.911-0300] {logging_mixin.py:190} INFO - [2024-12-07T03:51:00.911-0300] {dag.py:4180} INFO - Setting next_dagrun for example_branch_datetime_operator_3 to 2024-12-06 00:00:00+00:00, run_after=2024-12-07 00:00:00+00:00
[2024-12-07T03:51:00.971-0300] {processor.py:208} INFO - Processing /home/crisu/miniconda3/envs/lab13.1/lib/python3.9/site-packages/airflow/example_dags/example_branch_datetime_operator.py took 0.173 seconds
[2024-12-07T03:52:27.113-0300] {processor.py:186} INFO - Started process (PID=47069) to work on /home/crisu/miniconda3/envs/lab13.1/lib/python3.9/site-packages/airflow/example_dags/example_branch_datetime_operator.py
[2024-12-07T03:52:27.126-0300] {processor.py:914} INFO - Processing file /home/crisu/miniconda3/envs/lab13.1/lib/python3.9/site-packages/airflow/example_dags/example_branch_datetime_operator.py for tasks to queue
[2024-12-07T03:52:27.129-0300] {logging_mixin.py:190} INFO - [2024-12-07T03:52:27.128-0300] {dagbag.py:588} INFO - Filling up the DagBag from /home/crisu/miniconda3/envs/lab13.1/lib/python3.9/site-packages/airflow/example_dags/example_branch_datetime_operator.py
[2024-12-07T03:52:27.148-0300] {processor.py:925} INFO - DAG(s) 'example_branch_datetime_operator_3', 'example_branch_datetime_operator_2', 'example_branch_datetime_operator' retrieved from /home/crisu/miniconda3/envs/lab13.1/lib/python3.9/site-packages/airflow/example_dags/example_branch_datetime_operator.py
[2024-12-07T03:52:27.180-0300] {logging_mixin.py:190} INFO - [2024-12-07T03:52:27.180-0300] {dag.py:3239} INFO - Sync 3 DAGs
[2024-12-07T03:52:27.229-0300] {logging_mixin.py:190} INFO - [2024-12-07T03:52:27.229-0300] {dag.py:4180} INFO - Setting next_dagrun for example_branch_datetime_operator to 2024-12-06 00:00:00+00:00, run_after=2024-12-07 00:00:00+00:00
[2024-12-07T03:52:27.238-0300] {logging_mixin.py:190} INFO - [2024-12-07T03:52:27.237-0300] {dag.py:4180} INFO - Setting next_dagrun for example_branch_datetime_operator_2 to 2024-12-06 00:00:00+00:00, run_after=2024-12-07 00:00:00+00:00
[2024-12-07T03:52:27.242-0300] {logging_mixin.py:190} INFO - [2024-12-07T03:52:27.241-0300] {dag.py:4180} INFO - Setting next_dagrun for example_branch_datetime_operator_3 to 2024-12-06 00:00:00+00:00, run_after=2024-12-07 00:00:00+00:00
[2024-12-07T03:52:27.308-0300] {processor.py:208} INFO - Processing /home/crisu/miniconda3/envs/lab13.1/lib/python3.9/site-packages/airflow/example_dags/example_branch_datetime_operator.py took 0.204 seconds
[2024-12-07T03:54:38.393-0300] {processor.py:186} INFO - Started process (PID=47331) to work on /home/crisu/miniconda3/envs/lab13.1/lib/python3.9/site-packages/airflow/example_dags/example_branch_datetime_operator.py
[2024-12-07T03:54:38.394-0300] {processor.py:914} INFO - Processing file /home/crisu/miniconda3/envs/lab13.1/lib/python3.9/site-packages/airflow/example_dags/example_branch_datetime_operator.py for tasks to queue
[2024-12-07T03:54:38.396-0300] {logging_mixin.py:190} INFO - [2024-12-07T03:54:38.395-0300] {dagbag.py:588} INFO - Filling up the DagBag from /home/crisu/miniconda3/envs/lab13.1/lib/python3.9/site-packages/airflow/example_dags/example_branch_datetime_operator.py
[2024-12-07T03:54:38.406-0300] {processor.py:925} INFO - DAG(s) 'example_branch_datetime_operator_3', 'example_branch_datetime_operator_2', 'example_branch_datetime_operator' retrieved from /home/crisu/miniconda3/envs/lab13.1/lib/python3.9/site-packages/airflow/example_dags/example_branch_datetime_operator.py
[2024-12-07T03:54:38.428-0300] {logging_mixin.py:190} INFO - [2024-12-07T03:54:38.428-0300] {dag.py:3239} INFO - Sync 3 DAGs
[2024-12-07T03:54:38.449-0300] {logging_mixin.py:190} INFO - [2024-12-07T03:54:38.449-0300] {dag.py:4180} INFO - Setting next_dagrun for example_branch_datetime_operator to 2024-12-06 00:00:00+00:00, run_after=2024-12-07 00:00:00+00:00
[2024-12-07T03:54:38.453-0300] {logging_mixin.py:190} INFO - [2024-12-07T03:54:38.453-0300] {dag.py:4180} INFO - Setting next_dagrun for example_branch_datetime_operator_2 to 2024-12-06 00:00:00+00:00, run_after=2024-12-07 00:00:00+00:00
[2024-12-07T03:54:38.456-0300] {logging_mixin.py:190} INFO - [2024-12-07T03:54:38.455-0300] {dag.py:4180} INFO - Setting next_dagrun for example_branch_datetime_operator_3 to 2024-12-06 00:00:00+00:00, run_after=2024-12-07 00:00:00+00:00
[2024-12-07T03:54:38.516-0300] {processor.py:208} INFO - Processing /home/crisu/miniconda3/envs/lab13.1/lib/python3.9/site-packages/airflow/example_dags/example_branch_datetime_operator.py took 0.128 seconds
[2024-12-07T03:56:35.995-0300] {processor.py:186} INFO - Started process (PID=47578) to work on /home/crisu/miniconda3/envs/lab13.1/lib/python3.9/site-packages/airflow/example_dags/example_branch_datetime_operator.py
[2024-12-07T03:56:36.000-0300] {processor.py:914} INFO - Processing file /home/crisu/miniconda3/envs/lab13.1/lib/python3.9/site-packages/airflow/example_dags/example_branch_datetime_operator.py for tasks to queue
[2024-12-07T03:56:36.002-0300] {logging_mixin.py:190} INFO - [2024-12-07T03:56:36.002-0300] {dagbag.py:588} INFO - Filling up the DagBag from /home/crisu/miniconda3/envs/lab13.1/lib/python3.9/site-packages/airflow/example_dags/example_branch_datetime_operator.py
[2024-12-07T03:56:36.015-0300] {processor.py:925} INFO - DAG(s) 'example_branch_datetime_operator_3', 'example_branch_datetime_operator', 'example_branch_datetime_operator_2' retrieved from /home/crisu/miniconda3/envs/lab13.1/lib/python3.9/site-packages/airflow/example_dags/example_branch_datetime_operator.py
[2024-12-07T03:56:36.035-0300] {logging_mixin.py:190} INFO - [2024-12-07T03:56:36.035-0300] {dag.py:3239} INFO - Sync 3 DAGs
[2024-12-07T03:56:36.055-0300] {logging_mixin.py:190} INFO - [2024-12-07T03:56:36.055-0300] {dag.py:4180} INFO - Setting next_dagrun for example_branch_datetime_operator to 2024-12-06 00:00:00+00:00, run_after=2024-12-07 00:00:00+00:00
[2024-12-07T03:56:36.060-0300] {logging_mixin.py:190} INFO - [2024-12-07T03:56:36.059-0300] {dag.py:4180} INFO - Setting next_dagrun for example_branch_datetime_operator_2 to 2024-12-06 00:00:00+00:00, run_after=2024-12-07 00:00:00+00:00
[2024-12-07T03:56:36.063-0300] {logging_mixin.py:190} INFO - [2024-12-07T03:56:36.062-0300] {dag.py:4180} INFO - Setting next_dagrun for example_branch_datetime_operator_3 to 2024-12-06 00:00:00+00:00, run_after=2024-12-07 00:00:00+00:00
[2024-12-07T03:56:36.132-0300] {processor.py:208} INFO - Processing /home/crisu/miniconda3/envs/lab13.1/lib/python3.9/site-packages/airflow/example_dags/example_branch_datetime_operator.py took 0.143 seconds
[2024-12-07T03:57:55.113-0300] {processor.py:186} INFO - Started process (PID=47711) to work on /home/crisu/miniconda3/envs/lab13.1/lib/python3.9/site-packages/airflow/example_dags/example_branch_datetime_operator.py
[2024-12-07T03:57:55.117-0300] {processor.py:914} INFO - Processing file /home/crisu/miniconda3/envs/lab13.1/lib/python3.9/site-packages/airflow/example_dags/example_branch_datetime_operator.py for tasks to queue
[2024-12-07T03:57:55.118-0300] {logging_mixin.py:190} INFO - [2024-12-07T03:57:55.118-0300] {dagbag.py:588} INFO - Filling up the DagBag from /home/crisu/miniconda3/envs/lab13.1/lib/python3.9/site-packages/airflow/example_dags/example_branch_datetime_operator.py
[2024-12-07T03:57:55.129-0300] {processor.py:925} INFO - DAG(s) 'example_branch_datetime_operator_3', 'example_branch_datetime_operator', 'example_branch_datetime_operator_2' retrieved from /home/crisu/miniconda3/envs/lab13.1/lib/python3.9/site-packages/airflow/example_dags/example_branch_datetime_operator.py
[2024-12-07T03:57:55.147-0300] {logging_mixin.py:190} INFO - [2024-12-07T03:57:55.147-0300] {dag.py:3239} INFO - Sync 3 DAGs
[2024-12-07T03:57:55.165-0300] {logging_mixin.py:190} INFO - [2024-12-07T03:57:55.165-0300] {dag.py:4180} INFO - Setting next_dagrun for example_branch_datetime_operator to 2024-12-06 00:00:00+00:00, run_after=2024-12-07 00:00:00+00:00
[2024-12-07T03:57:55.170-0300] {logging_mixin.py:190} INFO - [2024-12-07T03:57:55.170-0300] {dag.py:4180} INFO - Setting next_dagrun for example_branch_datetime_operator_2 to 2024-12-06 00:00:00+00:00, run_after=2024-12-07 00:00:00+00:00
[2024-12-07T03:57:55.173-0300] {logging_mixin.py:190} INFO - [2024-12-07T03:57:55.173-0300] {dag.py:4180} INFO - Setting next_dagrun for example_branch_datetime_operator_3 to 2024-12-06 00:00:00+00:00, run_after=2024-12-07 00:00:00+00:00
[2024-12-07T03:57:55.232-0300] {processor.py:208} INFO - Processing /home/crisu/miniconda3/envs/lab13.1/lib/python3.9/site-packages/airflow/example_dags/example_branch_datetime_operator.py took 0.124 seconds
[2024-12-07T03:59:50.595-0300] {processor.py:186} INFO - Started process (PID=47979) to work on /home/crisu/miniconda3/envs/lab13.1/lib/python3.9/site-packages/airflow/example_dags/example_branch_datetime_operator.py
[2024-12-07T03:59:50.597-0300] {processor.py:914} INFO - Processing file /home/crisu/miniconda3/envs/lab13.1/lib/python3.9/site-packages/airflow/example_dags/example_branch_datetime_operator.py for tasks to queue
[2024-12-07T03:59:50.599-0300] {logging_mixin.py:190} INFO - [2024-12-07T03:59:50.598-0300] {dagbag.py:588} INFO - Filling up the DagBag from /home/crisu/miniconda3/envs/lab13.1/lib/python3.9/site-packages/airflow/example_dags/example_branch_datetime_operator.py
[2024-12-07T03:59:50.612-0300] {processor.py:925} INFO - DAG(s) 'example_branch_datetime_operator_2', 'example_branch_datetime_operator_3', 'example_branch_datetime_operator' retrieved from /home/crisu/miniconda3/envs/lab13.1/lib/python3.9/site-packages/airflow/example_dags/example_branch_datetime_operator.py
[2024-12-07T03:59:50.633-0300] {logging_mixin.py:190} INFO - [2024-12-07T03:59:50.633-0300] {dag.py:3239} INFO - Sync 3 DAGs
[2024-12-07T03:59:50.653-0300] {logging_mixin.py:190} INFO - [2024-12-07T03:59:50.652-0300] {dag.py:4180} INFO - Setting next_dagrun for example_branch_datetime_operator to 2024-12-06 00:00:00+00:00, run_after=2024-12-07 00:00:00+00:00
[2024-12-07T03:59:50.657-0300] {logging_mixin.py:190} INFO - [2024-12-07T03:59:50.657-0300] {dag.py:4180} INFO - Setting next_dagrun for example_branch_datetime_operator_2 to 2024-12-06 00:00:00+00:00, run_after=2024-12-07 00:00:00+00:00
[2024-12-07T03:59:50.661-0300] {logging_mixin.py:190} INFO - [2024-12-07T03:59:50.660-0300] {dag.py:4180} INFO - Setting next_dagrun for example_branch_datetime_operator_3 to 2024-12-06 00:00:00+00:00, run_after=2024-12-07 00:00:00+00:00
[2024-12-07T03:59:50.720-0300] {processor.py:208} INFO - Processing /home/crisu/miniconda3/envs/lab13.1/lib/python3.9/site-packages/airflow/example_dags/example_branch_datetime_operator.py took 0.131 seconds
[2024-12-07T04:01:06.650-0300] {processor.py:186} INFO - Started process (PID=48133) to work on /home/crisu/miniconda3/envs/lab13.1/lib/python3.9/site-packages/airflow/example_dags/example_branch_datetime_operator.py
[2024-12-07T04:01:06.651-0300] {processor.py:914} INFO - Processing file /home/crisu/miniconda3/envs/lab13.1/lib/python3.9/site-packages/airflow/example_dags/example_branch_datetime_operator.py for tasks to queue
[2024-12-07T04:01:06.653-0300] {logging_mixin.py:190} INFO - [2024-12-07T04:01:06.653-0300] {dagbag.py:588} INFO - Filling up the DagBag from /home/crisu/miniconda3/envs/lab13.1/lib/python3.9/site-packages/airflow/example_dags/example_branch_datetime_operator.py
[2024-12-07T04:01:06.666-0300] {processor.py:925} INFO - DAG(s) 'example_branch_datetime_operator', 'example_branch_datetime_operator_3', 'example_branch_datetime_operator_2' retrieved from /home/crisu/miniconda3/envs/lab13.1/lib/python3.9/site-packages/airflow/example_dags/example_branch_datetime_operator.py
[2024-12-07T04:01:06.684-0300] {logging_mixin.py:190} INFO - [2024-12-07T04:01:06.684-0300] {dag.py:3239} INFO - Sync 3 DAGs
[2024-12-07T04:01:06.703-0300] {logging_mixin.py:190} INFO - [2024-12-07T04:01:06.703-0300] {dag.py:4180} INFO - Setting next_dagrun for example_branch_datetime_operator to 2024-12-06 00:00:00+00:00, run_after=2024-12-07 00:00:00+00:00
[2024-12-07T04:01:06.708-0300] {logging_mixin.py:190} INFO - [2024-12-07T04:01:06.707-0300] {dag.py:4180} INFO - Setting next_dagrun for example_branch_datetime_operator_2 to 2024-12-06 00:00:00+00:00, run_after=2024-12-07 00:00:00+00:00
[2024-12-07T04:01:06.710-0300] {logging_mixin.py:190} INFO - [2024-12-07T04:01:06.710-0300] {dag.py:4180} INFO - Setting next_dagrun for example_branch_datetime_operator_3 to 2024-12-06 00:00:00+00:00, run_after=2024-12-07 00:00:00+00:00
[2024-12-07T04:01:06.792-0300] {processor.py:208} INFO - Processing /home/crisu/miniconda3/envs/lab13.1/lib/python3.9/site-packages/airflow/example_dags/example_branch_datetime_operator.py took 0.147 seconds
[2024-12-07T04:08:09.451-0300] {processor.py:186} INFO - Started process (PID=49261) to work on /home/crisu/miniconda3/envs/lab13.1/lib/python3.9/site-packages/airflow/example_dags/example_branch_datetime_operator.py
[2024-12-07T04:08:09.469-0300] {processor.py:914} INFO - Processing file /home/crisu/miniconda3/envs/lab13.1/lib/python3.9/site-packages/airflow/example_dags/example_branch_datetime_operator.py for tasks to queue
[2024-12-07T04:08:09.471-0300] {logging_mixin.py:190} INFO - [2024-12-07T04:08:09.470-0300] {dagbag.py:588} INFO - Filling up the DagBag from /home/crisu/miniconda3/envs/lab13.1/lib/python3.9/site-packages/airflow/example_dags/example_branch_datetime_operator.py
[2024-12-07T04:08:09.479-0300] {processor.py:925} INFO - DAG(s) 'example_branch_datetime_operator', 'example_branch_datetime_operator_2', 'example_branch_datetime_operator_3' retrieved from /home/crisu/miniconda3/envs/lab13.1/lib/python3.9/site-packages/airflow/example_dags/example_branch_datetime_operator.py
[2024-12-07T04:08:09.499-0300] {logging_mixin.py:190} INFO - [2024-12-07T04:08:09.499-0300] {dag.py:3239} INFO - Sync 3 DAGs
[2024-12-07T04:08:09.517-0300] {logging_mixin.py:190} INFO - [2024-12-07T04:08:09.517-0300] {dag.py:4180} INFO - Setting next_dagrun for example_branch_datetime_operator to 2024-12-06 00:00:00+00:00, run_after=2024-12-07 00:00:00+00:00
[2024-12-07T04:08:09.521-0300] {logging_mixin.py:190} INFO - [2024-12-07T04:08:09.521-0300] {dag.py:4180} INFO - Setting next_dagrun for example_branch_datetime_operator_2 to 2024-12-06 00:00:00+00:00, run_after=2024-12-07 00:00:00+00:00
[2024-12-07T04:08:09.524-0300] {logging_mixin.py:190} INFO - [2024-12-07T04:08:09.523-0300] {dag.py:4180} INFO - Setting next_dagrun for example_branch_datetime_operator_3 to 2024-12-06 00:00:00+00:00, run_after=2024-12-07 00:00:00+00:00
[2024-12-07T04:08:09.588-0300] {processor.py:208} INFO - Processing /home/crisu/miniconda3/envs/lab13.1/lib/python3.9/site-packages/airflow/example_dags/example_branch_datetime_operator.py took 0.143 seconds
[2024-12-07T04:10:11.638-0300] {processor.py:186} INFO - Started process (PID=49485) to work on /home/crisu/miniconda3/envs/lab13.1/lib/python3.9/site-packages/airflow/example_dags/example_branch_datetime_operator.py
[2024-12-07T04:10:11.662-0300] {processor.py:914} INFO - Processing file /home/crisu/miniconda3/envs/lab13.1/lib/python3.9/site-packages/airflow/example_dags/example_branch_datetime_operator.py for tasks to queue
[2024-12-07T04:10:11.664-0300] {logging_mixin.py:190} INFO - [2024-12-07T04:10:11.663-0300] {dagbag.py:588} INFO - Filling up the DagBag from /home/crisu/miniconda3/envs/lab13.1/lib/python3.9/site-packages/airflow/example_dags/example_branch_datetime_operator.py
[2024-12-07T04:10:11.678-0300] {processor.py:925} INFO - DAG(s) 'example_branch_datetime_operator_3', 'example_branch_datetime_operator_2', 'example_branch_datetime_operator' retrieved from /home/crisu/miniconda3/envs/lab13.1/lib/python3.9/site-packages/airflow/example_dags/example_branch_datetime_operator.py
[2024-12-07T04:10:11.707-0300] {logging_mixin.py:190} INFO - [2024-12-07T04:10:11.707-0300] {dag.py:3239} INFO - Sync 3 DAGs
[2024-12-07T04:10:11.737-0300] {logging_mixin.py:190} INFO - [2024-12-07T04:10:11.737-0300] {dag.py:4180} INFO - Setting next_dagrun for example_branch_datetime_operator to 2024-12-06 00:00:00+00:00, run_after=2024-12-07 00:00:00+00:00
[2024-12-07T04:10:11.745-0300] {logging_mixin.py:190} INFO - [2024-12-07T04:10:11.744-0300] {dag.py:4180} INFO - Setting next_dagrun for example_branch_datetime_operator_2 to 2024-12-06 00:00:00+00:00, run_after=2024-12-07 00:00:00+00:00
[2024-12-07T04:10:11.752-0300] {logging_mixin.py:190} INFO - [2024-12-07T04:10:11.751-0300] {dag.py:4180} INFO - Setting next_dagrun for example_branch_datetime_operator_3 to 2024-12-06 00:00:00+00:00, run_after=2024-12-07 00:00:00+00:00
[2024-12-07T04:10:11.921-0300] {processor.py:208} INFO - Processing /home/crisu/miniconda3/envs/lab13.1/lib/python3.9/site-packages/airflow/example_dags/example_branch_datetime_operator.py took 0.288 seconds
[2024-12-07T04:12:11.756-0300] {processor.py:186} INFO - Started process (PID=49654) to work on /home/crisu/miniconda3/envs/lab13.1/lib/python3.9/site-packages/airflow/example_dags/example_branch_datetime_operator.py
[2024-12-07T04:12:11.757-0300] {processor.py:914} INFO - Processing file /home/crisu/miniconda3/envs/lab13.1/lib/python3.9/site-packages/airflow/example_dags/example_branch_datetime_operator.py for tasks to queue
[2024-12-07T04:12:11.759-0300] {logging_mixin.py:190} INFO - [2024-12-07T04:12:11.758-0300] {dagbag.py:588} INFO - Filling up the DagBag from /home/crisu/miniconda3/envs/lab13.1/lib/python3.9/site-packages/airflow/example_dags/example_branch_datetime_operator.py
[2024-12-07T04:12:11.771-0300] {processor.py:925} INFO - DAG(s) 'example_branch_datetime_operator', 'example_branch_datetime_operator_3', 'example_branch_datetime_operator_2' retrieved from /home/crisu/miniconda3/envs/lab13.1/lib/python3.9/site-packages/airflow/example_dags/example_branch_datetime_operator.py
[2024-12-07T04:12:11.796-0300] {logging_mixin.py:190} INFO - [2024-12-07T04:12:11.796-0300] {dag.py:3239} INFO - Sync 3 DAGs
[2024-12-07T04:12:11.816-0300] {logging_mixin.py:190} INFO - [2024-12-07T04:12:11.816-0300] {dag.py:4180} INFO - Setting next_dagrun for example_branch_datetime_operator to 2024-12-06 00:00:00+00:00, run_after=2024-12-07 00:00:00+00:00
[2024-12-07T04:12:11.820-0300] {logging_mixin.py:190} INFO - [2024-12-07T04:12:11.820-0300] {dag.py:4180} INFO - Setting next_dagrun for example_branch_datetime_operator_2 to 2024-12-06 00:00:00+00:00, run_after=2024-12-07 00:00:00+00:00
[2024-12-07T04:12:11.822-0300] {logging_mixin.py:190} INFO - [2024-12-07T04:12:11.822-0300] {dag.py:4180} INFO - Setting next_dagrun for example_branch_datetime_operator_3 to 2024-12-06 00:00:00+00:00, run_after=2024-12-07 00:00:00+00:00
[2024-12-07T04:12:11.885-0300] {processor.py:208} INFO - Processing /home/crisu/miniconda3/envs/lab13.1/lib/python3.9/site-packages/airflow/example_dags/example_branch_datetime_operator.py took 0.135 seconds
[2024-12-07T04:13:28.454-0300] {processor.py:186} INFO - Started process (PID=49792) to work on /home/crisu/miniconda3/envs/lab13.1/lib/python3.9/site-packages/airflow/example_dags/example_branch_datetime_operator.py
[2024-12-07T04:13:28.465-0300] {processor.py:914} INFO - Processing file /home/crisu/miniconda3/envs/lab13.1/lib/python3.9/site-packages/airflow/example_dags/example_branch_datetime_operator.py for tasks to queue
[2024-12-07T04:13:28.466-0300] {logging_mixin.py:190} INFO - [2024-12-07T04:13:28.465-0300] {dagbag.py:588} INFO - Filling up the DagBag from /home/crisu/miniconda3/envs/lab13.1/lib/python3.9/site-packages/airflow/example_dags/example_branch_datetime_operator.py
[2024-12-07T04:13:28.475-0300] {processor.py:925} INFO - DAG(s) 'example_branch_datetime_operator', 'example_branch_datetime_operator_2', 'example_branch_datetime_operator_3' retrieved from /home/crisu/miniconda3/envs/lab13.1/lib/python3.9/site-packages/airflow/example_dags/example_branch_datetime_operator.py
[2024-12-07T04:13:28.494-0300] {logging_mixin.py:190} INFO - [2024-12-07T04:13:28.493-0300] {dag.py:3239} INFO - Sync 3 DAGs
[2024-12-07T04:13:28.511-0300] {logging_mixin.py:190} INFO - [2024-12-07T04:13:28.510-0300] {dag.py:4180} INFO - Setting next_dagrun for example_branch_datetime_operator to 2024-12-06 00:00:00+00:00, run_after=2024-12-07 00:00:00+00:00
[2024-12-07T04:13:28.514-0300] {logging_mixin.py:190} INFO - [2024-12-07T04:13:28.514-0300] {dag.py:4180} INFO - Setting next_dagrun for example_branch_datetime_operator_2 to 2024-12-06 00:00:00+00:00, run_after=2024-12-07 00:00:00+00:00
[2024-12-07T04:13:28.517-0300] {logging_mixin.py:190} INFO - [2024-12-07T04:13:28.516-0300] {dag.py:4180} INFO - Setting next_dagrun for example_branch_datetime_operator_3 to 2024-12-06 00:00:00+00:00, run_after=2024-12-07 00:00:00+00:00
[2024-12-07T04:13:28.581-0300] {processor.py:208} INFO - Processing /home/crisu/miniconda3/envs/lab13.1/lib/python3.9/site-packages/airflow/example_dags/example_branch_datetime_operator.py took 0.134 seconds
[2024-12-07T04:14:47.393-0300] {processor.py:186} INFO - Started process (PID=49956) to work on /home/crisu/miniconda3/envs/lab13.1/lib/python3.9/site-packages/airflow/example_dags/example_branch_datetime_operator.py
[2024-12-07T04:14:47.400-0300] {processor.py:914} INFO - Processing file /home/crisu/miniconda3/envs/lab13.1/lib/python3.9/site-packages/airflow/example_dags/example_branch_datetime_operator.py for tasks to queue
[2024-12-07T04:14:47.401-0300] {logging_mixin.py:190} INFO - [2024-12-07T04:14:47.401-0300] {dagbag.py:588} INFO - Filling up the DagBag from /home/crisu/miniconda3/envs/lab13.1/lib/python3.9/site-packages/airflow/example_dags/example_branch_datetime_operator.py
[2024-12-07T04:14:47.411-0300] {processor.py:925} INFO - DAG(s) 'example_branch_datetime_operator_3', 'example_branch_datetime_operator', 'example_branch_datetime_operator_2' retrieved from /home/crisu/miniconda3/envs/lab13.1/lib/python3.9/site-packages/airflow/example_dags/example_branch_datetime_operator.py
[2024-12-07T04:14:47.430-0300] {logging_mixin.py:190} INFO - [2024-12-07T04:14:47.429-0300] {dag.py:3239} INFO - Sync 3 DAGs
[2024-12-07T04:14:47.446-0300] {logging_mixin.py:190} INFO - [2024-12-07T04:14:47.446-0300] {dag.py:4180} INFO - Setting next_dagrun for example_branch_datetime_operator to 2024-12-06 00:00:00+00:00, run_after=2024-12-07 00:00:00+00:00
[2024-12-07T04:14:47.450-0300] {logging_mixin.py:190} INFO - [2024-12-07T04:14:47.450-0300] {dag.py:4180} INFO - Setting next_dagrun for example_branch_datetime_operator_2 to 2024-12-06 00:00:00+00:00, run_after=2024-12-07 00:00:00+00:00
[2024-12-07T04:14:47.452-0300] {logging_mixin.py:190} INFO - [2024-12-07T04:14:47.452-0300] {dag.py:4180} INFO - Setting next_dagrun for example_branch_datetime_operator_3 to 2024-12-06 00:00:00+00:00, run_after=2024-12-07 00:00:00+00:00
[2024-12-07T04:14:47.515-0300] {processor.py:208} INFO - Processing /home/crisu/miniconda3/envs/lab13.1/lib/python3.9/site-packages/airflow/example_dags/example_branch_datetime_operator.py took 0.127 seconds
[2024-12-07T04:16:05.190-0300] {processor.py:186} INFO - Started process (PID=50063) to work on /home/crisu/miniconda3/envs/lab13.1/lib/python3.9/site-packages/airflow/example_dags/example_branch_datetime_operator.py
[2024-12-07T04:16:05.204-0300] {processor.py:914} INFO - Processing file /home/crisu/miniconda3/envs/lab13.1/lib/python3.9/site-packages/airflow/example_dags/example_branch_datetime_operator.py for tasks to queue
[2024-12-07T04:16:05.205-0300] {logging_mixin.py:190} INFO - [2024-12-07T04:16:05.205-0300] {dagbag.py:588} INFO - Filling up the DagBag from /home/crisu/miniconda3/envs/lab13.1/lib/python3.9/site-packages/airflow/example_dags/example_branch_datetime_operator.py
[2024-12-07T04:16:05.214-0300] {processor.py:925} INFO - DAG(s) 'example_branch_datetime_operator_3', 'example_branch_datetime_operator', 'example_branch_datetime_operator_2' retrieved from /home/crisu/miniconda3/envs/lab13.1/lib/python3.9/site-packages/airflow/example_dags/example_branch_datetime_operator.py
[2024-12-07T04:16:05.232-0300] {logging_mixin.py:190} INFO - [2024-12-07T04:16:05.232-0300] {dag.py:3239} INFO - Sync 3 DAGs
[2024-12-07T04:16:05.249-0300] {logging_mixin.py:190} INFO - [2024-12-07T04:16:05.249-0300] {dag.py:4180} INFO - Setting next_dagrun for example_branch_datetime_operator to 2024-12-06 00:00:00+00:00, run_after=2024-12-07 00:00:00+00:00
[2024-12-07T04:16:05.253-0300] {logging_mixin.py:190} INFO - [2024-12-07T04:16:05.252-0300] {dag.py:4180} INFO - Setting next_dagrun for example_branch_datetime_operator_2 to 2024-12-06 00:00:00+00:00, run_after=2024-12-07 00:00:00+00:00
[2024-12-07T04:16:05.255-0300] {logging_mixin.py:190} INFO - [2024-12-07T04:16:05.255-0300] {dag.py:4180} INFO - Setting next_dagrun for example_branch_datetime_operator_3 to 2024-12-06 00:00:00+00:00, run_after=2024-12-07 00:00:00+00:00
[2024-12-07T04:16:05.314-0300] {processor.py:208} INFO - Processing /home/crisu/miniconda3/envs/lab13.1/lib/python3.9/site-packages/airflow/example_dags/example_branch_datetime_operator.py took 0.129 seconds
