[2024-12-07T01:52:41.792-0300] {processor.py:186} INFO - Started process (PID=34015) to work on /home/crisu/miniconda3/envs/lab13.1/lib/python3.9/site-packages/airflow/example_dags/example_setup_teardown_taskflow.py
[2024-12-07T01:52:41.793-0300] {processor.py:914} INFO - Processing file /home/crisu/miniconda3/envs/lab13.1/lib/python3.9/site-packages/airflow/example_dags/example_setup_teardown_taskflow.py for tasks to queue
[2024-12-07T01:52:41.794-0300] {logging_mixin.py:190} INFO - [2024-12-07T01:52:41.794-0300] {dagbag.py:588} INFO - Filling up the DagBag from /home/crisu/miniconda3/envs/lab13.1/lib/python3.9/site-packages/airflow/example_dags/example_setup_teardown_taskflow.py
[2024-12-07T01:52:41.803-0300] {processor.py:925} INFO - DAG(s) 'example_setup_teardown_taskflow' retrieved from /home/crisu/miniconda3/envs/lab13.1/lib/python3.9/site-packages/airflow/example_dags/example_setup_teardown_taskflow.py
[2024-12-07T01:52:41.995-0300] {logging_mixin.py:190} INFO - [2024-12-07T01:52:41.995-0300] {override.py:1911} INFO - Created Permission View: can delete on DAG:example_setup_teardown_taskflow
[2024-12-07T01:52:42.052-0300] {logging_mixin.py:190} INFO - [2024-12-07T01:52:42.051-0300] {override.py:1911} INFO - Created Permission View: can edit on DAG:example_setup_teardown_taskflow
[2024-12-07T01:52:42.097-0300] {logging_mixin.py:190} INFO - [2024-12-07T01:52:42.096-0300] {override.py:1911} INFO - Created Permission View: can read on DAG:example_setup_teardown_taskflow
[2024-12-07T01:52:42.187-0300] {logging_mixin.py:190} INFO - [2024-12-07T01:52:42.187-0300] {override.py:1911} INFO - Created Permission View: menu access on DAG Run:example_setup_teardown_taskflow
[2024-12-07T01:52:42.233-0300] {logging_mixin.py:190} INFO - [2024-12-07T01:52:42.232-0300] {override.py:1911} INFO - Created Permission View: can delete on DAG Run:example_setup_teardown_taskflow
[2024-12-07T01:52:42.278-0300] {logging_mixin.py:190} INFO - [2024-12-07T01:52:42.277-0300] {override.py:1911} INFO - Created Permission View: can read on DAG Run:example_setup_teardown_taskflow
[2024-12-07T01:52:42.325-0300] {logging_mixin.py:190} INFO - [2024-12-07T01:52:42.324-0300] {override.py:1911} INFO - Created Permission View: can create on DAG Run:example_setup_teardown_taskflow
[2024-12-07T01:52:42.325-0300] {logging_mixin.py:190} INFO - [2024-12-07T01:52:42.325-0300] {dag.py:3239} INFO - Sync 1 DAGs
[2024-12-07T01:52:42.340-0300] {logging_mixin.py:190} INFO - [2024-12-07T01:52:42.339-0300] {dag.py:3262} INFO - Creating ORM DAG for example_setup_teardown_taskflow
[2024-12-07T01:52:42.340-0300] {logging_mixin.py:190} INFO - [2024-12-07T01:52:42.340-0300] {dag.py:4180} INFO - Setting next_dagrun for example_setup_teardown_taskflow to None, run_after=None
[2024-12-07T01:52:42.414-0300] {processor.py:208} INFO - Processing /home/crisu/miniconda3/envs/lab13.1/lib/python3.9/site-packages/airflow/example_dags/example_setup_teardown_taskflow.py took 0.626 seconds
[2024-12-07T02:07:45.403-0300] {processor.py:186} INFO - Started process (PID=35347) to work on /home/crisu/miniconda3/envs/lab13.1/lib/python3.9/site-packages/airflow/example_dags/example_setup_teardown_taskflow.py
[2024-12-07T02:07:45.419-0300] {processor.py:914} INFO - Processing file /home/crisu/miniconda3/envs/lab13.1/lib/python3.9/site-packages/airflow/example_dags/example_setup_teardown_taskflow.py for tasks to queue
[2024-12-07T02:07:45.421-0300] {logging_mixin.py:190} INFO - [2024-12-07T02:07:45.421-0300] {dagbag.py:588} INFO - Filling up the DagBag from /home/crisu/miniconda3/envs/lab13.1/lib/python3.9/site-packages/airflow/example_dags/example_setup_teardown_taskflow.py
[2024-12-07T02:07:45.431-0300] {processor.py:925} INFO - DAG(s) 'example_setup_teardown_taskflow' retrieved from /home/crisu/miniconda3/envs/lab13.1/lib/python3.9/site-packages/airflow/example_dags/example_setup_teardown_taskflow.py
[2024-12-07T02:07:45.447-0300] {logging_mixin.py:190} INFO - [2024-12-07T02:07:45.447-0300] {dag.py:3239} INFO - Sync 1 DAGs
[2024-12-07T02:07:45.458-0300] {logging_mixin.py:190} INFO - [2024-12-07T02:07:45.458-0300] {dag.py:4180} INFO - Setting next_dagrun for example_setup_teardown_taskflow to None, run_after=None
[2024-12-07T02:07:45.528-0300] {processor.py:208} INFO - Processing /home/crisu/miniconda3/envs/lab13.1/lib/python3.9/site-packages/airflow/example_dags/example_setup_teardown_taskflow.py took 0.130 seconds
[2024-12-07T02:11:10.709-0300] {processor.py:186} INFO - Started process (PID=35896) to work on /home/crisu/miniconda3/envs/lab13.1/lib/python3.9/site-packages/airflow/example_dags/example_setup_teardown_taskflow.py
[2024-12-07T02:11:10.711-0300] {processor.py:914} INFO - Processing file /home/crisu/miniconda3/envs/lab13.1/lib/python3.9/site-packages/airflow/example_dags/example_setup_teardown_taskflow.py for tasks to queue
[2024-12-07T02:11:10.713-0300] {logging_mixin.py:190} INFO - [2024-12-07T02:11:10.712-0300] {dagbag.py:588} INFO - Filling up the DagBag from /home/crisu/miniconda3/envs/lab13.1/lib/python3.9/site-packages/airflow/example_dags/example_setup_teardown_taskflow.py
[2024-12-07T02:11:10.723-0300] {processor.py:925} INFO - DAG(s) 'example_setup_teardown_taskflow' retrieved from /home/crisu/miniconda3/envs/lab13.1/lib/python3.9/site-packages/airflow/example_dags/example_setup_teardown_taskflow.py
[2024-12-07T02:11:10.739-0300] {logging_mixin.py:190} INFO - [2024-12-07T02:11:10.739-0300] {dag.py:3239} INFO - Sync 1 DAGs
[2024-12-07T02:11:10.750-0300] {logging_mixin.py:190} INFO - [2024-12-07T02:11:10.750-0300] {dag.py:4180} INFO - Setting next_dagrun for example_setup_teardown_taskflow to None, run_after=None
[2024-12-07T02:11:10.805-0300] {processor.py:208} INFO - Processing /home/crisu/miniconda3/envs/lab13.1/lib/python3.9/site-packages/airflow/example_dags/example_setup_teardown_taskflow.py took 0.103 seconds
[2024-12-07T02:12:43.423-0300] {processor.py:186} INFO - Started process (PID=36011) to work on /home/crisu/miniconda3/envs/lab13.1/lib/python3.9/site-packages/airflow/example_dags/example_setup_teardown_taskflow.py
[2024-12-07T02:12:43.432-0300] {processor.py:914} INFO - Processing file /home/crisu/miniconda3/envs/lab13.1/lib/python3.9/site-packages/airflow/example_dags/example_setup_teardown_taskflow.py for tasks to queue
[2024-12-07T02:12:43.434-0300] {logging_mixin.py:190} INFO - [2024-12-07T02:12:43.434-0300] {dagbag.py:588} INFO - Filling up the DagBag from /home/crisu/miniconda3/envs/lab13.1/lib/python3.9/site-packages/airflow/example_dags/example_setup_teardown_taskflow.py
[2024-12-07T02:12:43.443-0300] {processor.py:925} INFO - DAG(s) 'example_setup_teardown_taskflow' retrieved from /home/crisu/miniconda3/envs/lab13.1/lib/python3.9/site-packages/airflow/example_dags/example_setup_teardown_taskflow.py
[2024-12-07T02:12:43.459-0300] {logging_mixin.py:190} INFO - [2024-12-07T02:12:43.458-0300] {dag.py:3239} INFO - Sync 1 DAGs
[2024-12-07T02:12:43.470-0300] {logging_mixin.py:190} INFO - [2024-12-07T02:12:43.469-0300] {dag.py:4180} INFO - Setting next_dagrun for example_setup_teardown_taskflow to None, run_after=None
[2024-12-07T02:12:43.535-0300] {processor.py:208} INFO - Processing /home/crisu/miniconda3/envs/lab13.1/lib/python3.9/site-packages/airflow/example_dags/example_setup_teardown_taskflow.py took 0.119 seconds
[2024-12-07T02:15:29.611-0300] {processor.py:186} INFO - Started process (PID=36368) to work on /home/crisu/miniconda3/envs/lab13.1/lib/python3.9/site-packages/airflow/example_dags/example_setup_teardown_taskflow.py
[2024-12-07T02:15:29.612-0300] {processor.py:914} INFO - Processing file /home/crisu/miniconda3/envs/lab13.1/lib/python3.9/site-packages/airflow/example_dags/example_setup_teardown_taskflow.py for tasks to queue
[2024-12-07T02:15:29.613-0300] {logging_mixin.py:190} INFO - [2024-12-07T02:15:29.613-0300] {dagbag.py:588} INFO - Filling up the DagBag from /home/crisu/miniconda3/envs/lab13.1/lib/python3.9/site-packages/airflow/example_dags/example_setup_teardown_taskflow.py
[2024-12-07T02:15:29.623-0300] {processor.py:925} INFO - DAG(s) 'example_setup_teardown_taskflow' retrieved from /home/crisu/miniconda3/envs/lab13.1/lib/python3.9/site-packages/airflow/example_dags/example_setup_teardown_taskflow.py
[2024-12-07T02:15:29.641-0300] {logging_mixin.py:190} INFO - [2024-12-07T02:15:29.640-0300] {dag.py:3239} INFO - Sync 1 DAGs
[2024-12-07T02:15:29.653-0300] {logging_mixin.py:190} INFO - [2024-12-07T02:15:29.653-0300] {dag.py:4180} INFO - Setting next_dagrun for example_setup_teardown_taskflow to None, run_after=None
[2024-12-07T02:15:30.968-0300] {processor.py:208} INFO - Processing /home/crisu/miniconda3/envs/lab13.1/lib/python3.9/site-packages/airflow/example_dags/example_setup_teardown_taskflow.py took 1.367 seconds
[2024-12-07T02:17:06.006-0300] {processor.py:186} INFO - Started process (PID=36527) to work on /home/crisu/miniconda3/envs/lab13.1/lib/python3.9/site-packages/airflow/example_dags/example_setup_teardown_taskflow.py
[2024-12-07T02:17:06.100-0300] {processor.py:914} INFO - Processing file /home/crisu/miniconda3/envs/lab13.1/lib/python3.9/site-packages/airflow/example_dags/example_setup_teardown_taskflow.py for tasks to queue
[2024-12-07T02:17:06.102-0300] {logging_mixin.py:190} INFO - [2024-12-07T02:17:06.102-0300] {dagbag.py:588} INFO - Filling up the DagBag from /home/crisu/miniconda3/envs/lab13.1/lib/python3.9/site-packages/airflow/example_dags/example_setup_teardown_taskflow.py
[2024-12-07T02:17:06.112-0300] {processor.py:925} INFO - DAG(s) 'example_setup_teardown_taskflow' retrieved from /home/crisu/miniconda3/envs/lab13.1/lib/python3.9/site-packages/airflow/example_dags/example_setup_teardown_taskflow.py
[2024-12-07T02:17:06.128-0300] {logging_mixin.py:190} INFO - [2024-12-07T02:17:06.128-0300] {dag.py:3239} INFO - Sync 1 DAGs
[2024-12-07T02:17:06.139-0300] {logging_mixin.py:190} INFO - [2024-12-07T02:17:06.139-0300] {dag.py:4180} INFO - Setting next_dagrun for example_setup_teardown_taskflow to None, run_after=None
[2024-12-07T02:17:06.214-0300] {processor.py:208} INFO - Processing /home/crisu/miniconda3/envs/lab13.1/lib/python3.9/site-packages/airflow/example_dags/example_setup_teardown_taskflow.py took 0.215 seconds
[2024-12-07T02:18:34.537-0300] {processor.py:186} INFO - Started process (PID=36679) to work on /home/crisu/miniconda3/envs/lab13.1/lib/python3.9/site-packages/airflow/example_dags/example_setup_teardown_taskflow.py
[2024-12-07T02:18:34.562-0300] {processor.py:914} INFO - Processing file /home/crisu/miniconda3/envs/lab13.1/lib/python3.9/site-packages/airflow/example_dags/example_setup_teardown_taskflow.py for tasks to queue
[2024-12-07T02:18:34.564-0300] {logging_mixin.py:190} INFO - [2024-12-07T02:18:34.563-0300] {dagbag.py:588} INFO - Filling up the DagBag from /home/crisu/miniconda3/envs/lab13.1/lib/python3.9/site-packages/airflow/example_dags/example_setup_teardown_taskflow.py
[2024-12-07T02:18:34.573-0300] {processor.py:925} INFO - DAG(s) 'example_setup_teardown_taskflow' retrieved from /home/crisu/miniconda3/envs/lab13.1/lib/python3.9/site-packages/airflow/example_dags/example_setup_teardown_taskflow.py
[2024-12-07T02:18:34.589-0300] {logging_mixin.py:190} INFO - [2024-12-07T02:18:34.589-0300] {dag.py:3239} INFO - Sync 1 DAGs
[2024-12-07T02:18:34.600-0300] {logging_mixin.py:190} INFO - [2024-12-07T02:18:34.600-0300] {dag.py:4180} INFO - Setting next_dagrun for example_setup_teardown_taskflow to None, run_after=None
[2024-12-07T02:18:34.936-0300] {processor.py:208} INFO - Processing /home/crisu/miniconda3/envs/lab13.1/lib/python3.9/site-packages/airflow/example_dags/example_setup_teardown_taskflow.py took 0.407 seconds
[2024-12-07T02:31:07.098-0300] {processor.py:186} INFO - Started process (PID=37976) to work on /home/crisu/miniconda3/envs/lab13.1/lib/python3.9/site-packages/airflow/example_dags/example_setup_teardown_taskflow.py
[2024-12-07T02:31:07.116-0300] {processor.py:914} INFO - Processing file /home/crisu/miniconda3/envs/lab13.1/lib/python3.9/site-packages/airflow/example_dags/example_setup_teardown_taskflow.py for tasks to queue
[2024-12-07T02:31:07.118-0300] {logging_mixin.py:190} INFO - [2024-12-07T02:31:07.117-0300] {dagbag.py:588} INFO - Filling up the DagBag from /home/crisu/miniconda3/envs/lab13.1/lib/python3.9/site-packages/airflow/example_dags/example_setup_teardown_taskflow.py
[2024-12-07T02:31:07.129-0300] {processor.py:925} INFO - DAG(s) 'example_setup_teardown_taskflow' retrieved from /home/crisu/miniconda3/envs/lab13.1/lib/python3.9/site-packages/airflow/example_dags/example_setup_teardown_taskflow.py
[2024-12-07T02:31:07.149-0300] {logging_mixin.py:190} INFO - [2024-12-07T02:31:07.149-0300] {dag.py:3239} INFO - Sync 1 DAGs
[2024-12-07T02:31:07.162-0300] {logging_mixin.py:190} INFO - [2024-12-07T02:31:07.162-0300] {dag.py:4180} INFO - Setting next_dagrun for example_setup_teardown_taskflow to None, run_after=None
[2024-12-07T02:31:07.241-0300] {processor.py:208} INFO - Processing /home/crisu/miniconda3/envs/lab13.1/lib/python3.9/site-packages/airflow/example_dags/example_setup_teardown_taskflow.py took 0.148 seconds
[2024-12-07T02:33:37.342-0300] {processor.py:186} INFO - Started process (PID=38178) to work on /home/crisu/miniconda3/envs/lab13.1/lib/python3.9/site-packages/airflow/example_dags/example_setup_teardown_taskflow.py
[2024-12-07T02:33:37.368-0300] {processor.py:914} INFO - Processing file /home/crisu/miniconda3/envs/lab13.1/lib/python3.9/site-packages/airflow/example_dags/example_setup_teardown_taskflow.py for tasks to queue
[2024-12-07T02:33:37.370-0300] {logging_mixin.py:190} INFO - [2024-12-07T02:33:37.370-0300] {dagbag.py:588} INFO - Filling up the DagBag from /home/crisu/miniconda3/envs/lab13.1/lib/python3.9/site-packages/airflow/example_dags/example_setup_teardown_taskflow.py
[2024-12-07T02:33:37.380-0300] {processor.py:925} INFO - DAG(s) 'example_setup_teardown_taskflow' retrieved from /home/crisu/miniconda3/envs/lab13.1/lib/python3.9/site-packages/airflow/example_dags/example_setup_teardown_taskflow.py
[2024-12-07T02:33:37.397-0300] {logging_mixin.py:190} INFO - [2024-12-07T02:33:37.396-0300] {dag.py:3239} INFO - Sync 1 DAGs
[2024-12-07T02:33:37.408-0300] {logging_mixin.py:190} INFO - [2024-12-07T02:33:37.407-0300] {dag.py:4180} INFO - Setting next_dagrun for example_setup_teardown_taskflow to None, run_after=None
[2024-12-07T02:33:37.481-0300] {processor.py:208} INFO - Processing /home/crisu/miniconda3/envs/lab13.1/lib/python3.9/site-packages/airflow/example_dags/example_setup_teardown_taskflow.py took 0.145 seconds
[2024-12-07T02:36:01.979-0300] {processor.py:186} INFO - Started process (PID=38427) to work on /home/crisu/miniconda3/envs/lab13.1/lib/python3.9/site-packages/airflow/example_dags/example_setup_teardown_taskflow.py
[2024-12-07T02:36:01.994-0300] {processor.py:914} INFO - Processing file /home/crisu/miniconda3/envs/lab13.1/lib/python3.9/site-packages/airflow/example_dags/example_setup_teardown_taskflow.py for tasks to queue
[2024-12-07T02:36:01.997-0300] {logging_mixin.py:190} INFO - [2024-12-07T02:36:01.997-0300] {dagbag.py:588} INFO - Filling up the DagBag from /home/crisu/miniconda3/envs/lab13.1/lib/python3.9/site-packages/airflow/example_dags/example_setup_teardown_taskflow.py
[2024-12-07T02:36:02.007-0300] {processor.py:925} INFO - DAG(s) 'example_setup_teardown_taskflow' retrieved from /home/crisu/miniconda3/envs/lab13.1/lib/python3.9/site-packages/airflow/example_dags/example_setup_teardown_taskflow.py
[2024-12-07T02:36:02.760-0300] {logging_mixin.py:190} INFO - [2024-12-07T02:36:02.759-0300] {dag.py:3239} INFO - Sync 1 DAGs
[2024-12-07T02:36:02.773-0300] {logging_mixin.py:190} INFO - [2024-12-07T02:36:02.772-0300] {dag.py:4180} INFO - Setting next_dagrun for example_setup_teardown_taskflow to None, run_after=None
[2024-12-07T02:36:02.840-0300] {processor.py:208} INFO - Processing /home/crisu/miniconda3/envs/lab13.1/lib/python3.9/site-packages/airflow/example_dags/example_setup_teardown_taskflow.py took 0.867 seconds
[2024-12-07T02:37:08.119-0300] {processor.py:186} INFO - Started process (PID=38617) to work on /home/crisu/miniconda3/envs/lab13.1/lib/python3.9/site-packages/airflow/example_dags/example_setup_teardown_taskflow.py
[2024-12-07T02:37:08.130-0300] {processor.py:914} INFO - Processing file /home/crisu/miniconda3/envs/lab13.1/lib/python3.9/site-packages/airflow/example_dags/example_setup_teardown_taskflow.py for tasks to queue
[2024-12-07T02:37:08.132-0300] {logging_mixin.py:190} INFO - [2024-12-07T02:37:08.131-0300] {dagbag.py:588} INFO - Filling up the DagBag from /home/crisu/miniconda3/envs/lab13.1/lib/python3.9/site-packages/airflow/example_dags/example_setup_teardown_taskflow.py
[2024-12-07T02:37:08.142-0300] {processor.py:925} INFO - DAG(s) 'example_setup_teardown_taskflow' retrieved from /home/crisu/miniconda3/envs/lab13.1/lib/python3.9/site-packages/airflow/example_dags/example_setup_teardown_taskflow.py
[2024-12-07T02:37:08.158-0300] {logging_mixin.py:190} INFO - [2024-12-07T02:37:08.158-0300] {dag.py:3239} INFO - Sync 1 DAGs
[2024-12-07T02:37:08.169-0300] {logging_mixin.py:190} INFO - [2024-12-07T02:37:08.169-0300] {dag.py:4180} INFO - Setting next_dagrun for example_setup_teardown_taskflow to None, run_after=None
[2024-12-07T02:37:08.233-0300] {processor.py:208} INFO - Processing /home/crisu/miniconda3/envs/lab13.1/lib/python3.9/site-packages/airflow/example_dags/example_setup_teardown_taskflow.py took 0.119 seconds
[2024-12-07T02:38:54.020-0300] {processor.py:186} INFO - Started process (PID=38775) to work on /home/crisu/miniconda3/envs/lab13.1/lib/python3.9/site-packages/airflow/example_dags/example_setup_teardown_taskflow.py
[2024-12-07T02:38:54.071-0300] {processor.py:914} INFO - Processing file /home/crisu/miniconda3/envs/lab13.1/lib/python3.9/site-packages/airflow/example_dags/example_setup_teardown_taskflow.py for tasks to queue
[2024-12-07T02:38:54.073-0300] {logging_mixin.py:190} INFO - [2024-12-07T02:38:54.072-0300] {dagbag.py:588} INFO - Filling up the DagBag from /home/crisu/miniconda3/envs/lab13.1/lib/python3.9/site-packages/airflow/example_dags/example_setup_teardown_taskflow.py
[2024-12-07T02:38:54.082-0300] {processor.py:925} INFO - DAG(s) 'example_setup_teardown_taskflow' retrieved from /home/crisu/miniconda3/envs/lab13.1/lib/python3.9/site-packages/airflow/example_dags/example_setup_teardown_taskflow.py
[2024-12-07T02:38:54.098-0300] {logging_mixin.py:190} INFO - [2024-12-07T02:38:54.098-0300] {dag.py:3239} INFO - Sync 1 DAGs
[2024-12-07T02:38:54.108-0300] {logging_mixin.py:190} INFO - [2024-12-07T02:38:54.108-0300] {dag.py:4180} INFO - Setting next_dagrun for example_setup_teardown_taskflow to None, run_after=None
[2024-12-07T02:38:54.700-0300] {processor.py:208} INFO - Processing /home/crisu/miniconda3/envs/lab13.1/lib/python3.9/site-packages/airflow/example_dags/example_setup_teardown_taskflow.py took 0.685 seconds
[2024-12-07T02:40:24.870-0300] {processor.py:186} INFO - Started process (PID=38883) to work on /home/crisu/miniconda3/envs/lab13.1/lib/python3.9/site-packages/airflow/example_dags/example_setup_teardown_taskflow.py
[2024-12-07T02:40:24.879-0300] {processor.py:914} INFO - Processing file /home/crisu/miniconda3/envs/lab13.1/lib/python3.9/site-packages/airflow/example_dags/example_setup_teardown_taskflow.py for tasks to queue
[2024-12-07T02:40:24.882-0300] {logging_mixin.py:190} INFO - [2024-12-07T02:40:24.881-0300] {dagbag.py:588} INFO - Filling up the DagBag from /home/crisu/miniconda3/envs/lab13.1/lib/python3.9/site-packages/airflow/example_dags/example_setup_teardown_taskflow.py
[2024-12-07T02:40:24.893-0300] {processor.py:925} INFO - DAG(s) 'example_setup_teardown_taskflow' retrieved from /home/crisu/miniconda3/envs/lab13.1/lib/python3.9/site-packages/airflow/example_dags/example_setup_teardown_taskflow.py
[2024-12-07T02:40:24.909-0300] {logging_mixin.py:190} INFO - [2024-12-07T02:40:24.908-0300] {dag.py:3239} INFO - Sync 1 DAGs
[2024-12-07T02:40:24.924-0300] {logging_mixin.py:190} INFO - [2024-12-07T02:40:24.923-0300] {dag.py:4180} INFO - Setting next_dagrun for example_setup_teardown_taskflow to None, run_after=None
[2024-12-07T02:40:25.174-0300] {processor.py:208} INFO - Processing /home/crisu/miniconda3/envs/lab13.1/lib/python3.9/site-packages/airflow/example_dags/example_setup_teardown_taskflow.py took 0.309 seconds
[2024-12-07T02:41:37.844-0300] {processor.py:186} INFO - Started process (PID=39008) to work on /home/crisu/miniconda3/envs/lab13.1/lib/python3.9/site-packages/airflow/example_dags/example_setup_teardown_taskflow.py
[2024-12-07T02:41:37.857-0300] {processor.py:914} INFO - Processing file /home/crisu/miniconda3/envs/lab13.1/lib/python3.9/site-packages/airflow/example_dags/example_setup_teardown_taskflow.py for tasks to queue
[2024-12-07T02:41:37.859-0300] {logging_mixin.py:190} INFO - [2024-12-07T02:41:37.859-0300] {dagbag.py:588} INFO - Filling up the DagBag from /home/crisu/miniconda3/envs/lab13.1/lib/python3.9/site-packages/airflow/example_dags/example_setup_teardown_taskflow.py
[2024-12-07T02:41:37.869-0300] {processor.py:925} INFO - DAG(s) 'example_setup_teardown_taskflow' retrieved from /home/crisu/miniconda3/envs/lab13.1/lib/python3.9/site-packages/airflow/example_dags/example_setup_teardown_taskflow.py
[2024-12-07T02:41:37.885-0300] {logging_mixin.py:190} INFO - [2024-12-07T02:41:37.885-0300] {dag.py:3239} INFO - Sync 1 DAGs
[2024-12-07T02:41:37.897-0300] {logging_mixin.py:190} INFO - [2024-12-07T02:41:37.897-0300] {dag.py:4180} INFO - Setting next_dagrun for example_setup_teardown_taskflow to None, run_after=None
[2024-12-07T02:41:38.053-0300] {processor.py:208} INFO - Processing /home/crisu/miniconda3/envs/lab13.1/lib/python3.9/site-packages/airflow/example_dags/example_setup_teardown_taskflow.py took 0.214 seconds
[2024-12-07T02:44:45.426-0300] {processor.py:186} INFO - Started process (PID=39698) to work on /home/crisu/miniconda3/envs/lab13.1/lib/python3.9/site-packages/airflow/example_dags/example_setup_teardown_taskflow.py
[2024-12-07T02:44:45.453-0300] {processor.py:914} INFO - Processing file /home/crisu/miniconda3/envs/lab13.1/lib/python3.9/site-packages/airflow/example_dags/example_setup_teardown_taskflow.py for tasks to queue
[2024-12-07T02:44:45.455-0300] {logging_mixin.py:190} INFO - [2024-12-07T02:44:45.454-0300] {dagbag.py:588} INFO - Filling up the DagBag from /home/crisu/miniconda3/envs/lab13.1/lib/python3.9/site-packages/airflow/example_dags/example_setup_teardown_taskflow.py
[2024-12-07T02:44:45.466-0300] {processor.py:925} INFO - DAG(s) 'example_setup_teardown_taskflow' retrieved from /home/crisu/miniconda3/envs/lab13.1/lib/python3.9/site-packages/airflow/example_dags/example_setup_teardown_taskflow.py
[2024-12-07T02:44:45.483-0300] {logging_mixin.py:190} INFO - [2024-12-07T02:44:45.483-0300] {dag.py:3239} INFO - Sync 1 DAGs
[2024-12-07T02:44:45.494-0300] {logging_mixin.py:190} INFO - [2024-12-07T02:44:45.494-0300] {dag.py:4180} INFO - Setting next_dagrun for example_setup_teardown_taskflow to None, run_after=None
[2024-12-07T02:44:45.564-0300] {processor.py:208} INFO - Processing /home/crisu/miniconda3/envs/lab13.1/lib/python3.9/site-packages/airflow/example_dags/example_setup_teardown_taskflow.py took 0.144 seconds
[2024-12-07T02:46:25.690-0300] {processor.py:186} INFO - Started process (PID=39993) to work on /home/crisu/miniconda3/envs/lab13.1/lib/python3.9/site-packages/airflow/example_dags/example_setup_teardown_taskflow.py
[2024-12-07T02:46:25.704-0300] {processor.py:914} INFO - Processing file /home/crisu/miniconda3/envs/lab13.1/lib/python3.9/site-packages/airflow/example_dags/example_setup_teardown_taskflow.py for tasks to queue
[2024-12-07T02:46:25.706-0300] {logging_mixin.py:190} INFO - [2024-12-07T02:46:25.705-0300] {dagbag.py:588} INFO - Filling up the DagBag from /home/crisu/miniconda3/envs/lab13.1/lib/python3.9/site-packages/airflow/example_dags/example_setup_teardown_taskflow.py
[2024-12-07T02:46:25.716-0300] {processor.py:925} INFO - DAG(s) 'example_setup_teardown_taskflow' retrieved from /home/crisu/miniconda3/envs/lab13.1/lib/python3.9/site-packages/airflow/example_dags/example_setup_teardown_taskflow.py
[2024-12-07T02:46:25.733-0300] {logging_mixin.py:190} INFO - [2024-12-07T02:46:25.733-0300] {dag.py:3239} INFO - Sync 1 DAGs
[2024-12-07T02:46:25.744-0300] {logging_mixin.py:190} INFO - [2024-12-07T02:46:25.743-0300] {dag.py:4180} INFO - Setting next_dagrun for example_setup_teardown_taskflow to None, run_after=None
[2024-12-07T02:46:25.807-0300] {processor.py:208} INFO - Processing /home/crisu/miniconda3/envs/lab13.1/lib/python3.9/site-packages/airflow/example_dags/example_setup_teardown_taskflow.py took 0.122 seconds
[2024-12-07T02:47:47.627-0300] {processor.py:186} INFO - Started process (PID=40258) to work on /home/crisu/miniconda3/envs/lab13.1/lib/python3.9/site-packages/airflow/example_dags/example_setup_teardown_taskflow.py
[2024-12-07T02:47:47.657-0300] {processor.py:914} INFO - Processing file /home/crisu/miniconda3/envs/lab13.1/lib/python3.9/site-packages/airflow/example_dags/example_setup_teardown_taskflow.py for tasks to queue
[2024-12-07T02:47:47.658-0300] {logging_mixin.py:190} INFO - [2024-12-07T02:47:47.658-0300] {dagbag.py:588} INFO - Filling up the DagBag from /home/crisu/miniconda3/envs/lab13.1/lib/python3.9/site-packages/airflow/example_dags/example_setup_teardown_taskflow.py
[2024-12-07T02:47:47.671-0300] {processor.py:925} INFO - DAG(s) 'example_setup_teardown_taskflow' retrieved from /home/crisu/miniconda3/envs/lab13.1/lib/python3.9/site-packages/airflow/example_dags/example_setup_teardown_taskflow.py
[2024-12-07T02:47:47.689-0300] {logging_mixin.py:190} INFO - [2024-12-07T02:47:47.689-0300] {dag.py:3239} INFO - Sync 1 DAGs
[2024-12-07T02:47:47.701-0300] {logging_mixin.py:190} INFO - [2024-12-07T02:47:47.700-0300] {dag.py:4180} INFO - Setting next_dagrun for example_setup_teardown_taskflow to None, run_after=None
[2024-12-07T02:47:48.668-0300] {processor.py:208} INFO - Processing /home/crisu/miniconda3/envs/lab13.1/lib/python3.9/site-packages/airflow/example_dags/example_setup_teardown_taskflow.py took 1.050 seconds
[2024-12-07T02:49:17.702-0300] {processor.py:186} INFO - Started process (PID=40530) to work on /home/crisu/miniconda3/envs/lab13.1/lib/python3.9/site-packages/airflow/example_dags/example_setup_teardown_taskflow.py
[2024-12-07T02:49:17.724-0300] {processor.py:914} INFO - Processing file /home/crisu/miniconda3/envs/lab13.1/lib/python3.9/site-packages/airflow/example_dags/example_setup_teardown_taskflow.py for tasks to queue
[2024-12-07T02:49:17.727-0300] {logging_mixin.py:190} INFO - [2024-12-07T02:49:17.726-0300] {dagbag.py:588} INFO - Filling up the DagBag from /home/crisu/miniconda3/envs/lab13.1/lib/python3.9/site-packages/airflow/example_dags/example_setup_teardown_taskflow.py
[2024-12-07T02:49:17.739-0300] {processor.py:925} INFO - DAG(s) 'example_setup_teardown_taskflow' retrieved from /home/crisu/miniconda3/envs/lab13.1/lib/python3.9/site-packages/airflow/example_dags/example_setup_teardown_taskflow.py
[2024-12-07T02:49:17.759-0300] {logging_mixin.py:190} INFO - [2024-12-07T02:49:17.759-0300] {dag.py:3239} INFO - Sync 1 DAGs
[2024-12-07T02:49:17.772-0300] {logging_mixin.py:190} INFO - [2024-12-07T02:49:17.771-0300] {dag.py:4180} INFO - Setting next_dagrun for example_setup_teardown_taskflow to None, run_after=None
[2024-12-07T02:49:18.712-0300] {processor.py:208} INFO - Processing /home/crisu/miniconda3/envs/lab13.1/lib/python3.9/site-packages/airflow/example_dags/example_setup_teardown_taskflow.py took 1.016 seconds
[2024-12-07T02:50:06.181-0300] {processor.py:186} INFO - Started process (PID=40791) to work on /home/crisu/miniconda3/envs/lab13.1/lib/python3.9/site-packages/airflow/example_dags/example_setup_teardown_taskflow.py
[2024-12-07T02:50:06.204-0300] {processor.py:914} INFO - Processing file /home/crisu/miniconda3/envs/lab13.1/lib/python3.9/site-packages/airflow/example_dags/example_setup_teardown_taskflow.py for tasks to queue
[2024-12-07T02:50:06.207-0300] {logging_mixin.py:190} INFO - [2024-12-07T02:50:06.207-0300] {dagbag.py:588} INFO - Filling up the DagBag from /home/crisu/miniconda3/envs/lab13.1/lib/python3.9/site-packages/airflow/example_dags/example_setup_teardown_taskflow.py
[2024-12-07T02:50:06.220-0300] {processor.py:925} INFO - DAG(s) 'example_setup_teardown_taskflow' retrieved from /home/crisu/miniconda3/envs/lab13.1/lib/python3.9/site-packages/airflow/example_dags/example_setup_teardown_taskflow.py
[2024-12-07T02:50:06.245-0300] {logging_mixin.py:190} INFO - [2024-12-07T02:50:06.244-0300] {dag.py:3239} INFO - Sync 1 DAGs
[2024-12-07T02:50:06.259-0300] {logging_mixin.py:190} INFO - [2024-12-07T02:50:06.258-0300] {dag.py:4180} INFO - Setting next_dagrun for example_setup_teardown_taskflow to None, run_after=None
[2024-12-07T02:50:06.360-0300] {processor.py:208} INFO - Processing /home/crisu/miniconda3/envs/lab13.1/lib/python3.9/site-packages/airflow/example_dags/example_setup_teardown_taskflow.py took 0.184 seconds
[2024-12-07T02:51:29.597-0300] {processor.py:186} INFO - Started process (PID=40972) to work on /home/crisu/miniconda3/envs/lab13.1/lib/python3.9/site-packages/airflow/example_dags/example_setup_teardown_taskflow.py
[2024-12-07T02:51:29.762-0300] {processor.py:914} INFO - Processing file /home/crisu/miniconda3/envs/lab13.1/lib/python3.9/site-packages/airflow/example_dags/example_setup_teardown_taskflow.py for tasks to queue
[2024-12-07T02:51:29.764-0300] {logging_mixin.py:190} INFO - [2024-12-07T02:51:29.764-0300] {dagbag.py:588} INFO - Filling up the DagBag from /home/crisu/miniconda3/envs/lab13.1/lib/python3.9/site-packages/airflow/example_dags/example_setup_teardown_taskflow.py
[2024-12-07T02:51:29.774-0300] {processor.py:925} INFO - DAG(s) 'example_setup_teardown_taskflow' retrieved from /home/crisu/miniconda3/envs/lab13.1/lib/python3.9/site-packages/airflow/example_dags/example_setup_teardown_taskflow.py
[2024-12-07T02:51:29.790-0300] {logging_mixin.py:190} INFO - [2024-12-07T02:51:29.790-0300] {dag.py:3239} INFO - Sync 1 DAGs
[2024-12-07T02:51:29.800-0300] {logging_mixin.py:190} INFO - [2024-12-07T02:51:29.800-0300] {dag.py:4180} INFO - Setting next_dagrun for example_setup_teardown_taskflow to None, run_after=None
[2024-12-07T02:51:31.163-0300] {processor.py:208} INFO - Processing /home/crisu/miniconda3/envs/lab13.1/lib/python3.9/site-packages/airflow/example_dags/example_setup_teardown_taskflow.py took 1.575 seconds
[2024-12-07T03:20:03.262-0300] {processor.py:186} INFO - Started process (PID=42652) to work on /home/crisu/miniconda3/envs/lab13.1/lib/python3.9/site-packages/airflow/example_dags/example_setup_teardown_taskflow.py
[2024-12-07T03:20:03.525-0300] {processor.py:914} INFO - Processing file /home/crisu/miniconda3/envs/lab13.1/lib/python3.9/site-packages/airflow/example_dags/example_setup_teardown_taskflow.py for tasks to queue
[2024-12-07T03:20:03.527-0300] {logging_mixin.py:190} INFO - [2024-12-07T03:20:03.526-0300] {dagbag.py:588} INFO - Filling up the DagBag from /home/crisu/miniconda3/envs/lab13.1/lib/python3.9/site-packages/airflow/example_dags/example_setup_teardown_taskflow.py
[2024-12-07T03:20:03.535-0300] {processor.py:925} INFO - DAG(s) 'example_setup_teardown_taskflow' retrieved from /home/crisu/miniconda3/envs/lab13.1/lib/python3.9/site-packages/airflow/example_dags/example_setup_teardown_taskflow.py
[2024-12-07T03:20:03.555-0300] {logging_mixin.py:190} INFO - [2024-12-07T03:20:03.555-0300] {dag.py:3239} INFO - Sync 1 DAGs
[2024-12-07T03:20:03.567-0300] {logging_mixin.py:190} INFO - [2024-12-07T03:20:03.566-0300] {dag.py:4180} INFO - Setting next_dagrun for example_setup_teardown_taskflow to None, run_after=None
[2024-12-07T03:20:05.026-0300] {processor.py:208} INFO - Processing /home/crisu/miniconda3/envs/lab13.1/lib/python3.9/site-packages/airflow/example_dags/example_setup_teardown_taskflow.py took 1.770 seconds
[2024-12-07T03:23:16.305-0300] {processor.py:186} INFO - Started process (PID=42840) to work on /home/crisu/miniconda3/envs/lab13.1/lib/python3.9/site-packages/airflow/example_dags/example_setup_teardown_taskflow.py
[2024-12-07T03:23:16.322-0300] {processor.py:914} INFO - Processing file /home/crisu/miniconda3/envs/lab13.1/lib/python3.9/site-packages/airflow/example_dags/example_setup_teardown_taskflow.py for tasks to queue
[2024-12-07T03:23:16.323-0300] {logging_mixin.py:190} INFO - [2024-12-07T03:23:16.323-0300] {dagbag.py:588} INFO - Filling up the DagBag from /home/crisu/miniconda3/envs/lab13.1/lib/python3.9/site-packages/airflow/example_dags/example_setup_teardown_taskflow.py
[2024-12-07T03:23:16.332-0300] {processor.py:925} INFO - DAG(s) 'example_setup_teardown_taskflow' retrieved from /home/crisu/miniconda3/envs/lab13.1/lib/python3.9/site-packages/airflow/example_dags/example_setup_teardown_taskflow.py
[2024-12-07T03:23:16.348-0300] {logging_mixin.py:190} INFO - [2024-12-07T03:23:16.348-0300] {dag.py:3239} INFO - Sync 1 DAGs
[2024-12-07T03:23:16.359-0300] {logging_mixin.py:190} INFO - [2024-12-07T03:23:16.359-0300] {dag.py:4180} INFO - Setting next_dagrun for example_setup_teardown_taskflow to None, run_after=None
[2024-12-07T03:23:16.759-0300] {processor.py:208} INFO - Processing /home/crisu/miniconda3/envs/lab13.1/lib/python3.9/site-packages/airflow/example_dags/example_setup_teardown_taskflow.py took 0.459 seconds
[2024-12-07T03:26:53.841-0300] {processor.py:186} INFO - Started process (PID=43434) to work on /home/crisu/miniconda3/envs/lab13.1/lib/python3.9/site-packages/airflow/example_dags/example_setup_teardown_taskflow.py
[2024-12-07T03:26:53.874-0300] {processor.py:914} INFO - Processing file /home/crisu/miniconda3/envs/lab13.1/lib/python3.9/site-packages/airflow/example_dags/example_setup_teardown_taskflow.py for tasks to queue
[2024-12-07T03:26:53.876-0300] {logging_mixin.py:190} INFO - [2024-12-07T03:26:53.876-0300] {dagbag.py:588} INFO - Filling up the DagBag from /home/crisu/miniconda3/envs/lab13.1/lib/python3.9/site-packages/airflow/example_dags/example_setup_teardown_taskflow.py
[2024-12-07T03:26:53.886-0300] {processor.py:925} INFO - DAG(s) 'example_setup_teardown_taskflow' retrieved from /home/crisu/miniconda3/envs/lab13.1/lib/python3.9/site-packages/airflow/example_dags/example_setup_teardown_taskflow.py
[2024-12-07T03:26:53.902-0300] {logging_mixin.py:190} INFO - [2024-12-07T03:26:53.902-0300] {dag.py:3239} INFO - Sync 1 DAGs
[2024-12-07T03:26:53.914-0300] {logging_mixin.py:190} INFO - [2024-12-07T03:26:53.913-0300] {dag.py:4180} INFO - Setting next_dagrun for example_setup_teardown_taskflow to None, run_after=None
[2024-12-07T03:26:55.517-0300] {processor.py:208} INFO - Processing /home/crisu/miniconda3/envs/lab13.1/lib/python3.9/site-packages/airflow/example_dags/example_setup_teardown_taskflow.py took 1.681 seconds
[2024-12-07T03:29:29.287-0300] {processor.py:186} INFO - Started process (PID=43832) to work on /home/crisu/miniconda3/envs/lab13.1/lib/python3.9/site-packages/airflow/example_dags/example_setup_teardown_taskflow.py
[2024-12-07T03:29:29.304-0300] {processor.py:914} INFO - Processing file /home/crisu/miniconda3/envs/lab13.1/lib/python3.9/site-packages/airflow/example_dags/example_setup_teardown_taskflow.py for tasks to queue
[2024-12-07T03:29:29.307-0300] {logging_mixin.py:190} INFO - [2024-12-07T03:29:29.306-0300] {dagbag.py:588} INFO - Filling up the DagBag from /home/crisu/miniconda3/envs/lab13.1/lib/python3.9/site-packages/airflow/example_dags/example_setup_teardown_taskflow.py
[2024-12-07T03:29:29.317-0300] {processor.py:925} INFO - DAG(s) 'example_setup_teardown_taskflow' retrieved from /home/crisu/miniconda3/envs/lab13.1/lib/python3.9/site-packages/airflow/example_dags/example_setup_teardown_taskflow.py
[2024-12-07T03:29:29.335-0300] {logging_mixin.py:190} INFO - [2024-12-07T03:29:29.335-0300] {dag.py:3239} INFO - Sync 1 DAGs
[2024-12-07T03:29:29.349-0300] {logging_mixin.py:190} INFO - [2024-12-07T03:29:29.348-0300] {dag.py:4180} INFO - Setting next_dagrun for example_setup_teardown_taskflow to None, run_after=None
[2024-12-07T03:29:29.430-0300] {processor.py:208} INFO - Processing /home/crisu/miniconda3/envs/lab13.1/lib/python3.9/site-packages/airflow/example_dags/example_setup_teardown_taskflow.py took 0.148 seconds
[2024-12-07T03:34:05.837-0300] {processor.py:186} INFO - Started process (PID=44562) to work on /home/crisu/miniconda3/envs/lab13.1/lib/python3.9/site-packages/airflow/example_dags/example_setup_teardown_taskflow.py
[2024-12-07T03:34:05.856-0300] {processor.py:914} INFO - Processing file /home/crisu/miniconda3/envs/lab13.1/lib/python3.9/site-packages/airflow/example_dags/example_setup_teardown_taskflow.py for tasks to queue
[2024-12-07T03:34:05.858-0300] {logging_mixin.py:190} INFO - [2024-12-07T03:34:05.857-0300] {dagbag.py:588} INFO - Filling up the DagBag from /home/crisu/miniconda3/envs/lab13.1/lib/python3.9/site-packages/airflow/example_dags/example_setup_teardown_taskflow.py
[2024-12-07T03:34:05.866-0300] {processor.py:925} INFO - DAG(s) 'example_setup_teardown_taskflow' retrieved from /home/crisu/miniconda3/envs/lab13.1/lib/python3.9/site-packages/airflow/example_dags/example_setup_teardown_taskflow.py
[2024-12-07T03:34:05.882-0300] {logging_mixin.py:190} INFO - [2024-12-07T03:34:05.882-0300] {dag.py:3239} INFO - Sync 1 DAGs
[2024-12-07T03:34:05.892-0300] {logging_mixin.py:190} INFO - [2024-12-07T03:34:05.892-0300] {dag.py:4180} INFO - Setting next_dagrun for example_setup_teardown_taskflow to None, run_after=None
[2024-12-07T03:34:05.958-0300] {processor.py:208} INFO - Processing /home/crisu/miniconda3/envs/lab13.1/lib/python3.9/site-packages/airflow/example_dags/example_setup_teardown_taskflow.py took 0.126 seconds
[2024-12-07T03:35:40.086-0300] {processor.py:186} INFO - Started process (PID=44743) to work on /home/crisu/miniconda3/envs/lab13.1/lib/python3.9/site-packages/airflow/example_dags/example_setup_teardown_taskflow.py
[2024-12-07T03:35:40.091-0300] {processor.py:914} INFO - Processing file /home/crisu/miniconda3/envs/lab13.1/lib/python3.9/site-packages/airflow/example_dags/example_setup_teardown_taskflow.py for tasks to queue
[2024-12-07T03:35:40.093-0300] {logging_mixin.py:190} INFO - [2024-12-07T03:35:40.092-0300] {dagbag.py:588} INFO - Filling up the DagBag from /home/crisu/miniconda3/envs/lab13.1/lib/python3.9/site-packages/airflow/example_dags/example_setup_teardown_taskflow.py
[2024-12-07T03:35:40.101-0300] {processor.py:925} INFO - DAG(s) 'example_setup_teardown_taskflow' retrieved from /home/crisu/miniconda3/envs/lab13.1/lib/python3.9/site-packages/airflow/example_dags/example_setup_teardown_taskflow.py
[2024-12-07T03:35:40.117-0300] {logging_mixin.py:190} INFO - [2024-12-07T03:35:40.117-0300] {dag.py:3239} INFO - Sync 1 DAGs
[2024-12-07T03:35:40.128-0300] {logging_mixin.py:190} INFO - [2024-12-07T03:35:40.128-0300] {dag.py:4180} INFO - Setting next_dagrun for example_setup_teardown_taskflow to None, run_after=None
[2024-12-07T03:35:40.190-0300] {processor.py:208} INFO - Processing /home/crisu/miniconda3/envs/lab13.1/lib/python3.9/site-packages/airflow/example_dags/example_setup_teardown_taskflow.py took 0.109 seconds
[2024-12-07T03:37:44.949-0300] {processor.py:186} INFO - Started process (PID=44951) to work on /home/crisu/miniconda3/envs/lab13.1/lib/python3.9/site-packages/airflow/example_dags/example_setup_teardown_taskflow.py
[2024-12-07T03:37:44.972-0300] {processor.py:914} INFO - Processing file /home/crisu/miniconda3/envs/lab13.1/lib/python3.9/site-packages/airflow/example_dags/example_setup_teardown_taskflow.py for tasks to queue
[2024-12-07T03:37:44.973-0300] {logging_mixin.py:190} INFO - [2024-12-07T03:37:44.973-0300] {dagbag.py:588} INFO - Filling up the DagBag from /home/crisu/miniconda3/envs/lab13.1/lib/python3.9/site-packages/airflow/example_dags/example_setup_teardown_taskflow.py
[2024-12-07T03:37:44.981-0300] {processor.py:925} INFO - DAG(s) 'example_setup_teardown_taskflow' retrieved from /home/crisu/miniconda3/envs/lab13.1/lib/python3.9/site-packages/airflow/example_dags/example_setup_teardown_taskflow.py
[2024-12-07T03:37:44.997-0300] {logging_mixin.py:190} INFO - [2024-12-07T03:37:44.996-0300] {dag.py:3239} INFO - Sync 1 DAGs
[2024-12-07T03:37:45.006-0300] {logging_mixin.py:190} INFO - [2024-12-07T03:37:45.006-0300] {dag.py:4180} INFO - Setting next_dagrun for example_setup_teardown_taskflow to None, run_after=None
[2024-12-07T03:37:45.075-0300] {processor.py:208} INFO - Processing /home/crisu/miniconda3/envs/lab13.1/lib/python3.9/site-packages/airflow/example_dags/example_setup_teardown_taskflow.py took 0.132 seconds
[2024-12-07T03:39:01.702-0300] {processor.py:186} INFO - Started process (PID=45111) to work on /home/crisu/miniconda3/envs/lab13.1/lib/python3.9/site-packages/airflow/example_dags/example_setup_teardown_taskflow.py
[2024-12-07T03:39:01.711-0300] {processor.py:914} INFO - Processing file /home/crisu/miniconda3/envs/lab13.1/lib/python3.9/site-packages/airflow/example_dags/example_setup_teardown_taskflow.py for tasks to queue
[2024-12-07T03:39:01.712-0300] {logging_mixin.py:190} INFO - [2024-12-07T03:39:01.712-0300] {dagbag.py:588} INFO - Filling up the DagBag from /home/crisu/miniconda3/envs/lab13.1/lib/python3.9/site-packages/airflow/example_dags/example_setup_teardown_taskflow.py
[2024-12-07T03:39:01.721-0300] {processor.py:925} INFO - DAG(s) 'example_setup_teardown_taskflow' retrieved from /home/crisu/miniconda3/envs/lab13.1/lib/python3.9/site-packages/airflow/example_dags/example_setup_teardown_taskflow.py
[2024-12-07T03:39:01.745-0300] {logging_mixin.py:190} INFO - [2024-12-07T03:39:01.745-0300] {dag.py:3239} INFO - Sync 1 DAGs
[2024-12-07T03:39:01.761-0300] {logging_mixin.py:190} INFO - [2024-12-07T03:39:01.761-0300] {dag.py:4180} INFO - Setting next_dagrun for example_setup_teardown_taskflow to None, run_after=None
[2024-12-07T03:39:01.824-0300] {processor.py:208} INFO - Processing /home/crisu/miniconda3/envs/lab13.1/lib/python3.9/site-packages/airflow/example_dags/example_setup_teardown_taskflow.py took 0.127 seconds
[2024-12-07T03:40:18.493-0300] {processor.py:186} INFO - Started process (PID=45260) to work on /home/crisu/miniconda3/envs/lab13.1/lib/python3.9/site-packages/airflow/example_dags/example_setup_teardown_taskflow.py
[2024-12-07T03:40:18.497-0300] {processor.py:914} INFO - Processing file /home/crisu/miniconda3/envs/lab13.1/lib/python3.9/site-packages/airflow/example_dags/example_setup_teardown_taskflow.py for tasks to queue
[2024-12-07T03:40:18.498-0300] {logging_mixin.py:190} INFO - [2024-12-07T03:40:18.498-0300] {dagbag.py:588} INFO - Filling up the DagBag from /home/crisu/miniconda3/envs/lab13.1/lib/python3.9/site-packages/airflow/example_dags/example_setup_teardown_taskflow.py
[2024-12-07T03:40:18.506-0300] {processor.py:925} INFO - DAG(s) 'example_setup_teardown_taskflow' retrieved from /home/crisu/miniconda3/envs/lab13.1/lib/python3.9/site-packages/airflow/example_dags/example_setup_teardown_taskflow.py
[2024-12-07T03:40:18.522-0300] {logging_mixin.py:190} INFO - [2024-12-07T03:40:18.521-0300] {dag.py:3239} INFO - Sync 1 DAGs
[2024-12-07T03:40:18.532-0300] {logging_mixin.py:190} INFO - [2024-12-07T03:40:18.532-0300] {dag.py:4180} INFO - Setting next_dagrun for example_setup_teardown_taskflow to None, run_after=None
[2024-12-07T03:40:18.600-0300] {processor.py:208} INFO - Processing /home/crisu/miniconda3/envs/lab13.1/lib/python3.9/site-packages/airflow/example_dags/example_setup_teardown_taskflow.py took 0.112 seconds
[2024-12-07T03:44:03.677-0300] {processor.py:186} INFO - Started process (PID=45842) to work on /home/crisu/miniconda3/envs/lab13.1/lib/python3.9/site-packages/airflow/example_dags/example_setup_teardown_taskflow.py
[2024-12-07T03:44:03.700-0300] {processor.py:914} INFO - Processing file /home/crisu/miniconda3/envs/lab13.1/lib/python3.9/site-packages/airflow/example_dags/example_setup_teardown_taskflow.py for tasks to queue
[2024-12-07T03:44:03.702-0300] {logging_mixin.py:190} INFO - [2024-12-07T03:44:03.702-0300] {dagbag.py:588} INFO - Filling up the DagBag from /home/crisu/miniconda3/envs/lab13.1/lib/python3.9/site-packages/airflow/example_dags/example_setup_teardown_taskflow.py
[2024-12-07T03:44:03.712-0300] {processor.py:925} INFO - DAG(s) 'example_setup_teardown_taskflow' retrieved from /home/crisu/miniconda3/envs/lab13.1/lib/python3.9/site-packages/airflow/example_dags/example_setup_teardown_taskflow.py
[2024-12-07T03:44:03.729-0300] {logging_mixin.py:190} INFO - [2024-12-07T03:44:03.729-0300] {dag.py:3239} INFO - Sync 1 DAGs
[2024-12-07T03:44:03.741-0300] {logging_mixin.py:190} INFO - [2024-12-07T03:44:03.741-0300] {dag.py:4180} INFO - Setting next_dagrun for example_setup_teardown_taskflow to None, run_after=None
[2024-12-07T03:44:03.818-0300] {processor.py:208} INFO - Processing /home/crisu/miniconda3/envs/lab13.1/lib/python3.9/site-packages/airflow/example_dags/example_setup_teardown_taskflow.py took 0.146 seconds
[2024-12-07T03:48:13.568-0300] {processor.py:186} INFO - Started process (PID=46679) to work on /home/crisu/miniconda3/envs/lab13.1/lib/python3.9/site-packages/airflow/example_dags/example_setup_teardown_taskflow.py
[2024-12-07T03:48:13.587-0300] {processor.py:914} INFO - Processing file /home/crisu/miniconda3/envs/lab13.1/lib/python3.9/site-packages/airflow/example_dags/example_setup_teardown_taskflow.py for tasks to queue
[2024-12-07T03:48:13.590-0300] {logging_mixin.py:190} INFO - [2024-12-07T03:48:13.590-0300] {dagbag.py:588} INFO - Filling up the DagBag from /home/crisu/miniconda3/envs/lab13.1/lib/python3.9/site-packages/airflow/example_dags/example_setup_teardown_taskflow.py
[2024-12-07T03:48:13.609-0300] {processor.py:925} INFO - DAG(s) 'example_setup_teardown_taskflow' retrieved from /home/crisu/miniconda3/envs/lab13.1/lib/python3.9/site-packages/airflow/example_dags/example_setup_teardown_taskflow.py
[2024-12-07T03:48:13.637-0300] {logging_mixin.py:190} INFO - [2024-12-07T03:48:13.637-0300] {dag.py:3239} INFO - Sync 1 DAGs
[2024-12-07T03:48:13.659-0300] {logging_mixin.py:190} INFO - [2024-12-07T03:48:13.659-0300] {dag.py:4180} INFO - Setting next_dagrun for example_setup_teardown_taskflow to None, run_after=None
[2024-12-07T03:48:14.635-0300] {processor.py:208} INFO - Processing /home/crisu/miniconda3/envs/lab13.1/lib/python3.9/site-packages/airflow/example_dags/example_setup_teardown_taskflow.py took 1.075 seconds
[2024-12-07T03:50:18.311-0300] {processor.py:186} INFO - Started process (PID=46924) to work on /home/crisu/miniconda3/envs/lab13.1/lib/python3.9/site-packages/airflow/example_dags/example_setup_teardown_taskflow.py
[2024-12-07T03:50:18.325-0300] {processor.py:914} INFO - Processing file /home/crisu/miniconda3/envs/lab13.1/lib/python3.9/site-packages/airflow/example_dags/example_setup_teardown_taskflow.py for tasks to queue
[2024-12-07T03:50:18.327-0300] {logging_mixin.py:190} INFO - [2024-12-07T03:50:18.327-0300] {dagbag.py:588} INFO - Filling up the DagBag from /home/crisu/miniconda3/envs/lab13.1/lib/python3.9/site-packages/airflow/example_dags/example_setup_teardown_taskflow.py
[2024-12-07T03:50:18.337-0300] {processor.py:925} INFO - DAG(s) 'example_setup_teardown_taskflow' retrieved from /home/crisu/miniconda3/envs/lab13.1/lib/python3.9/site-packages/airflow/example_dags/example_setup_teardown_taskflow.py
[2024-12-07T03:50:18.352-0300] {logging_mixin.py:190} INFO - [2024-12-07T03:50:18.352-0300] {dag.py:3239} INFO - Sync 1 DAGs
[2024-12-07T03:50:18.363-0300] {logging_mixin.py:190} INFO - [2024-12-07T03:50:18.362-0300] {dag.py:4180} INFO - Setting next_dagrun for example_setup_teardown_taskflow to None, run_after=None
[2024-12-07T03:50:19.206-0300] {processor.py:208} INFO - Processing /home/crisu/miniconda3/envs/lab13.1/lib/python3.9/site-packages/airflow/example_dags/example_setup_teardown_taskflow.py took 0.900 seconds
[2024-12-07T03:51:34.274-0300] {processor.py:186} INFO - Started process (PID=47001) to work on /home/crisu/miniconda3/envs/lab13.1/lib/python3.9/site-packages/airflow/example_dags/example_setup_teardown_taskflow.py
[2024-12-07T03:51:34.282-0300] {processor.py:914} INFO - Processing file /home/crisu/miniconda3/envs/lab13.1/lib/python3.9/site-packages/airflow/example_dags/example_setup_teardown_taskflow.py for tasks to queue
[2024-12-07T03:51:34.285-0300] {logging_mixin.py:190} INFO - [2024-12-07T03:51:34.284-0300] {dagbag.py:588} INFO - Filling up the DagBag from /home/crisu/miniconda3/envs/lab13.1/lib/python3.9/site-packages/airflow/example_dags/example_setup_teardown_taskflow.py
[2024-12-07T03:51:34.297-0300] {processor.py:925} INFO - DAG(s) 'example_setup_teardown_taskflow' retrieved from /home/crisu/miniconda3/envs/lab13.1/lib/python3.9/site-packages/airflow/example_dags/example_setup_teardown_taskflow.py
[2024-12-07T03:51:34.313-0300] {logging_mixin.py:190} INFO - [2024-12-07T03:51:34.312-0300] {dag.py:3239} INFO - Sync 1 DAGs
[2024-12-07T03:51:34.325-0300] {logging_mixin.py:190} INFO - [2024-12-07T03:51:34.325-0300] {dag.py:4180} INFO - Setting next_dagrun for example_setup_teardown_taskflow to None, run_after=None
[2024-12-07T03:51:34.388-0300] {processor.py:208} INFO - Processing /home/crisu/miniconda3/envs/lab13.1/lib/python3.9/site-packages/airflow/example_dags/example_setup_teardown_taskflow.py took 0.119 seconds
[2024-12-07T03:52:56.295-0300] {processor.py:186} INFO - Started process (PID=47157) to work on /home/crisu/miniconda3/envs/lab13.1/lib/python3.9/site-packages/airflow/example_dags/example_setup_teardown_taskflow.py
[2024-12-07T03:52:56.303-0300] {processor.py:914} INFO - Processing file /home/crisu/miniconda3/envs/lab13.1/lib/python3.9/site-packages/airflow/example_dags/example_setup_teardown_taskflow.py for tasks to queue
[2024-12-07T03:52:56.305-0300] {logging_mixin.py:190} INFO - [2024-12-07T03:52:56.304-0300] {dagbag.py:588} INFO - Filling up the DagBag from /home/crisu/miniconda3/envs/lab13.1/lib/python3.9/site-packages/airflow/example_dags/example_setup_teardown_taskflow.py
[2024-12-07T03:52:56.314-0300] {processor.py:925} INFO - DAG(s) 'example_setup_teardown_taskflow' retrieved from /home/crisu/miniconda3/envs/lab13.1/lib/python3.9/site-packages/airflow/example_dags/example_setup_teardown_taskflow.py
[2024-12-07T03:52:56.330-0300] {logging_mixin.py:190} INFO - [2024-12-07T03:52:56.330-0300] {dag.py:3239} INFO - Sync 1 DAGs
[2024-12-07T03:52:56.341-0300] {logging_mixin.py:190} INFO - [2024-12-07T03:52:56.341-0300] {dag.py:4180} INFO - Setting next_dagrun for example_setup_teardown_taskflow to None, run_after=None
[2024-12-07T03:52:56.490-0300] {processor.py:208} INFO - Processing /home/crisu/miniconda3/envs/lab13.1/lib/python3.9/site-packages/airflow/example_dags/example_setup_teardown_taskflow.py took 0.201 seconds
[2024-12-07T03:54:15.452-0300] {processor.py:186} INFO - Started process (PID=47307) to work on /home/crisu/miniconda3/envs/lab13.1/lib/python3.9/site-packages/airflow/example_dags/example_setup_teardown_taskflow.py
[2024-12-07T03:54:15.476-0300] {processor.py:914} INFO - Processing file /home/crisu/miniconda3/envs/lab13.1/lib/python3.9/site-packages/airflow/example_dags/example_setup_teardown_taskflow.py for tasks to queue
[2024-12-07T03:54:15.478-0300] {logging_mixin.py:190} INFO - [2024-12-07T03:54:15.477-0300] {dagbag.py:588} INFO - Filling up the DagBag from /home/crisu/miniconda3/envs/lab13.1/lib/python3.9/site-packages/airflow/example_dags/example_setup_teardown_taskflow.py
[2024-12-07T03:54:15.488-0300] {processor.py:925} INFO - DAG(s) 'example_setup_teardown_taskflow' retrieved from /home/crisu/miniconda3/envs/lab13.1/lib/python3.9/site-packages/airflow/example_dags/example_setup_teardown_taskflow.py
[2024-12-07T03:54:15.503-0300] {logging_mixin.py:190} INFO - [2024-12-07T03:54:15.503-0300] {dag.py:3239} INFO - Sync 1 DAGs
[2024-12-07T03:54:15.514-0300] {logging_mixin.py:190} INFO - [2024-12-07T03:54:15.514-0300] {dag.py:4180} INFO - Setting next_dagrun for example_setup_teardown_taskflow to None, run_after=None
[2024-12-07T03:54:15.591-0300] {processor.py:208} INFO - Processing /home/crisu/miniconda3/envs/lab13.1/lib/python3.9/site-packages/airflow/example_dags/example_setup_teardown_taskflow.py took 0.144 seconds
[2024-12-07T03:56:16.016-0300] {processor.py:186} INFO - Started process (PID=47555) to work on /home/crisu/miniconda3/envs/lab13.1/lib/python3.9/site-packages/airflow/example_dags/example_setup_teardown_taskflow.py
[2024-12-07T03:56:16.038-0300] {processor.py:914} INFO - Processing file /home/crisu/miniconda3/envs/lab13.1/lib/python3.9/site-packages/airflow/example_dags/example_setup_teardown_taskflow.py for tasks to queue
[2024-12-07T03:56:16.040-0300] {logging_mixin.py:190} INFO - [2024-12-07T03:56:16.040-0300] {dagbag.py:588} INFO - Filling up the DagBag from /home/crisu/miniconda3/envs/lab13.1/lib/python3.9/site-packages/airflow/example_dags/example_setup_teardown_taskflow.py
[2024-12-07T03:56:16.052-0300] {processor.py:925} INFO - DAG(s) 'example_setup_teardown_taskflow' retrieved from /home/crisu/miniconda3/envs/lab13.1/lib/python3.9/site-packages/airflow/example_dags/example_setup_teardown_taskflow.py
[2024-12-07T03:56:16.068-0300] {logging_mixin.py:190} INFO - [2024-12-07T03:56:16.068-0300] {dag.py:3239} INFO - Sync 1 DAGs
[2024-12-07T03:56:16.081-0300] {logging_mixin.py:190} INFO - [2024-12-07T03:56:16.081-0300] {dag.py:4180} INFO - Setting next_dagrun for example_setup_teardown_taskflow to None, run_after=None
[2024-12-07T03:56:16.150-0300] {processor.py:208} INFO - Processing /home/crisu/miniconda3/envs/lab13.1/lib/python3.9/site-packages/airflow/example_dags/example_setup_teardown_taskflow.py took 0.140 seconds
[2024-12-07T03:57:35.196-0300] {processor.py:186} INFO - Started process (PID=47692) to work on /home/crisu/miniconda3/envs/lab13.1/lib/python3.9/site-packages/airflow/example_dags/example_setup_teardown_taskflow.py
[2024-12-07T03:57:35.203-0300] {processor.py:914} INFO - Processing file /home/crisu/miniconda3/envs/lab13.1/lib/python3.9/site-packages/airflow/example_dags/example_setup_teardown_taskflow.py for tasks to queue
[2024-12-07T03:57:35.205-0300] {logging_mixin.py:190} INFO - [2024-12-07T03:57:35.205-0300] {dagbag.py:588} INFO - Filling up the DagBag from /home/crisu/miniconda3/envs/lab13.1/lib/python3.9/site-packages/airflow/example_dags/example_setup_teardown_taskflow.py
[2024-12-07T03:57:35.214-0300] {processor.py:925} INFO - DAG(s) 'example_setup_teardown_taskflow' retrieved from /home/crisu/miniconda3/envs/lab13.1/lib/python3.9/site-packages/airflow/example_dags/example_setup_teardown_taskflow.py
[2024-12-07T03:57:35.229-0300] {logging_mixin.py:190} INFO - [2024-12-07T03:57:35.229-0300] {dag.py:3239} INFO - Sync 1 DAGs
[2024-12-07T03:57:35.240-0300] {logging_mixin.py:190} INFO - [2024-12-07T03:57:35.240-0300] {dag.py:4180} INFO - Setting next_dagrun for example_setup_teardown_taskflow to None, run_after=None
[2024-12-07T03:57:35.294-0300] {processor.py:208} INFO - Processing /home/crisu/miniconda3/envs/lab13.1/lib/python3.9/site-packages/airflow/example_dags/example_setup_teardown_taskflow.py took 0.103 seconds
[2024-12-07T03:59:27.975-0300] {processor.py:186} INFO - Started process (PID=47955) to work on /home/crisu/miniconda3/envs/lab13.1/lib/python3.9/site-packages/airflow/example_dags/example_setup_teardown_taskflow.py
[2024-12-07T03:59:28.014-0300] {processor.py:914} INFO - Processing file /home/crisu/miniconda3/envs/lab13.1/lib/python3.9/site-packages/airflow/example_dags/example_setup_teardown_taskflow.py for tasks to queue
[2024-12-07T03:59:28.016-0300] {logging_mixin.py:190} INFO - [2024-12-07T03:59:28.016-0300] {dagbag.py:588} INFO - Filling up the DagBag from /home/crisu/miniconda3/envs/lab13.1/lib/python3.9/site-packages/airflow/example_dags/example_setup_teardown_taskflow.py
[2024-12-07T03:59:28.027-0300] {processor.py:925} INFO - DAG(s) 'example_setup_teardown_taskflow' retrieved from /home/crisu/miniconda3/envs/lab13.1/lib/python3.9/site-packages/airflow/example_dags/example_setup_teardown_taskflow.py
[2024-12-07T03:59:28.042-0300] {logging_mixin.py:190} INFO - [2024-12-07T03:59:28.042-0300] {dag.py:3239} INFO - Sync 1 DAGs
[2024-12-07T03:59:28.055-0300] {logging_mixin.py:190} INFO - [2024-12-07T03:59:28.055-0300] {dag.py:4180} INFO - Setting next_dagrun for example_setup_teardown_taskflow to None, run_after=None
[2024-12-07T03:59:28.158-0300] {processor.py:208} INFO - Processing /home/crisu/miniconda3/envs/lab13.1/lib/python3.9/site-packages/airflow/example_dags/example_setup_teardown_taskflow.py took 0.189 seconds
[2024-12-07T04:00:44.553-0300] {processor.py:186} INFO - Started process (PID=48104) to work on /home/crisu/miniconda3/envs/lab13.1/lib/python3.9/site-packages/airflow/example_dags/example_setup_teardown_taskflow.py
[2024-12-07T04:00:44.558-0300] {processor.py:914} INFO - Processing file /home/crisu/miniconda3/envs/lab13.1/lib/python3.9/site-packages/airflow/example_dags/example_setup_teardown_taskflow.py for tasks to queue
[2024-12-07T04:00:44.560-0300] {logging_mixin.py:190} INFO - [2024-12-07T04:00:44.560-0300] {dagbag.py:588} INFO - Filling up the DagBag from /home/crisu/miniconda3/envs/lab13.1/lib/python3.9/site-packages/airflow/example_dags/example_setup_teardown_taskflow.py
[2024-12-07T04:00:44.571-0300] {processor.py:925} INFO - DAG(s) 'example_setup_teardown_taskflow' retrieved from /home/crisu/miniconda3/envs/lab13.1/lib/python3.9/site-packages/airflow/example_dags/example_setup_teardown_taskflow.py
[2024-12-07T04:00:44.587-0300] {logging_mixin.py:190} INFO - [2024-12-07T04:00:44.587-0300] {dag.py:3239} INFO - Sync 1 DAGs
[2024-12-07T04:00:44.599-0300] {logging_mixin.py:190} INFO - [2024-12-07T04:00:44.598-0300] {dag.py:4180} INFO - Setting next_dagrun for example_setup_teardown_taskflow to None, run_after=None
[2024-12-07T04:00:44.660-0300] {processor.py:208} INFO - Processing /home/crisu/miniconda3/envs/lab13.1/lib/python3.9/site-packages/airflow/example_dags/example_setup_teardown_taskflow.py took 0.112 seconds
[2024-12-07T04:07:29.161-0300] {processor.py:186} INFO - Started process (PID=49146) to work on /home/crisu/miniconda3/envs/lab13.1/lib/python3.9/site-packages/airflow/example_dags/example_setup_teardown_taskflow.py
[2024-12-07T04:07:29.181-0300] {processor.py:914} INFO - Processing file /home/crisu/miniconda3/envs/lab13.1/lib/python3.9/site-packages/airflow/example_dags/example_setup_teardown_taskflow.py for tasks to queue
[2024-12-07T04:07:29.183-0300] {logging_mixin.py:190} INFO - [2024-12-07T04:07:29.182-0300] {dagbag.py:588} INFO - Filling up the DagBag from /home/crisu/miniconda3/envs/lab13.1/lib/python3.9/site-packages/airflow/example_dags/example_setup_teardown_taskflow.py
[2024-12-07T04:07:29.193-0300] {processor.py:925} INFO - DAG(s) 'example_setup_teardown_taskflow' retrieved from /home/crisu/miniconda3/envs/lab13.1/lib/python3.9/site-packages/airflow/example_dags/example_setup_teardown_taskflow.py
[2024-12-07T04:07:29.212-0300] {logging_mixin.py:190} INFO - [2024-12-07T04:07:29.212-0300] {dag.py:3239} INFO - Sync 1 DAGs
[2024-12-07T04:07:29.226-0300] {logging_mixin.py:190} INFO - [2024-12-07T04:07:29.226-0300] {dag.py:4180} INFO - Setting next_dagrun for example_setup_teardown_taskflow to None, run_after=None
[2024-12-07T04:07:30.321-0300] {processor.py:208} INFO - Processing /home/crisu/miniconda3/envs/lab13.1/lib/python3.9/site-packages/airflow/example_dags/example_setup_teardown_taskflow.py took 1.166 seconds
[2024-12-07T04:08:57.203-0300] {processor.py:186} INFO - Started process (PID=49381) to work on /home/crisu/miniconda3/envs/lab13.1/lib/python3.9/site-packages/airflow/example_dags/example_setup_teardown_taskflow.py
[2024-12-07T04:08:57.239-0300] {processor.py:914} INFO - Processing file /home/crisu/miniconda3/envs/lab13.1/lib/python3.9/site-packages/airflow/example_dags/example_setup_teardown_taskflow.py for tasks to queue
[2024-12-07T04:08:57.240-0300] {logging_mixin.py:190} INFO - [2024-12-07T04:08:57.240-0300] {dagbag.py:588} INFO - Filling up the DagBag from /home/crisu/miniconda3/envs/lab13.1/lib/python3.9/site-packages/airflow/example_dags/example_setup_teardown_taskflow.py
[2024-12-07T04:08:57.250-0300] {processor.py:925} INFO - DAG(s) 'example_setup_teardown_taskflow' retrieved from /home/crisu/miniconda3/envs/lab13.1/lib/python3.9/site-packages/airflow/example_dags/example_setup_teardown_taskflow.py
[2024-12-07T04:08:57.273-0300] {logging_mixin.py:190} INFO - [2024-12-07T04:08:57.273-0300] {dag.py:3239} INFO - Sync 1 DAGs
[2024-12-07T04:08:57.288-0300] {logging_mixin.py:190} INFO - [2024-12-07T04:08:57.287-0300] {dag.py:4180} INFO - Setting next_dagrun for example_setup_teardown_taskflow to None, run_after=None
[2024-12-07T04:08:57.770-0300] {processor.py:208} INFO - Processing /home/crisu/miniconda3/envs/lab13.1/lib/python3.9/site-packages/airflow/example_dags/example_setup_teardown_taskflow.py took 0.571 seconds
[2024-12-07T04:11:08.562-0300] {processor.py:186} INFO - Started process (PID=49576) to work on /home/crisu/miniconda3/envs/lab13.1/lib/python3.9/site-packages/airflow/example_dags/example_setup_teardown_taskflow.py
[2024-12-07T04:11:08.740-0300] {processor.py:914} INFO - Processing file /home/crisu/miniconda3/envs/lab13.1/lib/python3.9/site-packages/airflow/example_dags/example_setup_teardown_taskflow.py for tasks to queue
[2024-12-07T04:11:08.741-0300] {logging_mixin.py:190} INFO - [2024-12-07T04:11:08.741-0300] {dagbag.py:588} INFO - Filling up the DagBag from /home/crisu/miniconda3/envs/lab13.1/lib/python3.9/site-packages/airflow/example_dags/example_setup_teardown_taskflow.py
[2024-12-07T04:11:08.750-0300] {processor.py:925} INFO - DAG(s) 'example_setup_teardown_taskflow' retrieved from /home/crisu/miniconda3/envs/lab13.1/lib/python3.9/site-packages/airflow/example_dags/example_setup_teardown_taskflow.py
[2024-12-07T04:11:08.765-0300] {logging_mixin.py:190} INFO - [2024-12-07T04:11:08.765-0300] {dag.py:3239} INFO - Sync 1 DAGs
[2024-12-07T04:11:08.776-0300] {logging_mixin.py:190} INFO - [2024-12-07T04:11:08.775-0300] {dag.py:4180} INFO - Setting next_dagrun for example_setup_teardown_taskflow to None, run_after=None
[2024-12-07T04:11:09.937-0300] {processor.py:208} INFO - Processing /home/crisu/miniconda3/envs/lab13.1/lib/python3.9/site-packages/airflow/example_dags/example_setup_teardown_taskflow.py took 1.381 seconds
[2024-12-07T04:12:45.556-0300] {processor.py:186} INFO - Started process (PID=49718) to work on /home/crisu/miniconda3/envs/lab13.1/lib/python3.9/site-packages/airflow/example_dags/example_setup_teardown_taskflow.py
[2024-12-07T04:12:45.562-0300] {processor.py:914} INFO - Processing file /home/crisu/miniconda3/envs/lab13.1/lib/python3.9/site-packages/airflow/example_dags/example_setup_teardown_taskflow.py for tasks to queue
[2024-12-07T04:12:45.564-0300] {logging_mixin.py:190} INFO - [2024-12-07T04:12:45.563-0300] {dagbag.py:588} INFO - Filling up the DagBag from /home/crisu/miniconda3/envs/lab13.1/lib/python3.9/site-packages/airflow/example_dags/example_setup_teardown_taskflow.py
[2024-12-07T04:12:45.577-0300] {processor.py:925} INFO - DAG(s) 'example_setup_teardown_taskflow' retrieved from /home/crisu/miniconda3/envs/lab13.1/lib/python3.9/site-packages/airflow/example_dags/example_setup_teardown_taskflow.py
[2024-12-07T04:12:45.601-0300] {logging_mixin.py:190} INFO - [2024-12-07T04:12:45.601-0300] {dag.py:3239} INFO - Sync 1 DAGs
[2024-12-07T04:12:45.620-0300] {logging_mixin.py:190} INFO - [2024-12-07T04:12:45.620-0300] {dag.py:4180} INFO - Setting next_dagrun for example_setup_teardown_taskflow to None, run_after=None
[2024-12-07T04:12:45.719-0300] {processor.py:208} INFO - Processing /home/crisu/miniconda3/envs/lab13.1/lib/python3.9/site-packages/airflow/example_dags/example_setup_teardown_taskflow.py took 0.171 seconds
[2024-12-07T04:14:02.423-0300] {processor.py:186} INFO - Started process (PID=49872) to work on /home/crisu/miniconda3/envs/lab13.1/lib/python3.9/site-packages/airflow/example_dags/example_setup_teardown_taskflow.py
[2024-12-07T04:14:02.428-0300] {processor.py:914} INFO - Processing file /home/crisu/miniconda3/envs/lab13.1/lib/python3.9/site-packages/airflow/example_dags/example_setup_teardown_taskflow.py for tasks to queue
[2024-12-07T04:14:02.430-0300] {logging_mixin.py:190} INFO - [2024-12-07T04:14:02.430-0300] {dagbag.py:588} INFO - Filling up the DagBag from /home/crisu/miniconda3/envs/lab13.1/lib/python3.9/site-packages/airflow/example_dags/example_setup_teardown_taskflow.py
[2024-12-07T04:14:02.443-0300] {processor.py:925} INFO - DAG(s) 'example_setup_teardown_taskflow' retrieved from /home/crisu/miniconda3/envs/lab13.1/lib/python3.9/site-packages/airflow/example_dags/example_setup_teardown_taskflow.py
[2024-12-07T04:14:02.467-0300] {logging_mixin.py:190} INFO - [2024-12-07T04:14:02.467-0300] {dag.py:3239} INFO - Sync 1 DAGs
[2024-12-07T04:14:02.485-0300] {logging_mixin.py:190} INFO - [2024-12-07T04:14:02.485-0300] {dag.py:4180} INFO - Setting next_dagrun for example_setup_teardown_taskflow to None, run_after=None
[2024-12-07T04:14:02.549-0300] {processor.py:208} INFO - Processing /home/crisu/miniconda3/envs/lab13.1/lib/python3.9/site-packages/airflow/example_dags/example_setup_teardown_taskflow.py took 0.133 seconds
[2024-12-07T04:15:19.120-0300] {processor.py:186} INFO - Started process (PID=50003) to work on /home/crisu/miniconda3/envs/lab13.1/lib/python3.9/site-packages/airflow/example_dags/example_setup_teardown_taskflow.py
[2024-12-07T04:15:19.132-0300] {processor.py:914} INFO - Processing file /home/crisu/miniconda3/envs/lab13.1/lib/python3.9/site-packages/airflow/example_dags/example_setup_teardown_taskflow.py for tasks to queue
[2024-12-07T04:15:19.133-0300] {logging_mixin.py:190} INFO - [2024-12-07T04:15:19.133-0300] {dagbag.py:588} INFO - Filling up the DagBag from /home/crisu/miniconda3/envs/lab13.1/lib/python3.9/site-packages/airflow/example_dags/example_setup_teardown_taskflow.py
[2024-12-07T04:15:19.142-0300] {processor.py:925} INFO - DAG(s) 'example_setup_teardown_taskflow' retrieved from /home/crisu/miniconda3/envs/lab13.1/lib/python3.9/site-packages/airflow/example_dags/example_setup_teardown_taskflow.py
[2024-12-07T04:15:19.158-0300] {logging_mixin.py:190} INFO - [2024-12-07T04:15:19.157-0300] {dag.py:3239} INFO - Sync 1 DAGs
[2024-12-07T04:15:19.168-0300] {logging_mixin.py:190} INFO - [2024-12-07T04:15:19.168-0300] {dag.py:4180} INFO - Setting next_dagrun for example_setup_teardown_taskflow to None, run_after=None
[2024-12-07T04:15:19.229-0300] {processor.py:208} INFO - Processing /home/crisu/miniconda3/envs/lab13.1/lib/python3.9/site-packages/airflow/example_dags/example_setup_teardown_taskflow.py took 0.114 seconds
