[2024-12-07T01:55:39.238-0300] {processor.py:186} INFO - Started process (PID=34196) to work on /home/crisu/miniconda3/envs/lab13.1/lib/python3.9/site-packages/airflow/example_dags/example_external_task_marker_dag.py
[2024-12-07T01:55:39.239-0300] {processor.py:914} INFO - Processing file /home/crisu/miniconda3/envs/lab13.1/lib/python3.9/site-packages/airflow/example_dags/example_external_task_marker_dag.py for tasks to queue
[2024-12-07T01:55:39.241-0300] {logging_mixin.py:190} INFO - [2024-12-07T01:55:39.241-0300] {dagbag.py:588} INFO - Filling up the DagBag from /home/crisu/miniconda3/envs/lab13.1/lib/python3.9/site-packages/airflow/example_dags/example_external_task_marker_dag.py
[2024-12-07T01:55:39.249-0300] {processor.py:925} INFO - DAG(s) 'example_external_task_marker_child', 'example_external_task_marker_parent' retrieved from /home/crisu/miniconda3/envs/lab13.1/lib/python3.9/site-packages/airflow/example_dags/example_external_task_marker_dag.py
[2024-12-07T01:55:41.703-0300] {logging_mixin.py:190} INFO - [2024-12-07T01:55:41.702-0300] {override.py:1911} INFO - Created Permission View: can delete on DAG:example_external_task_marker_child
[2024-12-07T01:55:43.190-0300] {logging_mixin.py:190} INFO - [2024-12-07T01:55:43.190-0300] {override.py:1911} INFO - Created Permission View: can edit on DAG:example_external_task_marker_child
[2024-12-07T01:55:44.155-0300] {logging_mixin.py:190} INFO - [2024-12-07T01:55:44.154-0300] {override.py:1911} INFO - Created Permission View: can read on DAG:example_external_task_marker_child
[2024-12-07T01:55:46.866-0300] {logging_mixin.py:190} INFO - [2024-12-07T01:55:46.866-0300] {override.py:1911} INFO - Created Permission View: menu access on DAG Run:example_external_task_marker_child
[2024-12-07T01:55:47.842-0300] {logging_mixin.py:190} INFO - [2024-12-07T01:55:47.842-0300] {override.py:1911} INFO - Created Permission View: can delete on DAG Run:example_external_task_marker_child
[2024-12-07T01:55:48.953-0300] {logging_mixin.py:190} INFO - [2024-12-07T01:55:48.952-0300] {override.py:1911} INFO - Created Permission View: can read on DAG Run:example_external_task_marker_child
[2024-12-07T01:55:50.394-0300] {logging_mixin.py:190} INFO - [2024-12-07T01:55:50.393-0300] {override.py:1911} INFO - Created Permission View: can create on DAG Run:example_external_task_marker_child
[2024-12-07T01:55:53.854-0300] {logging_mixin.py:190} INFO - [2024-12-07T01:55:53.854-0300] {override.py:1911} INFO - Created Permission View: can delete on DAG:example_external_task_marker_parent
[2024-12-07T01:55:54.541-0300] {logging_mixin.py:190} INFO - [2024-12-07T01:55:54.540-0300] {override.py:1911} INFO - Created Permission View: can edit on DAG:example_external_task_marker_parent
[2024-12-07T01:55:55.233-0300] {logging_mixin.py:190} INFO - [2024-12-07T01:55:55.233-0300] {override.py:1911} INFO - Created Permission View: can read on DAG:example_external_task_marker_parent
[2024-12-07T01:55:57.572-0300] {logging_mixin.py:190} INFO - [2024-12-07T01:55:57.571-0300] {override.py:1911} INFO - Created Permission View: menu access on DAG Run:example_external_task_marker_parent
[2024-12-07T01:55:58.628-0300] {logging_mixin.py:190} INFO - [2024-12-07T01:55:58.627-0300] {override.py:1911} INFO - Created Permission View: can delete on DAG Run:example_external_task_marker_parent
[2024-12-07T01:55:59.748-0300] {logging_mixin.py:190} INFO - [2024-12-07T01:55:59.748-0300] {override.py:1911} INFO - Created Permission View: can read on DAG Run:example_external_task_marker_parent
[2024-12-07T01:56:00.505-0300] {logging_mixin.py:190} INFO - [2024-12-07T01:56:00.504-0300] {override.py:1911} INFO - Created Permission View: can create on DAG Run:example_external_task_marker_parent
[2024-12-07T01:56:00.505-0300] {logging_mixin.py:190} INFO - [2024-12-07T01:56:00.505-0300] {dag.py:3239} INFO - Sync 2 DAGs
[2024-12-07T01:56:00.516-0300] {logging_mixin.py:190} INFO - [2024-12-07T01:56:00.515-0300] {dag.py:3262} INFO - Creating ORM DAG for example_external_task_marker_parent
[2024-12-07T01:56:00.516-0300] {logging_mixin.py:190} INFO - [2024-12-07T01:56:00.516-0300] {dag.py:3262} INFO - Creating ORM DAG for example_external_task_marker_child
[2024-12-07T01:56:00.517-0300] {logging_mixin.py:190} INFO - [2024-12-07T01:56:00.516-0300] {dag.py:4180} INFO - Setting next_dagrun for example_external_task_marker_child to None, run_after=None
[2024-12-07T01:56:00.517-0300] {logging_mixin.py:190} INFO - [2024-12-07T01:56:00.517-0300] {dag.py:4180} INFO - Setting next_dagrun for example_external_task_marker_parent to None, run_after=None
[2024-12-07T01:56:02.187-0300] {processor.py:208} INFO - Processing /home/crisu/miniconda3/envs/lab13.1/lib/python3.9/site-packages/airflow/example_dags/example_external_task_marker_dag.py took 22.954 seconds
[2024-12-07T02:08:20.450-0300] {processor.py:186} INFO - Started process (PID=35483) to work on /home/crisu/miniconda3/envs/lab13.1/lib/python3.9/site-packages/airflow/example_dags/example_external_task_marker_dag.py
[2024-12-07T02:08:20.485-0300] {processor.py:914} INFO - Processing file /home/crisu/miniconda3/envs/lab13.1/lib/python3.9/site-packages/airflow/example_dags/example_external_task_marker_dag.py for tasks to queue
[2024-12-07T02:08:20.488-0300] {logging_mixin.py:190} INFO - [2024-12-07T02:08:20.487-0300] {dagbag.py:588} INFO - Filling up the DagBag from /home/crisu/miniconda3/envs/lab13.1/lib/python3.9/site-packages/airflow/example_dags/example_external_task_marker_dag.py
[2024-12-07T02:08:20.497-0300] {processor.py:925} INFO - DAG(s) 'example_external_task_marker_parent', 'example_external_task_marker_child' retrieved from /home/crisu/miniconda3/envs/lab13.1/lib/python3.9/site-packages/airflow/example_dags/example_external_task_marker_dag.py
[2024-12-07T02:08:20.517-0300] {logging_mixin.py:190} INFO - [2024-12-07T02:08:20.516-0300] {dag.py:3239} INFO - Sync 2 DAGs
[2024-12-07T02:08:20.534-0300] {logging_mixin.py:190} INFO - [2024-12-07T02:08:20.534-0300] {dag.py:4180} INFO - Setting next_dagrun for example_external_task_marker_child to None, run_after=None
[2024-12-07T02:08:20.538-0300] {logging_mixin.py:190} INFO - [2024-12-07T02:08:20.538-0300] {dag.py:4180} INFO - Setting next_dagrun for example_external_task_marker_parent to None, run_after=None
[2024-12-07T02:08:21.009-0300] {processor.py:208} INFO - Processing /home/crisu/miniconda3/envs/lab13.1/lib/python3.9/site-packages/airflow/example_dags/example_external_task_marker_dag.py took 0.569 seconds
[2024-12-07T02:12:04.176-0300] {processor.py:186} INFO - Started process (PID=35938) to work on /home/crisu/miniconda3/envs/lab13.1/lib/python3.9/site-packages/airflow/example_dags/example_external_task_marker_dag.py
[2024-12-07T02:12:04.193-0300] {processor.py:914} INFO - Processing file /home/crisu/miniconda3/envs/lab13.1/lib/python3.9/site-packages/airflow/example_dags/example_external_task_marker_dag.py for tasks to queue
[2024-12-07T02:12:04.195-0300] {logging_mixin.py:190} INFO - [2024-12-07T02:12:04.194-0300] {dagbag.py:588} INFO - Filling up the DagBag from /home/crisu/miniconda3/envs/lab13.1/lib/python3.9/site-packages/airflow/example_dags/example_external_task_marker_dag.py
[2024-12-07T02:12:04.202-0300] {processor.py:925} INFO - DAG(s) 'example_external_task_marker_child', 'example_external_task_marker_parent' retrieved from /home/crisu/miniconda3/envs/lab13.1/lib/python3.9/site-packages/airflow/example_dags/example_external_task_marker_dag.py
[2024-12-07T02:12:04.217-0300] {logging_mixin.py:190} INFO - [2024-12-07T02:12:04.217-0300] {dag.py:3239} INFO - Sync 2 DAGs
[2024-12-07T02:12:04.228-0300] {logging_mixin.py:190} INFO - [2024-12-07T02:12:04.228-0300] {dag.py:4180} INFO - Setting next_dagrun for example_external_task_marker_child to None, run_after=None
[2024-12-07T02:12:04.231-0300] {logging_mixin.py:190} INFO - [2024-12-07T02:12:04.231-0300] {dag.py:4180} INFO - Setting next_dagrun for example_external_task_marker_parent to None, run_after=None
[2024-12-07T02:12:04.306-0300] {processor.py:208} INFO - Processing /home/crisu/miniconda3/envs/lab13.1/lib/python3.9/site-packages/airflow/example_dags/example_external_task_marker_dag.py took 0.138 seconds
[2024-12-07T02:14:16.812-0300] {processor.py:186} INFO - Started process (PID=36255) to work on /home/crisu/miniconda3/envs/lab13.1/lib/python3.9/site-packages/airflow/example_dags/example_external_task_marker_dag.py
[2024-12-07T02:14:16.817-0300] {processor.py:914} INFO - Processing file /home/crisu/miniconda3/envs/lab13.1/lib/python3.9/site-packages/airflow/example_dags/example_external_task_marker_dag.py for tasks to queue
[2024-12-07T02:14:16.819-0300] {logging_mixin.py:190} INFO - [2024-12-07T02:14:16.819-0300] {dagbag.py:588} INFO - Filling up the DagBag from /home/crisu/miniconda3/envs/lab13.1/lib/python3.9/site-packages/airflow/example_dags/example_external_task_marker_dag.py
[2024-12-07T02:14:16.828-0300] {processor.py:925} INFO - DAG(s) 'example_external_task_marker_parent', 'example_external_task_marker_child' retrieved from /home/crisu/miniconda3/envs/lab13.1/lib/python3.9/site-packages/airflow/example_dags/example_external_task_marker_dag.py
[2024-12-07T02:14:16.847-0300] {logging_mixin.py:190} INFO - [2024-12-07T02:14:16.847-0300] {dag.py:3239} INFO - Sync 2 DAGs
[2024-12-07T02:14:16.859-0300] {logging_mixin.py:190} INFO - [2024-12-07T02:14:16.858-0300] {dag.py:4180} INFO - Setting next_dagrun for example_external_task_marker_child to None, run_after=None
[2024-12-07T02:14:16.861-0300] {logging_mixin.py:190} INFO - [2024-12-07T02:14:16.861-0300] {dag.py:4180} INFO - Setting next_dagrun for example_external_task_marker_parent to None, run_after=None
[2024-12-07T02:14:17.211-0300] {processor.py:208} INFO - Processing /home/crisu/miniconda3/envs/lab13.1/lib/python3.9/site-packages/airflow/example_dags/example_external_task_marker_dag.py took 0.407 seconds
[2024-12-07T02:16:28.196-0300] {processor.py:186} INFO - Started process (PID=36471) to work on /home/crisu/miniconda3/envs/lab13.1/lib/python3.9/site-packages/airflow/example_dags/example_external_task_marker_dag.py
[2024-12-07T02:16:28.221-0300] {processor.py:914} INFO - Processing file /home/crisu/miniconda3/envs/lab13.1/lib/python3.9/site-packages/airflow/example_dags/example_external_task_marker_dag.py for tasks to queue
[2024-12-07T02:16:28.223-0300] {logging_mixin.py:190} INFO - [2024-12-07T02:16:28.223-0300] {dagbag.py:588} INFO - Filling up the DagBag from /home/crisu/miniconda3/envs/lab13.1/lib/python3.9/site-packages/airflow/example_dags/example_external_task_marker_dag.py
[2024-12-07T02:16:28.230-0300] {processor.py:925} INFO - DAG(s) 'example_external_task_marker_child', 'example_external_task_marker_parent' retrieved from /home/crisu/miniconda3/envs/lab13.1/lib/python3.9/site-packages/airflow/example_dags/example_external_task_marker_dag.py
[2024-12-07T02:16:28.246-0300] {logging_mixin.py:190} INFO - [2024-12-07T02:16:28.245-0300] {dag.py:3239} INFO - Sync 2 DAGs
[2024-12-07T02:16:28.257-0300] {logging_mixin.py:190} INFO - [2024-12-07T02:16:28.257-0300] {dag.py:4180} INFO - Setting next_dagrun for example_external_task_marker_child to None, run_after=None
[2024-12-07T02:16:28.260-0300] {logging_mixin.py:190} INFO - [2024-12-07T02:16:28.260-0300] {dag.py:4180} INFO - Setting next_dagrun for example_external_task_marker_parent to None, run_after=None
[2024-12-07T02:16:28.317-0300] {processor.py:208} INFO - Processing /home/crisu/miniconda3/envs/lab13.1/lib/python3.9/site-packages/airflow/example_dags/example_external_task_marker_dag.py took 0.128 seconds
[2024-12-07T02:17:58.027-0300] {processor.py:186} INFO - Started process (PID=36625) to work on /home/crisu/miniconda3/envs/lab13.1/lib/python3.9/site-packages/airflow/example_dags/example_external_task_marker_dag.py
[2024-12-07T02:17:58.095-0300] {processor.py:914} INFO - Processing file /home/crisu/miniconda3/envs/lab13.1/lib/python3.9/site-packages/airflow/example_dags/example_external_task_marker_dag.py for tasks to queue
[2024-12-07T02:17:58.098-0300] {logging_mixin.py:190} INFO - [2024-12-07T02:17:58.097-0300] {dagbag.py:588} INFO - Filling up the DagBag from /home/crisu/miniconda3/envs/lab13.1/lib/python3.9/site-packages/airflow/example_dags/example_external_task_marker_dag.py
[2024-12-07T02:17:58.107-0300] {processor.py:925} INFO - DAG(s) 'example_external_task_marker_child', 'example_external_task_marker_parent' retrieved from /home/crisu/miniconda3/envs/lab13.1/lib/python3.9/site-packages/airflow/example_dags/example_external_task_marker_dag.py
[2024-12-07T02:17:58.129-0300] {logging_mixin.py:190} INFO - [2024-12-07T02:17:58.129-0300] {dag.py:3239} INFO - Sync 2 DAGs
[2024-12-07T02:17:58.141-0300] {logging_mixin.py:190} INFO - [2024-12-07T02:17:58.140-0300] {dag.py:4180} INFO - Setting next_dagrun for example_external_task_marker_child to None, run_after=None
[2024-12-07T02:17:58.144-0300] {logging_mixin.py:190} INFO - [2024-12-07T02:17:58.143-0300] {dag.py:4180} INFO - Setting next_dagrun for example_external_task_marker_parent to None, run_after=None
[2024-12-07T02:17:58.202-0300] {processor.py:208} INFO - Processing /home/crisu/miniconda3/envs/lab13.1/lib/python3.9/site-packages/airflow/example_dags/example_external_task_marker_dag.py took 0.182 seconds
[2024-12-07T02:31:52.970-0300] {processor.py:186} INFO - Started process (PID=38028) to work on /home/crisu/miniconda3/envs/lab13.1/lib/python3.9/site-packages/airflow/example_dags/example_external_task_marker_dag.py
[2024-12-07T02:31:52.995-0300] {processor.py:914} INFO - Processing file /home/crisu/miniconda3/envs/lab13.1/lib/python3.9/site-packages/airflow/example_dags/example_external_task_marker_dag.py for tasks to queue
[2024-12-07T02:31:52.997-0300] {logging_mixin.py:190} INFO - [2024-12-07T02:31:52.997-0300] {dagbag.py:588} INFO - Filling up the DagBag from /home/crisu/miniconda3/envs/lab13.1/lib/python3.9/site-packages/airflow/example_dags/example_external_task_marker_dag.py
[2024-12-07T02:31:53.004-0300] {processor.py:925} INFO - DAG(s) 'example_external_task_marker_child', 'example_external_task_marker_parent' retrieved from /home/crisu/miniconda3/envs/lab13.1/lib/python3.9/site-packages/airflow/example_dags/example_external_task_marker_dag.py
[2024-12-07T02:31:53.020-0300] {logging_mixin.py:190} INFO - [2024-12-07T02:31:53.020-0300] {dag.py:3239} INFO - Sync 2 DAGs
[2024-12-07T02:31:53.031-0300] {logging_mixin.py:190} INFO - [2024-12-07T02:31:53.031-0300] {dag.py:4180} INFO - Setting next_dagrun for example_external_task_marker_child to None, run_after=None
[2024-12-07T02:31:53.033-0300] {logging_mixin.py:190} INFO - [2024-12-07T02:31:53.033-0300] {dag.py:4180} INFO - Setting next_dagrun for example_external_task_marker_parent to None, run_after=None
[2024-12-07T02:31:54.175-0300] {processor.py:208} INFO - Processing /home/crisu/miniconda3/envs/lab13.1/lib/python3.9/site-packages/airflow/example_dags/example_external_task_marker_dag.py took 1.210 seconds
[2024-12-07T02:34:02.739-0300] {processor.py:186} INFO - Started process (PID=38266) to work on /home/crisu/miniconda3/envs/lab13.1/lib/python3.9/site-packages/airflow/example_dags/example_external_task_marker_dag.py
[2024-12-07T02:34:02.748-0300] {processor.py:914} INFO - Processing file /home/crisu/miniconda3/envs/lab13.1/lib/python3.9/site-packages/airflow/example_dags/example_external_task_marker_dag.py for tasks to queue
[2024-12-07T02:34:02.750-0300] {logging_mixin.py:190} INFO - [2024-12-07T02:34:02.749-0300] {dagbag.py:588} INFO - Filling up the DagBag from /home/crisu/miniconda3/envs/lab13.1/lib/python3.9/site-packages/airflow/example_dags/example_external_task_marker_dag.py
[2024-12-07T02:34:02.759-0300] {processor.py:925} INFO - DAG(s) 'example_external_task_marker_child', 'example_external_task_marker_parent' retrieved from /home/crisu/miniconda3/envs/lab13.1/lib/python3.9/site-packages/airflow/example_dags/example_external_task_marker_dag.py
[2024-12-07T02:34:02.782-0300] {logging_mixin.py:190} INFO - [2024-12-07T02:34:02.782-0300] {dag.py:3239} INFO - Sync 2 DAGs
[2024-12-07T02:34:02.802-0300] {logging_mixin.py:190} INFO - [2024-12-07T02:34:02.802-0300] {dag.py:4180} INFO - Setting next_dagrun for example_external_task_marker_child to None, run_after=None
[2024-12-07T02:34:02.807-0300] {logging_mixin.py:190} INFO - [2024-12-07T02:34:02.806-0300] {dag.py:4180} INFO - Setting next_dagrun for example_external_task_marker_parent to None, run_after=None
[2024-12-07T02:34:02.896-0300] {processor.py:208} INFO - Processing /home/crisu/miniconda3/envs/lab13.1/lib/python3.9/site-packages/airflow/example_dags/example_external_task_marker_dag.py took 0.162 seconds
[2024-12-07T02:37:42.547-0300] {processor.py:186} INFO - Started process (PID=38671) to work on /home/crisu/miniconda3/envs/lab13.1/lib/python3.9/site-packages/airflow/example_dags/example_external_task_marker_dag.py
[2024-12-07T02:37:42.570-0300] {processor.py:914} INFO - Processing file /home/crisu/miniconda3/envs/lab13.1/lib/python3.9/site-packages/airflow/example_dags/example_external_task_marker_dag.py for tasks to queue
[2024-12-07T02:37:42.572-0300] {logging_mixin.py:190} INFO - [2024-12-07T02:37:42.572-0300] {dagbag.py:588} INFO - Filling up the DagBag from /home/crisu/miniconda3/envs/lab13.1/lib/python3.9/site-packages/airflow/example_dags/example_external_task_marker_dag.py
[2024-12-07T02:37:42.580-0300] {processor.py:925} INFO - DAG(s) 'example_external_task_marker_parent', 'example_external_task_marker_child' retrieved from /home/crisu/miniconda3/envs/lab13.1/lib/python3.9/site-packages/airflow/example_dags/example_external_task_marker_dag.py
[2024-12-07T02:37:42.595-0300] {logging_mixin.py:190} INFO - [2024-12-07T02:37:42.595-0300] {dag.py:3239} INFO - Sync 2 DAGs
[2024-12-07T02:37:42.606-0300] {logging_mixin.py:190} INFO - [2024-12-07T02:37:42.605-0300] {dag.py:4180} INFO - Setting next_dagrun for example_external_task_marker_child to None, run_after=None
[2024-12-07T02:37:42.608-0300] {logging_mixin.py:190} INFO - [2024-12-07T02:37:42.608-0300] {dag.py:4180} INFO - Setting next_dagrun for example_external_task_marker_parent to None, run_after=None
[2024-12-07T02:37:43.268-0300] {processor.py:208} INFO - Processing /home/crisu/miniconda3/envs/lab13.1/lib/python3.9/site-packages/airflow/example_dags/example_external_task_marker_dag.py took 0.727 seconds
[2024-12-07T02:40:44.117-0300] {processor.py:186} INFO - Started process (PID=38918) to work on /home/crisu/miniconda3/envs/lab13.1/lib/python3.9/site-packages/airflow/example_dags/example_external_task_marker_dag.py
[2024-12-07T02:40:44.138-0300] {processor.py:914} INFO - Processing file /home/crisu/miniconda3/envs/lab13.1/lib/python3.9/site-packages/airflow/example_dags/example_external_task_marker_dag.py for tasks to queue
[2024-12-07T02:40:44.140-0300] {logging_mixin.py:190} INFO - [2024-12-07T02:40:44.140-0300] {dagbag.py:588} INFO - Filling up the DagBag from /home/crisu/miniconda3/envs/lab13.1/lib/python3.9/site-packages/airflow/example_dags/example_external_task_marker_dag.py
[2024-12-07T02:40:44.148-0300] {processor.py:925} INFO - DAG(s) 'example_external_task_marker_parent', 'example_external_task_marker_child' retrieved from /home/crisu/miniconda3/envs/lab13.1/lib/python3.9/site-packages/airflow/example_dags/example_external_task_marker_dag.py
[2024-12-07T02:40:44.163-0300] {logging_mixin.py:190} INFO - [2024-12-07T02:40:44.163-0300] {dag.py:3239} INFO - Sync 2 DAGs
[2024-12-07T02:40:44.174-0300] {logging_mixin.py:190} INFO - [2024-12-07T02:40:44.174-0300] {dag.py:4180} INFO - Setting next_dagrun for example_external_task_marker_child to None, run_after=None
[2024-12-07T02:40:44.177-0300] {logging_mixin.py:190} INFO - [2024-12-07T02:40:44.177-0300] {dag.py:4180} INFO - Setting next_dagrun for example_external_task_marker_parent to None, run_after=None
[2024-12-07T02:40:44.249-0300] {processor.py:208} INFO - Processing /home/crisu/miniconda3/envs/lab13.1/lib/python3.9/site-packages/airflow/example_dags/example_external_task_marker_dag.py took 0.137 seconds
[2024-12-07T02:41:56.853-0300] {processor.py:186} INFO - Started process (PID=39054) to work on /home/crisu/miniconda3/envs/lab13.1/lib/python3.9/site-packages/airflow/example_dags/example_external_task_marker_dag.py
[2024-12-07T02:41:56.860-0300] {processor.py:914} INFO - Processing file /home/crisu/miniconda3/envs/lab13.1/lib/python3.9/site-packages/airflow/example_dags/example_external_task_marker_dag.py for tasks to queue
[2024-12-07T02:41:56.861-0300] {logging_mixin.py:190} INFO - [2024-12-07T02:41:56.861-0300] {dagbag.py:588} INFO - Filling up the DagBag from /home/crisu/miniconda3/envs/lab13.1/lib/python3.9/site-packages/airflow/example_dags/example_external_task_marker_dag.py
[2024-12-07T02:41:56.869-0300] {processor.py:925} INFO - DAG(s) 'example_external_task_marker_child', 'example_external_task_marker_parent' retrieved from /home/crisu/miniconda3/envs/lab13.1/lib/python3.9/site-packages/airflow/example_dags/example_external_task_marker_dag.py
[2024-12-07T02:41:56.884-0300] {logging_mixin.py:190} INFO - [2024-12-07T02:41:56.884-0300] {dag.py:3239} INFO - Sync 2 DAGs
[2024-12-07T02:41:56.895-0300] {logging_mixin.py:190} INFO - [2024-12-07T02:41:56.895-0300] {dag.py:4180} INFO - Setting next_dagrun for example_external_task_marker_child to None, run_after=None
[2024-12-07T02:41:56.898-0300] {logging_mixin.py:190} INFO - [2024-12-07T02:41:56.898-0300] {dag.py:4180} INFO - Setting next_dagrun for example_external_task_marker_parent to None, run_after=None
[2024-12-07T02:41:56.951-0300] {processor.py:208} INFO - Processing /home/crisu/miniconda3/envs/lab13.1/lib/python3.9/site-packages/airflow/example_dags/example_external_task_marker_dag.py took 0.102 seconds
[2024-12-07T02:45:09.891-0300] {processor.py:186} INFO - Started process (PID=39732) to work on /home/crisu/miniconda3/envs/lab13.1/lib/python3.9/site-packages/airflow/example_dags/example_external_task_marker_dag.py
[2024-12-07T02:45:09.911-0300] {processor.py:914} INFO - Processing file /home/crisu/miniconda3/envs/lab13.1/lib/python3.9/site-packages/airflow/example_dags/example_external_task_marker_dag.py for tasks to queue
[2024-12-07T02:45:09.915-0300] {logging_mixin.py:190} INFO - [2024-12-07T02:45:09.914-0300] {dagbag.py:588} INFO - Filling up the DagBag from /home/crisu/miniconda3/envs/lab13.1/lib/python3.9/site-packages/airflow/example_dags/example_external_task_marker_dag.py
[2024-12-07T02:45:09.923-0300] {processor.py:925} INFO - DAG(s) 'example_external_task_marker_child', 'example_external_task_marker_parent' retrieved from /home/crisu/miniconda3/envs/lab13.1/lib/python3.9/site-packages/airflow/example_dags/example_external_task_marker_dag.py
[2024-12-07T02:45:09.943-0300] {logging_mixin.py:190} INFO - [2024-12-07T02:45:09.943-0300] {dag.py:3239} INFO - Sync 2 DAGs
[2024-12-07T02:45:09.959-0300] {logging_mixin.py:190} INFO - [2024-12-07T02:45:09.958-0300] {dag.py:4180} INFO - Setting next_dagrun for example_external_task_marker_child to None, run_after=None
[2024-12-07T02:45:09.962-0300] {logging_mixin.py:190} INFO - [2024-12-07T02:45:09.962-0300] {dag.py:4180} INFO - Setting next_dagrun for example_external_task_marker_parent to None, run_after=None
[2024-12-07T02:45:10.360-0300] {processor.py:208} INFO - Processing /home/crisu/miniconda3/envs/lab13.1/lib/python3.9/site-packages/airflow/example_dags/example_external_task_marker_dag.py took 0.474 seconds
[2024-12-07T02:50:30.300-0300] {processor.py:186} INFO - Started process (PID=40820) to work on /home/crisu/miniconda3/envs/lab13.1/lib/python3.9/site-packages/airflow/example_dags/example_external_task_marker_dag.py
[2024-12-07T02:50:30.320-0300] {processor.py:914} INFO - Processing file /home/crisu/miniconda3/envs/lab13.1/lib/python3.9/site-packages/airflow/example_dags/example_external_task_marker_dag.py for tasks to queue
[2024-12-07T02:50:30.323-0300] {logging_mixin.py:190} INFO - [2024-12-07T02:50:30.322-0300] {dagbag.py:588} INFO - Filling up the DagBag from /home/crisu/miniconda3/envs/lab13.1/lib/python3.9/site-packages/airflow/example_dags/example_external_task_marker_dag.py
[2024-12-07T02:50:30.330-0300] {processor.py:925} INFO - DAG(s) 'example_external_task_marker_child', 'example_external_task_marker_parent' retrieved from /home/crisu/miniconda3/envs/lab13.1/lib/python3.9/site-packages/airflow/example_dags/example_external_task_marker_dag.py
[2024-12-07T02:50:30.346-0300] {logging_mixin.py:190} INFO - [2024-12-07T02:50:30.346-0300] {dag.py:3239} INFO - Sync 2 DAGs
[2024-12-07T02:50:30.358-0300] {logging_mixin.py:190} INFO - [2024-12-07T02:50:30.358-0300] {dag.py:4180} INFO - Setting next_dagrun for example_external_task_marker_child to None, run_after=None
[2024-12-07T02:50:30.361-0300] {logging_mixin.py:190} INFO - [2024-12-07T02:50:30.361-0300] {dag.py:4180} INFO - Setting next_dagrun for example_external_task_marker_parent to None, run_after=None
[2024-12-07T02:50:30.431-0300] {processor.py:208} INFO - Processing /home/crisu/miniconda3/envs/lab13.1/lib/python3.9/site-packages/airflow/example_dags/example_external_task_marker_dag.py took 0.137 seconds
[2024-12-07T03:20:59.081-0300] {processor.py:186} INFO - Started process (PID=42701) to work on /home/crisu/miniconda3/envs/lab13.1/lib/python3.9/site-packages/airflow/example_dags/example_external_task_marker_dag.py
[2024-12-07T03:20:59.153-0300] {processor.py:914} INFO - Processing file /home/crisu/miniconda3/envs/lab13.1/lib/python3.9/site-packages/airflow/example_dags/example_external_task_marker_dag.py for tasks to queue
[2024-12-07T03:20:59.154-0300] {logging_mixin.py:190} INFO - [2024-12-07T03:20:59.154-0300] {dagbag.py:588} INFO - Filling up the DagBag from /home/crisu/miniconda3/envs/lab13.1/lib/python3.9/site-packages/airflow/example_dags/example_external_task_marker_dag.py
[2024-12-07T03:20:59.160-0300] {processor.py:925} INFO - DAG(s) 'example_external_task_marker_parent', 'example_external_task_marker_child' retrieved from /home/crisu/miniconda3/envs/lab13.1/lib/python3.9/site-packages/airflow/example_dags/example_external_task_marker_dag.py
[2024-12-07T03:20:59.177-0300] {logging_mixin.py:190} INFO - [2024-12-07T03:20:59.177-0300] {dag.py:3239} INFO - Sync 2 DAGs
[2024-12-07T03:20:59.187-0300] {logging_mixin.py:190} INFO - [2024-12-07T03:20:59.187-0300] {dag.py:4180} INFO - Setting next_dagrun for example_external_task_marker_child to None, run_after=None
[2024-12-07T03:20:59.190-0300] {logging_mixin.py:190} INFO - [2024-12-07T03:20:59.189-0300] {dag.py:4180} INFO - Setting next_dagrun for example_external_task_marker_parent to None, run_after=None
[2024-12-07T03:21:00.453-0300] {processor.py:208} INFO - Processing /home/crisu/miniconda3/envs/lab13.1/lib/python3.9/site-packages/airflow/example_dags/example_external_task_marker_dag.py took 1.377 seconds
[2024-12-07T03:24:10.858-0300] {processor.py:186} INFO - Started process (PID=42942) to work on /home/crisu/miniconda3/envs/lab13.1/lib/python3.9/site-packages/airflow/example_dags/example_external_task_marker_dag.py
[2024-12-07T03:24:10.887-0300] {processor.py:914} INFO - Processing file /home/crisu/miniconda3/envs/lab13.1/lib/python3.9/site-packages/airflow/example_dags/example_external_task_marker_dag.py for tasks to queue
[2024-12-07T03:24:10.888-0300] {logging_mixin.py:190} INFO - [2024-12-07T03:24:10.888-0300] {dagbag.py:588} INFO - Filling up the DagBag from /home/crisu/miniconda3/envs/lab13.1/lib/python3.9/site-packages/airflow/example_dags/example_external_task_marker_dag.py
[2024-12-07T03:24:10.895-0300] {processor.py:925} INFO - DAG(s) 'example_external_task_marker_child', 'example_external_task_marker_parent' retrieved from /home/crisu/miniconda3/envs/lab13.1/lib/python3.9/site-packages/airflow/example_dags/example_external_task_marker_dag.py
[2024-12-07T03:24:10.916-0300] {logging_mixin.py:190} INFO - [2024-12-07T03:24:10.916-0300] {dag.py:3239} INFO - Sync 2 DAGs
[2024-12-07T03:24:10.929-0300] {logging_mixin.py:190} INFO - [2024-12-07T03:24:10.929-0300] {dag.py:4180} INFO - Setting next_dagrun for example_external_task_marker_child to None, run_after=None
[2024-12-07T03:24:10.932-0300] {logging_mixin.py:190} INFO - [2024-12-07T03:24:10.932-0300] {dag.py:4180} INFO - Setting next_dagrun for example_external_task_marker_parent to None, run_after=None
[2024-12-07T03:24:11.903-0300] {processor.py:208} INFO - Processing /home/crisu/miniconda3/envs/lab13.1/lib/python3.9/site-packages/airflow/example_dags/example_external_task_marker_dag.py took 1.052 seconds
[2024-12-07T03:27:56.600-0300] {processor.py:186} INFO - Started process (PID=43653) to work on /home/crisu/miniconda3/envs/lab13.1/lib/python3.9/site-packages/airflow/example_dags/example_external_task_marker_dag.py
[2024-12-07T03:27:56.606-0300] {processor.py:914} INFO - Processing file /home/crisu/miniconda3/envs/lab13.1/lib/python3.9/site-packages/airflow/example_dags/example_external_task_marker_dag.py for tasks to queue
[2024-12-07T03:27:56.608-0300] {logging_mixin.py:190} INFO - [2024-12-07T03:27:56.608-0300] {dagbag.py:588} INFO - Filling up the DagBag from /home/crisu/miniconda3/envs/lab13.1/lib/python3.9/site-packages/airflow/example_dags/example_external_task_marker_dag.py
[2024-12-07T03:27:56.615-0300] {processor.py:925} INFO - DAG(s) 'example_external_task_marker_parent', 'example_external_task_marker_child' retrieved from /home/crisu/miniconda3/envs/lab13.1/lib/python3.9/site-packages/airflow/example_dags/example_external_task_marker_dag.py
[2024-12-07T03:27:56.630-0300] {logging_mixin.py:190} INFO - [2024-12-07T03:27:56.630-0300] {dag.py:3239} INFO - Sync 2 DAGs
[2024-12-07T03:27:56.641-0300] {logging_mixin.py:190} INFO - [2024-12-07T03:27:56.641-0300] {dag.py:4180} INFO - Setting next_dagrun for example_external_task_marker_child to None, run_after=None
[2024-12-07T03:27:56.644-0300] {logging_mixin.py:190} INFO - [2024-12-07T03:27:56.644-0300] {dag.py:4180} INFO - Setting next_dagrun for example_external_task_marker_parent to None, run_after=None
[2024-12-07T03:27:56.698-0300] {processor.py:208} INFO - Processing /home/crisu/miniconda3/envs/lab13.1/lib/python3.9/site-packages/airflow/example_dags/example_external_task_marker_dag.py took 0.104 seconds
[2024-12-07T03:34:32.424-0300] {processor.py:186} INFO - Started process (PID=44624) to work on /home/crisu/miniconda3/envs/lab13.1/lib/python3.9/site-packages/airflow/example_dags/example_external_task_marker_dag.py
[2024-12-07T03:34:32.425-0300] {processor.py:914} INFO - Processing file /home/crisu/miniconda3/envs/lab13.1/lib/python3.9/site-packages/airflow/example_dags/example_external_task_marker_dag.py for tasks to queue
[2024-12-07T03:34:32.426-0300] {logging_mixin.py:190} INFO - [2024-12-07T03:34:32.426-0300] {dagbag.py:588} INFO - Filling up the DagBag from /home/crisu/miniconda3/envs/lab13.1/lib/python3.9/site-packages/airflow/example_dags/example_external_task_marker_dag.py
[2024-12-07T03:34:32.432-0300] {processor.py:925} INFO - DAG(s) 'example_external_task_marker_child', 'example_external_task_marker_parent' retrieved from /home/crisu/miniconda3/envs/lab13.1/lib/python3.9/site-packages/airflow/example_dags/example_external_task_marker_dag.py
[2024-12-07T03:34:32.447-0300] {logging_mixin.py:190} INFO - [2024-12-07T03:34:32.447-0300] {dag.py:3239} INFO - Sync 2 DAGs
[2024-12-07T03:34:32.457-0300] {logging_mixin.py:190} INFO - [2024-12-07T03:34:32.457-0300] {dag.py:4180} INFO - Setting next_dagrun for example_external_task_marker_child to None, run_after=None
[2024-12-07T03:34:32.459-0300] {logging_mixin.py:190} INFO - [2024-12-07T03:34:32.459-0300] {dag.py:4180} INFO - Setting next_dagrun for example_external_task_marker_parent to None, run_after=None
[2024-12-07T03:34:32.867-0300] {processor.py:208} INFO - Processing /home/crisu/miniconda3/envs/lab13.1/lib/python3.9/site-packages/airflow/example_dags/example_external_task_marker_dag.py took 0.448 seconds
[2024-12-07T03:36:01.546-0300] {processor.py:186} INFO - Started process (PID=44786) to work on /home/crisu/miniconda3/envs/lab13.1/lib/python3.9/site-packages/airflow/example_dags/example_external_task_marker_dag.py
[2024-12-07T03:36:01.559-0300] {processor.py:914} INFO - Processing file /home/crisu/miniconda3/envs/lab13.1/lib/python3.9/site-packages/airflow/example_dags/example_external_task_marker_dag.py for tasks to queue
[2024-12-07T03:36:01.560-0300] {logging_mixin.py:190} INFO - [2024-12-07T03:36:01.560-0300] {dagbag.py:588} INFO - Filling up the DagBag from /home/crisu/miniconda3/envs/lab13.1/lib/python3.9/site-packages/airflow/example_dags/example_external_task_marker_dag.py
[2024-12-07T03:36:01.566-0300] {processor.py:925} INFO - DAG(s) 'example_external_task_marker_child', 'example_external_task_marker_parent' retrieved from /home/crisu/miniconda3/envs/lab13.1/lib/python3.9/site-packages/airflow/example_dags/example_external_task_marker_dag.py
[2024-12-07T03:36:01.583-0300] {logging_mixin.py:190} INFO - [2024-12-07T03:36:01.583-0300] {dag.py:3239} INFO - Sync 2 DAGs
[2024-12-07T03:36:01.593-0300] {logging_mixin.py:190} INFO - [2024-12-07T03:36:01.593-0300] {dag.py:4180} INFO - Setting next_dagrun for example_external_task_marker_child to None, run_after=None
[2024-12-07T03:36:01.596-0300] {logging_mixin.py:190} INFO - [2024-12-07T03:36:01.596-0300] {dag.py:4180} INFO - Setting next_dagrun for example_external_task_marker_parent to None, run_after=None
[2024-12-07T03:36:01.675-0300] {processor.py:208} INFO - Processing /home/crisu/miniconda3/envs/lab13.1/lib/python3.9/site-packages/airflow/example_dags/example_external_task_marker_dag.py took 0.135 seconds
[2024-12-07T03:38:05.371-0300] {processor.py:186} INFO - Started process (PID=44990) to work on /home/crisu/miniconda3/envs/lab13.1/lib/python3.9/site-packages/airflow/example_dags/example_external_task_marker_dag.py
[2024-12-07T03:38:05.372-0300] {processor.py:914} INFO - Processing file /home/crisu/miniconda3/envs/lab13.1/lib/python3.9/site-packages/airflow/example_dags/example_external_task_marker_dag.py for tasks to queue
[2024-12-07T03:38:05.373-0300] {logging_mixin.py:190} INFO - [2024-12-07T03:38:05.373-0300] {dagbag.py:588} INFO - Filling up the DagBag from /home/crisu/miniconda3/envs/lab13.1/lib/python3.9/site-packages/airflow/example_dags/example_external_task_marker_dag.py
[2024-12-07T03:38:05.378-0300] {processor.py:925} INFO - DAG(s) 'example_external_task_marker_child', 'example_external_task_marker_parent' retrieved from /home/crisu/miniconda3/envs/lab13.1/lib/python3.9/site-packages/airflow/example_dags/example_external_task_marker_dag.py
[2024-12-07T03:38:05.395-0300] {logging_mixin.py:190} INFO - [2024-12-07T03:38:05.395-0300] {dag.py:3239} INFO - Sync 2 DAGs
[2024-12-07T03:38:05.407-0300] {logging_mixin.py:190} INFO - [2024-12-07T03:38:05.407-0300] {dag.py:4180} INFO - Setting next_dagrun for example_external_task_marker_child to None, run_after=None
[2024-12-07T03:38:05.409-0300] {logging_mixin.py:190} INFO - [2024-12-07T03:38:05.409-0300] {dag.py:4180} INFO - Setting next_dagrun for example_external_task_marker_parent to None, run_after=None
[2024-12-07T03:38:05.466-0300] {processor.py:208} INFO - Processing /home/crisu/miniconda3/envs/lab13.1/lib/python3.9/site-packages/airflow/example_dags/example_external_task_marker_dag.py took 0.102 seconds
[2024-12-07T03:39:25.312-0300] {processor.py:186} INFO - Started process (PID=45150) to work on /home/crisu/miniconda3/envs/lab13.1/lib/python3.9/site-packages/airflow/example_dags/example_external_task_marker_dag.py
[2024-12-07T03:39:25.318-0300] {processor.py:914} INFO - Processing file /home/crisu/miniconda3/envs/lab13.1/lib/python3.9/site-packages/airflow/example_dags/example_external_task_marker_dag.py for tasks to queue
[2024-12-07T03:39:25.319-0300] {logging_mixin.py:190} INFO - [2024-12-07T03:39:25.319-0300] {dagbag.py:588} INFO - Filling up the DagBag from /home/crisu/miniconda3/envs/lab13.1/lib/python3.9/site-packages/airflow/example_dags/example_external_task_marker_dag.py
[2024-12-07T03:39:25.324-0300] {processor.py:925} INFO - DAG(s) 'example_external_task_marker_parent', 'example_external_task_marker_child' retrieved from /home/crisu/miniconda3/envs/lab13.1/lib/python3.9/site-packages/airflow/example_dags/example_external_task_marker_dag.py
[2024-12-07T03:39:25.342-0300] {logging_mixin.py:190} INFO - [2024-12-07T03:39:25.341-0300] {dag.py:3239} INFO - Sync 2 DAGs
[2024-12-07T03:39:25.353-0300] {logging_mixin.py:190} INFO - [2024-12-07T03:39:25.353-0300] {dag.py:4180} INFO - Setting next_dagrun for example_external_task_marker_child to None, run_after=None
[2024-12-07T03:39:25.355-0300] {logging_mixin.py:190} INFO - [2024-12-07T03:39:25.355-0300] {dag.py:4180} INFO - Setting next_dagrun for example_external_task_marker_parent to None, run_after=None
[2024-12-07T03:39:25.406-0300] {processor.py:208} INFO - Processing /home/crisu/miniconda3/envs/lab13.1/lib/python3.9/site-packages/airflow/example_dags/example_external_task_marker_dag.py took 0.099 seconds
[2024-12-07T03:40:40.737-0300] {processor.py:186} INFO - Started process (PID=45291) to work on /home/crisu/miniconda3/envs/lab13.1/lib/python3.9/site-packages/airflow/example_dags/example_external_task_marker_dag.py
[2024-12-07T03:40:40.738-0300] {processor.py:914} INFO - Processing file /home/crisu/miniconda3/envs/lab13.1/lib/python3.9/site-packages/airflow/example_dags/example_external_task_marker_dag.py for tasks to queue
[2024-12-07T03:40:40.740-0300] {logging_mixin.py:190} INFO - [2024-12-07T03:40:40.739-0300] {dagbag.py:588} INFO - Filling up the DagBag from /home/crisu/miniconda3/envs/lab13.1/lib/python3.9/site-packages/airflow/example_dags/example_external_task_marker_dag.py
[2024-12-07T03:40:40.746-0300] {processor.py:925} INFO - DAG(s) 'example_external_task_marker_child', 'example_external_task_marker_parent' retrieved from /home/crisu/miniconda3/envs/lab13.1/lib/python3.9/site-packages/airflow/example_dags/example_external_task_marker_dag.py
[2024-12-07T03:40:40.766-0300] {logging_mixin.py:190} INFO - [2024-12-07T03:40:40.766-0300] {dag.py:3239} INFO - Sync 2 DAGs
[2024-12-07T03:40:40.777-0300] {logging_mixin.py:190} INFO - [2024-12-07T03:40:40.777-0300] {dag.py:4180} INFO - Setting next_dagrun for example_external_task_marker_child to None, run_after=None
[2024-12-07T03:40:40.779-0300] {logging_mixin.py:190} INFO - [2024-12-07T03:40:40.779-0300] {dag.py:4180} INFO - Setting next_dagrun for example_external_task_marker_parent to None, run_after=None
[2024-12-07T03:40:40.836-0300] {processor.py:208} INFO - Processing /home/crisu/miniconda3/envs/lab13.1/lib/python3.9/site-packages/airflow/example_dags/example_external_task_marker_dag.py took 0.106 seconds
[2024-12-07T03:44:26.934-0300] {processor.py:186} INFO - Started process (PID=45902) to work on /home/crisu/miniconda3/envs/lab13.1/lib/python3.9/site-packages/airflow/example_dags/example_external_task_marker_dag.py
[2024-12-07T03:44:26.942-0300] {processor.py:914} INFO - Processing file /home/crisu/miniconda3/envs/lab13.1/lib/python3.9/site-packages/airflow/example_dags/example_external_task_marker_dag.py for tasks to queue
[2024-12-07T03:44:26.945-0300] {logging_mixin.py:190} INFO - [2024-12-07T03:44:26.944-0300] {dagbag.py:588} INFO - Filling up the DagBag from /home/crisu/miniconda3/envs/lab13.1/lib/python3.9/site-packages/airflow/example_dags/example_external_task_marker_dag.py
[2024-12-07T03:44:26.952-0300] {processor.py:925} INFO - DAG(s) 'example_external_task_marker_parent', 'example_external_task_marker_child' retrieved from /home/crisu/miniconda3/envs/lab13.1/lib/python3.9/site-packages/airflow/example_dags/example_external_task_marker_dag.py
[2024-12-07T03:44:26.967-0300] {logging_mixin.py:190} INFO - [2024-12-07T03:44:26.967-0300] {dag.py:3239} INFO - Sync 2 DAGs
[2024-12-07T03:44:26.978-0300] {logging_mixin.py:190} INFO - [2024-12-07T03:44:26.978-0300] {dag.py:4180} INFO - Setting next_dagrun for example_external_task_marker_child to None, run_after=None
[2024-12-07T03:44:26.981-0300] {logging_mixin.py:190} INFO - [2024-12-07T03:44:26.980-0300] {dag.py:4180} INFO - Setting next_dagrun for example_external_task_marker_parent to None, run_after=None
[2024-12-07T03:44:27.063-0300] {processor.py:208} INFO - Processing /home/crisu/miniconda3/envs/lab13.1/lib/python3.9/site-packages/airflow/example_dags/example_external_task_marker_dag.py took 0.134 seconds
[2024-12-07T03:48:56.313-0300] {processor.py:186} INFO - Started process (PID=46782) to work on /home/crisu/miniconda3/envs/lab13.1/lib/python3.9/site-packages/airflow/example_dags/example_external_task_marker_dag.py
[2024-12-07T03:48:56.375-0300] {processor.py:914} INFO - Processing file /home/crisu/miniconda3/envs/lab13.1/lib/python3.9/site-packages/airflow/example_dags/example_external_task_marker_dag.py for tasks to queue
[2024-12-07T03:48:56.378-0300] {logging_mixin.py:190} INFO - [2024-12-07T03:48:56.377-0300] {dagbag.py:588} INFO - Filling up the DagBag from /home/crisu/miniconda3/envs/lab13.1/lib/python3.9/site-packages/airflow/example_dags/example_external_task_marker_dag.py
[2024-12-07T03:48:56.385-0300] {processor.py:925} INFO - DAG(s) 'example_external_task_marker_parent', 'example_external_task_marker_child' retrieved from /home/crisu/miniconda3/envs/lab13.1/lib/python3.9/site-packages/airflow/example_dags/example_external_task_marker_dag.py
[2024-12-07T03:48:56.402-0300] {logging_mixin.py:190} INFO - [2024-12-07T03:48:56.402-0300] {dag.py:3239} INFO - Sync 2 DAGs
[2024-12-07T03:48:56.414-0300] {logging_mixin.py:190} INFO - [2024-12-07T03:48:56.414-0300] {dag.py:4180} INFO - Setting next_dagrun for example_external_task_marker_child to None, run_after=None
[2024-12-07T03:48:56.417-0300] {logging_mixin.py:190} INFO - [2024-12-07T03:48:56.417-0300] {dag.py:4180} INFO - Setting next_dagrun for example_external_task_marker_parent to None, run_after=None
[2024-12-07T03:48:57.663-0300] {processor.py:208} INFO - Processing /home/crisu/miniconda3/envs/lab13.1/lib/python3.9/site-packages/airflow/example_dags/example_external_task_marker_dag.py took 1.355 seconds
[2024-12-07T03:51:43.022-0300] {processor.py:186} INFO - Started process (PID=47013) to work on /home/crisu/miniconda3/envs/lab13.1/lib/python3.9/site-packages/airflow/example_dags/example_external_task_marker_dag.py
[2024-12-07T03:51:43.047-0300] {processor.py:914} INFO - Processing file /home/crisu/miniconda3/envs/lab13.1/lib/python3.9/site-packages/airflow/example_dags/example_external_task_marker_dag.py for tasks to queue
[2024-12-07T03:51:43.049-0300] {logging_mixin.py:190} INFO - [2024-12-07T03:51:43.049-0300] {dagbag.py:588} INFO - Filling up the DagBag from /home/crisu/miniconda3/envs/lab13.1/lib/python3.9/site-packages/airflow/example_dags/example_external_task_marker_dag.py
[2024-12-07T03:51:43.057-0300] {processor.py:925} INFO - DAG(s) 'example_external_task_marker_parent', 'example_external_task_marker_child' retrieved from /home/crisu/miniconda3/envs/lab13.1/lib/python3.9/site-packages/airflow/example_dags/example_external_task_marker_dag.py
[2024-12-07T03:51:43.073-0300] {logging_mixin.py:190} INFO - [2024-12-07T03:51:43.072-0300] {dag.py:3239} INFO - Sync 2 DAGs
[2024-12-07T03:51:43.084-0300] {logging_mixin.py:190} INFO - [2024-12-07T03:51:43.083-0300] {dag.py:4180} INFO - Setting next_dagrun for example_external_task_marker_child to None, run_after=None
[2024-12-07T03:51:43.087-0300] {logging_mixin.py:190} INFO - [2024-12-07T03:51:43.087-0300] {dag.py:4180} INFO - Setting next_dagrun for example_external_task_marker_parent to None, run_after=None
[2024-12-07T03:51:43.155-0300] {processor.py:208} INFO - Processing /home/crisu/miniconda3/envs/lab13.1/lib/python3.9/site-packages/airflow/example_dags/example_external_task_marker_dag.py took 0.138 seconds
[2024-12-07T03:53:11.776-0300] {processor.py:186} INFO - Started process (PID=47173) to work on /home/crisu/miniconda3/envs/lab13.1/lib/python3.9/site-packages/airflow/example_dags/example_external_task_marker_dag.py
[2024-12-07T03:53:11.823-0300] {processor.py:914} INFO - Processing file /home/crisu/miniconda3/envs/lab13.1/lib/python3.9/site-packages/airflow/example_dags/example_external_task_marker_dag.py for tasks to queue
[2024-12-07T03:53:11.825-0300] {logging_mixin.py:190} INFO - [2024-12-07T03:53:11.824-0300] {dagbag.py:588} INFO - Filling up the DagBag from /home/crisu/miniconda3/envs/lab13.1/lib/python3.9/site-packages/airflow/example_dags/example_external_task_marker_dag.py
[2024-12-07T03:53:11.832-0300] {processor.py:925} INFO - DAG(s) 'example_external_task_marker_child', 'example_external_task_marker_parent' retrieved from /home/crisu/miniconda3/envs/lab13.1/lib/python3.9/site-packages/airflow/example_dags/example_external_task_marker_dag.py
[2024-12-07T03:53:11.847-0300] {logging_mixin.py:190} INFO - [2024-12-07T03:53:11.847-0300] {dag.py:3239} INFO - Sync 2 DAGs
[2024-12-07T03:53:11.859-0300] {logging_mixin.py:190} INFO - [2024-12-07T03:53:11.859-0300] {dag.py:4180} INFO - Setting next_dagrun for example_external_task_marker_child to None, run_after=None
[2024-12-07T03:53:11.862-0300] {logging_mixin.py:190} INFO - [2024-12-07T03:53:11.862-0300] {dag.py:4180} INFO - Setting next_dagrun for example_external_task_marker_parent to None, run_after=None
[2024-12-07T03:53:13.533-0300] {processor.py:208} INFO - Processing /home/crisu/miniconda3/envs/lab13.1/lib/python3.9/site-packages/airflow/example_dags/example_external_task_marker_dag.py took 1.762 seconds
[2024-12-07T03:55:27.960-0300] {processor.py:186} INFO - Started process (PID=47460) to work on /home/crisu/miniconda3/envs/lab13.1/lib/python3.9/site-packages/airflow/example_dags/example_external_task_marker_dag.py
[2024-12-07T03:55:27.961-0300] {processor.py:914} INFO - Processing file /home/crisu/miniconda3/envs/lab13.1/lib/python3.9/site-packages/airflow/example_dags/example_external_task_marker_dag.py for tasks to queue
[2024-12-07T03:55:27.963-0300] {logging_mixin.py:190} INFO - [2024-12-07T03:55:27.963-0300] {dagbag.py:588} INFO - Filling up the DagBag from /home/crisu/miniconda3/envs/lab13.1/lib/python3.9/site-packages/airflow/example_dags/example_external_task_marker_dag.py
[2024-12-07T03:55:27.972-0300] {processor.py:925} INFO - DAG(s) 'example_external_task_marker_child', 'example_external_task_marker_parent' retrieved from /home/crisu/miniconda3/envs/lab13.1/lib/python3.9/site-packages/airflow/example_dags/example_external_task_marker_dag.py
[2024-12-07T03:55:27.988-0300] {logging_mixin.py:190} INFO - [2024-12-07T03:55:27.988-0300] {dag.py:3239} INFO - Sync 2 DAGs
[2024-12-07T03:55:28.000-0300] {logging_mixin.py:190} INFO - [2024-12-07T03:55:28.000-0300] {dag.py:4180} INFO - Setting next_dagrun for example_external_task_marker_child to None, run_after=None
[2024-12-07T03:55:28.004-0300] {logging_mixin.py:190} INFO - [2024-12-07T03:55:28.003-0300] {dag.py:4180} INFO - Setting next_dagrun for example_external_task_marker_parent to None, run_after=None
[2024-12-07T03:55:29.154-0300] {processor.py:208} INFO - Processing /home/crisu/miniconda3/envs/lab13.1/lib/python3.9/site-packages/airflow/example_dags/example_external_task_marker_dag.py took 1.202 seconds
[2024-12-07T03:57:09.810-0300] {processor.py:186} INFO - Started process (PID=47651) to work on /home/crisu/miniconda3/envs/lab13.1/lib/python3.9/site-packages/airflow/example_dags/example_external_task_marker_dag.py
[2024-12-07T03:57:09.812-0300] {processor.py:914} INFO - Processing file /home/crisu/miniconda3/envs/lab13.1/lib/python3.9/site-packages/airflow/example_dags/example_external_task_marker_dag.py for tasks to queue
[2024-12-07T03:57:09.813-0300] {logging_mixin.py:190} INFO - [2024-12-07T03:57:09.813-0300] {dagbag.py:588} INFO - Filling up the DagBag from /home/crisu/miniconda3/envs/lab13.1/lib/python3.9/site-packages/airflow/example_dags/example_external_task_marker_dag.py
[2024-12-07T03:57:09.821-0300] {processor.py:925} INFO - DAG(s) 'example_external_task_marker_child', 'example_external_task_marker_parent' retrieved from /home/crisu/miniconda3/envs/lab13.1/lib/python3.9/site-packages/airflow/example_dags/example_external_task_marker_dag.py
[2024-12-07T03:57:09.837-0300] {logging_mixin.py:190} INFO - [2024-12-07T03:57:09.836-0300] {dag.py:3239} INFO - Sync 2 DAGs
[2024-12-07T03:57:09.848-0300] {logging_mixin.py:190} INFO - [2024-12-07T03:57:09.847-0300] {dag.py:4180} INFO - Setting next_dagrun for example_external_task_marker_child to None, run_after=None
[2024-12-07T03:57:09.851-0300] {logging_mixin.py:190} INFO - [2024-12-07T03:57:09.851-0300] {dag.py:4180} INFO - Setting next_dagrun for example_external_task_marker_parent to None, run_after=None
[2024-12-07T03:57:09.909-0300] {processor.py:208} INFO - Processing /home/crisu/miniconda3/envs/lab13.1/lib/python3.9/site-packages/airflow/example_dags/example_external_task_marker_dag.py took 0.104 seconds
[2024-12-07T03:58:28.589-0300] {processor.py:186} INFO - Started process (PID=47820) to work on /home/crisu/miniconda3/envs/lab13.1/lib/python3.9/site-packages/airflow/example_dags/example_external_task_marker_dag.py
[2024-12-07T03:58:28.596-0300] {processor.py:914} INFO - Processing file /home/crisu/miniconda3/envs/lab13.1/lib/python3.9/site-packages/airflow/example_dags/example_external_task_marker_dag.py for tasks to queue
[2024-12-07T03:58:28.597-0300] {logging_mixin.py:190} INFO - [2024-12-07T03:58:28.597-0300] {dagbag.py:588} INFO - Filling up the DagBag from /home/crisu/miniconda3/envs/lab13.1/lib/python3.9/site-packages/airflow/example_dags/example_external_task_marker_dag.py
[2024-12-07T03:58:28.604-0300] {processor.py:925} INFO - DAG(s) 'example_external_task_marker_child', 'example_external_task_marker_parent' retrieved from /home/crisu/miniconda3/envs/lab13.1/lib/python3.9/site-packages/airflow/example_dags/example_external_task_marker_dag.py
[2024-12-07T03:58:28.620-0300] {logging_mixin.py:190} INFO - [2024-12-07T03:58:28.620-0300] {dag.py:3239} INFO - Sync 2 DAGs
[2024-12-07T03:58:28.634-0300] {logging_mixin.py:190} INFO - [2024-12-07T03:58:28.633-0300] {dag.py:4180} INFO - Setting next_dagrun for example_external_task_marker_child to None, run_after=None
[2024-12-07T03:58:28.636-0300] {logging_mixin.py:190} INFO - [2024-12-07T03:58:28.636-0300] {dag.py:4180} INFO - Setting next_dagrun for example_external_task_marker_parent to None, run_after=None
[2024-12-07T03:58:28.695-0300] {processor.py:208} INFO - Processing /home/crisu/miniconda3/envs/lab13.1/lib/python3.9/site-packages/airflow/example_dags/example_external_task_marker_dag.py took 0.110 seconds
[2024-12-07T04:00:26.669-0300] {processor.py:186} INFO - Started process (PID=48055) to work on /home/crisu/miniconda3/envs/lab13.1/lib/python3.9/site-packages/airflow/example_dags/example_external_task_marker_dag.py
[2024-12-07T04:00:26.681-0300] {processor.py:914} INFO - Processing file /home/crisu/miniconda3/envs/lab13.1/lib/python3.9/site-packages/airflow/example_dags/example_external_task_marker_dag.py for tasks to queue
[2024-12-07T04:00:26.683-0300] {logging_mixin.py:190} INFO - [2024-12-07T04:00:26.683-0300] {dagbag.py:588} INFO - Filling up the DagBag from /home/crisu/miniconda3/envs/lab13.1/lib/python3.9/site-packages/airflow/example_dags/example_external_task_marker_dag.py
[2024-12-07T04:00:26.691-0300] {processor.py:925} INFO - DAG(s) 'example_external_task_marker_child', 'example_external_task_marker_parent' retrieved from /home/crisu/miniconda3/envs/lab13.1/lib/python3.9/site-packages/airflow/example_dags/example_external_task_marker_dag.py
[2024-12-07T04:00:26.706-0300] {logging_mixin.py:190} INFO - [2024-12-07T04:00:26.706-0300] {dag.py:3239} INFO - Sync 2 DAGs
[2024-12-07T04:00:26.716-0300] {logging_mixin.py:190} INFO - [2024-12-07T04:00:26.716-0300] {dag.py:4180} INFO - Setting next_dagrun for example_external_task_marker_child to None, run_after=None
[2024-12-07T04:00:26.719-0300] {logging_mixin.py:190} INFO - [2024-12-07T04:00:26.719-0300] {dag.py:4180} INFO - Setting next_dagrun for example_external_task_marker_parent to None, run_after=None
[2024-12-07T04:00:26.782-0300] {processor.py:208} INFO - Processing /home/crisu/miniconda3/envs/lab13.1/lib/python3.9/site-packages/airflow/example_dags/example_external_task_marker_dag.py took 0.118 seconds
[2024-12-07T04:01:41.178-0300] {processor.py:186} INFO - Started process (PID=48232) to work on /home/crisu/miniconda3/envs/lab13.1/lib/python3.9/site-packages/airflow/example_dags/example_external_task_marker_dag.py
[2024-12-07T04:01:41.185-0300] {processor.py:914} INFO - Processing file /home/crisu/miniconda3/envs/lab13.1/lib/python3.9/site-packages/airflow/example_dags/example_external_task_marker_dag.py for tasks to queue
[2024-12-07T04:01:41.187-0300] {logging_mixin.py:190} INFO - [2024-12-07T04:01:41.187-0300] {dagbag.py:588} INFO - Filling up the DagBag from /home/crisu/miniconda3/envs/lab13.1/lib/python3.9/site-packages/airflow/example_dags/example_external_task_marker_dag.py
[2024-12-07T04:01:41.195-0300] {processor.py:925} INFO - DAG(s) 'example_external_task_marker_child', 'example_external_task_marker_parent' retrieved from /home/crisu/miniconda3/envs/lab13.1/lib/python3.9/site-packages/airflow/example_dags/example_external_task_marker_dag.py
[2024-12-07T04:01:41.212-0300] {logging_mixin.py:190} INFO - [2024-12-07T04:01:41.212-0300] {dag.py:3239} INFO - Sync 2 DAGs
[2024-12-07T04:01:41.224-0300] {logging_mixin.py:190} INFO - [2024-12-07T04:01:41.224-0300] {dag.py:4180} INFO - Setting next_dagrun for example_external_task_marker_child to None, run_after=None
[2024-12-07T04:01:41.227-0300] {logging_mixin.py:190} INFO - [2024-12-07T04:01:41.227-0300] {dag.py:4180} INFO - Setting next_dagrun for example_external_task_marker_parent to None, run_after=None
[2024-12-07T04:01:41.283-0300] {processor.py:208} INFO - Processing /home/crisu/miniconda3/envs/lab13.1/lib/python3.9/site-packages/airflow/example_dags/example_external_task_marker_dag.py took 0.110 seconds
[2024-12-07T04:07:56.672-0300] {processor.py:186} INFO - Started process (PID=49230) to work on /home/crisu/miniconda3/envs/lab13.1/lib/python3.9/site-packages/airflow/example_dags/example_external_task_marker_dag.py
[2024-12-07T04:07:56.692-0300] {processor.py:914} INFO - Processing file /home/crisu/miniconda3/envs/lab13.1/lib/python3.9/site-packages/airflow/example_dags/example_external_task_marker_dag.py for tasks to queue
[2024-12-07T04:07:56.694-0300] {logging_mixin.py:190} INFO - [2024-12-07T04:07:56.693-0300] {dagbag.py:588} INFO - Filling up the DagBag from /home/crisu/miniconda3/envs/lab13.1/lib/python3.9/site-packages/airflow/example_dags/example_external_task_marker_dag.py
[2024-12-07T04:07:56.700-0300] {processor.py:925} INFO - DAG(s) 'example_external_task_marker_parent', 'example_external_task_marker_child' retrieved from /home/crisu/miniconda3/envs/lab13.1/lib/python3.9/site-packages/airflow/example_dags/example_external_task_marker_dag.py
[2024-12-07T04:07:56.719-0300] {logging_mixin.py:190} INFO - [2024-12-07T04:07:56.719-0300] {dag.py:3239} INFO - Sync 2 DAGs
[2024-12-07T04:07:56.732-0300] {logging_mixin.py:190} INFO - [2024-12-07T04:07:56.732-0300] {dag.py:4180} INFO - Setting next_dagrun for example_external_task_marker_child to None, run_after=None
[2024-12-07T04:07:56.735-0300] {logging_mixin.py:190} INFO - [2024-12-07T04:07:56.735-0300] {dag.py:4180} INFO - Setting next_dagrun for example_external_task_marker_parent to None, run_after=None
[2024-12-07T04:07:56.806-0300] {processor.py:208} INFO - Processing /home/crisu/miniconda3/envs/lab13.1/lib/python3.9/site-packages/airflow/example_dags/example_external_task_marker_dag.py took 0.140 seconds
[2024-12-07T04:09:59.262-0300] {processor.py:186} INFO - Started process (PID=49467) to work on /home/crisu/miniconda3/envs/lab13.1/lib/python3.9/site-packages/airflow/example_dags/example_external_task_marker_dag.py
[2024-12-07T04:09:59.286-0300] {processor.py:914} INFO - Processing file /home/crisu/miniconda3/envs/lab13.1/lib/python3.9/site-packages/airflow/example_dags/example_external_task_marker_dag.py for tasks to queue
[2024-12-07T04:09:59.287-0300] {logging_mixin.py:190} INFO - [2024-12-07T04:09:59.287-0300] {dagbag.py:588} INFO - Filling up the DagBag from /home/crisu/miniconda3/envs/lab13.1/lib/python3.9/site-packages/airflow/example_dags/example_external_task_marker_dag.py
[2024-12-07T04:09:59.293-0300] {processor.py:925} INFO - DAG(s) 'example_external_task_marker_child', 'example_external_task_marker_parent' retrieved from /home/crisu/miniconda3/envs/lab13.1/lib/python3.9/site-packages/airflow/example_dags/example_external_task_marker_dag.py
[2024-12-07T04:09:59.309-0300] {logging_mixin.py:190} INFO - [2024-12-07T04:09:59.309-0300] {dag.py:3239} INFO - Sync 2 DAGs
[2024-12-07T04:09:59.320-0300] {logging_mixin.py:190} INFO - [2024-12-07T04:09:59.320-0300] {dag.py:4180} INFO - Setting next_dagrun for example_external_task_marker_child to None, run_after=None
[2024-12-07T04:09:59.323-0300] {logging_mixin.py:190} INFO - [2024-12-07T04:09:59.323-0300] {dag.py:4180} INFO - Setting next_dagrun for example_external_task_marker_parent to None, run_after=None
[2024-12-07T04:09:59.392-0300] {processor.py:208} INFO - Processing /home/crisu/miniconda3/envs/lab13.1/lib/python3.9/site-packages/airflow/example_dags/example_external_task_marker_dag.py took 0.136 seconds
[2024-12-07T04:12:00.031-0300] {processor.py:186} INFO - Started process (PID=49642) to work on /home/crisu/miniconda3/envs/lab13.1/lib/python3.9/site-packages/airflow/example_dags/example_external_task_marker_dag.py
[2024-12-07T04:12:00.032-0300] {processor.py:914} INFO - Processing file /home/crisu/miniconda3/envs/lab13.1/lib/python3.9/site-packages/airflow/example_dags/example_external_task_marker_dag.py for tasks to queue
[2024-12-07T04:12:00.033-0300] {logging_mixin.py:190} INFO - [2024-12-07T04:12:00.033-0300] {dagbag.py:588} INFO - Filling up the DagBag from /home/crisu/miniconda3/envs/lab13.1/lib/python3.9/site-packages/airflow/example_dags/example_external_task_marker_dag.py
[2024-12-07T04:12:00.038-0300] {processor.py:925} INFO - DAG(s) 'example_external_task_marker_child', 'example_external_task_marker_parent' retrieved from /home/crisu/miniconda3/envs/lab13.1/lib/python3.9/site-packages/airflow/example_dags/example_external_task_marker_dag.py
[2024-12-07T04:12:00.055-0300] {logging_mixin.py:190} INFO - [2024-12-07T04:12:00.055-0300] {dag.py:3239} INFO - Sync 2 DAGs
[2024-12-07T04:12:00.065-0300] {logging_mixin.py:190} INFO - [2024-12-07T04:12:00.065-0300] {dag.py:4180} INFO - Setting next_dagrun for example_external_task_marker_child to None, run_after=None
[2024-12-07T04:12:00.068-0300] {logging_mixin.py:190} INFO - [2024-12-07T04:12:00.068-0300] {dag.py:4180} INFO - Setting next_dagrun for example_external_task_marker_parent to None, run_after=None
[2024-12-07T04:12:00.122-0300] {processor.py:208} INFO - Processing /home/crisu/miniconda3/envs/lab13.1/lib/python3.9/site-packages/airflow/example_dags/example_external_task_marker_dag.py took 0.096 seconds
[2024-12-07T04:13:14.811-0300] {processor.py:186} INFO - Started process (PID=49759) to work on /home/crisu/miniconda3/envs/lab13.1/lib/python3.9/site-packages/airflow/example_dags/example_external_task_marker_dag.py
[2024-12-07T04:13:14.812-0300] {processor.py:914} INFO - Processing file /home/crisu/miniconda3/envs/lab13.1/lib/python3.9/site-packages/airflow/example_dags/example_external_task_marker_dag.py for tasks to queue
[2024-12-07T04:13:14.813-0300] {logging_mixin.py:190} INFO - [2024-12-07T04:13:14.813-0300] {dagbag.py:588} INFO - Filling up the DagBag from /home/crisu/miniconda3/envs/lab13.1/lib/python3.9/site-packages/airflow/example_dags/example_external_task_marker_dag.py
[2024-12-07T04:13:14.818-0300] {processor.py:925} INFO - DAG(s) 'example_external_task_marker_child', 'example_external_task_marker_parent' retrieved from /home/crisu/miniconda3/envs/lab13.1/lib/python3.9/site-packages/airflow/example_dags/example_external_task_marker_dag.py
[2024-12-07T04:13:14.834-0300] {logging_mixin.py:190} INFO - [2024-12-07T04:13:14.833-0300] {dag.py:3239} INFO - Sync 2 DAGs
[2024-12-07T04:13:14.845-0300] {logging_mixin.py:190} INFO - [2024-12-07T04:13:14.845-0300] {dag.py:4180} INFO - Setting next_dagrun for example_external_task_marker_child to None, run_after=None
[2024-12-07T04:13:14.848-0300] {logging_mixin.py:190} INFO - [2024-12-07T04:13:14.848-0300] {dag.py:4180} INFO - Setting next_dagrun for example_external_task_marker_parent to None, run_after=None
[2024-12-07T04:13:14.924-0300] {processor.py:208} INFO - Processing /home/crisu/miniconda3/envs/lab13.1/lib/python3.9/site-packages/airflow/example_dags/example_external_task_marker_dag.py took 0.119 seconds
[2024-12-07T04:14:33.428-0300] {processor.py:186} INFO - Started process (PID=49941) to work on /home/crisu/miniconda3/envs/lab13.1/lib/python3.9/site-packages/airflow/example_dags/example_external_task_marker_dag.py
[2024-12-07T04:14:33.447-0300] {processor.py:914} INFO - Processing file /home/crisu/miniconda3/envs/lab13.1/lib/python3.9/site-packages/airflow/example_dags/example_external_task_marker_dag.py for tasks to queue
[2024-12-07T04:14:33.448-0300] {logging_mixin.py:190} INFO - [2024-12-07T04:14:33.448-0300] {dagbag.py:588} INFO - Filling up the DagBag from /home/crisu/miniconda3/envs/lab13.1/lib/python3.9/site-packages/airflow/example_dags/example_external_task_marker_dag.py
[2024-12-07T04:14:33.453-0300] {processor.py:925} INFO - DAG(s) 'example_external_task_marker_parent', 'example_external_task_marker_child' retrieved from /home/crisu/miniconda3/envs/lab13.1/lib/python3.9/site-packages/airflow/example_dags/example_external_task_marker_dag.py
[2024-12-07T04:14:33.470-0300] {logging_mixin.py:190} INFO - [2024-12-07T04:14:33.470-0300] {dag.py:3239} INFO - Sync 2 DAGs
[2024-12-07T04:14:33.481-0300] {logging_mixin.py:190} INFO - [2024-12-07T04:14:33.481-0300] {dag.py:4180} INFO - Setting next_dagrun for example_external_task_marker_child to None, run_after=None
[2024-12-07T04:14:33.484-0300] {logging_mixin.py:190} INFO - [2024-12-07T04:14:33.484-0300] {dag.py:4180} INFO - Setting next_dagrun for example_external_task_marker_parent to None, run_after=None
[2024-12-07T04:14:33.664-0300] {processor.py:208} INFO - Processing /home/crisu/miniconda3/envs/lab13.1/lib/python3.9/site-packages/airflow/example_dags/example_external_task_marker_dag.py took 0.241 seconds
[2024-12-07T04:15:51.306-0300] {processor.py:186} INFO - Started process (PID=50051) to work on /home/crisu/miniconda3/envs/lab13.1/lib/python3.9/site-packages/airflow/example_dags/example_external_task_marker_dag.py
[2024-12-07T04:15:51.320-0300] {processor.py:914} INFO - Processing file /home/crisu/miniconda3/envs/lab13.1/lib/python3.9/site-packages/airflow/example_dags/example_external_task_marker_dag.py for tasks to queue
[2024-12-07T04:15:51.321-0300] {logging_mixin.py:190} INFO - [2024-12-07T04:15:51.321-0300] {dagbag.py:588} INFO - Filling up the DagBag from /home/crisu/miniconda3/envs/lab13.1/lib/python3.9/site-packages/airflow/example_dags/example_external_task_marker_dag.py
[2024-12-07T04:15:51.326-0300] {processor.py:925} INFO - DAG(s) 'example_external_task_marker_child', 'example_external_task_marker_parent' retrieved from /home/crisu/miniconda3/envs/lab13.1/lib/python3.9/site-packages/airflow/example_dags/example_external_task_marker_dag.py
[2024-12-07T04:15:51.343-0300] {logging_mixin.py:190} INFO - [2024-12-07T04:15:51.343-0300] {dag.py:3239} INFO - Sync 2 DAGs
[2024-12-07T04:15:51.354-0300] {logging_mixin.py:190} INFO - [2024-12-07T04:15:51.353-0300] {dag.py:4180} INFO - Setting next_dagrun for example_external_task_marker_child to None, run_after=None
[2024-12-07T04:15:51.357-0300] {logging_mixin.py:190} INFO - [2024-12-07T04:15:51.357-0300] {dag.py:4180} INFO - Setting next_dagrun for example_external_task_marker_parent to None, run_after=None
[2024-12-07T04:15:51.419-0300] {processor.py:208} INFO - Processing /home/crisu/miniconda3/envs/lab13.1/lib/python3.9/site-packages/airflow/example_dags/example_external_task_marker_dag.py took 0.119 seconds
