[2024-12-07T02:10:33.936-0300] {processor.py:186} INFO - Started process (PID=35765) to work on /home/crisu/miniconda3/envs/lab13.1/lib/python3.9/site-packages/airflow/example_dags/example_branch_day_of_week_operator.py
[2024-12-07T02:10:33.937-0300] {processor.py:914} INFO - Processing file /home/crisu/miniconda3/envs/lab13.1/lib/python3.9/site-packages/airflow/example_dags/example_branch_day_of_week_operator.py for tasks to queue
[2024-12-07T02:10:33.938-0300] {logging_mixin.py:190} INFO - [2024-12-07T02:10:33.938-0300] {dagbag.py:588} INFO - Filling up the DagBag from /home/crisu/miniconda3/envs/lab13.1/lib/python3.9/site-packages/airflow/example_dags/example_branch_day_of_week_operator.py
[2024-12-07T02:10:33.947-0300] {processor.py:925} INFO - DAG(s) 'example_weekday_branch_operator' retrieved from /home/crisu/miniconda3/envs/lab13.1/lib/python3.9/site-packages/airflow/example_dags/example_branch_day_of_week_operator.py
[2024-12-07T02:10:34.125-0300] {logging_mixin.py:190} INFO - [2024-12-07T02:10:34.124-0300] {override.py:1911} INFO - Created Permission View: can edit on DAG:example_weekday_branch_operator
[2024-12-07T02:10:34.181-0300] {logging_mixin.py:190} INFO - [2024-12-07T02:10:34.181-0300] {override.py:1911} INFO - Created Permission View: can read on DAG:example_weekday_branch_operator
[2024-12-07T02:10:34.228-0300] {logging_mixin.py:190} INFO - [2024-12-07T02:10:34.228-0300] {override.py:1911} INFO - Created Permission View: can delete on DAG:example_weekday_branch_operator
[2024-12-07T02:10:34.319-0300] {logging_mixin.py:190} INFO - [2024-12-07T02:10:34.318-0300] {override.py:1911} INFO - Created Permission View: can read on DAG Run:example_weekday_branch_operator
[2024-12-07T02:10:34.365-0300] {logging_mixin.py:190} INFO - [2024-12-07T02:10:34.364-0300] {override.py:1911} INFO - Created Permission View: can delete on DAG Run:example_weekday_branch_operator
[2024-12-07T02:10:34.410-0300] {logging_mixin.py:190} INFO - [2024-12-07T02:10:34.410-0300] {override.py:1911} INFO - Created Permission View: menu access on DAG Run:example_weekday_branch_operator
[2024-12-07T02:10:34.467-0300] {logging_mixin.py:190} INFO - [2024-12-07T02:10:34.466-0300] {override.py:1911} INFO - Created Permission View: can create on DAG Run:example_weekday_branch_operator
[2024-12-07T02:10:34.468-0300] {logging_mixin.py:190} INFO - [2024-12-07T02:10:34.468-0300] {dag.py:3239} INFO - Sync 1 DAGs
[2024-12-07T02:10:34.479-0300] {logging_mixin.py:190} INFO - [2024-12-07T02:10:34.478-0300] {dag.py:3262} INFO - Creating ORM DAG for example_weekday_branch_operator
[2024-12-07T02:10:34.489-0300] {logging_mixin.py:190} INFO - [2024-12-07T02:10:34.489-0300] {dag.py:4180} INFO - Setting next_dagrun for example_weekday_branch_operator to 2024-12-06 00:00:00+00:00, run_after=2024-12-07 00:00:00+00:00
[2024-12-07T02:10:34.556-0300] {processor.py:208} INFO - Processing /home/crisu/miniconda3/envs/lab13.1/lib/python3.9/site-packages/airflow/example_dags/example_branch_day_of_week_operator.py took 0.629 seconds
[2024-12-07T02:12:58.616-0300] {processor.py:186} INFO - Started process (PID=36028) to work on /home/crisu/miniconda3/envs/lab13.1/lib/python3.9/site-packages/airflow/example_dags/example_branch_day_of_week_operator.py
[2024-12-07T02:12:58.618-0300] {processor.py:914} INFO - Processing file /home/crisu/miniconda3/envs/lab13.1/lib/python3.9/site-packages/airflow/example_dags/example_branch_day_of_week_operator.py for tasks to queue
[2024-12-07T02:12:58.619-0300] {logging_mixin.py:190} INFO - [2024-12-07T02:12:58.619-0300] {dagbag.py:588} INFO - Filling up the DagBag from /home/crisu/miniconda3/envs/lab13.1/lib/python3.9/site-packages/airflow/example_dags/example_branch_day_of_week_operator.py
[2024-12-07T02:12:58.630-0300] {processor.py:925} INFO - DAG(s) 'example_weekday_branch_operator' retrieved from /home/crisu/miniconda3/envs/lab13.1/lib/python3.9/site-packages/airflow/example_dags/example_branch_day_of_week_operator.py
[2024-12-07T02:12:58.650-0300] {logging_mixin.py:190} INFO - [2024-12-07T02:12:58.650-0300] {dag.py:3239} INFO - Sync 1 DAGs
[2024-12-07T02:12:58.751-0300] {logging_mixin.py:190} INFO - [2024-12-07T02:12:58.750-0300] {dag.py:4180} INFO - Setting next_dagrun for example_weekday_branch_operator to 2024-12-06 00:00:00+00:00, run_after=2024-12-07 00:00:00+00:00
[2024-12-07T02:12:58.843-0300] {processor.py:208} INFO - Processing /home/crisu/miniconda3/envs/lab13.1/lib/python3.9/site-packages/airflow/example_dags/example_branch_day_of_week_operator.py took 0.234 seconds
[2024-12-07T02:15:48.790-0300] {processor.py:186} INFO - Started process (PID=36391) to work on /home/crisu/miniconda3/envs/lab13.1/lib/python3.9/site-packages/airflow/example_dags/example_branch_day_of_week_operator.py
[2024-12-07T02:15:48.806-0300] {processor.py:914} INFO - Processing file /home/crisu/miniconda3/envs/lab13.1/lib/python3.9/site-packages/airflow/example_dags/example_branch_day_of_week_operator.py for tasks to queue
[2024-12-07T02:15:48.808-0300] {logging_mixin.py:190} INFO - [2024-12-07T02:15:48.807-0300] {dagbag.py:588} INFO - Filling up the DagBag from /home/crisu/miniconda3/envs/lab13.1/lib/python3.9/site-packages/airflow/example_dags/example_branch_day_of_week_operator.py
[2024-12-07T02:15:48.816-0300] {processor.py:925} INFO - DAG(s) 'example_weekday_branch_operator' retrieved from /home/crisu/miniconda3/envs/lab13.1/lib/python3.9/site-packages/airflow/example_dags/example_branch_day_of_week_operator.py
[2024-12-07T02:15:48.831-0300] {logging_mixin.py:190} INFO - [2024-12-07T02:15:48.831-0300] {dag.py:3239} INFO - Sync 1 DAGs
[2024-12-07T02:15:48.854-0300] {logging_mixin.py:190} INFO - [2024-12-07T02:15:48.854-0300] {dag.py:4180} INFO - Setting next_dagrun for example_weekday_branch_operator to 2024-12-06 00:00:00+00:00, run_after=2024-12-07 00:00:00+00:00
[2024-12-07T02:15:49.007-0300] {processor.py:208} INFO - Processing /home/crisu/miniconda3/envs/lab13.1/lib/python3.9/site-packages/airflow/example_dags/example_branch_day_of_week_operator.py took 0.224 seconds
[2024-12-07T02:17:24.910-0300] {processor.py:186} INFO - Started process (PID=36542) to work on /home/crisu/miniconda3/envs/lab13.1/lib/python3.9/site-packages/airflow/example_dags/example_branch_day_of_week_operator.py
[2024-12-07T02:17:25.014-0300] {processor.py:914} INFO - Processing file /home/crisu/miniconda3/envs/lab13.1/lib/python3.9/site-packages/airflow/example_dags/example_branch_day_of_week_operator.py for tasks to queue
[2024-12-07T02:17:25.016-0300] {logging_mixin.py:190} INFO - [2024-12-07T02:17:25.016-0300] {dagbag.py:588} INFO - Filling up the DagBag from /home/crisu/miniconda3/envs/lab13.1/lib/python3.9/site-packages/airflow/example_dags/example_branch_day_of_week_operator.py
[2024-12-07T02:17:25.025-0300] {processor.py:925} INFO - DAG(s) 'example_weekday_branch_operator' retrieved from /home/crisu/miniconda3/envs/lab13.1/lib/python3.9/site-packages/airflow/example_dags/example_branch_day_of_week_operator.py
[2024-12-07T02:17:25.039-0300] {logging_mixin.py:190} INFO - [2024-12-07T02:17:25.038-0300] {dag.py:3239} INFO - Sync 1 DAGs
[2024-12-07T02:17:25.056-0300] {logging_mixin.py:190} INFO - [2024-12-07T02:17:25.056-0300] {dag.py:4180} INFO - Setting next_dagrun for example_weekday_branch_operator to 2024-12-06 00:00:00+00:00, run_after=2024-12-07 00:00:00+00:00
[2024-12-07T02:17:25.116-0300] {processor.py:208} INFO - Processing /home/crisu/miniconda3/envs/lab13.1/lib/python3.9/site-packages/airflow/example_dags/example_branch_day_of_week_operator.py took 0.214 seconds
[2024-12-07T02:18:54.047-0300] {processor.py:186} INFO - Started process (PID=36777) to work on /home/crisu/miniconda3/envs/lab13.1/lib/python3.9/site-packages/airflow/example_dags/example_branch_day_of_week_operator.py
[2024-12-07T02:18:54.137-0300] {processor.py:914} INFO - Processing file /home/crisu/miniconda3/envs/lab13.1/lib/python3.9/site-packages/airflow/example_dags/example_branch_day_of_week_operator.py for tasks to queue
[2024-12-07T02:18:54.139-0300] {logging_mixin.py:190} INFO - [2024-12-07T02:18:54.139-0300] {dagbag.py:588} INFO - Filling up the DagBag from /home/crisu/miniconda3/envs/lab13.1/lib/python3.9/site-packages/airflow/example_dags/example_branch_day_of_week_operator.py
[2024-12-07T02:18:54.148-0300] {processor.py:925} INFO - DAG(s) 'example_weekday_branch_operator' retrieved from /home/crisu/miniconda3/envs/lab13.1/lib/python3.9/site-packages/airflow/example_dags/example_branch_day_of_week_operator.py
[2024-12-07T02:18:54.162-0300] {logging_mixin.py:190} INFO - [2024-12-07T02:18:54.162-0300] {dag.py:3239} INFO - Sync 1 DAGs
[2024-12-07T02:18:54.180-0300] {logging_mixin.py:190} INFO - [2024-12-07T02:18:54.180-0300] {dag.py:4180} INFO - Setting next_dagrun for example_weekday_branch_operator to 2024-12-06 00:00:00+00:00, run_after=2024-12-07 00:00:00+00:00
[2024-12-07T02:18:55.284-0300] {processor.py:208} INFO - Processing /home/crisu/miniconda3/envs/lab13.1/lib/python3.9/site-packages/airflow/example_dags/example_branch_day_of_week_operator.py took 1.245 seconds
[2024-12-07T02:33:07.807-0300] {processor.py:186} INFO - Started process (PID=38103) to work on /home/crisu/miniconda3/envs/lab13.1/lib/python3.9/site-packages/airflow/example_dags/example_branch_day_of_week_operator.py
[2024-12-07T02:33:07.817-0300] {processor.py:914} INFO - Processing file /home/crisu/miniconda3/envs/lab13.1/lib/python3.9/site-packages/airflow/example_dags/example_branch_day_of_week_operator.py for tasks to queue
[2024-12-07T02:33:07.819-0300] {logging_mixin.py:190} INFO - [2024-12-07T02:33:07.819-0300] {dagbag.py:588} INFO - Filling up the DagBag from /home/crisu/miniconda3/envs/lab13.1/lib/python3.9/site-packages/airflow/example_dags/example_branch_day_of_week_operator.py
[2024-12-07T02:33:07.828-0300] {processor.py:925} INFO - DAG(s) 'example_weekday_branch_operator' retrieved from /home/crisu/miniconda3/envs/lab13.1/lib/python3.9/site-packages/airflow/example_dags/example_branch_day_of_week_operator.py
[2024-12-07T02:33:07.842-0300] {logging_mixin.py:190} INFO - [2024-12-07T02:33:07.841-0300] {dag.py:3239} INFO - Sync 1 DAGs
[2024-12-07T02:33:07.860-0300] {logging_mixin.py:190} INFO - [2024-12-07T02:33:07.860-0300] {dag.py:4180} INFO - Setting next_dagrun for example_weekday_branch_operator to 2024-12-06 00:00:00+00:00, run_after=2024-12-07 00:00:00+00:00
[2024-12-07T02:33:08.082-0300] {processor.py:208} INFO - Processing /home/crisu/miniconda3/envs/lab13.1/lib/python3.9/site-packages/airflow/example_dags/example_branch_day_of_week_operator.py took 0.279 seconds
[2024-12-07T02:36:37.037-0300] {processor.py:186} INFO - Started process (PID=38534) to work on /home/crisu/miniconda3/envs/lab13.1/lib/python3.9/site-packages/airflow/example_dags/example_branch_day_of_week_operator.py
[2024-12-07T02:36:37.039-0300] {processor.py:914} INFO - Processing file /home/crisu/miniconda3/envs/lab13.1/lib/python3.9/site-packages/airflow/example_dags/example_branch_day_of_week_operator.py for tasks to queue
[2024-12-07T02:36:37.041-0300] {logging_mixin.py:190} INFO - [2024-12-07T02:36:37.041-0300] {dagbag.py:588} INFO - Filling up the DagBag from /home/crisu/miniconda3/envs/lab13.1/lib/python3.9/site-packages/airflow/example_dags/example_branch_day_of_week_operator.py
[2024-12-07T02:36:37.053-0300] {processor.py:925} INFO - DAG(s) 'example_weekday_branch_operator' retrieved from /home/crisu/miniconda3/envs/lab13.1/lib/python3.9/site-packages/airflow/example_dags/example_branch_day_of_week_operator.py
[2024-12-07T02:36:37.071-0300] {logging_mixin.py:190} INFO - [2024-12-07T02:36:37.071-0300] {dag.py:3239} INFO - Sync 1 DAGs
[2024-12-07T02:36:37.090-0300] {logging_mixin.py:190} INFO - [2024-12-07T02:36:37.090-0300] {dag.py:4180} INFO - Setting next_dagrun for example_weekday_branch_operator to 2024-12-06 00:00:00+00:00, run_after=2024-12-07 00:00:00+00:00
[2024-12-07T02:36:37.151-0300] {processor.py:208} INFO - Processing /home/crisu/miniconda3/envs/lab13.1/lib/python3.9/site-packages/airflow/example_dags/example_branch_day_of_week_operator.py took 0.119 seconds
[2024-12-07T02:39:54.563-0300] {processor.py:186} INFO - Started process (PID=38816) to work on /home/crisu/miniconda3/envs/lab13.1/lib/python3.9/site-packages/airflow/example_dags/example_branch_day_of_week_operator.py
[2024-12-07T02:39:54.584-0300] {processor.py:914} INFO - Processing file /home/crisu/miniconda3/envs/lab13.1/lib/python3.9/site-packages/airflow/example_dags/example_branch_day_of_week_operator.py for tasks to queue
[2024-12-07T02:39:54.586-0300] {logging_mixin.py:190} INFO - [2024-12-07T02:39:54.586-0300] {dagbag.py:588} INFO - Filling up the DagBag from /home/crisu/miniconda3/envs/lab13.1/lib/python3.9/site-packages/airflow/example_dags/example_branch_day_of_week_operator.py
[2024-12-07T02:39:54.595-0300] {processor.py:925} INFO - DAG(s) 'example_weekday_branch_operator' retrieved from /home/crisu/miniconda3/envs/lab13.1/lib/python3.9/site-packages/airflow/example_dags/example_branch_day_of_week_operator.py
[2024-12-07T02:39:54.609-0300] {logging_mixin.py:190} INFO - [2024-12-07T02:39:54.609-0300] {dag.py:3239} INFO - Sync 1 DAGs
[2024-12-07T02:39:54.627-0300] {logging_mixin.py:190} INFO - [2024-12-07T02:39:54.627-0300] {dag.py:4180} INFO - Setting next_dagrun for example_weekday_branch_operator to 2024-12-06 00:00:00+00:00, run_after=2024-12-07 00:00:00+00:00
[2024-12-07T02:39:55.982-0300] {processor.py:208} INFO - Processing /home/crisu/miniconda3/envs/lab13.1/lib/python3.9/site-packages/airflow/example_dags/example_branch_day_of_week_operator.py took 1.424 seconds
[2024-12-07T02:41:28.350-0300] {processor.py:186} INFO - Started process (PID=38988) to work on /home/crisu/miniconda3/envs/lab13.1/lib/python3.9/site-packages/airflow/example_dags/example_branch_day_of_week_operator.py
[2024-12-07T02:41:28.360-0300] {processor.py:914} INFO - Processing file /home/crisu/miniconda3/envs/lab13.1/lib/python3.9/site-packages/airflow/example_dags/example_branch_day_of_week_operator.py for tasks to queue
[2024-12-07T02:41:28.362-0300] {logging_mixin.py:190} INFO - [2024-12-07T02:41:28.362-0300] {dagbag.py:588} INFO - Filling up the DagBag from /home/crisu/miniconda3/envs/lab13.1/lib/python3.9/site-packages/airflow/example_dags/example_branch_day_of_week_operator.py
[2024-12-07T02:41:28.371-0300] {processor.py:925} INFO - DAG(s) 'example_weekday_branch_operator' retrieved from /home/crisu/miniconda3/envs/lab13.1/lib/python3.9/site-packages/airflow/example_dags/example_branch_day_of_week_operator.py
[2024-12-07T02:41:28.385-0300] {logging_mixin.py:190} INFO - [2024-12-07T02:41:28.385-0300] {dag.py:3239} INFO - Sync 1 DAGs
[2024-12-07T02:41:28.402-0300] {logging_mixin.py:190} INFO - [2024-12-07T02:41:28.402-0300] {dag.py:4180} INFO - Setting next_dagrun for example_weekday_branch_operator to 2024-12-06 00:00:00+00:00, run_after=2024-12-07 00:00:00+00:00
[2024-12-07T02:41:28.550-0300] {processor.py:208} INFO - Processing /home/crisu/miniconda3/envs/lab13.1/lib/python3.9/site-packages/airflow/example_dags/example_branch_day_of_week_operator.py took 0.205 seconds
[2024-12-07T02:45:28.603-0300] {processor.py:186} INFO - Started process (PID=39766) to work on /home/crisu/miniconda3/envs/lab13.1/lib/python3.9/site-packages/airflow/example_dags/example_branch_day_of_week_operator.py
[2024-12-07T02:45:28.604-0300] {processor.py:914} INFO - Processing file /home/crisu/miniconda3/envs/lab13.1/lib/python3.9/site-packages/airflow/example_dags/example_branch_day_of_week_operator.py for tasks to queue
[2024-12-07T02:45:28.606-0300] {logging_mixin.py:190} INFO - [2024-12-07T02:45:28.606-0300] {dagbag.py:588} INFO - Filling up the DagBag from /home/crisu/miniconda3/envs/lab13.1/lib/python3.9/site-packages/airflow/example_dags/example_branch_day_of_week_operator.py
[2024-12-07T02:45:28.615-0300] {processor.py:925} INFO - DAG(s) 'example_weekday_branch_operator' retrieved from /home/crisu/miniconda3/envs/lab13.1/lib/python3.9/site-packages/airflow/example_dags/example_branch_day_of_week_operator.py
[2024-12-07T02:45:28.629-0300] {logging_mixin.py:190} INFO - [2024-12-07T02:45:28.629-0300] {dag.py:3239} INFO - Sync 1 DAGs
[2024-12-07T02:45:28.649-0300] {logging_mixin.py:190} INFO - [2024-12-07T02:45:28.648-0300] {dag.py:4180} INFO - Setting next_dagrun for example_weekday_branch_operator to 2024-12-06 00:00:00+00:00, run_after=2024-12-07 00:00:00+00:00
[2024-12-07T02:45:28.799-0300] {processor.py:208} INFO - Processing /home/crisu/miniconda3/envs/lab13.1/lib/python3.9/site-packages/airflow/example_dags/example_branch_day_of_week_operator.py took 0.201 seconds
[2024-12-07T02:50:47.617-0300] {processor.py:186} INFO - Started process (PID=40877) to work on /home/crisu/miniconda3/envs/lab13.1/lib/python3.9/site-packages/airflow/example_dags/example_branch_day_of_week_operator.py
[2024-12-07T02:50:47.618-0300] {processor.py:914} INFO - Processing file /home/crisu/miniconda3/envs/lab13.1/lib/python3.9/site-packages/airflow/example_dags/example_branch_day_of_week_operator.py for tasks to queue
[2024-12-07T02:50:47.620-0300] {logging_mixin.py:190} INFO - [2024-12-07T02:50:47.620-0300] {dagbag.py:588} INFO - Filling up the DagBag from /home/crisu/miniconda3/envs/lab13.1/lib/python3.9/site-packages/airflow/example_dags/example_branch_day_of_week_operator.py
[2024-12-07T02:50:47.628-0300] {processor.py:925} INFO - DAG(s) 'example_weekday_branch_operator' retrieved from /home/crisu/miniconda3/envs/lab13.1/lib/python3.9/site-packages/airflow/example_dags/example_branch_day_of_week_operator.py
[2024-12-07T02:50:47.642-0300] {logging_mixin.py:190} INFO - [2024-12-07T02:50:47.642-0300] {dag.py:3239} INFO - Sync 1 DAGs
[2024-12-07T02:50:47.660-0300] {logging_mixin.py:190} INFO - [2024-12-07T02:50:47.660-0300] {dag.py:4180} INFO - Setting next_dagrun for example_weekday_branch_operator to 2024-12-06 00:00:00+00:00, run_after=2024-12-07 00:00:00+00:00
[2024-12-07T02:50:47.722-0300] {processor.py:208} INFO - Processing /home/crisu/miniconda3/envs/lab13.1/lib/python3.9/site-packages/airflow/example_dags/example_branch_day_of_week_operator.py took 0.112 seconds
[2024-12-07T03:22:19.850-0300] {processor.py:186} INFO - Started process (PID=42762) to work on /home/crisu/miniconda3/envs/lab13.1/lib/python3.9/site-packages/airflow/example_dags/example_branch_day_of_week_operator.py
[2024-12-07T03:22:19.894-0300] {processor.py:914} INFO - Processing file /home/crisu/miniconda3/envs/lab13.1/lib/python3.9/site-packages/airflow/example_dags/example_branch_day_of_week_operator.py for tasks to queue
[2024-12-07T03:22:19.896-0300] {logging_mixin.py:190} INFO - [2024-12-07T03:22:19.895-0300] {dagbag.py:588} INFO - Filling up the DagBag from /home/crisu/miniconda3/envs/lab13.1/lib/python3.9/site-packages/airflow/example_dags/example_branch_day_of_week_operator.py
[2024-12-07T03:22:19.903-0300] {processor.py:925} INFO - DAG(s) 'example_weekday_branch_operator' retrieved from /home/crisu/miniconda3/envs/lab13.1/lib/python3.9/site-packages/airflow/example_dags/example_branch_day_of_week_operator.py
[2024-12-07T03:22:19.917-0300] {logging_mixin.py:190} INFO - [2024-12-07T03:22:19.917-0300] {dag.py:3239} INFO - Sync 1 DAGs
[2024-12-07T03:22:19.934-0300] {logging_mixin.py:190} INFO - [2024-12-07T03:22:19.934-0300] {dag.py:4180} INFO - Setting next_dagrun for example_weekday_branch_operator to 2024-12-06 00:00:00+00:00, run_after=2024-12-07 00:00:00+00:00
[2024-12-07T03:22:21.080-0300] {processor.py:208} INFO - Processing /home/crisu/miniconda3/envs/lab13.1/lib/python3.9/site-packages/airflow/example_dags/example_branch_day_of_week_operator.py took 1.234 seconds
[2024-12-07T03:28:33.604-0300] {processor.py:186} INFO - Started process (PID=43688) to work on /home/crisu/miniconda3/envs/lab13.1/lib/python3.9/site-packages/airflow/example_dags/example_branch_day_of_week_operator.py
[2024-12-07T03:28:33.791-0300] {processor.py:914} INFO - Processing file /home/crisu/miniconda3/envs/lab13.1/lib/python3.9/site-packages/airflow/example_dags/example_branch_day_of_week_operator.py for tasks to queue
[2024-12-07T03:28:33.795-0300] {logging_mixin.py:190} INFO - [2024-12-07T03:28:33.794-0300] {dagbag.py:588} INFO - Filling up the DagBag from /home/crisu/miniconda3/envs/lab13.1/lib/python3.9/site-packages/airflow/example_dags/example_branch_day_of_week_operator.py
[2024-12-07T03:28:33.804-0300] {processor.py:925} INFO - DAG(s) 'example_weekday_branch_operator' retrieved from /home/crisu/miniconda3/envs/lab13.1/lib/python3.9/site-packages/airflow/example_dags/example_branch_day_of_week_operator.py
[2024-12-07T03:28:37.354-0300] {logging_mixin.py:190} INFO - [2024-12-07T03:28:37.354-0300] {dag.py:3239} INFO - Sync 1 DAGs
[2024-12-07T03:28:37.380-0300] {logging_mixin.py:190} INFO - [2024-12-07T03:28:37.380-0300] {dag.py:4180} INFO - Setting next_dagrun for example_weekday_branch_operator to 2024-12-06 00:00:00+00:00, run_after=2024-12-07 00:00:00+00:00
[2024-12-07T03:28:38.565-0300] {processor.py:208} INFO - Processing /home/crisu/miniconda3/envs/lab13.1/lib/python3.9/site-packages/airflow/example_dags/example_branch_day_of_week_operator.py took 4.966 seconds
[2024-12-07T03:35:05.687-0300] {processor.py:186} INFO - Started process (PID=44677) to work on /home/crisu/miniconda3/envs/lab13.1/lib/python3.9/site-packages/airflow/example_dags/example_branch_day_of_week_operator.py
[2024-12-07T03:35:05.849-0300] {processor.py:914} INFO - Processing file /home/crisu/miniconda3/envs/lab13.1/lib/python3.9/site-packages/airflow/example_dags/example_branch_day_of_week_operator.py for tasks to queue
[2024-12-07T03:35:05.851-0300] {logging_mixin.py:190} INFO - [2024-12-07T03:35:05.851-0300] {dagbag.py:588} INFO - Filling up the DagBag from /home/crisu/miniconda3/envs/lab13.1/lib/python3.9/site-packages/airflow/example_dags/example_branch_day_of_week_operator.py
[2024-12-07T03:35:05.857-0300] {processor.py:925} INFO - DAG(s) 'example_weekday_branch_operator' retrieved from /home/crisu/miniconda3/envs/lab13.1/lib/python3.9/site-packages/airflow/example_dags/example_branch_day_of_week_operator.py
[2024-12-07T03:35:05.871-0300] {logging_mixin.py:190} INFO - [2024-12-07T03:35:05.871-0300] {dag.py:3239} INFO - Sync 1 DAGs
[2024-12-07T03:35:05.887-0300] {logging_mixin.py:190} INFO - [2024-12-07T03:35:05.887-0300] {dag.py:4180} INFO - Setting next_dagrun for example_weekday_branch_operator to 2024-12-06 00:00:00+00:00, run_after=2024-12-07 00:00:00+00:00
[2024-12-07T03:35:07.220-0300] {processor.py:208} INFO - Processing /home/crisu/miniconda3/envs/lab13.1/lib/python3.9/site-packages/airflow/example_dags/example_branch_day_of_week_operator.py took 1.539 seconds
[2024-12-07T03:37:12.197-0300] {processor.py:186} INFO - Started process (PID=44872) to work on /home/crisu/miniconda3/envs/lab13.1/lib/python3.9/site-packages/airflow/example_dags/example_branch_day_of_week_operator.py
[2024-12-07T03:37:12.327-0300] {processor.py:914} INFO - Processing file /home/crisu/miniconda3/envs/lab13.1/lib/python3.9/site-packages/airflow/example_dags/example_branch_day_of_week_operator.py for tasks to queue
[2024-12-07T03:37:12.329-0300] {logging_mixin.py:190} INFO - [2024-12-07T03:37:12.328-0300] {dagbag.py:588} INFO - Filling up the DagBag from /home/crisu/miniconda3/envs/lab13.1/lib/python3.9/site-packages/airflow/example_dags/example_branch_day_of_week_operator.py
[2024-12-07T03:37:12.336-0300] {processor.py:925} INFO - DAG(s) 'example_weekday_branch_operator' retrieved from /home/crisu/miniconda3/envs/lab13.1/lib/python3.9/site-packages/airflow/example_dags/example_branch_day_of_week_operator.py
[2024-12-07T03:37:12.351-0300] {logging_mixin.py:190} INFO - [2024-12-07T03:37:12.351-0300] {dag.py:3239} INFO - Sync 1 DAGs
[2024-12-07T03:37:12.371-0300] {logging_mixin.py:190} INFO - [2024-12-07T03:37:12.371-0300] {dag.py:4180} INFO - Setting next_dagrun for example_weekday_branch_operator to 2024-12-06 00:00:00+00:00, run_after=2024-12-07 00:00:00+00:00
[2024-12-07T03:37:13.504-0300] {processor.py:208} INFO - Processing /home/crisu/miniconda3/envs/lab13.1/lib/python3.9/site-packages/airflow/example_dags/example_branch_day_of_week_operator.py took 1.312 seconds
[2024-12-07T03:38:49.477-0300] {processor.py:186} INFO - Started process (PID=45074) to work on /home/crisu/miniconda3/envs/lab13.1/lib/python3.9/site-packages/airflow/example_dags/example_branch_day_of_week_operator.py
[2024-12-07T03:38:49.490-0300] {processor.py:914} INFO - Processing file /home/crisu/miniconda3/envs/lab13.1/lib/python3.9/site-packages/airflow/example_dags/example_branch_day_of_week_operator.py for tasks to queue
[2024-12-07T03:38:49.491-0300] {logging_mixin.py:190} INFO - [2024-12-07T03:38:49.491-0300] {dagbag.py:588} INFO - Filling up the DagBag from /home/crisu/miniconda3/envs/lab13.1/lib/python3.9/site-packages/airflow/example_dags/example_branch_day_of_week_operator.py
[2024-12-07T03:38:49.499-0300] {processor.py:925} INFO - DAG(s) 'example_weekday_branch_operator' retrieved from /home/crisu/miniconda3/envs/lab13.1/lib/python3.9/site-packages/airflow/example_dags/example_branch_day_of_week_operator.py
[2024-12-07T03:38:49.512-0300] {logging_mixin.py:190} INFO - [2024-12-07T03:38:49.512-0300] {dag.py:3239} INFO - Sync 1 DAGs
[2024-12-07T03:38:49.529-0300] {logging_mixin.py:190} INFO - [2024-12-07T03:38:49.528-0300] {dag.py:4180} INFO - Setting next_dagrun for example_weekday_branch_operator to 2024-12-06 00:00:00+00:00, run_after=2024-12-07 00:00:00+00:00
[2024-12-07T03:38:49.613-0300] {processor.py:208} INFO - Processing /home/crisu/miniconda3/envs/lab13.1/lib/python3.9/site-packages/airflow/example_dags/example_branch_day_of_week_operator.py took 0.142 seconds
[2024-12-07T03:40:07.808-0300] {processor.py:186} INFO - Started process (PID=45224) to work on /home/crisu/miniconda3/envs/lab13.1/lib/python3.9/site-packages/airflow/example_dags/example_branch_day_of_week_operator.py
[2024-12-07T03:40:07.829-0300] {processor.py:914} INFO - Processing file /home/crisu/miniconda3/envs/lab13.1/lib/python3.9/site-packages/airflow/example_dags/example_branch_day_of_week_operator.py for tasks to queue
[2024-12-07T03:40:07.830-0300] {logging_mixin.py:190} INFO - [2024-12-07T03:40:07.830-0300] {dagbag.py:588} INFO - Filling up the DagBag from /home/crisu/miniconda3/envs/lab13.1/lib/python3.9/site-packages/airflow/example_dags/example_branch_day_of_week_operator.py
[2024-12-07T03:40:07.838-0300] {processor.py:925} INFO - DAG(s) 'example_weekday_branch_operator' retrieved from /home/crisu/miniconda3/envs/lab13.1/lib/python3.9/site-packages/airflow/example_dags/example_branch_day_of_week_operator.py
[2024-12-07T03:40:07.853-0300] {logging_mixin.py:190} INFO - [2024-12-07T03:40:07.853-0300] {dag.py:3239} INFO - Sync 1 DAGs
[2024-12-07T03:40:07.869-0300] {logging_mixin.py:190} INFO - [2024-12-07T03:40:07.869-0300] {dag.py:4180} INFO - Setting next_dagrun for example_weekday_branch_operator to 2024-12-06 00:00:00+00:00, run_after=2024-12-07 00:00:00+00:00
[2024-12-07T03:40:07.928-0300] {processor.py:208} INFO - Processing /home/crisu/miniconda3/envs/lab13.1/lib/python3.9/site-packages/airflow/example_dags/example_branch_day_of_week_operator.py took 0.126 seconds
[2024-12-07T03:47:16.406-0300] {processor.py:186} INFO - Started process (PID=46521) to work on /home/crisu/miniconda3/envs/lab13.1/lib/python3.9/site-packages/airflow/example_dags/example_branch_day_of_week_operator.py
[2024-12-07T03:47:16.445-0300] {processor.py:914} INFO - Processing file /home/crisu/miniconda3/envs/lab13.1/lib/python3.9/site-packages/airflow/example_dags/example_branch_day_of_week_operator.py for tasks to queue
[2024-12-07T03:47:16.447-0300] {logging_mixin.py:190} INFO - [2024-12-07T03:47:16.446-0300] {dagbag.py:588} INFO - Filling up the DagBag from /home/crisu/miniconda3/envs/lab13.1/lib/python3.9/site-packages/airflow/example_dags/example_branch_day_of_week_operator.py
[2024-12-07T03:47:16.455-0300] {processor.py:925} INFO - DAG(s) 'example_weekday_branch_operator' retrieved from /home/crisu/miniconda3/envs/lab13.1/lib/python3.9/site-packages/airflow/example_dags/example_branch_day_of_week_operator.py
[2024-12-07T03:47:16.469-0300] {logging_mixin.py:190} INFO - [2024-12-07T03:47:16.469-0300] {dag.py:3239} INFO - Sync 1 DAGs
[2024-12-07T03:47:16.487-0300] {logging_mixin.py:190} INFO - [2024-12-07T03:47:16.487-0300] {dag.py:4180} INFO - Setting next_dagrun for example_weekday_branch_operator to 2024-12-06 00:00:00+00:00, run_after=2024-12-07 00:00:00+00:00
[2024-12-07T03:47:17.016-0300] {processor.py:208} INFO - Processing /home/crisu/miniconda3/envs/lab13.1/lib/python3.9/site-packages/airflow/example_dags/example_branch_day_of_week_operator.py took 0.615 seconds
[2024-12-07T03:51:04.796-0300] {processor.py:186} INFO - Started process (PID=46960) to work on /home/crisu/miniconda3/envs/lab13.1/lib/python3.9/site-packages/airflow/example_dags/example_branch_day_of_week_operator.py
[2024-12-07T03:51:04.828-0300] {processor.py:914} INFO - Processing file /home/crisu/miniconda3/envs/lab13.1/lib/python3.9/site-packages/airflow/example_dags/example_branch_day_of_week_operator.py for tasks to queue
[2024-12-07T03:51:04.830-0300] {logging_mixin.py:190} INFO - [2024-12-07T03:51:04.830-0300] {dagbag.py:588} INFO - Filling up the DagBag from /home/crisu/miniconda3/envs/lab13.1/lib/python3.9/site-packages/airflow/example_dags/example_branch_day_of_week_operator.py
[2024-12-07T03:51:04.840-0300] {processor.py:925} INFO - DAG(s) 'example_weekday_branch_operator' retrieved from /home/crisu/miniconda3/envs/lab13.1/lib/python3.9/site-packages/airflow/example_dags/example_branch_day_of_week_operator.py
[2024-12-07T03:51:04.856-0300] {logging_mixin.py:190} INFO - [2024-12-07T03:51:04.856-0300] {dag.py:3239} INFO - Sync 1 DAGs
[2024-12-07T03:51:04.878-0300] {logging_mixin.py:190} INFO - [2024-12-07T03:51:04.878-0300] {dag.py:4180} INFO - Setting next_dagrun for example_weekday_branch_operator to 2024-12-06 00:00:00+00:00, run_after=2024-12-07 00:00:00+00:00
[2024-12-07T03:51:04.937-0300] {processor.py:208} INFO - Processing /home/crisu/miniconda3/envs/lab13.1/lib/python3.9/site-packages/airflow/example_dags/example_branch_day_of_week_operator.py took 0.149 seconds
[2024-12-07T03:52:32.253-0300] {processor.py:186} INFO - Started process (PID=47073) to work on /home/crisu/miniconda3/envs/lab13.1/lib/python3.9/site-packages/airflow/example_dags/example_branch_day_of_week_operator.py
[2024-12-07T03:52:32.260-0300] {processor.py:914} INFO - Processing file /home/crisu/miniconda3/envs/lab13.1/lib/python3.9/site-packages/airflow/example_dags/example_branch_day_of_week_operator.py for tasks to queue
[2024-12-07T03:52:32.262-0300] {logging_mixin.py:190} INFO - [2024-12-07T03:52:32.262-0300] {dagbag.py:588} INFO - Filling up the DagBag from /home/crisu/miniconda3/envs/lab13.1/lib/python3.9/site-packages/airflow/example_dags/example_branch_day_of_week_operator.py
[2024-12-07T03:52:32.271-0300] {processor.py:925} INFO - DAG(s) 'example_weekday_branch_operator' retrieved from /home/crisu/miniconda3/envs/lab13.1/lib/python3.9/site-packages/airflow/example_dags/example_branch_day_of_week_operator.py
[2024-12-07T03:52:32.288-0300] {logging_mixin.py:190} INFO - [2024-12-07T03:52:32.288-0300] {dag.py:3239} INFO - Sync 1 DAGs
[2024-12-07T03:52:32.306-0300] {logging_mixin.py:190} INFO - [2024-12-07T03:52:32.306-0300] {dag.py:4180} INFO - Setting next_dagrun for example_weekday_branch_operator to 2024-12-06 00:00:00+00:00, run_after=2024-12-07 00:00:00+00:00
[2024-12-07T03:52:32.369-0300] {processor.py:208} INFO - Processing /home/crisu/miniconda3/envs/lab13.1/lib/python3.9/site-packages/airflow/example_dags/example_branch_day_of_week_operator.py took 0.123 seconds
[2024-12-07T03:54:42.403-0300] {processor.py:186} INFO - Started process (PID=47339) to work on /home/crisu/miniconda3/envs/lab13.1/lib/python3.9/site-packages/airflow/example_dags/example_branch_day_of_week_operator.py
[2024-12-07T03:54:42.405-0300] {processor.py:914} INFO - Processing file /home/crisu/miniconda3/envs/lab13.1/lib/python3.9/site-packages/airflow/example_dags/example_branch_day_of_week_operator.py for tasks to queue
[2024-12-07T03:54:42.408-0300] {logging_mixin.py:190} INFO - [2024-12-07T03:54:42.407-0300] {dagbag.py:588} INFO - Filling up the DagBag from /home/crisu/miniconda3/envs/lab13.1/lib/python3.9/site-packages/airflow/example_dags/example_branch_day_of_week_operator.py
[2024-12-07T03:54:42.421-0300] {processor.py:925} INFO - DAG(s) 'example_weekday_branch_operator' retrieved from /home/crisu/miniconda3/envs/lab13.1/lib/python3.9/site-packages/airflow/example_dags/example_branch_day_of_week_operator.py
[2024-12-07T03:54:42.445-0300] {logging_mixin.py:190} INFO - [2024-12-07T03:54:42.445-0300] {dag.py:3239} INFO - Sync 1 DAGs
[2024-12-07T03:54:42.473-0300] {logging_mixin.py:190} INFO - [2024-12-07T03:54:42.473-0300] {dag.py:4180} INFO - Setting next_dagrun for example_weekday_branch_operator to 2024-12-06 00:00:00+00:00, run_after=2024-12-07 00:00:00+00:00
[2024-12-07T03:54:42.531-0300] {processor.py:208} INFO - Processing /home/crisu/miniconda3/envs/lab13.1/lib/python3.9/site-packages/airflow/example_dags/example_branch_day_of_week_operator.py took 0.136 seconds
[2024-12-07T03:56:40.841-0300] {processor.py:186} INFO - Started process (PID=47589) to work on /home/crisu/miniconda3/envs/lab13.1/lib/python3.9/site-packages/airflow/example_dags/example_branch_day_of_week_operator.py
[2024-12-07T03:56:40.861-0300] {processor.py:914} INFO - Processing file /home/crisu/miniconda3/envs/lab13.1/lib/python3.9/site-packages/airflow/example_dags/example_branch_day_of_week_operator.py for tasks to queue
[2024-12-07T03:56:40.863-0300] {logging_mixin.py:190} INFO - [2024-12-07T03:56:40.863-0300] {dagbag.py:588} INFO - Filling up the DagBag from /home/crisu/miniconda3/envs/lab13.1/lib/python3.9/site-packages/airflow/example_dags/example_branch_day_of_week_operator.py
[2024-12-07T03:56:40.873-0300] {processor.py:925} INFO - DAG(s) 'example_weekday_branch_operator' retrieved from /home/crisu/miniconda3/envs/lab13.1/lib/python3.9/site-packages/airflow/example_dags/example_branch_day_of_week_operator.py
[2024-12-07T03:56:40.886-0300] {logging_mixin.py:190} INFO - [2024-12-07T03:56:40.886-0300] {dag.py:3239} INFO - Sync 1 DAGs
[2024-12-07T03:56:40.903-0300] {logging_mixin.py:190} INFO - [2024-12-07T03:56:40.903-0300] {dag.py:4180} INFO - Setting next_dagrun for example_weekday_branch_operator to 2024-12-06 00:00:00+00:00, run_after=2024-12-07 00:00:00+00:00
[2024-12-07T03:56:40.975-0300] {processor.py:208} INFO - Processing /home/crisu/miniconda3/envs/lab13.1/lib/python3.9/site-packages/airflow/example_dags/example_branch_day_of_week_operator.py took 0.139 seconds
[2024-12-07T03:57:59.209-0300] {processor.py:186} INFO - Started process (PID=47715) to work on /home/crisu/miniconda3/envs/lab13.1/lib/python3.9/site-packages/airflow/example_dags/example_branch_day_of_week_operator.py
[2024-12-07T03:57:59.215-0300] {processor.py:914} INFO - Processing file /home/crisu/miniconda3/envs/lab13.1/lib/python3.9/site-packages/airflow/example_dags/example_branch_day_of_week_operator.py for tasks to queue
[2024-12-07T03:57:59.217-0300] {logging_mixin.py:190} INFO - [2024-12-07T03:57:59.217-0300] {dagbag.py:588} INFO - Filling up the DagBag from /home/crisu/miniconda3/envs/lab13.1/lib/python3.9/site-packages/airflow/example_dags/example_branch_day_of_week_operator.py
[2024-12-07T03:57:59.226-0300] {processor.py:925} INFO - DAG(s) 'example_weekday_branch_operator' retrieved from /home/crisu/miniconda3/envs/lab13.1/lib/python3.9/site-packages/airflow/example_dags/example_branch_day_of_week_operator.py
[2024-12-07T03:57:59.240-0300] {logging_mixin.py:190} INFO - [2024-12-07T03:57:59.240-0300] {dag.py:3239} INFO - Sync 1 DAGs
[2024-12-07T03:57:59.257-0300] {logging_mixin.py:190} INFO - [2024-12-07T03:57:59.257-0300] {dag.py:4180} INFO - Setting next_dagrun for example_weekday_branch_operator to 2024-12-06 00:00:00+00:00, run_after=2024-12-07 00:00:00+00:00
[2024-12-07T03:57:59.318-0300] {processor.py:208} INFO - Processing /home/crisu/miniconda3/envs/lab13.1/lib/python3.9/site-packages/airflow/example_dags/example_branch_day_of_week_operator.py took 0.114 seconds
[2024-12-07T03:59:54.603-0300] {processor.py:186} INFO - Started process (PID=47983) to work on /home/crisu/miniconda3/envs/lab13.1/lib/python3.9/site-packages/airflow/example_dags/example_branch_day_of_week_operator.py
[2024-12-07T03:59:54.610-0300] {processor.py:914} INFO - Processing file /home/crisu/miniconda3/envs/lab13.1/lib/python3.9/site-packages/airflow/example_dags/example_branch_day_of_week_operator.py for tasks to queue
[2024-12-07T03:59:54.612-0300] {logging_mixin.py:190} INFO - [2024-12-07T03:59:54.612-0300] {dagbag.py:588} INFO - Filling up the DagBag from /home/crisu/miniconda3/envs/lab13.1/lib/python3.9/site-packages/airflow/example_dags/example_branch_day_of_week_operator.py
[2024-12-07T03:59:54.621-0300] {processor.py:925} INFO - DAG(s) 'example_weekday_branch_operator' retrieved from /home/crisu/miniconda3/envs/lab13.1/lib/python3.9/site-packages/airflow/example_dags/example_branch_day_of_week_operator.py
[2024-12-07T03:59:54.635-0300] {logging_mixin.py:190} INFO - [2024-12-07T03:59:54.635-0300] {dag.py:3239} INFO - Sync 1 DAGs
[2024-12-07T03:59:54.654-0300] {logging_mixin.py:190} INFO - [2024-12-07T03:59:54.654-0300] {dag.py:4180} INFO - Setting next_dagrun for example_weekday_branch_operator to 2024-12-06 00:00:00+00:00, run_after=2024-12-07 00:00:00+00:00
[2024-12-07T03:59:54.710-0300] {processor.py:208} INFO - Processing /home/crisu/miniconda3/envs/lab13.1/lib/python3.9/site-packages/airflow/example_dags/example_branch_day_of_week_operator.py took 0.112 seconds
[2024-12-07T04:01:10.996-0300] {processor.py:186} INFO - Started process (PID=48137) to work on /home/crisu/miniconda3/envs/lab13.1/lib/python3.9/site-packages/airflow/example_dags/example_branch_day_of_week_operator.py
[2024-12-07T04:01:11.003-0300] {processor.py:914} INFO - Processing file /home/crisu/miniconda3/envs/lab13.1/lib/python3.9/site-packages/airflow/example_dags/example_branch_day_of_week_operator.py for tasks to queue
[2024-12-07T04:01:11.005-0300] {logging_mixin.py:190} INFO - [2024-12-07T04:01:11.005-0300] {dagbag.py:588} INFO - Filling up the DagBag from /home/crisu/miniconda3/envs/lab13.1/lib/python3.9/site-packages/airflow/example_dags/example_branch_day_of_week_operator.py
[2024-12-07T04:01:11.016-0300] {processor.py:925} INFO - DAG(s) 'example_weekday_branch_operator' retrieved from /home/crisu/miniconda3/envs/lab13.1/lib/python3.9/site-packages/airflow/example_dags/example_branch_day_of_week_operator.py
[2024-12-07T04:01:11.030-0300] {logging_mixin.py:190} INFO - [2024-12-07T04:01:11.029-0300] {dag.py:3239} INFO - Sync 1 DAGs
[2024-12-07T04:01:11.048-0300] {logging_mixin.py:190} INFO - [2024-12-07T04:01:11.048-0300] {dag.py:4180} INFO - Setting next_dagrun for example_weekday_branch_operator to 2024-12-06 00:00:00+00:00, run_after=2024-12-07 00:00:00+00:00
[2024-12-07T04:01:11.131-0300] {processor.py:208} INFO - Processing /home/crisu/miniconda3/envs/lab13.1/lib/python3.9/site-packages/airflow/example_dags/example_branch_day_of_week_operator.py took 0.140 seconds
[2024-12-07T04:08:13.971-0300] {processor.py:186} INFO - Started process (PID=49273) to work on /home/crisu/miniconda3/envs/lab13.1/lib/python3.9/site-packages/airflow/example_dags/example_branch_day_of_week_operator.py
[2024-12-07T04:08:13.988-0300] {processor.py:914} INFO - Processing file /home/crisu/miniconda3/envs/lab13.1/lib/python3.9/site-packages/airflow/example_dags/example_branch_day_of_week_operator.py for tasks to queue
[2024-12-07T04:08:13.989-0300] {logging_mixin.py:190} INFO - [2024-12-07T04:08:13.989-0300] {dagbag.py:588} INFO - Filling up the DagBag from /home/crisu/miniconda3/envs/lab13.1/lib/python3.9/site-packages/airflow/example_dags/example_branch_day_of_week_operator.py
[2024-12-07T04:08:13.996-0300] {processor.py:925} INFO - DAG(s) 'example_weekday_branch_operator' retrieved from /home/crisu/miniconda3/envs/lab13.1/lib/python3.9/site-packages/airflow/example_dags/example_branch_day_of_week_operator.py
[2024-12-07T04:08:14.011-0300] {logging_mixin.py:190} INFO - [2024-12-07T04:08:14.010-0300] {dag.py:3239} INFO - Sync 1 DAGs
[2024-12-07T04:08:14.027-0300] {logging_mixin.py:190} INFO - [2024-12-07T04:08:14.027-0300] {dag.py:4180} INFO - Setting next_dagrun for example_weekday_branch_operator to 2024-12-06 00:00:00+00:00, run_after=2024-12-07 00:00:00+00:00
[2024-12-07T04:08:14.101-0300] {processor.py:208} INFO - Processing /home/crisu/miniconda3/envs/lab13.1/lib/python3.9/site-packages/airflow/example_dags/example_branch_day_of_week_operator.py took 0.136 seconds
[2024-12-07T04:10:16.799-0300] {processor.py:186} INFO - Started process (PID=49489) to work on /home/crisu/miniconda3/envs/lab13.1/lib/python3.9/site-packages/airflow/example_dags/example_branch_day_of_week_operator.py
[2024-12-07T04:10:16.812-0300] {processor.py:914} INFO - Processing file /home/crisu/miniconda3/envs/lab13.1/lib/python3.9/site-packages/airflow/example_dags/example_branch_day_of_week_operator.py for tasks to queue
[2024-12-07T04:10:16.813-0300] {logging_mixin.py:190} INFO - [2024-12-07T04:10:16.813-0300] {dagbag.py:588} INFO - Filling up the DagBag from /home/crisu/miniconda3/envs/lab13.1/lib/python3.9/site-packages/airflow/example_dags/example_branch_day_of_week_operator.py
[2024-12-07T04:10:16.820-0300] {processor.py:925} INFO - DAG(s) 'example_weekday_branch_operator' retrieved from /home/crisu/miniconda3/envs/lab13.1/lib/python3.9/site-packages/airflow/example_dags/example_branch_day_of_week_operator.py
[2024-12-07T04:10:16.834-0300] {logging_mixin.py:190} INFO - [2024-12-07T04:10:16.834-0300] {dag.py:3239} INFO - Sync 1 DAGs
[2024-12-07T04:10:16.852-0300] {logging_mixin.py:190} INFO - [2024-12-07T04:10:16.851-0300] {dag.py:4180} INFO - Setting next_dagrun for example_weekday_branch_operator to 2024-12-06 00:00:00+00:00, run_after=2024-12-07 00:00:00+00:00
[2024-12-07T04:10:16.939-0300] {processor.py:208} INFO - Processing /home/crisu/miniconda3/envs/lab13.1/lib/python3.9/site-packages/airflow/example_dags/example_branch_day_of_week_operator.py took 0.145 seconds
[2024-12-07T04:12:17.991-0300] {processor.py:186} INFO - Started process (PID=49669) to work on /home/crisu/miniconda3/envs/lab13.1/lib/python3.9/site-packages/airflow/example_dags/example_branch_day_of_week_operator.py
[2024-12-07T04:12:18.017-0300] {processor.py:914} INFO - Processing file /home/crisu/miniconda3/envs/lab13.1/lib/python3.9/site-packages/airflow/example_dags/example_branch_day_of_week_operator.py for tasks to queue
[2024-12-07T04:12:18.018-0300] {logging_mixin.py:190} INFO - [2024-12-07T04:12:18.018-0300] {dagbag.py:588} INFO - Filling up the DagBag from /home/crisu/miniconda3/envs/lab13.1/lib/python3.9/site-packages/airflow/example_dags/example_branch_day_of_week_operator.py
[2024-12-07T04:12:18.025-0300] {processor.py:925} INFO - DAG(s) 'example_weekday_branch_operator' retrieved from /home/crisu/miniconda3/envs/lab13.1/lib/python3.9/site-packages/airflow/example_dags/example_branch_day_of_week_operator.py
[2024-12-07T04:12:18.039-0300] {logging_mixin.py:190} INFO - [2024-12-07T04:12:18.039-0300] {dag.py:3239} INFO - Sync 1 DAGs
[2024-12-07T04:12:18.055-0300] {logging_mixin.py:190} INFO - [2024-12-07T04:12:18.055-0300] {dag.py:4180} INFO - Setting next_dagrun for example_weekday_branch_operator to 2024-12-06 00:00:00+00:00, run_after=2024-12-07 00:00:00+00:00
[2024-12-07T04:12:18.131-0300] {processor.py:208} INFO - Processing /home/crisu/miniconda3/envs/lab13.1/lib/python3.9/site-packages/airflow/example_dags/example_branch_day_of_week_operator.py took 0.145 seconds
[2024-12-07T04:13:32.549-0300] {processor.py:186} INFO - Started process (PID=49798) to work on /home/crisu/miniconda3/envs/lab13.1/lib/python3.9/site-packages/airflow/example_dags/example_branch_day_of_week_operator.py
[2024-12-07T04:13:32.555-0300] {processor.py:914} INFO - Processing file /home/crisu/miniconda3/envs/lab13.1/lib/python3.9/site-packages/airflow/example_dags/example_branch_day_of_week_operator.py for tasks to queue
[2024-12-07T04:13:32.556-0300] {logging_mixin.py:190} INFO - [2024-12-07T04:13:32.556-0300] {dagbag.py:588} INFO - Filling up the DagBag from /home/crisu/miniconda3/envs/lab13.1/lib/python3.9/site-packages/airflow/example_dags/example_branch_day_of_week_operator.py
[2024-12-07T04:13:32.563-0300] {processor.py:925} INFO - DAG(s) 'example_weekday_branch_operator' retrieved from /home/crisu/miniconda3/envs/lab13.1/lib/python3.9/site-packages/airflow/example_dags/example_branch_day_of_week_operator.py
[2024-12-07T04:13:32.578-0300] {logging_mixin.py:190} INFO - [2024-12-07T04:13:32.578-0300] {dag.py:3239} INFO - Sync 1 DAGs
[2024-12-07T04:13:32.596-0300] {logging_mixin.py:190} INFO - [2024-12-07T04:13:32.596-0300] {dag.py:4180} INFO - Setting next_dagrun for example_weekday_branch_operator to 2024-12-06 00:00:00+00:00, run_after=2024-12-07 00:00:00+00:00
[2024-12-07T04:13:32.658-0300] {processor.py:208} INFO - Processing /home/crisu/miniconda3/envs/lab13.1/lib/python3.9/site-packages/airflow/example_dags/example_branch_day_of_week_operator.py took 0.115 seconds
[2024-12-07T04:14:50.906-0300] {processor.py:186} INFO - Started process (PID=49960) to work on /home/crisu/miniconda3/envs/lab13.1/lib/python3.9/site-packages/airflow/example_dags/example_branch_day_of_week_operator.py
[2024-12-07T04:14:50.911-0300] {processor.py:914} INFO - Processing file /home/crisu/miniconda3/envs/lab13.1/lib/python3.9/site-packages/airflow/example_dags/example_branch_day_of_week_operator.py for tasks to queue
[2024-12-07T04:14:50.912-0300] {logging_mixin.py:190} INFO - [2024-12-07T04:14:50.912-0300] {dagbag.py:588} INFO - Filling up the DagBag from /home/crisu/miniconda3/envs/lab13.1/lib/python3.9/site-packages/airflow/example_dags/example_branch_day_of_week_operator.py
[2024-12-07T04:14:50.919-0300] {processor.py:925} INFO - DAG(s) 'example_weekday_branch_operator' retrieved from /home/crisu/miniconda3/envs/lab13.1/lib/python3.9/site-packages/airflow/example_dags/example_branch_day_of_week_operator.py
[2024-12-07T04:14:50.933-0300] {logging_mixin.py:190} INFO - [2024-12-07T04:14:50.933-0300] {dag.py:3239} INFO - Sync 1 DAGs
[2024-12-07T04:14:50.951-0300] {logging_mixin.py:190} INFO - [2024-12-07T04:14:50.951-0300] {dag.py:4180} INFO - Setting next_dagrun for example_weekday_branch_operator to 2024-12-06 00:00:00+00:00, run_after=2024-12-07 00:00:00+00:00
[2024-12-07T04:14:51.008-0300] {processor.py:208} INFO - Processing /home/crisu/miniconda3/envs/lab13.1/lib/python3.9/site-packages/airflow/example_dags/example_branch_day_of_week_operator.py took 0.108 seconds
