[2024-12-07T01:54:07.433-0300] {processor.py:186} INFO - Started process (PID=34101) to work on /home/crisu/miniconda3/envs/lab13.1/lib/python3.9/site-packages/airflow/example_dags/example_outlet_event_extra.py
[2024-12-07T01:54:07.434-0300] {processor.py:914} INFO - Processing file /home/crisu/miniconda3/envs/lab13.1/lib/python3.9/site-packages/airflow/example_dags/example_outlet_event_extra.py for tasks to queue
[2024-12-07T01:54:07.436-0300] {logging_mixin.py:190} INFO - [2024-12-07T01:54:07.436-0300] {dagbag.py:588} INFO - Filling up the DagBag from /home/crisu/miniconda3/envs/lab13.1/lib/python3.9/site-packages/airflow/example_dags/example_outlet_event_extra.py
[2024-12-07T01:54:07.447-0300] {processor.py:925} INFO - DAG(s) 'dataset_with_extra_by_yield', 'dataset_with_extra_by_context', 'dataset_with_extra_from_classic_operator' retrieved from /home/crisu/miniconda3/envs/lab13.1/lib/python3.9/site-packages/airflow/example_dags/example_outlet_event_extra.py
[2024-12-07T01:54:09.760-0300] {logging_mixin.py:190} INFO - [2024-12-07T01:54:09.759-0300] {override.py:1911} INFO - Created Permission View: can delete on DAG:dataset_with_extra_by_yield
[2024-12-07T01:54:10.507-0300] {logging_mixin.py:190} INFO - [2024-12-07T01:54:10.507-0300] {override.py:1911} INFO - Created Permission View: can edit on DAG:dataset_with_extra_by_yield
[2024-12-07T01:54:11.623-0300] {logging_mixin.py:190} INFO - [2024-12-07T01:54:11.623-0300] {override.py:1911} INFO - Created Permission View: can read on DAG:dataset_with_extra_by_yield
[2024-12-07T01:54:13.387-0300] {logging_mixin.py:190} INFO - [2024-12-07T01:54:13.387-0300] {override.py:1911} INFO - Created Permission View: menu access on DAG Run:dataset_with_extra_by_yield
[2024-12-07T01:54:14.808-0300] {logging_mixin.py:190} INFO - [2024-12-07T01:54:14.807-0300] {override.py:1911} INFO - Created Permission View: can delete on DAG Run:dataset_with_extra_by_yield
[2024-12-07T01:54:15.458-0300] {logging_mixin.py:190} INFO - [2024-12-07T01:54:15.458-0300] {override.py:1911} INFO - Created Permission View: can read on DAG Run:dataset_with_extra_by_yield
[2024-12-07T01:54:16.741-0300] {logging_mixin.py:190} INFO - [2024-12-07T01:54:16.741-0300] {override.py:1911} INFO - Created Permission View: can create on DAG Run:dataset_with_extra_by_yield
[2024-12-07T01:54:19.551-0300] {logging_mixin.py:190} INFO - [2024-12-07T01:54:19.550-0300] {override.py:1911} INFO - Created Permission View: can delete on DAG:dataset_with_extra_by_context
[2024-12-07T01:54:20.793-0300] {logging_mixin.py:190} INFO - [2024-12-07T01:54:20.793-0300] {override.py:1911} INFO - Created Permission View: can edit on DAG:dataset_with_extra_by_context
[2024-12-07T01:54:21.815-0300] {logging_mixin.py:190} INFO - [2024-12-07T01:54:21.815-0300] {override.py:1911} INFO - Created Permission View: can read on DAG:dataset_with_extra_by_context
[2024-12-07T01:54:23.864-0300] {logging_mixin.py:190} INFO - [2024-12-07T01:54:23.864-0300] {override.py:1911} INFO - Created Permission View: menu access on DAG Run:dataset_with_extra_by_context
[2024-12-07T01:54:24.595-0300] {logging_mixin.py:190} INFO - [2024-12-07T01:54:24.594-0300] {override.py:1911} INFO - Created Permission View: can delete on DAG Run:dataset_with_extra_by_context
[2024-12-07T01:54:25.257-0300] {logging_mixin.py:190} INFO - [2024-12-07T01:54:25.256-0300] {override.py:1911} INFO - Created Permission View: can read on DAG Run:dataset_with_extra_by_context
[2024-12-07T01:54:26.370-0300] {logging_mixin.py:190} INFO - [2024-12-07T01:54:26.370-0300] {override.py:1911} INFO - Created Permission View: can create on DAG Run:dataset_with_extra_by_context
[2024-12-07T01:54:28.774-0300] {logging_mixin.py:190} INFO - [2024-12-07T01:54:28.774-0300] {override.py:1911} INFO - Created Permission View: can delete on DAG:dataset_with_extra_from_classic_operator
[2024-12-07T01:54:31.022-0300] {logging_mixin.py:190} INFO - [2024-12-07T01:54:31.022-0300] {override.py:1911} INFO - Created Permission View: can edit on DAG:dataset_with_extra_from_classic_operator
[2024-12-07T01:54:33.278-0300] {logging_mixin.py:190} INFO - [2024-12-07T01:54:33.277-0300] {override.py:1911} INFO - Created Permission View: can read on DAG:dataset_with_extra_from_classic_operator
[2024-12-07T01:54:35.008-0300] {logging_mixin.py:190} INFO - [2024-12-07T01:54:35.007-0300] {override.py:1911} INFO - Created Permission View: menu access on DAG Run:dataset_with_extra_from_classic_operator
[2024-12-07T01:54:35.712-0300] {logging_mixin.py:190} INFO - [2024-12-07T01:54:35.712-0300] {override.py:1911} INFO - Created Permission View: can delete on DAG Run:dataset_with_extra_from_classic_operator
[2024-12-07T01:54:36.734-0300] {logging_mixin.py:190} INFO - [2024-12-07T01:54:36.733-0300] {override.py:1911} INFO - Created Permission View: can read on DAG Run:dataset_with_extra_from_classic_operator
[2024-12-07T01:54:37.857-0300] {logging_mixin.py:190} INFO - [2024-12-07T01:54:37.856-0300] {override.py:1911} INFO - Created Permission View: can create on DAG Run:dataset_with_extra_from_classic_operator
[2024-12-07T01:54:37.857-0300] {logging_mixin.py:190} INFO - [2024-12-07T01:54:37.857-0300] {dag.py:3239} INFO - Sync 3 DAGs
[2024-12-07T01:54:37.869-0300] {logging_mixin.py:190} INFO - [2024-12-07T01:54:37.869-0300] {dag.py:3262} INFO - Creating ORM DAG for dataset_with_extra_by_yield
[2024-12-07T01:54:37.869-0300] {logging_mixin.py:190} INFO - [2024-12-07T01:54:37.869-0300] {dag.py:3262} INFO - Creating ORM DAG for dataset_with_extra_by_context
[2024-12-07T01:54:37.870-0300] {logging_mixin.py:190} INFO - [2024-12-07T01:54:37.870-0300] {dag.py:3262} INFO - Creating ORM DAG for dataset_with_extra_from_classic_operator
[2024-12-07T01:54:37.879-0300] {logging_mixin.py:190} INFO - [2024-12-07T01:54:37.879-0300] {dag.py:4180} INFO - Setting next_dagrun for dataset_with_extra_by_context to 2024-12-06 00:00:00+00:00, run_after=2024-12-07 00:00:00+00:00
[2024-12-07T01:54:37.881-0300] {logging_mixin.py:190} INFO - [2024-12-07T01:54:37.881-0300] {dag.py:4180} INFO - Setting next_dagrun for dataset_with_extra_by_yield to 2024-12-06 00:00:00+00:00, run_after=2024-12-07 00:00:00+00:00
[2024-12-07T01:54:37.883-0300] {logging_mixin.py:190} INFO - [2024-12-07T01:54:37.882-0300] {dag.py:4180} INFO - Setting next_dagrun for dataset_with_extra_from_classic_operator to 2024-12-06 00:00:00+00:00, run_after=2024-12-07 00:00:00+00:00
[2024-12-07T01:54:38.619-0300] {processor.py:208} INFO - Processing /home/crisu/miniconda3/envs/lab13.1/lib/python3.9/site-packages/airflow/example_dags/example_outlet_event_extra.py took 31.191 seconds
[2024-12-07T02:08:06.830-0300] {processor.py:186} INFO - Started process (PID=35448) to work on /home/crisu/miniconda3/envs/lab13.1/lib/python3.9/site-packages/airflow/example_dags/example_outlet_event_extra.py
[2024-12-07T02:08:06.864-0300] {processor.py:914} INFO - Processing file /home/crisu/miniconda3/envs/lab13.1/lib/python3.9/site-packages/airflow/example_dags/example_outlet_event_extra.py for tasks to queue
[2024-12-07T02:08:06.867-0300] {logging_mixin.py:190} INFO - [2024-12-07T02:08:06.866-0300] {dagbag.py:588} INFO - Filling up the DagBag from /home/crisu/miniconda3/envs/lab13.1/lib/python3.9/site-packages/airflow/example_dags/example_outlet_event_extra.py
[2024-12-07T02:08:06.901-0300] {processor.py:925} INFO - DAG(s) 'dataset_with_extra_by_yield', 'dataset_with_extra_by_context', 'dataset_with_extra_from_classic_operator' retrieved from /home/crisu/miniconda3/envs/lab13.1/lib/python3.9/site-packages/airflow/example_dags/example_outlet_event_extra.py
[2024-12-07T02:08:06.946-0300] {logging_mixin.py:190} INFO - [2024-12-07T02:08:06.946-0300] {dag.py:3239} INFO - Sync 3 DAGs
[2024-12-07T02:08:06.983-0300] {logging_mixin.py:190} INFO - [2024-12-07T02:08:06.983-0300] {dag.py:4180} INFO - Setting next_dagrun for dataset_with_extra_by_context to 2024-12-06 00:00:00+00:00, run_after=2024-12-07 00:00:00+00:00
[2024-12-07T02:08:06.991-0300] {logging_mixin.py:190} INFO - [2024-12-07T02:08:06.991-0300] {dag.py:4180} INFO - Setting next_dagrun for dataset_with_extra_by_yield to 2024-12-06 00:00:00+00:00, run_after=2024-12-07 00:00:00+00:00
[2024-12-07T02:08:06.996-0300] {logging_mixin.py:190} INFO - [2024-12-07T02:08:06.996-0300] {dag.py:4180} INFO - Setting next_dagrun for dataset_with_extra_from_classic_operator to 2024-12-06 00:00:00+00:00, run_after=2024-12-07 00:00:00+00:00
[2024-12-07T02:08:08.113-0300] {processor.py:208} INFO - Processing /home/crisu/miniconda3/envs/lab13.1/lib/python3.9/site-packages/airflow/example_dags/example_outlet_event_extra.py took 1.294 seconds
[2024-12-07T02:11:57.943-0300] {processor.py:186} INFO - Started process (PID=35932) to work on /home/crisu/miniconda3/envs/lab13.1/lib/python3.9/site-packages/airflow/example_dags/example_outlet_event_extra.py
[2024-12-07T02:11:57.951-0300] {processor.py:914} INFO - Processing file /home/crisu/miniconda3/envs/lab13.1/lib/python3.9/site-packages/airflow/example_dags/example_outlet_event_extra.py for tasks to queue
[2024-12-07T02:11:57.953-0300] {logging_mixin.py:190} INFO - [2024-12-07T02:11:57.952-0300] {dagbag.py:588} INFO - Filling up the DagBag from /home/crisu/miniconda3/envs/lab13.1/lib/python3.9/site-packages/airflow/example_dags/example_outlet_event_extra.py
[2024-12-07T02:11:57.965-0300] {processor.py:925} INFO - DAG(s) 'dataset_with_extra_by_yield', 'dataset_with_extra_from_classic_operator', 'dataset_with_extra_by_context' retrieved from /home/crisu/miniconda3/envs/lab13.1/lib/python3.9/site-packages/airflow/example_dags/example_outlet_event_extra.py
[2024-12-07T02:11:57.984-0300] {logging_mixin.py:190} INFO - [2024-12-07T02:11:57.984-0300] {dag.py:3239} INFO - Sync 3 DAGs
[2024-12-07T02:11:58.005-0300] {logging_mixin.py:190} INFO - [2024-12-07T02:11:58.005-0300] {dag.py:4180} INFO - Setting next_dagrun for dataset_with_extra_by_context to 2024-12-06 00:00:00+00:00, run_after=2024-12-07 00:00:00+00:00
[2024-12-07T02:11:58.009-0300] {logging_mixin.py:190} INFO - [2024-12-07T02:11:58.009-0300] {dag.py:4180} INFO - Setting next_dagrun for dataset_with_extra_by_yield to 2024-12-06 00:00:00+00:00, run_after=2024-12-07 00:00:00+00:00
[2024-12-07T02:11:58.011-0300] {logging_mixin.py:190} INFO - [2024-12-07T02:11:58.011-0300] {dag.py:4180} INFO - Setting next_dagrun for dataset_with_extra_from_classic_operator to 2024-12-06 00:00:00+00:00, run_after=2024-12-07 00:00:00+00:00
[2024-12-07T02:11:58.071-0300] {processor.py:208} INFO - Processing /home/crisu/miniconda3/envs/lab13.1/lib/python3.9/site-packages/airflow/example_dags/example_outlet_event_extra.py took 0.136 seconds
[2024-12-07T02:14:06.415-0300] {processor.py:186} INFO - Started process (PID=36211) to work on /home/crisu/miniconda3/envs/lab13.1/lib/python3.9/site-packages/airflow/example_dags/example_outlet_event_extra.py
[2024-12-07T02:14:06.426-0300] {processor.py:914} INFO - Processing file /home/crisu/miniconda3/envs/lab13.1/lib/python3.9/site-packages/airflow/example_dags/example_outlet_event_extra.py for tasks to queue
[2024-12-07T02:14:06.427-0300] {logging_mixin.py:190} INFO - [2024-12-07T02:14:06.427-0300] {dagbag.py:588} INFO - Filling up the DagBag from /home/crisu/miniconda3/envs/lab13.1/lib/python3.9/site-packages/airflow/example_dags/example_outlet_event_extra.py
[2024-12-07T02:14:06.441-0300] {processor.py:925} INFO - DAG(s) 'dataset_with_extra_by_yield', 'dataset_with_extra_from_classic_operator', 'dataset_with_extra_by_context' retrieved from /home/crisu/miniconda3/envs/lab13.1/lib/python3.9/site-packages/airflow/example_dags/example_outlet_event_extra.py
[2024-12-07T02:14:06.459-0300] {logging_mixin.py:190} INFO - [2024-12-07T02:14:06.459-0300] {dag.py:3239} INFO - Sync 3 DAGs
[2024-12-07T02:14:06.480-0300] {logging_mixin.py:190} INFO - [2024-12-07T02:14:06.480-0300] {dag.py:4180} INFO - Setting next_dagrun for dataset_with_extra_by_context to 2024-12-06 00:00:00+00:00, run_after=2024-12-07 00:00:00+00:00
[2024-12-07T02:14:06.484-0300] {logging_mixin.py:190} INFO - [2024-12-07T02:14:06.484-0300] {dag.py:4180} INFO - Setting next_dagrun for dataset_with_extra_by_yield to 2024-12-06 00:00:00+00:00, run_after=2024-12-07 00:00:00+00:00
[2024-12-07T02:14:06.486-0300] {logging_mixin.py:190} INFO - [2024-12-07T02:14:06.486-0300] {dag.py:4180} INFO - Setting next_dagrun for dataset_with_extra_from_classic_operator to 2024-12-06 00:00:00+00:00, run_after=2024-12-07 00:00:00+00:00
[2024-12-07T02:14:06.568-0300] {processor.py:208} INFO - Processing /home/crisu/miniconda3/envs/lab13.1/lib/python3.9/site-packages/airflow/example_dags/example_outlet_event_extra.py took 0.161 seconds
[2024-12-07T02:16:20.820-0300] {processor.py:186} INFO - Started process (PID=36465) to work on /home/crisu/miniconda3/envs/lab13.1/lib/python3.9/site-packages/airflow/example_dags/example_outlet_event_extra.py
[2024-12-07T02:16:20.831-0300] {processor.py:914} INFO - Processing file /home/crisu/miniconda3/envs/lab13.1/lib/python3.9/site-packages/airflow/example_dags/example_outlet_event_extra.py for tasks to queue
[2024-12-07T02:16:20.833-0300] {logging_mixin.py:190} INFO - [2024-12-07T02:16:20.832-0300] {dagbag.py:588} INFO - Filling up the DagBag from /home/crisu/miniconda3/envs/lab13.1/lib/python3.9/site-packages/airflow/example_dags/example_outlet_event_extra.py
[2024-12-07T02:16:20.846-0300] {processor.py:925} INFO - DAG(s) 'dataset_with_extra_from_classic_operator', 'dataset_with_extra_by_yield', 'dataset_with_extra_by_context' retrieved from /home/crisu/miniconda3/envs/lab13.1/lib/python3.9/site-packages/airflow/example_dags/example_outlet_event_extra.py
[2024-12-07T02:16:20.862-0300] {logging_mixin.py:190} INFO - [2024-12-07T02:16:20.862-0300] {dag.py:3239} INFO - Sync 3 DAGs
[2024-12-07T02:16:20.881-0300] {logging_mixin.py:190} INFO - [2024-12-07T02:16:20.881-0300] {dag.py:4180} INFO - Setting next_dagrun for dataset_with_extra_by_context to 2024-12-06 00:00:00+00:00, run_after=2024-12-07 00:00:00+00:00
[2024-12-07T02:16:20.885-0300] {logging_mixin.py:190} INFO - [2024-12-07T02:16:20.885-0300] {dag.py:4180} INFO - Setting next_dagrun for dataset_with_extra_by_yield to 2024-12-06 00:00:00+00:00, run_after=2024-12-07 00:00:00+00:00
[2024-12-07T02:16:20.887-0300] {logging_mixin.py:190} INFO - [2024-12-07T02:16:20.887-0300] {dag.py:4180} INFO - Setting next_dagrun for dataset_with_extra_from_classic_operator to 2024-12-06 00:00:00+00:00, run_after=2024-12-07 00:00:00+00:00
[2024-12-07T02:16:20.952-0300] {processor.py:208} INFO - Processing /home/crisu/miniconda3/envs/lab13.1/lib/python3.9/site-packages/airflow/example_dags/example_outlet_event_extra.py took 0.139 seconds
[2024-12-07T02:17:50.676-0300] {processor.py:186} INFO - Started process (PID=36611) to work on /home/crisu/miniconda3/envs/lab13.1/lib/python3.9/site-packages/airflow/example_dags/example_outlet_event_extra.py
[2024-12-07T02:17:50.741-0300] {processor.py:914} INFO - Processing file /home/crisu/miniconda3/envs/lab13.1/lib/python3.9/site-packages/airflow/example_dags/example_outlet_event_extra.py for tasks to queue
[2024-12-07T02:17:50.744-0300] {logging_mixin.py:190} INFO - [2024-12-07T02:17:50.743-0300] {dagbag.py:588} INFO - Filling up the DagBag from /home/crisu/miniconda3/envs/lab13.1/lib/python3.9/site-packages/airflow/example_dags/example_outlet_event_extra.py
[2024-12-07T02:17:50.757-0300] {processor.py:925} INFO - DAG(s) 'dataset_with_extra_by_yield', 'dataset_with_extra_by_context', 'dataset_with_extra_from_classic_operator' retrieved from /home/crisu/miniconda3/envs/lab13.1/lib/python3.9/site-packages/airflow/example_dags/example_outlet_event_extra.py
[2024-12-07T02:17:50.777-0300] {logging_mixin.py:190} INFO - [2024-12-07T02:17:50.777-0300] {dag.py:3239} INFO - Sync 3 DAGs
[2024-12-07T02:17:50.800-0300] {logging_mixin.py:190} INFO - [2024-12-07T02:17:50.800-0300] {dag.py:4180} INFO - Setting next_dagrun for dataset_with_extra_by_context to 2024-12-06 00:00:00+00:00, run_after=2024-12-07 00:00:00+00:00
[2024-12-07T02:17:50.806-0300] {logging_mixin.py:190} INFO - [2024-12-07T02:17:50.805-0300] {dag.py:4180} INFO - Setting next_dagrun for dataset_with_extra_by_yield to 2024-12-06 00:00:00+00:00, run_after=2024-12-07 00:00:00+00:00
[2024-12-07T02:17:50.809-0300] {logging_mixin.py:190} INFO - [2024-12-07T02:17:50.808-0300] {dag.py:4180} INFO - Setting next_dagrun for dataset_with_extra_from_classic_operator to 2024-12-06 00:00:00+00:00, run_after=2024-12-07 00:00:00+00:00
[2024-12-07T02:17:51.188-0300] {processor.py:208} INFO - Processing /home/crisu/miniconda3/envs/lab13.1/lib/python3.9/site-packages/airflow/example_dags/example_outlet_event_extra.py took 0.525 seconds
[2024-12-07T02:31:27.165-0300] {processor.py:186} INFO - Started process (PID=37999) to work on /home/crisu/miniconda3/envs/lab13.1/lib/python3.9/site-packages/airflow/example_dags/example_outlet_event_extra.py
[2024-12-07T02:31:27.216-0300] {processor.py:914} INFO - Processing file /home/crisu/miniconda3/envs/lab13.1/lib/python3.9/site-packages/airflow/example_dags/example_outlet_event_extra.py for tasks to queue
[2024-12-07T02:31:27.218-0300] {logging_mixin.py:190} INFO - [2024-12-07T02:31:27.218-0300] {dagbag.py:588} INFO - Filling up the DagBag from /home/crisu/miniconda3/envs/lab13.1/lib/python3.9/site-packages/airflow/example_dags/example_outlet_event_extra.py
[2024-12-07T02:31:27.232-0300] {processor.py:925} INFO - DAG(s) 'dataset_with_extra_from_classic_operator', 'dataset_with_extra_by_context', 'dataset_with_extra_by_yield' retrieved from /home/crisu/miniconda3/envs/lab13.1/lib/python3.9/site-packages/airflow/example_dags/example_outlet_event_extra.py
[2024-12-07T02:31:27.252-0300] {logging_mixin.py:190} INFO - [2024-12-07T02:31:27.252-0300] {dag.py:3239} INFO - Sync 3 DAGs
[2024-12-07T02:31:27.274-0300] {logging_mixin.py:190} INFO - [2024-12-07T02:31:27.274-0300] {dag.py:4180} INFO - Setting next_dagrun for dataset_with_extra_by_context to 2024-12-06 00:00:00+00:00, run_after=2024-12-07 00:00:00+00:00
[2024-12-07T02:31:27.279-0300] {logging_mixin.py:190} INFO - [2024-12-07T02:31:27.279-0300] {dag.py:4180} INFO - Setting next_dagrun for dataset_with_extra_by_yield to 2024-12-06 00:00:00+00:00, run_after=2024-12-07 00:00:00+00:00
[2024-12-07T02:31:27.281-0300] {logging_mixin.py:190} INFO - [2024-12-07T02:31:27.281-0300] {dag.py:4180} INFO - Setting next_dagrun for dataset_with_extra_from_classic_operator to 2024-12-06 00:00:00+00:00, run_after=2024-12-07 00:00:00+00:00
[2024-12-07T02:31:27.888-0300] {processor.py:208} INFO - Processing /home/crisu/miniconda3/envs/lab13.1/lib/python3.9/site-packages/airflow/example_dags/example_outlet_event_extra.py took 0.728 seconds
[2024-12-07T02:33:54.651-0300] {processor.py:186} INFO - Started process (PID=38222) to work on /home/crisu/miniconda3/envs/lab13.1/lib/python3.9/site-packages/airflow/example_dags/example_outlet_event_extra.py
[2024-12-07T02:33:54.670-0300] {processor.py:914} INFO - Processing file /home/crisu/miniconda3/envs/lab13.1/lib/python3.9/site-packages/airflow/example_dags/example_outlet_event_extra.py for tasks to queue
[2024-12-07T02:33:54.672-0300] {logging_mixin.py:190} INFO - [2024-12-07T02:33:54.672-0300] {dagbag.py:588} INFO - Filling up the DagBag from /home/crisu/miniconda3/envs/lab13.1/lib/python3.9/site-packages/airflow/example_dags/example_outlet_event_extra.py
[2024-12-07T02:33:54.685-0300] {processor.py:925} INFO - DAG(s) 'dataset_with_extra_by_yield', 'dataset_with_extra_by_context', 'dataset_with_extra_from_classic_operator' retrieved from /home/crisu/miniconda3/envs/lab13.1/lib/python3.9/site-packages/airflow/example_dags/example_outlet_event_extra.py
[2024-12-07T02:33:54.703-0300] {logging_mixin.py:190} INFO - [2024-12-07T02:33:54.703-0300] {dag.py:3239} INFO - Sync 3 DAGs
[2024-12-07T02:33:54.722-0300] {logging_mixin.py:190} INFO - [2024-12-07T02:33:54.722-0300] {dag.py:4180} INFO - Setting next_dagrun for dataset_with_extra_by_context to 2024-12-06 00:00:00+00:00, run_after=2024-12-07 00:00:00+00:00
[2024-12-07T02:33:54.726-0300] {logging_mixin.py:190} INFO - [2024-12-07T02:33:54.726-0300] {dag.py:4180} INFO - Setting next_dagrun for dataset_with_extra_by_yield to 2024-12-06 00:00:00+00:00, run_after=2024-12-07 00:00:00+00:00
[2024-12-07T02:33:54.728-0300] {logging_mixin.py:190} INFO - [2024-12-07T02:33:54.728-0300] {dag.py:4180} INFO - Setting next_dagrun for dataset_with_extra_from_classic_operator to 2024-12-06 00:00:00+00:00, run_after=2024-12-07 00:00:00+00:00
[2024-12-07T02:33:54.890-0300] {processor.py:208} INFO - Processing /home/crisu/miniconda3/envs/lab13.1/lib/python3.9/site-packages/airflow/example_dags/example_outlet_event_extra.py took 0.244 seconds
[2024-12-07T02:36:23.851-0300] {processor.py:186} INFO - Started process (PID=38522) to work on /home/crisu/miniconda3/envs/lab13.1/lib/python3.9/site-packages/airflow/example_dags/example_outlet_event_extra.py
[2024-12-07T02:36:23.852-0300] {processor.py:914} INFO - Processing file /home/crisu/miniconda3/envs/lab13.1/lib/python3.9/site-packages/airflow/example_dags/example_outlet_event_extra.py for tasks to queue
[2024-12-07T02:36:23.855-0300] {logging_mixin.py:190} INFO - [2024-12-07T02:36:23.854-0300] {dagbag.py:588} INFO - Filling up the DagBag from /home/crisu/miniconda3/envs/lab13.1/lib/python3.9/site-packages/airflow/example_dags/example_outlet_event_extra.py
[2024-12-07T02:36:23.872-0300] {processor.py:925} INFO - DAG(s) 'dataset_with_extra_by_yield', 'dataset_with_extra_from_classic_operator', 'dataset_with_extra_by_context' retrieved from /home/crisu/miniconda3/envs/lab13.1/lib/python3.9/site-packages/airflow/example_dags/example_outlet_event_extra.py
[2024-12-07T02:36:23.897-0300] {logging_mixin.py:190} INFO - [2024-12-07T02:36:23.896-0300] {dag.py:3239} INFO - Sync 3 DAGs
[2024-12-07T02:36:23.923-0300] {logging_mixin.py:190} INFO - [2024-12-07T02:36:23.923-0300] {dag.py:4180} INFO - Setting next_dagrun for dataset_with_extra_by_context to 2024-12-06 00:00:00+00:00, run_after=2024-12-07 00:00:00+00:00
[2024-12-07T02:36:23.929-0300] {logging_mixin.py:190} INFO - [2024-12-07T02:36:23.929-0300] {dag.py:4180} INFO - Setting next_dagrun for dataset_with_extra_by_yield to 2024-12-06 00:00:00+00:00, run_after=2024-12-07 00:00:00+00:00
[2024-12-07T02:36:23.932-0300] {logging_mixin.py:190} INFO - [2024-12-07T02:36:23.932-0300] {dag.py:4180} INFO - Setting next_dagrun for dataset_with_extra_from_classic_operator to 2024-12-06 00:00:00+00:00, run_after=2024-12-07 00:00:00+00:00
[2024-12-07T02:36:24.002-0300] {processor.py:208} INFO - Processing /home/crisu/miniconda3/envs/lab13.1/lib/python3.9/site-packages/airflow/example_dags/example_outlet_event_extra.py took 0.157 seconds
[2024-12-07T02:39:26.479-0300] {processor.py:186} INFO - Started process (PID=38796) to work on /home/crisu/miniconda3/envs/lab13.1/lib/python3.9/site-packages/airflow/example_dags/example_outlet_event_extra.py
[2024-12-07T02:39:26.480-0300] {processor.py:914} INFO - Processing file /home/crisu/miniconda3/envs/lab13.1/lib/python3.9/site-packages/airflow/example_dags/example_outlet_event_extra.py for tasks to queue
[2024-12-07T02:39:26.481-0300] {logging_mixin.py:190} INFO - [2024-12-07T02:39:26.481-0300] {dagbag.py:588} INFO - Filling up the DagBag from /home/crisu/miniconda3/envs/lab13.1/lib/python3.9/site-packages/airflow/example_dags/example_outlet_event_extra.py
[2024-12-07T02:39:26.493-0300] {processor.py:925} INFO - DAG(s) 'dataset_with_extra_by_context', 'dataset_with_extra_from_classic_operator', 'dataset_with_extra_by_yield' retrieved from /home/crisu/miniconda3/envs/lab13.1/lib/python3.9/site-packages/airflow/example_dags/example_outlet_event_extra.py
[2024-12-07T02:39:26.511-0300] {logging_mixin.py:190} INFO - [2024-12-07T02:39:26.511-0300] {dag.py:3239} INFO - Sync 3 DAGs
[2024-12-07T02:39:26.529-0300] {logging_mixin.py:190} INFO - [2024-12-07T02:39:26.529-0300] {dag.py:4180} INFO - Setting next_dagrun for dataset_with_extra_by_context to 2024-12-06 00:00:00+00:00, run_after=2024-12-07 00:00:00+00:00
[2024-12-07T02:39:26.533-0300] {logging_mixin.py:190} INFO - [2024-12-07T02:39:26.533-0300] {dag.py:4180} INFO - Setting next_dagrun for dataset_with_extra_by_yield to 2024-12-06 00:00:00+00:00, run_after=2024-12-07 00:00:00+00:00
[2024-12-07T02:39:26.536-0300] {logging_mixin.py:190} INFO - [2024-12-07T02:39:26.535-0300] {dag.py:4180} INFO - Setting next_dagrun for dataset_with_extra_from_classic_operator to 2024-12-06 00:00:00+00:00, run_after=2024-12-07 00:00:00+00:00
[2024-12-07T02:39:27.541-0300] {processor.py:208} INFO - Processing /home/crisu/miniconda3/envs/lab13.1/lib/python3.9/site-packages/airflow/example_dags/example_outlet_event_extra.py took 1.068 seconds
[2024-12-07T02:40:41.265-0300] {processor.py:186} INFO - Started process (PID=38903) to work on /home/crisu/miniconda3/envs/lab13.1/lib/python3.9/site-packages/airflow/example_dags/example_outlet_event_extra.py
[2024-12-07T02:40:41.269-0300] {processor.py:914} INFO - Processing file /home/crisu/miniconda3/envs/lab13.1/lib/python3.9/site-packages/airflow/example_dags/example_outlet_event_extra.py for tasks to queue
[2024-12-07T02:40:41.272-0300] {logging_mixin.py:190} INFO - [2024-12-07T02:40:41.271-0300] {dagbag.py:588} INFO - Filling up the DagBag from /home/crisu/miniconda3/envs/lab13.1/lib/python3.9/site-packages/airflow/example_dags/example_outlet_event_extra.py
[2024-12-07T02:40:41.296-0300] {processor.py:925} INFO - DAG(s) 'dataset_with_extra_by_context', 'dataset_with_extra_from_classic_operator', 'dataset_with_extra_by_yield' retrieved from /home/crisu/miniconda3/envs/lab13.1/lib/python3.9/site-packages/airflow/example_dags/example_outlet_event_extra.py
[2024-12-07T02:40:41.328-0300] {logging_mixin.py:190} INFO - [2024-12-07T02:40:41.328-0300] {dag.py:3239} INFO - Sync 3 DAGs
[2024-12-07T02:40:41.360-0300] {logging_mixin.py:190} INFO - [2024-12-07T02:40:41.360-0300] {dag.py:4180} INFO - Setting next_dagrun for dataset_with_extra_by_context to 2024-12-06 00:00:00+00:00, run_after=2024-12-07 00:00:00+00:00
[2024-12-07T02:40:41.365-0300] {logging_mixin.py:190} INFO - [2024-12-07T02:40:41.364-0300] {dag.py:4180} INFO - Setting next_dagrun for dataset_with_extra_by_yield to 2024-12-06 00:00:00+00:00, run_after=2024-12-07 00:00:00+00:00
[2024-12-07T02:40:41.367-0300] {logging_mixin.py:190} INFO - [2024-12-07T02:40:41.367-0300] {dag.py:4180} INFO - Setting next_dagrun for dataset_with_extra_from_classic_operator to 2024-12-06 00:00:00+00:00, run_after=2024-12-07 00:00:00+00:00
[2024-12-07T02:40:41.509-0300] {processor.py:208} INFO - Processing /home/crisu/miniconda3/envs/lab13.1/lib/python3.9/site-packages/airflow/example_dags/example_outlet_event_extra.py took 0.251 seconds
[2024-12-07T02:41:53.764-0300] {processor.py:186} INFO - Started process (PID=39040) to work on /home/crisu/miniconda3/envs/lab13.1/lib/python3.9/site-packages/airflow/example_dags/example_outlet_event_extra.py
[2024-12-07T02:41:53.774-0300] {processor.py:914} INFO - Processing file /home/crisu/miniconda3/envs/lab13.1/lib/python3.9/site-packages/airflow/example_dags/example_outlet_event_extra.py for tasks to queue
[2024-12-07T02:41:53.775-0300] {logging_mixin.py:190} INFO - [2024-12-07T02:41:53.775-0300] {dagbag.py:588} INFO - Filling up the DagBag from /home/crisu/miniconda3/envs/lab13.1/lib/python3.9/site-packages/airflow/example_dags/example_outlet_event_extra.py
[2024-12-07T02:41:53.788-0300] {processor.py:925} INFO - DAG(s) 'dataset_with_extra_by_yield', 'dataset_with_extra_from_classic_operator', 'dataset_with_extra_by_context' retrieved from /home/crisu/miniconda3/envs/lab13.1/lib/python3.9/site-packages/airflow/example_dags/example_outlet_event_extra.py
[2024-12-07T02:41:53.805-0300] {logging_mixin.py:190} INFO - [2024-12-07T02:41:53.805-0300] {dag.py:3239} INFO - Sync 3 DAGs
[2024-12-07T02:41:53.824-0300] {logging_mixin.py:190} INFO - [2024-12-07T02:41:53.824-0300] {dag.py:4180} INFO - Setting next_dagrun for dataset_with_extra_by_context to 2024-12-06 00:00:00+00:00, run_after=2024-12-07 00:00:00+00:00
[2024-12-07T02:41:53.828-0300] {logging_mixin.py:190} INFO - [2024-12-07T02:41:53.828-0300] {dag.py:4180} INFO - Setting next_dagrun for dataset_with_extra_by_yield to 2024-12-06 00:00:00+00:00, run_after=2024-12-07 00:00:00+00:00
[2024-12-07T02:41:53.830-0300] {logging_mixin.py:190} INFO - [2024-12-07T02:41:53.830-0300] {dag.py:4180} INFO - Setting next_dagrun for dataset_with_extra_from_classic_operator to 2024-12-06 00:00:00+00:00, run_after=2024-12-07 00:00:00+00:00
[2024-12-07T02:41:53.893-0300] {processor.py:208} INFO - Processing /home/crisu/miniconda3/envs/lab13.1/lib/python3.9/site-packages/airflow/example_dags/example_outlet_event_extra.py took 0.134 seconds
[2024-12-07T02:45:03.250-0300] {processor.py:186} INFO - Started process (PID=39722) to work on /home/crisu/miniconda3/envs/lab13.1/lib/python3.9/site-packages/airflow/example_dags/example_outlet_event_extra.py
[2024-12-07T02:45:03.267-0300] {processor.py:914} INFO - Processing file /home/crisu/miniconda3/envs/lab13.1/lib/python3.9/site-packages/airflow/example_dags/example_outlet_event_extra.py for tasks to queue
[2024-12-07T02:45:03.269-0300] {logging_mixin.py:190} INFO - [2024-12-07T02:45:03.269-0300] {dagbag.py:588} INFO - Filling up the DagBag from /home/crisu/miniconda3/envs/lab13.1/lib/python3.9/site-packages/airflow/example_dags/example_outlet_event_extra.py
[2024-12-07T02:45:03.283-0300] {processor.py:925} INFO - DAG(s) 'dataset_with_extra_from_classic_operator', 'dataset_with_extra_by_context', 'dataset_with_extra_by_yield' retrieved from /home/crisu/miniconda3/envs/lab13.1/lib/python3.9/site-packages/airflow/example_dags/example_outlet_event_extra.py
[2024-12-07T02:45:03.303-0300] {logging_mixin.py:190} INFO - [2024-12-07T02:45:03.302-0300] {dag.py:3239} INFO - Sync 3 DAGs
[2024-12-07T02:45:03.324-0300] {logging_mixin.py:190} INFO - [2024-12-07T02:45:03.324-0300] {dag.py:4180} INFO - Setting next_dagrun for dataset_with_extra_by_context to 2024-12-06 00:00:00+00:00, run_after=2024-12-07 00:00:00+00:00
[2024-12-07T02:45:03.329-0300] {logging_mixin.py:190} INFO - [2024-12-07T02:45:03.329-0300] {dag.py:4180} INFO - Setting next_dagrun for dataset_with_extra_by_yield to 2024-12-06 00:00:00+00:00, run_after=2024-12-07 00:00:00+00:00
[2024-12-07T02:45:03.331-0300] {logging_mixin.py:190} INFO - [2024-12-07T02:45:03.331-0300] {dag.py:4180} INFO - Setting next_dagrun for dataset_with_extra_from_classic_operator to 2024-12-06 00:00:00+00:00, run_after=2024-12-07 00:00:00+00:00
[2024-12-07T02:45:03.498-0300] {processor.py:208} INFO - Processing /home/crisu/miniconda3/envs/lab13.1/lib/python3.9/site-packages/airflow/example_dags/example_outlet_event_extra.py took 0.254 seconds
[2024-12-07T02:46:42.985-0300] {processor.py:186} INFO - Started process (PID=40057) to work on /home/crisu/miniconda3/envs/lab13.1/lib/python3.9/site-packages/airflow/example_dags/example_outlet_event_extra.py
[2024-12-07T02:46:43.041-0300] {processor.py:914} INFO - Processing file /home/crisu/miniconda3/envs/lab13.1/lib/python3.9/site-packages/airflow/example_dags/example_outlet_event_extra.py for tasks to queue
[2024-12-07T02:46:43.043-0300] {logging_mixin.py:190} INFO - [2024-12-07T02:46:43.043-0300] {dagbag.py:588} INFO - Filling up the DagBag from /home/crisu/miniconda3/envs/lab13.1/lib/python3.9/site-packages/airflow/example_dags/example_outlet_event_extra.py
[2024-12-07T02:46:43.056-0300] {processor.py:925} INFO - DAG(s) 'dataset_with_extra_by_context', 'dataset_with_extra_by_yield', 'dataset_with_extra_from_classic_operator' retrieved from /home/crisu/miniconda3/envs/lab13.1/lib/python3.9/site-packages/airflow/example_dags/example_outlet_event_extra.py
[2024-12-07T02:46:43.075-0300] {logging_mixin.py:190} INFO - [2024-12-07T02:46:43.075-0300] {dag.py:3239} INFO - Sync 3 DAGs
[2024-12-07T02:46:43.094-0300] {logging_mixin.py:190} INFO - [2024-12-07T02:46:43.093-0300] {dag.py:4180} INFO - Setting next_dagrun for dataset_with_extra_by_context to 2024-12-06 00:00:00+00:00, run_after=2024-12-07 00:00:00+00:00
[2024-12-07T02:46:43.098-0300] {logging_mixin.py:190} INFO - [2024-12-07T02:46:43.097-0300] {dag.py:4180} INFO - Setting next_dagrun for dataset_with_extra_by_yield to 2024-12-06 00:00:00+00:00, run_after=2024-12-07 00:00:00+00:00
[2024-12-07T02:46:43.100-0300] {logging_mixin.py:190} INFO - [2024-12-07T02:46:43.099-0300] {dag.py:4180} INFO - Setting next_dagrun for dataset_with_extra_from_classic_operator to 2024-12-06 00:00:00+00:00, run_after=2024-12-07 00:00:00+00:00
[2024-12-07T02:46:44.187-0300] {processor.py:208} INFO - Processing /home/crisu/miniconda3/envs/lab13.1/lib/python3.9/site-packages/airflow/example_dags/example_outlet_event_extra.py took 1.207 seconds
[2024-12-07T02:50:23.732-0300] {processor.py:186} INFO - Started process (PID=40812) to work on /home/crisu/miniconda3/envs/lab13.1/lib/python3.9/site-packages/airflow/example_dags/example_outlet_event_extra.py
[2024-12-07T02:50:23.754-0300] {processor.py:914} INFO - Processing file /home/crisu/miniconda3/envs/lab13.1/lib/python3.9/site-packages/airflow/example_dags/example_outlet_event_extra.py for tasks to queue
[2024-12-07T02:50:23.756-0300] {logging_mixin.py:190} INFO - [2024-12-07T02:50:23.756-0300] {dagbag.py:588} INFO - Filling up the DagBag from /home/crisu/miniconda3/envs/lab13.1/lib/python3.9/site-packages/airflow/example_dags/example_outlet_event_extra.py
[2024-12-07T02:50:23.769-0300] {processor.py:925} INFO - DAG(s) 'dataset_with_extra_by_context', 'dataset_with_extra_from_classic_operator', 'dataset_with_extra_by_yield' retrieved from /home/crisu/miniconda3/envs/lab13.1/lib/python3.9/site-packages/airflow/example_dags/example_outlet_event_extra.py
[2024-12-07T02:50:23.788-0300] {logging_mixin.py:190} INFO - [2024-12-07T02:50:23.787-0300] {dag.py:3239} INFO - Sync 3 DAGs
[2024-12-07T02:50:23.806-0300] {logging_mixin.py:190} INFO - [2024-12-07T02:50:23.806-0300] {dag.py:4180} INFO - Setting next_dagrun for dataset_with_extra_by_context to 2024-12-06 00:00:00+00:00, run_after=2024-12-07 00:00:00+00:00
[2024-12-07T02:50:23.810-0300] {logging_mixin.py:190} INFO - [2024-12-07T02:50:23.810-0300] {dag.py:4180} INFO - Setting next_dagrun for dataset_with_extra_by_yield to 2024-12-06 00:00:00+00:00, run_after=2024-12-07 00:00:00+00:00
[2024-12-07T02:50:23.812-0300] {logging_mixin.py:190} INFO - [2024-12-07T02:50:23.812-0300] {dag.py:4180} INFO - Setting next_dagrun for dataset_with_extra_from_classic_operator to 2024-12-06 00:00:00+00:00, run_after=2024-12-07 00:00:00+00:00
[2024-12-07T02:50:24.066-0300] {processor.py:208} INFO - Processing /home/crisu/miniconda3/envs/lab13.1/lib/python3.9/site-packages/airflow/example_dags/example_outlet_event_extra.py took 0.339 seconds
[2024-12-07T03:20:41.134-0300] {processor.py:186} INFO - Started process (PID=42681) to work on /home/crisu/miniconda3/envs/lab13.1/lib/python3.9/site-packages/airflow/example_dags/example_outlet_event_extra.py
[2024-12-07T03:20:41.135-0300] {processor.py:914} INFO - Processing file /home/crisu/miniconda3/envs/lab13.1/lib/python3.9/site-packages/airflow/example_dags/example_outlet_event_extra.py for tasks to queue
[2024-12-07T03:20:41.136-0300] {logging_mixin.py:190} INFO - [2024-12-07T03:20:41.136-0300] {dagbag.py:588} INFO - Filling up the DagBag from /home/crisu/miniconda3/envs/lab13.1/lib/python3.9/site-packages/airflow/example_dags/example_outlet_event_extra.py
[2024-12-07T03:20:41.147-0300] {processor.py:925} INFO - DAG(s) 'dataset_with_extra_by_context', 'dataset_with_extra_by_yield', 'dataset_with_extra_from_classic_operator' retrieved from /home/crisu/miniconda3/envs/lab13.1/lib/python3.9/site-packages/airflow/example_dags/example_outlet_event_extra.py
[2024-12-07T03:20:41.167-0300] {logging_mixin.py:190} INFO - [2024-12-07T03:20:41.167-0300] {dag.py:3239} INFO - Sync 3 DAGs
[2024-12-07T03:20:41.184-0300] {logging_mixin.py:190} INFO - [2024-12-07T03:20:41.183-0300] {dag.py:4180} INFO - Setting next_dagrun for dataset_with_extra_by_context to 2024-12-06 00:00:00+00:00, run_after=2024-12-07 00:00:00+00:00
[2024-12-07T03:20:41.187-0300] {logging_mixin.py:190} INFO - [2024-12-07T03:20:41.187-0300] {dag.py:4180} INFO - Setting next_dagrun for dataset_with_extra_by_yield to 2024-12-06 00:00:00+00:00, run_after=2024-12-07 00:00:00+00:00
[2024-12-07T03:20:41.189-0300] {logging_mixin.py:190} INFO - [2024-12-07T03:20:41.189-0300] {dag.py:4180} INFO - Setting next_dagrun for dataset_with_extra_from_classic_operator to 2024-12-06 00:00:00+00:00, run_after=2024-12-07 00:00:00+00:00
[2024-12-07T03:20:42.494-0300] {processor.py:208} INFO - Processing /home/crisu/miniconda3/envs/lab13.1/lib/python3.9/site-packages/airflow/example_dags/example_outlet_event_extra.py took 1.366 seconds
[2024-12-07T03:23:55.686-0300] {processor.py:186} INFO - Started process (PID=42921) to work on /home/crisu/miniconda3/envs/lab13.1/lib/python3.9/site-packages/airflow/example_dags/example_outlet_event_extra.py
[2024-12-07T03:23:55.795-0300] {processor.py:914} INFO - Processing file /home/crisu/miniconda3/envs/lab13.1/lib/python3.9/site-packages/airflow/example_dags/example_outlet_event_extra.py for tasks to queue
[2024-12-07T03:23:55.796-0300] {logging_mixin.py:190} INFO - [2024-12-07T03:23:55.796-0300] {dagbag.py:588} INFO - Filling up the DagBag from /home/crisu/miniconda3/envs/lab13.1/lib/python3.9/site-packages/airflow/example_dags/example_outlet_event_extra.py
[2024-12-07T03:23:55.813-0300] {processor.py:925} INFO - DAG(s) 'dataset_with_extra_by_yield', 'dataset_with_extra_from_classic_operator', 'dataset_with_extra_by_context' retrieved from /home/crisu/miniconda3/envs/lab13.1/lib/python3.9/site-packages/airflow/example_dags/example_outlet_event_extra.py
[2024-12-07T03:23:55.852-0300] {logging_mixin.py:190} INFO - [2024-12-07T03:23:55.851-0300] {dag.py:3239} INFO - Sync 3 DAGs
[2024-12-07T03:23:55.891-0300] {logging_mixin.py:190} INFO - [2024-12-07T03:23:55.891-0300] {dag.py:4180} INFO - Setting next_dagrun for dataset_with_extra_by_context to 2024-12-06 00:00:00+00:00, run_after=2024-12-07 00:00:00+00:00
[2024-12-07T03:23:55.901-0300] {logging_mixin.py:190} INFO - [2024-12-07T03:23:55.901-0300] {dag.py:4180} INFO - Setting next_dagrun for dataset_with_extra_by_yield to 2024-12-06 00:00:00+00:00, run_after=2024-12-07 00:00:00+00:00
[2024-12-07T03:23:55.908-0300] {logging_mixin.py:190} INFO - [2024-12-07T03:23:55.907-0300] {dag.py:4180} INFO - Setting next_dagrun for dataset_with_extra_from_classic_operator to 2024-12-06 00:00:00+00:00, run_after=2024-12-07 00:00:00+00:00
[2024-12-07T03:23:57.031-0300] {processor.py:208} INFO - Processing /home/crisu/miniconda3/envs/lab13.1/lib/python3.9/site-packages/airflow/example_dags/example_outlet_event_extra.py took 1.351 seconds
[2024-12-07T03:27:50.960-0300] {processor.py:186} INFO - Started process (PID=43647) to work on /home/crisu/miniconda3/envs/lab13.1/lib/python3.9/site-packages/airflow/example_dags/example_outlet_event_extra.py
[2024-12-07T03:27:50.979-0300] {processor.py:914} INFO - Processing file /home/crisu/miniconda3/envs/lab13.1/lib/python3.9/site-packages/airflow/example_dags/example_outlet_event_extra.py for tasks to queue
[2024-12-07T03:27:50.981-0300] {logging_mixin.py:190} INFO - [2024-12-07T03:27:50.980-0300] {dagbag.py:588} INFO - Filling up the DagBag from /home/crisu/miniconda3/envs/lab13.1/lib/python3.9/site-packages/airflow/example_dags/example_outlet_event_extra.py
[2024-12-07T03:27:50.994-0300] {processor.py:925} INFO - DAG(s) 'dataset_with_extra_from_classic_operator', 'dataset_with_extra_by_yield', 'dataset_with_extra_by_context' retrieved from /home/crisu/miniconda3/envs/lab13.1/lib/python3.9/site-packages/airflow/example_dags/example_outlet_event_extra.py
[2024-12-07T03:27:51.012-0300] {logging_mixin.py:190} INFO - [2024-12-07T03:27:51.012-0300] {dag.py:3239} INFO - Sync 3 DAGs
[2024-12-07T03:27:51.031-0300] {logging_mixin.py:190} INFO - [2024-12-07T03:27:51.031-0300] {dag.py:4180} INFO - Setting next_dagrun for dataset_with_extra_by_context to 2024-12-06 00:00:00+00:00, run_after=2024-12-07 00:00:00+00:00
[2024-12-07T03:27:51.035-0300] {logging_mixin.py:190} INFO - [2024-12-07T03:27:51.035-0300] {dag.py:4180} INFO - Setting next_dagrun for dataset_with_extra_by_yield to 2024-12-06 00:00:00+00:00, run_after=2024-12-07 00:00:00+00:00
[2024-12-07T03:27:51.037-0300] {logging_mixin.py:190} INFO - [2024-12-07T03:27:51.037-0300] {dag.py:4180} INFO - Setting next_dagrun for dataset_with_extra_from_classic_operator to 2024-12-06 00:00:00+00:00, run_after=2024-12-07 00:00:00+00:00
[2024-12-07T03:27:51.110-0300] {processor.py:208} INFO - Processing /home/crisu/miniconda3/envs/lab13.1/lib/python3.9/site-packages/airflow/example_dags/example_outlet_event_extra.py took 0.155 seconds
[2024-12-07T03:34:22.427-0300] {processor.py:186} INFO - Started process (PID=44610) to work on /home/crisu/miniconda3/envs/lab13.1/lib/python3.9/site-packages/airflow/example_dags/example_outlet_event_extra.py
[2024-12-07T03:34:22.480-0300] {processor.py:914} INFO - Processing file /home/crisu/miniconda3/envs/lab13.1/lib/python3.9/site-packages/airflow/example_dags/example_outlet_event_extra.py for tasks to queue
[2024-12-07T03:34:22.482-0300] {logging_mixin.py:190} INFO - [2024-12-07T03:34:22.481-0300] {dagbag.py:588} INFO - Filling up the DagBag from /home/crisu/miniconda3/envs/lab13.1/lib/python3.9/site-packages/airflow/example_dags/example_outlet_event_extra.py
[2024-12-07T03:34:22.494-0300] {processor.py:925} INFO - DAG(s) 'dataset_with_extra_from_classic_operator', 'dataset_with_extra_by_yield', 'dataset_with_extra_by_context' retrieved from /home/crisu/miniconda3/envs/lab13.1/lib/python3.9/site-packages/airflow/example_dags/example_outlet_event_extra.py
[2024-12-07T03:34:22.515-0300] {logging_mixin.py:190} INFO - [2024-12-07T03:34:22.515-0300] {dag.py:3239} INFO - Sync 3 DAGs
[2024-12-07T03:34:22.533-0300] {logging_mixin.py:190} INFO - [2024-12-07T03:34:22.533-0300] {dag.py:4180} INFO - Setting next_dagrun for dataset_with_extra_by_context to 2024-12-06 00:00:00+00:00, run_after=2024-12-07 00:00:00+00:00
[2024-12-07T03:34:22.537-0300] {logging_mixin.py:190} INFO - [2024-12-07T03:34:22.537-0300] {dag.py:4180} INFO - Setting next_dagrun for dataset_with_extra_by_yield to 2024-12-06 00:00:00+00:00, run_after=2024-12-07 00:00:00+00:00
[2024-12-07T03:34:22.539-0300] {logging_mixin.py:190} INFO - [2024-12-07T03:34:22.539-0300] {dag.py:4180} INFO - Setting next_dagrun for dataset_with_extra_from_classic_operator to 2024-12-06 00:00:00+00:00, run_after=2024-12-07 00:00:00+00:00
[2024-12-07T03:34:23.949-0300] {processor.py:208} INFO - Processing /home/crisu/miniconda3/envs/lab13.1/lib/python3.9/site-packages/airflow/example_dags/example_outlet_event_extra.py took 1.527 seconds
[2024-12-07T03:35:56.566-0300] {processor.py:186} INFO - Started process (PID=44776) to work on /home/crisu/miniconda3/envs/lab13.1/lib/python3.9/site-packages/airflow/example_dags/example_outlet_event_extra.py
[2024-12-07T03:35:56.572-0300] {processor.py:914} INFO - Processing file /home/crisu/miniconda3/envs/lab13.1/lib/python3.9/site-packages/airflow/example_dags/example_outlet_event_extra.py for tasks to queue
[2024-12-07T03:35:56.573-0300] {logging_mixin.py:190} INFO - [2024-12-07T03:35:56.573-0300] {dagbag.py:588} INFO - Filling up the DagBag from /home/crisu/miniconda3/envs/lab13.1/lib/python3.9/site-packages/airflow/example_dags/example_outlet_event_extra.py
[2024-12-07T03:35:56.584-0300] {processor.py:925} INFO - DAG(s) 'dataset_with_extra_from_classic_operator', 'dataset_with_extra_by_context', 'dataset_with_extra_by_yield' retrieved from /home/crisu/miniconda3/envs/lab13.1/lib/python3.9/site-packages/airflow/example_dags/example_outlet_event_extra.py
[2024-12-07T03:35:56.602-0300] {logging_mixin.py:190} INFO - [2024-12-07T03:35:56.602-0300] {dag.py:3239} INFO - Sync 3 DAGs
[2024-12-07T03:35:56.619-0300] {logging_mixin.py:190} INFO - [2024-12-07T03:35:56.619-0300] {dag.py:4180} INFO - Setting next_dagrun for dataset_with_extra_by_context to 2024-12-06 00:00:00+00:00, run_after=2024-12-07 00:00:00+00:00
[2024-12-07T03:35:56.622-0300] {logging_mixin.py:190} INFO - [2024-12-07T03:35:56.622-0300] {dag.py:4180} INFO - Setting next_dagrun for dataset_with_extra_by_yield to 2024-12-06 00:00:00+00:00, run_after=2024-12-07 00:00:00+00:00
[2024-12-07T03:35:56.624-0300] {logging_mixin.py:190} INFO - [2024-12-07T03:35:56.624-0300] {dag.py:4180} INFO - Setting next_dagrun for dataset_with_extra_from_classic_operator to 2024-12-06 00:00:00+00:00, run_after=2024-12-07 00:00:00+00:00
[2024-12-07T03:35:56.683-0300] {processor.py:208} INFO - Processing /home/crisu/miniconda3/envs/lab13.1/lib/python3.9/site-packages/airflow/example_dags/example_outlet_event_extra.py took 0.123 seconds
[2024-12-07T03:37:59.190-0300] {processor.py:186} INFO - Started process (PID=44980) to work on /home/crisu/miniconda3/envs/lab13.1/lib/python3.9/site-packages/airflow/example_dags/example_outlet_event_extra.py
[2024-12-07T03:37:59.192-0300] {processor.py:914} INFO - Processing file /home/crisu/miniconda3/envs/lab13.1/lib/python3.9/site-packages/airflow/example_dags/example_outlet_event_extra.py for tasks to queue
[2024-12-07T03:37:59.193-0300] {logging_mixin.py:190} INFO - [2024-12-07T03:37:59.192-0300] {dagbag.py:588} INFO - Filling up the DagBag from /home/crisu/miniconda3/envs/lab13.1/lib/python3.9/site-packages/airflow/example_dags/example_outlet_event_extra.py
[2024-12-07T03:37:59.205-0300] {processor.py:925} INFO - DAG(s) 'dataset_with_extra_from_classic_operator', 'dataset_with_extra_by_context', 'dataset_with_extra_by_yield' retrieved from /home/crisu/miniconda3/envs/lab13.1/lib/python3.9/site-packages/airflow/example_dags/example_outlet_event_extra.py
[2024-12-07T03:37:59.224-0300] {logging_mixin.py:190} INFO - [2024-12-07T03:37:59.223-0300] {dag.py:3239} INFO - Sync 3 DAGs
[2024-12-07T03:37:59.242-0300] {logging_mixin.py:190} INFO - [2024-12-07T03:37:59.242-0300] {dag.py:4180} INFO - Setting next_dagrun for dataset_with_extra_by_context to 2024-12-06 00:00:00+00:00, run_after=2024-12-07 00:00:00+00:00
[2024-12-07T03:37:59.245-0300] {logging_mixin.py:190} INFO - [2024-12-07T03:37:59.245-0300] {dag.py:4180} INFO - Setting next_dagrun for dataset_with_extra_by_yield to 2024-12-06 00:00:00+00:00, run_after=2024-12-07 00:00:00+00:00
[2024-12-07T03:37:59.247-0300] {logging_mixin.py:190} INFO - [2024-12-07T03:37:59.247-0300] {dag.py:4180} INFO - Setting next_dagrun for dataset_with_extra_from_classic_operator to 2024-12-06 00:00:00+00:00, run_after=2024-12-07 00:00:00+00:00
[2024-12-07T03:37:59.308-0300] {processor.py:208} INFO - Processing /home/crisu/miniconda3/envs/lab13.1/lib/python3.9/site-packages/airflow/example_dags/example_outlet_event_extra.py took 0.124 seconds
[2024-12-07T03:39:18.188-0300] {processor.py:186} INFO - Started process (PID=45138) to work on /home/crisu/miniconda3/envs/lab13.1/lib/python3.9/site-packages/airflow/example_dags/example_outlet_event_extra.py
[2024-12-07T03:39:18.196-0300] {processor.py:914} INFO - Processing file /home/crisu/miniconda3/envs/lab13.1/lib/python3.9/site-packages/airflow/example_dags/example_outlet_event_extra.py for tasks to queue
[2024-12-07T03:39:18.197-0300] {logging_mixin.py:190} INFO - [2024-12-07T03:39:18.197-0300] {dagbag.py:588} INFO - Filling up the DagBag from /home/crisu/miniconda3/envs/lab13.1/lib/python3.9/site-packages/airflow/example_dags/example_outlet_event_extra.py
[2024-12-07T03:39:18.209-0300] {processor.py:925} INFO - DAG(s) 'dataset_with_extra_from_classic_operator', 'dataset_with_extra_by_context', 'dataset_with_extra_by_yield' retrieved from /home/crisu/miniconda3/envs/lab13.1/lib/python3.9/site-packages/airflow/example_dags/example_outlet_event_extra.py
[2024-12-07T03:39:18.228-0300] {logging_mixin.py:190} INFO - [2024-12-07T03:39:18.228-0300] {dag.py:3239} INFO - Sync 3 DAGs
[2024-12-07T03:39:18.248-0300] {logging_mixin.py:190} INFO - [2024-12-07T03:39:18.248-0300] {dag.py:4180} INFO - Setting next_dagrun for dataset_with_extra_by_context to 2024-12-06 00:00:00+00:00, run_after=2024-12-07 00:00:00+00:00
[2024-12-07T03:39:18.252-0300] {logging_mixin.py:190} INFO - [2024-12-07T03:39:18.252-0300] {dag.py:4180} INFO - Setting next_dagrun for dataset_with_extra_by_yield to 2024-12-06 00:00:00+00:00, run_after=2024-12-07 00:00:00+00:00
[2024-12-07T03:39:18.255-0300] {logging_mixin.py:190} INFO - [2024-12-07T03:39:18.254-0300] {dag.py:4180} INFO - Setting next_dagrun for dataset_with_extra_from_classic_operator to 2024-12-06 00:00:00+00:00, run_after=2024-12-07 00:00:00+00:00
[2024-12-07T03:39:18.312-0300] {processor.py:208} INFO - Processing /home/crisu/miniconda3/envs/lab13.1/lib/python3.9/site-packages/airflow/example_dags/example_outlet_event_extra.py took 0.131 seconds
[2024-12-07T03:40:34.118-0300] {processor.py:186} INFO - Started process (PID=45284) to work on /home/crisu/miniconda3/envs/lab13.1/lib/python3.9/site-packages/airflow/example_dags/example_outlet_event_extra.py
[2024-12-07T03:40:34.129-0300] {processor.py:914} INFO - Processing file /home/crisu/miniconda3/envs/lab13.1/lib/python3.9/site-packages/airflow/example_dags/example_outlet_event_extra.py for tasks to queue
[2024-12-07T03:40:34.130-0300] {logging_mixin.py:190} INFO - [2024-12-07T03:40:34.130-0300] {dagbag.py:588} INFO - Filling up the DagBag from /home/crisu/miniconda3/envs/lab13.1/lib/python3.9/site-packages/airflow/example_dags/example_outlet_event_extra.py
[2024-12-07T03:40:34.140-0300] {processor.py:925} INFO - DAG(s) 'dataset_with_extra_from_classic_operator', 'dataset_with_extra_by_context', 'dataset_with_extra_by_yield' retrieved from /home/crisu/miniconda3/envs/lab13.1/lib/python3.9/site-packages/airflow/example_dags/example_outlet_event_extra.py
[2024-12-07T03:40:34.161-0300] {logging_mixin.py:190} INFO - [2024-12-07T03:40:34.161-0300] {dag.py:3239} INFO - Sync 3 DAGs
[2024-12-07T03:40:34.181-0300] {logging_mixin.py:190} INFO - [2024-12-07T03:40:34.181-0300] {dag.py:4180} INFO - Setting next_dagrun for dataset_with_extra_by_context to 2024-12-06 00:00:00+00:00, run_after=2024-12-07 00:00:00+00:00
[2024-12-07T03:40:34.185-0300] {logging_mixin.py:190} INFO - [2024-12-07T03:40:34.184-0300] {dag.py:4180} INFO - Setting next_dagrun for dataset_with_extra_by_yield to 2024-12-06 00:00:00+00:00, run_after=2024-12-07 00:00:00+00:00
[2024-12-07T03:40:34.187-0300] {logging_mixin.py:190} INFO - [2024-12-07T03:40:34.187-0300] {dag.py:4180} INFO - Setting next_dagrun for dataset_with_extra_from_classic_operator to 2024-12-06 00:00:00+00:00, run_after=2024-12-07 00:00:00+00:00
[2024-12-07T03:40:34.271-0300] {processor.py:208} INFO - Processing /home/crisu/miniconda3/envs/lab13.1/lib/python3.9/site-packages/airflow/example_dags/example_outlet_event_extra.py took 0.159 seconds
[2024-12-07T03:44:20.742-0300] {processor.py:186} INFO - Started process (PID=45896) to work on /home/crisu/miniconda3/envs/lab13.1/lib/python3.9/site-packages/airflow/example_dags/example_outlet_event_extra.py
[2024-12-07T03:44:20.743-0300] {processor.py:914} INFO - Processing file /home/crisu/miniconda3/envs/lab13.1/lib/python3.9/site-packages/airflow/example_dags/example_outlet_event_extra.py for tasks to queue
[2024-12-07T03:44:20.746-0300] {logging_mixin.py:190} INFO - [2024-12-07T03:44:20.746-0300] {dagbag.py:588} INFO - Filling up the DagBag from /home/crisu/miniconda3/envs/lab13.1/lib/python3.9/site-packages/airflow/example_dags/example_outlet_event_extra.py
[2024-12-07T03:44:20.760-0300] {processor.py:925} INFO - DAG(s) 'dataset_with_extra_from_classic_operator', 'dataset_with_extra_by_context', 'dataset_with_extra_by_yield' retrieved from /home/crisu/miniconda3/envs/lab13.1/lib/python3.9/site-packages/airflow/example_dags/example_outlet_event_extra.py
[2024-12-07T03:44:20.779-0300] {logging_mixin.py:190} INFO - [2024-12-07T03:44:20.779-0300] {dag.py:3239} INFO - Sync 3 DAGs
[2024-12-07T03:44:20.800-0300] {logging_mixin.py:190} INFO - [2024-12-07T03:44:20.800-0300] {dag.py:4180} INFO - Setting next_dagrun for dataset_with_extra_by_context to 2024-12-06 00:00:00+00:00, run_after=2024-12-07 00:00:00+00:00
[2024-12-07T03:44:20.806-0300] {logging_mixin.py:190} INFO - [2024-12-07T03:44:20.805-0300] {dag.py:4180} INFO - Setting next_dagrun for dataset_with_extra_by_yield to 2024-12-06 00:00:00+00:00, run_after=2024-12-07 00:00:00+00:00
[2024-12-07T03:44:20.808-0300] {logging_mixin.py:190} INFO - [2024-12-07T03:44:20.808-0300] {dag.py:4180} INFO - Setting next_dagrun for dataset_with_extra_from_classic_operator to 2024-12-06 00:00:00+00:00, run_after=2024-12-07 00:00:00+00:00
[2024-12-07T03:44:20.874-0300] {processor.py:208} INFO - Processing /home/crisu/miniconda3/envs/lab13.1/lib/python3.9/site-packages/airflow/example_dags/example_outlet_event_extra.py took 0.140 seconds
[2024-12-07T03:48:46.226-0300] {processor.py:186} INFO - Started process (PID=46764) to work on /home/crisu/miniconda3/envs/lab13.1/lib/python3.9/site-packages/airflow/example_dags/example_outlet_event_extra.py
[2024-12-07T03:48:46.228-0300] {processor.py:914} INFO - Processing file /home/crisu/miniconda3/envs/lab13.1/lib/python3.9/site-packages/airflow/example_dags/example_outlet_event_extra.py for tasks to queue
[2024-12-07T03:48:46.230-0300] {logging_mixin.py:190} INFO - [2024-12-07T03:48:46.230-0300] {dagbag.py:588} INFO - Filling up the DagBag from /home/crisu/miniconda3/envs/lab13.1/lib/python3.9/site-packages/airflow/example_dags/example_outlet_event_extra.py
[2024-12-07T03:48:46.242-0300] {processor.py:925} INFO - DAG(s) 'dataset_with_extra_by_context', 'dataset_with_extra_by_yield', 'dataset_with_extra_from_classic_operator' retrieved from /home/crisu/miniconda3/envs/lab13.1/lib/python3.9/site-packages/airflow/example_dags/example_outlet_event_extra.py
[2024-12-07T03:48:46.260-0300] {logging_mixin.py:190} INFO - [2024-12-07T03:48:46.259-0300] {dag.py:3239} INFO - Sync 3 DAGs
[2024-12-07T03:48:46.278-0300] {logging_mixin.py:190} INFO - [2024-12-07T03:48:46.278-0300] {dag.py:4180} INFO - Setting next_dagrun for dataset_with_extra_by_context to 2024-12-06 00:00:00+00:00, run_after=2024-12-07 00:00:00+00:00
[2024-12-07T03:48:46.282-0300] {logging_mixin.py:190} INFO - [2024-12-07T03:48:46.282-0300] {dag.py:4180} INFO - Setting next_dagrun for dataset_with_extra_by_yield to 2024-12-06 00:00:00+00:00, run_after=2024-12-07 00:00:00+00:00
[2024-12-07T03:48:46.284-0300] {logging_mixin.py:190} INFO - [2024-12-07T03:48:46.284-0300] {dag.py:4180} INFO - Setting next_dagrun for dataset_with_extra_from_classic_operator to 2024-12-06 00:00:00+00:00, run_after=2024-12-07 00:00:00+00:00
[2024-12-07T03:48:46.845-0300] {processor.py:208} INFO - Processing /home/crisu/miniconda3/envs/lab13.1/lib/python3.9/site-packages/airflow/example_dags/example_outlet_event_extra.py took 0.624 seconds
[2024-12-07T03:50:52.478-0300] {processor.py:186} INFO - Started process (PID=46948) to work on /home/crisu/miniconda3/envs/lab13.1/lib/python3.9/site-packages/airflow/example_dags/example_outlet_event_extra.py
[2024-12-07T03:50:52.479-0300] {processor.py:914} INFO - Processing file /home/crisu/miniconda3/envs/lab13.1/lib/python3.9/site-packages/airflow/example_dags/example_outlet_event_extra.py for tasks to queue
[2024-12-07T03:50:52.481-0300] {logging_mixin.py:190} INFO - [2024-12-07T03:50:52.481-0300] {dagbag.py:588} INFO - Filling up the DagBag from /home/crisu/miniconda3/envs/lab13.1/lib/python3.9/site-packages/airflow/example_dags/example_outlet_event_extra.py
[2024-12-07T03:50:52.495-0300] {processor.py:925} INFO - DAG(s) 'dataset_with_extra_by_context', 'dataset_with_extra_from_classic_operator', 'dataset_with_extra_by_yield' retrieved from /home/crisu/miniconda3/envs/lab13.1/lib/python3.9/site-packages/airflow/example_dags/example_outlet_event_extra.py
[2024-12-07T03:50:52.514-0300] {logging_mixin.py:190} INFO - [2024-12-07T03:50:52.514-0300] {dag.py:3239} INFO - Sync 3 DAGs
[2024-12-07T03:50:52.534-0300] {logging_mixin.py:190} INFO - [2024-12-07T03:50:52.534-0300] {dag.py:4180} INFO - Setting next_dagrun for dataset_with_extra_by_context to 2024-12-06 00:00:00+00:00, run_after=2024-12-07 00:00:00+00:00
[2024-12-07T03:50:52.538-0300] {logging_mixin.py:190} INFO - [2024-12-07T03:50:52.538-0300] {dag.py:4180} INFO - Setting next_dagrun for dataset_with_extra_by_yield to 2024-12-06 00:00:00+00:00, run_after=2024-12-07 00:00:00+00:00
[2024-12-07T03:50:52.540-0300] {logging_mixin.py:190} INFO - [2024-12-07T03:50:52.540-0300] {dag.py:4180} INFO - Setting next_dagrun for dataset_with_extra_from_classic_operator to 2024-12-06 00:00:00+00:00, run_after=2024-12-07 00:00:00+00:00
[2024-12-07T03:50:52.607-0300] {processor.py:208} INFO - Processing /home/crisu/miniconda3/envs/lab13.1/lib/python3.9/site-packages/airflow/example_dags/example_outlet_event_extra.py took 0.134 seconds
[2024-12-07T03:52:18.261-0300] {processor.py:186} INFO - Started process (PID=47060) to work on /home/crisu/miniconda3/envs/lab13.1/lib/python3.9/site-packages/airflow/example_dags/example_outlet_event_extra.py
[2024-12-07T03:52:18.263-0300] {processor.py:914} INFO - Processing file /home/crisu/miniconda3/envs/lab13.1/lib/python3.9/site-packages/airflow/example_dags/example_outlet_event_extra.py for tasks to queue
[2024-12-07T03:52:18.267-0300] {logging_mixin.py:190} INFO - [2024-12-07T03:52:18.266-0300] {dagbag.py:588} INFO - Filling up the DagBag from /home/crisu/miniconda3/envs/lab13.1/lib/python3.9/site-packages/airflow/example_dags/example_outlet_event_extra.py
[2024-12-07T03:52:18.289-0300] {processor.py:925} INFO - DAG(s) 'dataset_with_extra_by_yield', 'dataset_with_extra_from_classic_operator', 'dataset_with_extra_by_context' retrieved from /home/crisu/miniconda3/envs/lab13.1/lib/python3.9/site-packages/airflow/example_dags/example_outlet_event_extra.py
[2024-12-07T03:52:18.322-0300] {logging_mixin.py:190} INFO - [2024-12-07T03:52:18.321-0300] {dag.py:3239} INFO - Sync 3 DAGs
[2024-12-07T03:52:18.359-0300] {logging_mixin.py:190} INFO - [2024-12-07T03:52:18.359-0300] {dag.py:4180} INFO - Setting next_dagrun for dataset_with_extra_by_context to 2024-12-06 00:00:00+00:00, run_after=2024-12-07 00:00:00+00:00
[2024-12-07T03:52:18.368-0300] {logging_mixin.py:190} INFO - [2024-12-07T03:52:18.367-0300] {dag.py:4180} INFO - Setting next_dagrun for dataset_with_extra_by_yield to 2024-12-06 00:00:00+00:00, run_after=2024-12-07 00:00:00+00:00
[2024-12-07T03:52:18.371-0300] {logging_mixin.py:190} INFO - [2024-12-07T03:52:18.371-0300] {dag.py:4180} INFO - Setting next_dagrun for dataset_with_extra_from_classic_operator to 2024-12-06 00:00:00+00:00, run_after=2024-12-07 00:00:00+00:00
[2024-12-07T03:52:18.445-0300] {processor.py:208} INFO - Processing /home/crisu/miniconda3/envs/lab13.1/lib/python3.9/site-packages/airflow/example_dags/example_outlet_event_extra.py took 0.194 seconds
[2024-12-07T03:54:29.281-0300] {processor.py:186} INFO - Started process (PID=47322) to work on /home/crisu/miniconda3/envs/lab13.1/lib/python3.9/site-packages/airflow/example_dags/example_outlet_event_extra.py
[2024-12-07T03:54:29.306-0300] {processor.py:914} INFO - Processing file /home/crisu/miniconda3/envs/lab13.1/lib/python3.9/site-packages/airflow/example_dags/example_outlet_event_extra.py for tasks to queue
[2024-12-07T03:54:29.308-0300] {logging_mixin.py:190} INFO - [2024-12-07T03:54:29.308-0300] {dagbag.py:588} INFO - Filling up the DagBag from /home/crisu/miniconda3/envs/lab13.1/lib/python3.9/site-packages/airflow/example_dags/example_outlet_event_extra.py
[2024-12-07T03:54:29.322-0300] {processor.py:925} INFO - DAG(s) 'dataset_with_extra_from_classic_operator', 'dataset_with_extra_by_context', 'dataset_with_extra_by_yield' retrieved from /home/crisu/miniconda3/envs/lab13.1/lib/python3.9/site-packages/airflow/example_dags/example_outlet_event_extra.py
[2024-12-07T03:54:29.339-0300] {logging_mixin.py:190} INFO - [2024-12-07T03:54:29.339-0300] {dag.py:3239} INFO - Sync 3 DAGs
[2024-12-07T03:54:29.358-0300] {logging_mixin.py:190} INFO - [2024-12-07T03:54:29.358-0300] {dag.py:4180} INFO - Setting next_dagrun for dataset_with_extra_by_context to 2024-12-06 00:00:00+00:00, run_after=2024-12-07 00:00:00+00:00
[2024-12-07T03:54:29.362-0300] {logging_mixin.py:190} INFO - [2024-12-07T03:54:29.362-0300] {dag.py:4180} INFO - Setting next_dagrun for dataset_with_extra_by_yield to 2024-12-06 00:00:00+00:00, run_after=2024-12-07 00:00:00+00:00
[2024-12-07T03:54:29.364-0300] {logging_mixin.py:190} INFO - [2024-12-07T03:54:29.364-0300] {dag.py:4180} INFO - Setting next_dagrun for dataset_with_extra_from_classic_operator to 2024-12-06 00:00:00+00:00, run_after=2024-12-07 00:00:00+00:00
[2024-12-07T03:54:29.434-0300] {processor.py:208} INFO - Processing /home/crisu/miniconda3/envs/lab13.1/lib/python3.9/site-packages/airflow/example_dags/example_outlet_event_extra.py took 0.157 seconds
[2024-12-07T03:56:27.509-0300] {processor.py:186} INFO - Started process (PID=47570) to work on /home/crisu/miniconda3/envs/lab13.1/lib/python3.9/site-packages/airflow/example_dags/example_outlet_event_extra.py
[2024-12-07T03:56:27.511-0300] {processor.py:914} INFO - Processing file /home/crisu/miniconda3/envs/lab13.1/lib/python3.9/site-packages/airflow/example_dags/example_outlet_event_extra.py for tasks to queue
[2024-12-07T03:56:27.513-0300] {logging_mixin.py:190} INFO - [2024-12-07T03:56:27.513-0300] {dagbag.py:588} INFO - Filling up the DagBag from /home/crisu/miniconda3/envs/lab13.1/lib/python3.9/site-packages/airflow/example_dags/example_outlet_event_extra.py
[2024-12-07T03:56:27.527-0300] {processor.py:925} INFO - DAG(s) 'dataset_with_extra_by_context', 'dataset_with_extra_from_classic_operator', 'dataset_with_extra_by_yield' retrieved from /home/crisu/miniconda3/envs/lab13.1/lib/python3.9/site-packages/airflow/example_dags/example_outlet_event_extra.py
[2024-12-07T03:56:27.546-0300] {logging_mixin.py:190} INFO - [2024-12-07T03:56:27.545-0300] {dag.py:3239} INFO - Sync 3 DAGs
[2024-12-07T03:56:27.566-0300] {logging_mixin.py:190} INFO - [2024-12-07T03:56:27.566-0300] {dag.py:4180} INFO - Setting next_dagrun for dataset_with_extra_by_context to 2024-12-06 00:00:00+00:00, run_after=2024-12-07 00:00:00+00:00
[2024-12-07T03:56:27.571-0300] {logging_mixin.py:190} INFO - [2024-12-07T03:56:27.571-0300] {dag.py:4180} INFO - Setting next_dagrun for dataset_with_extra_by_yield to 2024-12-06 00:00:00+00:00, run_after=2024-12-07 00:00:00+00:00
[2024-12-07T03:56:27.574-0300] {logging_mixin.py:190} INFO - [2024-12-07T03:56:27.573-0300] {dag.py:4180} INFO - Setting next_dagrun for dataset_with_extra_from_classic_operator to 2024-12-06 00:00:00+00:00, run_after=2024-12-07 00:00:00+00:00
[2024-12-07T03:56:27.639-0300] {processor.py:208} INFO - Processing /home/crisu/miniconda3/envs/lab13.1/lib/python3.9/site-packages/airflow/example_dags/example_outlet_event_extra.py took 0.135 seconds
[2024-12-07T03:57:46.317-0300] {processor.py:186} INFO - Started process (PID=47703) to work on /home/crisu/miniconda3/envs/lab13.1/lib/python3.9/site-packages/airflow/example_dags/example_outlet_event_extra.py
[2024-12-07T03:57:46.325-0300] {processor.py:914} INFO - Processing file /home/crisu/miniconda3/envs/lab13.1/lib/python3.9/site-packages/airflow/example_dags/example_outlet_event_extra.py for tasks to queue
[2024-12-07T03:57:46.328-0300] {logging_mixin.py:190} INFO - [2024-12-07T03:57:46.327-0300] {dagbag.py:588} INFO - Filling up the DagBag from /home/crisu/miniconda3/envs/lab13.1/lib/python3.9/site-packages/airflow/example_dags/example_outlet_event_extra.py
[2024-12-07T03:57:46.346-0300] {processor.py:925} INFO - DAG(s) 'dataset_with_extra_by_context', 'dataset_with_extra_from_classic_operator', 'dataset_with_extra_by_yield' retrieved from /home/crisu/miniconda3/envs/lab13.1/lib/python3.9/site-packages/airflow/example_dags/example_outlet_event_extra.py
[2024-12-07T03:57:46.364-0300] {logging_mixin.py:190} INFO - [2024-12-07T03:57:46.364-0300] {dag.py:3239} INFO - Sync 3 DAGs
[2024-12-07T03:57:46.385-0300] {logging_mixin.py:190} INFO - [2024-12-07T03:57:46.384-0300] {dag.py:4180} INFO - Setting next_dagrun for dataset_with_extra_by_context to 2024-12-06 00:00:00+00:00, run_after=2024-12-07 00:00:00+00:00
[2024-12-07T03:57:46.388-0300] {logging_mixin.py:190} INFO - [2024-12-07T03:57:46.388-0300] {dag.py:4180} INFO - Setting next_dagrun for dataset_with_extra_by_yield to 2024-12-06 00:00:00+00:00, run_after=2024-12-07 00:00:00+00:00
[2024-12-07T03:57:46.390-0300] {logging_mixin.py:190} INFO - [2024-12-07T03:57:46.390-0300] {dag.py:4180} INFO - Setting next_dagrun for dataset_with_extra_from_classic_operator to 2024-12-06 00:00:00+00:00, run_after=2024-12-07 00:00:00+00:00
[2024-12-07T03:57:46.449-0300] {processor.py:208} INFO - Processing /home/crisu/miniconda3/envs/lab13.1/lib/python3.9/site-packages/airflow/example_dags/example_outlet_event_extra.py took 0.137 seconds
[2024-12-07T03:59:41.716-0300] {processor.py:186} INFO - Started process (PID=47971) to work on /home/crisu/miniconda3/envs/lab13.1/lib/python3.9/site-packages/airflow/example_dags/example_outlet_event_extra.py
[2024-12-07T03:59:41.726-0300] {processor.py:914} INFO - Processing file /home/crisu/miniconda3/envs/lab13.1/lib/python3.9/site-packages/airflow/example_dags/example_outlet_event_extra.py for tasks to queue
[2024-12-07T03:59:41.728-0300] {logging_mixin.py:190} INFO - [2024-12-07T03:59:41.728-0300] {dagbag.py:588} INFO - Filling up the DagBag from /home/crisu/miniconda3/envs/lab13.1/lib/python3.9/site-packages/airflow/example_dags/example_outlet_event_extra.py
[2024-12-07T03:59:41.741-0300] {processor.py:925} INFO - DAG(s) 'dataset_with_extra_from_classic_operator', 'dataset_with_extra_by_yield', 'dataset_with_extra_by_context' retrieved from /home/crisu/miniconda3/envs/lab13.1/lib/python3.9/site-packages/airflow/example_dags/example_outlet_event_extra.py
[2024-12-07T03:59:41.759-0300] {logging_mixin.py:190} INFO - [2024-12-07T03:59:41.759-0300] {dag.py:3239} INFO - Sync 3 DAGs
[2024-12-07T03:59:41.781-0300] {logging_mixin.py:190} INFO - [2024-12-07T03:59:41.780-0300] {dag.py:4180} INFO - Setting next_dagrun for dataset_with_extra_by_context to 2024-12-06 00:00:00+00:00, run_after=2024-12-07 00:00:00+00:00
[2024-12-07T03:59:41.785-0300] {logging_mixin.py:190} INFO - [2024-12-07T03:59:41.784-0300] {dag.py:4180} INFO - Setting next_dagrun for dataset_with_extra_by_yield to 2024-12-06 00:00:00+00:00, run_after=2024-12-07 00:00:00+00:00
[2024-12-07T03:59:41.787-0300] {logging_mixin.py:190} INFO - [2024-12-07T03:59:41.787-0300] {dag.py:4180} INFO - Setting next_dagrun for dataset_with_extra_from_classic_operator to 2024-12-06 00:00:00+00:00, run_after=2024-12-07 00:00:00+00:00
[2024-12-07T03:59:41.844-0300] {processor.py:208} INFO - Processing /home/crisu/miniconda3/envs/lab13.1/lib/python3.9/site-packages/airflow/example_dags/example_outlet_event_extra.py took 0.134 seconds
[2024-12-07T04:00:57.312-0300] {processor.py:186} INFO - Started process (PID=48120) to work on /home/crisu/miniconda3/envs/lab13.1/lib/python3.9/site-packages/airflow/example_dags/example_outlet_event_extra.py
[2024-12-07T04:00:57.325-0300] {processor.py:914} INFO - Processing file /home/crisu/miniconda3/envs/lab13.1/lib/python3.9/site-packages/airflow/example_dags/example_outlet_event_extra.py for tasks to queue
[2024-12-07T04:00:57.327-0300] {logging_mixin.py:190} INFO - [2024-12-07T04:00:57.327-0300] {dagbag.py:588} INFO - Filling up the DagBag from /home/crisu/miniconda3/envs/lab13.1/lib/python3.9/site-packages/airflow/example_dags/example_outlet_event_extra.py
[2024-12-07T04:00:57.340-0300] {processor.py:925} INFO - DAG(s) 'dataset_with_extra_from_classic_operator', 'dataset_with_extra_by_yield', 'dataset_with_extra_by_context' retrieved from /home/crisu/miniconda3/envs/lab13.1/lib/python3.9/site-packages/airflow/example_dags/example_outlet_event_extra.py
[2024-12-07T04:00:57.360-0300] {logging_mixin.py:190} INFO - [2024-12-07T04:00:57.360-0300] {dag.py:3239} INFO - Sync 3 DAGs
[2024-12-07T04:00:57.380-0300] {logging_mixin.py:190} INFO - [2024-12-07T04:00:57.379-0300] {dag.py:4180} INFO - Setting next_dagrun for dataset_with_extra_by_context to 2024-12-06 00:00:00+00:00, run_after=2024-12-07 00:00:00+00:00
[2024-12-07T04:00:57.384-0300] {logging_mixin.py:190} INFO - [2024-12-07T04:00:57.383-0300] {dag.py:4180} INFO - Setting next_dagrun for dataset_with_extra_by_yield to 2024-12-06 00:00:00+00:00, run_after=2024-12-07 00:00:00+00:00
[2024-12-07T04:00:57.386-0300] {logging_mixin.py:190} INFO - [2024-12-07T04:00:57.386-0300] {dag.py:4180} INFO - Setting next_dagrun for dataset_with_extra_from_classic_operator to 2024-12-06 00:00:00+00:00, run_after=2024-12-07 00:00:00+00:00
[2024-12-07T04:00:57.451-0300] {processor.py:208} INFO - Processing /home/crisu/miniconda3/envs/lab13.1/lib/python3.9/site-packages/airflow/example_dags/example_outlet_event_extra.py took 0.144 seconds
[2024-12-07T04:07:50.047-0300] {processor.py:186} INFO - Started process (PID=49214) to work on /home/crisu/miniconda3/envs/lab13.1/lib/python3.9/site-packages/airflow/example_dags/example_outlet_event_extra.py
[2024-12-07T04:07:50.074-0300] {processor.py:914} INFO - Processing file /home/crisu/miniconda3/envs/lab13.1/lib/python3.9/site-packages/airflow/example_dags/example_outlet_event_extra.py for tasks to queue
[2024-12-07T04:07:50.075-0300] {logging_mixin.py:190} INFO - [2024-12-07T04:07:50.075-0300] {dagbag.py:588} INFO - Filling up the DagBag from /home/crisu/miniconda3/envs/lab13.1/lib/python3.9/site-packages/airflow/example_dags/example_outlet_event_extra.py
[2024-12-07T04:07:50.086-0300] {processor.py:925} INFO - DAG(s) 'dataset_with_extra_by_yield', 'dataset_with_extra_from_classic_operator', 'dataset_with_extra_by_context' retrieved from /home/crisu/miniconda3/envs/lab13.1/lib/python3.9/site-packages/airflow/example_dags/example_outlet_event_extra.py
[2024-12-07T04:07:50.105-0300] {logging_mixin.py:190} INFO - [2024-12-07T04:07:50.105-0300] {dag.py:3239} INFO - Sync 3 DAGs
[2024-12-07T04:07:50.122-0300] {logging_mixin.py:190} INFO - [2024-12-07T04:07:50.122-0300] {dag.py:4180} INFO - Setting next_dagrun for dataset_with_extra_by_context to 2024-12-06 00:00:00+00:00, run_after=2024-12-07 00:00:00+00:00
[2024-12-07T04:07:50.126-0300] {logging_mixin.py:190} INFO - [2024-12-07T04:07:50.125-0300] {dag.py:4180} INFO - Setting next_dagrun for dataset_with_extra_by_yield to 2024-12-06 00:00:00+00:00, run_after=2024-12-07 00:00:00+00:00
[2024-12-07T04:07:50.128-0300] {logging_mixin.py:190} INFO - [2024-12-07T04:07:50.128-0300] {dag.py:4180} INFO - Setting next_dagrun for dataset_with_extra_from_classic_operator to 2024-12-06 00:00:00+00:00, run_after=2024-12-07 00:00:00+00:00
[2024-12-07T04:07:50.204-0300] {processor.py:208} INFO - Processing /home/crisu/miniconda3/envs/lab13.1/lib/python3.9/site-packages/airflow/example_dags/example_outlet_event_extra.py took 0.163 seconds
[2024-12-07T04:09:53.420-0300] {processor.py:186} INFO - Started process (PID=49461) to work on /home/crisu/miniconda3/envs/lab13.1/lib/python3.9/site-packages/airflow/example_dags/example_outlet_event_extra.py
[2024-12-07T04:09:53.428-0300] {processor.py:914} INFO - Processing file /home/crisu/miniconda3/envs/lab13.1/lib/python3.9/site-packages/airflow/example_dags/example_outlet_event_extra.py for tasks to queue
[2024-12-07T04:09:53.429-0300] {logging_mixin.py:190} INFO - [2024-12-07T04:09:53.429-0300] {dagbag.py:588} INFO - Filling up the DagBag from /home/crisu/miniconda3/envs/lab13.1/lib/python3.9/site-packages/airflow/example_dags/example_outlet_event_extra.py
[2024-12-07T04:09:53.441-0300] {processor.py:925} INFO - DAG(s) 'dataset_with_extra_by_context', 'dataset_with_extra_by_yield', 'dataset_with_extra_from_classic_operator' retrieved from /home/crisu/miniconda3/envs/lab13.1/lib/python3.9/site-packages/airflow/example_dags/example_outlet_event_extra.py
[2024-12-07T04:09:53.458-0300] {logging_mixin.py:190} INFO - [2024-12-07T04:09:53.458-0300] {dag.py:3239} INFO - Sync 3 DAGs
[2024-12-07T04:09:53.475-0300] {logging_mixin.py:190} INFO - [2024-12-07T04:09:53.475-0300] {dag.py:4180} INFO - Setting next_dagrun for dataset_with_extra_by_context to 2024-12-06 00:00:00+00:00, run_after=2024-12-07 00:00:00+00:00
[2024-12-07T04:09:53.478-0300] {logging_mixin.py:190} INFO - [2024-12-07T04:09:53.478-0300] {dag.py:4180} INFO - Setting next_dagrun for dataset_with_extra_by_yield to 2024-12-06 00:00:00+00:00, run_after=2024-12-07 00:00:00+00:00
[2024-12-07T04:09:53.480-0300] {logging_mixin.py:190} INFO - [2024-12-07T04:09:53.480-0300] {dag.py:4180} INFO - Setting next_dagrun for dataset_with_extra_from_classic_operator to 2024-12-06 00:00:00+00:00, run_after=2024-12-07 00:00:00+00:00
[2024-12-07T04:09:53.542-0300] {processor.py:208} INFO - Processing /home/crisu/miniconda3/envs/lab13.1/lib/python3.9/site-packages/airflow/example_dags/example_outlet_event_extra.py took 0.128 seconds
[2024-12-07T04:11:53.566-0300] {processor.py:186} INFO - Started process (PID=49632) to work on /home/crisu/miniconda3/envs/lab13.1/lib/python3.9/site-packages/airflow/example_dags/example_outlet_event_extra.py
[2024-12-07T04:11:53.591-0300] {processor.py:914} INFO - Processing file /home/crisu/miniconda3/envs/lab13.1/lib/python3.9/site-packages/airflow/example_dags/example_outlet_event_extra.py for tasks to queue
[2024-12-07T04:11:53.593-0300] {logging_mixin.py:190} INFO - [2024-12-07T04:11:53.592-0300] {dagbag.py:588} INFO - Filling up the DagBag from /home/crisu/miniconda3/envs/lab13.1/lib/python3.9/site-packages/airflow/example_dags/example_outlet_event_extra.py
[2024-12-07T04:11:53.603-0300] {processor.py:925} INFO - DAG(s) 'dataset_with_extra_by_context', 'dataset_with_extra_by_yield', 'dataset_with_extra_from_classic_operator' retrieved from /home/crisu/miniconda3/envs/lab13.1/lib/python3.9/site-packages/airflow/example_dags/example_outlet_event_extra.py
[2024-12-07T04:11:53.622-0300] {logging_mixin.py:190} INFO - [2024-12-07T04:11:53.622-0300] {dag.py:3239} INFO - Sync 3 DAGs
[2024-12-07T04:11:53.640-0300] {logging_mixin.py:190} INFO - [2024-12-07T04:11:53.640-0300] {dag.py:4180} INFO - Setting next_dagrun for dataset_with_extra_by_context to 2024-12-06 00:00:00+00:00, run_after=2024-12-07 00:00:00+00:00
[2024-12-07T04:11:53.645-0300] {logging_mixin.py:190} INFO - [2024-12-07T04:11:53.644-0300] {dag.py:4180} INFO - Setting next_dagrun for dataset_with_extra_by_yield to 2024-12-06 00:00:00+00:00, run_after=2024-12-07 00:00:00+00:00
[2024-12-07T04:11:53.647-0300] {logging_mixin.py:190} INFO - [2024-12-07T04:11:53.647-0300] {dag.py:4180} INFO - Setting next_dagrun for dataset_with_extra_from_classic_operator to 2024-12-06 00:00:00+00:00, run_after=2024-12-07 00:00:00+00:00
[2024-12-07T04:11:53.744-0300] {processor.py:208} INFO - Processing /home/crisu/miniconda3/envs/lab13.1/lib/python3.9/site-packages/airflow/example_dags/example_outlet_event_extra.py took 0.184 seconds
[2024-12-07T04:13:07.797-0300] {processor.py:186} INFO - Started process (PID=49753) to work on /home/crisu/miniconda3/envs/lab13.1/lib/python3.9/site-packages/airflow/example_dags/example_outlet_event_extra.py
[2024-12-07T04:13:07.826-0300] {processor.py:914} INFO - Processing file /home/crisu/miniconda3/envs/lab13.1/lib/python3.9/site-packages/airflow/example_dags/example_outlet_event_extra.py for tasks to queue
[2024-12-07T04:13:07.828-0300] {logging_mixin.py:190} INFO - [2024-12-07T04:13:07.827-0300] {dagbag.py:588} INFO - Filling up the DagBag from /home/crisu/miniconda3/envs/lab13.1/lib/python3.9/site-packages/airflow/example_dags/example_outlet_event_extra.py
[2024-12-07T04:13:07.839-0300] {processor.py:925} INFO - DAG(s) 'dataset_with_extra_by_yield', 'dataset_with_extra_by_context', 'dataset_with_extra_from_classic_operator' retrieved from /home/crisu/miniconda3/envs/lab13.1/lib/python3.9/site-packages/airflow/example_dags/example_outlet_event_extra.py
[2024-12-07T04:13:07.858-0300] {logging_mixin.py:190} INFO - [2024-12-07T04:13:07.858-0300] {dag.py:3239} INFO - Sync 3 DAGs
[2024-12-07T04:13:07.876-0300] {logging_mixin.py:190} INFO - [2024-12-07T04:13:07.876-0300] {dag.py:4180} INFO - Setting next_dagrun for dataset_with_extra_by_context to 2024-12-06 00:00:00+00:00, run_after=2024-12-07 00:00:00+00:00
[2024-12-07T04:13:07.882-0300] {logging_mixin.py:190} INFO - [2024-12-07T04:13:07.882-0300] {dag.py:4180} INFO - Setting next_dagrun for dataset_with_extra_by_yield to 2024-12-06 00:00:00+00:00, run_after=2024-12-07 00:00:00+00:00
[2024-12-07T04:13:07.886-0300] {logging_mixin.py:190} INFO - [2024-12-07T04:13:07.886-0300] {dag.py:4180} INFO - Setting next_dagrun for dataset_with_extra_from_classic_operator to 2024-12-06 00:00:00+00:00, run_after=2024-12-07 00:00:00+00:00
[2024-12-07T04:13:07.978-0300] {processor.py:208} INFO - Processing /home/crisu/miniconda3/envs/lab13.1/lib/python3.9/site-packages/airflow/example_dags/example_outlet_event_extra.py took 0.186 seconds
[2024-12-07T04:14:27.571-0300] {processor.py:186} INFO - Started process (PID=49935) to work on /home/crisu/miniconda3/envs/lab13.1/lib/python3.9/site-packages/airflow/example_dags/example_outlet_event_extra.py
[2024-12-07T04:14:27.576-0300] {processor.py:914} INFO - Processing file /home/crisu/miniconda3/envs/lab13.1/lib/python3.9/site-packages/airflow/example_dags/example_outlet_event_extra.py for tasks to queue
[2024-12-07T04:14:27.577-0300] {logging_mixin.py:190} INFO - [2024-12-07T04:14:27.576-0300] {dagbag.py:588} INFO - Filling up the DagBag from /home/crisu/miniconda3/envs/lab13.1/lib/python3.9/site-packages/airflow/example_dags/example_outlet_event_extra.py
[2024-12-07T04:14:27.591-0300] {processor.py:925} INFO - DAG(s) 'dataset_with_extra_from_classic_operator', 'dataset_with_extra_by_yield', 'dataset_with_extra_by_context' retrieved from /home/crisu/miniconda3/envs/lab13.1/lib/python3.9/site-packages/airflow/example_dags/example_outlet_event_extra.py
[2024-12-07T04:14:27.612-0300] {logging_mixin.py:190} INFO - [2024-12-07T04:14:27.612-0300] {dag.py:3239} INFO - Sync 3 DAGs
[2024-12-07T04:14:27.631-0300] {logging_mixin.py:190} INFO - [2024-12-07T04:14:27.631-0300] {dag.py:4180} INFO - Setting next_dagrun for dataset_with_extra_by_context to 2024-12-06 00:00:00+00:00, run_after=2024-12-07 00:00:00+00:00
[2024-12-07T04:14:27.635-0300] {logging_mixin.py:190} INFO - [2024-12-07T04:14:27.634-0300] {dag.py:4180} INFO - Setting next_dagrun for dataset_with_extra_by_yield to 2024-12-06 00:00:00+00:00, run_after=2024-12-07 00:00:00+00:00
[2024-12-07T04:14:27.637-0300] {logging_mixin.py:190} INFO - [2024-12-07T04:14:27.637-0300] {dag.py:4180} INFO - Setting next_dagrun for dataset_with_extra_from_classic_operator to 2024-12-06 00:00:00+00:00, run_after=2024-12-07 00:00:00+00:00
[2024-12-07T04:14:27.696-0300] {processor.py:208} INFO - Processing /home/crisu/miniconda3/envs/lab13.1/lib/python3.9/site-packages/airflow/example_dags/example_outlet_event_extra.py took 0.133 seconds
[2024-12-07T04:15:44.778-0300] {processor.py:186} INFO - Started process (PID=50044) to work on /home/crisu/miniconda3/envs/lab13.1/lib/python3.9/site-packages/airflow/example_dags/example_outlet_event_extra.py
[2024-12-07T04:15:44.785-0300] {processor.py:914} INFO - Processing file /home/crisu/miniconda3/envs/lab13.1/lib/python3.9/site-packages/airflow/example_dags/example_outlet_event_extra.py for tasks to queue
[2024-12-07T04:15:44.786-0300] {logging_mixin.py:190} INFO - [2024-12-07T04:15:44.786-0300] {dagbag.py:588} INFO - Filling up the DagBag from /home/crisu/miniconda3/envs/lab13.1/lib/python3.9/site-packages/airflow/example_dags/example_outlet_event_extra.py
[2024-12-07T04:15:44.796-0300] {processor.py:925} INFO - DAG(s) 'dataset_with_extra_by_context', 'dataset_with_extra_by_yield', 'dataset_with_extra_from_classic_operator' retrieved from /home/crisu/miniconda3/envs/lab13.1/lib/python3.9/site-packages/airflow/example_dags/example_outlet_event_extra.py
[2024-12-07T04:15:44.815-0300] {logging_mixin.py:190} INFO - [2024-12-07T04:15:44.814-0300] {dag.py:3239} INFO - Sync 3 DAGs
[2024-12-07T04:15:44.832-0300] {logging_mixin.py:190} INFO - [2024-12-07T04:15:44.832-0300] {dag.py:4180} INFO - Setting next_dagrun for dataset_with_extra_by_context to 2024-12-06 00:00:00+00:00, run_after=2024-12-07 00:00:00+00:00
[2024-12-07T04:15:44.836-0300] {logging_mixin.py:190} INFO - [2024-12-07T04:15:44.836-0300] {dag.py:4180} INFO - Setting next_dagrun for dataset_with_extra_by_yield to 2024-12-06 00:00:00+00:00, run_after=2024-12-07 00:00:00+00:00
[2024-12-07T04:15:44.838-0300] {logging_mixin.py:190} INFO - [2024-12-07T04:15:44.838-0300] {dag.py:4180} INFO - Setting next_dagrun for dataset_with_extra_from_classic_operator to 2024-12-06 00:00:00+00:00, run_after=2024-12-07 00:00:00+00:00
[2024-12-07T04:15:44.900-0300] {processor.py:208} INFO - Processing /home/crisu/miniconda3/envs/lab13.1/lib/python3.9/site-packages/airflow/example_dags/example_outlet_event_extra.py took 0.129 seconds
