[2024-12-07T01:51:02.812-0300] {processor.py:186} INFO - Started process (PID=33839) to work on /home/crisu/miniconda3/envs/lab13.1/lib/python3.9/site-packages/airflow/example_dags/example_workday_timetable.py
[2024-12-07T01:51:02.812-0300] {processor.py:914} INFO - Processing file /home/crisu/miniconda3/envs/lab13.1/lib/python3.9/site-packages/airflow/example_dags/example_workday_timetable.py for tasks to queue
[2024-12-07T01:51:02.814-0300] {logging_mixin.py:190} INFO - [2024-12-07T01:51:02.814-0300] {dagbag.py:588} INFO - Filling up the DagBag from /home/crisu/miniconda3/envs/lab13.1/lib/python3.9/site-packages/airflow/example_dags/example_workday_timetable.py
[2024-12-07T01:51:02.819-0300] {processor.py:925} INFO - DAG(s) 'example_workday_timetable' retrieved from /home/crisu/miniconda3/envs/lab13.1/lib/python3.9/site-packages/airflow/example_dags/example_workday_timetable.py
[2024-12-07T01:51:02.983-0300] {logging_mixin.py:190} INFO - [2024-12-07T01:51:02.982-0300] {override.py:1911} INFO - Created Permission View: can delete on DAG:example_workday_timetable
[2024-12-07T01:51:03.029-0300] {logging_mixin.py:190} INFO - [2024-12-07T01:51:03.028-0300] {override.py:1911} INFO - Created Permission View: can edit on DAG:example_workday_timetable
[2024-12-07T01:51:03.075-0300] {logging_mixin.py:190} INFO - [2024-12-07T01:51:03.074-0300] {override.py:1911} INFO - Created Permission View: can read on DAG:example_workday_timetable
[2024-12-07T01:51:03.165-0300] {logging_mixin.py:190} INFO - [2024-12-07T01:51:03.164-0300] {override.py:1911} INFO - Created Permission View: menu access on DAG Run:example_workday_timetable
[2024-12-07T01:51:03.210-0300] {logging_mixin.py:190} INFO - [2024-12-07T01:51:03.210-0300] {override.py:1911} INFO - Created Permission View: can delete on DAG Run:example_workday_timetable
[2024-12-07T01:51:03.256-0300] {logging_mixin.py:190} INFO - [2024-12-07T01:51:03.255-0300] {override.py:1911} INFO - Created Permission View: can read on DAG Run:example_workday_timetable
[2024-12-07T01:51:03.301-0300] {logging_mixin.py:190} INFO - [2024-12-07T01:51:03.301-0300] {override.py:1911} INFO - Created Permission View: can create on DAG Run:example_workday_timetable
[2024-12-07T01:51:03.301-0300] {logging_mixin.py:190} INFO - [2024-12-07T01:51:03.301-0300] {dag.py:3239} INFO - Sync 1 DAGs
[2024-12-07T01:51:03.312-0300] {logging_mixin.py:190} INFO - [2024-12-07T01:51:03.311-0300] {dag.py:3262} INFO - Creating ORM DAG for example_workday_timetable
[2024-12-07T01:51:03.320-0300] {logging_mixin.py:190} INFO - [2024-12-07T01:51:03.320-0300] {dag.py:4180} INFO - Setting next_dagrun for example_workday_timetable to 2021-01-01 00:00:00+00:00, run_after=2021-01-02 00:00:00+00:00
[2024-12-07T01:51:03.376-0300] {processor.py:208} INFO - Processing /home/crisu/miniconda3/envs/lab13.1/lib/python3.9/site-packages/airflow/example_dags/example_workday_timetable.py took 0.569 seconds
[2024-12-07T02:07:37.920-0300] {processor.py:186} INFO - Started process (PID=35336) to work on /home/crisu/miniconda3/envs/lab13.1/lib/python3.9/site-packages/airflow/example_dags/example_workday_timetable.py
[2024-12-07T02:07:37.943-0300] {processor.py:914} INFO - Processing file /home/crisu/miniconda3/envs/lab13.1/lib/python3.9/site-packages/airflow/example_dags/example_workday_timetable.py for tasks to queue
[2024-12-07T02:07:37.946-0300] {logging_mixin.py:190} INFO - [2024-12-07T02:07:37.945-0300] {dagbag.py:588} INFO - Filling up the DagBag from /home/crisu/miniconda3/envs/lab13.1/lib/python3.9/site-packages/airflow/example_dags/example_workday_timetable.py
[2024-12-07T02:07:37.951-0300] {processor.py:925} INFO - DAG(s) 'example_workday_timetable' retrieved from /home/crisu/miniconda3/envs/lab13.1/lib/python3.9/site-packages/airflow/example_dags/example_workday_timetable.py
[2024-12-07T02:07:37.965-0300] {logging_mixin.py:190} INFO - [2024-12-07T02:07:37.964-0300] {dag.py:3239} INFO - Sync 1 DAGs
[2024-12-07T02:07:37.981-0300] {logging_mixin.py:190} INFO - [2024-12-07T02:07:37.981-0300] {dag.py:4180} INFO - Setting next_dagrun for example_workday_timetable to 2021-01-01 00:00:00+00:00, run_after=2021-01-02 00:00:00+00:00
[2024-12-07T02:07:38.047-0300] {processor.py:208} INFO - Processing /home/crisu/miniconda3/envs/lab13.1/lib/python3.9/site-packages/airflow/example_dags/example_workday_timetable.py took 0.133 seconds
[2024-12-07T02:10:57.052-0300] {processor.py:186} INFO - Started process (PID=35830) to work on /home/crisu/miniconda3/envs/lab13.1/lib/python3.9/site-packages/airflow/example_dags/example_workday_timetable.py
[2024-12-07T02:10:57.054-0300] {processor.py:914} INFO - Processing file /home/crisu/miniconda3/envs/lab13.1/lib/python3.9/site-packages/airflow/example_dags/example_workday_timetable.py for tasks to queue
[2024-12-07T02:10:57.056-0300] {logging_mixin.py:190} INFO - [2024-12-07T02:10:57.056-0300] {dagbag.py:588} INFO - Filling up the DagBag from /home/crisu/miniconda3/envs/lab13.1/lib/python3.9/site-packages/airflow/example_dags/example_workday_timetable.py
[2024-12-07T02:10:57.062-0300] {processor.py:925} INFO - DAG(s) 'example_workday_timetable' retrieved from /home/crisu/miniconda3/envs/lab13.1/lib/python3.9/site-packages/airflow/example_dags/example_workday_timetable.py
[2024-12-07T02:10:57.077-0300] {logging_mixin.py:190} INFO - [2024-12-07T02:10:57.077-0300] {dag.py:3239} INFO - Sync 1 DAGs
[2024-12-07T02:10:57.097-0300] {logging_mixin.py:190} INFO - [2024-12-07T02:10:57.097-0300] {dag.py:4180} INFO - Setting next_dagrun for example_workday_timetable to 2021-01-01 00:00:00+00:00, run_after=2021-01-02 00:00:00+00:00
[2024-12-07T02:10:57.158-0300] {processor.py:208} INFO - Processing /home/crisu/miniconda3/envs/lab13.1/lib/python3.9/site-packages/airflow/example_dags/example_workday_timetable.py took 0.116 seconds
[2024-12-07T02:12:35.884-0300] {processor.py:186} INFO - Started process (PID=36003) to work on /home/crisu/miniconda3/envs/lab13.1/lib/python3.9/site-packages/airflow/example_dags/example_workday_timetable.py
[2024-12-07T02:12:35.890-0300] {processor.py:914} INFO - Processing file /home/crisu/miniconda3/envs/lab13.1/lib/python3.9/site-packages/airflow/example_dags/example_workday_timetable.py for tasks to queue
[2024-12-07T02:12:35.891-0300] {logging_mixin.py:190} INFO - [2024-12-07T02:12:35.891-0300] {dagbag.py:588} INFO - Filling up the DagBag from /home/crisu/miniconda3/envs/lab13.1/lib/python3.9/site-packages/airflow/example_dags/example_workday_timetable.py
[2024-12-07T02:12:35.897-0300] {processor.py:925} INFO - DAG(s) 'example_workday_timetable' retrieved from /home/crisu/miniconda3/envs/lab13.1/lib/python3.9/site-packages/airflow/example_dags/example_workday_timetable.py
[2024-12-07T02:12:35.909-0300] {logging_mixin.py:190} INFO - [2024-12-07T02:12:35.909-0300] {dag.py:3239} INFO - Sync 1 DAGs
[2024-12-07T02:12:35.928-0300] {logging_mixin.py:190} INFO - [2024-12-07T02:12:35.927-0300] {dag.py:4180} INFO - Setting next_dagrun for example_workday_timetable to 2021-01-01 00:00:00+00:00, run_after=2021-01-02 00:00:00+00:00
[2024-12-07T02:12:35.988-0300] {processor.py:208} INFO - Processing /home/crisu/miniconda3/envs/lab13.1/lib/python3.9/site-packages/airflow/example_dags/example_workday_timetable.py took 0.114 seconds
[2024-12-07T02:15:07.054-0300] {processor.py:186} INFO - Started process (PID=36333) to work on /home/crisu/miniconda3/envs/lab13.1/lib/python3.9/site-packages/airflow/example_dags/example_workday_timetable.py
[2024-12-07T02:15:07.110-0300] {processor.py:914} INFO - Processing file /home/crisu/miniconda3/envs/lab13.1/lib/python3.9/site-packages/airflow/example_dags/example_workday_timetable.py for tasks to queue
[2024-12-07T02:15:07.112-0300] {logging_mixin.py:190} INFO - [2024-12-07T02:15:07.111-0300] {dagbag.py:588} INFO - Filling up the DagBag from /home/crisu/miniconda3/envs/lab13.1/lib/python3.9/site-packages/airflow/example_dags/example_workday_timetable.py
[2024-12-07T02:15:07.118-0300] {processor.py:925} INFO - DAG(s) 'example_workday_timetable' retrieved from /home/crisu/miniconda3/envs/lab13.1/lib/python3.9/site-packages/airflow/example_dags/example_workday_timetable.py
[2024-12-07T02:15:07.133-0300] {logging_mixin.py:190} INFO - [2024-12-07T02:15:07.132-0300] {dag.py:3239} INFO - Sync 1 DAGs
[2024-12-07T02:15:07.150-0300] {logging_mixin.py:190} INFO - [2024-12-07T02:15:07.150-0300] {dag.py:4180} INFO - Setting next_dagrun for example_workday_timetable to 2021-01-01 00:00:00+00:00, run_after=2021-01-02 00:00:00+00:00
[2024-12-07T02:15:08.460-0300] {processor.py:208} INFO - Processing /home/crisu/miniconda3/envs/lab13.1/lib/python3.9/site-packages/airflow/example_dags/example_workday_timetable.py took 1.414 seconds
[2024-12-07T02:16:11.712-0300] {processor.py:186} INFO - Started process (PID=36457) to work on /home/crisu/miniconda3/envs/lab13.1/lib/python3.9/site-packages/airflow/example_dags/example_workday_timetable.py
[2024-12-07T02:16:11.721-0300] {processor.py:914} INFO - Processing file /home/crisu/miniconda3/envs/lab13.1/lib/python3.9/site-packages/airflow/example_dags/example_workday_timetable.py for tasks to queue
[2024-12-07T02:16:11.723-0300] {logging_mixin.py:190} INFO - [2024-12-07T02:16:11.723-0300] {dagbag.py:588} INFO - Filling up the DagBag from /home/crisu/miniconda3/envs/lab13.1/lib/python3.9/site-packages/airflow/example_dags/example_workday_timetable.py
[2024-12-07T02:16:11.730-0300] {processor.py:925} INFO - DAG(s) 'example_workday_timetable' retrieved from /home/crisu/miniconda3/envs/lab13.1/lib/python3.9/site-packages/airflow/example_dags/example_workday_timetable.py
[2024-12-07T02:16:11.743-0300] {logging_mixin.py:190} INFO - [2024-12-07T02:16:11.743-0300] {dag.py:3239} INFO - Sync 1 DAGs
[2024-12-07T02:16:11.761-0300] {logging_mixin.py:190} INFO - [2024-12-07T02:16:11.761-0300] {dag.py:4180} INFO - Setting next_dagrun for example_workday_timetable to 2021-01-01 00:00:00+00:00, run_after=2021-01-02 00:00:00+00:00
[2024-12-07T02:16:11.825-0300] {processor.py:208} INFO - Processing /home/crisu/miniconda3/envs/lab13.1/lib/python3.9/site-packages/airflow/example_dags/example_workday_timetable.py took 0.120 seconds
[2024-12-07T02:17:00.656-0300] {processor.py:186} INFO - Started process (PID=36520) to work on /home/crisu/miniconda3/envs/lab13.1/lib/python3.9/site-packages/airflow/example_dags/example_workday_timetable.py
[2024-12-07T02:17:00.732-0300] {processor.py:914} INFO - Processing file /home/crisu/miniconda3/envs/lab13.1/lib/python3.9/site-packages/airflow/example_dags/example_workday_timetable.py for tasks to queue
[2024-12-07T02:17:00.734-0300] {logging_mixin.py:190} INFO - [2024-12-07T02:17:00.734-0300] {dagbag.py:588} INFO - Filling up the DagBag from /home/crisu/miniconda3/envs/lab13.1/lib/python3.9/site-packages/airflow/example_dags/example_workday_timetable.py
[2024-12-07T02:17:00.740-0300] {processor.py:925} INFO - DAG(s) 'example_workday_timetable' retrieved from /home/crisu/miniconda3/envs/lab13.1/lib/python3.9/site-packages/airflow/example_dags/example_workday_timetable.py
[2024-12-07T02:17:00.752-0300] {logging_mixin.py:190} INFO - [2024-12-07T02:17:00.752-0300] {dag.py:3239} INFO - Sync 1 DAGs
[2024-12-07T02:17:00.769-0300] {logging_mixin.py:190} INFO - [2024-12-07T02:17:00.769-0300] {dag.py:4180} INFO - Setting next_dagrun for example_workday_timetable to 2021-01-01 00:00:00+00:00, run_after=2021-01-02 00:00:00+00:00
[2024-12-07T02:17:00.831-0300] {processor.py:208} INFO - Processing /home/crisu/miniconda3/envs/lab13.1/lib/python3.9/site-packages/airflow/example_dags/example_workday_timetable.py took 0.182 seconds
[2024-12-07T02:18:29.986-0300] {processor.py:186} INFO - Started process (PID=36667) to work on /home/crisu/miniconda3/envs/lab13.1/lib/python3.9/site-packages/airflow/example_dags/example_workday_timetable.py
[2024-12-07T02:18:29.997-0300] {processor.py:914} INFO - Processing file /home/crisu/miniconda3/envs/lab13.1/lib/python3.9/site-packages/airflow/example_dags/example_workday_timetable.py for tasks to queue
[2024-12-07T02:18:29.999-0300] {logging_mixin.py:190} INFO - [2024-12-07T02:18:29.999-0300] {dagbag.py:588} INFO - Filling up the DagBag from /home/crisu/miniconda3/envs/lab13.1/lib/python3.9/site-packages/airflow/example_dags/example_workday_timetable.py
[2024-12-07T02:18:30.006-0300] {processor.py:925} INFO - DAG(s) 'example_workday_timetable' retrieved from /home/crisu/miniconda3/envs/lab13.1/lib/python3.9/site-packages/airflow/example_dags/example_workday_timetable.py
[2024-12-07T02:18:30.021-0300] {logging_mixin.py:190} INFO - [2024-12-07T02:18:30.021-0300] {dag.py:3239} INFO - Sync 1 DAGs
[2024-12-07T02:18:30.046-0300] {logging_mixin.py:190} INFO - [2024-12-07T02:18:30.046-0300] {dag.py:4180} INFO - Setting next_dagrun for example_workday_timetable to 2021-01-01 00:00:00+00:00, run_after=2021-01-02 00:00:00+00:00
[2024-12-07T02:18:30.101-0300] {processor.py:208} INFO - Processing /home/crisu/miniconda3/envs/lab13.1/lib/python3.9/site-packages/airflow/example_dags/example_workday_timetable.py took 0.121 seconds
[2024-12-07T02:30:56.474-0300] {processor.py:186} INFO - Started process (PID=37937) to work on /home/crisu/miniconda3/envs/lab13.1/lib/python3.9/site-packages/airflow/example_dags/example_workday_timetable.py
[2024-12-07T02:30:56.476-0300] {processor.py:914} INFO - Processing file /home/crisu/miniconda3/envs/lab13.1/lib/python3.9/site-packages/airflow/example_dags/example_workday_timetable.py for tasks to queue
[2024-12-07T02:30:56.478-0300] {logging_mixin.py:190} INFO - [2024-12-07T02:30:56.478-0300] {dagbag.py:588} INFO - Filling up the DagBag from /home/crisu/miniconda3/envs/lab13.1/lib/python3.9/site-packages/airflow/example_dags/example_workday_timetable.py
[2024-12-07T02:30:56.483-0300] {processor.py:925} INFO - DAG(s) 'example_workday_timetable' retrieved from /home/crisu/miniconda3/envs/lab13.1/lib/python3.9/site-packages/airflow/example_dags/example_workday_timetable.py
[2024-12-07T02:30:56.499-0300] {logging_mixin.py:190} INFO - [2024-12-07T02:30:56.499-0300] {dag.py:3239} INFO - Sync 1 DAGs
[2024-12-07T02:30:56.557-0300] {logging_mixin.py:190} INFO - [2024-12-07T02:30:56.557-0300] {dag.py:4180} INFO - Setting next_dagrun for example_workday_timetable to 2021-01-04 00:00:00+00:00, run_after=2021-01-05 00:00:00+00:00
[2024-12-07T02:30:56.702-0300] {processor.py:208} INFO - Processing /home/crisu/miniconda3/envs/lab13.1/lib/python3.9/site-packages/airflow/example_dags/example_workday_timetable.py took 0.235 seconds
[2024-12-07T02:33:30.706-0300] {processor.py:186} INFO - Started process (PID=38160) to work on /home/crisu/miniconda3/envs/lab13.1/lib/python3.9/site-packages/airflow/example_dags/example_workday_timetable.py
[2024-12-07T02:33:30.731-0300] {processor.py:914} INFO - Processing file /home/crisu/miniconda3/envs/lab13.1/lib/python3.9/site-packages/airflow/example_dags/example_workday_timetable.py for tasks to queue
[2024-12-07T02:33:30.733-0300] {logging_mixin.py:190} INFO - [2024-12-07T02:33:30.733-0300] {dagbag.py:588} INFO - Filling up the DagBag from /home/crisu/miniconda3/envs/lab13.1/lib/python3.9/site-packages/airflow/example_dags/example_workday_timetable.py
[2024-12-07T02:33:30.738-0300] {processor.py:925} INFO - DAG(s) 'example_workday_timetable' retrieved from /home/crisu/miniconda3/envs/lab13.1/lib/python3.9/site-packages/airflow/example_dags/example_workday_timetable.py
[2024-12-07T02:33:30.752-0300] {logging_mixin.py:190} INFO - [2024-12-07T02:33:30.752-0300] {dag.py:3239} INFO - Sync 1 DAGs
[2024-12-07T02:33:30.804-0300] {logging_mixin.py:190} INFO - [2024-12-07T02:33:30.804-0300] {dag.py:4180} INFO - Setting next_dagrun for example_workday_timetable to 2021-01-04 00:00:00+00:00, run_after=2021-01-05 00:00:00+00:00
[2024-12-07T02:33:30.884-0300] {processor.py:208} INFO - Processing /home/crisu/miniconda3/envs/lab13.1/lib/python3.9/site-packages/airflow/example_dags/example_workday_timetable.py took 0.184 seconds
[2024-12-07T02:35:22.626-0300] {processor.py:186} INFO - Started process (PID=38367) to work on /home/crisu/miniconda3/envs/lab13.1/lib/python3.9/site-packages/airflow/example_dags/example_workday_timetable.py
[2024-12-07T02:35:22.642-0300] {processor.py:914} INFO - Processing file /home/crisu/miniconda3/envs/lab13.1/lib/python3.9/site-packages/airflow/example_dags/example_workday_timetable.py for tasks to queue
[2024-12-07T02:35:22.644-0300] {logging_mixin.py:190} INFO - [2024-12-07T02:35:22.644-0300] {dagbag.py:588} INFO - Filling up the DagBag from /home/crisu/miniconda3/envs/lab13.1/lib/python3.9/site-packages/airflow/example_dags/example_workday_timetable.py
[2024-12-07T02:35:22.649-0300] {processor.py:925} INFO - DAG(s) 'example_workday_timetable' retrieved from /home/crisu/miniconda3/envs/lab13.1/lib/python3.9/site-packages/airflow/example_dags/example_workday_timetable.py
[2024-12-07T02:35:22.663-0300] {logging_mixin.py:190} INFO - [2024-12-07T02:35:22.663-0300] {dag.py:3239} INFO - Sync 1 DAGs
[2024-12-07T02:35:22.722-0300] {logging_mixin.py:190} INFO - [2024-12-07T02:35:22.722-0300] {dag.py:4180} INFO - Setting next_dagrun for example_workday_timetable to 2021-01-04 00:00:00+00:00, run_after=2021-01-05 00:00:00+00:00
[2024-12-07T02:35:23.299-0300] {processor.py:208} INFO - Processing /home/crisu/miniconda3/envs/lab13.1/lib/python3.9/site-packages/airflow/example_dags/example_workday_timetable.py took 0.679 seconds
[2024-12-07T02:37:01.379-0300] {processor.py:186} INFO - Started process (PID=38611) to work on /home/crisu/miniconda3/envs/lab13.1/lib/python3.9/site-packages/airflow/example_dags/example_workday_timetable.py
[2024-12-07T02:37:01.392-0300] {processor.py:914} INFO - Processing file /home/crisu/miniconda3/envs/lab13.1/lib/python3.9/site-packages/airflow/example_dags/example_workday_timetable.py for tasks to queue
[2024-12-07T02:37:01.394-0300] {logging_mixin.py:190} INFO - [2024-12-07T02:37:01.394-0300] {dagbag.py:588} INFO - Filling up the DagBag from /home/crisu/miniconda3/envs/lab13.1/lib/python3.9/site-packages/airflow/example_dags/example_workday_timetable.py
[2024-12-07T02:37:01.400-0300] {processor.py:925} INFO - DAG(s) 'example_workday_timetable' retrieved from /home/crisu/miniconda3/envs/lab13.1/lib/python3.9/site-packages/airflow/example_dags/example_workday_timetable.py
[2024-12-07T02:37:01.413-0300] {logging_mixin.py:190} INFO - [2024-12-07T02:37:01.413-0300] {dag.py:3239} INFO - Sync 1 DAGs
[2024-12-07T02:37:01.466-0300] {logging_mixin.py:190} INFO - [2024-12-07T02:37:01.466-0300] {dag.py:4180} INFO - Setting next_dagrun for example_workday_timetable to 2021-01-04 00:00:00+00:00, run_after=2021-01-05 00:00:00+00:00
[2024-12-07T02:37:01.621-0300] {processor.py:208} INFO - Processing /home/crisu/miniconda3/envs/lab13.1/lib/python3.9/site-packages/airflow/example_dags/example_workday_timetable.py took 0.248 seconds
[2024-12-07T02:38:40.593-0300] {processor.py:186} INFO - Started process (PID=38744) to work on /home/crisu/miniconda3/envs/lab13.1/lib/python3.9/site-packages/airflow/example_dags/example_workday_timetable.py
[2024-12-07T02:38:40.622-0300] {processor.py:914} INFO - Processing file /home/crisu/miniconda3/envs/lab13.1/lib/python3.9/site-packages/airflow/example_dags/example_workday_timetable.py for tasks to queue
[2024-12-07T02:38:40.625-0300] {logging_mixin.py:190} INFO - [2024-12-07T02:38:40.624-0300] {dagbag.py:588} INFO - Filling up the DagBag from /home/crisu/miniconda3/envs/lab13.1/lib/python3.9/site-packages/airflow/example_dags/example_workday_timetable.py
[2024-12-07T02:38:40.630-0300] {processor.py:925} INFO - DAG(s) 'example_workday_timetable' retrieved from /home/crisu/miniconda3/envs/lab13.1/lib/python3.9/site-packages/airflow/example_dags/example_workday_timetable.py
[2024-12-07T02:38:40.642-0300] {logging_mixin.py:190} INFO - [2024-12-07T02:38:40.642-0300] {dag.py:3239} INFO - Sync 1 DAGs
[2024-12-07T02:38:40.690-0300] {logging_mixin.py:190} INFO - [2024-12-07T02:38:40.689-0300] {dag.py:4180} INFO - Setting next_dagrun for example_workday_timetable to 2021-01-04 00:00:00+00:00, run_after=2021-01-05 00:00:00+00:00
[2024-12-07T02:38:41.725-0300] {processor.py:208} INFO - Processing /home/crisu/miniconda3/envs/lab13.1/lib/python3.9/site-packages/airflow/example_dags/example_workday_timetable.py took 1.137 seconds
[2024-12-07T02:40:17.802-0300] {processor.py:186} INFO - Started process (PID=38864) to work on /home/crisu/miniconda3/envs/lab13.1/lib/python3.9/site-packages/airflow/example_dags/example_workday_timetable.py
[2024-12-07T02:40:17.819-0300] {processor.py:914} INFO - Processing file /home/crisu/miniconda3/envs/lab13.1/lib/python3.9/site-packages/airflow/example_dags/example_workday_timetable.py for tasks to queue
[2024-12-07T02:40:17.821-0300] {logging_mixin.py:190} INFO - [2024-12-07T02:40:17.821-0300] {dagbag.py:588} INFO - Filling up the DagBag from /home/crisu/miniconda3/envs/lab13.1/lib/python3.9/site-packages/airflow/example_dags/example_workday_timetable.py
[2024-12-07T02:40:17.827-0300] {processor.py:925} INFO - DAG(s) 'example_workday_timetable' retrieved from /home/crisu/miniconda3/envs/lab13.1/lib/python3.9/site-packages/airflow/example_dags/example_workday_timetable.py
[2024-12-07T02:40:17.840-0300] {logging_mixin.py:190} INFO - [2024-12-07T02:40:17.840-0300] {dag.py:3239} INFO - Sync 1 DAGs
[2024-12-07T02:40:17.978-0300] {logging_mixin.py:190} INFO - [2024-12-07T02:40:17.977-0300] {dag.py:4180} INFO - Setting next_dagrun for example_workday_timetable to 2021-01-04 00:00:00+00:00, run_after=2021-01-05 00:00:00+00:00
[2024-12-07T02:40:18.045-0300] {processor.py:208} INFO - Processing /home/crisu/miniconda3/envs/lab13.1/lib/python3.9/site-packages/airflow/example_dags/example_workday_timetable.py took 0.250 seconds
[2024-12-07T02:41:10.422-0300] {processor.py:186} INFO - Started process (PID=38961) to work on /home/crisu/miniconda3/envs/lab13.1/lib/python3.9/site-packages/airflow/example_dags/example_workday_timetable.py
[2024-12-07T02:41:10.471-0300] {processor.py:914} INFO - Processing file /home/crisu/miniconda3/envs/lab13.1/lib/python3.9/site-packages/airflow/example_dags/example_workday_timetable.py for tasks to queue
[2024-12-07T02:41:10.474-0300] {logging_mixin.py:190} INFO - [2024-12-07T02:41:10.473-0300] {dagbag.py:588} INFO - Filling up the DagBag from /home/crisu/miniconda3/envs/lab13.1/lib/python3.9/site-packages/airflow/example_dags/example_workday_timetable.py
[2024-12-07T02:41:10.480-0300] {processor.py:925} INFO - DAG(s) 'example_workday_timetable' retrieved from /home/crisu/miniconda3/envs/lab13.1/lib/python3.9/site-packages/airflow/example_dags/example_workday_timetable.py
[2024-12-07T02:41:10.494-0300] {logging_mixin.py:190} INFO - [2024-12-07T02:41:10.494-0300] {dag.py:3239} INFO - Sync 1 DAGs
[2024-12-07T02:41:10.556-0300] {logging_mixin.py:190} INFO - [2024-12-07T02:41:10.556-0300] {dag.py:4180} INFO - Setting next_dagrun for example_workday_timetable to 2021-01-04 00:00:00+00:00, run_after=2021-01-05 00:00:00+00:00
[2024-12-07T02:41:10.947-0300] {processor.py:208} INFO - Processing /home/crisu/miniconda3/envs/lab13.1/lib/python3.9/site-packages/airflow/example_dags/example_workday_timetable.py took 0.532 seconds
[2024-12-07T02:42:24.336-0300] {processor.py:186} INFO - Started process (PID=39103) to work on /home/crisu/miniconda3/envs/lab13.1/lib/python3.9/site-packages/airflow/example_dags/example_workday_timetable.py
[2024-12-07T02:42:24.467-0300] {processor.py:914} INFO - Processing file /home/crisu/miniconda3/envs/lab13.1/lib/python3.9/site-packages/airflow/example_dags/example_workday_timetable.py for tasks to queue
[2024-12-07T02:42:24.469-0300] {logging_mixin.py:190} INFO - [2024-12-07T02:42:24.468-0300] {dagbag.py:588} INFO - Filling up the DagBag from /home/crisu/miniconda3/envs/lab13.1/lib/python3.9/site-packages/airflow/example_dags/example_workday_timetable.py
[2024-12-07T02:42:24.475-0300] {processor.py:925} INFO - DAG(s) 'example_workday_timetable' retrieved from /home/crisu/miniconda3/envs/lab13.1/lib/python3.9/site-packages/airflow/example_dags/example_workday_timetable.py
[2024-12-07T02:42:24.490-0300] {logging_mixin.py:190} INFO - [2024-12-07T02:42:24.490-0300] {dag.py:3239} INFO - Sync 1 DAGs
[2024-12-07T02:42:24.547-0300] {logging_mixin.py:190} INFO - [2024-12-07T02:42:24.547-0300] {dag.py:4180} INFO - Setting next_dagrun for example_workday_timetable to 2021-01-04 00:00:00+00:00, run_after=2021-01-05 00:00:00+00:00
[2024-12-07T02:42:26.362-0300] {processor.py:208} INFO - Processing /home/crisu/miniconda3/envs/lab13.1/lib/python3.9/site-packages/airflow/example_dags/example_workday_timetable.py took 2.031 seconds
[2024-12-07T02:44:38.802-0300] {processor.py:186} INFO - Started process (PID=39692) to work on /home/crisu/miniconda3/envs/lab13.1/lib/python3.9/site-packages/airflow/example_dags/example_workday_timetable.py
[2024-12-07T02:44:38.803-0300] {processor.py:914} INFO - Processing file /home/crisu/miniconda3/envs/lab13.1/lib/python3.9/site-packages/airflow/example_dags/example_workday_timetable.py for tasks to queue
[2024-12-07T02:44:38.805-0300] {logging_mixin.py:190} INFO - [2024-12-07T02:44:38.805-0300] {dagbag.py:588} INFO - Filling up the DagBag from /home/crisu/miniconda3/envs/lab13.1/lib/python3.9/site-packages/airflow/example_dags/example_workday_timetable.py
[2024-12-07T02:44:38.810-0300] {processor.py:925} INFO - DAG(s) 'example_workday_timetable' retrieved from /home/crisu/miniconda3/envs/lab13.1/lib/python3.9/site-packages/airflow/example_dags/example_workday_timetable.py
[2024-12-07T02:44:38.825-0300] {logging_mixin.py:190} INFO - [2024-12-07T02:44:38.824-0300] {dag.py:3239} INFO - Sync 1 DAGs
[2024-12-07T02:44:38.874-0300] {logging_mixin.py:190} INFO - [2024-12-07T02:44:38.874-0300] {dag.py:4180} INFO - Setting next_dagrun for example_workday_timetable to 2021-01-04 00:00:00+00:00, run_after=2021-01-05 00:00:00+00:00
[2024-12-07T02:44:38.933-0300] {processor.py:208} INFO - Processing /home/crisu/miniconda3/envs/lab13.1/lib/python3.9/site-packages/airflow/example_dags/example_workday_timetable.py took 0.136 seconds
[2024-12-07T02:46:19.162-0300] {processor.py:186} INFO - Started process (PID=39987) to work on /home/crisu/miniconda3/envs/lab13.1/lib/python3.9/site-packages/airflow/example_dags/example_workday_timetable.py
[2024-12-07T02:46:19.170-0300] {processor.py:914} INFO - Processing file /home/crisu/miniconda3/envs/lab13.1/lib/python3.9/site-packages/airflow/example_dags/example_workday_timetable.py for tasks to queue
[2024-12-07T02:46:19.172-0300] {logging_mixin.py:190} INFO - [2024-12-07T02:46:19.172-0300] {dagbag.py:588} INFO - Filling up the DagBag from /home/crisu/miniconda3/envs/lab13.1/lib/python3.9/site-packages/airflow/example_dags/example_workday_timetable.py
[2024-12-07T02:46:19.177-0300] {processor.py:925} INFO - DAG(s) 'example_workday_timetable' retrieved from /home/crisu/miniconda3/envs/lab13.1/lib/python3.9/site-packages/airflow/example_dags/example_workday_timetable.py
[2024-12-07T02:46:19.193-0300] {logging_mixin.py:190} INFO - [2024-12-07T02:46:19.192-0300] {dag.py:3239} INFO - Sync 1 DAGs
[2024-12-07T02:46:19.241-0300] {logging_mixin.py:190} INFO - [2024-12-07T02:46:19.241-0300] {dag.py:4180} INFO - Setting next_dagrun for example_workday_timetable to 2021-01-04 00:00:00+00:00, run_after=2021-01-05 00:00:00+00:00
[2024-12-07T02:46:19.305-0300] {processor.py:208} INFO - Processing /home/crisu/miniconda3/envs/lab13.1/lib/python3.9/site-packages/airflow/example_dags/example_workday_timetable.py took 0.148 seconds
[2024-12-07T02:47:35.817-0300] {processor.py:186} INFO - Started process (PID=40206) to work on /home/crisu/miniconda3/envs/lab13.1/lib/python3.9/site-packages/airflow/example_dags/example_workday_timetable.py
[2024-12-07T02:47:35.820-0300] {processor.py:914} INFO - Processing file /home/crisu/miniconda3/envs/lab13.1/lib/python3.9/site-packages/airflow/example_dags/example_workday_timetable.py for tasks to queue
[2024-12-07T02:47:35.822-0300] {logging_mixin.py:190} INFO - [2024-12-07T02:47:35.822-0300] {dagbag.py:588} INFO - Filling up the DagBag from /home/crisu/miniconda3/envs/lab13.1/lib/python3.9/site-packages/airflow/example_dags/example_workday_timetable.py
[2024-12-07T02:47:35.827-0300] {processor.py:925} INFO - DAG(s) 'example_workday_timetable' retrieved from /home/crisu/miniconda3/envs/lab13.1/lib/python3.9/site-packages/airflow/example_dags/example_workday_timetable.py
[2024-12-07T02:47:35.843-0300] {logging_mixin.py:190} INFO - [2024-12-07T02:47:35.842-0300] {dag.py:3239} INFO - Sync 1 DAGs
[2024-12-07T02:47:35.889-0300] {logging_mixin.py:190} INFO - [2024-12-07T02:47:35.889-0300] {dag.py:4180} INFO - Setting next_dagrun for example_workday_timetable to 2021-01-04 00:00:00+00:00, run_after=2021-01-05 00:00:00+00:00
[2024-12-07T02:47:36.437-0300] {processor.py:208} INFO - Processing /home/crisu/miniconda3/envs/lab13.1/lib/python3.9/site-packages/airflow/example_dags/example_workday_timetable.py took 0.626 seconds
[2024-12-07T02:49:00.289-0300] {processor.py:186} INFO - Started process (PID=40468) to work on /home/crisu/miniconda3/envs/lab13.1/lib/python3.9/site-packages/airflow/example_dags/example_workday_timetable.py
[2024-12-07T02:49:00.315-0300] {processor.py:914} INFO - Processing file /home/crisu/miniconda3/envs/lab13.1/lib/python3.9/site-packages/airflow/example_dags/example_workday_timetable.py for tasks to queue
[2024-12-07T02:49:00.318-0300] {logging_mixin.py:190} INFO - [2024-12-07T02:49:00.317-0300] {dagbag.py:588} INFO - Filling up the DagBag from /home/crisu/miniconda3/envs/lab13.1/lib/python3.9/site-packages/airflow/example_dags/example_workday_timetable.py
[2024-12-07T02:49:00.323-0300] {processor.py:925} INFO - DAG(s) 'example_workday_timetable' retrieved from /home/crisu/miniconda3/envs/lab13.1/lib/python3.9/site-packages/airflow/example_dags/example_workday_timetable.py
[2024-12-07T02:49:00.341-0300] {logging_mixin.py:190} INFO - [2024-12-07T02:49:00.340-0300] {dag.py:3239} INFO - Sync 1 DAGs
[2024-12-07T02:49:00.400-0300] {logging_mixin.py:190} INFO - [2024-12-07T02:49:00.400-0300] {dag.py:4180} INFO - Setting next_dagrun for example_workday_timetable to 2021-01-04 00:00:00+00:00, run_after=2021-01-05 00:00:00+00:00
[2024-12-07T02:49:01.524-0300] {processor.py:208} INFO - Processing /home/crisu/miniconda3/envs/lab13.1/lib/python3.9/site-packages/airflow/example_dags/example_workday_timetable.py took 1.241 seconds
[2024-12-07T02:49:59.326-0300] {processor.py:186} INFO - Started process (PID=40745) to work on /home/crisu/miniconda3/envs/lab13.1/lib/python3.9/site-packages/airflow/example_dags/example_workday_timetable.py
[2024-12-07T02:49:59.340-0300] {processor.py:914} INFO - Processing file /home/crisu/miniconda3/envs/lab13.1/lib/python3.9/site-packages/airflow/example_dags/example_workday_timetable.py for tasks to queue
[2024-12-07T02:49:59.343-0300] {logging_mixin.py:190} INFO - [2024-12-07T02:49:59.343-0300] {dagbag.py:588} INFO - Filling up the DagBag from /home/crisu/miniconda3/envs/lab13.1/lib/python3.9/site-packages/airflow/example_dags/example_workday_timetable.py
[2024-12-07T02:49:59.348-0300] {processor.py:925} INFO - DAG(s) 'example_workday_timetable' retrieved from /home/crisu/miniconda3/envs/lab13.1/lib/python3.9/site-packages/airflow/example_dags/example_workday_timetable.py
[2024-12-07T02:49:59.365-0300] {logging_mixin.py:190} INFO - [2024-12-07T02:49:59.364-0300] {dag.py:3239} INFO - Sync 1 DAGs
[2024-12-07T02:49:59.412-0300] {logging_mixin.py:190} INFO - [2024-12-07T02:49:59.412-0300] {dag.py:4180} INFO - Setting next_dagrun for example_workday_timetable to 2021-01-04 00:00:00+00:00, run_after=2021-01-05 00:00:00+00:00
[2024-12-07T02:49:59.475-0300] {processor.py:208} INFO - Processing /home/crisu/miniconda3/envs/lab13.1/lib/python3.9/site-packages/airflow/example_dags/example_workday_timetable.py took 0.156 seconds
[2024-12-07T02:51:08.765-0300] {processor.py:186} INFO - Started process (PID=40946) to work on /home/crisu/miniconda3/envs/lab13.1/lib/python3.9/site-packages/airflow/example_dags/example_workday_timetable.py
[2024-12-07T02:51:08.772-0300] {processor.py:914} INFO - Processing file /home/crisu/miniconda3/envs/lab13.1/lib/python3.9/site-packages/airflow/example_dags/example_workday_timetable.py for tasks to queue
[2024-12-07T02:51:08.774-0300] {logging_mixin.py:190} INFO - [2024-12-07T02:51:08.774-0300] {dagbag.py:588} INFO - Filling up the DagBag from /home/crisu/miniconda3/envs/lab13.1/lib/python3.9/site-packages/airflow/example_dags/example_workday_timetable.py
[2024-12-07T02:51:08.779-0300] {processor.py:925} INFO - DAG(s) 'example_workday_timetable' retrieved from /home/crisu/miniconda3/envs/lab13.1/lib/python3.9/site-packages/airflow/example_dags/example_workday_timetable.py
[2024-12-07T02:51:08.792-0300] {logging_mixin.py:190} INFO - [2024-12-07T02:51:08.792-0300] {dag.py:3239} INFO - Sync 1 DAGs
[2024-12-07T02:51:08.840-0300] {logging_mixin.py:190} INFO - [2024-12-07T02:51:08.840-0300] {dag.py:4180} INFO - Setting next_dagrun for example_workday_timetable to 2021-01-04 00:00:00+00:00, run_after=2021-01-05 00:00:00+00:00
[2024-12-07T02:51:08.905-0300] {processor.py:208} INFO - Processing /home/crisu/miniconda3/envs/lab13.1/lib/python3.9/site-packages/airflow/example_dags/example_workday_timetable.py took 0.148 seconds
[2024-12-07T03:19:23.886-0300] {processor.py:186} INFO - Started process (PID=42621) to work on /home/crisu/miniconda3/envs/lab13.1/lib/python3.9/site-packages/airflow/example_dags/example_workday_timetable.py
[2024-12-07T03:19:23.995-0300] {processor.py:914} INFO - Processing file /home/crisu/miniconda3/envs/lab13.1/lib/python3.9/site-packages/airflow/example_dags/example_workday_timetable.py for tasks to queue
[2024-12-07T03:19:23.996-0300] {logging_mixin.py:190} INFO - [2024-12-07T03:19:23.996-0300] {dagbag.py:588} INFO - Filling up the DagBag from /home/crisu/miniconda3/envs/lab13.1/lib/python3.9/site-packages/airflow/example_dags/example_workday_timetable.py
[2024-12-07T03:19:23.999-0300] {processor.py:925} INFO - DAG(s) 'example_workday_timetable' retrieved from /home/crisu/miniconda3/envs/lab13.1/lib/python3.9/site-packages/airflow/example_dags/example_workday_timetable.py
[2024-12-07T03:19:24.015-0300] {logging_mixin.py:190} INFO - [2024-12-07T03:19:24.015-0300] {dag.py:3239} INFO - Sync 1 DAGs
[2024-12-07T03:19:24.063-0300] {logging_mixin.py:190} INFO - [2024-12-07T03:19:24.063-0300] {dag.py:4180} INFO - Setting next_dagrun for example_workday_timetable to 2021-01-04 00:00:00+00:00, run_after=2021-01-05 00:00:00+00:00
[2024-12-07T03:19:25.910-0300] {processor.py:208} INFO - Processing /home/crisu/miniconda3/envs/lab13.1/lib/python3.9/site-packages/airflow/example_dags/example_workday_timetable.py took 2.029 seconds
[2024-12-07T03:23:00.525-0300] {processor.py:186} INFO - Started process (PID=42832) to work on /home/crisu/miniconda3/envs/lab13.1/lib/python3.9/site-packages/airflow/example_dags/example_workday_timetable.py
[2024-12-07T03:23:00.585-0300] {processor.py:914} INFO - Processing file /home/crisu/miniconda3/envs/lab13.1/lib/python3.9/site-packages/airflow/example_dags/example_workday_timetable.py for tasks to queue
[2024-12-07T03:23:00.586-0300] {logging_mixin.py:190} INFO - [2024-12-07T03:23:00.586-0300] {dagbag.py:588} INFO - Filling up the DagBag from /home/crisu/miniconda3/envs/lab13.1/lib/python3.9/site-packages/airflow/example_dags/example_workday_timetable.py
[2024-12-07T03:23:00.590-0300] {processor.py:925} INFO - DAG(s) 'example_workday_timetable' retrieved from /home/crisu/miniconda3/envs/lab13.1/lib/python3.9/site-packages/airflow/example_dags/example_workday_timetable.py
[2024-12-07T03:23:00.603-0300] {logging_mixin.py:190} INFO - [2024-12-07T03:23:00.603-0300] {dag.py:3239} INFO - Sync 1 DAGs
[2024-12-07T03:23:00.652-0300] {logging_mixin.py:190} INFO - [2024-12-07T03:23:00.652-0300] {dag.py:4180} INFO - Setting next_dagrun for example_workday_timetable to 2021-01-04 00:00:00+00:00, run_after=2021-01-05 00:00:00+00:00
[2024-12-07T03:23:01.635-0300] {processor.py:208} INFO - Processing /home/crisu/miniconda3/envs/lab13.1/lib/python3.9/site-packages/airflow/example_dags/example_workday_timetable.py took 1.116 seconds
[2024-12-07T03:26:39.653-0300] {processor.py:186} INFO - Started process (PID=43428) to work on /home/crisu/miniconda3/envs/lab13.1/lib/python3.9/site-packages/airflow/example_dags/example_workday_timetable.py
[2024-12-07T03:26:40.725-0300] {processor.py:914} INFO - Processing file /home/crisu/miniconda3/envs/lab13.1/lib/python3.9/site-packages/airflow/example_dags/example_workday_timetable.py for tasks to queue
[2024-12-07T03:26:40.727-0300] {logging_mixin.py:190} INFO - [2024-12-07T03:26:40.727-0300] {dagbag.py:588} INFO - Filling up the DagBag from /home/crisu/miniconda3/envs/lab13.1/lib/python3.9/site-packages/airflow/example_dags/example_workday_timetable.py
[2024-12-07T03:26:40.732-0300] {processor.py:925} INFO - DAG(s) 'example_workday_timetable' retrieved from /home/crisu/miniconda3/envs/lab13.1/lib/python3.9/site-packages/airflow/example_dags/example_workday_timetable.py
[2024-12-07T03:26:40.747-0300] {logging_mixin.py:190} INFO - [2024-12-07T03:26:40.747-0300] {dag.py:3239} INFO - Sync 1 DAGs
[2024-12-07T03:26:40.800-0300] {logging_mixin.py:190} INFO - [2024-12-07T03:26:40.800-0300] {dag.py:4180} INFO - Setting next_dagrun for example_workday_timetable to 2021-01-04 00:00:00+00:00, run_after=2021-01-05 00:00:00+00:00
[2024-12-07T03:26:41.527-0300] {processor.py:208} INFO - Processing /home/crisu/miniconda3/envs/lab13.1/lib/python3.9/site-packages/airflow/example_dags/example_workday_timetable.py took 1.881 seconds
[2024-12-07T03:29:21.588-0300] {processor.py:186} INFO - Started process (PID=43817) to work on /home/crisu/miniconda3/envs/lab13.1/lib/python3.9/site-packages/airflow/example_dags/example_workday_timetable.py
[2024-12-07T03:29:21.603-0300] {processor.py:914} INFO - Processing file /home/crisu/miniconda3/envs/lab13.1/lib/python3.9/site-packages/airflow/example_dags/example_workday_timetable.py for tasks to queue
[2024-12-07T03:29:21.605-0300] {logging_mixin.py:190} INFO - [2024-12-07T03:29:21.604-0300] {dagbag.py:588} INFO - Filling up the DagBag from /home/crisu/miniconda3/envs/lab13.1/lib/python3.9/site-packages/airflow/example_dags/example_workday_timetable.py
[2024-12-07T03:29:21.609-0300] {processor.py:925} INFO - DAG(s) 'example_workday_timetable' retrieved from /home/crisu/miniconda3/envs/lab13.1/lib/python3.9/site-packages/airflow/example_dags/example_workday_timetable.py
[2024-12-07T03:29:21.621-0300] {logging_mixin.py:190} INFO - [2024-12-07T03:29:21.621-0300] {dag.py:3239} INFO - Sync 1 DAGs
[2024-12-07T03:29:21.670-0300] {logging_mixin.py:190} INFO - [2024-12-07T03:29:21.669-0300] {dag.py:4180} INFO - Setting next_dagrun for example_workday_timetable to 2021-01-04 00:00:00+00:00, run_after=2021-01-05 00:00:00+00:00
[2024-12-07T03:29:21.736-0300] {processor.py:208} INFO - Processing /home/crisu/miniconda3/envs/lab13.1/lib/python3.9/site-packages/airflow/example_dags/example_workday_timetable.py took 0.153 seconds
[2024-12-07T03:33:59.589-0300] {processor.py:186} INFO - Started process (PID=44556) to work on /home/crisu/miniconda3/envs/lab13.1/lib/python3.9/site-packages/airflow/example_dags/example_workday_timetable.py
[2024-12-07T03:33:59.607-0300] {processor.py:914} INFO - Processing file /home/crisu/miniconda3/envs/lab13.1/lib/python3.9/site-packages/airflow/example_dags/example_workday_timetable.py for tasks to queue
[2024-12-07T03:33:59.609-0300] {logging_mixin.py:190} INFO - [2024-12-07T03:33:59.608-0300] {dagbag.py:588} INFO - Filling up the DagBag from /home/crisu/miniconda3/envs/lab13.1/lib/python3.9/site-packages/airflow/example_dags/example_workday_timetable.py
[2024-12-07T03:33:59.613-0300] {processor.py:925} INFO - DAG(s) 'example_workday_timetable' retrieved from /home/crisu/miniconda3/envs/lab13.1/lib/python3.9/site-packages/airflow/example_dags/example_workday_timetable.py
[2024-12-07T03:33:59.627-0300] {logging_mixin.py:190} INFO - [2024-12-07T03:33:59.627-0300] {dag.py:3239} INFO - Sync 1 DAGs
[2024-12-07T03:33:59.678-0300] {logging_mixin.py:190} INFO - [2024-12-07T03:33:59.678-0300] {dag.py:4180} INFO - Setting next_dagrun for example_workday_timetable to 2021-01-04 00:00:00+00:00, run_after=2021-01-05 00:00:00+00:00
[2024-12-07T03:33:59.753-0300] {processor.py:208} INFO - Processing /home/crisu/miniconda3/envs/lab13.1/lib/python3.9/site-packages/airflow/example_dags/example_workday_timetable.py took 0.169 seconds
[2024-12-07T03:35:33.633-0300] {processor.py:186} INFO - Started process (PID=44711) to work on /home/crisu/miniconda3/envs/lab13.1/lib/python3.9/site-packages/airflow/example_dags/example_workday_timetable.py
[2024-12-07T03:35:33.644-0300] {processor.py:914} INFO - Processing file /home/crisu/miniconda3/envs/lab13.1/lib/python3.9/site-packages/airflow/example_dags/example_workday_timetable.py for tasks to queue
[2024-12-07T03:35:33.645-0300] {logging_mixin.py:190} INFO - [2024-12-07T03:35:33.645-0300] {dagbag.py:588} INFO - Filling up the DagBag from /home/crisu/miniconda3/envs/lab13.1/lib/python3.9/site-packages/airflow/example_dags/example_workday_timetable.py
[2024-12-07T03:35:33.650-0300] {processor.py:925} INFO - DAG(s) 'example_workday_timetable' retrieved from /home/crisu/miniconda3/envs/lab13.1/lib/python3.9/site-packages/airflow/example_dags/example_workday_timetable.py
[2024-12-07T03:35:33.662-0300] {logging_mixin.py:190} INFO - [2024-12-07T03:35:33.662-0300] {dag.py:3239} INFO - Sync 1 DAGs
[2024-12-07T03:35:33.711-0300] {logging_mixin.py:190} INFO - [2024-12-07T03:35:33.710-0300] {dag.py:4180} INFO - Setting next_dagrun for example_workday_timetable to 2021-01-04 00:00:00+00:00, run_after=2021-01-05 00:00:00+00:00
[2024-12-07T03:35:33.767-0300] {processor.py:208} INFO - Processing /home/crisu/miniconda3/envs/lab13.1/lib/python3.9/site-packages/airflow/example_dags/example_workday_timetable.py took 0.139 seconds
[2024-12-07T03:36:37.616-0300] {processor.py:186} INFO - Started process (PID=44840) to work on /home/crisu/miniconda3/envs/lab13.1/lib/python3.9/site-packages/airflow/example_dags/example_workday_timetable.py
[2024-12-07T03:36:37.641-0300] {processor.py:914} INFO - Processing file /home/crisu/miniconda3/envs/lab13.1/lib/python3.9/site-packages/airflow/example_dags/example_workday_timetable.py for tasks to queue
[2024-12-07T03:36:37.643-0300] {logging_mixin.py:190} INFO - [2024-12-07T03:36:37.643-0300] {dagbag.py:588} INFO - Filling up the DagBag from /home/crisu/miniconda3/envs/lab13.1/lib/python3.9/site-packages/airflow/example_dags/example_workday_timetable.py
[2024-12-07T03:36:37.647-0300] {processor.py:925} INFO - DAG(s) 'example_workday_timetable' retrieved from /home/crisu/miniconda3/envs/lab13.1/lib/python3.9/site-packages/airflow/example_dags/example_workday_timetable.py
[2024-12-07T03:36:37.661-0300] {logging_mixin.py:190} INFO - [2024-12-07T03:36:37.661-0300] {dag.py:3239} INFO - Sync 1 DAGs
[2024-12-07T03:36:37.709-0300] {logging_mixin.py:190} INFO - [2024-12-07T03:36:37.709-0300] {dag.py:4180} INFO - Setting next_dagrun for example_workday_timetable to 2021-01-04 00:00:00+00:00, run_after=2021-01-05 00:00:00+00:00
[2024-12-07T03:36:38.266-0300] {processor.py:208} INFO - Processing /home/crisu/miniconda3/envs/lab13.1/lib/python3.9/site-packages/airflow/example_dags/example_workday_timetable.py took 0.656 seconds
[2024-12-07T03:37:38.332-0300] {processor.py:186} INFO - Started process (PID=44945) to work on /home/crisu/miniconda3/envs/lab13.1/lib/python3.9/site-packages/airflow/example_dags/example_workday_timetable.py
[2024-12-07T03:37:38.358-0300] {processor.py:914} INFO - Processing file /home/crisu/miniconda3/envs/lab13.1/lib/python3.9/site-packages/airflow/example_dags/example_workday_timetable.py for tasks to queue
[2024-12-07T03:37:38.360-0300] {logging_mixin.py:190} INFO - [2024-12-07T03:37:38.359-0300] {dagbag.py:588} INFO - Filling up the DagBag from /home/crisu/miniconda3/envs/lab13.1/lib/python3.9/site-packages/airflow/example_dags/example_workday_timetable.py
[2024-12-07T03:37:38.363-0300] {processor.py:925} INFO - DAG(s) 'example_workday_timetable' retrieved from /home/crisu/miniconda3/envs/lab13.1/lib/python3.9/site-packages/airflow/example_dags/example_workday_timetable.py
[2024-12-07T03:37:38.377-0300] {logging_mixin.py:190} INFO - [2024-12-07T03:37:38.377-0300] {dag.py:3239} INFO - Sync 1 DAGs
[2024-12-07T03:37:38.432-0300] {logging_mixin.py:190} INFO - [2024-12-07T03:37:38.432-0300] {dag.py:4180} INFO - Setting next_dagrun for example_workday_timetable to 2021-01-04 00:00:00+00:00, run_after=2021-01-05 00:00:00+00:00
[2024-12-07T03:37:38.487-0300] {processor.py:208} INFO - Processing /home/crisu/miniconda3/envs/lab13.1/lib/python3.9/site-packages/airflow/example_dags/example_workday_timetable.py took 0.163 seconds
[2024-12-07T03:38:33.779-0300] {processor.py:186} INFO - Started process (PID=45037) to work on /home/crisu/miniconda3/envs/lab13.1/lib/python3.9/site-packages/airflow/example_dags/example_workday_timetable.py
[2024-12-07T03:38:33.788-0300] {processor.py:914} INFO - Processing file /home/crisu/miniconda3/envs/lab13.1/lib/python3.9/site-packages/airflow/example_dags/example_workday_timetable.py for tasks to queue
[2024-12-07T03:38:33.789-0300] {logging_mixin.py:190} INFO - [2024-12-07T03:38:33.789-0300] {dagbag.py:588} INFO - Filling up the DagBag from /home/crisu/miniconda3/envs/lab13.1/lib/python3.9/site-packages/airflow/example_dags/example_workday_timetable.py
[2024-12-07T03:38:33.793-0300] {processor.py:925} INFO - DAG(s) 'example_workday_timetable' retrieved from /home/crisu/miniconda3/envs/lab13.1/lib/python3.9/site-packages/airflow/example_dags/example_workday_timetable.py
[2024-12-07T03:38:33.806-0300] {logging_mixin.py:190} INFO - [2024-12-07T03:38:33.806-0300] {dag.py:3239} INFO - Sync 1 DAGs
[2024-12-07T03:38:33.854-0300] {logging_mixin.py:190} INFO - [2024-12-07T03:38:33.854-0300] {dag.py:4180} INFO - Setting next_dagrun for example_workday_timetable to 2021-01-04 00:00:00+00:00, run_after=2021-01-05 00:00:00+00:00
[2024-12-07T03:38:33.912-0300] {processor.py:208} INFO - Processing /home/crisu/miniconda3/envs/lab13.1/lib/python3.9/site-packages/airflow/example_dags/example_workday_timetable.py took 0.138 seconds
[2024-12-07T03:39:50.797-0300] {processor.py:186} INFO - Started process (PID=45198) to work on /home/crisu/miniconda3/envs/lab13.1/lib/python3.9/site-packages/airflow/example_dags/example_workday_timetable.py
[2024-12-07T03:39:50.799-0300] {processor.py:914} INFO - Processing file /home/crisu/miniconda3/envs/lab13.1/lib/python3.9/site-packages/airflow/example_dags/example_workday_timetable.py for tasks to queue
[2024-12-07T03:39:50.800-0300] {logging_mixin.py:190} INFO - [2024-12-07T03:39:50.800-0300] {dagbag.py:588} INFO - Filling up the DagBag from /home/crisu/miniconda3/envs/lab13.1/lib/python3.9/site-packages/airflow/example_dags/example_workday_timetable.py
[2024-12-07T03:39:50.804-0300] {processor.py:925} INFO - DAG(s) 'example_workday_timetable' retrieved from /home/crisu/miniconda3/envs/lab13.1/lib/python3.9/site-packages/airflow/example_dags/example_workday_timetable.py
[2024-12-07T03:39:50.816-0300] {logging_mixin.py:190} INFO - [2024-12-07T03:39:50.816-0300] {dag.py:3239} INFO - Sync 1 DAGs
[2024-12-07T03:39:50.864-0300] {logging_mixin.py:190} INFO - [2024-12-07T03:39:50.864-0300] {dag.py:4180} INFO - Setting next_dagrun for example_workday_timetable to 2021-01-04 00:00:00+00:00, run_after=2021-01-05 00:00:00+00:00
[2024-12-07T03:39:50.920-0300] {processor.py:208} INFO - Processing /home/crisu/miniconda3/envs/lab13.1/lib/python3.9/site-packages/airflow/example_dags/example_workday_timetable.py took 0.128 seconds
[2024-12-07T03:41:04.728-0300] {processor.py:186} INFO - Started process (PID=45337) to work on /home/crisu/miniconda3/envs/lab13.1/lib/python3.9/site-packages/airflow/example_dags/example_workday_timetable.py
[2024-12-07T03:41:04.733-0300] {processor.py:914} INFO - Processing file /home/crisu/miniconda3/envs/lab13.1/lib/python3.9/site-packages/airflow/example_dags/example_workday_timetable.py for tasks to queue
[2024-12-07T03:41:04.734-0300] {logging_mixin.py:190} INFO - [2024-12-07T03:41:04.734-0300] {dagbag.py:588} INFO - Filling up the DagBag from /home/crisu/miniconda3/envs/lab13.1/lib/python3.9/site-packages/airflow/example_dags/example_workday_timetable.py
[2024-12-07T03:41:04.739-0300] {processor.py:925} INFO - DAG(s) 'example_workday_timetable' retrieved from /home/crisu/miniconda3/envs/lab13.1/lib/python3.9/site-packages/airflow/example_dags/example_workday_timetable.py
[2024-12-07T03:41:04.753-0300] {logging_mixin.py:190} INFO - [2024-12-07T03:41:04.753-0300] {dag.py:3239} INFO - Sync 1 DAGs
[2024-12-07T03:41:04.807-0300] {logging_mixin.py:190} INFO - [2024-12-07T03:41:04.807-0300] {dag.py:4180} INFO - Setting next_dagrun for example_workday_timetable to 2021-01-04 00:00:00+00:00, run_after=2021-01-05 00:00:00+00:00
[2024-12-07T03:41:04.871-0300] {processor.py:208} INFO - Processing /home/crisu/miniconda3/envs/lab13.1/lib/python3.9/site-packages/airflow/example_dags/example_workday_timetable.py took 0.150 seconds
[2024-12-07T03:43:56.143-0300] {processor.py:186} INFO - Started process (PID=45836) to work on /home/crisu/miniconda3/envs/lab13.1/lib/python3.9/site-packages/airflow/example_dags/example_workday_timetable.py
[2024-12-07T03:43:56.145-0300] {processor.py:914} INFO - Processing file /home/crisu/miniconda3/envs/lab13.1/lib/python3.9/site-packages/airflow/example_dags/example_workday_timetable.py for tasks to queue
[2024-12-07T03:43:56.149-0300] {logging_mixin.py:190} INFO - [2024-12-07T03:43:56.148-0300] {dagbag.py:588} INFO - Filling up the DagBag from /home/crisu/miniconda3/envs/lab13.1/lib/python3.9/site-packages/airflow/example_dags/example_workday_timetable.py
[2024-12-07T03:43:56.156-0300] {processor.py:925} INFO - DAG(s) 'example_workday_timetable' retrieved from /home/crisu/miniconda3/envs/lab13.1/lib/python3.9/site-packages/airflow/example_dags/example_workday_timetable.py
[2024-12-07T03:43:56.177-0300] {logging_mixin.py:190} INFO - [2024-12-07T03:43:56.177-0300] {dag.py:3239} INFO - Sync 1 DAGs
[2024-12-07T03:43:56.250-0300] {logging_mixin.py:190} INFO - [2024-12-07T03:43:56.250-0300] {dag.py:4180} INFO - Setting next_dagrun for example_workday_timetable to 2021-01-04 00:00:00+00:00, run_after=2021-01-05 00:00:00+00:00
[2024-12-07T03:43:56.327-0300] {processor.py:208} INFO - Processing /home/crisu/miniconda3/envs/lab13.1/lib/python3.9/site-packages/airflow/example_dags/example_workday_timetable.py took 0.193 seconds
[2024-12-07T03:48:00.190-0300] {processor.py:186} INFO - Started process (PID=46623) to work on /home/crisu/miniconda3/envs/lab13.1/lib/python3.9/site-packages/airflow/example_dags/example_workday_timetable.py
[2024-12-07T03:48:00.256-0300] {processor.py:914} INFO - Processing file /home/crisu/miniconda3/envs/lab13.1/lib/python3.9/site-packages/airflow/example_dags/example_workday_timetable.py for tasks to queue
[2024-12-07T03:48:00.258-0300] {logging_mixin.py:190} INFO - [2024-12-07T03:48:00.258-0300] {dagbag.py:588} INFO - Filling up the DagBag from /home/crisu/miniconda3/envs/lab13.1/lib/python3.9/site-packages/airflow/example_dags/example_workday_timetable.py
[2024-12-07T03:48:00.263-0300] {processor.py:925} INFO - DAG(s) 'example_workday_timetable' retrieved from /home/crisu/miniconda3/envs/lab13.1/lib/python3.9/site-packages/airflow/example_dags/example_workday_timetable.py
[2024-12-07T03:48:00.276-0300] {logging_mixin.py:190} INFO - [2024-12-07T03:48:00.276-0300] {dag.py:3239} INFO - Sync 1 DAGs
[2024-12-07T03:48:00.327-0300] {logging_mixin.py:190} INFO - [2024-12-07T03:48:00.327-0300] {dag.py:4180} INFO - Setting next_dagrun for example_workday_timetable to 2021-01-04 00:00:00+00:00, run_after=2021-01-05 00:00:00+00:00
[2024-12-07T03:48:00.966-0300] {processor.py:208} INFO - Processing /home/crisu/miniconda3/envs/lab13.1/lib/python3.9/site-packages/airflow/example_dags/example_workday_timetable.py took 0.781 seconds
[2024-12-07T03:50:01.214-0300] {processor.py:186} INFO - Started process (PID=46902) to work on /home/crisu/miniconda3/envs/lab13.1/lib/python3.9/site-packages/airflow/example_dags/example_workday_timetable.py
[2024-12-07T03:50:01.244-0300] {processor.py:914} INFO - Processing file /home/crisu/miniconda3/envs/lab13.1/lib/python3.9/site-packages/airflow/example_dags/example_workday_timetable.py for tasks to queue
[2024-12-07T03:50:01.247-0300] {logging_mixin.py:190} INFO - [2024-12-07T03:50:01.246-0300] {dagbag.py:588} INFO - Filling up the DagBag from /home/crisu/miniconda3/envs/lab13.1/lib/python3.9/site-packages/airflow/example_dags/example_workday_timetable.py
[2024-12-07T03:50:01.252-0300] {processor.py:925} INFO - DAG(s) 'example_workday_timetable' retrieved from /home/crisu/miniconda3/envs/lab13.1/lib/python3.9/site-packages/airflow/example_dags/example_workday_timetable.py
[2024-12-07T03:50:01.264-0300] {logging_mixin.py:190} INFO - [2024-12-07T03:50:01.264-0300] {dag.py:3239} INFO - Sync 1 DAGs
[2024-12-07T03:50:01.313-0300] {logging_mixin.py:190} INFO - [2024-12-07T03:50:01.313-0300] {dag.py:4180} INFO - Setting next_dagrun for example_workday_timetable to 2021-01-04 00:00:00+00:00, run_after=2021-01-05 00:00:00+00:00
[2024-12-07T03:50:02.019-0300] {processor.py:208} INFO - Processing /home/crisu/miniconda3/envs/lab13.1/lib/python3.9/site-packages/airflow/example_dags/example_workday_timetable.py took 0.810 seconds
[2024-12-07T03:51:27.399-0300] {processor.py:186} INFO - Started process (PID=46995) to work on /home/crisu/miniconda3/envs/lab13.1/lib/python3.9/site-packages/airflow/example_dags/example_workday_timetable.py
[2024-12-07T03:51:27.400-0300] {processor.py:914} INFO - Processing file /home/crisu/miniconda3/envs/lab13.1/lib/python3.9/site-packages/airflow/example_dags/example_workday_timetable.py for tasks to queue
[2024-12-07T03:51:27.403-0300] {logging_mixin.py:190} INFO - [2024-12-07T03:51:27.403-0300] {dagbag.py:588} INFO - Filling up the DagBag from /home/crisu/miniconda3/envs/lab13.1/lib/python3.9/site-packages/airflow/example_dags/example_workday_timetable.py
[2024-12-07T03:51:27.408-0300] {processor.py:925} INFO - DAG(s) 'example_workday_timetable' retrieved from /home/crisu/miniconda3/envs/lab13.1/lib/python3.9/site-packages/airflow/example_dags/example_workday_timetable.py
[2024-12-07T03:51:27.421-0300] {logging_mixin.py:190} INFO - [2024-12-07T03:51:27.420-0300] {dag.py:3239} INFO - Sync 1 DAGs
[2024-12-07T03:51:27.501-0300] {logging_mixin.py:190} INFO - [2024-12-07T03:51:27.501-0300] {dag.py:4180} INFO - Setting next_dagrun for example_workday_timetable to 2021-01-04 00:00:00+00:00, run_after=2021-01-05 00:00:00+00:00
[2024-12-07T03:51:27.562-0300] {processor.py:208} INFO - Processing /home/crisu/miniconda3/envs/lab13.1/lib/python3.9/site-packages/airflow/example_dags/example_workday_timetable.py took 0.168 seconds
[2024-12-07T03:52:48.662-0300] {processor.py:186} INFO - Started process (PID=47137) to work on /home/crisu/miniconda3/envs/lab13.1/lib/python3.9/site-packages/airflow/example_dags/example_workday_timetable.py
[2024-12-07T03:52:48.714-0300] {processor.py:914} INFO - Processing file /home/crisu/miniconda3/envs/lab13.1/lib/python3.9/site-packages/airflow/example_dags/example_workday_timetable.py for tasks to queue
[2024-12-07T03:52:48.716-0300] {logging_mixin.py:190} INFO - [2024-12-07T03:52:48.716-0300] {dagbag.py:588} INFO - Filling up the DagBag from /home/crisu/miniconda3/envs/lab13.1/lib/python3.9/site-packages/airflow/example_dags/example_workday_timetable.py
[2024-12-07T03:52:48.723-0300] {processor.py:925} INFO - DAG(s) 'example_workday_timetable' retrieved from /home/crisu/miniconda3/envs/lab13.1/lib/python3.9/site-packages/airflow/example_dags/example_workday_timetable.py
[2024-12-07T03:52:48.736-0300] {logging_mixin.py:190} INFO - [2024-12-07T03:52:48.736-0300] {dag.py:3239} INFO - Sync 1 DAGs
[2024-12-07T03:52:48.798-0300] {logging_mixin.py:190} INFO - [2024-12-07T03:52:48.798-0300] {dag.py:4180} INFO - Setting next_dagrun for example_workday_timetable to 2021-01-04 00:00:00+00:00, run_after=2021-01-05 00:00:00+00:00
[2024-12-07T03:52:49.616-0300] {processor.py:208} INFO - Processing /home/crisu/miniconda3/envs/lab13.1/lib/python3.9/site-packages/airflow/example_dags/example_workday_timetable.py took 0.960 seconds
[2024-12-07T03:54:07.275-0300] {processor.py:186} INFO - Started process (PID=47279) to work on /home/crisu/miniconda3/envs/lab13.1/lib/python3.9/site-packages/airflow/example_dags/example_workday_timetable.py
[2024-12-07T03:54:07.276-0300] {processor.py:914} INFO - Processing file /home/crisu/miniconda3/envs/lab13.1/lib/python3.9/site-packages/airflow/example_dags/example_workday_timetable.py for tasks to queue
[2024-12-07T03:54:07.278-0300] {logging_mixin.py:190} INFO - [2024-12-07T03:54:07.278-0300] {dagbag.py:588} INFO - Filling up the DagBag from /home/crisu/miniconda3/envs/lab13.1/lib/python3.9/site-packages/airflow/example_dags/example_workday_timetable.py
[2024-12-07T03:54:07.283-0300] {processor.py:925} INFO - DAG(s) 'example_workday_timetable' retrieved from /home/crisu/miniconda3/envs/lab13.1/lib/python3.9/site-packages/airflow/example_dags/example_workday_timetable.py
[2024-12-07T03:54:07.296-0300] {logging_mixin.py:190} INFO - [2024-12-07T03:54:07.296-0300] {dag.py:3239} INFO - Sync 1 DAGs
[2024-12-07T03:54:07.347-0300] {logging_mixin.py:190} INFO - [2024-12-07T03:54:07.347-0300] {dag.py:4180} INFO - Setting next_dagrun for example_workday_timetable to 2021-01-04 00:00:00+00:00, run_after=2021-01-05 00:00:00+00:00
[2024-12-07T03:54:08.298-0300] {processor.py:208} INFO - Processing /home/crisu/miniconda3/envs/lab13.1/lib/python3.9/site-packages/airflow/example_dags/example_workday_timetable.py took 1.028 seconds
[2024-12-07T03:55:06.477-0300] {processor.py:186} INFO - Started process (PID=47401) to work on /home/crisu/miniconda3/envs/lab13.1/lib/python3.9/site-packages/airflow/example_dags/example_workday_timetable.py
[2024-12-07T03:55:06.523-0300] {processor.py:914} INFO - Processing file /home/crisu/miniconda3/envs/lab13.1/lib/python3.9/site-packages/airflow/example_dags/example_workday_timetable.py for tasks to queue
[2024-12-07T03:55:06.525-0300] {logging_mixin.py:190} INFO - [2024-12-07T03:55:06.525-0300] {dagbag.py:588} INFO - Filling up the DagBag from /home/crisu/miniconda3/envs/lab13.1/lib/python3.9/site-packages/airflow/example_dags/example_workday_timetable.py
[2024-12-07T03:55:06.531-0300] {processor.py:925} INFO - DAG(s) 'example_workday_timetable' retrieved from /home/crisu/miniconda3/envs/lab13.1/lib/python3.9/site-packages/airflow/example_dags/example_workday_timetable.py
[2024-12-07T03:55:06.543-0300] {logging_mixin.py:190} INFO - [2024-12-07T03:55:06.543-0300] {dag.py:3239} INFO - Sync 1 DAGs
[2024-12-07T03:55:06.592-0300] {logging_mixin.py:190} INFO - [2024-12-07T03:55:06.592-0300] {dag.py:4180} INFO - Setting next_dagrun for example_workday_timetable to 2021-01-04 00:00:00+00:00, run_after=2021-01-05 00:00:00+00:00
[2024-12-07T03:55:07.780-0300] {processor.py:208} INFO - Processing /home/crisu/miniconda3/envs/lab13.1/lib/python3.9/site-packages/airflow/example_dags/example_workday_timetable.py took 1.308 seconds
[2024-12-07T03:56:10.810-0300] {processor.py:186} INFO - Started process (PID=47550) to work on /home/crisu/miniconda3/envs/lab13.1/lib/python3.9/site-packages/airflow/example_dags/example_workday_timetable.py
[2024-12-07T03:56:10.812-0300] {processor.py:914} INFO - Processing file /home/crisu/miniconda3/envs/lab13.1/lib/python3.9/site-packages/airflow/example_dags/example_workday_timetable.py for tasks to queue
[2024-12-07T03:56:10.815-0300] {logging_mixin.py:190} INFO - [2024-12-07T03:56:10.814-0300] {dagbag.py:588} INFO - Filling up the DagBag from /home/crisu/miniconda3/envs/lab13.1/lib/python3.9/site-packages/airflow/example_dags/example_workday_timetable.py
[2024-12-07T03:56:10.822-0300] {processor.py:925} INFO - DAG(s) 'example_workday_timetable' retrieved from /home/crisu/miniconda3/envs/lab13.1/lib/python3.9/site-packages/airflow/example_dags/example_workday_timetable.py
[2024-12-07T03:56:10.838-0300] {logging_mixin.py:190} INFO - [2024-12-07T03:56:10.838-0300] {dag.py:3239} INFO - Sync 1 DAGs
[2024-12-07T03:56:10.886-0300] {logging_mixin.py:190} INFO - [2024-12-07T03:56:10.885-0300] {dag.py:4180} INFO - Setting next_dagrun for example_workday_timetable to 2021-01-04 00:00:00+00:00, run_after=2021-01-05 00:00:00+00:00
[2024-12-07T03:56:10.961-0300] {processor.py:208} INFO - Processing /home/crisu/miniconda3/envs/lab13.1/lib/python3.9/site-packages/airflow/example_dags/example_workday_timetable.py took 0.158 seconds
[2024-12-07T03:57:03.239-0300] {processor.py:186} INFO - Started process (PID=47645) to work on /home/crisu/miniconda3/envs/lab13.1/lib/python3.9/site-packages/airflow/example_dags/example_workday_timetable.py
[2024-12-07T03:57:03.243-0300] {processor.py:914} INFO - Processing file /home/crisu/miniconda3/envs/lab13.1/lib/python3.9/site-packages/airflow/example_dags/example_workday_timetable.py for tasks to queue
[2024-12-07T03:57:03.246-0300] {logging_mixin.py:190} INFO - [2024-12-07T03:57:03.245-0300] {dagbag.py:588} INFO - Filling up the DagBag from /home/crisu/miniconda3/envs/lab13.1/lib/python3.9/site-packages/airflow/example_dags/example_workday_timetable.py
[2024-12-07T03:57:03.251-0300] {processor.py:925} INFO - DAG(s) 'example_workday_timetable' retrieved from /home/crisu/miniconda3/envs/lab13.1/lib/python3.9/site-packages/airflow/example_dags/example_workday_timetable.py
[2024-12-07T03:57:03.264-0300] {logging_mixin.py:190} INFO - [2024-12-07T03:57:03.263-0300] {dag.py:3239} INFO - Sync 1 DAGs
[2024-12-07T03:57:03.314-0300] {logging_mixin.py:190} INFO - [2024-12-07T03:57:03.313-0300] {dag.py:4180} INFO - Setting next_dagrun for example_workday_timetable to 2021-01-04 00:00:00+00:00, run_after=2021-01-05 00:00:00+00:00
[2024-12-07T03:57:03.369-0300] {processor.py:208} INFO - Processing /home/crisu/miniconda3/envs/lab13.1/lib/python3.9/site-packages/airflow/example_dags/example_workday_timetable.py took 0.135 seconds
[2024-12-07T03:58:20.811-0300] {processor.py:186} INFO - Started process (PID=47790) to work on /home/crisu/miniconda3/envs/lab13.1/lib/python3.9/site-packages/airflow/example_dags/example_workday_timetable.py
[2024-12-07T03:58:20.822-0300] {processor.py:914} INFO - Processing file /home/crisu/miniconda3/envs/lab13.1/lib/python3.9/site-packages/airflow/example_dags/example_workday_timetable.py for tasks to queue
[2024-12-07T03:58:20.824-0300] {logging_mixin.py:190} INFO - [2024-12-07T03:58:20.824-0300] {dagbag.py:588} INFO - Filling up the DagBag from /home/crisu/miniconda3/envs/lab13.1/lib/python3.9/site-packages/airflow/example_dags/example_workday_timetable.py
[2024-12-07T03:58:20.830-0300] {processor.py:925} INFO - DAG(s) 'example_workday_timetable' retrieved from /home/crisu/miniconda3/envs/lab13.1/lib/python3.9/site-packages/airflow/example_dags/example_workday_timetable.py
[2024-12-07T03:58:20.842-0300] {logging_mixin.py:190} INFO - [2024-12-07T03:58:20.842-0300] {dag.py:3239} INFO - Sync 1 DAGs
[2024-12-07T03:58:20.894-0300] {logging_mixin.py:190} INFO - [2024-12-07T03:58:20.893-0300] {dag.py:4180} INFO - Setting next_dagrun for example_workday_timetable to 2021-01-04 00:00:00+00:00, run_after=2021-01-05 00:00:00+00:00
[2024-12-07T03:58:20.953-0300] {processor.py:208} INFO - Processing /home/crisu/miniconda3/envs/lab13.1/lib/python3.9/site-packages/airflow/example_dags/example_workday_timetable.py took 0.147 seconds
[2024-12-07T04:00:16.617-0300] {processor.py:186} INFO - Started process (PID=48041) to work on /home/crisu/miniconda3/envs/lab13.1/lib/python3.9/site-packages/airflow/example_dags/example_workday_timetable.py
[2024-12-07T04:00:16.620-0300] {processor.py:914} INFO - Processing file /home/crisu/miniconda3/envs/lab13.1/lib/python3.9/site-packages/airflow/example_dags/example_workday_timetable.py for tasks to queue
[2024-12-07T04:00:16.623-0300] {logging_mixin.py:190} INFO - [2024-12-07T04:00:16.623-0300] {dagbag.py:588} INFO - Filling up the DagBag from /home/crisu/miniconda3/envs/lab13.1/lib/python3.9/site-packages/airflow/example_dags/example_workday_timetable.py
[2024-12-07T04:00:16.629-0300] {processor.py:925} INFO - DAG(s) 'example_workday_timetable' retrieved from /home/crisu/miniconda3/envs/lab13.1/lib/python3.9/site-packages/airflow/example_dags/example_workday_timetable.py
[2024-12-07T04:00:16.642-0300] {logging_mixin.py:190} INFO - [2024-12-07T04:00:16.641-0300] {dag.py:3239} INFO - Sync 1 DAGs
[2024-12-07T04:00:16.690-0300] {logging_mixin.py:190} INFO - [2024-12-07T04:00:16.690-0300] {dag.py:4180} INFO - Setting next_dagrun for example_workday_timetable to 2021-01-04 00:00:00+00:00, run_after=2021-01-05 00:00:00+00:00
[2024-12-07T04:00:16.746-0300] {processor.py:208} INFO - Processing /home/crisu/miniconda3/envs/lab13.1/lib/python3.9/site-packages/airflow/example_dags/example_workday_timetable.py took 0.134 seconds
[2024-12-07T04:01:30.847-0300] {processor.py:186} INFO - Started process (PID=48189) to work on /home/crisu/miniconda3/envs/lab13.1/lib/python3.9/site-packages/airflow/example_dags/example_workday_timetable.py
[2024-12-07T04:01:30.859-0300] {processor.py:914} INFO - Processing file /home/crisu/miniconda3/envs/lab13.1/lib/python3.9/site-packages/airflow/example_dags/example_workday_timetable.py for tasks to queue
[2024-12-07T04:01:30.862-0300] {logging_mixin.py:190} INFO - [2024-12-07T04:01:30.861-0300] {dagbag.py:588} INFO - Filling up the DagBag from /home/crisu/miniconda3/envs/lab13.1/lib/python3.9/site-packages/airflow/example_dags/example_workday_timetable.py
[2024-12-07T04:01:30.867-0300] {processor.py:925} INFO - DAG(s) 'example_workday_timetable' retrieved from /home/crisu/miniconda3/envs/lab13.1/lib/python3.9/site-packages/airflow/example_dags/example_workday_timetable.py
[2024-12-07T04:01:30.882-0300] {logging_mixin.py:190} INFO - [2024-12-07T04:01:30.882-0300] {dag.py:3239} INFO - Sync 1 DAGs
[2024-12-07T04:01:30.938-0300] {logging_mixin.py:190} INFO - [2024-12-07T04:01:30.938-0300] {dag.py:4180} INFO - Setting next_dagrun for example_workday_timetable to 2021-01-04 00:00:00+00:00, run_after=2021-01-05 00:00:00+00:00
[2024-12-07T04:01:30.999-0300] {processor.py:208} INFO - Processing /home/crisu/miniconda3/envs/lab13.1/lib/python3.9/site-packages/airflow/example_dags/example_workday_timetable.py took 0.158 seconds
[2024-12-07T04:07:11.725-0300] {processor.py:186} INFO - Started process (PID=49116) to work on /home/crisu/miniconda3/envs/lab13.1/lib/python3.9/site-packages/airflow/example_dags/example_workday_timetable.py
[2024-12-07T04:07:11.966-0300] {processor.py:914} INFO - Processing file /home/crisu/miniconda3/envs/lab13.1/lib/python3.9/site-packages/airflow/example_dags/example_workday_timetable.py for tasks to queue
[2024-12-07T04:07:11.967-0300] {logging_mixin.py:190} INFO - [2024-12-07T04:07:11.967-0300] {dagbag.py:588} INFO - Filling up the DagBag from /home/crisu/miniconda3/envs/lab13.1/lib/python3.9/site-packages/airflow/example_dags/example_workday_timetable.py
[2024-12-07T04:07:11.971-0300] {processor.py:925} INFO - DAG(s) 'example_workday_timetable' retrieved from /home/crisu/miniconda3/envs/lab13.1/lib/python3.9/site-packages/airflow/example_dags/example_workday_timetable.py
[2024-12-07T04:07:11.988-0300] {logging_mixin.py:190} INFO - [2024-12-07T04:07:11.987-0300] {dag.py:3239} INFO - Sync 1 DAGs
[2024-12-07T04:07:12.038-0300] {logging_mixin.py:190} INFO - [2024-12-07T04:07:12.038-0300] {dag.py:4180} INFO - Setting next_dagrun for example_workday_timetable to 2021-01-04 00:00:00+00:00, run_after=2021-01-05 00:00:00+00:00
[2024-12-07T04:07:13.218-0300] {processor.py:208} INFO - Processing /home/crisu/miniconda3/envs/lab13.1/lib/python3.9/site-packages/airflow/example_dags/example_workday_timetable.py took 1.500 seconds
[2024-12-07T04:08:46.668-0300] {processor.py:186} INFO - Started process (PID=49373) to work on /home/crisu/miniconda3/envs/lab13.1/lib/python3.9/site-packages/airflow/example_dags/example_workday_timetable.py
[2024-12-07T04:08:46.958-0300] {processor.py:914} INFO - Processing file /home/crisu/miniconda3/envs/lab13.1/lib/python3.9/site-packages/airflow/example_dags/example_workday_timetable.py for tasks to queue
[2024-12-07T04:08:46.959-0300] {logging_mixin.py:190} INFO - [2024-12-07T04:08:46.959-0300] {dagbag.py:588} INFO - Filling up the DagBag from /home/crisu/miniconda3/envs/lab13.1/lib/python3.9/site-packages/airflow/example_dags/example_workday_timetable.py
[2024-12-07T04:08:46.964-0300] {processor.py:925} INFO - DAG(s) 'example_workday_timetable' retrieved from /home/crisu/miniconda3/envs/lab13.1/lib/python3.9/site-packages/airflow/example_dags/example_workday_timetable.py
[2024-12-07T04:08:46.976-0300] {logging_mixin.py:190} INFO - [2024-12-07T04:08:46.976-0300] {dag.py:3239} INFO - Sync 1 DAGs
[2024-12-07T04:08:47.027-0300] {logging_mixin.py:190} INFO - [2024-12-07T04:08:47.027-0300] {dag.py:4180} INFO - Setting next_dagrun for example_workday_timetable to 2021-01-04 00:00:00+00:00, run_after=2021-01-05 00:00:00+00:00
[2024-12-07T04:08:48.259-0300] {processor.py:208} INFO - Processing /home/crisu/miniconda3/envs/lab13.1/lib/python3.9/site-packages/airflow/example_dags/example_workday_timetable.py took 1.596 seconds
[2024-12-07T04:09:44.343-0300] {processor.py:186} INFO - Started process (PID=49453) to work on /home/crisu/miniconda3/envs/lab13.1/lib/python3.9/site-packages/airflow/example_dags/example_workday_timetable.py
[2024-12-07T04:09:44.355-0300] {processor.py:914} INFO - Processing file /home/crisu/miniconda3/envs/lab13.1/lib/python3.9/site-packages/airflow/example_dags/example_workday_timetable.py for tasks to queue
[2024-12-07T04:09:44.356-0300] {logging_mixin.py:190} INFO - [2024-12-07T04:09:44.356-0300] {dagbag.py:588} INFO - Filling up the DagBag from /home/crisu/miniconda3/envs/lab13.1/lib/python3.9/site-packages/airflow/example_dags/example_workday_timetable.py
[2024-12-07T04:09:44.360-0300] {processor.py:925} INFO - DAG(s) 'example_workday_timetable' retrieved from /home/crisu/miniconda3/envs/lab13.1/lib/python3.9/site-packages/airflow/example_dags/example_workday_timetable.py
[2024-12-07T04:09:44.373-0300] {logging_mixin.py:190} INFO - [2024-12-07T04:09:44.373-0300] {dag.py:3239} INFO - Sync 1 DAGs
[2024-12-07T04:09:44.420-0300] {logging_mixin.py:190} INFO - [2024-12-07T04:09:44.420-0300] {dag.py:4180} INFO - Setting next_dagrun for example_workday_timetable to 2021-01-04 00:00:00+00:00, run_after=2021-01-05 00:00:00+00:00
[2024-12-07T04:09:44.485-0300] {processor.py:208} INFO - Processing /home/crisu/miniconda3/envs/lab13.1/lib/python3.9/site-packages/airflow/example_dags/example_workday_timetable.py took 0.147 seconds
[2024-12-07T04:10:51.245-0300] {processor.py:186} INFO - Started process (PID=49535) to work on /home/crisu/miniconda3/envs/lab13.1/lib/python3.9/site-packages/airflow/example_dags/example_workday_timetable.py
[2024-12-07T04:10:51.246-0300] {processor.py:914} INFO - Processing file /home/crisu/miniconda3/envs/lab13.1/lib/python3.9/site-packages/airflow/example_dags/example_workday_timetable.py for tasks to queue
[2024-12-07T04:10:51.247-0300] {logging_mixin.py:190} INFO - [2024-12-07T04:10:51.247-0300] {dagbag.py:588} INFO - Filling up the DagBag from /home/crisu/miniconda3/envs/lab13.1/lib/python3.9/site-packages/airflow/example_dags/example_workday_timetable.py
[2024-12-07T04:10:51.251-0300] {processor.py:925} INFO - DAG(s) 'example_workday_timetable' retrieved from /home/crisu/miniconda3/envs/lab13.1/lib/python3.9/site-packages/airflow/example_dags/example_workday_timetable.py
[2024-12-07T04:10:51.264-0300] {logging_mixin.py:190} INFO - [2024-12-07T04:10:51.263-0300] {dag.py:3239} INFO - Sync 1 DAGs
[2024-12-07T04:10:51.311-0300] {logging_mixin.py:190} INFO - [2024-12-07T04:10:51.311-0300] {dag.py:4180} INFO - Setting next_dagrun for example_workday_timetable to 2021-01-04 00:00:00+00:00, run_after=2021-01-05 00:00:00+00:00
[2024-12-07T04:10:52.381-0300] {processor.py:208} INFO - Processing /home/crisu/miniconda3/envs/lab13.1/lib/python3.9/site-packages/airflow/example_dags/example_workday_timetable.py took 1.142 seconds
[2024-12-07T04:11:46.868-0300] {processor.py:186} INFO - Started process (PID=49626) to work on /home/crisu/miniconda3/envs/lab13.1/lib/python3.9/site-packages/airflow/example_dags/example_workday_timetable.py
[2024-12-07T04:11:46.876-0300] {processor.py:914} INFO - Processing file /home/crisu/miniconda3/envs/lab13.1/lib/python3.9/site-packages/airflow/example_dags/example_workday_timetable.py for tasks to queue
[2024-12-07T04:11:46.877-0300] {logging_mixin.py:190} INFO - [2024-12-07T04:11:46.877-0300] {dagbag.py:588} INFO - Filling up the DagBag from /home/crisu/miniconda3/envs/lab13.1/lib/python3.9/site-packages/airflow/example_dags/example_workday_timetable.py
[2024-12-07T04:11:46.881-0300] {processor.py:925} INFO - DAG(s) 'example_workday_timetable' retrieved from /home/crisu/miniconda3/envs/lab13.1/lib/python3.9/site-packages/airflow/example_dags/example_workday_timetable.py
[2024-12-07T04:11:46.894-0300] {logging_mixin.py:190} INFO - [2024-12-07T04:11:46.893-0300] {dag.py:3239} INFO - Sync 1 DAGs
[2024-12-07T04:11:46.943-0300] {logging_mixin.py:190} INFO - [2024-12-07T04:11:46.942-0300] {dag.py:4180} INFO - Setting next_dagrun for example_workday_timetable to 2021-01-04 00:00:00+00:00, run_after=2021-01-05 00:00:00+00:00
[2024-12-07T04:11:47.003-0300] {processor.py:208} INFO - Processing /home/crisu/miniconda3/envs/lab13.1/lib/python3.9/site-packages/airflow/example_dags/example_workday_timetable.py took 0.141 seconds
[2024-12-07T04:12:38.141-0300] {processor.py:186} INFO - Started process (PID=49712) to work on /home/crisu/miniconda3/envs/lab13.1/lib/python3.9/site-packages/airflow/example_dags/example_workday_timetable.py
[2024-12-07T04:12:38.153-0300] {processor.py:914} INFO - Processing file /home/crisu/miniconda3/envs/lab13.1/lib/python3.9/site-packages/airflow/example_dags/example_workday_timetable.py for tasks to queue
[2024-12-07T04:12:38.154-0300] {logging_mixin.py:190} INFO - [2024-12-07T04:12:38.154-0300] {dagbag.py:588} INFO - Filling up the DagBag from /home/crisu/miniconda3/envs/lab13.1/lib/python3.9/site-packages/airflow/example_dags/example_workday_timetable.py
[2024-12-07T04:12:38.158-0300] {processor.py:925} INFO - DAG(s) 'example_workday_timetable' retrieved from /home/crisu/miniconda3/envs/lab13.1/lib/python3.9/site-packages/airflow/example_dags/example_workday_timetable.py
[2024-12-07T04:12:38.171-0300] {logging_mixin.py:190} INFO - [2024-12-07T04:12:38.171-0300] {dag.py:3239} INFO - Sync 1 DAGs
[2024-12-07T04:12:38.219-0300] {logging_mixin.py:190} INFO - [2024-12-07T04:12:38.219-0300] {dag.py:4180} INFO - Setting next_dagrun for example_workday_timetable to 2021-01-04 00:00:00+00:00, run_after=2021-01-05 00:00:00+00:00
[2024-12-07T04:12:38.288-0300] {processor.py:208} INFO - Processing /home/crisu/miniconda3/envs/lab13.1/lib/python3.9/site-packages/airflow/example_dags/example_workday_timetable.py took 0.152 seconds
[2024-12-07T04:13:54.855-0300] {processor.py:186} INFO - Started process (PID=49866) to work on /home/crisu/miniconda3/envs/lab13.1/lib/python3.9/site-packages/airflow/example_dags/example_workday_timetable.py
[2024-12-07T04:13:54.862-0300] {processor.py:914} INFO - Processing file /home/crisu/miniconda3/envs/lab13.1/lib/python3.9/site-packages/airflow/example_dags/example_workday_timetable.py for tasks to queue
[2024-12-07T04:13:54.863-0300] {logging_mixin.py:190} INFO - [2024-12-07T04:13:54.863-0300] {dagbag.py:588} INFO - Filling up the DagBag from /home/crisu/miniconda3/envs/lab13.1/lib/python3.9/site-packages/airflow/example_dags/example_workday_timetable.py
[2024-12-07T04:13:54.868-0300] {processor.py:925} INFO - DAG(s) 'example_workday_timetable' retrieved from /home/crisu/miniconda3/envs/lab13.1/lib/python3.9/site-packages/airflow/example_dags/example_workday_timetable.py
[2024-12-07T04:13:54.881-0300] {logging_mixin.py:190} INFO - [2024-12-07T04:13:54.881-0300] {dag.py:3239} INFO - Sync 1 DAGs
[2024-12-07T04:13:54.935-0300] {logging_mixin.py:190} INFO - [2024-12-07T04:13:54.934-0300] {dag.py:4180} INFO - Setting next_dagrun for example_workday_timetable to 2021-01-04 00:00:00+00:00, run_after=2021-01-05 00:00:00+00:00
[2024-12-07T04:13:55.000-0300] {processor.py:208} INFO - Processing /home/crisu/miniconda3/envs/lab13.1/lib/python3.9/site-packages/airflow/example_dags/example_workday_timetable.py took 0.150 seconds
[2024-12-07T04:15:12.433-0300] {processor.py:186} INFO - Started process (PID=49997) to work on /home/crisu/miniconda3/envs/lab13.1/lib/python3.9/site-packages/airflow/example_dags/example_workday_timetable.py
[2024-12-07T04:15:12.442-0300] {processor.py:914} INFO - Processing file /home/crisu/miniconda3/envs/lab13.1/lib/python3.9/site-packages/airflow/example_dags/example_workday_timetable.py for tasks to queue
[2024-12-07T04:15:12.444-0300] {logging_mixin.py:190} INFO - [2024-12-07T04:15:12.443-0300] {dagbag.py:588} INFO - Filling up the DagBag from /home/crisu/miniconda3/envs/lab13.1/lib/python3.9/site-packages/airflow/example_dags/example_workday_timetable.py
[2024-12-07T04:15:12.447-0300] {processor.py:925} INFO - DAG(s) 'example_workday_timetable' retrieved from /home/crisu/miniconda3/envs/lab13.1/lib/python3.9/site-packages/airflow/example_dags/example_workday_timetable.py
[2024-12-07T04:15:12.460-0300] {logging_mixin.py:190} INFO - [2024-12-07T04:15:12.460-0300] {dag.py:3239} INFO - Sync 1 DAGs
[2024-12-07T04:15:12.509-0300] {logging_mixin.py:190} INFO - [2024-12-07T04:15:12.508-0300] {dag.py:4180} INFO - Setting next_dagrun for example_workday_timetable to 2021-01-04 00:00:00+00:00, run_after=2021-01-05 00:00:00+00:00
[2024-12-07T04:15:12.572-0300] {processor.py:208} INFO - Processing /home/crisu/miniconda3/envs/lab13.1/lib/python3.9/site-packages/airflow/example_dags/example_workday_timetable.py took 0.145 seconds
