[2024-12-07T01:52:30.124-0300] {processor.py:186} INFO - Started process (PID=34002) to work on /home/crisu/miniconda3/envs/lab13.1/lib/python3.9/site-packages/airflow/example_dags/example_sla_dag.py
[2024-12-07T01:52:30.125-0300] {processor.py:914} INFO - Processing file /home/crisu/miniconda3/envs/lab13.1/lib/python3.9/site-packages/airflow/example_dags/example_sla_dag.py for tasks to queue
[2024-12-07T01:52:30.127-0300] {logging_mixin.py:190} INFO - [2024-12-07T01:52:30.127-0300] {dagbag.py:588} INFO - Filling up the DagBag from /home/crisu/miniconda3/envs/lab13.1/lib/python3.9/site-packages/airflow/example_dags/example_sla_dag.py
[2024-12-07T01:52:30.137-0300] {processor.py:925} INFO - DAG(s) 'example_sla_dag' retrieved from /home/crisu/miniconda3/envs/lab13.1/lib/python3.9/site-packages/airflow/example_dags/example_sla_dag.py
[2024-12-07T01:52:31.632-0300] {logging_mixin.py:190} INFO - [2024-12-07T01:52:31.630-0300] {override.py:1911} INFO - Created Permission View: can delete on DAG:example_sla_dag
[2024-12-07T01:52:32.722-0300] {logging_mixin.py:190} INFO - [2024-12-07T01:52:32.721-0300] {override.py:1911} INFO - Created Permission View: can edit on DAG:example_sla_dag
[2024-12-07T01:52:33.685-0300] {logging_mixin.py:190} INFO - [2024-12-07T01:52:33.684-0300] {override.py:1911} INFO - Created Permission View: can read on DAG:example_sla_dag
[2024-12-07T01:52:35.805-0300] {logging_mixin.py:190} INFO - [2024-12-07T01:52:35.805-0300] {override.py:1911} INFO - Created Permission View: menu access on DAG Run:example_sla_dag
[2024-12-07T01:52:36.788-0300] {logging_mixin.py:190} INFO - [2024-12-07T01:52:36.788-0300] {override.py:1911} INFO - Created Permission View: can delete on DAG Run:example_sla_dag
[2024-12-07T01:52:38.114-0300] {logging_mixin.py:190} INFO - [2024-12-07T01:52:38.113-0300] {override.py:1911} INFO - Created Permission View: can read on DAG Run:example_sla_dag
[2024-12-07T01:52:38.782-0300] {logging_mixin.py:190} INFO - [2024-12-07T01:52:38.781-0300] {override.py:1911} INFO - Created Permission View: can create on DAG Run:example_sla_dag
[2024-12-07T01:52:38.782-0300] {logging_mixin.py:190} INFO - [2024-12-07T01:52:38.782-0300] {dag.py:3239} INFO - Sync 1 DAGs
[2024-12-07T01:52:38.793-0300] {logging_mixin.py:190} INFO - [2024-12-07T01:52:38.793-0300] {dag.py:3262} INFO - Creating ORM DAG for example_sla_dag
[2024-12-07T01:52:38.804-0300] {logging_mixin.py:190} INFO - [2024-12-07T01:52:38.804-0300] {dag.py:4180} INFO - Setting next_dagrun for example_sla_dag to 2024-12-07 04:50:00+00:00, run_after=2024-12-07 04:52:00+00:00
[2024-12-07T01:52:39.946-0300] {processor.py:208} INFO - Processing /home/crisu/miniconda3/envs/lab13.1/lib/python3.9/site-packages/airflow/example_dags/example_sla_dag.py took 9.828 seconds
[2024-12-07T02:07:44.168-0300] {processor.py:186} INFO - Started process (PID=35342) to work on /home/crisu/miniconda3/envs/lab13.1/lib/python3.9/site-packages/airflow/example_dags/example_sla_dag.py
[2024-12-07T02:07:44.188-0300] {processor.py:914} INFO - Processing file /home/crisu/miniconda3/envs/lab13.1/lib/python3.9/site-packages/airflow/example_dags/example_sla_dag.py for tasks to queue
[2024-12-07T02:07:44.190-0300] {logging_mixin.py:190} INFO - [2024-12-07T02:07:44.190-0300] {dagbag.py:588} INFO - Filling up the DagBag from /home/crisu/miniconda3/envs/lab13.1/lib/python3.9/site-packages/airflow/example_dags/example_sla_dag.py
[2024-12-07T02:07:44.201-0300] {processor.py:925} INFO - DAG(s) 'example_sla_dag' retrieved from /home/crisu/miniconda3/envs/lab13.1/lib/python3.9/site-packages/airflow/example_dags/example_sla_dag.py
[2024-12-07T02:07:44.216-0300] {logging_mixin.py:190} INFO - [2024-12-07T02:07:44.216-0300] {dag.py:3239} INFO - Sync 1 DAGs
[2024-12-07T02:07:44.238-0300] {logging_mixin.py:190} INFO - [2024-12-07T02:07:44.238-0300] {dag.py:4180} INFO - Setting next_dagrun for example_sla_dag to 2024-12-07 05:04:00+00:00, run_after=2024-12-07 05:06:00+00:00
[2024-12-07T02:07:44.311-0300] {processor.py:208} INFO - Processing /home/crisu/miniconda3/envs/lab13.1/lib/python3.9/site-packages/airflow/example_dags/example_sla_dag.py took 0.151 seconds
[2024-12-07T02:11:09.427-0300] {processor.py:186} INFO - Started process (PID=35895) to work on /home/crisu/miniconda3/envs/lab13.1/lib/python3.9/site-packages/airflow/example_dags/example_sla_dag.py
[2024-12-07T02:11:09.429-0300] {processor.py:914} INFO - Processing file /home/crisu/miniconda3/envs/lab13.1/lib/python3.9/site-packages/airflow/example_dags/example_sla_dag.py for tasks to queue
[2024-12-07T02:11:09.430-0300] {logging_mixin.py:190} INFO - [2024-12-07T02:11:09.430-0300] {dagbag.py:588} INFO - Filling up the DagBag from /home/crisu/miniconda3/envs/lab13.1/lib/python3.9/site-packages/airflow/example_dags/example_sla_dag.py
[2024-12-07T02:11:09.440-0300] {processor.py:925} INFO - DAG(s) 'example_sla_dag' retrieved from /home/crisu/miniconda3/envs/lab13.1/lib/python3.9/site-packages/airflow/example_dags/example_sla_dag.py
[2024-12-07T02:11:09.453-0300] {logging_mixin.py:190} INFO - [2024-12-07T02:11:09.452-0300] {dag.py:3239} INFO - Sync 1 DAGs
[2024-12-07T02:11:09.473-0300] {logging_mixin.py:190} INFO - [2024-12-07T02:11:09.473-0300] {dag.py:4180} INFO - Setting next_dagrun for example_sla_dag to 2024-12-07 05:08:00+00:00, run_after=2024-12-07 05:10:00+00:00
[2024-12-07T02:11:09.536-0300] {processor.py:208} INFO - Processing /home/crisu/miniconda3/envs/lab13.1/lib/python3.9/site-packages/airflow/example_dags/example_sla_dag.py took 0.116 seconds
[2024-12-07T02:12:42.122-0300] {processor.py:186} INFO - Started process (PID=36010) to work on /home/crisu/miniconda3/envs/lab13.1/lib/python3.9/site-packages/airflow/example_dags/example_sla_dag.py
[2024-12-07T02:12:42.143-0300] {processor.py:914} INFO - Processing file /home/crisu/miniconda3/envs/lab13.1/lib/python3.9/site-packages/airflow/example_dags/example_sla_dag.py for tasks to queue
[2024-12-07T02:12:42.145-0300] {logging_mixin.py:190} INFO - [2024-12-07T02:12:42.145-0300] {dagbag.py:588} INFO - Filling up the DagBag from /home/crisu/miniconda3/envs/lab13.1/lib/python3.9/site-packages/airflow/example_dags/example_sla_dag.py
[2024-12-07T02:12:42.155-0300] {processor.py:925} INFO - DAG(s) 'example_sla_dag' retrieved from /home/crisu/miniconda3/envs/lab13.1/lib/python3.9/site-packages/airflow/example_dags/example_sla_dag.py
[2024-12-07T02:12:42.167-0300] {logging_mixin.py:190} INFO - [2024-12-07T02:12:42.167-0300] {dag.py:3239} INFO - Sync 1 DAGs
[2024-12-07T02:12:42.186-0300] {logging_mixin.py:190} INFO - [2024-12-07T02:12:42.186-0300] {dag.py:4180} INFO - Setting next_dagrun for example_sla_dag to 2024-12-07 05:10:00+00:00, run_after=2024-12-07 05:12:00+00:00
[2024-12-07T02:12:42.243-0300] {processor.py:208} INFO - Processing /home/crisu/miniconda3/envs/lab13.1/lib/python3.9/site-packages/airflow/example_dags/example_sla_dag.py took 0.129 seconds
[2024-12-07T02:15:25.609-0300] {processor.py:186} INFO - Started process (PID=36367) to work on /home/crisu/miniconda3/envs/lab13.1/lib/python3.9/site-packages/airflow/example_dags/example_sla_dag.py
[2024-12-07T02:15:25.611-0300] {processor.py:914} INFO - Processing file /home/crisu/miniconda3/envs/lab13.1/lib/python3.9/site-packages/airflow/example_dags/example_sla_dag.py for tasks to queue
[2024-12-07T02:15:25.613-0300] {logging_mixin.py:190} INFO - [2024-12-07T02:15:25.612-0300] {dagbag.py:588} INFO - Filling up the DagBag from /home/crisu/miniconda3/envs/lab13.1/lib/python3.9/site-packages/airflow/example_dags/example_sla_dag.py
[2024-12-07T02:15:25.622-0300] {processor.py:925} INFO - DAG(s) 'example_sla_dag' retrieved from /home/crisu/miniconda3/envs/lab13.1/lib/python3.9/site-packages/airflow/example_dags/example_sla_dag.py
[2024-12-07T02:15:25.634-0300] {logging_mixin.py:190} INFO - [2024-12-07T02:15:25.634-0300] {dag.py:3239} INFO - Sync 1 DAGs
[2024-12-07T02:15:25.654-0300] {logging_mixin.py:190} INFO - [2024-12-07T02:15:25.654-0300] {dag.py:4180} INFO - Setting next_dagrun for example_sla_dag to 2024-12-07 05:12:00+00:00, run_after=2024-12-07 05:14:00+00:00
[2024-12-07T02:15:26.809-0300] {processor.py:208} INFO - Processing /home/crisu/miniconda3/envs/lab13.1/lib/python3.9/site-packages/airflow/example_dags/example_sla_dag.py took 1.207 seconds
[2024-12-07T02:17:04.758-0300] {processor.py:186} INFO - Started process (PID=36526) to work on /home/crisu/miniconda3/envs/lab13.1/lib/python3.9/site-packages/airflow/example_dags/example_sla_dag.py
[2024-12-07T02:17:04.818-0300] {processor.py:914} INFO - Processing file /home/crisu/miniconda3/envs/lab13.1/lib/python3.9/site-packages/airflow/example_dags/example_sla_dag.py for tasks to queue
[2024-12-07T02:17:04.820-0300] {logging_mixin.py:190} INFO - [2024-12-07T02:17:04.819-0300] {dagbag.py:588} INFO - Filling up the DagBag from /home/crisu/miniconda3/envs/lab13.1/lib/python3.9/site-packages/airflow/example_dags/example_sla_dag.py
[2024-12-07T02:17:04.828-0300] {processor.py:925} INFO - DAG(s) 'example_sla_dag' retrieved from /home/crisu/miniconda3/envs/lab13.1/lib/python3.9/site-packages/airflow/example_dags/example_sla_dag.py
[2024-12-07T02:17:04.845-0300] {logging_mixin.py:190} INFO - [2024-12-07T02:17:04.844-0300] {dag.py:3239} INFO - Sync 1 DAGs
[2024-12-07T02:17:04.865-0300] {logging_mixin.py:190} INFO - [2024-12-07T02:17:04.865-0300] {dag.py:4180} INFO - Setting next_dagrun for example_sla_dag to 2024-12-07 05:14:00+00:00, run_after=2024-12-07 05:16:00+00:00
[2024-12-07T02:17:04.920-0300] {processor.py:208} INFO - Processing /home/crisu/miniconda3/envs/lab13.1/lib/python3.9/site-packages/airflow/example_dags/example_sla_dag.py took 0.169 seconds
[2024-12-07T02:18:33.254-0300] {processor.py:186} INFO - Started process (PID=36678) to work on /home/crisu/miniconda3/envs/lab13.1/lib/python3.9/site-packages/airflow/example_dags/example_sla_dag.py
[2024-12-07T02:18:33.276-0300] {processor.py:914} INFO - Processing file /home/crisu/miniconda3/envs/lab13.1/lib/python3.9/site-packages/airflow/example_dags/example_sla_dag.py for tasks to queue
[2024-12-07T02:18:33.278-0300] {logging_mixin.py:190} INFO - [2024-12-07T02:18:33.278-0300] {dagbag.py:588} INFO - Filling up the DagBag from /home/crisu/miniconda3/envs/lab13.1/lib/python3.9/site-packages/airflow/example_dags/example_sla_dag.py
[2024-12-07T02:18:33.287-0300] {processor.py:925} INFO - DAG(s) 'example_sla_dag' retrieved from /home/crisu/miniconda3/envs/lab13.1/lib/python3.9/site-packages/airflow/example_dags/example_sla_dag.py
[2024-12-07T02:18:33.300-0300] {logging_mixin.py:190} INFO - [2024-12-07T02:18:33.300-0300] {dag.py:3239} INFO - Sync 1 DAGs
[2024-12-07T02:18:33.321-0300] {logging_mixin.py:190} INFO - [2024-12-07T02:18:33.321-0300] {dag.py:4180} INFO - Setting next_dagrun for example_sla_dag to 2024-12-07 05:16:00+00:00, run_after=2024-12-07 05:18:00+00:00
[2024-12-07T02:18:33.384-0300] {processor.py:208} INFO - Processing /home/crisu/miniconda3/envs/lab13.1/lib/python3.9/site-packages/airflow/example_dags/example_sla_dag.py took 0.138 seconds
[2024-12-07T02:31:05.601-0300] {processor.py:186} INFO - Started process (PID=37974) to work on /home/crisu/miniconda3/envs/lab13.1/lib/python3.9/site-packages/airflow/example_dags/example_sla_dag.py
[2024-12-07T02:31:05.611-0300] {processor.py:914} INFO - Processing file /home/crisu/miniconda3/envs/lab13.1/lib/python3.9/site-packages/airflow/example_dags/example_sla_dag.py for tasks to queue
[2024-12-07T02:31:05.613-0300] {logging_mixin.py:190} INFO - [2024-12-07T02:31:05.612-0300] {dagbag.py:588} INFO - Filling up the DagBag from /home/crisu/miniconda3/envs/lab13.1/lib/python3.9/site-packages/airflow/example_dags/example_sla_dag.py
[2024-12-07T02:31:05.624-0300] {processor.py:925} INFO - DAG(s) 'example_sla_dag' retrieved from /home/crisu/miniconda3/envs/lab13.1/lib/python3.9/site-packages/airflow/example_dags/example_sla_dag.py
[2024-12-07T02:31:05.638-0300] {logging_mixin.py:190} INFO - [2024-12-07T02:31:05.638-0300] {dag.py:3239} INFO - Sync 1 DAGs
[2024-12-07T02:31:05.660-0300] {logging_mixin.py:190} INFO - [2024-12-07T02:31:05.660-0300] {dag.py:4180} INFO - Setting next_dagrun for example_sla_dag to 2024-12-07 05:28:00+00:00, run_after=2024-12-07 05:30:00+00:00
[2024-12-07T02:31:05.726-0300] {processor.py:208} INFO - Processing /home/crisu/miniconda3/envs/lab13.1/lib/python3.9/site-packages/airflow/example_dags/example_sla_dag.py took 0.130 seconds
[2024-12-07T02:33:36.045-0300] {processor.py:186} INFO - Started process (PID=38177) to work on /home/crisu/miniconda3/envs/lab13.1/lib/python3.9/site-packages/airflow/example_dags/example_sla_dag.py
[2024-12-07T02:33:36.063-0300] {processor.py:914} INFO - Processing file /home/crisu/miniconda3/envs/lab13.1/lib/python3.9/site-packages/airflow/example_dags/example_sla_dag.py for tasks to queue
[2024-12-07T02:33:36.065-0300] {logging_mixin.py:190} INFO - [2024-12-07T02:33:36.064-0300] {dagbag.py:588} INFO - Filling up the DagBag from /home/crisu/miniconda3/envs/lab13.1/lib/python3.9/site-packages/airflow/example_dags/example_sla_dag.py
[2024-12-07T02:33:36.074-0300] {processor.py:925} INFO - DAG(s) 'example_sla_dag' retrieved from /home/crisu/miniconda3/envs/lab13.1/lib/python3.9/site-packages/airflow/example_dags/example_sla_dag.py
[2024-12-07T02:33:36.087-0300] {logging_mixin.py:190} INFO - [2024-12-07T02:33:36.087-0300] {dag.py:3239} INFO - Sync 1 DAGs
[2024-12-07T02:33:36.106-0300] {logging_mixin.py:190} INFO - [2024-12-07T02:33:36.106-0300] {dag.py:4180} INFO - Setting next_dagrun for example_sla_dag to 2024-12-07 05:30:00+00:00, run_after=2024-12-07 05:32:00+00:00
[2024-12-07T02:33:36.178-0300] {processor.py:208} INFO - Processing /home/crisu/miniconda3/envs/lab13.1/lib/python3.9/site-packages/airflow/example_dags/example_sla_dag.py took 0.138 seconds
[2024-12-07T02:35:51.629-0300] {processor.py:186} INFO - Started process (PID=38411) to work on /home/crisu/miniconda3/envs/lab13.1/lib/python3.9/site-packages/airflow/example_dags/example_sla_dag.py
[2024-12-07T02:35:52.031-0300] {processor.py:914} INFO - Processing file /home/crisu/miniconda3/envs/lab13.1/lib/python3.9/site-packages/airflow/example_dags/example_sla_dag.py for tasks to queue
[2024-12-07T02:35:52.033-0300] {logging_mixin.py:190} INFO - [2024-12-07T02:35:52.033-0300] {dagbag.py:588} INFO - Filling up the DagBag from /home/crisu/miniconda3/envs/lab13.1/lib/python3.9/site-packages/airflow/example_dags/example_sla_dag.py
[2024-12-07T02:35:52.042-0300] {processor.py:925} INFO - DAG(s) 'example_sla_dag' retrieved from /home/crisu/miniconda3/envs/lab13.1/lib/python3.9/site-packages/airflow/example_dags/example_sla_dag.py
[2024-12-07T02:35:52.057-0300] {logging_mixin.py:190} INFO - [2024-12-07T02:35:52.056-0300] {dag.py:3239} INFO - Sync 1 DAGs
[2024-12-07T02:35:52.077-0300] {logging_mixin.py:190} INFO - [2024-12-07T02:35:52.077-0300] {dag.py:4180} INFO - Setting next_dagrun for example_sla_dag to 2024-12-07 05:32:00+00:00, run_after=2024-12-07 05:34:00+00:00
[2024-12-07T02:35:53.324-0300] {processor.py:208} INFO - Processing /home/crisu/miniconda3/envs/lab13.1/lib/python3.9/site-packages/airflow/example_dags/example_sla_dag.py took 1.703 seconds
[2024-12-07T02:37:07.400-0300] {processor.py:186} INFO - Started process (PID=38616) to work on /home/crisu/miniconda3/envs/lab13.1/lib/python3.9/site-packages/airflow/example_dags/example_sla_dag.py
[2024-12-07T02:37:07.407-0300] {processor.py:914} INFO - Processing file /home/crisu/miniconda3/envs/lab13.1/lib/python3.9/site-packages/airflow/example_dags/example_sla_dag.py for tasks to queue
[2024-12-07T02:37:07.409-0300] {logging_mixin.py:190} INFO - [2024-12-07T02:37:07.409-0300] {dagbag.py:588} INFO - Filling up the DagBag from /home/crisu/miniconda3/envs/lab13.1/lib/python3.9/site-packages/airflow/example_dags/example_sla_dag.py
[2024-12-07T02:37:07.418-0300] {processor.py:925} INFO - DAG(s) 'example_sla_dag' retrieved from /home/crisu/miniconda3/envs/lab13.1/lib/python3.9/site-packages/airflow/example_dags/example_sla_dag.py
[2024-12-07T02:37:07.431-0300] {logging_mixin.py:190} INFO - [2024-12-07T02:37:07.431-0300] {dag.py:3239} INFO - Sync 1 DAGs
[2024-12-07T02:37:07.452-0300] {logging_mixin.py:190} INFO - [2024-12-07T02:37:07.452-0300] {dag.py:4180} INFO - Setting next_dagrun for example_sla_dag to 2024-12-07 05:34:00+00:00, run_after=2024-12-07 05:36:00+00:00
[2024-12-07T02:37:07.605-0300] {processor.py:208} INFO - Processing /home/crisu/miniconda3/envs/lab13.1/lib/python3.9/site-packages/airflow/example_dags/example_sla_dag.py took 0.210 seconds
[2024-12-07T02:38:51.238-0300] {processor.py:186} INFO - Started process (PID=38774) to work on /home/crisu/miniconda3/envs/lab13.1/lib/python3.9/site-packages/airflow/example_dags/example_sla_dag.py
[2024-12-07T02:38:51.349-0300] {processor.py:914} INFO - Processing file /home/crisu/miniconda3/envs/lab13.1/lib/python3.9/site-packages/airflow/example_dags/example_sla_dag.py for tasks to queue
[2024-12-07T02:38:51.351-0300] {logging_mixin.py:190} INFO - [2024-12-07T02:38:51.351-0300] {dagbag.py:588} INFO - Filling up the DagBag from /home/crisu/miniconda3/envs/lab13.1/lib/python3.9/site-packages/airflow/example_dags/example_sla_dag.py
[2024-12-07T02:38:51.361-0300] {processor.py:925} INFO - DAG(s) 'example_sla_dag' retrieved from /home/crisu/miniconda3/envs/lab13.1/lib/python3.9/site-packages/airflow/example_dags/example_sla_dag.py
[2024-12-07T02:38:51.374-0300] {logging_mixin.py:190} INFO - [2024-12-07T02:38:51.374-0300] {dag.py:3239} INFO - Sync 1 DAGs
[2024-12-07T02:38:51.394-0300] {logging_mixin.py:190} INFO - [2024-12-07T02:38:51.394-0300] {dag.py:4180} INFO - Setting next_dagrun for example_sla_dag to 2024-12-07 05:36:00+00:00, run_after=2024-12-07 05:38:00+00:00
[2024-12-07T02:38:52.594-0300] {processor.py:208} INFO - Processing /home/crisu/miniconda3/envs/lab13.1/lib/python3.9/site-packages/airflow/example_dags/example_sla_dag.py took 1.362 seconds
[2024-12-07T02:40:24.529-0300] {processor.py:186} INFO - Started process (PID=38882) to work on /home/crisu/miniconda3/envs/lab13.1/lib/python3.9/site-packages/airflow/example_dags/example_sla_dag.py
[2024-12-07T02:40:24.535-0300] {processor.py:914} INFO - Processing file /home/crisu/miniconda3/envs/lab13.1/lib/python3.9/site-packages/airflow/example_dags/example_sla_dag.py for tasks to queue
[2024-12-07T02:40:24.537-0300] {logging_mixin.py:190} INFO - [2024-12-07T02:40:24.536-0300] {dagbag.py:588} INFO - Filling up the DagBag from /home/crisu/miniconda3/envs/lab13.1/lib/python3.9/site-packages/airflow/example_dags/example_sla_dag.py
[2024-12-07T02:40:24.546-0300] {processor.py:925} INFO - DAG(s) 'example_sla_dag' retrieved from /home/crisu/miniconda3/envs/lab13.1/lib/python3.9/site-packages/airflow/example_dags/example_sla_dag.py
[2024-12-07T02:40:24.558-0300] {logging_mixin.py:190} INFO - [2024-12-07T02:40:24.558-0300] {dag.py:3239} INFO - Sync 1 DAGs
[2024-12-07T02:40:24.577-0300] {logging_mixin.py:190} INFO - [2024-12-07T02:40:24.577-0300] {dag.py:4180} INFO - Setting next_dagrun for example_sla_dag to 2024-12-07 05:38:00+00:00, run_after=2024-12-07 05:40:00+00:00
[2024-12-07T02:40:24.727-0300] {processor.py:208} INFO - Processing /home/crisu/miniconda3/envs/lab13.1/lib/python3.9/site-packages/airflow/example_dags/example_sla_dag.py took 0.204 seconds
[2024-12-07T02:41:36.503-0300] {processor.py:186} INFO - Started process (PID=39007) to work on /home/crisu/miniconda3/envs/lab13.1/lib/python3.9/site-packages/airflow/example_dags/example_sla_dag.py
[2024-12-07T02:41:36.513-0300] {processor.py:914} INFO - Processing file /home/crisu/miniconda3/envs/lab13.1/lib/python3.9/site-packages/airflow/example_dags/example_sla_dag.py for tasks to queue
[2024-12-07T02:41:36.515-0300] {logging_mixin.py:190} INFO - [2024-12-07T02:41:36.515-0300] {dagbag.py:588} INFO - Filling up the DagBag from /home/crisu/miniconda3/envs/lab13.1/lib/python3.9/site-packages/airflow/example_dags/example_sla_dag.py
[2024-12-07T02:41:36.525-0300] {processor.py:925} INFO - DAG(s) 'example_sla_dag' retrieved from /home/crisu/miniconda3/envs/lab13.1/lib/python3.9/site-packages/airflow/example_dags/example_sla_dag.py
[2024-12-07T02:41:36.538-0300] {logging_mixin.py:190} INFO - [2024-12-07T02:41:36.538-0300] {dag.py:3239} INFO - Sync 1 DAGs
[2024-12-07T02:41:36.656-0300] {logging_mixin.py:190} INFO - [2024-12-07T02:41:36.656-0300] {dag.py:4180} INFO - Setting next_dagrun for example_sla_dag to 2024-12-07 05:38:00+00:00, run_after=2024-12-07 05:40:00+00:00
[2024-12-07T02:41:36.719-0300] {processor.py:208} INFO - Processing /home/crisu/miniconda3/envs/lab13.1/lib/python3.9/site-packages/airflow/example_dags/example_sla_dag.py took 0.221 seconds
[2024-12-07T02:44:44.078-0300] {processor.py:186} INFO - Started process (PID=39697) to work on /home/crisu/miniconda3/envs/lab13.1/lib/python3.9/site-packages/airflow/example_dags/example_sla_dag.py
[2024-12-07T02:44:44.098-0300] {processor.py:914} INFO - Processing file /home/crisu/miniconda3/envs/lab13.1/lib/python3.9/site-packages/airflow/example_dags/example_sla_dag.py for tasks to queue
[2024-12-07T02:44:44.100-0300] {logging_mixin.py:190} INFO - [2024-12-07T02:44:44.099-0300] {dagbag.py:588} INFO - Filling up the DagBag from /home/crisu/miniconda3/envs/lab13.1/lib/python3.9/site-packages/airflow/example_dags/example_sla_dag.py
[2024-12-07T02:44:44.109-0300] {processor.py:925} INFO - DAG(s) 'example_sla_dag' retrieved from /home/crisu/miniconda3/envs/lab13.1/lib/python3.9/site-packages/airflow/example_dags/example_sla_dag.py
[2024-12-07T02:44:44.124-0300] {logging_mixin.py:190} INFO - [2024-12-07T02:44:44.123-0300] {dag.py:3239} INFO - Sync 1 DAGs
[2024-12-07T02:44:44.143-0300] {logging_mixin.py:190} INFO - [2024-12-07T02:44:44.143-0300] {dag.py:4180} INFO - Setting next_dagrun for example_sla_dag to 2024-12-07 05:42:00+00:00, run_after=2024-12-07 05:44:00+00:00
[2024-12-07T02:44:44.216-0300] {processor.py:208} INFO - Processing /home/crisu/miniconda3/envs/lab13.1/lib/python3.9/site-packages/airflow/example_dags/example_sla_dag.py took 0.144 seconds
[2024-12-07T02:46:24.452-0300] {processor.py:186} INFO - Started process (PID=39992) to work on /home/crisu/miniconda3/envs/lab13.1/lib/python3.9/site-packages/airflow/example_dags/example_sla_dag.py
[2024-12-07T02:46:24.459-0300] {processor.py:914} INFO - Processing file /home/crisu/miniconda3/envs/lab13.1/lib/python3.9/site-packages/airflow/example_dags/example_sla_dag.py for tasks to queue
[2024-12-07T02:46:24.461-0300] {logging_mixin.py:190} INFO - [2024-12-07T02:46:24.461-0300] {dagbag.py:588} INFO - Filling up the DagBag from /home/crisu/miniconda3/envs/lab13.1/lib/python3.9/site-packages/airflow/example_dags/example_sla_dag.py
[2024-12-07T02:46:24.471-0300] {processor.py:925} INFO - DAG(s) 'example_sla_dag' retrieved from /home/crisu/miniconda3/envs/lab13.1/lib/python3.9/site-packages/airflow/example_dags/example_sla_dag.py
[2024-12-07T02:46:24.487-0300] {logging_mixin.py:190} INFO - [2024-12-07T02:46:24.487-0300] {dag.py:3239} INFO - Sync 1 DAGs
[2024-12-07T02:46:24.506-0300] {logging_mixin.py:190} INFO - [2024-12-07T02:46:24.506-0300] {dag.py:4180} INFO - Setting next_dagrun for example_sla_dag to 2024-12-07 05:44:00+00:00, run_after=2024-12-07 05:46:00+00:00
[2024-12-07T02:46:24.561-0300] {processor.py:208} INFO - Processing /home/crisu/miniconda3/envs/lab13.1/lib/python3.9/site-packages/airflow/example_dags/example_sla_dag.py took 0.114 seconds
[2024-12-07T02:47:45.961-0300] {processor.py:186} INFO - Started process (PID=40248) to work on /home/crisu/miniconda3/envs/lab13.1/lib/python3.9/site-packages/airflow/example_dags/example_sla_dag.py
[2024-12-07T02:47:45.985-0300] {processor.py:914} INFO - Processing file /home/crisu/miniconda3/envs/lab13.1/lib/python3.9/site-packages/airflow/example_dags/example_sla_dag.py for tasks to queue
[2024-12-07T02:47:45.987-0300] {logging_mixin.py:190} INFO - [2024-12-07T02:47:45.986-0300] {dagbag.py:588} INFO - Filling up the DagBag from /home/crisu/miniconda3/envs/lab13.1/lib/python3.9/site-packages/airflow/example_dags/example_sla_dag.py
[2024-12-07T02:47:45.999-0300] {processor.py:925} INFO - DAG(s) 'example_sla_dag' retrieved from /home/crisu/miniconda3/envs/lab13.1/lib/python3.9/site-packages/airflow/example_dags/example_sla_dag.py
[2024-12-07T02:47:46.017-0300] {logging_mixin.py:190} INFO - [2024-12-07T02:47:46.017-0300] {dag.py:3239} INFO - Sync 1 DAGs
[2024-12-07T02:47:46.037-0300] {logging_mixin.py:190} INFO - [2024-12-07T02:47:46.037-0300] {dag.py:4180} INFO - Setting next_dagrun for example_sla_dag to 2024-12-07 05:44:00+00:00, run_after=2024-12-07 05:46:00+00:00
[2024-12-07T02:47:46.534-0300] {processor.py:208} INFO - Processing /home/crisu/miniconda3/envs/lab13.1/lib/python3.9/site-packages/airflow/example_dags/example_sla_dag.py took 0.579 seconds
[2024-12-07T02:49:13.188-0300] {processor.py:186} INFO - Started process (PID=40527) to work on /home/crisu/miniconda3/envs/lab13.1/lib/python3.9/site-packages/airflow/example_dags/example_sla_dag.py
[2024-12-07T02:49:13.189-0300] {processor.py:914} INFO - Processing file /home/crisu/miniconda3/envs/lab13.1/lib/python3.9/site-packages/airflow/example_dags/example_sla_dag.py for tasks to queue
[2024-12-07T02:49:13.191-0300] {logging_mixin.py:190} INFO - [2024-12-07T02:49:13.191-0300] {dagbag.py:588} INFO - Filling up the DagBag from /home/crisu/miniconda3/envs/lab13.1/lib/python3.9/site-packages/airflow/example_dags/example_sla_dag.py
[2024-12-07T02:49:13.201-0300] {processor.py:925} INFO - DAG(s) 'example_sla_dag' retrieved from /home/crisu/miniconda3/envs/lab13.1/lib/python3.9/site-packages/airflow/example_dags/example_sla_dag.py
[2024-12-07T02:49:13.217-0300] {logging_mixin.py:190} INFO - [2024-12-07T02:49:13.217-0300] {dag.py:3239} INFO - Sync 1 DAGs
[2024-12-07T02:49:13.237-0300] {logging_mixin.py:190} INFO - [2024-12-07T02:49:13.237-0300] {dag.py:4180} INFO - Setting next_dagrun for example_sla_dag to 2024-12-07 05:46:00+00:00, run_after=2024-12-07 05:48:00+00:00
[2024-12-07T02:49:14.499-0300] {processor.py:208} INFO - Processing /home/crisu/miniconda3/envs/lab13.1/lib/python3.9/site-packages/airflow/example_dags/example_sla_dag.py took 1.317 seconds
[2024-12-07T02:50:05.600-0300] {processor.py:186} INFO - Started process (PID=40790) to work on /home/crisu/miniconda3/envs/lab13.1/lib/python3.9/site-packages/airflow/example_dags/example_sla_dag.py
[2024-12-07T02:50:05.613-0300] {processor.py:914} INFO - Processing file /home/crisu/miniconda3/envs/lab13.1/lib/python3.9/site-packages/airflow/example_dags/example_sla_dag.py for tasks to queue
[2024-12-07T02:50:05.615-0300] {logging_mixin.py:190} INFO - [2024-12-07T02:50:05.614-0300] {dagbag.py:588} INFO - Filling up the DagBag from /home/crisu/miniconda3/envs/lab13.1/lib/python3.9/site-packages/airflow/example_dags/example_sla_dag.py
[2024-12-07T02:50:05.624-0300] {processor.py:925} INFO - DAG(s) 'example_sla_dag' retrieved from /home/crisu/miniconda3/envs/lab13.1/lib/python3.9/site-packages/airflow/example_dags/example_sla_dag.py
[2024-12-07T02:50:05.638-0300] {logging_mixin.py:190} INFO - [2024-12-07T02:50:05.638-0300] {dag.py:3239} INFO - Sync 1 DAGs
[2024-12-07T02:50:05.657-0300] {logging_mixin.py:190} INFO - [2024-12-07T02:50:05.657-0300] {dag.py:4180} INFO - Setting next_dagrun for example_sla_dag to 2024-12-07 05:48:00+00:00, run_after=2024-12-07 05:50:00+00:00
[2024-12-07T02:50:05.722-0300] {processor.py:208} INFO - Processing /home/crisu/miniconda3/envs/lab13.1/lib/python3.9/site-packages/airflow/example_dags/example_sla_dag.py took 0.127 seconds
[2024-12-07T02:51:27.053-0300] {processor.py:186} INFO - Started process (PID=40966) to work on /home/crisu/miniconda3/envs/lab13.1/lib/python3.9/site-packages/airflow/example_dags/example_sla_dag.py
[2024-12-07T02:51:27.240-0300] {processor.py:914} INFO - Processing file /home/crisu/miniconda3/envs/lab13.1/lib/python3.9/site-packages/airflow/example_dags/example_sla_dag.py for tasks to queue
[2024-12-07T02:51:27.242-0300] {logging_mixin.py:190} INFO - [2024-12-07T02:51:27.242-0300] {dagbag.py:588} INFO - Filling up the DagBag from /home/crisu/miniconda3/envs/lab13.1/lib/python3.9/site-packages/airflow/example_dags/example_sla_dag.py
[2024-12-07T02:51:27.252-0300] {processor.py:925} INFO - DAG(s) 'example_sla_dag' retrieved from /home/crisu/miniconda3/envs/lab13.1/lib/python3.9/site-packages/airflow/example_dags/example_sla_dag.py
[2024-12-07T02:51:27.265-0300] {logging_mixin.py:190} INFO - [2024-12-07T02:51:27.265-0300] {dag.py:3239} INFO - Sync 1 DAGs
[2024-12-07T02:51:27.284-0300] {logging_mixin.py:190} INFO - [2024-12-07T02:51:27.284-0300] {dag.py:4180} INFO - Setting next_dagrun for example_sla_dag to 2024-12-07 05:48:00+00:00, run_after=2024-12-07 05:50:00+00:00
[2024-12-07T02:51:28.480-0300] {processor.py:208} INFO - Processing /home/crisu/miniconda3/envs/lab13.1/lib/python3.9/site-packages/airflow/example_dags/example_sla_dag.py took 1.436 seconds
[2024-12-07T03:19:57.263-0300] {processor.py:186} INFO - Started process (PID=42646) to work on /home/crisu/miniconda3/envs/lab13.1/lib/python3.9/site-packages/airflow/example_dags/example_sla_dag.py
[2024-12-07T03:19:57.352-0300] {processor.py:914} INFO - Processing file /home/crisu/miniconda3/envs/lab13.1/lib/python3.9/site-packages/airflow/example_dags/example_sla_dag.py for tasks to queue
[2024-12-07T03:19:57.353-0300] {logging_mixin.py:190} INFO - [2024-12-07T03:19:57.353-0300] {dagbag.py:588} INFO - Filling up the DagBag from /home/crisu/miniconda3/envs/lab13.1/lib/python3.9/site-packages/airflow/example_dags/example_sla_dag.py
[2024-12-07T03:19:57.363-0300] {processor.py:925} INFO - DAG(s) 'example_sla_dag' retrieved from /home/crisu/miniconda3/envs/lab13.1/lib/python3.9/site-packages/airflow/example_dags/example_sla_dag.py
[2024-12-07T03:19:57.382-0300] {logging_mixin.py:190} INFO - [2024-12-07T03:19:57.382-0300] {dag.py:3239} INFO - Sync 1 DAGs
[2024-12-07T03:19:57.414-0300] {logging_mixin.py:190} INFO - [2024-12-07T03:19:57.414-0300] {dag.py:4180} INFO - Setting next_dagrun for example_sla_dag to 2024-12-07 06:16:00+00:00, run_after=2024-12-07 06:18:00+00:00
[2024-12-07T03:19:58.876-0300] {processor.py:208} INFO - Processing /home/crisu/miniconda3/envs/lab13.1/lib/python3.9/site-packages/airflow/example_dags/example_sla_dag.py took 1.620 seconds
[2024-12-07T03:23:14.563-0300] {processor.py:186} INFO - Started process (PID=42839) to work on /home/crisu/miniconda3/envs/lab13.1/lib/python3.9/site-packages/airflow/example_dags/example_sla_dag.py
[2024-12-07T03:23:14.585-0300] {processor.py:914} INFO - Processing file /home/crisu/miniconda3/envs/lab13.1/lib/python3.9/site-packages/airflow/example_dags/example_sla_dag.py for tasks to queue
[2024-12-07T03:23:14.587-0300] {logging_mixin.py:190} INFO - [2024-12-07T03:23:14.586-0300] {dagbag.py:588} INFO - Filling up the DagBag from /home/crisu/miniconda3/envs/lab13.1/lib/python3.9/site-packages/airflow/example_dags/example_sla_dag.py
[2024-12-07T03:23:14.595-0300] {processor.py:925} INFO - DAG(s) 'example_sla_dag' retrieved from /home/crisu/miniconda3/envs/lab13.1/lib/python3.9/site-packages/airflow/example_dags/example_sla_dag.py
[2024-12-07T03:23:14.609-0300] {logging_mixin.py:190} INFO - [2024-12-07T03:23:14.608-0300] {dag.py:3239} INFO - Sync 1 DAGs
[2024-12-07T03:23:14.628-0300] {logging_mixin.py:190} INFO - [2024-12-07T03:23:14.627-0300] {dag.py:4180} INFO - Setting next_dagrun for example_sla_dag to 2024-12-07 06:20:00+00:00, run_after=2024-12-07 06:22:00+00:00
[2024-12-07T03:23:15.206-0300] {processor.py:208} INFO - Processing /home/crisu/miniconda3/envs/lab13.1/lib/python3.9/site-packages/airflow/example_dags/example_sla_dag.py took 0.648 seconds
[2024-12-07T03:26:51.600-0300] {processor.py:186} INFO - Started process (PID=43433) to work on /home/crisu/miniconda3/envs/lab13.1/lib/python3.9/site-packages/airflow/example_dags/example_sla_dag.py
[2024-12-07T03:26:51.639-0300] {processor.py:914} INFO - Processing file /home/crisu/miniconda3/envs/lab13.1/lib/python3.9/site-packages/airflow/example_dags/example_sla_dag.py for tasks to queue
[2024-12-07T03:26:51.641-0300] {logging_mixin.py:190} INFO - [2024-12-07T03:26:51.641-0300] {dagbag.py:588} INFO - Filling up the DagBag from /home/crisu/miniconda3/envs/lab13.1/lib/python3.9/site-packages/airflow/example_dags/example_sla_dag.py
[2024-12-07T03:26:51.650-0300] {processor.py:925} INFO - DAG(s) 'example_sla_dag' retrieved from /home/crisu/miniconda3/envs/lab13.1/lib/python3.9/site-packages/airflow/example_dags/example_sla_dag.py
[2024-12-07T03:26:51.664-0300] {logging_mixin.py:190} INFO - [2024-12-07T03:26:51.664-0300] {dag.py:3239} INFO - Sync 1 DAGs
[2024-12-07T03:26:51.684-0300] {logging_mixin.py:190} INFO - [2024-12-07T03:26:51.684-0300] {dag.py:4180} INFO - Setting next_dagrun for example_sla_dag to 2024-12-07 06:24:00+00:00, run_after=2024-12-07 06:26:00+00:00
[2024-12-07T03:26:52.746-0300] {processor.py:208} INFO - Processing /home/crisu/miniconda3/envs/lab13.1/lib/python3.9/site-packages/airflow/example_dags/example_sla_dag.py took 1.152 seconds
[2024-12-07T03:29:27.979-0300] {processor.py:186} INFO - Started process (PID=43827) to work on /home/crisu/miniconda3/envs/lab13.1/lib/python3.9/site-packages/airflow/example_dags/example_sla_dag.py
[2024-12-07T03:29:27.992-0300] {processor.py:914} INFO - Processing file /home/crisu/miniconda3/envs/lab13.1/lib/python3.9/site-packages/airflow/example_dags/example_sla_dag.py for tasks to queue
[2024-12-07T03:29:27.994-0300] {logging_mixin.py:190} INFO - [2024-12-07T03:29:27.994-0300] {dagbag.py:588} INFO - Filling up the DagBag from /home/crisu/miniconda3/envs/lab13.1/lib/python3.9/site-packages/airflow/example_dags/example_sla_dag.py
[2024-12-07T03:29:28.006-0300] {processor.py:925} INFO - DAG(s) 'example_sla_dag' retrieved from /home/crisu/miniconda3/envs/lab13.1/lib/python3.9/site-packages/airflow/example_dags/example_sla_dag.py
[2024-12-07T03:29:28.022-0300] {logging_mixin.py:190} INFO - [2024-12-07T03:29:28.022-0300] {dag.py:3239} INFO - Sync 1 DAGs
[2024-12-07T03:29:28.046-0300] {logging_mixin.py:190} INFO - [2024-12-07T03:29:28.046-0300] {dag.py:4180} INFO - Setting next_dagrun for example_sla_dag to 2024-12-07 06:26:00+00:00, run_after=2024-12-07 06:28:00+00:00
[2024-12-07T03:29:28.103-0300] {processor.py:208} INFO - Processing /home/crisu/miniconda3/envs/lab13.1/lib/python3.9/site-packages/airflow/example_dags/example_sla_dag.py took 0.130 seconds
[2024-12-07T03:34:04.597-0300] {processor.py:186} INFO - Started process (PID=44561) to work on /home/crisu/miniconda3/envs/lab13.1/lib/python3.9/site-packages/airflow/example_dags/example_sla_dag.py
[2024-12-07T03:34:04.599-0300] {processor.py:914} INFO - Processing file /home/crisu/miniconda3/envs/lab13.1/lib/python3.9/site-packages/airflow/example_dags/example_sla_dag.py for tasks to queue
[2024-12-07T03:34:04.600-0300] {logging_mixin.py:190} INFO - [2024-12-07T03:34:04.599-0300] {dagbag.py:588} INFO - Filling up the DagBag from /home/crisu/miniconda3/envs/lab13.1/lib/python3.9/site-packages/airflow/example_dags/example_sla_dag.py
[2024-12-07T03:34:04.607-0300] {processor.py:925} INFO - DAG(s) 'example_sla_dag' retrieved from /home/crisu/miniconda3/envs/lab13.1/lib/python3.9/site-packages/airflow/example_dags/example_sla_dag.py
[2024-12-07T03:34:04.621-0300] {logging_mixin.py:190} INFO - [2024-12-07T03:34:04.621-0300] {dag.py:3239} INFO - Sync 1 DAGs
[2024-12-07T03:34:04.640-0300] {logging_mixin.py:190} INFO - [2024-12-07T03:34:04.640-0300] {dag.py:4180} INFO - Setting next_dagrun for example_sla_dag to 2024-12-07 06:32:00+00:00, run_after=2024-12-07 06:34:00+00:00
[2024-12-07T03:34:04.702-0300] {processor.py:208} INFO - Processing /home/crisu/miniconda3/envs/lab13.1/lib/python3.9/site-packages/airflow/example_dags/example_sla_dag.py took 0.110 seconds
[2024-12-07T03:35:38.846-0300] {processor.py:186} INFO - Started process (PID=44742) to work on /home/crisu/miniconda3/envs/lab13.1/lib/python3.9/site-packages/airflow/example_dags/example_sla_dag.py
[2024-12-07T03:35:38.857-0300] {processor.py:914} INFO - Processing file /home/crisu/miniconda3/envs/lab13.1/lib/python3.9/site-packages/airflow/example_dags/example_sla_dag.py for tasks to queue
[2024-12-07T03:35:38.858-0300] {logging_mixin.py:190} INFO - [2024-12-07T03:35:38.858-0300] {dagbag.py:588} INFO - Filling up the DagBag from /home/crisu/miniconda3/envs/lab13.1/lib/python3.9/site-packages/airflow/example_dags/example_sla_dag.py
[2024-12-07T03:35:38.866-0300] {processor.py:925} INFO - DAG(s) 'example_sla_dag' retrieved from /home/crisu/miniconda3/envs/lab13.1/lib/python3.9/site-packages/airflow/example_dags/example_sla_dag.py
[2024-12-07T03:35:38.878-0300] {logging_mixin.py:190} INFO - [2024-12-07T03:35:38.878-0300] {dag.py:3239} INFO - Sync 1 DAGs
[2024-12-07T03:35:38.895-0300] {logging_mixin.py:190} INFO - [2024-12-07T03:35:38.895-0300] {dag.py:4180} INFO - Setting next_dagrun for example_sla_dag to 2024-12-07 06:32:00+00:00, run_after=2024-12-07 06:34:00+00:00
[2024-12-07T03:35:38.949-0300] {processor.py:208} INFO - Processing /home/crisu/miniconda3/envs/lab13.1/lib/python3.9/site-packages/airflow/example_dags/example_sla_dag.py took 0.109 seconds
[2024-12-07T03:37:44.678-0300] {processor.py:186} INFO - Started process (PID=44950) to work on /home/crisu/miniconda3/envs/lab13.1/lib/python3.9/site-packages/airflow/example_dags/example_sla_dag.py
[2024-12-07T03:37:44.679-0300] {processor.py:914} INFO - Processing file /home/crisu/miniconda3/envs/lab13.1/lib/python3.9/site-packages/airflow/example_dags/example_sla_dag.py for tasks to queue
[2024-12-07T03:37:44.680-0300] {logging_mixin.py:190} INFO - [2024-12-07T03:37:44.680-0300] {dagbag.py:588} INFO - Filling up the DagBag from /home/crisu/miniconda3/envs/lab13.1/lib/python3.9/site-packages/airflow/example_dags/example_sla_dag.py
[2024-12-07T03:37:44.688-0300] {processor.py:925} INFO - DAG(s) 'example_sla_dag' retrieved from /home/crisu/miniconda3/envs/lab13.1/lib/python3.9/site-packages/airflow/example_dags/example_sla_dag.py
[2024-12-07T03:37:44.702-0300] {logging_mixin.py:190} INFO - [2024-12-07T03:37:44.702-0300] {dag.py:3239} INFO - Sync 1 DAGs
[2024-12-07T03:37:44.724-0300] {logging_mixin.py:190} INFO - [2024-12-07T03:37:44.724-0300] {dag.py:4180} INFO - Setting next_dagrun for example_sla_dag to 2024-12-07 06:34:00+00:00, run_after=2024-12-07 06:36:00+00:00
[2024-12-07T03:37:44.786-0300] {processor.py:208} INFO - Processing /home/crisu/miniconda3/envs/lab13.1/lib/python3.9/site-packages/airflow/example_dags/example_sla_dag.py took 0.114 seconds
[2024-12-07T03:39:00.882-0300] {processor.py:186} INFO - Started process (PID=45110) to work on /home/crisu/miniconda3/envs/lab13.1/lib/python3.9/site-packages/airflow/example_dags/example_sla_dag.py
[2024-12-07T03:39:00.888-0300] {processor.py:914} INFO - Processing file /home/crisu/miniconda3/envs/lab13.1/lib/python3.9/site-packages/airflow/example_dags/example_sla_dag.py for tasks to queue
[2024-12-07T03:39:00.890-0300] {logging_mixin.py:190} INFO - [2024-12-07T03:39:00.889-0300] {dagbag.py:588} INFO - Filling up the DagBag from /home/crisu/miniconda3/envs/lab13.1/lib/python3.9/site-packages/airflow/example_dags/example_sla_dag.py
[2024-12-07T03:39:00.897-0300] {processor.py:925} INFO - DAG(s) 'example_sla_dag' retrieved from /home/crisu/miniconda3/envs/lab13.1/lib/python3.9/site-packages/airflow/example_dags/example_sla_dag.py
[2024-12-07T03:39:00.910-0300] {logging_mixin.py:190} INFO - [2024-12-07T03:39:00.910-0300] {dag.py:3239} INFO - Sync 1 DAGs
[2024-12-07T03:39:00.928-0300] {logging_mixin.py:190} INFO - [2024-12-07T03:39:00.928-0300] {dag.py:4180} INFO - Setting next_dagrun for example_sla_dag to 2024-12-07 06:36:00+00:00, run_after=2024-12-07 06:38:00+00:00
[2024-12-07T03:39:00.993-0300] {processor.py:208} INFO - Processing /home/crisu/miniconda3/envs/lab13.1/lib/python3.9/site-packages/airflow/example_dags/example_sla_dag.py took 0.116 seconds
[2024-12-07T03:40:17.912-0300] {processor.py:186} INFO - Started process (PID=45259) to work on /home/crisu/miniconda3/envs/lab13.1/lib/python3.9/site-packages/airflow/example_dags/example_sla_dag.py
[2024-12-07T03:40:17.919-0300] {processor.py:914} INFO - Processing file /home/crisu/miniconda3/envs/lab13.1/lib/python3.9/site-packages/airflow/example_dags/example_sla_dag.py for tasks to queue
[2024-12-07T03:40:17.920-0300] {logging_mixin.py:190} INFO - [2024-12-07T03:40:17.919-0300] {dagbag.py:588} INFO - Filling up the DagBag from /home/crisu/miniconda3/envs/lab13.1/lib/python3.9/site-packages/airflow/example_dags/example_sla_dag.py
[2024-12-07T03:40:17.928-0300] {processor.py:925} INFO - DAG(s) 'example_sla_dag' retrieved from /home/crisu/miniconda3/envs/lab13.1/lib/python3.9/site-packages/airflow/example_dags/example_sla_dag.py
[2024-12-07T03:40:17.940-0300] {logging_mixin.py:190} INFO - [2024-12-07T03:40:17.940-0300] {dag.py:3239} INFO - Sync 1 DAGs
[2024-12-07T03:40:17.957-0300] {logging_mixin.py:190} INFO - [2024-12-07T03:40:17.957-0300] {dag.py:4180} INFO - Setting next_dagrun for example_sla_dag to 2024-12-07 06:38:00+00:00, run_after=2024-12-07 06:40:00+00:00
[2024-12-07T03:40:18.020-0300] {processor.py:208} INFO - Processing /home/crisu/miniconda3/envs/lab13.1/lib/python3.9/site-packages/airflow/example_dags/example_sla_dag.py took 0.113 seconds
[2024-12-07T03:44:02.440-0300] {processor.py:186} INFO - Started process (PID=45841) to work on /home/crisu/miniconda3/envs/lab13.1/lib/python3.9/site-packages/airflow/example_dags/example_sla_dag.py
[2024-12-07T03:44:02.463-0300] {processor.py:914} INFO - Processing file /home/crisu/miniconda3/envs/lab13.1/lib/python3.9/site-packages/airflow/example_dags/example_sla_dag.py for tasks to queue
[2024-12-07T03:44:02.465-0300] {logging_mixin.py:190} INFO - [2024-12-07T03:44:02.465-0300] {dagbag.py:588} INFO - Filling up the DagBag from /home/crisu/miniconda3/envs/lab13.1/lib/python3.9/site-packages/airflow/example_dags/example_sla_dag.py
[2024-12-07T03:44:02.474-0300] {processor.py:925} INFO - DAG(s) 'example_sla_dag' retrieved from /home/crisu/miniconda3/envs/lab13.1/lib/python3.9/site-packages/airflow/example_dags/example_sla_dag.py
[2024-12-07T03:44:02.489-0300] {logging_mixin.py:190} INFO - [2024-12-07T03:44:02.488-0300] {dag.py:3239} INFO - Sync 1 DAGs
[2024-12-07T03:44:02.509-0300] {logging_mixin.py:190} INFO - [2024-12-07T03:44:02.509-0300] {dag.py:4180} INFO - Setting next_dagrun for example_sla_dag to 2024-12-07 06:42:00+00:00, run_after=2024-12-07 06:44:00+00:00
[2024-12-07T03:44:02.581-0300] {processor.py:208} INFO - Processing /home/crisu/miniconda3/envs/lab13.1/lib/python3.9/site-packages/airflow/example_dags/example_sla_dag.py took 0.146 seconds
[2024-12-07T03:48:10.439-0300] {processor.py:186} INFO - Started process (PID=46638) to work on /home/crisu/miniconda3/envs/lab13.1/lib/python3.9/site-packages/airflow/example_dags/example_sla_dag.py
[2024-12-07T03:48:10.463-0300] {processor.py:914} INFO - Processing file /home/crisu/miniconda3/envs/lab13.1/lib/python3.9/site-packages/airflow/example_dags/example_sla_dag.py for tasks to queue
[2024-12-07T03:48:10.465-0300] {logging_mixin.py:190} INFO - [2024-12-07T03:48:10.465-0300] {dagbag.py:588} INFO - Filling up the DagBag from /home/crisu/miniconda3/envs/lab13.1/lib/python3.9/site-packages/airflow/example_dags/example_sla_dag.py
[2024-12-07T03:48:10.475-0300] {processor.py:925} INFO - DAG(s) 'example_sla_dag' retrieved from /home/crisu/miniconda3/envs/lab13.1/lib/python3.9/site-packages/airflow/example_dags/example_sla_dag.py
[2024-12-07T03:48:10.488-0300] {logging_mixin.py:190} INFO - [2024-12-07T03:48:10.487-0300] {dag.py:3239} INFO - Sync 1 DAGs
[2024-12-07T03:48:10.508-0300] {logging_mixin.py:190} INFO - [2024-12-07T03:48:10.508-0300] {dag.py:4180} INFO - Setting next_dagrun for example_sla_dag to 2024-12-07 06:46:00+00:00, run_after=2024-12-07 06:48:00+00:00
[2024-12-07T03:48:10.971-0300] {processor.py:208} INFO - Processing /home/crisu/miniconda3/envs/lab13.1/lib/python3.9/site-packages/airflow/example_dags/example_sla_dag.py took 0.537 seconds
[2024-12-07T03:50:15.865-0300] {processor.py:186} INFO - Started process (PID=46923) to work on /home/crisu/miniconda3/envs/lab13.1/lib/python3.9/site-packages/airflow/example_dags/example_sla_dag.py
[2024-12-07T03:50:16.080-0300] {processor.py:914} INFO - Processing file /home/crisu/miniconda3/envs/lab13.1/lib/python3.9/site-packages/airflow/example_dags/example_sla_dag.py for tasks to queue
[2024-12-07T03:50:16.082-0300] {logging_mixin.py:190} INFO - [2024-12-07T03:50:16.081-0300] {dagbag.py:588} INFO - Filling up the DagBag from /home/crisu/miniconda3/envs/lab13.1/lib/python3.9/site-packages/airflow/example_dags/example_sla_dag.py
[2024-12-07T03:50:16.092-0300] {processor.py:925} INFO - DAG(s) 'example_sla_dag' retrieved from /home/crisu/miniconda3/envs/lab13.1/lib/python3.9/site-packages/airflow/example_dags/example_sla_dag.py
[2024-12-07T03:50:16.105-0300] {logging_mixin.py:190} INFO - [2024-12-07T03:50:16.105-0300] {dag.py:3239} INFO - Sync 1 DAGs
[2024-12-07T03:50:16.128-0300] {logging_mixin.py:190} INFO - [2024-12-07T03:50:16.128-0300] {dag.py:4180} INFO - Setting next_dagrun for example_sla_dag to 2024-12-07 06:48:00+00:00, run_after=2024-12-07 06:50:00+00:00
[2024-12-07T03:50:17.209-0300] {processor.py:208} INFO - Processing /home/crisu/miniconda3/envs/lab13.1/lib/python3.9/site-packages/airflow/example_dags/example_sla_dag.py took 1.349 seconds
[2024-12-07T03:51:33.029-0300] {processor.py:186} INFO - Started process (PID=47000) to work on /home/crisu/miniconda3/envs/lab13.1/lib/python3.9/site-packages/airflow/example_dags/example_sla_dag.py
[2024-12-07T03:51:33.038-0300] {processor.py:914} INFO - Processing file /home/crisu/miniconda3/envs/lab13.1/lib/python3.9/site-packages/airflow/example_dags/example_sla_dag.py for tasks to queue
[2024-12-07T03:51:33.041-0300] {logging_mixin.py:190} INFO - [2024-12-07T03:51:33.041-0300] {dagbag.py:588} INFO - Filling up the DagBag from /home/crisu/miniconda3/envs/lab13.1/lib/python3.9/site-packages/airflow/example_dags/example_sla_dag.py
[2024-12-07T03:51:33.057-0300] {processor.py:925} INFO - DAG(s) 'example_sla_dag' retrieved from /home/crisu/miniconda3/envs/lab13.1/lib/python3.9/site-packages/airflow/example_dags/example_sla_dag.py
[2024-12-07T03:51:33.073-0300] {logging_mixin.py:190} INFO - [2024-12-07T03:51:33.073-0300] {dag.py:3239} INFO - Sync 1 DAGs
[2024-12-07T03:51:33.096-0300] {logging_mixin.py:190} INFO - [2024-12-07T03:51:33.096-0300] {dag.py:4180} INFO - Setting next_dagrun for example_sla_dag to 2024-12-07 06:48:00+00:00, run_after=2024-12-07 06:50:00+00:00
[2024-12-07T03:51:33.161-0300] {processor.py:208} INFO - Processing /home/crisu/miniconda3/envs/lab13.1/lib/python3.9/site-packages/airflow/example_dags/example_sla_dag.py took 0.139 seconds
[2024-12-07T03:52:55.125-0300] {processor.py:186} INFO - Started process (PID=47156) to work on /home/crisu/miniconda3/envs/lab13.1/lib/python3.9/site-packages/airflow/example_dags/example_sla_dag.py
[2024-12-07T03:52:55.138-0300] {processor.py:914} INFO - Processing file /home/crisu/miniconda3/envs/lab13.1/lib/python3.9/site-packages/airflow/example_dags/example_sla_dag.py for tasks to queue
[2024-12-07T03:52:55.140-0300] {logging_mixin.py:190} INFO - [2024-12-07T03:52:55.140-0300] {dagbag.py:588} INFO - Filling up the DagBag from /home/crisu/miniconda3/envs/lab13.1/lib/python3.9/site-packages/airflow/example_dags/example_sla_dag.py
[2024-12-07T03:52:55.149-0300] {processor.py:925} INFO - DAG(s) 'example_sla_dag' retrieved from /home/crisu/miniconda3/envs/lab13.1/lib/python3.9/site-packages/airflow/example_dags/example_sla_dag.py
[2024-12-07T03:52:55.161-0300] {logging_mixin.py:190} INFO - [2024-12-07T03:52:55.161-0300] {dag.py:3239} INFO - Sync 1 DAGs
[2024-12-07T03:52:55.181-0300] {logging_mixin.py:190} INFO - [2024-12-07T03:52:55.180-0300] {dag.py:4180} INFO - Setting next_dagrun for example_sla_dag to 2024-12-07 06:50:00+00:00, run_after=2024-12-07 06:52:00+00:00
[2024-12-07T03:52:55.242-0300] {processor.py:208} INFO - Processing /home/crisu/miniconda3/envs/lab13.1/lib/python3.9/site-packages/airflow/example_dags/example_sla_dag.py took 0.123 seconds
[2024-12-07T03:54:14.204-0300] {processor.py:186} INFO - Started process (PID=47306) to work on /home/crisu/miniconda3/envs/lab13.1/lib/python3.9/site-packages/airflow/example_dags/example_sla_dag.py
[2024-12-07T03:54:14.233-0300] {processor.py:914} INFO - Processing file /home/crisu/miniconda3/envs/lab13.1/lib/python3.9/site-packages/airflow/example_dags/example_sla_dag.py for tasks to queue
[2024-12-07T03:54:14.235-0300] {logging_mixin.py:190} INFO - [2024-12-07T03:54:14.235-0300] {dagbag.py:588} INFO - Filling up the DagBag from /home/crisu/miniconda3/envs/lab13.1/lib/python3.9/site-packages/airflow/example_dags/example_sla_dag.py
[2024-12-07T03:54:14.244-0300] {processor.py:925} INFO - DAG(s) 'example_sla_dag' retrieved from /home/crisu/miniconda3/envs/lab13.1/lib/python3.9/site-packages/airflow/example_dags/example_sla_dag.py
[2024-12-07T03:54:14.258-0300] {logging_mixin.py:190} INFO - [2024-12-07T03:54:14.258-0300] {dag.py:3239} INFO - Sync 1 DAGs
[2024-12-07T03:54:14.277-0300] {logging_mixin.py:190} INFO - [2024-12-07T03:54:14.277-0300] {dag.py:4180} INFO - Setting next_dagrun for example_sla_dag to 2024-12-07 06:52:00+00:00, run_after=2024-12-07 06:54:00+00:00
[2024-12-07T03:54:14.354-0300] {processor.py:208} INFO - Processing /home/crisu/miniconda3/envs/lab13.1/lib/python3.9/site-packages/airflow/example_dags/example_sla_dag.py took 0.156 seconds
[2024-12-07T03:56:15.324-0300] {processor.py:186} INFO - Started process (PID=47554) to work on /home/crisu/miniconda3/envs/lab13.1/lib/python3.9/site-packages/airflow/example_dags/example_sla_dag.py
[2024-12-07T03:56:15.348-0300] {processor.py:914} INFO - Processing file /home/crisu/miniconda3/envs/lab13.1/lib/python3.9/site-packages/airflow/example_dags/example_sla_dag.py for tasks to queue
[2024-12-07T03:56:15.350-0300] {logging_mixin.py:190} INFO - [2024-12-07T03:56:15.350-0300] {dagbag.py:588} INFO - Filling up the DagBag from /home/crisu/miniconda3/envs/lab13.1/lib/python3.9/site-packages/airflow/example_dags/example_sla_dag.py
[2024-12-07T03:56:15.360-0300] {processor.py:925} INFO - DAG(s) 'example_sla_dag' retrieved from /home/crisu/miniconda3/envs/lab13.1/lib/python3.9/site-packages/airflow/example_dags/example_sla_dag.py
[2024-12-07T03:56:15.373-0300] {logging_mixin.py:190} INFO - [2024-12-07T03:56:15.373-0300] {dag.py:3239} INFO - Sync 1 DAGs
[2024-12-07T03:56:15.396-0300] {logging_mixin.py:190} INFO - [2024-12-07T03:56:15.396-0300] {dag.py:4180} INFO - Setting next_dagrun for example_sla_dag to 2024-12-07 06:54:00+00:00, run_after=2024-12-07 06:56:00+00:00
[2024-12-07T03:56:15.469-0300] {processor.py:208} INFO - Processing /home/crisu/miniconda3/envs/lab13.1/lib/python3.9/site-packages/airflow/example_dags/example_sla_dag.py took 0.151 seconds
[2024-12-07T03:57:33.959-0300] {processor.py:186} INFO - Started process (PID=47691) to work on /home/crisu/miniconda3/envs/lab13.1/lib/python3.9/site-packages/airflow/example_dags/example_sla_dag.py
[2024-12-07T03:57:33.969-0300] {processor.py:914} INFO - Processing file /home/crisu/miniconda3/envs/lab13.1/lib/python3.9/site-packages/airflow/example_dags/example_sla_dag.py for tasks to queue
[2024-12-07T03:57:33.972-0300] {logging_mixin.py:190} INFO - [2024-12-07T03:57:33.971-0300] {dagbag.py:588} INFO - Filling up the DagBag from /home/crisu/miniconda3/envs/lab13.1/lib/python3.9/site-packages/airflow/example_dags/example_sla_dag.py
[2024-12-07T03:57:33.983-0300] {processor.py:925} INFO - DAG(s) 'example_sla_dag' retrieved from /home/crisu/miniconda3/envs/lab13.1/lib/python3.9/site-packages/airflow/example_dags/example_sla_dag.py
[2024-12-07T03:57:33.996-0300] {logging_mixin.py:190} INFO - [2024-12-07T03:57:33.996-0300] {dag.py:3239} INFO - Sync 1 DAGs
[2024-12-07T03:57:34.018-0300] {logging_mixin.py:190} INFO - [2024-12-07T03:57:34.018-0300] {dag.py:4180} INFO - Setting next_dagrun for example_sla_dag to 2024-12-07 06:54:00+00:00, run_after=2024-12-07 06:56:00+00:00
[2024-12-07T03:57:34.072-0300] {processor.py:208} INFO - Processing /home/crisu/miniconda3/envs/lab13.1/lib/python3.9/site-packages/airflow/example_dags/example_sla_dag.py took 0.118 seconds
[2024-12-07T03:59:26.429-0300] {processor.py:186} INFO - Started process (PID=47954) to work on /home/crisu/miniconda3/envs/lab13.1/lib/python3.9/site-packages/airflow/example_dags/example_sla_dag.py
[2024-12-07T03:59:26.525-0300] {processor.py:914} INFO - Processing file /home/crisu/miniconda3/envs/lab13.1/lib/python3.9/site-packages/airflow/example_dags/example_sla_dag.py for tasks to queue
[2024-12-07T03:59:26.528-0300] {logging_mixin.py:190} INFO - [2024-12-07T03:59:26.528-0300] {dagbag.py:588} INFO - Filling up the DagBag from /home/crisu/miniconda3/envs/lab13.1/lib/python3.9/site-packages/airflow/example_dags/example_sla_dag.py
[2024-12-07T03:59:26.541-0300] {processor.py:925} INFO - DAG(s) 'example_sla_dag' retrieved from /home/crisu/miniconda3/envs/lab13.1/lib/python3.9/site-packages/airflow/example_dags/example_sla_dag.py
[2024-12-07T03:59:26.561-0300] {logging_mixin.py:190} INFO - [2024-12-07T03:59:26.561-0300] {dag.py:3239} INFO - Sync 1 DAGs
[2024-12-07T03:59:26.588-0300] {logging_mixin.py:190} INFO - [2024-12-07T03:59:26.588-0300] {dag.py:4180} INFO - Setting next_dagrun for example_sla_dag to 2024-12-07 06:56:00+00:00, run_after=2024-12-07 06:58:00+00:00
[2024-12-07T03:59:26.920-0300] {processor.py:208} INFO - Processing /home/crisu/miniconda3/envs/lab13.1/lib/python3.9/site-packages/airflow/example_dags/example_sla_dag.py took 0.497 seconds
[2024-12-07T04:00:43.314-0300] {processor.py:186} INFO - Started process (PID=48103) to work on /home/crisu/miniconda3/envs/lab13.1/lib/python3.9/site-packages/airflow/example_dags/example_sla_dag.py
[2024-12-07T04:00:43.324-0300] {processor.py:914} INFO - Processing file /home/crisu/miniconda3/envs/lab13.1/lib/python3.9/site-packages/airflow/example_dags/example_sla_dag.py for tasks to queue
[2024-12-07T04:00:43.327-0300] {logging_mixin.py:190} INFO - [2024-12-07T04:00:43.327-0300] {dagbag.py:588} INFO - Filling up the DagBag from /home/crisu/miniconda3/envs/lab13.1/lib/python3.9/site-packages/airflow/example_dags/example_sla_dag.py
[2024-12-07T04:00:43.337-0300] {processor.py:925} INFO - DAG(s) 'example_sla_dag' retrieved from /home/crisu/miniconda3/envs/lab13.1/lib/python3.9/site-packages/airflow/example_dags/example_sla_dag.py
[2024-12-07T04:00:43.350-0300] {logging_mixin.py:190} INFO - [2024-12-07T04:00:43.350-0300] {dag.py:3239} INFO - Sync 1 DAGs
[2024-12-07T04:00:43.371-0300] {logging_mixin.py:190} INFO - [2024-12-07T04:00:43.371-0300] {dag.py:4180} INFO - Setting next_dagrun for example_sla_dag to 2024-12-07 06:58:00+00:00, run_after=2024-12-07 07:00:00+00:00
[2024-12-07T04:00:43.436-0300] {processor.py:208} INFO - Processing /home/crisu/miniconda3/envs/lab13.1/lib/python3.9/site-packages/airflow/example_dags/example_sla_dag.py took 0.127 seconds
[2024-12-07T04:07:26.509-0300] {processor.py:186} INFO - Started process (PID=49137) to work on /home/crisu/miniconda3/envs/lab13.1/lib/python3.9/site-packages/airflow/example_dags/example_sla_dag.py
[2024-12-07T04:07:26.568-0300] {processor.py:914} INFO - Processing file /home/crisu/miniconda3/envs/lab13.1/lib/python3.9/site-packages/airflow/example_dags/example_sla_dag.py for tasks to queue
[2024-12-07T04:07:26.570-0300] {logging_mixin.py:190} INFO - [2024-12-07T04:07:26.569-0300] {dagbag.py:588} INFO - Filling up the DagBag from /home/crisu/miniconda3/envs/lab13.1/lib/python3.9/site-packages/airflow/example_dags/example_sla_dag.py
[2024-12-07T04:07:26.584-0300] {processor.py:925} INFO - DAG(s) 'example_sla_dag' retrieved from /home/crisu/miniconda3/envs/lab13.1/lib/python3.9/site-packages/airflow/example_dags/example_sla_dag.py
[2024-12-07T04:07:26.606-0300] {logging_mixin.py:190} INFO - [2024-12-07T04:07:26.605-0300] {dag.py:3239} INFO - Sync 1 DAGs
[2024-12-07T04:07:26.634-0300] {logging_mixin.py:190} INFO - [2024-12-07T04:07:26.634-0300] {dag.py:4180} INFO - Setting next_dagrun for example_sla_dag to 2024-12-07 07:04:00+00:00, run_after=2024-12-07 07:06:00+00:00
[2024-12-07T04:07:28.029-0300] {processor.py:208} INFO - Processing /home/crisu/miniconda3/envs/lab13.1/lib/python3.9/site-packages/airflow/example_dags/example_sla_dag.py took 1.528 seconds
[2024-12-07T04:08:54.856-0300] {processor.py:186} INFO - Started process (PID=49380) to work on /home/crisu/miniconda3/envs/lab13.1/lib/python3.9/site-packages/airflow/example_dags/example_sla_dag.py
[2024-12-07T04:08:54.894-0300] {processor.py:914} INFO - Processing file /home/crisu/miniconda3/envs/lab13.1/lib/python3.9/site-packages/airflow/example_dags/example_sla_dag.py for tasks to queue
[2024-12-07T04:08:54.896-0300] {logging_mixin.py:190} INFO - [2024-12-07T04:08:54.895-0300] {dagbag.py:588} INFO - Filling up the DagBag from /home/crisu/miniconda3/envs/lab13.1/lib/python3.9/site-packages/airflow/example_dags/example_sla_dag.py
[2024-12-07T04:08:54.903-0300] {processor.py:925} INFO - DAG(s) 'example_sla_dag' retrieved from /home/crisu/miniconda3/envs/lab13.1/lib/python3.9/site-packages/airflow/example_dags/example_sla_dag.py
[2024-12-07T04:08:54.919-0300] {logging_mixin.py:190} INFO - [2024-12-07T04:08:54.919-0300] {dag.py:3239} INFO - Sync 1 DAGs
[2024-12-07T04:08:54.942-0300] {logging_mixin.py:190} INFO - [2024-12-07T04:08:54.941-0300] {dag.py:4180} INFO - Setting next_dagrun for example_sla_dag to 2024-12-07 07:06:00+00:00, run_after=2024-12-07 07:08:00+00:00
[2024-12-07T04:08:56.077-0300] {processor.py:208} INFO - Processing /home/crisu/miniconda3/envs/lab13.1/lib/python3.9/site-packages/airflow/example_dags/example_sla_dag.py took 1.228 seconds
[2024-12-07T04:11:03.751-0300] {processor.py:186} INFO - Started process (PID=49565) to work on /home/crisu/miniconda3/envs/lab13.1/lib/python3.9/site-packages/airflow/example_dags/example_sla_dag.py
[2024-12-07T04:11:03.937-0300] {processor.py:914} INFO - Processing file /home/crisu/miniconda3/envs/lab13.1/lib/python3.9/site-packages/airflow/example_dags/example_sla_dag.py for tasks to queue
[2024-12-07T04:11:03.938-0300] {logging_mixin.py:190} INFO - [2024-12-07T04:11:03.938-0300] {dagbag.py:588} INFO - Filling up the DagBag from /home/crisu/miniconda3/envs/lab13.1/lib/python3.9/site-packages/airflow/example_dags/example_sla_dag.py
[2024-12-07T04:11:03.946-0300] {processor.py:925} INFO - DAG(s) 'example_sla_dag' retrieved from /home/crisu/miniconda3/envs/lab13.1/lib/python3.9/site-packages/airflow/example_dags/example_sla_dag.py
[2024-12-07T04:11:03.959-0300] {logging_mixin.py:190} INFO - [2024-12-07T04:11:03.959-0300] {dag.py:3239} INFO - Sync 1 DAGs
[2024-12-07T04:11:03.978-0300] {logging_mixin.py:190} INFO - [2024-12-07T04:11:03.978-0300] {dag.py:4180} INFO - Setting next_dagrun for example_sla_dag to 2024-12-07 07:08:00+00:00, run_after=2024-12-07 07:10:00+00:00
[2024-12-07T04:11:05.711-0300] {processor.py:208} INFO - Processing /home/crisu/miniconda3/envs/lab13.1/lib/python3.9/site-packages/airflow/example_dags/example_sla_dag.py took 1.968 seconds
[2024-12-07T04:12:44.189-0300] {processor.py:186} INFO - Started process (PID=49717) to work on /home/crisu/miniconda3/envs/lab13.1/lib/python3.9/site-packages/airflow/example_dags/example_sla_dag.py
[2024-12-07T04:12:44.202-0300] {processor.py:914} INFO - Processing file /home/crisu/miniconda3/envs/lab13.1/lib/python3.9/site-packages/airflow/example_dags/example_sla_dag.py for tasks to queue
[2024-12-07T04:12:44.204-0300] {logging_mixin.py:190} INFO - [2024-12-07T04:12:44.203-0300] {dagbag.py:588} INFO - Filling up the DagBag from /home/crisu/miniconda3/envs/lab13.1/lib/python3.9/site-packages/airflow/example_dags/example_sla_dag.py
[2024-12-07T04:12:44.211-0300] {processor.py:925} INFO - DAG(s) 'example_sla_dag' retrieved from /home/crisu/miniconda3/envs/lab13.1/lib/python3.9/site-packages/airflow/example_dags/example_sla_dag.py
[2024-12-07T04:12:44.224-0300] {logging_mixin.py:190} INFO - [2024-12-07T04:12:44.224-0300] {dag.py:3239} INFO - Sync 1 DAGs
[2024-12-07T04:12:44.242-0300] {logging_mixin.py:190} INFO - [2024-12-07T04:12:44.242-0300] {dag.py:4180} INFO - Setting next_dagrun for example_sla_dag to 2024-12-07 07:10:00+00:00, run_after=2024-12-07 07:12:00+00:00
[2024-12-07T04:12:44.396-0300] {processor.py:208} INFO - Processing /home/crisu/miniconda3/envs/lab13.1/lib/python3.9/site-packages/airflow/example_dags/example_sla_dag.py took 0.213 seconds
[2024-12-07T04:14:01.179-0300] {processor.py:186} INFO - Started process (PID=49871) to work on /home/crisu/miniconda3/envs/lab13.1/lib/python3.9/site-packages/airflow/example_dags/example_sla_dag.py
[2024-12-07T04:14:01.185-0300] {processor.py:914} INFO - Processing file /home/crisu/miniconda3/envs/lab13.1/lib/python3.9/site-packages/airflow/example_dags/example_sla_dag.py for tasks to queue
[2024-12-07T04:14:01.186-0300] {logging_mixin.py:190} INFO - [2024-12-07T04:14:01.186-0300] {dagbag.py:588} INFO - Filling up the DagBag from /home/crisu/miniconda3/envs/lab13.1/lib/python3.9/site-packages/airflow/example_dags/example_sla_dag.py
[2024-12-07T04:14:01.193-0300] {processor.py:925} INFO - DAG(s) 'example_sla_dag' retrieved from /home/crisu/miniconda3/envs/lab13.1/lib/python3.9/site-packages/airflow/example_dags/example_sla_dag.py
[2024-12-07T04:14:01.206-0300] {logging_mixin.py:190} INFO - [2024-12-07T04:14:01.206-0300] {dag.py:3239} INFO - Sync 1 DAGs
[2024-12-07T04:14:01.224-0300] {logging_mixin.py:190} INFO - [2024-12-07T04:14:01.224-0300] {dag.py:4180} INFO - Setting next_dagrun for example_sla_dag to 2024-12-07 07:12:00+00:00, run_after=2024-12-07 07:14:00+00:00
[2024-12-07T04:14:01.288-0300] {processor.py:208} INFO - Processing /home/crisu/miniconda3/envs/lab13.1/lib/python3.9/site-packages/airflow/example_dags/example_sla_dag.py took 0.113 seconds
[2024-12-07T04:15:18.746-0300] {processor.py:186} INFO - Started process (PID=50002) to work on /home/crisu/miniconda3/envs/lab13.1/lib/python3.9/site-packages/airflow/example_dags/example_sla_dag.py
[2024-12-07T04:15:18.766-0300] {processor.py:914} INFO - Processing file /home/crisu/miniconda3/envs/lab13.1/lib/python3.9/site-packages/airflow/example_dags/example_sla_dag.py for tasks to queue
[2024-12-07T04:15:18.767-0300] {logging_mixin.py:190} INFO - [2024-12-07T04:15:18.767-0300] {dagbag.py:588} INFO - Filling up the DagBag from /home/crisu/miniconda3/envs/lab13.1/lib/python3.9/site-packages/airflow/example_dags/example_sla_dag.py
[2024-12-07T04:15:18.774-0300] {processor.py:925} INFO - DAG(s) 'example_sla_dag' retrieved from /home/crisu/miniconda3/envs/lab13.1/lib/python3.9/site-packages/airflow/example_dags/example_sla_dag.py
[2024-12-07T04:15:18.787-0300] {logging_mixin.py:190} INFO - [2024-12-07T04:15:18.786-0300] {dag.py:3239} INFO - Sync 1 DAGs
[2024-12-07T04:15:18.805-0300] {logging_mixin.py:190} INFO - [2024-12-07T04:15:18.805-0300] {dag.py:4180} INFO - Setting next_dagrun for example_sla_dag to 2024-12-07 07:12:00+00:00, run_after=2024-12-07 07:14:00+00:00
[2024-12-07T04:15:18.861-0300] {processor.py:208} INFO - Processing /home/crisu/miniconda3/envs/lab13.1/lib/python3.9/site-packages/airflow/example_dags/example_sla_dag.py took 0.121 seconds
