[2024-12-07T01:48:04.835-0300] {processor.py:186} INFO - Started process (PID=33517) to work on /home/crisu/miniconda3/envs/lab13.1/lib/python3.9/site-packages/airflow/example_dags/tutorial_taskflow_templates.py
[2024-12-07T01:48:04.836-0300] {processor.py:914} INFO - Processing file /home/crisu/miniconda3/envs/lab13.1/lib/python3.9/site-packages/airflow/example_dags/tutorial_taskflow_templates.py for tasks to queue
[2024-12-07T01:48:04.838-0300] {logging_mixin.py:190} INFO - [2024-12-07T01:48:04.837-0300] {dagbag.py:588} INFO - Filling up the DagBag from /home/crisu/miniconda3/envs/lab13.1/lib/python3.9/site-packages/airflow/example_dags/tutorial_taskflow_templates.py
[2024-12-07T01:48:04.851-0300] {processor.py:925} INFO - DAG(s) 'tutorial_taskflow_templates' retrieved from /home/crisu/miniconda3/envs/lab13.1/lib/python3.9/site-packages/airflow/example_dags/tutorial_taskflow_templates.py
[2024-12-07T01:48:05.032-0300] {logging_mixin.py:190} INFO - [2024-12-07T01:48:05.030-0300] {override.py:1911} INFO - Created Permission View: can delete on DAG:tutorial_taskflow_templates
[2024-12-07T01:48:05.189-0300] {logging_mixin.py:190} INFO - [2024-12-07T01:48:05.188-0300] {override.py:1911} INFO - Created Permission View: can edit on DAG:tutorial_taskflow_templates
[2024-12-07T01:48:05.235-0300] {logging_mixin.py:190} INFO - [2024-12-07T01:48:05.234-0300] {override.py:1911} INFO - Created Permission View: can read on DAG:tutorial_taskflow_templates
[2024-12-07T01:48:05.325-0300] {logging_mixin.py:190} INFO - [2024-12-07T01:48:05.324-0300] {override.py:1911} INFO - Created Permission View: can delete on DAG Run:tutorial_taskflow_templates
[2024-12-07T01:48:05.370-0300] {logging_mixin.py:190} INFO - [2024-12-07T01:48:05.370-0300] {override.py:1911} INFO - Created Permission View: can create on DAG Run:tutorial_taskflow_templates
[2024-12-07T01:48:05.416-0300] {logging_mixin.py:190} INFO - [2024-12-07T01:48:05.415-0300] {override.py:1911} INFO - Created Permission View: menu access on DAG Run:tutorial_taskflow_templates
[2024-12-07T01:48:05.461-0300] {logging_mixin.py:190} INFO - [2024-12-07T01:48:05.461-0300] {override.py:1911} INFO - Created Permission View: can read on DAG Run:tutorial_taskflow_templates
[2024-12-07T01:48:05.461-0300] {logging_mixin.py:190} INFO - [2024-12-07T01:48:05.461-0300] {dag.py:3239} INFO - Sync 1 DAGs
[2024-12-07T01:48:05.472-0300] {logging_mixin.py:190} INFO - [2024-12-07T01:48:05.471-0300] {dag.py:3262} INFO - Creating ORM DAG for tutorial_taskflow_templates
[2024-12-07T01:48:05.481-0300] {logging_mixin.py:190} INFO - [2024-12-07T01:48:05.480-0300] {dag.py:4180} INFO - Setting next_dagrun for tutorial_taskflow_templates to 2024-12-06 00:00:00+00:00, run_after=2024-12-07 00:00:00+00:00
[2024-12-07T01:48:05.547-0300] {processor.py:208} INFO - Processing /home/crisu/miniconda3/envs/lab13.1/lib/python3.9/site-packages/airflow/example_dags/tutorial_taskflow_templates.py took 0.719 seconds
[2024-12-07T01:50:37.564-0300] {processor.py:186} INFO - Started process (PID=33776) to work on /home/crisu/miniconda3/envs/lab13.1/lib/python3.9/site-packages/airflow/example_dags/tutorial_taskflow_templates.py
[2024-12-07T01:50:37.576-0300] {processor.py:914} INFO - Processing file /home/crisu/miniconda3/envs/lab13.1/lib/python3.9/site-packages/airflow/example_dags/tutorial_taskflow_templates.py for tasks to queue
[2024-12-07T01:50:37.578-0300] {logging_mixin.py:190} INFO - [2024-12-07T01:50:37.578-0300] {dagbag.py:588} INFO - Filling up the DagBag from /home/crisu/miniconda3/envs/lab13.1/lib/python3.9/site-packages/airflow/example_dags/tutorial_taskflow_templates.py
[2024-12-07T01:50:37.591-0300] {processor.py:925} INFO - DAG(s) 'tutorial_taskflow_templates' retrieved from /home/crisu/miniconda3/envs/lab13.1/lib/python3.9/site-packages/airflow/example_dags/tutorial_taskflow_templates.py
[2024-12-07T01:50:37.612-0300] {logging_mixin.py:190} INFO - [2024-12-07T01:50:37.611-0300] {dag.py:3239} INFO - Sync 1 DAGs
[2024-12-07T01:50:37.631-0300] {logging_mixin.py:190} INFO - [2024-12-07T01:50:37.631-0300] {dag.py:4180} INFO - Setting next_dagrun for tutorial_taskflow_templates to 2024-12-06 00:00:00+00:00, run_after=2024-12-07 00:00:00+00:00
[2024-12-07T01:50:37.694-0300] {processor.py:208} INFO - Processing /home/crisu/miniconda3/envs/lab13.1/lib/python3.9/site-packages/airflow/example_dags/tutorial_taskflow_templates.py took 0.136 seconds
[2024-12-07T01:50:58.813-0300] {processor.py:186} INFO - Started process (PID=33833) to work on /home/crisu/miniconda3/envs/lab13.1/lib/python3.9/site-packages/airflow/example_dags/tutorial_taskflow_templates.py
[2024-12-07T01:50:58.814-0300] {processor.py:914} INFO - Processing file /home/crisu/miniconda3/envs/lab13.1/lib/python3.9/site-packages/airflow/example_dags/tutorial_taskflow_templates.py for tasks to queue
[2024-12-07T01:50:58.816-0300] {logging_mixin.py:190} INFO - [2024-12-07T01:50:58.815-0300] {dagbag.py:588} INFO - Filling up the DagBag from /home/crisu/miniconda3/envs/lab13.1/lib/python3.9/site-packages/airflow/example_dags/tutorial_taskflow_templates.py
[2024-12-07T01:50:58.828-0300] {processor.py:925} INFO - DAG(s) 'tutorial_taskflow_templates' retrieved from /home/crisu/miniconda3/envs/lab13.1/lib/python3.9/site-packages/airflow/example_dags/tutorial_taskflow_templates.py
[2024-12-07T01:50:58.847-0300] {logging_mixin.py:190} INFO - [2024-12-07T01:50:58.847-0300] {dag.py:3239} INFO - Sync 1 DAGs
[2024-12-07T01:50:58.864-0300] {logging_mixin.py:190} INFO - [2024-12-07T01:50:58.864-0300] {dag.py:4180} INFO - Setting next_dagrun for tutorial_taskflow_templates to 2024-12-06 00:00:00+00:00, run_after=2024-12-07 00:00:00+00:00
[2024-12-07T01:50:58.917-0300] {processor.py:208} INFO - Processing /home/crisu/miniconda3/envs/lab13.1/lib/python3.9/site-packages/airflow/example_dags/tutorial_taskflow_templates.py took 0.110 seconds
[2024-12-07T02:07:34.067-0300] {processor.py:186} INFO - Started process (PID=35332) to work on /home/crisu/miniconda3/envs/lab13.1/lib/python3.9/site-packages/airflow/example_dags/tutorial_taskflow_templates.py
[2024-12-07T02:07:34.069-0300] {processor.py:914} INFO - Processing file /home/crisu/miniconda3/envs/lab13.1/lib/python3.9/site-packages/airflow/example_dags/tutorial_taskflow_templates.py for tasks to queue
[2024-12-07T02:07:34.070-0300] {logging_mixin.py:190} INFO - [2024-12-07T02:07:34.070-0300] {dagbag.py:588} INFO - Filling up the DagBag from /home/crisu/miniconda3/envs/lab13.1/lib/python3.9/site-packages/airflow/example_dags/tutorial_taskflow_templates.py
[2024-12-07T02:07:34.082-0300] {processor.py:925} INFO - DAG(s) 'tutorial_taskflow_templates' retrieved from /home/crisu/miniconda3/envs/lab13.1/lib/python3.9/site-packages/airflow/example_dags/tutorial_taskflow_templates.py
[2024-12-07T02:07:34.100-0300] {logging_mixin.py:190} INFO - [2024-12-07T02:07:34.100-0300] {dag.py:3239} INFO - Sync 1 DAGs
[2024-12-07T02:07:34.118-0300] {logging_mixin.py:190} INFO - [2024-12-07T02:07:34.118-0300] {dag.py:4180} INFO - Setting next_dagrun for tutorial_taskflow_templates to 2024-12-06 00:00:00+00:00, run_after=2024-12-07 00:00:00+00:00
[2024-12-07T02:07:34.183-0300] {processor.py:208} INFO - Processing /home/crisu/miniconda3/envs/lab13.1/lib/python3.9/site-packages/airflow/example_dags/tutorial_taskflow_templates.py took 0.121 seconds
[2024-12-07T02:10:53.574-0300] {processor.py:186} INFO - Started process (PID=35826) to work on /home/crisu/miniconda3/envs/lab13.1/lib/python3.9/site-packages/airflow/example_dags/tutorial_taskflow_templates.py
[2024-12-07T02:10:53.642-0300] {processor.py:914} INFO - Processing file /home/crisu/miniconda3/envs/lab13.1/lib/python3.9/site-packages/airflow/example_dags/tutorial_taskflow_templates.py for tasks to queue
[2024-12-07T02:10:53.643-0300] {logging_mixin.py:190} INFO - [2024-12-07T02:10:53.643-0300] {dagbag.py:588} INFO - Filling up the DagBag from /home/crisu/miniconda3/envs/lab13.1/lib/python3.9/site-packages/airflow/example_dags/tutorial_taskflow_templates.py
[2024-12-07T02:10:53.658-0300] {processor.py:925} INFO - DAG(s) 'tutorial_taskflow_templates' retrieved from /home/crisu/miniconda3/envs/lab13.1/lib/python3.9/site-packages/airflow/example_dags/tutorial_taskflow_templates.py
[2024-12-07T02:10:53.674-0300] {logging_mixin.py:190} INFO - [2024-12-07T02:10:53.674-0300] {dag.py:3239} INFO - Sync 1 DAGs
[2024-12-07T02:10:53.695-0300] {logging_mixin.py:190} INFO - [2024-12-07T02:10:53.694-0300] {dag.py:4180} INFO - Setting next_dagrun for tutorial_taskflow_templates to 2024-12-06 00:00:00+00:00, run_after=2024-12-07 00:00:00+00:00
[2024-12-07T02:10:53.774-0300] {processor.py:208} INFO - Processing /home/crisu/miniconda3/envs/lab13.1/lib/python3.9/site-packages/airflow/example_dags/tutorial_taskflow_templates.py took 0.208 seconds
[2024-12-07T02:12:31.828-0300] {processor.py:186} INFO - Started process (PID=35998) to work on /home/crisu/miniconda3/envs/lab13.1/lib/python3.9/site-packages/airflow/example_dags/tutorial_taskflow_templates.py
[2024-12-07T02:12:31.840-0300] {processor.py:914} INFO - Processing file /home/crisu/miniconda3/envs/lab13.1/lib/python3.9/site-packages/airflow/example_dags/tutorial_taskflow_templates.py for tasks to queue
[2024-12-07T02:12:31.841-0300] {logging_mixin.py:190} INFO - [2024-12-07T02:12:31.841-0300] {dagbag.py:588} INFO - Filling up the DagBag from /home/crisu/miniconda3/envs/lab13.1/lib/python3.9/site-packages/airflow/example_dags/tutorial_taskflow_templates.py
[2024-12-07T02:12:31.854-0300] {processor.py:925} INFO - DAG(s) 'tutorial_taskflow_templates' retrieved from /home/crisu/miniconda3/envs/lab13.1/lib/python3.9/site-packages/airflow/example_dags/tutorial_taskflow_templates.py
[2024-12-07T02:12:31.867-0300] {logging_mixin.py:190} INFO - [2024-12-07T02:12:31.867-0300] {dag.py:3239} INFO - Sync 1 DAGs
[2024-12-07T02:12:31.889-0300] {logging_mixin.py:190} INFO - [2024-12-07T02:12:31.889-0300] {dag.py:4180} INFO - Setting next_dagrun for tutorial_taskflow_templates to 2024-12-06 00:00:00+00:00, run_after=2024-12-07 00:00:00+00:00
[2024-12-07T02:12:31.964-0300] {processor.py:208} INFO - Processing /home/crisu/miniconda3/envs/lab13.1/lib/python3.9/site-packages/airflow/example_dags/tutorial_taskflow_templates.py took 0.144 seconds
[2024-12-07T02:13:58.562-0300] {processor.py:186} INFO - Started process (PID=36197) to work on /home/crisu/miniconda3/envs/lab13.1/lib/python3.9/site-packages/airflow/example_dags/tutorial_taskflow_templates.py
[2024-12-07T02:13:58.572-0300] {processor.py:914} INFO - Processing file /home/crisu/miniconda3/envs/lab13.1/lib/python3.9/site-packages/airflow/example_dags/tutorial_taskflow_templates.py for tasks to queue
[2024-12-07T02:13:58.575-0300] {logging_mixin.py:190} INFO - [2024-12-07T02:13:58.575-0300] {dagbag.py:588} INFO - Filling up the DagBag from /home/crisu/miniconda3/envs/lab13.1/lib/python3.9/site-packages/airflow/example_dags/tutorial_taskflow_templates.py
[2024-12-07T02:13:58.588-0300] {processor.py:925} INFO - DAG(s) 'tutorial_taskflow_templates' retrieved from /home/crisu/miniconda3/envs/lab13.1/lib/python3.9/site-packages/airflow/example_dags/tutorial_taskflow_templates.py
[2024-12-07T02:13:58.603-0300] {logging_mixin.py:190} INFO - [2024-12-07T02:13:58.603-0300] {dag.py:3239} INFO - Sync 1 DAGs
[2024-12-07T02:13:58.624-0300] {logging_mixin.py:190} INFO - [2024-12-07T02:13:58.624-0300] {dag.py:4180} INFO - Setting next_dagrun for tutorial_taskflow_templates to 2024-12-06 00:00:00+00:00, run_after=2024-12-07 00:00:00+00:00
[2024-12-07T02:13:58.691-0300] {processor.py:208} INFO - Processing /home/crisu/miniconda3/envs/lab13.1/lib/python3.9/site-packages/airflow/example_dags/tutorial_taskflow_templates.py took 0.139 seconds
[2024-12-07T02:14:52.043-0300] {processor.py:186} INFO - Started process (PID=36325) to work on /home/crisu/miniconda3/envs/lab13.1/lib/python3.9/site-packages/airflow/example_dags/tutorial_taskflow_templates.py
[2024-12-07T02:14:52.108-0300] {processor.py:914} INFO - Processing file /home/crisu/miniconda3/envs/lab13.1/lib/python3.9/site-packages/airflow/example_dags/tutorial_taskflow_templates.py for tasks to queue
[2024-12-07T02:14:52.112-0300] {logging_mixin.py:190} INFO - [2024-12-07T02:14:52.111-0300] {dagbag.py:588} INFO - Filling up the DagBag from /home/crisu/miniconda3/envs/lab13.1/lib/python3.9/site-packages/airflow/example_dags/tutorial_taskflow_templates.py
[2024-12-07T02:14:52.134-0300] {processor.py:925} INFO - DAG(s) 'tutorial_taskflow_templates' retrieved from /home/crisu/miniconda3/envs/lab13.1/lib/python3.9/site-packages/airflow/example_dags/tutorial_taskflow_templates.py
[2024-12-07T02:14:52.152-0300] {logging_mixin.py:190} INFO - [2024-12-07T02:14:52.152-0300] {dag.py:3239} INFO - Sync 1 DAGs
[2024-12-07T02:14:52.175-0300] {logging_mixin.py:190} INFO - [2024-12-07T02:14:52.175-0300] {dag.py:4180} INFO - Setting next_dagrun for tutorial_taskflow_templates to 2024-12-06 00:00:00+00:00, run_after=2024-12-07 00:00:00+00:00
[2024-12-07T02:14:52.620-0300] {processor.py:208} INFO - Processing /home/crisu/miniconda3/envs/lab13.1/lib/python3.9/site-packages/airflow/example_dags/tutorial_taskflow_templates.py took 0.589 seconds
[2024-12-07T02:16:06.499-0300] {processor.py:186} INFO - Started process (PID=36451) to work on /home/crisu/miniconda3/envs/lab13.1/lib/python3.9/site-packages/airflow/example_dags/tutorial_taskflow_templates.py
[2024-12-07T02:16:06.511-0300] {processor.py:914} INFO - Processing file /home/crisu/miniconda3/envs/lab13.1/lib/python3.9/site-packages/airflow/example_dags/tutorial_taskflow_templates.py for tasks to queue
[2024-12-07T02:16:06.513-0300] {logging_mixin.py:190} INFO - [2024-12-07T02:16:06.512-0300] {dagbag.py:588} INFO - Filling up the DagBag from /home/crisu/miniconda3/envs/lab13.1/lib/python3.9/site-packages/airflow/example_dags/tutorial_taskflow_templates.py
[2024-12-07T02:16:06.525-0300] {processor.py:925} INFO - DAG(s) 'tutorial_taskflow_templates' retrieved from /home/crisu/miniconda3/envs/lab13.1/lib/python3.9/site-packages/airflow/example_dags/tutorial_taskflow_templates.py
[2024-12-07T02:16:06.538-0300] {logging_mixin.py:190} INFO - [2024-12-07T02:16:06.538-0300] {dag.py:3239} INFO - Sync 1 DAGs
[2024-12-07T02:16:06.557-0300] {logging_mixin.py:190} INFO - [2024-12-07T02:16:06.556-0300] {dag.py:4180} INFO - Setting next_dagrun for tutorial_taskflow_templates to 2024-12-06 00:00:00+00:00, run_after=2024-12-07 00:00:00+00:00
[2024-12-07T02:16:06.623-0300] {processor.py:208} INFO - Processing /home/crisu/miniconda3/envs/lab13.1/lib/python3.9/site-packages/airflow/example_dags/tutorial_taskflow_templates.py took 0.132 seconds
[2024-12-07T02:16:56.205-0300] {processor.py:186} INFO - Started process (PID=36516) to work on /home/crisu/miniconda3/envs/lab13.1/lib/python3.9/site-packages/airflow/example_dags/tutorial_taskflow_templates.py
[2024-12-07T02:16:56.266-0300] {processor.py:914} INFO - Processing file /home/crisu/miniconda3/envs/lab13.1/lib/python3.9/site-packages/airflow/example_dags/tutorial_taskflow_templates.py for tasks to queue
[2024-12-07T02:16:56.268-0300] {logging_mixin.py:190} INFO - [2024-12-07T02:16:56.268-0300] {dagbag.py:588} INFO - Filling up the DagBag from /home/crisu/miniconda3/envs/lab13.1/lib/python3.9/site-packages/airflow/example_dags/tutorial_taskflow_templates.py
[2024-12-07T02:16:56.280-0300] {processor.py:925} INFO - DAG(s) 'tutorial_taskflow_templates' retrieved from /home/crisu/miniconda3/envs/lab13.1/lib/python3.9/site-packages/airflow/example_dags/tutorial_taskflow_templates.py
[2024-12-07T02:16:56.295-0300] {logging_mixin.py:190} INFO - [2024-12-07T02:16:56.294-0300] {dag.py:3239} INFO - Sync 1 DAGs
[2024-12-07T02:16:56.317-0300] {logging_mixin.py:190} INFO - [2024-12-07T02:16:56.316-0300] {dag.py:4180} INFO - Setting next_dagrun for tutorial_taskflow_templates to 2024-12-06 00:00:00+00:00, run_after=2024-12-07 00:00:00+00:00
[2024-12-07T02:16:56.390-0300] {processor.py:208} INFO - Processing /home/crisu/miniconda3/envs/lab13.1/lib/python3.9/site-packages/airflow/example_dags/tutorial_taskflow_templates.py took 0.192 seconds
[2024-12-07T02:17:42.737-0300] {processor.py:186} INFO - Started process (PID=36602) to work on /home/crisu/miniconda3/envs/lab13.1/lib/python3.9/site-packages/airflow/example_dags/tutorial_taskflow_templates.py
[2024-12-07T02:17:42.752-0300] {processor.py:914} INFO - Processing file /home/crisu/miniconda3/envs/lab13.1/lib/python3.9/site-packages/airflow/example_dags/tutorial_taskflow_templates.py for tasks to queue
[2024-12-07T02:17:42.754-0300] {logging_mixin.py:190} INFO - [2024-12-07T02:17:42.754-0300] {dagbag.py:588} INFO - Filling up the DagBag from /home/crisu/miniconda3/envs/lab13.1/lib/python3.9/site-packages/airflow/example_dags/tutorial_taskflow_templates.py
[2024-12-07T02:17:42.769-0300] {processor.py:925} INFO - DAG(s) 'tutorial_taskflow_templates' retrieved from /home/crisu/miniconda3/envs/lab13.1/lib/python3.9/site-packages/airflow/example_dags/tutorial_taskflow_templates.py
[2024-12-07T02:17:42.791-0300] {logging_mixin.py:190} INFO - [2024-12-07T02:17:42.791-0300] {dag.py:3239} INFO - Sync 1 DAGs
[2024-12-07T02:17:42.821-0300] {logging_mixin.py:190} INFO - [2024-12-07T02:17:42.821-0300] {dag.py:4180} INFO - Setting next_dagrun for tutorial_taskflow_templates to 2024-12-06 00:00:00+00:00, run_after=2024-12-07 00:00:00+00:00
[2024-12-07T02:17:42.904-0300] {processor.py:208} INFO - Processing /home/crisu/miniconda3/envs/lab13.1/lib/python3.9/site-packages/airflow/example_dags/tutorial_taskflow_templates.py took 0.175 seconds
[2024-12-07T02:18:26.288-0300] {processor.py:186} INFO - Started process (PID=36664) to work on /home/crisu/miniconda3/envs/lab13.1/lib/python3.9/site-packages/airflow/example_dags/tutorial_taskflow_templates.py
[2024-12-07T02:18:26.290-0300] {processor.py:914} INFO - Processing file /home/crisu/miniconda3/envs/lab13.1/lib/python3.9/site-packages/airflow/example_dags/tutorial_taskflow_templates.py for tasks to queue
[2024-12-07T02:18:26.292-0300] {logging_mixin.py:190} INFO - [2024-12-07T02:18:26.291-0300] {dagbag.py:588} INFO - Filling up the DagBag from /home/crisu/miniconda3/envs/lab13.1/lib/python3.9/site-packages/airflow/example_dags/tutorial_taskflow_templates.py
[2024-12-07T02:18:26.304-0300] {processor.py:925} INFO - DAG(s) 'tutorial_taskflow_templates' retrieved from /home/crisu/miniconda3/envs/lab13.1/lib/python3.9/site-packages/airflow/example_dags/tutorial_taskflow_templates.py
[2024-12-07T02:18:26.317-0300] {logging_mixin.py:190} INFO - [2024-12-07T02:18:26.317-0300] {dag.py:3239} INFO - Sync 1 DAGs
[2024-12-07T02:18:26.337-0300] {logging_mixin.py:190} INFO - [2024-12-07T02:18:26.337-0300] {dag.py:4180} INFO - Setting next_dagrun for tutorial_taskflow_templates to 2024-12-06 00:00:00+00:00, run_after=2024-12-07 00:00:00+00:00
[2024-12-07T02:18:26.406-0300] {processor.py:208} INFO - Processing /home/crisu/miniconda3/envs/lab13.1/lib/python3.9/site-packages/airflow/example_dags/tutorial_taskflow_templates.py took 0.125 seconds
[2024-12-07T02:30:45.405-0300] {processor.py:186} INFO - Started process (PID=37885) to work on /home/crisu/miniconda3/envs/lab13.1/lib/python3.9/site-packages/airflow/example_dags/tutorial_taskflow_templates.py
[2024-12-07T02:30:45.406-0300] {processor.py:914} INFO - Processing file /home/crisu/miniconda3/envs/lab13.1/lib/python3.9/site-packages/airflow/example_dags/tutorial_taskflow_templates.py for tasks to queue
[2024-12-07T02:30:45.408-0300] {logging_mixin.py:190} INFO - [2024-12-07T02:30:45.408-0300] {dagbag.py:588} INFO - Filling up the DagBag from /home/crisu/miniconda3/envs/lab13.1/lib/python3.9/site-packages/airflow/example_dags/tutorial_taskflow_templates.py
[2024-12-07T02:30:45.421-0300] {processor.py:925} INFO - DAG(s) 'tutorial_taskflow_templates' retrieved from /home/crisu/miniconda3/envs/lab13.1/lib/python3.9/site-packages/airflow/example_dags/tutorial_taskflow_templates.py
[2024-12-07T02:30:45.443-0300] {logging_mixin.py:190} INFO - [2024-12-07T02:30:45.443-0300] {dag.py:3239} INFO - Sync 1 DAGs
[2024-12-07T02:30:45.462-0300] {logging_mixin.py:190} INFO - [2024-12-07T02:30:45.462-0300] {dag.py:4180} INFO - Setting next_dagrun for tutorial_taskflow_templates to 2024-12-06 00:00:00+00:00, run_after=2024-12-07 00:00:00+00:00
[2024-12-07T02:30:45.524-0300] {processor.py:208} INFO - Processing /home/crisu/miniconda3/envs/lab13.1/lib/python3.9/site-packages/airflow/example_dags/tutorial_taskflow_templates.py took 0.125 seconds
[2024-12-07T02:33:26.668-0300] {processor.py:186} INFO - Started process (PID=38156) to work on /home/crisu/miniconda3/envs/lab13.1/lib/python3.9/site-packages/airflow/example_dags/tutorial_taskflow_templates.py
[2024-12-07T02:33:26.670-0300] {processor.py:914} INFO - Processing file /home/crisu/miniconda3/envs/lab13.1/lib/python3.9/site-packages/airflow/example_dags/tutorial_taskflow_templates.py for tasks to queue
[2024-12-07T02:33:26.672-0300] {logging_mixin.py:190} INFO - [2024-12-07T02:33:26.672-0300] {dagbag.py:588} INFO - Filling up the DagBag from /home/crisu/miniconda3/envs/lab13.1/lib/python3.9/site-packages/airflow/example_dags/tutorial_taskflow_templates.py
[2024-12-07T02:33:26.684-0300] {processor.py:925} INFO - DAG(s) 'tutorial_taskflow_templates' retrieved from /home/crisu/miniconda3/envs/lab13.1/lib/python3.9/site-packages/airflow/example_dags/tutorial_taskflow_templates.py
[2024-12-07T02:33:26.699-0300] {logging_mixin.py:190} INFO - [2024-12-07T02:33:26.699-0300] {dag.py:3239} INFO - Sync 1 DAGs
[2024-12-07T02:33:26.717-0300] {logging_mixin.py:190} INFO - [2024-12-07T02:33:26.717-0300] {dag.py:4180} INFO - Setting next_dagrun for tutorial_taskflow_templates to 2024-12-06 00:00:00+00:00, run_after=2024-12-07 00:00:00+00:00
[2024-12-07T02:33:26.776-0300] {processor.py:208} INFO - Processing /home/crisu/miniconda3/envs/lab13.1/lib/python3.9/site-packages/airflow/example_dags/tutorial_taskflow_templates.py took 0.113 seconds
[2024-12-07T02:35:06.564-0300] {processor.py:186} INFO - Started process (PID=38362) to work on /home/crisu/miniconda3/envs/lab13.1/lib/python3.9/site-packages/airflow/example_dags/tutorial_taskflow_templates.py
[2024-12-07T02:35:06.602-0300] {processor.py:914} INFO - Processing file /home/crisu/miniconda3/envs/lab13.1/lib/python3.9/site-packages/airflow/example_dags/tutorial_taskflow_templates.py for tasks to queue
[2024-12-07T02:35:06.605-0300] {logging_mixin.py:190} INFO - [2024-12-07T02:35:06.604-0300] {dagbag.py:588} INFO - Filling up the DagBag from /home/crisu/miniconda3/envs/lab13.1/lib/python3.9/site-packages/airflow/example_dags/tutorial_taskflow_templates.py
[2024-12-07T02:35:06.622-0300] {processor.py:925} INFO - DAG(s) 'tutorial_taskflow_templates' retrieved from /home/crisu/miniconda3/envs/lab13.1/lib/python3.9/site-packages/airflow/example_dags/tutorial_taskflow_templates.py
[2024-12-07T02:35:06.642-0300] {logging_mixin.py:190} INFO - [2024-12-07T02:35:06.642-0300] {dag.py:3239} INFO - Sync 1 DAGs
[2024-12-07T02:35:06.661-0300] {logging_mixin.py:190} INFO - [2024-12-07T02:35:06.660-0300] {dag.py:4180} INFO - Setting next_dagrun for tutorial_taskflow_templates to 2024-12-06 00:00:00+00:00, run_after=2024-12-07 00:00:00+00:00
[2024-12-07T02:35:07.633-0300] {processor.py:208} INFO - Processing /home/crisu/miniconda3/envs/lab13.1/lib/python3.9/site-packages/airflow/example_dags/tutorial_taskflow_templates.py took 1.074 seconds
[2024-12-07T02:36:56.731-0300] {processor.py:186} INFO - Started process (PID=38601) to work on /home/crisu/miniconda3/envs/lab13.1/lib/python3.9/site-packages/airflow/example_dags/tutorial_taskflow_templates.py
[2024-12-07T02:36:56.744-0300] {processor.py:914} INFO - Processing file /home/crisu/miniconda3/envs/lab13.1/lib/python3.9/site-packages/airflow/example_dags/tutorial_taskflow_templates.py for tasks to queue
[2024-12-07T02:36:56.746-0300] {logging_mixin.py:190} INFO - [2024-12-07T02:36:56.746-0300] {dagbag.py:588} INFO - Filling up the DagBag from /home/crisu/miniconda3/envs/lab13.1/lib/python3.9/site-packages/airflow/example_dags/tutorial_taskflow_templates.py
[2024-12-07T02:36:56.759-0300] {processor.py:925} INFO - DAG(s) 'tutorial_taskflow_templates' retrieved from /home/crisu/miniconda3/envs/lab13.1/lib/python3.9/site-packages/airflow/example_dags/tutorial_taskflow_templates.py
[2024-12-07T02:36:56.774-0300] {logging_mixin.py:190} INFO - [2024-12-07T02:36:56.773-0300] {dag.py:3239} INFO - Sync 1 DAGs
[2024-12-07T02:36:56.792-0300] {logging_mixin.py:190} INFO - [2024-12-07T02:36:56.792-0300] {dag.py:4180} INFO - Setting next_dagrun for tutorial_taskflow_templates to 2024-12-06 00:00:00+00:00, run_after=2024-12-07 00:00:00+00:00
[2024-12-07T02:36:56.851-0300] {processor.py:208} INFO - Processing /home/crisu/miniconda3/envs/lab13.1/lib/python3.9/site-packages/airflow/example_dags/tutorial_taskflow_templates.py took 0.126 seconds
[2024-12-07T02:38:32.070-0300] {processor.py:186} INFO - Started process (PID=38740) to work on /home/crisu/miniconda3/envs/lab13.1/lib/python3.9/site-packages/airflow/example_dags/tutorial_taskflow_templates.py
[2024-12-07T02:38:32.105-0300] {processor.py:914} INFO - Processing file /home/crisu/miniconda3/envs/lab13.1/lib/python3.9/site-packages/airflow/example_dags/tutorial_taskflow_templates.py for tasks to queue
[2024-12-07T02:38:32.107-0300] {logging_mixin.py:190} INFO - [2024-12-07T02:38:32.107-0300] {dagbag.py:588} INFO - Filling up the DagBag from /home/crisu/miniconda3/envs/lab13.1/lib/python3.9/site-packages/airflow/example_dags/tutorial_taskflow_templates.py
[2024-12-07T02:38:32.119-0300] {processor.py:925} INFO - DAG(s) 'tutorial_taskflow_templates' retrieved from /home/crisu/miniconda3/envs/lab13.1/lib/python3.9/site-packages/airflow/example_dags/tutorial_taskflow_templates.py
[2024-12-07T02:38:32.135-0300] {logging_mixin.py:190} INFO - [2024-12-07T02:38:32.135-0300] {dag.py:3239} INFO - Sync 1 DAGs
[2024-12-07T02:38:32.156-0300] {logging_mixin.py:190} INFO - [2024-12-07T02:38:32.155-0300] {dag.py:4180} INFO - Setting next_dagrun for tutorial_taskflow_templates to 2024-12-06 00:00:00+00:00, run_after=2024-12-07 00:00:00+00:00
[2024-12-07T02:38:33.254-0300] {processor.py:208} INFO - Processing /home/crisu/miniconda3/envs/lab13.1/lib/python3.9/site-packages/airflow/example_dags/tutorial_taskflow_templates.py took 1.189 seconds
[2024-12-07T02:40:13.491-0300] {processor.py:186} INFO - Started process (PID=38856) to work on /home/crisu/miniconda3/envs/lab13.1/lib/python3.9/site-packages/airflow/example_dags/tutorial_taskflow_templates.py
[2024-12-07T02:40:13.493-0300] {processor.py:914} INFO - Processing file /home/crisu/miniconda3/envs/lab13.1/lib/python3.9/site-packages/airflow/example_dags/tutorial_taskflow_templates.py for tasks to queue
[2024-12-07T02:40:13.495-0300] {logging_mixin.py:190} INFO - [2024-12-07T02:40:13.494-0300] {dagbag.py:588} INFO - Filling up the DagBag from /home/crisu/miniconda3/envs/lab13.1/lib/python3.9/site-packages/airflow/example_dags/tutorial_taskflow_templates.py
[2024-12-07T02:40:13.508-0300] {processor.py:925} INFO - DAG(s) 'tutorial_taskflow_templates' retrieved from /home/crisu/miniconda3/envs/lab13.1/lib/python3.9/site-packages/airflow/example_dags/tutorial_taskflow_templates.py
[2024-12-07T02:40:13.524-0300] {logging_mixin.py:190} INFO - [2024-12-07T02:40:13.524-0300] {dag.py:3239} INFO - Sync 1 DAGs
[2024-12-07T02:40:13.542-0300] {logging_mixin.py:190} INFO - [2024-12-07T02:40:13.542-0300] {dag.py:4180} INFO - Setting next_dagrun for tutorial_taskflow_templates to 2024-12-06 00:00:00+00:00, run_after=2024-12-07 00:00:00+00:00
[2024-12-07T02:40:13.718-0300] {processor.py:208} INFO - Processing /home/crisu/miniconda3/envs/lab13.1/lib/python3.9/site-packages/airflow/example_dags/tutorial_taskflow_templates.py took 0.232 seconds
[2024-12-07T02:41:05.651-0300] {processor.py:186} INFO - Started process (PID=38957) to work on /home/crisu/miniconda3/envs/lab13.1/lib/python3.9/site-packages/airflow/example_dags/tutorial_taskflow_templates.py
[2024-12-07T02:41:05.660-0300] {processor.py:914} INFO - Processing file /home/crisu/miniconda3/envs/lab13.1/lib/python3.9/site-packages/airflow/example_dags/tutorial_taskflow_templates.py for tasks to queue
[2024-12-07T02:41:05.662-0300] {logging_mixin.py:190} INFO - [2024-12-07T02:41:05.662-0300] {dagbag.py:588} INFO - Filling up the DagBag from /home/crisu/miniconda3/envs/lab13.1/lib/python3.9/site-packages/airflow/example_dags/tutorial_taskflow_templates.py
[2024-12-07T02:41:05.676-0300] {processor.py:925} INFO - DAG(s) 'tutorial_taskflow_templates' retrieved from /home/crisu/miniconda3/envs/lab13.1/lib/python3.9/site-packages/airflow/example_dags/tutorial_taskflow_templates.py
[2024-12-07T02:41:05.690-0300] {logging_mixin.py:190} INFO - [2024-12-07T02:41:05.690-0300] {dag.py:3239} INFO - Sync 1 DAGs
[2024-12-07T02:41:05.709-0300] {logging_mixin.py:190} INFO - [2024-12-07T02:41:05.709-0300] {dag.py:4180} INFO - Setting next_dagrun for tutorial_taskflow_templates to 2024-12-06 00:00:00+00:00, run_after=2024-12-07 00:00:00+00:00
[2024-12-07T02:41:05.790-0300] {processor.py:208} INFO - Processing /home/crisu/miniconda3/envs/lab13.1/lib/python3.9/site-packages/airflow/example_dags/tutorial_taskflow_templates.py took 0.144 seconds
[2024-12-07T02:42:20.186-0300] {processor.py:186} INFO - Started process (PID=39091) to work on /home/crisu/miniconda3/envs/lab13.1/lib/python3.9/site-packages/airflow/example_dags/tutorial_taskflow_templates.py
[2024-12-07T02:42:20.195-0300] {processor.py:914} INFO - Processing file /home/crisu/miniconda3/envs/lab13.1/lib/python3.9/site-packages/airflow/example_dags/tutorial_taskflow_templates.py for tasks to queue
[2024-12-07T02:42:20.196-0300] {logging_mixin.py:190} INFO - [2024-12-07T02:42:20.196-0300] {dagbag.py:588} INFO - Filling up the DagBag from /home/crisu/miniconda3/envs/lab13.1/lib/python3.9/site-packages/airflow/example_dags/tutorial_taskflow_templates.py
[2024-12-07T02:42:20.208-0300] {processor.py:925} INFO - DAG(s) 'tutorial_taskflow_templates' retrieved from /home/crisu/miniconda3/envs/lab13.1/lib/python3.9/site-packages/airflow/example_dags/tutorial_taskflow_templates.py
[2024-12-07T02:42:20.223-0300] {logging_mixin.py:190} INFO - [2024-12-07T02:42:20.222-0300] {dag.py:3239} INFO - Sync 1 DAGs
[2024-12-07T02:42:20.241-0300] {logging_mixin.py:190} INFO - [2024-12-07T02:42:20.240-0300] {dag.py:4180} INFO - Setting next_dagrun for tutorial_taskflow_templates to 2024-12-06 00:00:00+00:00, run_after=2024-12-07 00:00:00+00:00
[2024-12-07T02:42:20.304-0300] {processor.py:208} INFO - Processing /home/crisu/miniconda3/envs/lab13.1/lib/python3.9/site-packages/airflow/example_dags/tutorial_taskflow_templates.py took 0.123 seconds
[2024-12-07T02:44:33.786-0300] {processor.py:186} INFO - Started process (PID=39687) to work on /home/crisu/miniconda3/envs/lab13.1/lib/python3.9/site-packages/airflow/example_dags/tutorial_taskflow_templates.py
[2024-12-07T02:44:33.787-0300] {processor.py:914} INFO - Processing file /home/crisu/miniconda3/envs/lab13.1/lib/python3.9/site-packages/airflow/example_dags/tutorial_taskflow_templates.py for tasks to queue
[2024-12-07T02:44:33.789-0300] {logging_mixin.py:190} INFO - [2024-12-07T02:44:33.789-0300] {dagbag.py:588} INFO - Filling up the DagBag from /home/crisu/miniconda3/envs/lab13.1/lib/python3.9/site-packages/airflow/example_dags/tutorial_taskflow_templates.py
[2024-12-07T02:44:33.801-0300] {processor.py:925} INFO - DAG(s) 'tutorial_taskflow_templates' retrieved from /home/crisu/miniconda3/envs/lab13.1/lib/python3.9/site-packages/airflow/example_dags/tutorial_taskflow_templates.py
[2024-12-07T02:44:33.821-0300] {logging_mixin.py:190} INFO - [2024-12-07T02:44:33.821-0300] {dag.py:3239} INFO - Sync 1 DAGs
[2024-12-07T02:44:33.839-0300] {logging_mixin.py:190} INFO - [2024-12-07T02:44:33.839-0300] {dag.py:4180} INFO - Setting next_dagrun for tutorial_taskflow_templates to 2024-12-06 00:00:00+00:00, run_after=2024-12-07 00:00:00+00:00
[2024-12-07T02:44:33.895-0300] {processor.py:208} INFO - Processing /home/crisu/miniconda3/envs/lab13.1/lib/python3.9/site-packages/airflow/example_dags/tutorial_taskflow_templates.py took 0.114 seconds
[2024-12-07T02:46:15.107-0300] {processor.py:186} INFO - Started process (PID=39976) to work on /home/crisu/miniconda3/envs/lab13.1/lib/python3.9/site-packages/airflow/example_dags/tutorial_taskflow_templates.py
[2024-12-07T02:46:15.113-0300] {processor.py:914} INFO - Processing file /home/crisu/miniconda3/envs/lab13.1/lib/python3.9/site-packages/airflow/example_dags/tutorial_taskflow_templates.py for tasks to queue
[2024-12-07T02:46:15.115-0300] {logging_mixin.py:190} INFO - [2024-12-07T02:46:15.115-0300] {dagbag.py:588} INFO - Filling up the DagBag from /home/crisu/miniconda3/envs/lab13.1/lib/python3.9/site-packages/airflow/example_dags/tutorial_taskflow_templates.py
[2024-12-07T02:46:15.127-0300] {processor.py:925} INFO - DAG(s) 'tutorial_taskflow_templates' retrieved from /home/crisu/miniconda3/envs/lab13.1/lib/python3.9/site-packages/airflow/example_dags/tutorial_taskflow_templates.py
[2024-12-07T02:46:15.147-0300] {logging_mixin.py:190} INFO - [2024-12-07T02:46:15.147-0300] {dag.py:3239} INFO - Sync 1 DAGs
[2024-12-07T02:46:15.165-0300] {logging_mixin.py:190} INFO - [2024-12-07T02:46:15.165-0300] {dag.py:4180} INFO - Setting next_dagrun for tutorial_taskflow_templates to 2024-12-06 00:00:00+00:00, run_after=2024-12-07 00:00:00+00:00
[2024-12-07T02:46:15.229-0300] {processor.py:208} INFO - Processing /home/crisu/miniconda3/envs/lab13.1/lib/python3.9/site-packages/airflow/example_dags/tutorial_taskflow_templates.py took 0.127 seconds
[2024-12-07T02:47:26.319-0300] {processor.py:186} INFO - Started process (PID=40197) to work on /home/crisu/miniconda3/envs/lab13.1/lib/python3.9/site-packages/airflow/example_dags/tutorial_taskflow_templates.py
[2024-12-07T02:47:26.446-0300] {processor.py:914} INFO - Processing file /home/crisu/miniconda3/envs/lab13.1/lib/python3.9/site-packages/airflow/example_dags/tutorial_taskflow_templates.py for tasks to queue
[2024-12-07T02:47:26.448-0300] {logging_mixin.py:190} INFO - [2024-12-07T02:47:26.448-0300] {dagbag.py:588} INFO - Filling up the DagBag from /home/crisu/miniconda3/envs/lab13.1/lib/python3.9/site-packages/airflow/example_dags/tutorial_taskflow_templates.py
[2024-12-07T02:47:26.460-0300] {processor.py:925} INFO - DAG(s) 'tutorial_taskflow_templates' retrieved from /home/crisu/miniconda3/envs/lab13.1/lib/python3.9/site-packages/airflow/example_dags/tutorial_taskflow_templates.py
[2024-12-07T02:47:26.480-0300] {logging_mixin.py:190} INFO - [2024-12-07T02:47:26.480-0300] {dag.py:3239} INFO - Sync 1 DAGs
[2024-12-07T02:47:26.500-0300] {logging_mixin.py:190} INFO - [2024-12-07T02:47:26.499-0300] {dag.py:4180} INFO - Setting next_dagrun for tutorial_taskflow_templates to 2024-12-06 00:00:00+00:00, run_after=2024-12-07 00:00:00+00:00
[2024-12-07T02:47:27.458-0300] {processor.py:208} INFO - Processing /home/crisu/miniconda3/envs/lab13.1/lib/python3.9/site-packages/airflow/example_dags/tutorial_taskflow_templates.py took 1.146 seconds
[2024-12-07T02:48:51.366-0300] {processor.py:186} INFO - Started process (PID=40459) to work on /home/crisu/miniconda3/envs/lab13.1/lib/python3.9/site-packages/airflow/example_dags/tutorial_taskflow_templates.py
[2024-12-07T02:48:51.454-0300] {processor.py:914} INFO - Processing file /home/crisu/miniconda3/envs/lab13.1/lib/python3.9/site-packages/airflow/example_dags/tutorial_taskflow_templates.py for tasks to queue
[2024-12-07T02:48:51.455-0300] {logging_mixin.py:190} INFO - [2024-12-07T02:48:51.455-0300] {dagbag.py:588} INFO - Filling up the DagBag from /home/crisu/miniconda3/envs/lab13.1/lib/python3.9/site-packages/airflow/example_dags/tutorial_taskflow_templates.py
[2024-12-07T02:48:51.468-0300] {processor.py:925} INFO - DAG(s) 'tutorial_taskflow_templates' retrieved from /home/crisu/miniconda3/envs/lab13.1/lib/python3.9/site-packages/airflow/example_dags/tutorial_taskflow_templates.py
[2024-12-07T02:48:51.489-0300] {logging_mixin.py:190} INFO - [2024-12-07T02:48:51.489-0300] {dag.py:3239} INFO - Sync 1 DAGs
[2024-12-07T02:48:51.507-0300] {logging_mixin.py:190} INFO - [2024-12-07T02:48:51.507-0300] {dag.py:4180} INFO - Setting next_dagrun for tutorial_taskflow_templates to 2024-12-06 00:00:00+00:00, run_after=2024-12-07 00:00:00+00:00
[2024-12-07T02:48:51.939-0300] {processor.py:208} INFO - Processing /home/crisu/miniconda3/envs/lab13.1/lib/python3.9/site-packages/airflow/example_dags/tutorial_taskflow_templates.py took 0.578 seconds
[2024-12-07T02:49:54.273-0300] {processor.py:186} INFO - Started process (PID=40725) to work on /home/crisu/miniconda3/envs/lab13.1/lib/python3.9/site-packages/airflow/example_dags/tutorial_taskflow_templates.py
[2024-12-07T02:49:54.430-0300] {processor.py:914} INFO - Processing file /home/crisu/miniconda3/envs/lab13.1/lib/python3.9/site-packages/airflow/example_dags/tutorial_taskflow_templates.py for tasks to queue
[2024-12-07T02:49:54.432-0300] {logging_mixin.py:190} INFO - [2024-12-07T02:49:54.432-0300] {dagbag.py:588} INFO - Filling up the DagBag from /home/crisu/miniconda3/envs/lab13.1/lib/python3.9/site-packages/airflow/example_dags/tutorial_taskflow_templates.py
[2024-12-07T02:49:54.444-0300] {processor.py:925} INFO - DAG(s) 'tutorial_taskflow_templates' retrieved from /home/crisu/miniconda3/envs/lab13.1/lib/python3.9/site-packages/airflow/example_dags/tutorial_taskflow_templates.py
[2024-12-07T02:49:54.465-0300] {logging_mixin.py:190} INFO - [2024-12-07T02:49:54.464-0300] {dag.py:3239} INFO - Sync 1 DAGs
[2024-12-07T02:49:54.482-0300] {logging_mixin.py:190} INFO - [2024-12-07T02:49:54.482-0300] {dag.py:4180} INFO - Setting next_dagrun for tutorial_taskflow_templates to 2024-12-06 00:00:00+00:00, run_after=2024-12-07 00:00:00+00:00
[2024-12-07T02:49:54.540-0300] {processor.py:208} INFO - Processing /home/crisu/miniconda3/envs/lab13.1/lib/python3.9/site-packages/airflow/example_dags/tutorial_taskflow_templates.py took 0.272 seconds
[2024-12-07T02:51:04.767-0300] {processor.py:186} INFO - Started process (PID=40942) to work on /home/crisu/miniconda3/envs/lab13.1/lib/python3.9/site-packages/airflow/example_dags/tutorial_taskflow_templates.py
[2024-12-07T02:51:05.026-0300] {processor.py:914} INFO - Processing file /home/crisu/miniconda3/envs/lab13.1/lib/python3.9/site-packages/airflow/example_dags/tutorial_taskflow_templates.py for tasks to queue
[2024-12-07T02:51:05.028-0300] {logging_mixin.py:190} INFO - [2024-12-07T02:51:05.028-0300] {dagbag.py:588} INFO - Filling up the DagBag from /home/crisu/miniconda3/envs/lab13.1/lib/python3.9/site-packages/airflow/example_dags/tutorial_taskflow_templates.py
[2024-12-07T02:51:05.042-0300] {processor.py:925} INFO - DAG(s) 'tutorial_taskflow_templates' retrieved from /home/crisu/miniconda3/envs/lab13.1/lib/python3.9/site-packages/airflow/example_dags/tutorial_taskflow_templates.py
[2024-12-07T02:51:05.058-0300] {logging_mixin.py:190} INFO - [2024-12-07T02:51:05.057-0300] {dag.py:3239} INFO - Sync 1 DAGs
[2024-12-07T02:51:05.077-0300] {logging_mixin.py:190} INFO - [2024-12-07T02:51:05.076-0300] {dag.py:4180} INFO - Setting next_dagrun for tutorial_taskflow_templates to 2024-12-06 00:00:00+00:00, run_after=2024-12-07 00:00:00+00:00
[2024-12-07T02:51:05.163-0300] {processor.py:208} INFO - Processing /home/crisu/miniconda3/envs/lab13.1/lib/python3.9/site-packages/airflow/example_dags/tutorial_taskflow_templates.py took 0.404 seconds
[2024-12-07T03:19:14.218-0300] {processor.py:186} INFO - Started process (PID=42598) to work on /home/crisu/miniconda3/envs/lab13.1/lib/python3.9/site-packages/airflow/example_dags/tutorial_taskflow_templates.py
[2024-12-07T03:19:14.357-0300] {processor.py:914} INFO - Processing file /home/crisu/miniconda3/envs/lab13.1/lib/python3.9/site-packages/airflow/example_dags/tutorial_taskflow_templates.py for tasks to queue
[2024-12-07T03:19:14.358-0300] {logging_mixin.py:190} INFO - [2024-12-07T03:19:14.358-0300] {dagbag.py:588} INFO - Filling up the DagBag from /home/crisu/miniconda3/envs/lab13.1/lib/python3.9/site-packages/airflow/example_dags/tutorial_taskflow_templates.py
[2024-12-07T03:19:14.368-0300] {processor.py:925} INFO - DAG(s) 'tutorial_taskflow_templates' retrieved from /home/crisu/miniconda3/envs/lab13.1/lib/python3.9/site-packages/airflow/example_dags/tutorial_taskflow_templates.py
[2024-12-07T03:19:14.395-0300] {logging_mixin.py:190} INFO - [2024-12-07T03:19:14.395-0300] {dag.py:3239} INFO - Sync 1 DAGs
[2024-12-07T03:19:14.416-0300] {logging_mixin.py:190} INFO - [2024-12-07T03:19:14.415-0300] {dag.py:4180} INFO - Setting next_dagrun for tutorial_taskflow_templates to 2024-12-06 00:00:00+00:00, run_after=2024-12-07 00:00:00+00:00
[2024-12-07T03:19:14.581-0300] {processor.py:208} INFO - Processing /home/crisu/miniconda3/envs/lab13.1/lib/python3.9/site-packages/airflow/example_dags/tutorial_taskflow_templates.py took 0.368 seconds
[2024-12-07T03:22:51.416-0300] {processor.py:186} INFO - Started process (PID=42821) to work on /home/crisu/miniconda3/envs/lab13.1/lib/python3.9/site-packages/airflow/example_dags/tutorial_taskflow_templates.py
[2024-12-07T03:22:51.417-0300] {processor.py:914} INFO - Processing file /home/crisu/miniconda3/envs/lab13.1/lib/python3.9/site-packages/airflow/example_dags/tutorial_taskflow_templates.py for tasks to queue
[2024-12-07T03:22:51.418-0300] {logging_mixin.py:190} INFO - [2024-12-07T03:22:51.417-0300] {dagbag.py:588} INFO - Filling up the DagBag from /home/crisu/miniconda3/envs/lab13.1/lib/python3.9/site-packages/airflow/example_dags/tutorial_taskflow_templates.py
[2024-12-07T03:22:51.428-0300] {processor.py:925} INFO - DAG(s) 'tutorial_taskflow_templates' retrieved from /home/crisu/miniconda3/envs/lab13.1/lib/python3.9/site-packages/airflow/example_dags/tutorial_taskflow_templates.py
[2024-12-07T03:22:51.443-0300] {logging_mixin.py:190} INFO - [2024-12-07T03:22:51.443-0300] {dag.py:3239} INFO - Sync 1 DAGs
[2024-12-07T03:22:51.461-0300] {logging_mixin.py:190} INFO - [2024-12-07T03:22:51.461-0300] {dag.py:4180} INFO - Setting next_dagrun for tutorial_taskflow_templates to 2024-12-06 00:00:00+00:00, run_after=2024-12-07 00:00:00+00:00
[2024-12-07T03:22:52.400-0300] {processor.py:208} INFO - Processing /home/crisu/miniconda3/envs/lab13.1/lib/python3.9/site-packages/airflow/example_dags/tutorial_taskflow_templates.py took 0.990 seconds
[2024-12-07T03:26:29.217-0300] {processor.py:186} INFO - Started process (PID=43409) to work on /home/crisu/miniconda3/envs/lab13.1/lib/python3.9/site-packages/airflow/example_dags/tutorial_taskflow_templates.py
[2024-12-07T03:26:29.230-0300] {processor.py:914} INFO - Processing file /home/crisu/miniconda3/envs/lab13.1/lib/python3.9/site-packages/airflow/example_dags/tutorial_taskflow_templates.py for tasks to queue
[2024-12-07T03:26:29.232-0300] {logging_mixin.py:190} INFO - [2024-12-07T03:26:29.231-0300] {dagbag.py:588} INFO - Filling up the DagBag from /home/crisu/miniconda3/envs/lab13.1/lib/python3.9/site-packages/airflow/example_dags/tutorial_taskflow_templates.py
[2024-12-07T03:26:29.244-0300] {processor.py:925} INFO - DAG(s) 'tutorial_taskflow_templates' retrieved from /home/crisu/miniconda3/envs/lab13.1/lib/python3.9/site-packages/airflow/example_dags/tutorial_taskflow_templates.py
[2024-12-07T03:26:29.263-0300] {logging_mixin.py:190} INFO - [2024-12-07T03:26:29.263-0300] {dag.py:3239} INFO - Sync 1 DAGs
[2024-12-07T03:26:29.282-0300] {logging_mixin.py:190} INFO - [2024-12-07T03:26:29.282-0300] {dag.py:4180} INFO - Setting next_dagrun for tutorial_taskflow_templates to 2024-12-06 00:00:00+00:00, run_after=2024-12-07 00:00:00+00:00
[2024-12-07T03:26:30.305-0300] {processor.py:208} INFO - Processing /home/crisu/miniconda3/envs/lab13.1/lib/python3.9/site-packages/airflow/example_dags/tutorial_taskflow_templates.py took 1.093 seconds
[2024-12-07T03:29:16.254-0300] {processor.py:186} INFO - Started process (PID=43813) to work on /home/crisu/miniconda3/envs/lab13.1/lib/python3.9/site-packages/airflow/example_dags/tutorial_taskflow_templates.py
[2024-12-07T03:29:16.261-0300] {processor.py:914} INFO - Processing file /home/crisu/miniconda3/envs/lab13.1/lib/python3.9/site-packages/airflow/example_dags/tutorial_taskflow_templates.py for tasks to queue
[2024-12-07T03:29:16.264-0300] {logging_mixin.py:190} INFO - [2024-12-07T03:29:16.263-0300] {dagbag.py:588} INFO - Filling up the DagBag from /home/crisu/miniconda3/envs/lab13.1/lib/python3.9/site-packages/airflow/example_dags/tutorial_taskflow_templates.py
[2024-12-07T03:29:16.277-0300] {processor.py:925} INFO - DAG(s) 'tutorial_taskflow_templates' retrieved from /home/crisu/miniconda3/envs/lab13.1/lib/python3.9/site-packages/airflow/example_dags/tutorial_taskflow_templates.py
[2024-12-07T03:29:16.293-0300] {logging_mixin.py:190} INFO - [2024-12-07T03:29:16.292-0300] {dag.py:3239} INFO - Sync 1 DAGs
[2024-12-07T03:29:16.321-0300] {logging_mixin.py:190} INFO - [2024-12-07T03:29:16.321-0300] {dag.py:4180} INFO - Setting next_dagrun for tutorial_taskflow_templates to 2024-12-06 00:00:00+00:00, run_after=2024-12-07 00:00:00+00:00
[2024-12-07T03:29:16.388-0300] {processor.py:208} INFO - Processing /home/crisu/miniconda3/envs/lab13.1/lib/python3.9/site-packages/airflow/example_dags/tutorial_taskflow_templates.py took 0.139 seconds
[2024-12-07T03:33:24.967-0300] {processor.py:186} INFO - Started process (PID=44331) to work on /home/crisu/miniconda3/envs/lab13.1/lib/python3.9/site-packages/airflow/example_dags/tutorial_taskflow_templates.py
[2024-12-07T03:33:24.994-0300] {processor.py:914} INFO - Processing file /home/crisu/miniconda3/envs/lab13.1/lib/python3.9/site-packages/airflow/example_dags/tutorial_taskflow_templates.py for tasks to queue
[2024-12-07T03:33:24.995-0300] {logging_mixin.py:190} INFO - [2024-12-07T03:33:24.994-0300] {dagbag.py:588} INFO - Filling up the DagBag from /home/crisu/miniconda3/envs/lab13.1/lib/python3.9/site-packages/airflow/example_dags/tutorial_taskflow_templates.py
[2024-12-07T03:33:25.005-0300] {processor.py:925} INFO - DAG(s) 'tutorial_taskflow_templates' retrieved from /home/crisu/miniconda3/envs/lab13.1/lib/python3.9/site-packages/airflow/example_dags/tutorial_taskflow_templates.py
[2024-12-07T03:33:25.024-0300] {logging_mixin.py:190} INFO - [2024-12-07T03:33:25.024-0300] {dag.py:3239} INFO - Sync 1 DAGs
[2024-12-07T03:33:25.040-0300] {logging_mixin.py:190} INFO - [2024-12-07T03:33:25.040-0300] {dag.py:4180} INFO - Setting next_dagrun for tutorial_taskflow_templates to 2024-12-06 00:00:00+00:00, run_after=2024-12-07 00:00:00+00:00
[2024-12-07T03:33:25.107-0300] {processor.py:208} INFO - Processing /home/crisu/miniconda3/envs/lab13.1/lib/python3.9/site-packages/airflow/example_dags/tutorial_taskflow_templates.py took 0.145 seconds
[2024-12-07T03:35:28.629-0300] {processor.py:186} INFO - Started process (PID=44707) to work on /home/crisu/miniconda3/envs/lab13.1/lib/python3.9/site-packages/airflow/example_dags/tutorial_taskflow_templates.py
[2024-12-07T03:35:28.631-0300] {processor.py:914} INFO - Processing file /home/crisu/miniconda3/envs/lab13.1/lib/python3.9/site-packages/airflow/example_dags/tutorial_taskflow_templates.py for tasks to queue
[2024-12-07T03:35:28.632-0300] {logging_mixin.py:190} INFO - [2024-12-07T03:35:28.631-0300] {dagbag.py:588} INFO - Filling up the DagBag from /home/crisu/miniconda3/envs/lab13.1/lib/python3.9/site-packages/airflow/example_dags/tutorial_taskflow_templates.py
[2024-12-07T03:35:28.642-0300] {processor.py:925} INFO - DAG(s) 'tutorial_taskflow_templates' retrieved from /home/crisu/miniconda3/envs/lab13.1/lib/python3.9/site-packages/airflow/example_dags/tutorial_taskflow_templates.py
[2024-12-07T03:35:28.656-0300] {logging_mixin.py:190} INFO - [2024-12-07T03:35:28.656-0300] {dag.py:3239} INFO - Sync 1 DAGs
[2024-12-07T03:35:28.675-0300] {logging_mixin.py:190} INFO - [2024-12-07T03:35:28.675-0300] {dag.py:4180} INFO - Setting next_dagrun for tutorial_taskflow_templates to 2024-12-06 00:00:00+00:00, run_after=2024-12-07 00:00:00+00:00
[2024-12-07T03:35:28.730-0300] {processor.py:208} INFO - Processing /home/crisu/miniconda3/envs/lab13.1/lib/python3.9/site-packages/airflow/example_dags/tutorial_taskflow_templates.py took 0.107 seconds
[2024-12-07T03:36:26.568-0300] {processor.py:186} INFO - Started process (PID=44830) to work on /home/crisu/miniconda3/envs/lab13.1/lib/python3.9/site-packages/airflow/example_dags/tutorial_taskflow_templates.py
[2024-12-07T03:36:26.607-0300] {processor.py:914} INFO - Processing file /home/crisu/miniconda3/envs/lab13.1/lib/python3.9/site-packages/airflow/example_dags/tutorial_taskflow_templates.py for tasks to queue
[2024-12-07T03:36:26.609-0300] {logging_mixin.py:190} INFO - [2024-12-07T03:36:26.608-0300] {dagbag.py:588} INFO - Filling up the DagBag from /home/crisu/miniconda3/envs/lab13.1/lib/python3.9/site-packages/airflow/example_dags/tutorial_taskflow_templates.py
[2024-12-07T03:36:26.618-0300] {processor.py:925} INFO - DAG(s) 'tutorial_taskflow_templates' retrieved from /home/crisu/miniconda3/envs/lab13.1/lib/python3.9/site-packages/airflow/example_dags/tutorial_taskflow_templates.py
[2024-12-07T03:36:26.633-0300] {logging_mixin.py:190} INFO - [2024-12-07T03:36:26.633-0300] {dag.py:3239} INFO - Sync 1 DAGs
[2024-12-07T03:36:26.649-0300] {logging_mixin.py:190} INFO - [2024-12-07T03:36:26.649-0300] {dag.py:4180} INFO - Setting next_dagrun for tutorial_taskflow_templates to 2024-12-06 00:00:00+00:00, run_after=2024-12-07 00:00:00+00:00
[2024-12-07T03:36:27.438-0300] {processor.py:208} INFO - Processing /home/crisu/miniconda3/envs/lab13.1/lib/python3.9/site-packages/airflow/example_dags/tutorial_taskflow_templates.py took 0.875 seconds
[2024-12-07T03:37:33.267-0300] {processor.py:186} INFO - Started process (PID=44941) to work on /home/crisu/miniconda3/envs/lab13.1/lib/python3.9/site-packages/airflow/example_dags/tutorial_taskflow_templates.py
[2024-12-07T03:37:33.272-0300] {processor.py:914} INFO - Processing file /home/crisu/miniconda3/envs/lab13.1/lib/python3.9/site-packages/airflow/example_dags/tutorial_taskflow_templates.py for tasks to queue
[2024-12-07T03:37:33.273-0300] {logging_mixin.py:190} INFO - [2024-12-07T03:37:33.273-0300] {dagbag.py:588} INFO - Filling up the DagBag from /home/crisu/miniconda3/envs/lab13.1/lib/python3.9/site-packages/airflow/example_dags/tutorial_taskflow_templates.py
[2024-12-07T03:37:33.285-0300] {processor.py:925} INFO - DAG(s) 'tutorial_taskflow_templates' retrieved from /home/crisu/miniconda3/envs/lab13.1/lib/python3.9/site-packages/airflow/example_dags/tutorial_taskflow_templates.py
[2024-12-07T03:37:33.303-0300] {logging_mixin.py:190} INFO - [2024-12-07T03:37:33.303-0300] {dag.py:3239} INFO - Sync 1 DAGs
[2024-12-07T03:37:33.327-0300] {logging_mixin.py:190} INFO - [2024-12-07T03:37:33.327-0300] {dag.py:4180} INFO - Setting next_dagrun for tutorial_taskflow_templates to 2024-12-06 00:00:00+00:00, run_after=2024-12-07 00:00:00+00:00
[2024-12-07T03:37:33.426-0300] {processor.py:208} INFO - Processing /home/crisu/miniconda3/envs/lab13.1/lib/python3.9/site-packages/airflow/example_dags/tutorial_taskflow_templates.py took 0.166 seconds
[2024-12-07T03:38:28.776-0300] {processor.py:186} INFO - Started process (PID=45029) to work on /home/crisu/miniconda3/envs/lab13.1/lib/python3.9/site-packages/airflow/example_dags/tutorial_taskflow_templates.py
[2024-12-07T03:38:28.782-0300] {processor.py:914} INFO - Processing file /home/crisu/miniconda3/envs/lab13.1/lib/python3.9/site-packages/airflow/example_dags/tutorial_taskflow_templates.py for tasks to queue
[2024-12-07T03:38:28.784-0300] {logging_mixin.py:190} INFO - [2024-12-07T03:38:28.783-0300] {dagbag.py:588} INFO - Filling up the DagBag from /home/crisu/miniconda3/envs/lab13.1/lib/python3.9/site-packages/airflow/example_dags/tutorial_taskflow_templates.py
[2024-12-07T03:38:28.793-0300] {processor.py:925} INFO - DAG(s) 'tutorial_taskflow_templates' retrieved from /home/crisu/miniconda3/envs/lab13.1/lib/python3.9/site-packages/airflow/example_dags/tutorial_taskflow_templates.py
[2024-12-07T03:38:28.807-0300] {logging_mixin.py:190} INFO - [2024-12-07T03:38:28.807-0300] {dag.py:3239} INFO - Sync 1 DAGs
[2024-12-07T03:38:28.824-0300] {logging_mixin.py:190} INFO - [2024-12-07T03:38:28.823-0300] {dag.py:4180} INFO - Setting next_dagrun for tutorial_taskflow_templates to 2024-12-06 00:00:00+00:00, run_after=2024-12-07 00:00:00+00:00
[2024-12-07T03:38:28.878-0300] {processor.py:208} INFO - Processing /home/crisu/miniconda3/envs/lab13.1/lib/python3.9/site-packages/airflow/example_dags/tutorial_taskflow_templates.py took 0.107 seconds
[2024-12-07T03:39:46.798-0300] {processor.py:186} INFO - Started process (PID=45190) to work on /home/crisu/miniconda3/envs/lab13.1/lib/python3.9/site-packages/airflow/example_dags/tutorial_taskflow_templates.py
[2024-12-07T03:39:46.805-0300] {processor.py:914} INFO - Processing file /home/crisu/miniconda3/envs/lab13.1/lib/python3.9/site-packages/airflow/example_dags/tutorial_taskflow_templates.py for tasks to queue
[2024-12-07T03:39:46.806-0300] {logging_mixin.py:190} INFO - [2024-12-07T03:39:46.806-0300] {dagbag.py:588} INFO - Filling up the DagBag from /home/crisu/miniconda3/envs/lab13.1/lib/python3.9/site-packages/airflow/example_dags/tutorial_taskflow_templates.py
[2024-12-07T03:39:46.815-0300] {processor.py:925} INFO - DAG(s) 'tutorial_taskflow_templates' retrieved from /home/crisu/miniconda3/envs/lab13.1/lib/python3.9/site-packages/airflow/example_dags/tutorial_taskflow_templates.py
[2024-12-07T03:39:46.829-0300] {logging_mixin.py:190} INFO - [2024-12-07T03:39:46.829-0300] {dag.py:3239} INFO - Sync 1 DAGs
[2024-12-07T03:39:46.846-0300] {logging_mixin.py:190} INFO - [2024-12-07T03:39:46.846-0300] {dag.py:4180} INFO - Setting next_dagrun for tutorial_taskflow_templates to 2024-12-06 00:00:00+00:00, run_after=2024-12-07 00:00:00+00:00
[2024-12-07T03:39:46.907-0300] {processor.py:208} INFO - Processing /home/crisu/miniconda3/envs/lab13.1/lib/python3.9/site-packages/airflow/example_dags/tutorial_taskflow_templates.py took 0.114 seconds
[2024-12-07T03:41:00.376-0300] {processor.py:186} INFO - Started process (PID=45333) to work on /home/crisu/miniconda3/envs/lab13.1/lib/python3.9/site-packages/airflow/example_dags/tutorial_taskflow_templates.py
[2024-12-07T03:41:00.378-0300] {processor.py:914} INFO - Processing file /home/crisu/miniconda3/envs/lab13.1/lib/python3.9/site-packages/airflow/example_dags/tutorial_taskflow_templates.py for tasks to queue
[2024-12-07T03:41:00.378-0300] {logging_mixin.py:190} INFO - [2024-12-07T03:41:00.378-0300] {dagbag.py:588} INFO - Filling up the DagBag from /home/crisu/miniconda3/envs/lab13.1/lib/python3.9/site-packages/airflow/example_dags/tutorial_taskflow_templates.py
[2024-12-07T03:41:00.388-0300] {processor.py:925} INFO - DAG(s) 'tutorial_taskflow_templates' retrieved from /home/crisu/miniconda3/envs/lab13.1/lib/python3.9/site-packages/airflow/example_dags/tutorial_taskflow_templates.py
[2024-12-07T03:41:00.403-0300] {logging_mixin.py:190} INFO - [2024-12-07T03:41:00.402-0300] {dag.py:3239} INFO - Sync 1 DAGs
[2024-12-07T03:41:00.419-0300] {logging_mixin.py:190} INFO - [2024-12-07T03:41:00.419-0300] {dag.py:4180} INFO - Setting next_dagrun for tutorial_taskflow_templates to 2024-12-06 00:00:00+00:00, run_after=2024-12-07 00:00:00+00:00
[2024-12-07T03:41:00.471-0300] {processor.py:208} INFO - Processing /home/crisu/miniconda3/envs/lab13.1/lib/python3.9/site-packages/airflow/example_dags/tutorial_taskflow_templates.py took 0.100 seconds
[2024-12-07T03:43:51.139-0300] {processor.py:186} INFO - Started process (PID=45832) to work on /home/crisu/miniconda3/envs/lab13.1/lib/python3.9/site-packages/airflow/example_dags/tutorial_taskflow_templates.py
[2024-12-07T03:43:51.141-0300] {processor.py:914} INFO - Processing file /home/crisu/miniconda3/envs/lab13.1/lib/python3.9/site-packages/airflow/example_dags/tutorial_taskflow_templates.py for tasks to queue
[2024-12-07T03:43:51.142-0300] {logging_mixin.py:190} INFO - [2024-12-07T03:43:51.142-0300] {dagbag.py:588} INFO - Filling up the DagBag from /home/crisu/miniconda3/envs/lab13.1/lib/python3.9/site-packages/airflow/example_dags/tutorial_taskflow_templates.py
[2024-12-07T03:43:51.154-0300] {processor.py:925} INFO - DAG(s) 'tutorial_taskflow_templates' retrieved from /home/crisu/miniconda3/envs/lab13.1/lib/python3.9/site-packages/airflow/example_dags/tutorial_taskflow_templates.py
[2024-12-07T03:43:51.173-0300] {logging_mixin.py:190} INFO - [2024-12-07T03:43:51.173-0300] {dag.py:3239} INFO - Sync 1 DAGs
[2024-12-07T03:43:51.192-0300] {logging_mixin.py:190} INFO - [2024-12-07T03:43:51.191-0300] {dag.py:4180} INFO - Setting next_dagrun for tutorial_taskflow_templates to 2024-12-06 00:00:00+00:00, run_after=2024-12-07 00:00:00+00:00
[2024-12-07T03:43:51.250-0300] {processor.py:208} INFO - Processing /home/crisu/miniconda3/envs/lab13.1/lib/python3.9/site-packages/airflow/example_dags/tutorial_taskflow_templates.py took 0.117 seconds
[2024-12-07T03:47:47.556-0300] {processor.py:186} INFO - Started process (PID=46597) to work on /home/crisu/miniconda3/envs/lab13.1/lib/python3.9/site-packages/airflow/example_dags/tutorial_taskflow_templates.py
[2024-12-07T03:47:47.644-0300] {processor.py:914} INFO - Processing file /home/crisu/miniconda3/envs/lab13.1/lib/python3.9/site-packages/airflow/example_dags/tutorial_taskflow_templates.py for tasks to queue
[2024-12-07T03:47:47.646-0300] {logging_mixin.py:190} INFO - [2024-12-07T03:47:47.646-0300] {dagbag.py:588} INFO - Filling up the DagBag from /home/crisu/miniconda3/envs/lab13.1/lib/python3.9/site-packages/airflow/example_dags/tutorial_taskflow_templates.py
[2024-12-07T03:47:47.660-0300] {processor.py:925} INFO - DAG(s) 'tutorial_taskflow_templates' retrieved from /home/crisu/miniconda3/envs/lab13.1/lib/python3.9/site-packages/airflow/example_dags/tutorial_taskflow_templates.py
[2024-12-07T03:47:47.676-0300] {logging_mixin.py:190} INFO - [2024-12-07T03:47:47.676-0300] {dag.py:3239} INFO - Sync 1 DAGs
[2024-12-07T03:47:47.698-0300] {logging_mixin.py:190} INFO - [2024-12-07T03:47:47.698-0300] {dag.py:4180} INFO - Setting next_dagrun for tutorial_taskflow_templates to 2024-12-06 00:00:00+00:00, run_after=2024-12-07 00:00:00+00:00
[2024-12-07T03:47:49.182-0300] {processor.py:208} INFO - Processing /home/crisu/miniconda3/envs/lab13.1/lib/python3.9/site-packages/airflow/example_dags/tutorial_taskflow_templates.py took 1.633 seconds
[2024-12-07T03:49:49.920-0300] {processor.py:186} INFO - Started process (PID=46889) to work on /home/crisu/miniconda3/envs/lab13.1/lib/python3.9/site-packages/airflow/example_dags/tutorial_taskflow_templates.py
[2024-12-07T03:49:49.963-0300] {processor.py:914} INFO - Processing file /home/crisu/miniconda3/envs/lab13.1/lib/python3.9/site-packages/airflow/example_dags/tutorial_taskflow_templates.py for tasks to queue
[2024-12-07T03:49:49.966-0300] {logging_mixin.py:190} INFO - [2024-12-07T03:49:49.965-0300] {dagbag.py:588} INFO - Filling up the DagBag from /home/crisu/miniconda3/envs/lab13.1/lib/python3.9/site-packages/airflow/example_dags/tutorial_taskflow_templates.py
[2024-12-07T03:49:49.978-0300] {processor.py:925} INFO - DAG(s) 'tutorial_taskflow_templates' retrieved from /home/crisu/miniconda3/envs/lab13.1/lib/python3.9/site-packages/airflow/example_dags/tutorial_taskflow_templates.py
[2024-12-07T03:49:49.994-0300] {logging_mixin.py:190} INFO - [2024-12-07T03:49:49.994-0300] {dag.py:3239} INFO - Sync 1 DAGs
[2024-12-07T03:49:50.014-0300] {logging_mixin.py:190} INFO - [2024-12-07T03:49:50.014-0300] {dag.py:4180} INFO - Setting next_dagrun for tutorial_taskflow_templates to 2024-12-06 00:00:00+00:00, run_after=2024-12-07 00:00:00+00:00
[2024-12-07T03:49:51.122-0300] {processor.py:208} INFO - Processing /home/crisu/miniconda3/envs/lab13.1/lib/python3.9/site-packages/airflow/example_dags/tutorial_taskflow_templates.py took 1.208 seconds
[2024-12-07T03:51:22.260-0300] {processor.py:186} INFO - Started process (PID=46991) to work on /home/crisu/miniconda3/envs/lab13.1/lib/python3.9/site-packages/airflow/example_dags/tutorial_taskflow_templates.py
[2024-12-07T03:51:22.279-0300] {processor.py:914} INFO - Processing file /home/crisu/miniconda3/envs/lab13.1/lib/python3.9/site-packages/airflow/example_dags/tutorial_taskflow_templates.py for tasks to queue
[2024-12-07T03:51:22.281-0300] {logging_mixin.py:190} INFO - [2024-12-07T03:51:22.281-0300] {dagbag.py:588} INFO - Filling up the DagBag from /home/crisu/miniconda3/envs/lab13.1/lib/python3.9/site-packages/airflow/example_dags/tutorial_taskflow_templates.py
[2024-12-07T03:51:22.294-0300] {processor.py:925} INFO - DAG(s) 'tutorial_taskflow_templates' retrieved from /home/crisu/miniconda3/envs/lab13.1/lib/python3.9/site-packages/airflow/example_dags/tutorial_taskflow_templates.py
[2024-12-07T03:51:22.308-0300] {logging_mixin.py:190} INFO - [2024-12-07T03:51:22.307-0300] {dag.py:3239} INFO - Sync 1 DAGs
[2024-12-07T03:51:22.327-0300] {logging_mixin.py:190} INFO - [2024-12-07T03:51:22.327-0300] {dag.py:4180} INFO - Setting next_dagrun for tutorial_taskflow_templates to 2024-12-06 00:00:00+00:00, run_after=2024-12-07 00:00:00+00:00
[2024-12-07T03:51:22.396-0300] {processor.py:208} INFO - Processing /home/crisu/miniconda3/envs/lab13.1/lib/python3.9/site-packages/airflow/example_dags/tutorial_taskflow_templates.py took 0.142 seconds
[2024-12-07T03:52:09.359-0300] {processor.py:186} INFO - Started process (PID=47052) to work on /home/crisu/miniconda3/envs/lab13.1/lib/python3.9/site-packages/airflow/example_dags/tutorial_taskflow_templates.py
[2024-12-07T03:52:09.364-0300] {processor.py:914} INFO - Processing file /home/crisu/miniconda3/envs/lab13.1/lib/python3.9/site-packages/airflow/example_dags/tutorial_taskflow_templates.py for tasks to queue
[2024-12-07T03:52:09.366-0300] {logging_mixin.py:190} INFO - [2024-12-07T03:52:09.365-0300] {dagbag.py:588} INFO - Filling up the DagBag from /home/crisu/miniconda3/envs/lab13.1/lib/python3.9/site-packages/airflow/example_dags/tutorial_taskflow_templates.py
[2024-12-07T03:52:09.377-0300] {processor.py:925} INFO - DAG(s) 'tutorial_taskflow_templates' retrieved from /home/crisu/miniconda3/envs/lab13.1/lib/python3.9/site-packages/airflow/example_dags/tutorial_taskflow_templates.py
[2024-12-07T03:52:09.393-0300] {logging_mixin.py:190} INFO - [2024-12-07T03:52:09.393-0300] {dag.py:3239} INFO - Sync 1 DAGs
[2024-12-07T03:52:09.420-0300] {logging_mixin.py:190} INFO - [2024-12-07T03:52:09.420-0300] {dag.py:4180} INFO - Setting next_dagrun for tutorial_taskflow_templates to 2024-12-06 00:00:00+00:00, run_after=2024-12-07 00:00:00+00:00
[2024-12-07T03:52:09.477-0300] {processor.py:208} INFO - Processing /home/crisu/miniconda3/envs/lab13.1/lib/python3.9/site-packages/airflow/example_dags/tutorial_taskflow_templates.py took 0.122 seconds
[2024-12-07T03:53:56.984-0300] {processor.py:186} INFO - Started process (PID=47274) to work on /home/crisu/miniconda3/envs/lab13.1/lib/python3.9/site-packages/airflow/example_dags/tutorial_taskflow_templates.py
[2024-12-07T03:53:56.985-0300] {processor.py:914} INFO - Processing file /home/crisu/miniconda3/envs/lab13.1/lib/python3.9/site-packages/airflow/example_dags/tutorial_taskflow_templates.py for tasks to queue
[2024-12-07T03:53:56.987-0300] {logging_mixin.py:190} INFO - [2024-12-07T03:53:56.987-0300] {dagbag.py:588} INFO - Filling up the DagBag from /home/crisu/miniconda3/envs/lab13.1/lib/python3.9/site-packages/airflow/example_dags/tutorial_taskflow_templates.py
[2024-12-07T03:53:57.000-0300] {processor.py:925} INFO - DAG(s) 'tutorial_taskflow_templates' retrieved from /home/crisu/miniconda3/envs/lab13.1/lib/python3.9/site-packages/airflow/example_dags/tutorial_taskflow_templates.py
[2024-12-07T03:53:57.015-0300] {logging_mixin.py:190} INFO - [2024-12-07T03:53:57.014-0300] {dag.py:3239} INFO - Sync 1 DAGs
[2024-12-07T03:53:57.036-0300] {logging_mixin.py:190} INFO - [2024-12-07T03:53:57.036-0300] {dag.py:4180} INFO - Setting next_dagrun for tutorial_taskflow_templates to 2024-12-06 00:00:00+00:00, run_after=2024-12-07 00:00:00+00:00
[2024-12-07T03:53:58.271-0300] {processor.py:208} INFO - Processing /home/crisu/miniconda3/envs/lab13.1/lib/python3.9/site-packages/airflow/example_dags/tutorial_taskflow_templates.py took 1.293 seconds
[2024-12-07T03:54:59.741-0300] {processor.py:186} INFO - Started process (PID=47387) to work on /home/crisu/miniconda3/envs/lab13.1/lib/python3.9/site-packages/airflow/example_dags/tutorial_taskflow_templates.py
[2024-12-07T03:54:59.756-0300] {processor.py:914} INFO - Processing file /home/crisu/miniconda3/envs/lab13.1/lib/python3.9/site-packages/airflow/example_dags/tutorial_taskflow_templates.py for tasks to queue
[2024-12-07T03:54:59.758-0300] {logging_mixin.py:190} INFO - [2024-12-07T03:54:59.758-0300] {dagbag.py:588} INFO - Filling up the DagBag from /home/crisu/miniconda3/envs/lab13.1/lib/python3.9/site-packages/airflow/example_dags/tutorial_taskflow_templates.py
[2024-12-07T03:54:59.771-0300] {processor.py:925} INFO - DAG(s) 'tutorial_taskflow_templates' retrieved from /home/crisu/miniconda3/envs/lab13.1/lib/python3.9/site-packages/airflow/example_dags/tutorial_taskflow_templates.py
[2024-12-07T03:54:59.785-0300] {logging_mixin.py:190} INFO - [2024-12-07T03:54:59.785-0300] {dag.py:3239} INFO - Sync 1 DAGs
[2024-12-07T03:54:59.806-0300] {logging_mixin.py:190} INFO - [2024-12-07T03:54:59.806-0300] {dag.py:4180} INFO - Setting next_dagrun for tutorial_taskflow_templates to 2024-12-06 00:00:00+00:00, run_after=2024-12-07 00:00:00+00:00
[2024-12-07T03:54:59.866-0300] {processor.py:208} INFO - Processing /home/crisu/miniconda3/envs/lab13.1/lib/python3.9/site-packages/airflow/example_dags/tutorial_taskflow_templates.py took 0.131 seconds
[2024-12-07T03:56:07.015-0300] {processor.py:186} INFO - Started process (PID=47541) to work on /home/crisu/miniconda3/envs/lab13.1/lib/python3.9/site-packages/airflow/example_dags/tutorial_taskflow_templates.py
[2024-12-07T03:56:07.038-0300] {processor.py:914} INFO - Processing file /home/crisu/miniconda3/envs/lab13.1/lib/python3.9/site-packages/airflow/example_dags/tutorial_taskflow_templates.py for tasks to queue
[2024-12-07T03:56:07.040-0300] {logging_mixin.py:190} INFO - [2024-12-07T03:56:07.040-0300] {dagbag.py:588} INFO - Filling up the DagBag from /home/crisu/miniconda3/envs/lab13.1/lib/python3.9/site-packages/airflow/example_dags/tutorial_taskflow_templates.py
[2024-12-07T03:56:07.052-0300] {processor.py:925} INFO - DAG(s) 'tutorial_taskflow_templates' retrieved from /home/crisu/miniconda3/envs/lab13.1/lib/python3.9/site-packages/airflow/example_dags/tutorial_taskflow_templates.py
[2024-12-07T03:56:07.067-0300] {logging_mixin.py:190} INFO - [2024-12-07T03:56:07.066-0300] {dag.py:3239} INFO - Sync 1 DAGs
[2024-12-07T03:56:07.085-0300] {logging_mixin.py:190} INFO - [2024-12-07T03:56:07.085-0300] {dag.py:4180} INFO - Setting next_dagrun for tutorial_taskflow_templates to 2024-12-06 00:00:00+00:00, run_after=2024-12-07 00:00:00+00:00
[2024-12-07T03:56:07.162-0300] {processor.py:208} INFO - Processing /home/crisu/miniconda3/envs/lab13.1/lib/python3.9/site-packages/airflow/example_dags/tutorial_taskflow_templates.py took 0.152 seconds
[2024-12-07T03:56:59.238-0300] {processor.py:186} INFO - Started process (PID=47641) to work on /home/crisu/miniconda3/envs/lab13.1/lib/python3.9/site-packages/airflow/example_dags/tutorial_taskflow_templates.py
[2024-12-07T03:56:59.246-0300] {processor.py:914} INFO - Processing file /home/crisu/miniconda3/envs/lab13.1/lib/python3.9/site-packages/airflow/example_dags/tutorial_taskflow_templates.py for tasks to queue
[2024-12-07T03:56:59.248-0300] {logging_mixin.py:190} INFO - [2024-12-07T03:56:59.248-0300] {dagbag.py:588} INFO - Filling up the DagBag from /home/crisu/miniconda3/envs/lab13.1/lib/python3.9/site-packages/airflow/example_dags/tutorial_taskflow_templates.py
[2024-12-07T03:56:59.261-0300] {processor.py:925} INFO - DAG(s) 'tutorial_taskflow_templates' retrieved from /home/crisu/miniconda3/envs/lab13.1/lib/python3.9/site-packages/airflow/example_dags/tutorial_taskflow_templates.py
[2024-12-07T03:56:59.275-0300] {logging_mixin.py:190} INFO - [2024-12-07T03:56:59.275-0300] {dag.py:3239} INFO - Sync 1 DAGs
[2024-12-07T03:56:59.294-0300] {logging_mixin.py:190} INFO - [2024-12-07T03:56:59.294-0300] {dag.py:4180} INFO - Setting next_dagrun for tutorial_taskflow_templates to 2024-12-06 00:00:00+00:00, run_after=2024-12-07 00:00:00+00:00
[2024-12-07T03:56:59.357-0300] {processor.py:208} INFO - Processing /home/crisu/miniconda3/envs/lab13.1/lib/python3.9/site-packages/airflow/example_dags/tutorial_taskflow_templates.py took 0.124 seconds
[2024-12-07T03:58:16.826-0300] {processor.py:186} INFO - Started process (PID=47785) to work on /home/crisu/miniconda3/envs/lab13.1/lib/python3.9/site-packages/airflow/example_dags/tutorial_taskflow_templates.py
[2024-12-07T03:58:16.840-0300] {processor.py:914} INFO - Processing file /home/crisu/miniconda3/envs/lab13.1/lib/python3.9/site-packages/airflow/example_dags/tutorial_taskflow_templates.py for tasks to queue
[2024-12-07T03:58:16.843-0300] {logging_mixin.py:190} INFO - [2024-12-07T03:58:16.842-0300] {dagbag.py:588} INFO - Filling up the DagBag from /home/crisu/miniconda3/envs/lab13.1/lib/python3.9/site-packages/airflow/example_dags/tutorial_taskflow_templates.py
[2024-12-07T03:58:16.866-0300] {processor.py:925} INFO - DAG(s) 'tutorial_taskflow_templates' retrieved from /home/crisu/miniconda3/envs/lab13.1/lib/python3.9/site-packages/airflow/example_dags/tutorial_taskflow_templates.py
[2024-12-07T03:58:16.893-0300] {logging_mixin.py:190} INFO - [2024-12-07T03:58:16.892-0300] {dag.py:3239} INFO - Sync 1 DAGs
[2024-12-07T03:58:16.927-0300] {logging_mixin.py:190} INFO - [2024-12-07T03:58:16.926-0300] {dag.py:4180} INFO - Setting next_dagrun for tutorial_taskflow_templates to 2024-12-06 00:00:00+00:00, run_after=2024-12-07 00:00:00+00:00
[2024-12-07T03:58:17.000-0300] {processor.py:208} INFO - Processing /home/crisu/miniconda3/envs/lab13.1/lib/python3.9/site-packages/airflow/example_dags/tutorial_taskflow_templates.py took 0.182 seconds
[2024-12-07T04:00:11.704-0300] {processor.py:186} INFO - Started process (PID=48036) to work on /home/crisu/miniconda3/envs/lab13.1/lib/python3.9/site-packages/airflow/example_dags/tutorial_taskflow_templates.py
[2024-12-07T04:00:11.709-0300] {processor.py:914} INFO - Processing file /home/crisu/miniconda3/envs/lab13.1/lib/python3.9/site-packages/airflow/example_dags/tutorial_taskflow_templates.py for tasks to queue
[2024-12-07T04:00:11.711-0300] {logging_mixin.py:190} INFO - [2024-12-07T04:00:11.711-0300] {dagbag.py:588} INFO - Filling up the DagBag from /home/crisu/miniconda3/envs/lab13.1/lib/python3.9/site-packages/airflow/example_dags/tutorial_taskflow_templates.py
[2024-12-07T04:00:11.724-0300] {processor.py:925} INFO - DAG(s) 'tutorial_taskflow_templates' retrieved from /home/crisu/miniconda3/envs/lab13.1/lib/python3.9/site-packages/airflow/example_dags/tutorial_taskflow_templates.py
[2024-12-07T04:00:11.738-0300] {logging_mixin.py:190} INFO - [2024-12-07T04:00:11.738-0300] {dag.py:3239} INFO - Sync 1 DAGs
[2024-12-07T04:00:11.757-0300] {logging_mixin.py:190} INFO - [2024-12-07T04:00:11.757-0300] {dag.py:4180} INFO - Setting next_dagrun for tutorial_taskflow_templates to 2024-12-06 00:00:00+00:00, run_after=2024-12-07 00:00:00+00:00
[2024-12-07T04:00:11.820-0300] {processor.py:208} INFO - Processing /home/crisu/miniconda3/envs/lab13.1/lib/python3.9/site-packages/airflow/example_dags/tutorial_taskflow_templates.py took 0.120 seconds
[2024-12-07T04:01:26.998-0300] {processor.py:186} INFO - Started process (PID=48184) to work on /home/crisu/miniconda3/envs/lab13.1/lib/python3.9/site-packages/airflow/example_dags/tutorial_taskflow_templates.py
[2024-12-07T04:01:27.003-0300] {processor.py:914} INFO - Processing file /home/crisu/miniconda3/envs/lab13.1/lib/python3.9/site-packages/airflow/example_dags/tutorial_taskflow_templates.py for tasks to queue
[2024-12-07T04:01:27.005-0300] {logging_mixin.py:190} INFO - [2024-12-07T04:01:27.004-0300] {dagbag.py:588} INFO - Filling up the DagBag from /home/crisu/miniconda3/envs/lab13.1/lib/python3.9/site-packages/airflow/example_dags/tutorial_taskflow_templates.py
[2024-12-07T04:01:27.017-0300] {processor.py:925} INFO - DAG(s) 'tutorial_taskflow_templates' retrieved from /home/crisu/miniconda3/envs/lab13.1/lib/python3.9/site-packages/airflow/example_dags/tutorial_taskflow_templates.py
[2024-12-07T04:01:27.031-0300] {logging_mixin.py:190} INFO - [2024-12-07T04:01:27.031-0300] {dag.py:3239} INFO - Sync 1 DAGs
[2024-12-07T04:01:27.049-0300] {logging_mixin.py:190} INFO - [2024-12-07T04:01:27.049-0300] {dag.py:4180} INFO - Setting next_dagrun for tutorial_taskflow_templates to 2024-12-06 00:00:00+00:00, run_after=2024-12-07 00:00:00+00:00
[2024-12-07T04:01:27.104-0300] {processor.py:208} INFO - Processing /home/crisu/miniconda3/envs/lab13.1/lib/python3.9/site-packages/airflow/example_dags/tutorial_taskflow_templates.py took 0.111 seconds
[2024-12-07T04:07:03.006-0300] {processor.py:186} INFO - Started process (PID=49108) to work on /home/crisu/miniconda3/envs/lab13.1/lib/python3.9/site-packages/airflow/example_dags/tutorial_taskflow_templates.py
[2024-12-07T04:07:03.008-0300] {processor.py:914} INFO - Processing file /home/crisu/miniconda3/envs/lab13.1/lib/python3.9/site-packages/airflow/example_dags/tutorial_taskflow_templates.py for tasks to queue
[2024-12-07T04:07:03.010-0300] {logging_mixin.py:190} INFO - [2024-12-07T04:07:03.009-0300] {dagbag.py:588} INFO - Filling up the DagBag from /home/crisu/miniconda3/envs/lab13.1/lib/python3.9/site-packages/airflow/example_dags/tutorial_taskflow_templates.py
[2024-12-07T04:07:03.022-0300] {processor.py:925} INFO - DAG(s) 'tutorial_taskflow_templates' retrieved from /home/crisu/miniconda3/envs/lab13.1/lib/python3.9/site-packages/airflow/example_dags/tutorial_taskflow_templates.py
[2024-12-07T04:07:03.042-0300] {logging_mixin.py:190} INFO - [2024-12-07T04:07:03.042-0300] {dag.py:3239} INFO - Sync 1 DAGs
[2024-12-07T04:07:03.059-0300] {logging_mixin.py:190} INFO - [2024-12-07T04:07:03.059-0300] {dag.py:4180} INFO - Setting next_dagrun for tutorial_taskflow_templates to 2024-12-06 00:00:00+00:00, run_after=2024-12-07 00:00:00+00:00
[2024-12-07T04:07:04.109-0300] {processor.py:208} INFO - Processing /home/crisu/miniconda3/envs/lab13.1/lib/python3.9/site-packages/airflow/example_dags/tutorial_taskflow_templates.py took 1.107 seconds
[2024-12-07T04:08:35.670-0300] {processor.py:186} INFO - Started process (PID=49344) to work on /home/crisu/miniconda3/envs/lab13.1/lib/python3.9/site-packages/airflow/example_dags/tutorial_taskflow_templates.py
[2024-12-07T04:08:35.780-0300] {processor.py:914} INFO - Processing file /home/crisu/miniconda3/envs/lab13.1/lib/python3.9/site-packages/airflow/example_dags/tutorial_taskflow_templates.py for tasks to queue
[2024-12-07T04:08:35.781-0300] {logging_mixin.py:190} INFO - [2024-12-07T04:08:35.781-0300] {dagbag.py:588} INFO - Filling up the DagBag from /home/crisu/miniconda3/envs/lab13.1/lib/python3.9/site-packages/airflow/example_dags/tutorial_taskflow_templates.py
[2024-12-07T04:08:35.791-0300] {processor.py:925} INFO - DAG(s) 'tutorial_taskflow_templates' retrieved from /home/crisu/miniconda3/envs/lab13.1/lib/python3.9/site-packages/airflow/example_dags/tutorial_taskflow_templates.py
[2024-12-07T04:08:35.805-0300] {logging_mixin.py:190} INFO - [2024-12-07T04:08:35.805-0300] {dag.py:3239} INFO - Sync 1 DAGs
[2024-12-07T04:08:35.823-0300] {logging_mixin.py:190} INFO - [2024-12-07T04:08:35.823-0300] {dag.py:4180} INFO - Setting next_dagrun for tutorial_taskflow_templates to 2024-12-06 00:00:00+00:00, run_after=2024-12-07 00:00:00+00:00
[2024-12-07T04:08:37.302-0300] {processor.py:208} INFO - Processing /home/crisu/miniconda3/envs/lab13.1/lib/python3.9/site-packages/airflow/example_dags/tutorial_taskflow_templates.py took 1.637 seconds
[2024-12-07T04:09:40.003-0300] {processor.py:186} INFO - Started process (PID=49449) to work on /home/crisu/miniconda3/envs/lab13.1/lib/python3.9/site-packages/airflow/example_dags/tutorial_taskflow_templates.py
[2024-12-07T04:09:40.015-0300] {processor.py:914} INFO - Processing file /home/crisu/miniconda3/envs/lab13.1/lib/python3.9/site-packages/airflow/example_dags/tutorial_taskflow_templates.py for tasks to queue
[2024-12-07T04:09:40.017-0300] {logging_mixin.py:190} INFO - [2024-12-07T04:09:40.016-0300] {dagbag.py:588} INFO - Filling up the DagBag from /home/crisu/miniconda3/envs/lab13.1/lib/python3.9/site-packages/airflow/example_dags/tutorial_taskflow_templates.py
[2024-12-07T04:09:40.027-0300] {processor.py:925} INFO - DAG(s) 'tutorial_taskflow_templates' retrieved from /home/crisu/miniconda3/envs/lab13.1/lib/python3.9/site-packages/airflow/example_dags/tutorial_taskflow_templates.py
[2024-12-07T04:09:40.041-0300] {logging_mixin.py:190} INFO - [2024-12-07T04:09:40.041-0300] {dag.py:3239} INFO - Sync 1 DAGs
[2024-12-07T04:09:40.057-0300] {logging_mixin.py:190} INFO - [2024-12-07T04:09:40.056-0300] {dag.py:4180} INFO - Setting next_dagrun for tutorial_taskflow_templates to 2024-12-06 00:00:00+00:00, run_after=2024-12-07 00:00:00+00:00
[2024-12-07T04:09:40.112-0300] {processor.py:208} INFO - Processing /home/crisu/miniconda3/envs/lab13.1/lib/python3.9/site-packages/airflow/example_dags/tutorial_taskflow_templates.py took 0.114 seconds
[2024-12-07T04:10:40.290-0300] {processor.py:186} INFO - Started process (PID=49523) to work on /home/crisu/miniconda3/envs/lab13.1/lib/python3.9/site-packages/airflow/example_dags/tutorial_taskflow_templates.py
[2024-12-07T04:10:40.292-0300] {processor.py:914} INFO - Processing file /home/crisu/miniconda3/envs/lab13.1/lib/python3.9/site-packages/airflow/example_dags/tutorial_taskflow_templates.py for tasks to queue
[2024-12-07T04:10:40.293-0300] {logging_mixin.py:190} INFO - [2024-12-07T04:10:40.293-0300] {dagbag.py:588} INFO - Filling up the DagBag from /home/crisu/miniconda3/envs/lab13.1/lib/python3.9/site-packages/airflow/example_dags/tutorial_taskflow_templates.py
[2024-12-07T04:10:40.305-0300] {processor.py:925} INFO - DAG(s) 'tutorial_taskflow_templates' retrieved from /home/crisu/miniconda3/envs/lab13.1/lib/python3.9/site-packages/airflow/example_dags/tutorial_taskflow_templates.py
[2024-12-07T04:10:40.320-0300] {logging_mixin.py:190} INFO - [2024-12-07T04:10:40.320-0300] {dag.py:3239} INFO - Sync 1 DAGs
[2024-12-07T04:10:40.342-0300] {logging_mixin.py:190} INFO - [2024-12-07T04:10:40.341-0300] {dag.py:4180} INFO - Setting next_dagrun for tutorial_taskflow_templates to 2024-12-06 00:00:00+00:00, run_after=2024-12-07 00:00:00+00:00
[2024-12-07T04:10:41.320-0300] {processor.py:208} INFO - Processing /home/crisu/miniconda3/envs/lab13.1/lib/python3.9/site-packages/airflow/example_dags/tutorial_taskflow_templates.py took 1.037 seconds
[2024-12-07T04:11:42.869-0300] {processor.py:186} INFO - Started process (PID=49620) to work on /home/crisu/miniconda3/envs/lab13.1/lib/python3.9/site-packages/airflow/example_dags/tutorial_taskflow_templates.py
[2024-12-07T04:11:42.883-0300] {processor.py:914} INFO - Processing file /home/crisu/miniconda3/envs/lab13.1/lib/python3.9/site-packages/airflow/example_dags/tutorial_taskflow_templates.py for tasks to queue
[2024-12-07T04:11:42.885-0300] {logging_mixin.py:190} INFO - [2024-12-07T04:11:42.884-0300] {dagbag.py:588} INFO - Filling up the DagBag from /home/crisu/miniconda3/envs/lab13.1/lib/python3.9/site-packages/airflow/example_dags/tutorial_taskflow_templates.py
[2024-12-07T04:11:42.896-0300] {processor.py:925} INFO - DAG(s) 'tutorial_taskflow_templates' retrieved from /home/crisu/miniconda3/envs/lab13.1/lib/python3.9/site-packages/airflow/example_dags/tutorial_taskflow_templates.py
[2024-12-07T04:11:42.913-0300] {logging_mixin.py:190} INFO - [2024-12-07T04:11:42.913-0300] {dag.py:3239} INFO - Sync 1 DAGs
[2024-12-07T04:11:42.936-0300] {logging_mixin.py:190} INFO - [2024-12-07T04:11:42.936-0300] {dag.py:4180} INFO - Setting next_dagrun for tutorial_taskflow_templates to 2024-12-06 00:00:00+00:00, run_after=2024-12-07 00:00:00+00:00
[2024-12-07T04:11:43.001-0300] {processor.py:208} INFO - Processing /home/crisu/miniconda3/envs/lab13.1/lib/python3.9/site-packages/airflow/example_dags/tutorial_taskflow_templates.py took 0.138 seconds
[2024-12-07T04:12:33.947-0300] {processor.py:186} INFO - Started process (PID=49708) to work on /home/crisu/miniconda3/envs/lab13.1/lib/python3.9/site-packages/airflow/example_dags/tutorial_taskflow_templates.py
[2024-12-07T04:12:33.953-0300] {processor.py:914} INFO - Processing file /home/crisu/miniconda3/envs/lab13.1/lib/python3.9/site-packages/airflow/example_dags/tutorial_taskflow_templates.py for tasks to queue
[2024-12-07T04:12:33.954-0300] {logging_mixin.py:190} INFO - [2024-12-07T04:12:33.954-0300] {dagbag.py:588} INFO - Filling up the DagBag from /home/crisu/miniconda3/envs/lab13.1/lib/python3.9/site-packages/airflow/example_dags/tutorial_taskflow_templates.py
[2024-12-07T04:12:33.967-0300] {processor.py:925} INFO - DAG(s) 'tutorial_taskflow_templates' retrieved from /home/crisu/miniconda3/envs/lab13.1/lib/python3.9/site-packages/airflow/example_dags/tutorial_taskflow_templates.py
[2024-12-07T04:12:33.981-0300] {logging_mixin.py:190} INFO - [2024-12-07T04:12:33.981-0300] {dag.py:3239} INFO - Sync 1 DAGs
[2024-12-07T04:12:33.997-0300] {logging_mixin.py:190} INFO - [2024-12-07T04:12:33.997-0300] {dag.py:4180} INFO - Setting next_dagrun for tutorial_taskflow_templates to 2024-12-06 00:00:00+00:00, run_after=2024-12-07 00:00:00+00:00
[2024-12-07T04:12:34.056-0300] {processor.py:208} INFO - Processing /home/crisu/miniconda3/envs/lab13.1/lib/python3.9/site-packages/airflow/example_dags/tutorial_taskflow_templates.py took 0.114 seconds
[2024-12-07T04:13:49.830-0300] {processor.py:186} INFO - Started process (PID=49862) to work on /home/crisu/miniconda3/envs/lab13.1/lib/python3.9/site-packages/airflow/example_dags/tutorial_taskflow_templates.py
[2024-12-07T04:13:49.839-0300] {processor.py:914} INFO - Processing file /home/crisu/miniconda3/envs/lab13.1/lib/python3.9/site-packages/airflow/example_dags/tutorial_taskflow_templates.py for tasks to queue
[2024-12-07T04:13:49.841-0300] {logging_mixin.py:190} INFO - [2024-12-07T04:13:49.841-0300] {dagbag.py:588} INFO - Filling up the DagBag from /home/crisu/miniconda3/envs/lab13.1/lib/python3.9/site-packages/airflow/example_dags/tutorial_taskflow_templates.py
[2024-12-07T04:13:49.851-0300] {processor.py:925} INFO - DAG(s) 'tutorial_taskflow_templates' retrieved from /home/crisu/miniconda3/envs/lab13.1/lib/python3.9/site-packages/airflow/example_dags/tutorial_taskflow_templates.py
[2024-12-07T04:13:49.865-0300] {logging_mixin.py:190} INFO - [2024-12-07T04:13:49.865-0300] {dag.py:3239} INFO - Sync 1 DAGs
[2024-12-07T04:13:49.881-0300] {logging_mixin.py:190} INFO - [2024-12-07T04:13:49.880-0300] {dag.py:4180} INFO - Setting next_dagrun for tutorial_taskflow_templates to 2024-12-06 00:00:00+00:00, run_after=2024-12-07 00:00:00+00:00
[2024-12-07T04:13:49.937-0300] {processor.py:208} INFO - Processing /home/crisu/miniconda3/envs/lab13.1/lib/python3.9/site-packages/airflow/example_dags/tutorial_taskflow_templates.py took 0.112 seconds
[2024-12-07T04:15:08.300-0300] {processor.py:186} INFO - Started process (PID=49993) to work on /home/crisu/miniconda3/envs/lab13.1/lib/python3.9/site-packages/airflow/example_dags/tutorial_taskflow_templates.py
[2024-12-07T04:15:08.321-0300] {processor.py:914} INFO - Processing file /home/crisu/miniconda3/envs/lab13.1/lib/python3.9/site-packages/airflow/example_dags/tutorial_taskflow_templates.py for tasks to queue
[2024-12-07T04:15:08.322-0300] {logging_mixin.py:190} INFO - [2024-12-07T04:15:08.322-0300] {dagbag.py:588} INFO - Filling up the DagBag from /home/crisu/miniconda3/envs/lab13.1/lib/python3.9/site-packages/airflow/example_dags/tutorial_taskflow_templates.py
[2024-12-07T04:15:08.332-0300] {processor.py:925} INFO - DAG(s) 'tutorial_taskflow_templates' retrieved from /home/crisu/miniconda3/envs/lab13.1/lib/python3.9/site-packages/airflow/example_dags/tutorial_taskflow_templates.py
[2024-12-07T04:15:08.347-0300] {logging_mixin.py:190} INFO - [2024-12-07T04:15:08.346-0300] {dag.py:3239} INFO - Sync 1 DAGs
[2024-12-07T04:15:08.362-0300] {logging_mixin.py:190} INFO - [2024-12-07T04:15:08.362-0300] {dag.py:4180} INFO - Setting next_dagrun for tutorial_taskflow_templates to 2024-12-06 00:00:00+00:00, run_after=2024-12-07 00:00:00+00:00
[2024-12-07T04:15:08.557-0300] {processor.py:208} INFO - Processing /home/crisu/miniconda3/envs/lab13.1/lib/python3.9/site-packages/airflow/example_dags/tutorial_taskflow_templates.py took 0.262 seconds
