[2024-12-07T01:48:02.663-0300] {processor.py:186} INFO - Started process (PID=33515) to work on /home/crisu/miniconda3/envs/lab13.1/lib/python3.9/site-packages/airflow/example_dags/tutorial_objectstorage.py
[2024-12-07T01:48:02.663-0300] {processor.py:914} INFO - Processing file /home/crisu/miniconda3/envs/lab13.1/lib/python3.9/site-packages/airflow/example_dags/tutorial_objectstorage.py for tasks to queue
[2024-12-07T01:48:02.665-0300] {logging_mixin.py:190} INFO - [2024-12-07T01:48:02.665-0300] {dagbag.py:588} INFO - Filling up the DagBag from /home/crisu/miniconda3/envs/lab13.1/lib/python3.9/site-packages/airflow/example_dags/tutorial_objectstorage.py
[2024-12-07T01:48:02.676-0300] {processor.py:925} INFO - DAG(s) 'tutorial_objectstorage' retrieved from /home/crisu/miniconda3/envs/lab13.1/lib/python3.9/site-packages/airflow/example_dags/tutorial_objectstorage.py
[2024-12-07T01:48:03.044-0300] {logging_mixin.py:190} INFO - [2024-12-07T01:48:03.044-0300] {override.py:1911} INFO - Created Permission View: can delete on DAG:tutorial_objectstorage
[2024-12-07T01:48:03.101-0300] {logging_mixin.py:190} INFO - [2024-12-07T01:48:03.100-0300] {override.py:1911} INFO - Created Permission View: can edit on DAG:tutorial_objectstorage
[2024-12-07T01:48:03.146-0300] {logging_mixin.py:190} INFO - [2024-12-07T01:48:03.145-0300] {override.py:1911} INFO - Created Permission View: can read on DAG:tutorial_objectstorage
[2024-12-07T01:48:03.269-0300] {logging_mixin.py:190} INFO - [2024-12-07T01:48:03.269-0300] {override.py:1911} INFO - Created Permission View: can delete on DAG Run:tutorial_objectstorage
[2024-12-07T01:48:03.316-0300] {logging_mixin.py:190} INFO - [2024-12-07T01:48:03.315-0300] {override.py:1911} INFO - Created Permission View: can create on DAG Run:tutorial_objectstorage
[2024-12-07T01:48:03.372-0300] {logging_mixin.py:190} INFO - [2024-12-07T01:48:03.371-0300] {override.py:1911} INFO - Created Permission View: menu access on DAG Run:tutorial_objectstorage
[2024-12-07T01:48:03.474-0300] {logging_mixin.py:190} INFO - [2024-12-07T01:48:03.473-0300] {override.py:1911} INFO - Created Permission View: can read on DAG Run:tutorial_objectstorage
[2024-12-07T01:48:03.474-0300] {logging_mixin.py:190} INFO - [2024-12-07T01:48:03.474-0300] {dag.py:3239} INFO - Sync 1 DAGs
[2024-12-07T01:48:03.488-0300] {logging_mixin.py:190} INFO - [2024-12-07T01:48:03.488-0300] {dag.py:3262} INFO - Creating ORM DAG for tutorial_objectstorage
[2024-12-07T01:48:03.489-0300] {logging_mixin.py:190} INFO - [2024-12-07T01:48:03.489-0300] {dag.py:4180} INFO - Setting next_dagrun for tutorial_objectstorage to None, run_after=None
[2024-12-07T01:48:03.562-0300] {processor.py:208} INFO - Processing /home/crisu/miniconda3/envs/lab13.1/lib/python3.9/site-packages/airflow/example_dags/tutorial_objectstorage.py took 0.905 seconds
[2024-12-07T01:50:37.186-0300] {processor.py:186} INFO - Started process (PID=33775) to work on /home/crisu/miniconda3/envs/lab13.1/lib/python3.9/site-packages/airflow/example_dags/tutorial_objectstorage.py
[2024-12-07T01:50:37.187-0300] {processor.py:914} INFO - Processing file /home/crisu/miniconda3/envs/lab13.1/lib/python3.9/site-packages/airflow/example_dags/tutorial_objectstorage.py for tasks to queue
[2024-12-07T01:50:37.189-0300] {logging_mixin.py:190} INFO - [2024-12-07T01:50:37.189-0300] {dagbag.py:588} INFO - Filling up the DagBag from /home/crisu/miniconda3/envs/lab13.1/lib/python3.9/site-packages/airflow/example_dags/tutorial_objectstorage.py
[2024-12-07T01:50:37.197-0300] {processor.py:925} INFO - DAG(s) 'tutorial_objectstorage' retrieved from /home/crisu/miniconda3/envs/lab13.1/lib/python3.9/site-packages/airflow/example_dags/tutorial_objectstorage.py
[2024-12-07T01:50:37.215-0300] {logging_mixin.py:190} INFO - [2024-12-07T01:50:37.215-0300] {dag.py:3239} INFO - Sync 1 DAGs
[2024-12-07T01:50:37.227-0300] {logging_mixin.py:190} INFO - [2024-12-07T01:50:37.227-0300] {dag.py:4180} INFO - Setting next_dagrun for tutorial_objectstorage to None, run_after=None
[2024-12-07T01:50:37.290-0300] {processor.py:208} INFO - Processing /home/crisu/miniconda3/envs/lab13.1/lib/python3.9/site-packages/airflow/example_dags/tutorial_objectstorage.py took 0.109 seconds
[2024-12-07T01:50:57.397-0300] {processor.py:186} INFO - Started process (PID=33832) to work on /home/crisu/miniconda3/envs/lab13.1/lib/python3.9/site-packages/airflow/example_dags/tutorial_objectstorage.py
[2024-12-07T01:50:57.409-0300] {processor.py:914} INFO - Processing file /home/crisu/miniconda3/envs/lab13.1/lib/python3.9/site-packages/airflow/example_dags/tutorial_objectstorage.py for tasks to queue
[2024-12-07T01:50:57.411-0300] {logging_mixin.py:190} INFO - [2024-12-07T01:50:57.410-0300] {dagbag.py:588} INFO - Filling up the DagBag from /home/crisu/miniconda3/envs/lab13.1/lib/python3.9/site-packages/airflow/example_dags/tutorial_objectstorage.py
[2024-12-07T01:50:57.419-0300] {processor.py:925} INFO - DAG(s) 'tutorial_objectstorage' retrieved from /home/crisu/miniconda3/envs/lab13.1/lib/python3.9/site-packages/airflow/example_dags/tutorial_objectstorage.py
[2024-12-07T01:50:57.437-0300] {logging_mixin.py:190} INFO - [2024-12-07T01:50:57.436-0300] {dag.py:3239} INFO - Sync 1 DAGs
[2024-12-07T01:50:57.447-0300] {logging_mixin.py:190} INFO - [2024-12-07T01:50:57.447-0300] {dag.py:4180} INFO - Setting next_dagrun for tutorial_objectstorage to None, run_after=None
[2024-12-07T01:50:57.593-0300] {processor.py:208} INFO - Processing /home/crisu/miniconda3/envs/lab13.1/lib/python3.9/site-packages/airflow/example_dags/tutorial_objectstorage.py took 0.201 seconds
[2024-12-07T02:07:32.684-0300] {processor.py:186} INFO - Started process (PID=35331) to work on /home/crisu/miniconda3/envs/lab13.1/lib/python3.9/site-packages/airflow/example_dags/tutorial_objectstorage.py
[2024-12-07T02:07:32.701-0300] {processor.py:914} INFO - Processing file /home/crisu/miniconda3/envs/lab13.1/lib/python3.9/site-packages/airflow/example_dags/tutorial_objectstorage.py for tasks to queue
[2024-12-07T02:07:32.703-0300] {logging_mixin.py:190} INFO - [2024-12-07T02:07:32.703-0300] {dagbag.py:588} INFO - Filling up the DagBag from /home/crisu/miniconda3/envs/lab13.1/lib/python3.9/site-packages/airflow/example_dags/tutorial_objectstorage.py
[2024-12-07T02:07:32.714-0300] {processor.py:925} INFO - DAG(s) 'tutorial_objectstorage' retrieved from /home/crisu/miniconda3/envs/lab13.1/lib/python3.9/site-packages/airflow/example_dags/tutorial_objectstorage.py
[2024-12-07T02:07:32.737-0300] {logging_mixin.py:190} INFO - [2024-12-07T02:07:32.736-0300] {dag.py:3239} INFO - Sync 1 DAGs
[2024-12-07T02:07:32.749-0300] {logging_mixin.py:190} INFO - [2024-12-07T02:07:32.749-0300] {dag.py:4180} INFO - Setting next_dagrun for tutorial_objectstorage to None, run_after=None
[2024-12-07T02:07:32.826-0300] {processor.py:208} INFO - Processing /home/crisu/miniconda3/envs/lab13.1/lib/python3.9/site-packages/airflow/example_dags/tutorial_objectstorage.py took 0.147 seconds
[2024-12-07T02:10:52.339-0300] {processor.py:186} INFO - Started process (PID=35825) to work on /home/crisu/miniconda3/envs/lab13.1/lib/python3.9/site-packages/airflow/example_dags/tutorial_objectstorage.py
[2024-12-07T02:10:52.358-0300] {processor.py:914} INFO - Processing file /home/crisu/miniconda3/envs/lab13.1/lib/python3.9/site-packages/airflow/example_dags/tutorial_objectstorage.py for tasks to queue
[2024-12-07T02:10:52.359-0300] {logging_mixin.py:190} INFO - [2024-12-07T02:10:52.359-0300] {dagbag.py:588} INFO - Filling up the DagBag from /home/crisu/miniconda3/envs/lab13.1/lib/python3.9/site-packages/airflow/example_dags/tutorial_objectstorage.py
[2024-12-07T02:10:52.369-0300] {processor.py:925} INFO - DAG(s) 'tutorial_objectstorage' retrieved from /home/crisu/miniconda3/envs/lab13.1/lib/python3.9/site-packages/airflow/example_dags/tutorial_objectstorage.py
[2024-12-07T02:10:52.381-0300] {logging_mixin.py:190} INFO - [2024-12-07T02:10:52.381-0300] {dag.py:3239} INFO - Sync 1 DAGs
[2024-12-07T02:10:52.393-0300] {logging_mixin.py:190} INFO - [2024-12-07T02:10:52.392-0300] {dag.py:4180} INFO - Setting next_dagrun for tutorial_objectstorage to None, run_after=None
[2024-12-07T02:10:52.490-0300] {processor.py:208} INFO - Processing /home/crisu/miniconda3/envs/lab13.1/lib/python3.9/site-packages/airflow/example_dags/tutorial_objectstorage.py took 0.159 seconds
[2024-12-07T02:12:30.524-0300] {processor.py:186} INFO - Started process (PID=35997) to work on /home/crisu/miniconda3/envs/lab13.1/lib/python3.9/site-packages/airflow/example_dags/tutorial_objectstorage.py
[2024-12-07T02:12:30.528-0300] {processor.py:914} INFO - Processing file /home/crisu/miniconda3/envs/lab13.1/lib/python3.9/site-packages/airflow/example_dags/tutorial_objectstorage.py for tasks to queue
[2024-12-07T02:12:30.529-0300] {logging_mixin.py:190} INFO - [2024-12-07T02:12:30.529-0300] {dagbag.py:588} INFO - Filling up the DagBag from /home/crisu/miniconda3/envs/lab13.1/lib/python3.9/site-packages/airflow/example_dags/tutorial_objectstorage.py
[2024-12-07T02:12:30.538-0300] {processor.py:925} INFO - DAG(s) 'tutorial_objectstorage' retrieved from /home/crisu/miniconda3/envs/lab13.1/lib/python3.9/site-packages/airflow/example_dags/tutorial_objectstorage.py
[2024-12-07T02:12:30.550-0300] {logging_mixin.py:190} INFO - [2024-12-07T02:12:30.550-0300] {dag.py:3239} INFO - Sync 1 DAGs
[2024-12-07T02:12:30.561-0300] {logging_mixin.py:190} INFO - [2024-12-07T02:12:30.561-0300] {dag.py:4180} INFO - Setting next_dagrun for tutorial_objectstorage to None, run_after=None
[2024-12-07T02:12:30.616-0300] {processor.py:208} INFO - Processing /home/crisu/miniconda3/envs/lab13.1/lib/python3.9/site-packages/airflow/example_dags/tutorial_objectstorage.py took 0.099 seconds
[2024-12-07T02:13:57.268-0300] {processor.py:186} INFO - Started process (PID=36196) to work on /home/crisu/miniconda3/envs/lab13.1/lib/python3.9/site-packages/airflow/example_dags/tutorial_objectstorage.py
[2024-12-07T02:13:57.272-0300] {processor.py:914} INFO - Processing file /home/crisu/miniconda3/envs/lab13.1/lib/python3.9/site-packages/airflow/example_dags/tutorial_objectstorage.py for tasks to queue
[2024-12-07T02:13:57.274-0300] {logging_mixin.py:190} INFO - [2024-12-07T02:13:57.274-0300] {dagbag.py:588} INFO - Filling up the DagBag from /home/crisu/miniconda3/envs/lab13.1/lib/python3.9/site-packages/airflow/example_dags/tutorial_objectstorage.py
[2024-12-07T02:13:57.282-0300] {processor.py:925} INFO - DAG(s) 'tutorial_objectstorage' retrieved from /home/crisu/miniconda3/envs/lab13.1/lib/python3.9/site-packages/airflow/example_dags/tutorial_objectstorage.py
[2024-12-07T02:13:57.296-0300] {logging_mixin.py:190} INFO - [2024-12-07T02:13:57.296-0300] {dag.py:3239} INFO - Sync 1 DAGs
[2024-12-07T02:13:57.309-0300] {logging_mixin.py:190} INFO - [2024-12-07T02:13:57.309-0300] {dag.py:4180} INFO - Setting next_dagrun for tutorial_objectstorage to None, run_after=None
[2024-12-07T02:13:57.378-0300] {processor.py:208} INFO - Processing /home/crisu/miniconda3/envs/lab13.1/lib/python3.9/site-packages/airflow/example_dags/tutorial_objectstorage.py took 0.116 seconds
[2024-12-07T02:14:49.906-0300] {processor.py:186} INFO - Started process (PID=36324) to work on /home/crisu/miniconda3/envs/lab13.1/lib/python3.9/site-packages/airflow/example_dags/tutorial_objectstorage.py
[2024-12-07T02:14:49.934-0300] {processor.py:914} INFO - Processing file /home/crisu/miniconda3/envs/lab13.1/lib/python3.9/site-packages/airflow/example_dags/tutorial_objectstorage.py for tasks to queue
[2024-12-07T02:14:49.936-0300] {logging_mixin.py:190} INFO - [2024-12-07T02:14:49.936-0300] {dagbag.py:588} INFO - Filling up the DagBag from /home/crisu/miniconda3/envs/lab13.1/lib/python3.9/site-packages/airflow/example_dags/tutorial_objectstorage.py
[2024-12-07T02:14:49.944-0300] {processor.py:925} INFO - DAG(s) 'tutorial_objectstorage' retrieved from /home/crisu/miniconda3/envs/lab13.1/lib/python3.9/site-packages/airflow/example_dags/tutorial_objectstorage.py
[2024-12-07T02:14:49.958-0300] {logging_mixin.py:190} INFO - [2024-12-07T02:14:49.958-0300] {dag.py:3239} INFO - Sync 1 DAGs
[2024-12-07T02:14:49.969-0300] {logging_mixin.py:190} INFO - [2024-12-07T02:14:49.969-0300] {dag.py:4180} INFO - Setting next_dagrun for tutorial_objectstorage to None, run_after=None
[2024-12-07T02:14:50.453-0300] {processor.py:208} INFO - Processing /home/crisu/miniconda3/envs/lab13.1/lib/python3.9/site-packages/airflow/example_dags/tutorial_objectstorage.py took 0.555 seconds
[2024-12-07T02:16:05.202-0300] {processor.py:186} INFO - Started process (PID=36450) to work on /home/crisu/miniconda3/envs/lab13.1/lib/python3.9/site-packages/airflow/example_dags/tutorial_objectstorage.py
[2024-12-07T02:16:05.214-0300] {processor.py:914} INFO - Processing file /home/crisu/miniconda3/envs/lab13.1/lib/python3.9/site-packages/airflow/example_dags/tutorial_objectstorage.py for tasks to queue
[2024-12-07T02:16:05.215-0300] {logging_mixin.py:190} INFO - [2024-12-07T02:16:05.215-0300] {dagbag.py:588} INFO - Filling up the DagBag from /home/crisu/miniconda3/envs/lab13.1/lib/python3.9/site-packages/airflow/example_dags/tutorial_objectstorage.py
[2024-12-07T02:16:05.223-0300] {processor.py:925} INFO - DAG(s) 'tutorial_objectstorage' retrieved from /home/crisu/miniconda3/envs/lab13.1/lib/python3.9/site-packages/airflow/example_dags/tutorial_objectstorage.py
[2024-12-07T02:16:05.237-0300] {logging_mixin.py:190} INFO - [2024-12-07T02:16:05.237-0300] {dag.py:3239} INFO - Sync 1 DAGs
[2024-12-07T02:16:05.247-0300] {logging_mixin.py:190} INFO - [2024-12-07T02:16:05.247-0300] {dag.py:4180} INFO - Setting next_dagrun for tutorial_objectstorage to None, run_after=None
[2024-12-07T02:16:05.309-0300] {processor.py:208} INFO - Processing /home/crisu/miniconda3/envs/lab13.1/lib/python3.9/site-packages/airflow/example_dags/tutorial_objectstorage.py took 0.114 seconds
[2024-12-07T02:16:55.490-0300] {processor.py:186} INFO - Started process (PID=36515) to work on /home/crisu/miniconda3/envs/lab13.1/lib/python3.9/site-packages/airflow/example_dags/tutorial_objectstorage.py
[2024-12-07T02:16:55.544-0300] {processor.py:914} INFO - Processing file /home/crisu/miniconda3/envs/lab13.1/lib/python3.9/site-packages/airflow/example_dags/tutorial_objectstorage.py for tasks to queue
[2024-12-07T02:16:55.546-0300] {logging_mixin.py:190} INFO - [2024-12-07T02:16:55.546-0300] {dagbag.py:588} INFO - Filling up the DagBag from /home/crisu/miniconda3/envs/lab13.1/lib/python3.9/site-packages/airflow/example_dags/tutorial_objectstorage.py
[2024-12-07T02:16:55.554-0300] {processor.py:925} INFO - DAG(s) 'tutorial_objectstorage' retrieved from /home/crisu/miniconda3/envs/lab13.1/lib/python3.9/site-packages/airflow/example_dags/tutorial_objectstorage.py
[2024-12-07T02:16:55.567-0300] {logging_mixin.py:190} INFO - [2024-12-07T02:16:55.567-0300] {dag.py:3239} INFO - Sync 1 DAGs
[2024-12-07T02:16:55.578-0300] {logging_mixin.py:190} INFO - [2024-12-07T02:16:55.577-0300] {dag.py:4180} INFO - Setting next_dagrun for tutorial_objectstorage to None, run_after=None
[2024-12-07T02:16:55.632-0300] {processor.py:208} INFO - Processing /home/crisu/miniconda3/envs/lab13.1/lib/python3.9/site-packages/airflow/example_dags/tutorial_objectstorage.py took 0.149 seconds
[2024-12-07T02:17:41.663-0300] {processor.py:186} INFO - Started process (PID=36600) to work on /home/crisu/miniconda3/envs/lab13.1/lib/python3.9/site-packages/airflow/example_dags/tutorial_objectstorage.py
[2024-12-07T02:17:41.757-0300] {processor.py:914} INFO - Processing file /home/crisu/miniconda3/envs/lab13.1/lib/python3.9/site-packages/airflow/example_dags/tutorial_objectstorage.py for tasks to queue
[2024-12-07T02:17:41.759-0300] {logging_mixin.py:190} INFO - [2024-12-07T02:17:41.759-0300] {dagbag.py:588} INFO - Filling up the DagBag from /home/crisu/miniconda3/envs/lab13.1/lib/python3.9/site-packages/airflow/example_dags/tutorial_objectstorage.py
[2024-12-07T02:17:41.767-0300] {processor.py:925} INFO - DAG(s) 'tutorial_objectstorage' retrieved from /home/crisu/miniconda3/envs/lab13.1/lib/python3.9/site-packages/airflow/example_dags/tutorial_objectstorage.py
[2024-12-07T02:17:41.779-0300] {logging_mixin.py:190} INFO - [2024-12-07T02:17:41.779-0300] {dag.py:3239} INFO - Sync 1 DAGs
[2024-12-07T02:17:41.790-0300] {logging_mixin.py:190} INFO - [2024-12-07T02:17:41.789-0300] {dag.py:4180} INFO - Setting next_dagrun for tutorial_objectstorage to None, run_after=None
[2024-12-07T02:17:41.851-0300] {processor.py:208} INFO - Processing /home/crisu/miniconda3/envs/lab13.1/lib/python3.9/site-packages/airflow/example_dags/tutorial_objectstorage.py took 0.195 seconds
[2024-12-07T02:18:24.952-0300] {processor.py:186} INFO - Started process (PID=36663) to work on /home/crisu/miniconda3/envs/lab13.1/lib/python3.9/site-packages/airflow/example_dags/tutorial_objectstorage.py
[2024-12-07T02:18:24.953-0300] {processor.py:914} INFO - Processing file /home/crisu/miniconda3/envs/lab13.1/lib/python3.9/site-packages/airflow/example_dags/tutorial_objectstorage.py for tasks to queue
[2024-12-07T02:18:24.954-0300] {logging_mixin.py:190} INFO - [2024-12-07T02:18:24.954-0300] {dagbag.py:588} INFO - Filling up the DagBag from /home/crisu/miniconda3/envs/lab13.1/lib/python3.9/site-packages/airflow/example_dags/tutorial_objectstorage.py
[2024-12-07T02:18:24.962-0300] {processor.py:925} INFO - DAG(s) 'tutorial_objectstorage' retrieved from /home/crisu/miniconda3/envs/lab13.1/lib/python3.9/site-packages/airflow/example_dags/tutorial_objectstorage.py
[2024-12-07T02:18:24.974-0300] {logging_mixin.py:190} INFO - [2024-12-07T02:18:24.974-0300] {dag.py:3239} INFO - Sync 1 DAGs
[2024-12-07T02:18:24.985-0300] {logging_mixin.py:190} INFO - [2024-12-07T02:18:24.984-0300] {dag.py:4180} INFO - Setting next_dagrun for tutorial_objectstorage to None, run_after=None
[2024-12-07T02:18:25.046-0300] {processor.py:208} INFO - Processing /home/crisu/miniconda3/envs/lab13.1/lib/python3.9/site-packages/airflow/example_dags/tutorial_objectstorage.py took 0.102 seconds
[2024-12-07T02:30:44.112-0300] {processor.py:186} INFO - Started process (PID=37884) to work on /home/crisu/miniconda3/envs/lab13.1/lib/python3.9/site-packages/airflow/example_dags/tutorial_objectstorage.py
[2024-12-07T02:30:44.113-0300] {processor.py:914} INFO - Processing file /home/crisu/miniconda3/envs/lab13.1/lib/python3.9/site-packages/airflow/example_dags/tutorial_objectstorage.py for tasks to queue
[2024-12-07T02:30:44.115-0300] {logging_mixin.py:190} INFO - [2024-12-07T02:30:44.115-0300] {dagbag.py:588} INFO - Filling up the DagBag from /home/crisu/miniconda3/envs/lab13.1/lib/python3.9/site-packages/airflow/example_dags/tutorial_objectstorage.py
[2024-12-07T02:30:44.125-0300] {processor.py:925} INFO - DAG(s) 'tutorial_objectstorage' retrieved from /home/crisu/miniconda3/envs/lab13.1/lib/python3.9/site-packages/airflow/example_dags/tutorial_objectstorage.py
[2024-12-07T02:30:44.148-0300] {logging_mixin.py:190} INFO - [2024-12-07T02:30:44.148-0300] {dag.py:3239} INFO - Sync 1 DAGs
[2024-12-07T02:30:44.161-0300] {logging_mixin.py:190} INFO - [2024-12-07T02:30:44.161-0300] {dag.py:4180} INFO - Setting next_dagrun for tutorial_objectstorage to None, run_after=None
[2024-12-07T02:30:44.218-0300] {processor.py:208} INFO - Processing /home/crisu/miniconda3/envs/lab13.1/lib/python3.9/site-packages/airflow/example_dags/tutorial_objectstorage.py took 0.111 seconds
[2024-12-07T02:33:25.473-0300] {processor.py:186} INFO - Started process (PID=38155) to work on /home/crisu/miniconda3/envs/lab13.1/lib/python3.9/site-packages/airflow/example_dags/tutorial_objectstorage.py
[2024-12-07T02:33:25.475-0300] {processor.py:914} INFO - Processing file /home/crisu/miniconda3/envs/lab13.1/lib/python3.9/site-packages/airflow/example_dags/tutorial_objectstorage.py for tasks to queue
[2024-12-07T02:33:25.477-0300] {logging_mixin.py:190} INFO - [2024-12-07T02:33:25.477-0300] {dagbag.py:588} INFO - Filling up the DagBag from /home/crisu/miniconda3/envs/lab13.1/lib/python3.9/site-packages/airflow/example_dags/tutorial_objectstorage.py
[2024-12-07T02:33:25.485-0300] {processor.py:925} INFO - DAG(s) 'tutorial_objectstorage' retrieved from /home/crisu/miniconda3/envs/lab13.1/lib/python3.9/site-packages/airflow/example_dags/tutorial_objectstorage.py
[2024-12-07T02:33:25.498-0300] {logging_mixin.py:190} INFO - [2024-12-07T02:33:25.498-0300] {dag.py:3239} INFO - Sync 1 DAGs
[2024-12-07T02:33:25.509-0300] {logging_mixin.py:190} INFO - [2024-12-07T02:33:25.509-0300] {dag.py:4180} INFO - Setting next_dagrun for tutorial_objectstorage to None, run_after=None
[2024-12-07T02:33:25.562-0300] {processor.py:208} INFO - Processing /home/crisu/miniconda3/envs/lab13.1/lib/python3.9/site-packages/airflow/example_dags/tutorial_objectstorage.py took 0.094 seconds
[2024-12-07T02:35:03.906-0300] {processor.py:186} INFO - Started process (PID=38361) to work on /home/crisu/miniconda3/envs/lab13.1/lib/python3.9/site-packages/airflow/example_dags/tutorial_objectstorage.py
[2024-12-07T02:35:03.921-0300] {processor.py:914} INFO - Processing file /home/crisu/miniconda3/envs/lab13.1/lib/python3.9/site-packages/airflow/example_dags/tutorial_objectstorage.py for tasks to queue
[2024-12-07T02:35:03.923-0300] {logging_mixin.py:190} INFO - [2024-12-07T02:35:03.923-0300] {dagbag.py:588} INFO - Filling up the DagBag from /home/crisu/miniconda3/envs/lab13.1/lib/python3.9/site-packages/airflow/example_dags/tutorial_objectstorage.py
[2024-12-07T02:35:03.931-0300] {processor.py:925} INFO - DAG(s) 'tutorial_objectstorage' retrieved from /home/crisu/miniconda3/envs/lab13.1/lib/python3.9/site-packages/airflow/example_dags/tutorial_objectstorage.py
[2024-12-07T02:35:03.944-0300] {logging_mixin.py:190} INFO - [2024-12-07T02:35:03.944-0300] {dag.py:3239} INFO - Sync 1 DAGs
[2024-12-07T02:35:03.955-0300] {logging_mixin.py:190} INFO - [2024-12-07T02:35:03.955-0300] {dag.py:4180} INFO - Setting next_dagrun for tutorial_objectstorage to None, run_after=None
[2024-12-07T02:35:04.383-0300] {processor.py:208} INFO - Processing /home/crisu/miniconda3/envs/lab13.1/lib/python3.9/site-packages/airflow/example_dags/tutorial_objectstorage.py took 0.482 seconds
[2024-12-07T02:36:54.595-0300] {processor.py:186} INFO - Started process (PID=38592) to work on /home/crisu/miniconda3/envs/lab13.1/lib/python3.9/site-packages/airflow/example_dags/tutorial_objectstorage.py
[2024-12-07T02:36:54.620-0300] {processor.py:914} INFO - Processing file /home/crisu/miniconda3/envs/lab13.1/lib/python3.9/site-packages/airflow/example_dags/tutorial_objectstorage.py for tasks to queue
[2024-12-07T02:36:54.623-0300] {logging_mixin.py:190} INFO - [2024-12-07T02:36:54.622-0300] {dagbag.py:588} INFO - Filling up the DagBag from /home/crisu/miniconda3/envs/lab13.1/lib/python3.9/site-packages/airflow/example_dags/tutorial_objectstorage.py
[2024-12-07T02:36:54.631-0300] {processor.py:925} INFO - DAG(s) 'tutorial_objectstorage' retrieved from /home/crisu/miniconda3/envs/lab13.1/lib/python3.9/site-packages/airflow/example_dags/tutorial_objectstorage.py
[2024-12-07T02:36:54.645-0300] {logging_mixin.py:190} INFO - [2024-12-07T02:36:54.645-0300] {dag.py:3239} INFO - Sync 1 DAGs
[2024-12-07T02:36:54.657-0300] {logging_mixin.py:190} INFO - [2024-12-07T02:36:54.657-0300] {dag.py:4180} INFO - Setting next_dagrun for tutorial_objectstorage to None, run_after=None
[2024-12-07T02:36:55.341-0300] {processor.py:208} INFO - Processing /home/crisu/miniconda3/envs/lab13.1/lib/python3.9/site-packages/airflow/example_dags/tutorial_objectstorage.py took 0.751 seconds
[2024-12-07T02:38:27.974-0300] {processor.py:186} INFO - Started process (PID=38739) to work on /home/crisu/miniconda3/envs/lab13.1/lib/python3.9/site-packages/airflow/example_dags/tutorial_objectstorage.py
[2024-12-07T02:38:28.164-0300] {processor.py:914} INFO - Processing file /home/crisu/miniconda3/envs/lab13.1/lib/python3.9/site-packages/airflow/example_dags/tutorial_objectstorage.py for tasks to queue
[2024-12-07T02:38:28.166-0300] {logging_mixin.py:190} INFO - [2024-12-07T02:38:28.166-0300] {dagbag.py:588} INFO - Filling up the DagBag from /home/crisu/miniconda3/envs/lab13.1/lib/python3.9/site-packages/airflow/example_dags/tutorial_objectstorage.py
[2024-12-07T02:38:28.174-0300] {processor.py:925} INFO - DAG(s) 'tutorial_objectstorage' retrieved from /home/crisu/miniconda3/envs/lab13.1/lib/python3.9/site-packages/airflow/example_dags/tutorial_objectstorage.py
[2024-12-07T02:38:28.187-0300] {logging_mixin.py:190} INFO - [2024-12-07T02:38:28.187-0300] {dag.py:3239} INFO - Sync 1 DAGs
[2024-12-07T02:38:28.198-0300] {logging_mixin.py:190} INFO - [2024-12-07T02:38:28.198-0300] {dag.py:4180} INFO - Setting next_dagrun for tutorial_objectstorage to None, run_after=None
[2024-12-07T02:38:29.881-0300] {processor.py:208} INFO - Processing /home/crisu/miniconda3/envs/lab13.1/lib/python3.9/site-packages/airflow/example_dags/tutorial_objectstorage.py took 1.912 seconds
[2024-12-07T02:40:12.254-0300] {processor.py:186} INFO - Started process (PID=38855) to work on /home/crisu/miniconda3/envs/lab13.1/lib/python3.9/site-packages/airflow/example_dags/tutorial_objectstorage.py
[2024-12-07T02:40:12.255-0300] {processor.py:914} INFO - Processing file /home/crisu/miniconda3/envs/lab13.1/lib/python3.9/site-packages/airflow/example_dags/tutorial_objectstorage.py for tasks to queue
[2024-12-07T02:40:12.257-0300] {logging_mixin.py:190} INFO - [2024-12-07T02:40:12.256-0300] {dagbag.py:588} INFO - Filling up the DagBag from /home/crisu/miniconda3/envs/lab13.1/lib/python3.9/site-packages/airflow/example_dags/tutorial_objectstorage.py
[2024-12-07T02:40:12.265-0300] {processor.py:925} INFO - DAG(s) 'tutorial_objectstorage' retrieved from /home/crisu/miniconda3/envs/lab13.1/lib/python3.9/site-packages/airflow/example_dags/tutorial_objectstorage.py
[2024-12-07T02:40:12.278-0300] {logging_mixin.py:190} INFO - [2024-12-07T02:40:12.277-0300] {dag.py:3239} INFO - Sync 1 DAGs
[2024-12-07T02:40:12.288-0300] {logging_mixin.py:190} INFO - [2024-12-07T02:40:12.288-0300] {dag.py:4180} INFO - Setting next_dagrun for tutorial_objectstorage to None, run_after=None
[2024-12-07T02:40:12.350-0300] {processor.py:208} INFO - Processing /home/crisu/miniconda3/envs/lab13.1/lib/python3.9/site-packages/airflow/example_dags/tutorial_objectstorage.py took 0.101 seconds
[2024-12-07T02:41:05.005-0300] {processor.py:186} INFO - Started process (PID=38956) to work on /home/crisu/miniconda3/envs/lab13.1/lib/python3.9/site-packages/airflow/example_dags/tutorial_objectstorage.py
[2024-12-07T02:41:05.016-0300] {processor.py:914} INFO - Processing file /home/crisu/miniconda3/envs/lab13.1/lib/python3.9/site-packages/airflow/example_dags/tutorial_objectstorage.py for tasks to queue
[2024-12-07T02:41:05.018-0300] {logging_mixin.py:190} INFO - [2024-12-07T02:41:05.018-0300] {dagbag.py:588} INFO - Filling up the DagBag from /home/crisu/miniconda3/envs/lab13.1/lib/python3.9/site-packages/airflow/example_dags/tutorial_objectstorage.py
[2024-12-07T02:41:05.028-0300] {processor.py:925} INFO - DAG(s) 'tutorial_objectstorage' retrieved from /home/crisu/miniconda3/envs/lab13.1/lib/python3.9/site-packages/airflow/example_dags/tutorial_objectstorage.py
[2024-12-07T02:41:05.043-0300] {logging_mixin.py:190} INFO - [2024-12-07T02:41:05.042-0300] {dag.py:3239} INFO - Sync 1 DAGs
[2024-12-07T02:41:05.056-0300] {logging_mixin.py:190} INFO - [2024-12-07T02:41:05.056-0300] {dag.py:4180} INFO - Setting next_dagrun for tutorial_objectstorage to None, run_after=None
[2024-12-07T02:41:05.127-0300] {processor.py:208} INFO - Processing /home/crisu/miniconda3/envs/lab13.1/lib/python3.9/site-packages/airflow/example_dags/tutorial_objectstorage.py took 0.127 seconds
[2024-12-07T02:42:18.947-0300] {processor.py:186} INFO - Started process (PID=39089) to work on /home/crisu/miniconda3/envs/lab13.1/lib/python3.9/site-packages/airflow/example_dags/tutorial_objectstorage.py
[2024-12-07T02:42:18.950-0300] {processor.py:914} INFO - Processing file /home/crisu/miniconda3/envs/lab13.1/lib/python3.9/site-packages/airflow/example_dags/tutorial_objectstorage.py for tasks to queue
[2024-12-07T02:42:18.951-0300] {logging_mixin.py:190} INFO - [2024-12-07T02:42:18.951-0300] {dagbag.py:588} INFO - Filling up the DagBag from /home/crisu/miniconda3/envs/lab13.1/lib/python3.9/site-packages/airflow/example_dags/tutorial_objectstorage.py
[2024-12-07T02:42:18.961-0300] {processor.py:925} INFO - DAG(s) 'tutorial_objectstorage' retrieved from /home/crisu/miniconda3/envs/lab13.1/lib/python3.9/site-packages/airflow/example_dags/tutorial_objectstorage.py
[2024-12-07T02:42:18.974-0300] {logging_mixin.py:190} INFO - [2024-12-07T02:42:18.974-0300] {dag.py:3239} INFO - Sync 1 DAGs
[2024-12-07T02:42:18.986-0300] {logging_mixin.py:190} INFO - [2024-12-07T02:42:18.986-0300] {dag.py:4180} INFO - Setting next_dagrun for tutorial_objectstorage to None, run_after=None
[2024-12-07T02:42:19.050-0300] {processor.py:208} INFO - Processing /home/crisu/miniconda3/envs/lab13.1/lib/python3.9/site-packages/airflow/example_dags/tutorial_objectstorage.py took 0.109 seconds
[2024-12-07T02:44:32.548-0300] {processor.py:186} INFO - Started process (PID=39686) to work on /home/crisu/miniconda3/envs/lab13.1/lib/python3.9/site-packages/airflow/example_dags/tutorial_objectstorage.py
[2024-12-07T02:44:32.556-0300] {processor.py:914} INFO - Processing file /home/crisu/miniconda3/envs/lab13.1/lib/python3.9/site-packages/airflow/example_dags/tutorial_objectstorage.py for tasks to queue
[2024-12-07T02:44:32.558-0300] {logging_mixin.py:190} INFO - [2024-12-07T02:44:32.557-0300] {dagbag.py:588} INFO - Filling up the DagBag from /home/crisu/miniconda3/envs/lab13.1/lib/python3.9/site-packages/airflow/example_dags/tutorial_objectstorage.py
[2024-12-07T02:44:32.566-0300] {processor.py:925} INFO - DAG(s) 'tutorial_objectstorage' retrieved from /home/crisu/miniconda3/envs/lab13.1/lib/python3.9/site-packages/airflow/example_dags/tutorial_objectstorage.py
[2024-12-07T02:44:32.585-0300] {logging_mixin.py:190} INFO - [2024-12-07T02:44:32.585-0300] {dag.py:3239} INFO - Sync 1 DAGs
[2024-12-07T02:44:32.596-0300] {logging_mixin.py:190} INFO - [2024-12-07T02:44:32.596-0300] {dag.py:4180} INFO - Setting next_dagrun for tutorial_objectstorage to None, run_after=None
[2024-12-07T02:44:32.657-0300] {processor.py:208} INFO - Processing /home/crisu/miniconda3/envs/lab13.1/lib/python3.9/site-packages/airflow/example_dags/tutorial_objectstorage.py took 0.114 seconds
[2024-12-07T02:45:42.511-0300] {processor.py:186} INFO - Started process (PID=39838) to work on /home/crisu/miniconda3/envs/lab13.1/lib/python3.9/site-packages/airflow/example_dags/tutorial_objectstorage.py
[2024-12-07T02:45:42.515-0300] {processor.py:914} INFO - Processing file /home/crisu/miniconda3/envs/lab13.1/lib/python3.9/site-packages/airflow/example_dags/tutorial_objectstorage.py for tasks to queue
[2024-12-07T02:45:42.517-0300] {logging_mixin.py:190} INFO - [2024-12-07T02:45:42.517-0300] {dagbag.py:588} INFO - Filling up the DagBag from /home/crisu/miniconda3/envs/lab13.1/lib/python3.9/site-packages/airflow/example_dags/tutorial_objectstorage.py
[2024-12-07T02:45:42.525-0300] {processor.py:925} INFO - DAG(s) 'tutorial_objectstorage' retrieved from /home/crisu/miniconda3/envs/lab13.1/lib/python3.9/site-packages/airflow/example_dags/tutorial_objectstorage.py
[2024-12-07T02:45:42.539-0300] {logging_mixin.py:190} INFO - [2024-12-07T02:45:42.538-0300] {dag.py:3239} INFO - Sync 1 DAGs
[2024-12-07T02:45:42.550-0300] {logging_mixin.py:190} INFO - [2024-12-07T02:45:42.550-0300] {dag.py:4180} INFO - Setting next_dagrun for tutorial_objectstorage to None, run_after=None
[2024-12-07T02:45:42.611-0300] {processor.py:208} INFO - Processing /home/crisu/miniconda3/envs/lab13.1/lib/python3.9/site-packages/airflow/example_dags/tutorial_objectstorage.py took 0.106 seconds
[2024-12-07T02:46:13.869-0300] {processor.py:186} INFO - Started process (PID=39975) to work on /home/crisu/miniconda3/envs/lab13.1/lib/python3.9/site-packages/airflow/example_dags/tutorial_objectstorage.py
[2024-12-07T02:46:13.870-0300] {processor.py:914} INFO - Processing file /home/crisu/miniconda3/envs/lab13.1/lib/python3.9/site-packages/airflow/example_dags/tutorial_objectstorage.py for tasks to queue
[2024-12-07T02:46:13.871-0300] {logging_mixin.py:190} INFO - [2024-12-07T02:46:13.871-0300] {dagbag.py:588} INFO - Filling up the DagBag from /home/crisu/miniconda3/envs/lab13.1/lib/python3.9/site-packages/airflow/example_dags/tutorial_objectstorage.py
[2024-12-07T02:46:13.879-0300] {processor.py:925} INFO - DAG(s) 'tutorial_objectstorage' retrieved from /home/crisu/miniconda3/envs/lab13.1/lib/python3.9/site-packages/airflow/example_dags/tutorial_objectstorage.py
[2024-12-07T02:46:13.898-0300] {logging_mixin.py:190} INFO - [2024-12-07T02:46:13.898-0300] {dag.py:3239} INFO - Sync 1 DAGs
[2024-12-07T02:46:13.909-0300] {logging_mixin.py:190} INFO - [2024-12-07T02:46:13.909-0300] {dag.py:4180} INFO - Setting next_dagrun for tutorial_objectstorage to None, run_after=None
[2024-12-07T02:46:13.967-0300] {processor.py:208} INFO - Processing /home/crisu/miniconda3/envs/lab13.1/lib/python3.9/site-packages/airflow/example_dags/tutorial_objectstorage.py took 0.103 seconds
[2024-12-07T02:47:24.101-0300] {processor.py:186} INFO - Started process (PID=40196) to work on /home/crisu/miniconda3/envs/lab13.1/lib/python3.9/site-packages/airflow/example_dags/tutorial_objectstorage.py
[2024-12-07T02:47:24.284-0300] {processor.py:914} INFO - Processing file /home/crisu/miniconda3/envs/lab13.1/lib/python3.9/site-packages/airflow/example_dags/tutorial_objectstorage.py for tasks to queue
[2024-12-07T02:47:24.286-0300] {logging_mixin.py:190} INFO - [2024-12-07T02:47:24.286-0300] {dagbag.py:588} INFO - Filling up the DagBag from /home/crisu/miniconda3/envs/lab13.1/lib/python3.9/site-packages/airflow/example_dags/tutorial_objectstorage.py
[2024-12-07T02:47:24.294-0300] {processor.py:925} INFO - DAG(s) 'tutorial_objectstorage' retrieved from /home/crisu/miniconda3/envs/lab13.1/lib/python3.9/site-packages/airflow/example_dags/tutorial_objectstorage.py
[2024-12-07T02:47:24.314-0300] {logging_mixin.py:190} INFO - [2024-12-07T02:47:24.313-0300] {dag.py:3239} INFO - Sync 1 DAGs
[2024-12-07T02:47:24.324-0300] {logging_mixin.py:190} INFO - [2024-12-07T02:47:24.324-0300] {dag.py:4180} INFO - Setting next_dagrun for tutorial_objectstorage to None, run_after=None
[2024-12-07T02:47:25.730-0300] {processor.py:208} INFO - Processing /home/crisu/miniconda3/envs/lab13.1/lib/python3.9/site-packages/airflow/example_dags/tutorial_objectstorage.py took 1.635 seconds
[2024-12-07T02:48:48.505-0300] {processor.py:186} INFO - Started process (PID=40458) to work on /home/crisu/miniconda3/envs/lab13.1/lib/python3.9/site-packages/airflow/example_dags/tutorial_objectstorage.py
[2024-12-07T02:48:48.542-0300] {processor.py:914} INFO - Processing file /home/crisu/miniconda3/envs/lab13.1/lib/python3.9/site-packages/airflow/example_dags/tutorial_objectstorage.py for tasks to queue
[2024-12-07T02:48:48.544-0300] {logging_mixin.py:190} INFO - [2024-12-07T02:48:48.544-0300] {dagbag.py:588} INFO - Filling up the DagBag from /home/crisu/miniconda3/envs/lab13.1/lib/python3.9/site-packages/airflow/example_dags/tutorial_objectstorage.py
[2024-12-07T02:48:48.553-0300] {processor.py:925} INFO - DAG(s) 'tutorial_objectstorage' retrieved from /home/crisu/miniconda3/envs/lab13.1/lib/python3.9/site-packages/airflow/example_dags/tutorial_objectstorage.py
[2024-12-07T02:48:48.572-0300] {logging_mixin.py:190} INFO - [2024-12-07T02:48:48.572-0300] {dag.py:3239} INFO - Sync 1 DAGs
[2024-12-07T02:48:48.582-0300] {logging_mixin.py:190} INFO - [2024-12-07T02:48:48.582-0300] {dag.py:4180} INFO - Setting next_dagrun for tutorial_objectstorage to None, run_after=None
[2024-12-07T02:48:49.868-0300] {processor.py:208} INFO - Processing /home/crisu/miniconda3/envs/lab13.1/lib/python3.9/site-packages/airflow/example_dags/tutorial_objectstorage.py took 1.369 seconds
[2024-12-07T02:49:53.031-0300] {processor.py:186} INFO - Started process (PID=40724) to work on /home/crisu/miniconda3/envs/lab13.1/lib/python3.9/site-packages/airflow/example_dags/tutorial_objectstorage.py
[2024-12-07T02:49:53.089-0300] {processor.py:914} INFO - Processing file /home/crisu/miniconda3/envs/lab13.1/lib/python3.9/site-packages/airflow/example_dags/tutorial_objectstorage.py for tasks to queue
[2024-12-07T02:49:53.091-0300] {logging_mixin.py:190} INFO - [2024-12-07T02:49:53.091-0300] {dagbag.py:588} INFO - Filling up the DagBag from /home/crisu/miniconda3/envs/lab13.1/lib/python3.9/site-packages/airflow/example_dags/tutorial_objectstorage.py
[2024-12-07T02:49:53.099-0300] {processor.py:925} INFO - DAG(s) 'tutorial_objectstorage' retrieved from /home/crisu/miniconda3/envs/lab13.1/lib/python3.9/site-packages/airflow/example_dags/tutorial_objectstorage.py
[2024-12-07T02:49:53.118-0300] {logging_mixin.py:190} INFO - [2024-12-07T02:49:53.118-0300] {dag.py:3239} INFO - Sync 1 DAGs
[2024-12-07T02:49:53.129-0300] {logging_mixin.py:190} INFO - [2024-12-07T02:49:53.129-0300] {dag.py:4180} INFO - Setting next_dagrun for tutorial_objectstorage to None, run_after=None
[2024-12-07T02:49:53.203-0300] {processor.py:208} INFO - Processing /home/crisu/miniconda3/envs/lab13.1/lib/python3.9/site-packages/airflow/example_dags/tutorial_objectstorage.py took 0.176 seconds
[2024-12-07T02:51:03.483-0300] {processor.py:186} INFO - Started process (PID=40941) to work on /home/crisu/miniconda3/envs/lab13.1/lib/python3.9/site-packages/airflow/example_dags/tutorial_objectstorage.py
[2024-12-07T02:51:03.488-0300] {processor.py:914} INFO - Processing file /home/crisu/miniconda3/envs/lab13.1/lib/python3.9/site-packages/airflow/example_dags/tutorial_objectstorage.py for tasks to queue
[2024-12-07T02:51:03.490-0300] {logging_mixin.py:190} INFO - [2024-12-07T02:51:03.490-0300] {dagbag.py:588} INFO - Filling up the DagBag from /home/crisu/miniconda3/envs/lab13.1/lib/python3.9/site-packages/airflow/example_dags/tutorial_objectstorage.py
[2024-12-07T02:51:03.497-0300] {processor.py:925} INFO - DAG(s) 'tutorial_objectstorage' retrieved from /home/crisu/miniconda3/envs/lab13.1/lib/python3.9/site-packages/airflow/example_dags/tutorial_objectstorage.py
[2024-12-07T02:51:03.511-0300] {logging_mixin.py:190} INFO - [2024-12-07T02:51:03.510-0300] {dag.py:3239} INFO - Sync 1 DAGs
[2024-12-07T02:51:03.521-0300] {logging_mixin.py:190} INFO - [2024-12-07T02:51:03.521-0300] {dag.py:4180} INFO - Setting next_dagrun for tutorial_objectstorage to None, run_after=None
[2024-12-07T02:51:03.581-0300] {processor.py:208} INFO - Processing /home/crisu/miniconda3/envs/lab13.1/lib/python3.9/site-packages/airflow/example_dags/tutorial_objectstorage.py took 0.105 seconds
[2024-12-07T03:19:13.961-0300] {processor.py:186} INFO - Started process (PID=42597) to work on /home/crisu/miniconda3/envs/lab13.1/lib/python3.9/site-packages/airflow/example_dags/tutorial_objectstorage.py
[2024-12-07T03:19:13.963-0300] {processor.py:914} INFO - Processing file /home/crisu/miniconda3/envs/lab13.1/lib/python3.9/site-packages/airflow/example_dags/tutorial_objectstorage.py for tasks to queue
[2024-12-07T03:19:13.964-0300] {logging_mixin.py:190} INFO - [2024-12-07T03:19:13.963-0300] {dagbag.py:588} INFO - Filling up the DagBag from /home/crisu/miniconda3/envs/lab13.1/lib/python3.9/site-packages/airflow/example_dags/tutorial_objectstorage.py
[2024-12-07T03:19:13.971-0300] {processor.py:925} INFO - DAG(s) 'tutorial_objectstorage' retrieved from /home/crisu/miniconda3/envs/lab13.1/lib/python3.9/site-packages/airflow/example_dags/tutorial_objectstorage.py
[2024-12-07T03:19:13.990-0300] {logging_mixin.py:190} INFO - [2024-12-07T03:19:13.989-0300] {dag.py:3239} INFO - Sync 1 DAGs
[2024-12-07T03:19:14.001-0300] {logging_mixin.py:190} INFO - [2024-12-07T03:19:14.001-0300] {dag.py:4180} INFO - Setting next_dagrun for tutorial_objectstorage to None, run_after=None
[2024-12-07T03:19:14.060-0300] {processor.py:208} INFO - Processing /home/crisu/miniconda3/envs/lab13.1/lib/python3.9/site-packages/airflow/example_dags/tutorial_objectstorage.py took 0.104 seconds
[2024-12-07T03:22:49.573-0300] {processor.py:186} INFO - Started process (PID=42820) to work on /home/crisu/miniconda3/envs/lab13.1/lib/python3.9/site-packages/airflow/example_dags/tutorial_objectstorage.py
[2024-12-07T03:22:49.579-0300] {processor.py:914} INFO - Processing file /home/crisu/miniconda3/envs/lab13.1/lib/python3.9/site-packages/airflow/example_dags/tutorial_objectstorage.py for tasks to queue
[2024-12-07T03:22:49.580-0300] {logging_mixin.py:190} INFO - [2024-12-07T03:22:49.580-0300] {dagbag.py:588} INFO - Filling up the DagBag from /home/crisu/miniconda3/envs/lab13.1/lib/python3.9/site-packages/airflow/example_dags/tutorial_objectstorage.py
[2024-12-07T03:22:49.588-0300] {processor.py:925} INFO - DAG(s) 'tutorial_objectstorage' retrieved from /home/crisu/miniconda3/envs/lab13.1/lib/python3.9/site-packages/airflow/example_dags/tutorial_objectstorage.py
[2024-12-07T03:22:49.601-0300] {logging_mixin.py:190} INFO - [2024-12-07T03:22:49.601-0300] {dag.py:3239} INFO - Sync 1 DAGs
[2024-12-07T03:22:49.611-0300] {logging_mixin.py:190} INFO - [2024-12-07T03:22:49.611-0300] {dag.py:4180} INFO - Setting next_dagrun for tutorial_objectstorage to None, run_after=None
[2024-12-07T03:22:50.326-0300] {processor.py:208} INFO - Processing /home/crisu/miniconda3/envs/lab13.1/lib/python3.9/site-packages/airflow/example_dags/tutorial_objectstorage.py took 0.758 seconds
[2024-12-07T03:26:23.998-0300] {processor.py:186} INFO - Started process (PID=43408) to work on /home/crisu/miniconda3/envs/lab13.1/lib/python3.9/site-packages/airflow/example_dags/tutorial_objectstorage.py
[2024-12-07T03:26:24.135-0300] {processor.py:914} INFO - Processing file /home/crisu/miniconda3/envs/lab13.1/lib/python3.9/site-packages/airflow/example_dags/tutorial_objectstorage.py for tasks to queue
[2024-12-07T03:26:24.137-0300] {logging_mixin.py:190} INFO - [2024-12-07T03:26:24.137-0300] {dagbag.py:588} INFO - Filling up the DagBag from /home/crisu/miniconda3/envs/lab13.1/lib/python3.9/site-packages/airflow/example_dags/tutorial_objectstorage.py
[2024-12-07T03:26:24.146-0300] {processor.py:925} INFO - DAG(s) 'tutorial_objectstorage' retrieved from /home/crisu/miniconda3/envs/lab13.1/lib/python3.9/site-packages/airflow/example_dags/tutorial_objectstorage.py
[2024-12-07T03:26:24.164-0300] {logging_mixin.py:190} INFO - [2024-12-07T03:26:24.163-0300] {dag.py:3239} INFO - Sync 1 DAGs
[2024-12-07T03:26:24.176-0300] {logging_mixin.py:190} INFO - [2024-12-07T03:26:24.176-0300] {dag.py:4180} INFO - Setting next_dagrun for tutorial_objectstorage to None, run_after=None
[2024-12-07T03:26:25.350-0300] {processor.py:208} INFO - Processing /home/crisu/miniconda3/envs/lab13.1/lib/python3.9/site-packages/airflow/example_dags/tutorial_objectstorage.py took 1.358 seconds
[2024-12-07T03:29:14.947-0300] {processor.py:186} INFO - Started process (PID=43810) to work on /home/crisu/miniconda3/envs/lab13.1/lib/python3.9/site-packages/airflow/example_dags/tutorial_objectstorage.py
[2024-12-07T03:29:14.970-0300] {processor.py:914} INFO - Processing file /home/crisu/miniconda3/envs/lab13.1/lib/python3.9/site-packages/airflow/example_dags/tutorial_objectstorage.py for tasks to queue
[2024-12-07T03:29:14.973-0300] {logging_mixin.py:190} INFO - [2024-12-07T03:29:14.972-0300] {dagbag.py:588} INFO - Filling up the DagBag from /home/crisu/miniconda3/envs/lab13.1/lib/python3.9/site-packages/airflow/example_dags/tutorial_objectstorage.py
[2024-12-07T03:29:14.983-0300] {processor.py:925} INFO - DAG(s) 'tutorial_objectstorage' retrieved from /home/crisu/miniconda3/envs/lab13.1/lib/python3.9/site-packages/airflow/example_dags/tutorial_objectstorage.py
[2024-12-07T03:29:14.996-0300] {logging_mixin.py:190} INFO - [2024-12-07T03:29:14.996-0300] {dag.py:3239} INFO - Sync 1 DAGs
[2024-12-07T03:29:15.008-0300] {logging_mixin.py:190} INFO - [2024-12-07T03:29:15.008-0300] {dag.py:4180} INFO - Setting next_dagrun for tutorial_objectstorage to None, run_after=None
[2024-12-07T03:29:15.080-0300] {processor.py:208} INFO - Processing /home/crisu/miniconda3/envs/lab13.1/lib/python3.9/site-packages/airflow/example_dags/tutorial_objectstorage.py took 0.141 seconds
[2024-12-07T03:33:16.949-0300] {processor.py:186} INFO - Started process (PID=44292) to work on /home/crisu/miniconda3/envs/lab13.1/lib/python3.9/site-packages/airflow/example_dags/tutorial_objectstorage.py
[2024-12-07T03:33:16.960-0300] {processor.py:914} INFO - Processing file /home/crisu/miniconda3/envs/lab13.1/lib/python3.9/site-packages/airflow/example_dags/tutorial_objectstorage.py for tasks to queue
[2024-12-07T03:33:16.962-0300] {logging_mixin.py:190} INFO - [2024-12-07T03:33:16.961-0300] {dagbag.py:588} INFO - Filling up the DagBag from /home/crisu/miniconda3/envs/lab13.1/lib/python3.9/site-packages/airflow/example_dags/tutorial_objectstorage.py
[2024-12-07T03:33:16.969-0300] {processor.py:925} INFO - DAG(s) 'tutorial_objectstorage' retrieved from /home/crisu/miniconda3/envs/lab13.1/lib/python3.9/site-packages/airflow/example_dags/tutorial_objectstorage.py
[2024-12-07T03:33:16.988-0300] {logging_mixin.py:190} INFO - [2024-12-07T03:33:16.988-0300] {dag.py:3239} INFO - Sync 1 DAGs
[2024-12-07T03:33:16.998-0300] {logging_mixin.py:190} INFO - [2024-12-07T03:33:16.998-0300] {dag.py:4180} INFO - Setting next_dagrun for tutorial_objectstorage to None, run_after=None
[2024-12-07T03:33:17.061-0300] {processor.py:208} INFO - Processing /home/crisu/miniconda3/envs/lab13.1/lib/python3.9/site-packages/airflow/example_dags/tutorial_objectstorage.py took 0.118 seconds
[2024-12-07T03:35:27.380-0300] {processor.py:186} INFO - Started process (PID=44706) to work on /home/crisu/miniconda3/envs/lab13.1/lib/python3.9/site-packages/airflow/example_dags/tutorial_objectstorage.py
[2024-12-07T03:35:27.407-0300] {processor.py:914} INFO - Processing file /home/crisu/miniconda3/envs/lab13.1/lib/python3.9/site-packages/airflow/example_dags/tutorial_objectstorage.py for tasks to queue
[2024-12-07T03:35:27.408-0300] {logging_mixin.py:190} INFO - [2024-12-07T03:35:27.408-0300] {dagbag.py:588} INFO - Filling up the DagBag from /home/crisu/miniconda3/envs/lab13.1/lib/python3.9/site-packages/airflow/example_dags/tutorial_objectstorage.py
[2024-12-07T03:35:27.416-0300] {processor.py:925} INFO - DAG(s) 'tutorial_objectstorage' retrieved from /home/crisu/miniconda3/envs/lab13.1/lib/python3.9/site-packages/airflow/example_dags/tutorial_objectstorage.py
[2024-12-07T03:35:27.428-0300] {logging_mixin.py:190} INFO - [2024-12-07T03:35:27.428-0300] {dag.py:3239} INFO - Sync 1 DAGs
[2024-12-07T03:35:27.439-0300] {logging_mixin.py:190} INFO - [2024-12-07T03:35:27.439-0300] {dag.py:4180} INFO - Setting next_dagrun for tutorial_objectstorage to None, run_after=None
[2024-12-07T03:35:27.506-0300] {processor.py:208} INFO - Processing /home/crisu/miniconda3/envs/lab13.1/lib/python3.9/site-packages/airflow/example_dags/tutorial_objectstorage.py took 0.131 seconds
[2024-12-07T03:36:24.922-0300] {processor.py:186} INFO - Started process (PID=44829) to work on /home/crisu/miniconda3/envs/lab13.1/lib/python3.9/site-packages/airflow/example_dags/tutorial_objectstorage.py
[2024-12-07T03:36:24.942-0300] {processor.py:914} INFO - Processing file /home/crisu/miniconda3/envs/lab13.1/lib/python3.9/site-packages/airflow/example_dags/tutorial_objectstorage.py for tasks to queue
[2024-12-07T03:36:24.944-0300] {logging_mixin.py:190} INFO - [2024-12-07T03:36:24.943-0300] {dagbag.py:588} INFO - Filling up the DagBag from /home/crisu/miniconda3/envs/lab13.1/lib/python3.9/site-packages/airflow/example_dags/tutorial_objectstorage.py
[2024-12-07T03:36:24.951-0300] {processor.py:925} INFO - DAG(s) 'tutorial_objectstorage' retrieved from /home/crisu/miniconda3/envs/lab13.1/lib/python3.9/site-packages/airflow/example_dags/tutorial_objectstorage.py
[2024-12-07T03:36:24.963-0300] {logging_mixin.py:190} INFO - [2024-12-07T03:36:24.963-0300] {dag.py:3239} INFO - Sync 1 DAGs
[2024-12-07T03:36:24.973-0300] {logging_mixin.py:190} INFO - [2024-12-07T03:36:24.973-0300] {dag.py:4180} INFO - Setting next_dagrun for tutorial_objectstorage to None, run_after=None
[2024-12-07T03:36:25.514-0300] {processor.py:208} INFO - Processing /home/crisu/miniconda3/envs/lab13.1/lib/python3.9/site-packages/airflow/example_dags/tutorial_objectstorage.py took 0.597 seconds
[2024-12-07T03:37:31.465-0300] {processor.py:186} INFO - Started process (PID=44933) to work on /home/crisu/miniconda3/envs/lab13.1/lib/python3.9/site-packages/airflow/example_dags/tutorial_objectstorage.py
[2024-12-07T03:37:31.572-0300] {processor.py:914} INFO - Processing file /home/crisu/miniconda3/envs/lab13.1/lib/python3.9/site-packages/airflow/example_dags/tutorial_objectstorage.py for tasks to queue
[2024-12-07T03:37:31.573-0300] {logging_mixin.py:190} INFO - [2024-12-07T03:37:31.573-0300] {dagbag.py:588} INFO - Filling up the DagBag from /home/crisu/miniconda3/envs/lab13.1/lib/python3.9/site-packages/airflow/example_dags/tutorial_objectstorage.py
[2024-12-07T03:37:31.582-0300] {processor.py:925} INFO - DAG(s) 'tutorial_objectstorage' retrieved from /home/crisu/miniconda3/envs/lab13.1/lib/python3.9/site-packages/airflow/example_dags/tutorial_objectstorage.py
[2024-12-07T03:37:31.597-0300] {logging_mixin.py:190} INFO - [2024-12-07T03:37:31.597-0300] {dag.py:3239} INFO - Sync 1 DAGs
[2024-12-07T03:37:31.610-0300] {logging_mixin.py:190} INFO - [2024-12-07T03:37:31.610-0300] {dag.py:4180} INFO - Setting next_dagrun for tutorial_objectstorage to None, run_after=None
[2024-12-07T03:37:32.072-0300] {processor.py:208} INFO - Processing /home/crisu/miniconda3/envs/lab13.1/lib/python3.9/site-packages/airflow/example_dags/tutorial_objectstorage.py took 0.615 seconds
[2024-12-07T03:38:27.536-0300] {processor.py:186} INFO - Started process (PID=45027) to work on /home/crisu/miniconda3/envs/lab13.1/lib/python3.9/site-packages/airflow/example_dags/tutorial_objectstorage.py
[2024-12-07T03:38:27.549-0300] {processor.py:914} INFO - Processing file /home/crisu/miniconda3/envs/lab13.1/lib/python3.9/site-packages/airflow/example_dags/tutorial_objectstorage.py for tasks to queue
[2024-12-07T03:38:27.550-0300] {logging_mixin.py:190} INFO - [2024-12-07T03:38:27.550-0300] {dagbag.py:588} INFO - Filling up the DagBag from /home/crisu/miniconda3/envs/lab13.1/lib/python3.9/site-packages/airflow/example_dags/tutorial_objectstorage.py
[2024-12-07T03:38:27.558-0300] {processor.py:925} INFO - DAG(s) 'tutorial_objectstorage' retrieved from /home/crisu/miniconda3/envs/lab13.1/lib/python3.9/site-packages/airflow/example_dags/tutorial_objectstorage.py
[2024-12-07T03:38:27.573-0300] {logging_mixin.py:190} INFO - [2024-12-07T03:38:27.572-0300] {dag.py:3239} INFO - Sync 1 DAGs
[2024-12-07T03:38:27.585-0300] {logging_mixin.py:190} INFO - [2024-12-07T03:38:27.585-0300] {dag.py:4180} INFO - Setting next_dagrun for tutorial_objectstorage to None, run_after=None
[2024-12-07T03:38:27.641-0300] {processor.py:208} INFO - Processing /home/crisu/miniconda3/envs/lab13.1/lib/python3.9/site-packages/airflow/example_dags/tutorial_objectstorage.py took 0.111 seconds
[2024-12-07T03:39:45.484-0300] {processor.py:186} INFO - Started process (PID=45189) to work on /home/crisu/miniconda3/envs/lab13.1/lib/python3.9/site-packages/airflow/example_dags/tutorial_objectstorage.py
[2024-12-07T03:39:45.492-0300] {processor.py:914} INFO - Processing file /home/crisu/miniconda3/envs/lab13.1/lib/python3.9/site-packages/airflow/example_dags/tutorial_objectstorage.py for tasks to queue
[2024-12-07T03:39:45.493-0300] {logging_mixin.py:190} INFO - [2024-12-07T03:39:45.493-0300] {dagbag.py:588} INFO - Filling up the DagBag from /home/crisu/miniconda3/envs/lab13.1/lib/python3.9/site-packages/airflow/example_dags/tutorial_objectstorage.py
[2024-12-07T03:39:45.501-0300] {processor.py:925} INFO - DAG(s) 'tutorial_objectstorage' retrieved from /home/crisu/miniconda3/envs/lab13.1/lib/python3.9/site-packages/airflow/example_dags/tutorial_objectstorage.py
[2024-12-07T03:39:45.514-0300] {logging_mixin.py:190} INFO - [2024-12-07T03:39:45.514-0300] {dag.py:3239} INFO - Sync 1 DAGs
[2024-12-07T03:39:45.524-0300] {logging_mixin.py:190} INFO - [2024-12-07T03:39:45.524-0300] {dag.py:4180} INFO - Setting next_dagrun for tutorial_objectstorage to None, run_after=None
[2024-12-07T03:39:45.581-0300] {processor.py:208} INFO - Processing /home/crisu/miniconda3/envs/lab13.1/lib/python3.9/site-packages/airflow/example_dags/tutorial_objectstorage.py took 0.102 seconds
[2024-12-07T03:40:59.139-0300] {processor.py:186} INFO - Started process (PID=45332) to work on /home/crisu/miniconda3/envs/lab13.1/lib/python3.9/site-packages/airflow/example_dags/tutorial_objectstorage.py
[2024-12-07T03:40:59.151-0300] {processor.py:914} INFO - Processing file /home/crisu/miniconda3/envs/lab13.1/lib/python3.9/site-packages/airflow/example_dags/tutorial_objectstorage.py for tasks to queue
[2024-12-07T03:40:59.153-0300] {logging_mixin.py:190} INFO - [2024-12-07T03:40:59.152-0300] {dagbag.py:588} INFO - Filling up the DagBag from /home/crisu/miniconda3/envs/lab13.1/lib/python3.9/site-packages/airflow/example_dags/tutorial_objectstorage.py
[2024-12-07T03:40:59.161-0300] {processor.py:925} INFO - DAG(s) 'tutorial_objectstorage' retrieved from /home/crisu/miniconda3/envs/lab13.1/lib/python3.9/site-packages/airflow/example_dags/tutorial_objectstorage.py
[2024-12-07T03:40:59.173-0300] {logging_mixin.py:190} INFO - [2024-12-07T03:40:59.173-0300] {dag.py:3239} INFO - Sync 1 DAGs
[2024-12-07T03:40:59.183-0300] {logging_mixin.py:190} INFO - [2024-12-07T03:40:59.183-0300] {dag.py:4180} INFO - Setting next_dagrun for tutorial_objectstorage to None, run_after=None
[2024-12-07T03:40:59.236-0300] {processor.py:208} INFO - Processing /home/crisu/miniconda3/envs/lab13.1/lib/python3.9/site-packages/airflow/example_dags/tutorial_objectstorage.py took 0.102 seconds
[2024-12-07T03:43:50.845-0300] {processor.py:186} INFO - Started process (PID=45831) to work on /home/crisu/miniconda3/envs/lab13.1/lib/python3.9/site-packages/airflow/example_dags/tutorial_objectstorage.py
[2024-12-07T03:43:50.847-0300] {processor.py:914} INFO - Processing file /home/crisu/miniconda3/envs/lab13.1/lib/python3.9/site-packages/airflow/example_dags/tutorial_objectstorage.py for tasks to queue
[2024-12-07T03:43:50.848-0300] {logging_mixin.py:190} INFO - [2024-12-07T03:43:50.848-0300] {dagbag.py:588} INFO - Filling up the DagBag from /home/crisu/miniconda3/envs/lab13.1/lib/python3.9/site-packages/airflow/example_dags/tutorial_objectstorage.py
[2024-12-07T03:43:50.856-0300] {processor.py:925} INFO - DAG(s) 'tutorial_objectstorage' retrieved from /home/crisu/miniconda3/envs/lab13.1/lib/python3.9/site-packages/airflow/example_dags/tutorial_objectstorage.py
[2024-12-07T03:43:50.874-0300] {logging_mixin.py:190} INFO - [2024-12-07T03:43:50.874-0300] {dag.py:3239} INFO - Sync 1 DAGs
[2024-12-07T03:43:50.886-0300] {logging_mixin.py:190} INFO - [2024-12-07T03:43:50.886-0300] {dag.py:4180} INFO - Setting next_dagrun for tutorial_objectstorage to None, run_after=None
[2024-12-07T03:43:50.949-0300] {processor.py:208} INFO - Processing /home/crisu/miniconda3/envs/lab13.1/lib/python3.9/site-packages/airflow/example_dags/tutorial_objectstorage.py took 0.109 seconds
[2024-12-07T03:47:43.233-0300] {processor.py:186} INFO - Started process (PID=46587) to work on /home/crisu/miniconda3/envs/lab13.1/lib/python3.9/site-packages/airflow/example_dags/tutorial_objectstorage.py
[2024-12-07T03:47:43.309-0300] {processor.py:914} INFO - Processing file /home/crisu/miniconda3/envs/lab13.1/lib/python3.9/site-packages/airflow/example_dags/tutorial_objectstorage.py for tasks to queue
[2024-12-07T03:47:43.312-0300] {logging_mixin.py:190} INFO - [2024-12-07T03:47:43.311-0300] {dagbag.py:588} INFO - Filling up the DagBag from /home/crisu/miniconda3/envs/lab13.1/lib/python3.9/site-packages/airflow/example_dags/tutorial_objectstorage.py
[2024-12-07T03:47:43.320-0300] {processor.py:925} INFO - DAG(s) 'tutorial_objectstorage' retrieved from /home/crisu/miniconda3/envs/lab13.1/lib/python3.9/site-packages/airflow/example_dags/tutorial_objectstorage.py
[2024-12-07T03:47:43.333-0300] {logging_mixin.py:190} INFO - [2024-12-07T03:47:43.332-0300] {dag.py:3239} INFO - Sync 1 DAGs
[2024-12-07T03:47:43.344-0300] {logging_mixin.py:190} INFO - [2024-12-07T03:47:43.344-0300] {dag.py:4180} INFO - Setting next_dagrun for tutorial_objectstorage to None, run_after=None
[2024-12-07T03:47:44.935-0300] {processor.py:208} INFO - Processing /home/crisu/miniconda3/envs/lab13.1/lib/python3.9/site-packages/airflow/example_dags/tutorial_objectstorage.py took 1.710 seconds
[2024-12-07T03:49:47.372-0300] {processor.py:186} INFO - Started process (PID=46888) to work on /home/crisu/miniconda3/envs/lab13.1/lib/python3.9/site-packages/airflow/example_dags/tutorial_objectstorage.py
[2024-12-07T03:49:47.490-0300] {processor.py:914} INFO - Processing file /home/crisu/miniconda3/envs/lab13.1/lib/python3.9/site-packages/airflow/example_dags/tutorial_objectstorage.py for tasks to queue
[2024-12-07T03:49:47.492-0300] {logging_mixin.py:190} INFO - [2024-12-07T03:49:47.492-0300] {dagbag.py:588} INFO - Filling up the DagBag from /home/crisu/miniconda3/envs/lab13.1/lib/python3.9/site-packages/airflow/example_dags/tutorial_objectstorage.py
[2024-12-07T03:49:47.502-0300] {processor.py:925} INFO - DAG(s) 'tutorial_objectstorage' retrieved from /home/crisu/miniconda3/envs/lab13.1/lib/python3.9/site-packages/airflow/example_dags/tutorial_objectstorage.py
[2024-12-07T03:49:47.517-0300] {logging_mixin.py:190} INFO - [2024-12-07T03:49:47.516-0300] {dag.py:3239} INFO - Sync 1 DAGs
[2024-12-07T03:49:47.528-0300] {logging_mixin.py:190} INFO - [2024-12-07T03:49:47.528-0300] {dag.py:4180} INFO - Setting next_dagrun for tutorial_objectstorage to None, run_after=None
[2024-12-07T03:49:48.866-0300] {processor.py:208} INFO - Processing /home/crisu/miniconda3/envs/lab13.1/lib/python3.9/site-packages/airflow/example_dags/tutorial_objectstorage.py took 1.500 seconds
[2024-12-07T03:51:20.950-0300] {processor.py:186} INFO - Started process (PID=46990) to work on /home/crisu/miniconda3/envs/lab13.1/lib/python3.9/site-packages/airflow/example_dags/tutorial_objectstorage.py
[2024-12-07T03:51:20.959-0300] {processor.py:914} INFO - Processing file /home/crisu/miniconda3/envs/lab13.1/lib/python3.9/site-packages/airflow/example_dags/tutorial_objectstorage.py for tasks to queue
[2024-12-07T03:51:20.964-0300] {logging_mixin.py:190} INFO - [2024-12-07T03:51:20.961-0300] {dagbag.py:588} INFO - Filling up the DagBag from /home/crisu/miniconda3/envs/lab13.1/lib/python3.9/site-packages/airflow/example_dags/tutorial_objectstorage.py
[2024-12-07T03:51:20.981-0300] {processor.py:925} INFO - DAG(s) 'tutorial_objectstorage' retrieved from /home/crisu/miniconda3/envs/lab13.1/lib/python3.9/site-packages/airflow/example_dags/tutorial_objectstorage.py
[2024-12-07T03:51:21.001-0300] {logging_mixin.py:190} INFO - [2024-12-07T03:51:21.001-0300] {dag.py:3239} INFO - Sync 1 DAGs
[2024-12-07T03:51:21.028-0300] {logging_mixin.py:190} INFO - [2024-12-07T03:51:21.028-0300] {dag.py:4180} INFO - Setting next_dagrun for tutorial_objectstorage to None, run_after=None
[2024-12-07T03:51:21.107-0300] {processor.py:208} INFO - Processing /home/crisu/miniconda3/envs/lab13.1/lib/python3.9/site-packages/airflow/example_dags/tutorial_objectstorage.py took 0.166 seconds
[2024-12-07T03:52:08.045-0300] {processor.py:186} INFO - Started process (PID=47051) to work on /home/crisu/miniconda3/envs/lab13.1/lib/python3.9/site-packages/airflow/example_dags/tutorial_objectstorage.py
[2024-12-07T03:52:08.053-0300] {processor.py:914} INFO - Processing file /home/crisu/miniconda3/envs/lab13.1/lib/python3.9/site-packages/airflow/example_dags/tutorial_objectstorage.py for tasks to queue
[2024-12-07T03:52:08.056-0300] {logging_mixin.py:190} INFO - [2024-12-07T03:52:08.056-0300] {dagbag.py:588} INFO - Filling up the DagBag from /home/crisu/miniconda3/envs/lab13.1/lib/python3.9/site-packages/airflow/example_dags/tutorial_objectstorage.py
[2024-12-07T03:52:08.072-0300] {processor.py:925} INFO - DAG(s) 'tutorial_objectstorage' retrieved from /home/crisu/miniconda3/envs/lab13.1/lib/python3.9/site-packages/airflow/example_dags/tutorial_objectstorage.py
[2024-12-07T03:52:08.096-0300] {logging_mixin.py:190} INFO - [2024-12-07T03:52:08.096-0300] {dag.py:3239} INFO - Sync 1 DAGs
[2024-12-07T03:52:08.119-0300] {logging_mixin.py:190} INFO - [2024-12-07T03:52:08.119-0300] {dag.py:4180} INFO - Setting next_dagrun for tutorial_objectstorage to None, run_after=None
[2024-12-07T03:52:08.194-0300] {processor.py:208} INFO - Processing /home/crisu/miniconda3/envs/lab13.1/lib/python3.9/site-packages/airflow/example_dags/tutorial_objectstorage.py took 0.156 seconds
[2024-12-07T03:53:55.043-0300] {processor.py:186} INFO - Started process (PID=47266) to work on /home/crisu/miniconda3/envs/lab13.1/lib/python3.9/site-packages/airflow/example_dags/tutorial_objectstorage.py
[2024-12-07T03:53:55.066-0300] {processor.py:914} INFO - Processing file /home/crisu/miniconda3/envs/lab13.1/lib/python3.9/site-packages/airflow/example_dags/tutorial_objectstorage.py for tasks to queue
[2024-12-07T03:53:55.068-0300] {logging_mixin.py:190} INFO - [2024-12-07T03:53:55.068-0300] {dagbag.py:588} INFO - Filling up the DagBag from /home/crisu/miniconda3/envs/lab13.1/lib/python3.9/site-packages/airflow/example_dags/tutorial_objectstorage.py
[2024-12-07T03:53:55.077-0300] {processor.py:925} INFO - DAG(s) 'tutorial_objectstorage' retrieved from /home/crisu/miniconda3/envs/lab13.1/lib/python3.9/site-packages/airflow/example_dags/tutorial_objectstorage.py
[2024-12-07T03:53:55.091-0300] {logging_mixin.py:190} INFO - [2024-12-07T03:53:55.091-0300] {dag.py:3239} INFO - Sync 1 DAGs
[2024-12-07T03:53:55.102-0300] {logging_mixin.py:190} INFO - [2024-12-07T03:53:55.102-0300] {dag.py:4180} INFO - Setting next_dagrun for tutorial_objectstorage to None, run_after=None
[2024-12-07T03:53:55.844-0300] {processor.py:208} INFO - Processing /home/crisu/miniconda3/envs/lab13.1/lib/python3.9/site-packages/airflow/example_dags/tutorial_objectstorage.py took 0.807 seconds
[2024-12-07T03:54:58.395-0300] {processor.py:186} INFO - Started process (PID=47386) to work on /home/crisu/miniconda3/envs/lab13.1/lib/python3.9/site-packages/airflow/example_dags/tutorial_objectstorage.py
[2024-12-07T03:54:58.403-0300] {processor.py:914} INFO - Processing file /home/crisu/miniconda3/envs/lab13.1/lib/python3.9/site-packages/airflow/example_dags/tutorial_objectstorage.py for tasks to queue
[2024-12-07T03:54:58.406-0300] {logging_mixin.py:190} INFO - [2024-12-07T03:54:58.405-0300] {dagbag.py:588} INFO - Filling up the DagBag from /home/crisu/miniconda3/envs/lab13.1/lib/python3.9/site-packages/airflow/example_dags/tutorial_objectstorage.py
[2024-12-07T03:54:58.420-0300] {processor.py:925} INFO - DAG(s) 'tutorial_objectstorage' retrieved from /home/crisu/miniconda3/envs/lab13.1/lib/python3.9/site-packages/airflow/example_dags/tutorial_objectstorage.py
[2024-12-07T03:54:58.442-0300] {logging_mixin.py:190} INFO - [2024-12-07T03:54:58.441-0300] {dag.py:3239} INFO - Sync 1 DAGs
[2024-12-07T03:54:58.471-0300] {logging_mixin.py:190} INFO - [2024-12-07T03:54:58.471-0300] {dag.py:4180} INFO - Setting next_dagrun for tutorial_objectstorage to None, run_after=None
[2024-12-07T03:54:58.547-0300] {processor.py:208} INFO - Processing /home/crisu/miniconda3/envs/lab13.1/lib/python3.9/site-packages/airflow/example_dags/tutorial_objectstorage.py took 0.161 seconds
[2024-12-07T03:56:05.765-0300] {processor.py:186} INFO - Started process (PID=47540) to work on /home/crisu/miniconda3/envs/lab13.1/lib/python3.9/site-packages/airflow/example_dags/tutorial_objectstorage.py
[2024-12-07T03:56:05.788-0300] {processor.py:914} INFO - Processing file /home/crisu/miniconda3/envs/lab13.1/lib/python3.9/site-packages/airflow/example_dags/tutorial_objectstorage.py for tasks to queue
[2024-12-07T03:56:05.790-0300] {logging_mixin.py:190} INFO - [2024-12-07T03:56:05.789-0300] {dagbag.py:588} INFO - Filling up the DagBag from /home/crisu/miniconda3/envs/lab13.1/lib/python3.9/site-packages/airflow/example_dags/tutorial_objectstorage.py
[2024-12-07T03:56:05.798-0300] {processor.py:925} INFO - DAG(s) 'tutorial_objectstorage' retrieved from /home/crisu/miniconda3/envs/lab13.1/lib/python3.9/site-packages/airflow/example_dags/tutorial_objectstorage.py
[2024-12-07T03:56:05.811-0300] {logging_mixin.py:190} INFO - [2024-12-07T03:56:05.810-0300] {dag.py:3239} INFO - Sync 1 DAGs
[2024-12-07T03:56:05.823-0300] {logging_mixin.py:190} INFO - [2024-12-07T03:56:05.823-0300] {dag.py:4180} INFO - Setting next_dagrun for tutorial_objectstorage to None, run_after=None
[2024-12-07T03:56:05.894-0300] {processor.py:208} INFO - Processing /home/crisu/miniconda3/envs/lab13.1/lib/python3.9/site-packages/airflow/example_dags/tutorial_objectstorage.py took 0.134 seconds
[2024-12-07T03:56:57.947-0300] {processor.py:186} INFO - Started process (PID=47640) to work on /home/crisu/miniconda3/envs/lab13.1/lib/python3.9/site-packages/airflow/example_dags/tutorial_objectstorage.py
[2024-12-07T03:56:57.957-0300] {processor.py:914} INFO - Processing file /home/crisu/miniconda3/envs/lab13.1/lib/python3.9/site-packages/airflow/example_dags/tutorial_objectstorage.py for tasks to queue
[2024-12-07T03:56:57.959-0300] {logging_mixin.py:190} INFO - [2024-12-07T03:56:57.959-0300] {dagbag.py:588} INFO - Filling up the DagBag from /home/crisu/miniconda3/envs/lab13.1/lib/python3.9/site-packages/airflow/example_dags/tutorial_objectstorage.py
[2024-12-07T03:56:57.968-0300] {processor.py:925} INFO - DAG(s) 'tutorial_objectstorage' retrieved from /home/crisu/miniconda3/envs/lab13.1/lib/python3.9/site-packages/airflow/example_dags/tutorial_objectstorage.py
[2024-12-07T03:56:57.982-0300] {logging_mixin.py:190} INFO - [2024-12-07T03:56:57.981-0300] {dag.py:3239} INFO - Sync 1 DAGs
[2024-12-07T03:56:57.994-0300] {logging_mixin.py:190} INFO - [2024-12-07T03:56:57.994-0300] {dag.py:4180} INFO - Setting next_dagrun for tutorial_objectstorage to None, run_after=None
[2024-12-07T03:56:58.055-0300] {processor.py:208} INFO - Processing /home/crisu/miniconda3/envs/lab13.1/lib/python3.9/site-packages/airflow/example_dags/tutorial_objectstorage.py took 0.113 seconds
[2024-12-07T03:58:13.679-0300] {processor.py:186} INFO - Started process (PID=47776) to work on /home/crisu/miniconda3/envs/lab13.1/lib/python3.9/site-packages/airflow/example_dags/tutorial_objectstorage.py
[2024-12-07T03:58:13.951-0300] {processor.py:914} INFO - Processing file /home/crisu/miniconda3/envs/lab13.1/lib/python3.9/site-packages/airflow/example_dags/tutorial_objectstorage.py for tasks to queue
[2024-12-07T03:58:13.954-0300] {logging_mixin.py:190} INFO - [2024-12-07T03:58:13.953-0300] {dagbag.py:588} INFO - Filling up the DagBag from /home/crisu/miniconda3/envs/lab13.1/lib/python3.9/site-packages/airflow/example_dags/tutorial_objectstorage.py
[2024-12-07T03:58:13.965-0300] {processor.py:925} INFO - DAG(s) 'tutorial_objectstorage' retrieved from /home/crisu/miniconda3/envs/lab13.1/lib/python3.9/site-packages/airflow/example_dags/tutorial_objectstorage.py
[2024-12-07T03:58:13.982-0300] {logging_mixin.py:190} INFO - [2024-12-07T03:58:13.982-0300] {dag.py:3239} INFO - Sync 1 DAGs
[2024-12-07T03:58:13.998-0300] {logging_mixin.py:190} INFO - [2024-12-07T03:58:13.997-0300] {dag.py:4180} INFO - Setting next_dagrun for tutorial_objectstorage to None, run_after=None
[2024-12-07T03:58:14.918-0300] {processor.py:208} INFO - Processing /home/crisu/miniconda3/envs/lab13.1/lib/python3.9/site-packages/airflow/example_dags/tutorial_objectstorage.py took 1.246 seconds
[2024-12-07T04:00:11.349-0300] {processor.py:186} INFO - Started process (PID=48035) to work on /home/crisu/miniconda3/envs/lab13.1/lib/python3.9/site-packages/airflow/example_dags/tutorial_objectstorage.py
[2024-12-07T04:00:11.362-0300] {processor.py:914} INFO - Processing file /home/crisu/miniconda3/envs/lab13.1/lib/python3.9/site-packages/airflow/example_dags/tutorial_objectstorage.py for tasks to queue
[2024-12-07T04:00:11.364-0300] {logging_mixin.py:190} INFO - [2024-12-07T04:00:11.363-0300] {dagbag.py:588} INFO - Filling up the DagBag from /home/crisu/miniconda3/envs/lab13.1/lib/python3.9/site-packages/airflow/example_dags/tutorial_objectstorage.py
[2024-12-07T04:00:11.372-0300] {processor.py:925} INFO - DAG(s) 'tutorial_objectstorage' retrieved from /home/crisu/miniconda3/envs/lab13.1/lib/python3.9/site-packages/airflow/example_dags/tutorial_objectstorage.py
[2024-12-07T04:00:11.385-0300] {logging_mixin.py:190} INFO - [2024-12-07T04:00:11.384-0300] {dag.py:3239} INFO - Sync 1 DAGs
[2024-12-07T04:00:11.395-0300] {logging_mixin.py:190} INFO - [2024-12-07T04:00:11.395-0300] {dag.py:4180} INFO - Setting next_dagrun for tutorial_objectstorage to None, run_after=None
[2024-12-07T04:00:11.451-0300] {processor.py:208} INFO - Processing /home/crisu/miniconda3/envs/lab13.1/lib/python3.9/site-packages/airflow/example_dags/tutorial_objectstorage.py took 0.108 seconds
[2024-12-07T04:01:25.453-0300] {processor.py:186} INFO - Started process (PID=48177) to work on /home/crisu/miniconda3/envs/lab13.1/lib/python3.9/site-packages/airflow/example_dags/tutorial_objectstorage.py
[2024-12-07T04:01:25.480-0300] {processor.py:914} INFO - Processing file /home/crisu/miniconda3/envs/lab13.1/lib/python3.9/site-packages/airflow/example_dags/tutorial_objectstorage.py for tasks to queue
[2024-12-07T04:01:25.482-0300] {logging_mixin.py:190} INFO - [2024-12-07T04:01:25.481-0300] {dagbag.py:588} INFO - Filling up the DagBag from /home/crisu/miniconda3/envs/lab13.1/lib/python3.9/site-packages/airflow/example_dags/tutorial_objectstorage.py
[2024-12-07T04:01:25.491-0300] {processor.py:925} INFO - DAG(s) 'tutorial_objectstorage' retrieved from /home/crisu/miniconda3/envs/lab13.1/lib/python3.9/site-packages/airflow/example_dags/tutorial_objectstorage.py
[2024-12-07T04:01:25.505-0300] {logging_mixin.py:190} INFO - [2024-12-07T04:01:25.505-0300] {dag.py:3239} INFO - Sync 1 DAGs
[2024-12-07T04:01:25.517-0300] {logging_mixin.py:190} INFO - [2024-12-07T04:01:25.516-0300] {dag.py:4180} INFO - Setting next_dagrun for tutorial_objectstorage to None, run_after=None
[2024-12-07T04:01:25.857-0300] {processor.py:208} INFO - Processing /home/crisu/miniconda3/envs/lab13.1/lib/python3.9/site-packages/airflow/example_dags/tutorial_objectstorage.py took 0.411 seconds
[2024-12-07T04:07:00.467-0300] {processor.py:186} INFO - Started process (PID=49107) to work on /home/crisu/miniconda3/envs/lab13.1/lib/python3.9/site-packages/airflow/example_dags/tutorial_objectstorage.py
[2024-12-07T04:07:00.651-0300] {processor.py:914} INFO - Processing file /home/crisu/miniconda3/envs/lab13.1/lib/python3.9/site-packages/airflow/example_dags/tutorial_objectstorage.py for tasks to queue
[2024-12-07T04:07:00.652-0300] {logging_mixin.py:190} INFO - [2024-12-07T04:07:00.652-0300] {dagbag.py:588} INFO - Filling up the DagBag from /home/crisu/miniconda3/envs/lab13.1/lib/python3.9/site-packages/airflow/example_dags/tutorial_objectstorage.py
[2024-12-07T04:07:00.659-0300] {processor.py:925} INFO - DAG(s) 'tutorial_objectstorage' retrieved from /home/crisu/miniconda3/envs/lab13.1/lib/python3.9/site-packages/airflow/example_dags/tutorial_objectstorage.py
[2024-12-07T04:07:00.678-0300] {logging_mixin.py:190} INFO - [2024-12-07T04:07:00.678-0300] {dag.py:3239} INFO - Sync 1 DAGs
[2024-12-07T04:07:00.688-0300] {logging_mixin.py:190} INFO - [2024-12-07T04:07:00.688-0300] {dag.py:4180} INFO - Setting next_dagrun for tutorial_objectstorage to None, run_after=None
[2024-12-07T04:07:02.021-0300] {processor.py:208} INFO - Processing /home/crisu/miniconda3/envs/lab13.1/lib/python3.9/site-packages/airflow/example_dags/tutorial_objectstorage.py took 1.561 seconds
[2024-12-07T04:08:34.498-0300] {processor.py:186} INFO - Started process (PID=49343) to work on /home/crisu/miniconda3/envs/lab13.1/lib/python3.9/site-packages/airflow/example_dags/tutorial_objectstorage.py
[2024-12-07T04:08:34.512-0300] {processor.py:914} INFO - Processing file /home/crisu/miniconda3/envs/lab13.1/lib/python3.9/site-packages/airflow/example_dags/tutorial_objectstorage.py for tasks to queue
[2024-12-07T04:08:34.514-0300] {logging_mixin.py:190} INFO - [2024-12-07T04:08:34.514-0300] {dagbag.py:588} INFO - Filling up the DagBag from /home/crisu/miniconda3/envs/lab13.1/lib/python3.9/site-packages/airflow/example_dags/tutorial_objectstorage.py
[2024-12-07T04:08:34.521-0300] {processor.py:925} INFO - DAG(s) 'tutorial_objectstorage' retrieved from /home/crisu/miniconda3/envs/lab13.1/lib/python3.9/site-packages/airflow/example_dags/tutorial_objectstorage.py
[2024-12-07T04:08:34.534-0300] {logging_mixin.py:190} INFO - [2024-12-07T04:08:34.534-0300] {dag.py:3239} INFO - Sync 1 DAGs
[2024-12-07T04:08:34.544-0300] {logging_mixin.py:190} INFO - [2024-12-07T04:08:34.544-0300] {dag.py:4180} INFO - Setting next_dagrun for tutorial_objectstorage to None, run_after=None
[2024-12-07T04:08:35.136-0300] {processor.py:208} INFO - Processing /home/crisu/miniconda3/envs/lab13.1/lib/python3.9/site-packages/airflow/example_dags/tutorial_objectstorage.py took 0.643 seconds
[2024-12-07T04:09:39.058-0300] {processor.py:186} INFO - Started process (PID=49448) to work on /home/crisu/miniconda3/envs/lab13.1/lib/python3.9/site-packages/airflow/example_dags/tutorial_objectstorage.py
[2024-12-07T04:09:39.069-0300] {processor.py:914} INFO - Processing file /home/crisu/miniconda3/envs/lab13.1/lib/python3.9/site-packages/airflow/example_dags/tutorial_objectstorage.py for tasks to queue
[2024-12-07T04:09:39.070-0300] {logging_mixin.py:190} INFO - [2024-12-07T04:09:39.070-0300] {dagbag.py:588} INFO - Filling up the DagBag from /home/crisu/miniconda3/envs/lab13.1/lib/python3.9/site-packages/airflow/example_dags/tutorial_objectstorage.py
[2024-12-07T04:09:39.077-0300] {processor.py:925} INFO - DAG(s) 'tutorial_objectstorage' retrieved from /home/crisu/miniconda3/envs/lab13.1/lib/python3.9/site-packages/airflow/example_dags/tutorial_objectstorage.py
[2024-12-07T04:09:39.090-0300] {logging_mixin.py:190} INFO - [2024-12-07T04:09:39.090-0300] {dag.py:3239} INFO - Sync 1 DAGs
[2024-12-07T04:09:39.100-0300] {logging_mixin.py:190} INFO - [2024-12-07T04:09:39.100-0300] {dag.py:4180} INFO - Setting next_dagrun for tutorial_objectstorage to None, run_after=None
[2024-12-07T04:09:39.163-0300] {processor.py:208} INFO - Processing /home/crisu/miniconda3/envs/lab13.1/lib/python3.9/site-packages/airflow/example_dags/tutorial_objectstorage.py took 0.110 seconds
[2024-12-07T04:10:38.042-0300] {processor.py:186} INFO - Started process (PID=49522) to work on /home/crisu/miniconda3/envs/lab13.1/lib/python3.9/site-packages/airflow/example_dags/tutorial_objectstorage.py
[2024-12-07T04:10:38.078-0300] {processor.py:914} INFO - Processing file /home/crisu/miniconda3/envs/lab13.1/lib/python3.9/site-packages/airflow/example_dags/tutorial_objectstorage.py for tasks to queue
[2024-12-07T04:10:38.079-0300] {logging_mixin.py:190} INFO - [2024-12-07T04:10:38.079-0300] {dagbag.py:588} INFO - Filling up the DagBag from /home/crisu/miniconda3/envs/lab13.1/lib/python3.9/site-packages/airflow/example_dags/tutorial_objectstorage.py
[2024-12-07T04:10:38.087-0300] {processor.py:925} INFO - DAG(s) 'tutorial_objectstorage' retrieved from /home/crisu/miniconda3/envs/lab13.1/lib/python3.9/site-packages/airflow/example_dags/tutorial_objectstorage.py
[2024-12-07T04:10:38.099-0300] {logging_mixin.py:190} INFO - [2024-12-07T04:10:38.099-0300] {dag.py:3239} INFO - Sync 1 DAGs
[2024-12-07T04:10:38.109-0300] {logging_mixin.py:190} INFO - [2024-12-07T04:10:38.108-0300] {dag.py:4180} INFO - Setting next_dagrun for tutorial_objectstorage to None, run_after=None
[2024-12-07T04:10:39.232-0300] {processor.py:208} INFO - Processing /home/crisu/miniconda3/envs/lab13.1/lib/python3.9/site-packages/airflow/example_dags/tutorial_objectstorage.py took 1.196 seconds
[2024-12-07T04:11:41.469-0300] {processor.py:186} INFO - Started process (PID=49619) to work on /home/crisu/miniconda3/envs/lab13.1/lib/python3.9/site-packages/airflow/example_dags/tutorial_objectstorage.py
[2024-12-07T04:11:41.484-0300] {processor.py:914} INFO - Processing file /home/crisu/miniconda3/envs/lab13.1/lib/python3.9/site-packages/airflow/example_dags/tutorial_objectstorage.py for tasks to queue
[2024-12-07T04:11:41.486-0300] {logging_mixin.py:190} INFO - [2024-12-07T04:11:41.486-0300] {dagbag.py:588} INFO - Filling up the DagBag from /home/crisu/miniconda3/envs/lab13.1/lib/python3.9/site-packages/airflow/example_dags/tutorial_objectstorage.py
[2024-12-07T04:11:41.497-0300] {processor.py:925} INFO - DAG(s) 'tutorial_objectstorage' retrieved from /home/crisu/miniconda3/envs/lab13.1/lib/python3.9/site-packages/airflow/example_dags/tutorial_objectstorage.py
[2024-12-07T04:11:41.513-0300] {logging_mixin.py:190} INFO - [2024-12-07T04:11:41.512-0300] {dag.py:3239} INFO - Sync 1 DAGs
[2024-12-07T04:11:41.530-0300] {logging_mixin.py:190} INFO - [2024-12-07T04:11:41.529-0300] {dag.py:4180} INFO - Setting next_dagrun for tutorial_objectstorage to None, run_after=None
[2024-12-07T04:11:41.721-0300] {processor.py:208} INFO - Processing /home/crisu/miniconda3/envs/lab13.1/lib/python3.9/site-packages/airflow/example_dags/tutorial_objectstorage.py took 0.259 seconds
[2024-12-07T04:12:33.136-0300] {processor.py:186} INFO - Started process (PID=49707) to work on /home/crisu/miniconda3/envs/lab13.1/lib/python3.9/site-packages/airflow/example_dags/tutorial_objectstorage.py
[2024-12-07T04:12:33.142-0300] {processor.py:914} INFO - Processing file /home/crisu/miniconda3/envs/lab13.1/lib/python3.9/site-packages/airflow/example_dags/tutorial_objectstorage.py for tasks to queue
[2024-12-07T04:12:33.144-0300] {logging_mixin.py:190} INFO - [2024-12-07T04:12:33.144-0300] {dagbag.py:588} INFO - Filling up the DagBag from /home/crisu/miniconda3/envs/lab13.1/lib/python3.9/site-packages/airflow/example_dags/tutorial_objectstorage.py
[2024-12-07T04:12:33.152-0300] {processor.py:925} INFO - DAG(s) 'tutorial_objectstorage' retrieved from /home/crisu/miniconda3/envs/lab13.1/lib/python3.9/site-packages/airflow/example_dags/tutorial_objectstorage.py
[2024-12-07T04:12:33.168-0300] {logging_mixin.py:190} INFO - [2024-12-07T04:12:33.168-0300] {dag.py:3239} INFO - Sync 1 DAGs
[2024-12-07T04:12:33.181-0300] {logging_mixin.py:190} INFO - [2024-12-07T04:12:33.181-0300] {dag.py:4180} INFO - Setting next_dagrun for tutorial_objectstorage to None, run_after=None
[2024-12-07T04:12:33.245-0300] {processor.py:208} INFO - Processing /home/crisu/miniconda3/envs/lab13.1/lib/python3.9/site-packages/airflow/example_dags/tutorial_objectstorage.py took 0.114 seconds
[2024-12-07T04:13:48.490-0300] {processor.py:186} INFO - Started process (PID=49861) to work on /home/crisu/miniconda3/envs/lab13.1/lib/python3.9/site-packages/airflow/example_dags/tutorial_objectstorage.py
[2024-12-07T04:13:48.509-0300] {processor.py:914} INFO - Processing file /home/crisu/miniconda3/envs/lab13.1/lib/python3.9/site-packages/airflow/example_dags/tutorial_objectstorage.py for tasks to queue
[2024-12-07T04:13:48.510-0300] {logging_mixin.py:190} INFO - [2024-12-07T04:13:48.509-0300] {dagbag.py:588} INFO - Filling up the DagBag from /home/crisu/miniconda3/envs/lab13.1/lib/python3.9/site-packages/airflow/example_dags/tutorial_objectstorage.py
[2024-12-07T04:13:48.518-0300] {processor.py:925} INFO - DAG(s) 'tutorial_objectstorage' retrieved from /home/crisu/miniconda3/envs/lab13.1/lib/python3.9/site-packages/airflow/example_dags/tutorial_objectstorage.py
[2024-12-07T04:13:48.533-0300] {logging_mixin.py:190} INFO - [2024-12-07T04:13:48.533-0300] {dag.py:3239} INFO - Sync 1 DAGs
[2024-12-07T04:13:48.546-0300] {logging_mixin.py:190} INFO - [2024-12-07T04:13:48.545-0300] {dag.py:4180} INFO - Setting next_dagrun for tutorial_objectstorage to None, run_after=None
[2024-12-07T04:13:48.703-0300] {processor.py:208} INFO - Processing /home/crisu/miniconda3/envs/lab13.1/lib/python3.9/site-packages/airflow/example_dags/tutorial_objectstorage.py took 0.220 seconds
[2024-12-07T04:15:06.994-0300] {processor.py:186} INFO - Started process (PID=49992) to work on /home/crisu/miniconda3/envs/lab13.1/lib/python3.9/site-packages/airflow/example_dags/tutorial_objectstorage.py
[2024-12-07T04:15:07.006-0300] {processor.py:914} INFO - Processing file /home/crisu/miniconda3/envs/lab13.1/lib/python3.9/site-packages/airflow/example_dags/tutorial_objectstorage.py for tasks to queue
[2024-12-07T04:15:07.007-0300] {logging_mixin.py:190} INFO - [2024-12-07T04:15:07.007-0300] {dagbag.py:588} INFO - Filling up the DagBag from /home/crisu/miniconda3/envs/lab13.1/lib/python3.9/site-packages/airflow/example_dags/tutorial_objectstorage.py
[2024-12-07T04:15:07.014-0300] {processor.py:925} INFO - DAG(s) 'tutorial_objectstorage' retrieved from /home/crisu/miniconda3/envs/lab13.1/lib/python3.9/site-packages/airflow/example_dags/tutorial_objectstorage.py
[2024-12-07T04:15:07.027-0300] {logging_mixin.py:190} INFO - [2024-12-07T04:15:07.027-0300] {dag.py:3239} INFO - Sync 1 DAGs
[2024-12-07T04:15:07.039-0300] {logging_mixin.py:190} INFO - [2024-12-07T04:15:07.038-0300] {dag.py:4180} INFO - Setting next_dagrun for tutorial_objectstorage to None, run_after=None
[2024-12-07T04:15:07.093-0300] {processor.py:208} INFO - Processing /home/crisu/miniconda3/envs/lab13.1/lib/python3.9/site-packages/airflow/example_dags/tutorial_objectstorage.py took 0.104 seconds
