[2024-12-07T01:47:57.571-0300] {processor.py:186} INFO - Started process (PID=33505) to work on /home/crisu/miniconda3/envs/lab13.1/lib/python3.9/site-packages/airflow/example_dags/tutorial_taskflow_api.py
[2024-12-07T01:47:57.572-0300] {processor.py:914} INFO - Processing file /home/crisu/miniconda3/envs/lab13.1/lib/python3.9/site-packages/airflow/example_dags/tutorial_taskflow_api.py for tasks to queue
[2024-12-07T01:47:57.576-0300] {logging_mixin.py:190} INFO - [2024-12-07T01:47:57.576-0300] {dagbag.py:588} INFO - Filling up the DagBag from /home/crisu/miniconda3/envs/lab13.1/lib/python3.9/site-packages/airflow/example_dags/tutorial_taskflow_api.py
[2024-12-07T01:47:57.585-0300] {processor.py:925} INFO - DAG(s) 'tutorial_taskflow_api' retrieved from /home/crisu/miniconda3/envs/lab13.1/lib/python3.9/site-packages/airflow/example_dags/tutorial_taskflow_api.py
[2024-12-07T01:47:58.659-0300] {logging_mixin.py:190} INFO - [2024-12-07T01:47:58.658-0300] {override.py:1911} INFO - Created Permission View: can delete on DAG:tutorial_taskflow_api
[2024-12-07T01:47:58.704-0300] {logging_mixin.py:190} INFO - [2024-12-07T01:47:58.704-0300] {override.py:1911} INFO - Created Permission View: can edit on DAG:tutorial_taskflow_api
[2024-12-07T01:47:58.749-0300] {logging_mixin.py:190} INFO - [2024-12-07T01:47:58.749-0300] {override.py:1911} INFO - Created Permission View: can read on DAG:tutorial_taskflow_api
[2024-12-07T01:47:58.944-0300] {logging_mixin.py:190} INFO - [2024-12-07T01:47:58.943-0300] {override.py:1911} INFO - Created Permission View: can delete on DAG Run:tutorial_taskflow_api
[2024-12-07T01:47:58.989-0300] {logging_mixin.py:190} INFO - [2024-12-07T01:47:58.988-0300] {override.py:1911} INFO - Created Permission View: can create on DAG Run:tutorial_taskflow_api
[2024-12-07T01:47:59.034-0300] {logging_mixin.py:190} INFO - [2024-12-07T01:47:59.034-0300] {override.py:1911} INFO - Created Permission View: menu access on DAG Run:tutorial_taskflow_api
[2024-12-07T01:47:59.092-0300] {logging_mixin.py:190} INFO - [2024-12-07T01:47:59.092-0300] {override.py:1911} INFO - Created Permission View: can read on DAG Run:tutorial_taskflow_api
[2024-12-07T01:47:59.093-0300] {logging_mixin.py:190} INFO - [2024-12-07T01:47:59.093-0300] {dag.py:3239} INFO - Sync 1 DAGs
[2024-12-07T01:47:59.287-0300] {logging_mixin.py:190} INFO - [2024-12-07T01:47:59.287-0300] {dag.py:3262} INFO - Creating ORM DAG for tutorial_taskflow_api
[2024-12-07T01:47:59.288-0300] {logging_mixin.py:190} INFO - [2024-12-07T01:47:59.288-0300] {dag.py:4180} INFO - Setting next_dagrun for tutorial_taskflow_api to None, run_after=None
[2024-12-07T01:47:59.373-0300] {processor.py:208} INFO - Processing /home/crisu/miniconda3/envs/lab13.1/lib/python3.9/site-packages/airflow/example_dags/tutorial_taskflow_api.py took 1.808 seconds
[2024-12-07T01:49:41.200-0300] {processor.py:186} INFO - Started process (PID=33678) to work on /home/crisu/miniconda3/envs/lab13.1/lib/python3.9/site-packages/airflow/example_dags/tutorial_taskflow_api.py
[2024-12-07T01:49:41.218-0300] {processor.py:914} INFO - Processing file /home/crisu/miniconda3/envs/lab13.1/lib/python3.9/site-packages/airflow/example_dags/tutorial_taskflow_api.py for tasks to queue
[2024-12-07T01:49:41.223-0300] {logging_mixin.py:190} INFO - [2024-12-07T01:49:41.223-0300] {dagbag.py:588} INFO - Filling up the DagBag from /home/crisu/miniconda3/envs/lab13.1/lib/python3.9/site-packages/airflow/example_dags/tutorial_taskflow_api.py
[2024-12-07T01:49:41.231-0300] {processor.py:925} INFO - DAG(s) 'tutorial_taskflow_api' retrieved from /home/crisu/miniconda3/envs/lab13.1/lib/python3.9/site-packages/airflow/example_dags/tutorial_taskflow_api.py
[2024-12-07T01:49:41.249-0300] {logging_mixin.py:190} INFO - [2024-12-07T01:49:41.249-0300] {dag.py:3239} INFO - Sync 1 DAGs
[2024-12-07T01:49:41.259-0300] {logging_mixin.py:190} INFO - [2024-12-07T01:49:41.259-0300] {dag.py:4180} INFO - Setting next_dagrun for tutorial_taskflow_api to None, run_after=None
[2024-12-07T01:49:41.698-0300] {processor.py:208} INFO - Processing /home/crisu/miniconda3/envs/lab13.1/lib/python3.9/site-packages/airflow/example_dags/tutorial_taskflow_api.py took 0.503 seconds
[2024-12-07T01:50:33.575-0300] {processor.py:186} INFO - Started process (PID=33766) to work on /home/crisu/miniconda3/envs/lab13.1/lib/python3.9/site-packages/airflow/example_dags/tutorial_taskflow_api.py
[2024-12-07T01:50:33.588-0300] {processor.py:914} INFO - Processing file /home/crisu/miniconda3/envs/lab13.1/lib/python3.9/site-packages/airflow/example_dags/tutorial_taskflow_api.py for tasks to queue
[2024-12-07T01:50:33.593-0300] {logging_mixin.py:190} INFO - [2024-12-07T01:50:33.592-0300] {dagbag.py:588} INFO - Filling up the DagBag from /home/crisu/miniconda3/envs/lab13.1/lib/python3.9/site-packages/airflow/example_dags/tutorial_taskflow_api.py
[2024-12-07T01:50:33.600-0300] {processor.py:925} INFO - DAG(s) 'tutorial_taskflow_api' retrieved from /home/crisu/miniconda3/envs/lab13.1/lib/python3.9/site-packages/airflow/example_dags/tutorial_taskflow_api.py
[2024-12-07T01:50:33.617-0300] {logging_mixin.py:190} INFO - [2024-12-07T01:50:33.617-0300] {dag.py:3239} INFO - Sync 1 DAGs
[2024-12-07T01:50:33.627-0300] {logging_mixin.py:190} INFO - [2024-12-07T01:50:33.627-0300] {dag.py:4180} INFO - Setting next_dagrun for tutorial_taskflow_api to None, run_after=None
[2024-12-07T01:50:33.683-0300] {processor.py:208} INFO - Processing /home/crisu/miniconda3/envs/lab13.1/lib/python3.9/site-packages/airflow/example_dags/tutorial_taskflow_api.py took 0.113 seconds
[2024-12-07T01:50:53.786-0300] {processor.py:186} INFO - Started process (PID=33829) to work on /home/crisu/miniconda3/envs/lab13.1/lib/python3.9/site-packages/airflow/example_dags/tutorial_taskflow_api.py
[2024-12-07T01:50:53.788-0300] {processor.py:914} INFO - Processing file /home/crisu/miniconda3/envs/lab13.1/lib/python3.9/site-packages/airflow/example_dags/tutorial_taskflow_api.py for tasks to queue
[2024-12-07T01:50:53.792-0300] {logging_mixin.py:190} INFO - [2024-12-07T01:50:53.792-0300] {dagbag.py:588} INFO - Filling up the DagBag from /home/crisu/miniconda3/envs/lab13.1/lib/python3.9/site-packages/airflow/example_dags/tutorial_taskflow_api.py
[2024-12-07T01:50:53.799-0300] {processor.py:925} INFO - DAG(s) 'tutorial_taskflow_api' retrieved from /home/crisu/miniconda3/envs/lab13.1/lib/python3.9/site-packages/airflow/example_dags/tutorial_taskflow_api.py
[2024-12-07T01:50:53.816-0300] {logging_mixin.py:190} INFO - [2024-12-07T01:50:53.816-0300] {dag.py:3239} INFO - Sync 1 DAGs
[2024-12-07T01:50:53.827-0300] {logging_mixin.py:190} INFO - [2024-12-07T01:50:53.826-0300] {dag.py:4180} INFO - Setting next_dagrun for tutorial_taskflow_api to None, run_after=None
[2024-12-07T01:50:53.884-0300] {processor.py:208} INFO - Processing /home/crisu/miniconda3/envs/lab13.1/lib/python3.9/site-packages/airflow/example_dags/tutorial_taskflow_api.py took 0.103 seconds
[2024-12-07T02:07:28.694-0300] {processor.py:186} INFO - Started process (PID=35254) to work on /home/crisu/miniconda3/envs/lab13.1/lib/python3.9/site-packages/airflow/example_dags/tutorial_taskflow_api.py
[2024-12-07T02:07:28.722-0300] {processor.py:914} INFO - Processing file /home/crisu/miniconda3/envs/lab13.1/lib/python3.9/site-packages/airflow/example_dags/tutorial_taskflow_api.py for tasks to queue
[2024-12-07T02:07:28.727-0300] {logging_mixin.py:190} INFO - [2024-12-07T02:07:28.726-0300] {dagbag.py:588} INFO - Filling up the DagBag from /home/crisu/miniconda3/envs/lab13.1/lib/python3.9/site-packages/airflow/example_dags/tutorial_taskflow_api.py
[2024-12-07T02:07:28.733-0300] {processor.py:925} INFO - DAG(s) 'tutorial_taskflow_api' retrieved from /home/crisu/miniconda3/envs/lab13.1/lib/python3.9/site-packages/airflow/example_dags/tutorial_taskflow_api.py
[2024-12-07T02:07:28.753-0300] {logging_mixin.py:190} INFO - [2024-12-07T02:07:28.752-0300] {dag.py:3239} INFO - Sync 1 DAGs
[2024-12-07T02:07:28.763-0300] {logging_mixin.py:190} INFO - [2024-12-07T02:07:28.763-0300] {dag.py:4180} INFO - Setting next_dagrun for tutorial_taskflow_api to None, run_after=None
[2024-12-07T02:07:28.829-0300] {processor.py:208} INFO - Processing /home/crisu/miniconda3/envs/lab13.1/lib/python3.9/site-packages/airflow/example_dags/tutorial_taskflow_api.py took 0.140 seconds
[2024-12-07T02:10:48.772-0300] {processor.py:186} INFO - Started process (PID=35818) to work on /home/crisu/miniconda3/envs/lab13.1/lib/python3.9/site-packages/airflow/example_dags/tutorial_taskflow_api.py
[2024-12-07T02:10:48.791-0300] {processor.py:914} INFO - Processing file /home/crisu/miniconda3/envs/lab13.1/lib/python3.9/site-packages/airflow/example_dags/tutorial_taskflow_api.py for tasks to queue
[2024-12-07T02:10:48.793-0300] {logging_mixin.py:190} INFO - [2024-12-07T02:10:48.793-0300] {dagbag.py:588} INFO - Filling up the DagBag from /home/crisu/miniconda3/envs/lab13.1/lib/python3.9/site-packages/airflow/example_dags/tutorial_taskflow_api.py
[2024-12-07T02:10:48.800-0300] {processor.py:925} INFO - DAG(s) 'tutorial_taskflow_api' retrieved from /home/crisu/miniconda3/envs/lab13.1/lib/python3.9/site-packages/airflow/example_dags/tutorial_taskflow_api.py
[2024-12-07T02:10:48.814-0300] {logging_mixin.py:190} INFO - [2024-12-07T02:10:48.814-0300] {dag.py:3239} INFO - Sync 1 DAGs
[2024-12-07T02:10:48.829-0300] {logging_mixin.py:190} INFO - [2024-12-07T02:10:48.829-0300] {dag.py:4180} INFO - Setting next_dagrun for tutorial_taskflow_api to None, run_after=None
[2024-12-07T02:10:48.902-0300] {processor.py:208} INFO - Processing /home/crisu/miniconda3/envs/lab13.1/lib/python3.9/site-packages/airflow/example_dags/tutorial_taskflow_api.py took 0.136 seconds
[2024-12-07T02:12:26.746-0300] {processor.py:186} INFO - Started process (PID=35994) to work on /home/crisu/miniconda3/envs/lab13.1/lib/python3.9/site-packages/airflow/example_dags/tutorial_taskflow_api.py
[2024-12-07T02:12:26.770-0300] {processor.py:914} INFO - Processing file /home/crisu/miniconda3/envs/lab13.1/lib/python3.9/site-packages/airflow/example_dags/tutorial_taskflow_api.py for tasks to queue
[2024-12-07T02:12:26.773-0300] {logging_mixin.py:190} INFO - [2024-12-07T02:12:26.772-0300] {dagbag.py:588} INFO - Filling up the DagBag from /home/crisu/miniconda3/envs/lab13.1/lib/python3.9/site-packages/airflow/example_dags/tutorial_taskflow_api.py
[2024-12-07T02:12:26.781-0300] {processor.py:925} INFO - DAG(s) 'tutorial_taskflow_api' retrieved from /home/crisu/miniconda3/envs/lab13.1/lib/python3.9/site-packages/airflow/example_dags/tutorial_taskflow_api.py
[2024-12-07T02:12:26.796-0300] {logging_mixin.py:190} INFO - [2024-12-07T02:12:26.796-0300] {dag.py:3239} INFO - Sync 1 DAGs
[2024-12-07T02:12:26.809-0300] {logging_mixin.py:190} INFO - [2024-12-07T02:12:26.809-0300] {dag.py:4180} INFO - Setting next_dagrun for tutorial_taskflow_api to None, run_after=None
[2024-12-07T02:12:26.886-0300] {processor.py:208} INFO - Processing /home/crisu/miniconda3/envs/lab13.1/lib/python3.9/site-packages/airflow/example_dags/tutorial_taskflow_api.py took 0.149 seconds
[2024-12-07T02:13:53.416-0300] {processor.py:186} INFO - Started process (PID=36193) to work on /home/crisu/miniconda3/envs/lab13.1/lib/python3.9/site-packages/airflow/example_dags/tutorial_taskflow_api.py
[2024-12-07T02:13:53.438-0300] {processor.py:914} INFO - Processing file /home/crisu/miniconda3/envs/lab13.1/lib/python3.9/site-packages/airflow/example_dags/tutorial_taskflow_api.py for tasks to queue
[2024-12-07T02:13:53.441-0300] {logging_mixin.py:190} INFO - [2024-12-07T02:13:53.440-0300] {dagbag.py:588} INFO - Filling up the DagBag from /home/crisu/miniconda3/envs/lab13.1/lib/python3.9/site-packages/airflow/example_dags/tutorial_taskflow_api.py
[2024-12-07T02:13:53.448-0300] {processor.py:925} INFO - DAG(s) 'tutorial_taskflow_api' retrieved from /home/crisu/miniconda3/envs/lab13.1/lib/python3.9/site-packages/airflow/example_dags/tutorial_taskflow_api.py
[2024-12-07T02:13:53.462-0300] {logging_mixin.py:190} INFO - [2024-12-07T02:13:53.462-0300] {dag.py:3239} INFO - Sync 1 DAGs
[2024-12-07T02:13:53.474-0300] {logging_mixin.py:190} INFO - [2024-12-07T02:13:53.474-0300] {dag.py:4180} INFO - Setting next_dagrun for tutorial_taskflow_api to None, run_after=None
[2024-12-07T02:13:53.595-0300] {processor.py:208} INFO - Processing /home/crisu/miniconda3/envs/lab13.1/lib/python3.9/site-packages/airflow/example_dags/tutorial_taskflow_api.py took 0.186 seconds
[2024-12-07T02:14:41.890-0300] {processor.py:186} INFO - Started process (PID=36303) to work on /home/crisu/miniconda3/envs/lab13.1/lib/python3.9/site-packages/airflow/example_dags/tutorial_taskflow_api.py
[2024-12-07T02:14:41.967-0300] {processor.py:914} INFO - Processing file /home/crisu/miniconda3/envs/lab13.1/lib/python3.9/site-packages/airflow/example_dags/tutorial_taskflow_api.py for tasks to queue
[2024-12-07T02:14:41.969-0300] {logging_mixin.py:190} INFO - [2024-12-07T02:14:41.969-0300] {dagbag.py:588} INFO - Filling up the DagBag from /home/crisu/miniconda3/envs/lab13.1/lib/python3.9/site-packages/airflow/example_dags/tutorial_taskflow_api.py
[2024-12-07T02:14:41.981-0300] {processor.py:925} INFO - DAG(s) 'tutorial_taskflow_api' retrieved from /home/crisu/miniconda3/envs/lab13.1/lib/python3.9/site-packages/airflow/example_dags/tutorial_taskflow_api.py
[2024-12-07T02:14:42.000-0300] {logging_mixin.py:190} INFO - [2024-12-07T02:14:42.000-0300] {dag.py:3239} INFO - Sync 1 DAGs
[2024-12-07T02:14:42.020-0300] {logging_mixin.py:190} INFO - [2024-12-07T02:14:42.020-0300] {dag.py:4180} INFO - Setting next_dagrun for tutorial_taskflow_api to None, run_after=None
[2024-12-07T02:14:42.106-0300] {processor.py:208} INFO - Processing /home/crisu/miniconda3/envs/lab13.1/lib/python3.9/site-packages/airflow/example_dags/tutorial_taskflow_api.py took 0.225 seconds
[2024-12-07T02:16:01.291-0300] {processor.py:186} INFO - Started process (PID=36447) to work on /home/crisu/miniconda3/envs/lab13.1/lib/python3.9/site-packages/airflow/example_dags/tutorial_taskflow_api.py
[2024-12-07T02:16:01.300-0300] {processor.py:914} INFO - Processing file /home/crisu/miniconda3/envs/lab13.1/lib/python3.9/site-packages/airflow/example_dags/tutorial_taskflow_api.py for tasks to queue
[2024-12-07T02:16:01.302-0300] {logging_mixin.py:190} INFO - [2024-12-07T02:16:01.302-0300] {dagbag.py:588} INFO - Filling up the DagBag from /home/crisu/miniconda3/envs/lab13.1/lib/python3.9/site-packages/airflow/example_dags/tutorial_taskflow_api.py
[2024-12-07T02:16:01.310-0300] {processor.py:925} INFO - DAG(s) 'tutorial_taskflow_api' retrieved from /home/crisu/miniconda3/envs/lab13.1/lib/python3.9/site-packages/airflow/example_dags/tutorial_taskflow_api.py
[2024-12-07T02:16:01.324-0300] {logging_mixin.py:190} INFO - [2024-12-07T02:16:01.323-0300] {dag.py:3239} INFO - Sync 1 DAGs
[2024-12-07T02:16:01.334-0300] {logging_mixin.py:190} INFO - [2024-12-07T02:16:01.334-0300] {dag.py:4180} INFO - Setting next_dagrun for tutorial_taskflow_api to None, run_after=None
[2024-12-07T02:16:01.390-0300] {processor.py:208} INFO - Processing /home/crisu/miniconda3/envs/lab13.1/lib/python3.9/site-packages/airflow/example_dags/tutorial_taskflow_api.py took 0.108 seconds
[2024-12-07T02:16:52.379-0300] {processor.py:186} INFO - Started process (PID=36512) to work on /home/crisu/miniconda3/envs/lab13.1/lib/python3.9/site-packages/airflow/example_dags/tutorial_taskflow_api.py
[2024-12-07T02:16:52.441-0300] {processor.py:914} INFO - Processing file /home/crisu/miniconda3/envs/lab13.1/lib/python3.9/site-packages/airflow/example_dags/tutorial_taskflow_api.py for tasks to queue
[2024-12-07T02:16:52.444-0300] {logging_mixin.py:190} INFO - [2024-12-07T02:16:52.444-0300] {dagbag.py:588} INFO - Filling up the DagBag from /home/crisu/miniconda3/envs/lab13.1/lib/python3.9/site-packages/airflow/example_dags/tutorial_taskflow_api.py
[2024-12-07T02:16:52.452-0300] {processor.py:925} INFO - DAG(s) 'tutorial_taskflow_api' retrieved from /home/crisu/miniconda3/envs/lab13.1/lib/python3.9/site-packages/airflow/example_dags/tutorial_taskflow_api.py
[2024-12-07T02:16:52.465-0300] {logging_mixin.py:190} INFO - [2024-12-07T02:16:52.465-0300] {dag.py:3239} INFO - Sync 1 DAGs
[2024-12-07T02:16:52.476-0300] {logging_mixin.py:190} INFO - [2024-12-07T02:16:52.475-0300] {dag.py:4180} INFO - Setting next_dagrun for tutorial_taskflow_api to None, run_after=None
[2024-12-07T02:16:52.547-0300] {processor.py:208} INFO - Processing /home/crisu/miniconda3/envs/lab13.1/lib/python3.9/site-packages/airflow/example_dags/tutorial_taskflow_api.py took 0.176 seconds
[2024-12-07T02:17:37.975-0300] {processor.py:186} INFO - Started process (PID=36597) to work on /home/crisu/miniconda3/envs/lab13.1/lib/python3.9/site-packages/airflow/example_dags/tutorial_taskflow_api.py
[2024-12-07T02:17:38.051-0300] {processor.py:914} INFO - Processing file /home/crisu/miniconda3/envs/lab13.1/lib/python3.9/site-packages/airflow/example_dags/tutorial_taskflow_api.py for tasks to queue
[2024-12-07T02:17:38.054-0300] {logging_mixin.py:190} INFO - [2024-12-07T02:17:38.053-0300] {dagbag.py:588} INFO - Filling up the DagBag from /home/crisu/miniconda3/envs/lab13.1/lib/python3.9/site-packages/airflow/example_dags/tutorial_taskflow_api.py
[2024-12-07T02:17:38.061-0300] {processor.py:925} INFO - DAG(s) 'tutorial_taskflow_api' retrieved from /home/crisu/miniconda3/envs/lab13.1/lib/python3.9/site-packages/airflow/example_dags/tutorial_taskflow_api.py
[2024-12-07T02:17:38.074-0300] {logging_mixin.py:190} INFO - [2024-12-07T02:17:38.074-0300] {dag.py:3239} INFO - Sync 1 DAGs
[2024-12-07T02:17:38.085-0300] {logging_mixin.py:190} INFO - [2024-12-07T02:17:38.085-0300] {dag.py:4180} INFO - Setting next_dagrun for tutorial_taskflow_api to None, run_after=None
[2024-12-07T02:17:38.153-0300] {processor.py:208} INFO - Processing /home/crisu/miniconda3/envs/lab13.1/lib/python3.9/site-packages/airflow/example_dags/tutorial_taskflow_api.py took 0.185 seconds
[2024-12-07T02:18:20.882-0300] {processor.py:186} INFO - Started process (PID=36660) to work on /home/crisu/miniconda3/envs/lab13.1/lib/python3.9/site-packages/airflow/example_dags/tutorial_taskflow_api.py
[2024-12-07T02:18:20.883-0300] {processor.py:914} INFO - Processing file /home/crisu/miniconda3/envs/lab13.1/lib/python3.9/site-packages/airflow/example_dags/tutorial_taskflow_api.py for tasks to queue
[2024-12-07T02:18:20.885-0300] {logging_mixin.py:190} INFO - [2024-12-07T02:18:20.885-0300] {dagbag.py:588} INFO - Filling up the DagBag from /home/crisu/miniconda3/envs/lab13.1/lib/python3.9/site-packages/airflow/example_dags/tutorial_taskflow_api.py
[2024-12-07T02:18:20.892-0300] {processor.py:925} INFO - DAG(s) 'tutorial_taskflow_api' retrieved from /home/crisu/miniconda3/envs/lab13.1/lib/python3.9/site-packages/airflow/example_dags/tutorial_taskflow_api.py
[2024-12-07T02:18:20.905-0300] {logging_mixin.py:190} INFO - [2024-12-07T02:18:20.905-0300] {dag.py:3239} INFO - Sync 1 DAGs
[2024-12-07T02:18:20.917-0300] {logging_mixin.py:190} INFO - [2024-12-07T02:18:20.917-0300] {dag.py:4180} INFO - Setting next_dagrun for tutorial_taskflow_api to None, run_after=None
[2024-12-07T02:18:20.981-0300] {processor.py:208} INFO - Processing /home/crisu/miniconda3/envs/lab13.1/lib/python3.9/site-packages/airflow/example_dags/tutorial_taskflow_api.py took 0.107 seconds
[2024-12-07T02:30:41.518-0300] {processor.py:186} INFO - Started process (PID=37881) to work on /home/crisu/miniconda3/envs/lab13.1/lib/python3.9/site-packages/airflow/example_dags/tutorial_taskflow_api.py
[2024-12-07T02:30:41.535-0300] {processor.py:914} INFO - Processing file /home/crisu/miniconda3/envs/lab13.1/lib/python3.9/site-packages/airflow/example_dags/tutorial_taskflow_api.py for tasks to queue
[2024-12-07T02:30:41.537-0300] {logging_mixin.py:190} INFO - [2024-12-07T02:30:41.537-0300] {dagbag.py:588} INFO - Filling up the DagBag from /home/crisu/miniconda3/envs/lab13.1/lib/python3.9/site-packages/airflow/example_dags/tutorial_taskflow_api.py
[2024-12-07T02:30:41.545-0300] {processor.py:925} INFO - DAG(s) 'tutorial_taskflow_api' retrieved from /home/crisu/miniconda3/envs/lab13.1/lib/python3.9/site-packages/airflow/example_dags/tutorial_taskflow_api.py
[2024-12-07T02:30:41.564-0300] {logging_mixin.py:190} INFO - [2024-12-07T02:30:41.564-0300] {dag.py:3239} INFO - Sync 1 DAGs
[2024-12-07T02:30:41.575-0300] {logging_mixin.py:190} INFO - [2024-12-07T02:30:41.574-0300] {dag.py:4180} INFO - Setting next_dagrun for tutorial_taskflow_api to None, run_after=None
[2024-12-07T02:30:41.647-0300] {processor.py:208} INFO - Processing /home/crisu/miniconda3/envs/lab13.1/lib/python3.9/site-packages/airflow/example_dags/tutorial_taskflow_api.py took 0.134 seconds
[2024-12-07T02:33:19.016-0300] {processor.py:186} INFO - Started process (PID=38133) to work on /home/crisu/miniconda3/envs/lab13.1/lib/python3.9/site-packages/airflow/example_dags/tutorial_taskflow_api.py
[2024-12-07T02:33:19.017-0300] {processor.py:914} INFO - Processing file /home/crisu/miniconda3/envs/lab13.1/lib/python3.9/site-packages/airflow/example_dags/tutorial_taskflow_api.py for tasks to queue
[2024-12-07T02:33:19.018-0300] {logging_mixin.py:190} INFO - [2024-12-07T02:33:19.018-0300] {dagbag.py:588} INFO - Filling up the DagBag from /home/crisu/miniconda3/envs/lab13.1/lib/python3.9/site-packages/airflow/example_dags/tutorial_taskflow_api.py
[2024-12-07T02:33:19.030-0300] {processor.py:925} INFO - DAG(s) 'tutorial_taskflow_api' retrieved from /home/crisu/miniconda3/envs/lab13.1/lib/python3.9/site-packages/airflow/example_dags/tutorial_taskflow_api.py
[2024-12-07T02:33:19.049-0300] {logging_mixin.py:190} INFO - [2024-12-07T02:33:19.049-0300] {dag.py:3239} INFO - Sync 1 DAGs
[2024-12-07T02:33:19.063-0300] {logging_mixin.py:190} INFO - [2024-12-07T02:33:19.063-0300] {dag.py:4180} INFO - Setting next_dagrun for tutorial_taskflow_api to None, run_after=None
[2024-12-07T02:33:19.124-0300] {processor.py:208} INFO - Processing /home/crisu/miniconda3/envs/lab13.1/lib/python3.9/site-packages/airflow/example_dags/tutorial_taskflow_api.py took 0.116 seconds
[2024-12-07T02:34:52.950-0300] {processor.py:186} INFO - Started process (PID=38347) to work on /home/crisu/miniconda3/envs/lab13.1/lib/python3.9/site-packages/airflow/example_dags/tutorial_taskflow_api.py
[2024-12-07T02:34:52.962-0300] {processor.py:914} INFO - Processing file /home/crisu/miniconda3/envs/lab13.1/lib/python3.9/site-packages/airflow/example_dags/tutorial_taskflow_api.py for tasks to queue
[2024-12-07T02:34:52.965-0300] {logging_mixin.py:190} INFO - [2024-12-07T02:34:52.964-0300] {dagbag.py:588} INFO - Filling up the DagBag from /home/crisu/miniconda3/envs/lab13.1/lib/python3.9/site-packages/airflow/example_dags/tutorial_taskflow_api.py
[2024-12-07T02:34:52.974-0300] {processor.py:925} INFO - DAG(s) 'tutorial_taskflow_api' retrieved from /home/crisu/miniconda3/envs/lab13.1/lib/python3.9/site-packages/airflow/example_dags/tutorial_taskflow_api.py
[2024-12-07T02:34:52.988-0300] {logging_mixin.py:190} INFO - [2024-12-07T02:34:52.987-0300] {dag.py:3239} INFO - Sync 1 DAGs
[2024-12-07T02:34:52.998-0300] {logging_mixin.py:190} INFO - [2024-12-07T02:34:52.998-0300] {dag.py:4180} INFO - Setting next_dagrun for tutorial_taskflow_api to None, run_after=None
[2024-12-07T02:34:53.395-0300] {processor.py:208} INFO - Processing /home/crisu/miniconda3/envs/lab13.1/lib/python3.9/site-packages/airflow/example_dags/tutorial_taskflow_api.py took 0.450 seconds
[2024-12-07T02:36:50.970-0300] {processor.py:186} INFO - Started process (PID=38589) to work on /home/crisu/miniconda3/envs/lab13.1/lib/python3.9/site-packages/airflow/example_dags/tutorial_taskflow_api.py
[2024-12-07T02:36:50.983-0300] {processor.py:914} INFO - Processing file /home/crisu/miniconda3/envs/lab13.1/lib/python3.9/site-packages/airflow/example_dags/tutorial_taskflow_api.py for tasks to queue
[2024-12-07T02:36:50.985-0300] {logging_mixin.py:190} INFO - [2024-12-07T02:36:50.985-0300] {dagbag.py:588} INFO - Filling up the DagBag from /home/crisu/miniconda3/envs/lab13.1/lib/python3.9/site-packages/airflow/example_dags/tutorial_taskflow_api.py
[2024-12-07T02:36:50.992-0300] {processor.py:925} INFO - DAG(s) 'tutorial_taskflow_api' retrieved from /home/crisu/miniconda3/envs/lab13.1/lib/python3.9/site-packages/airflow/example_dags/tutorial_taskflow_api.py
[2024-12-07T02:36:51.006-0300] {logging_mixin.py:190} INFO - [2024-12-07T02:36:51.005-0300] {dag.py:3239} INFO - Sync 1 DAGs
[2024-12-07T02:36:51.016-0300] {logging_mixin.py:190} INFO - [2024-12-07T02:36:51.016-0300] {dag.py:4180} INFO - Setting next_dagrun for tutorial_taskflow_api to None, run_after=None
[2024-12-07T02:36:51.081-0300] {processor.py:208} INFO - Processing /home/crisu/miniconda3/envs/lab13.1/lib/python3.9/site-packages/airflow/example_dags/tutorial_taskflow_api.py took 0.116 seconds
[2024-12-07T02:38:22.975-0300] {processor.py:186} INFO - Started process (PID=38736) to work on /home/crisu/miniconda3/envs/lab13.1/lib/python3.9/site-packages/airflow/example_dags/tutorial_taskflow_api.py
[2024-12-07T02:38:23.003-0300] {processor.py:914} INFO - Processing file /home/crisu/miniconda3/envs/lab13.1/lib/python3.9/site-packages/airflow/example_dags/tutorial_taskflow_api.py for tasks to queue
[2024-12-07T02:38:23.005-0300] {logging_mixin.py:190} INFO - [2024-12-07T02:38:23.005-0300] {dagbag.py:588} INFO - Filling up the DagBag from /home/crisu/miniconda3/envs/lab13.1/lib/python3.9/site-packages/airflow/example_dags/tutorial_taskflow_api.py
[2024-12-07T02:38:23.013-0300] {processor.py:925} INFO - DAG(s) 'tutorial_taskflow_api' retrieved from /home/crisu/miniconda3/envs/lab13.1/lib/python3.9/site-packages/airflow/example_dags/tutorial_taskflow_api.py
[2024-12-07T02:38:23.026-0300] {logging_mixin.py:190} INFO - [2024-12-07T02:38:23.026-0300] {dag.py:3239} INFO - Sync 1 DAGs
[2024-12-07T02:38:23.037-0300] {logging_mixin.py:190} INFO - [2024-12-07T02:38:23.037-0300] {dag.py:4180} INFO - Setting next_dagrun for tutorial_taskflow_api to None, run_after=None
[2024-12-07T02:38:23.992-0300] {processor.py:208} INFO - Processing /home/crisu/miniconda3/envs/lab13.1/lib/python3.9/site-packages/airflow/example_dags/tutorial_taskflow_api.py took 1.022 seconds
[2024-12-07T02:40:09.635-0300] {processor.py:186} INFO - Started process (PID=38852) to work on /home/crisu/miniconda3/envs/lab13.1/lib/python3.9/site-packages/airflow/example_dags/tutorial_taskflow_api.py
[2024-12-07T02:40:09.655-0300] {processor.py:914} INFO - Processing file /home/crisu/miniconda3/envs/lab13.1/lib/python3.9/site-packages/airflow/example_dags/tutorial_taskflow_api.py for tasks to queue
[2024-12-07T02:40:09.657-0300] {logging_mixin.py:190} INFO - [2024-12-07T02:40:09.656-0300] {dagbag.py:588} INFO - Filling up the DagBag from /home/crisu/miniconda3/envs/lab13.1/lib/python3.9/site-packages/airflow/example_dags/tutorial_taskflow_api.py
[2024-12-07T02:40:09.664-0300] {processor.py:925} INFO - DAG(s) 'tutorial_taskflow_api' retrieved from /home/crisu/miniconda3/envs/lab13.1/lib/python3.9/site-packages/airflow/example_dags/tutorial_taskflow_api.py
[2024-12-07T02:40:09.677-0300] {logging_mixin.py:190} INFO - [2024-12-07T02:40:09.677-0300] {dag.py:3239} INFO - Sync 1 DAGs
[2024-12-07T02:40:09.687-0300] {logging_mixin.py:190} INFO - [2024-12-07T02:40:09.687-0300] {dag.py:4180} INFO - Setting next_dagrun for tutorial_taskflow_api to None, run_after=None
[2024-12-07T02:40:09.757-0300] {processor.py:208} INFO - Processing /home/crisu/miniconda3/envs/lab13.1/lib/python3.9/site-packages/airflow/example_dags/tutorial_taskflow_api.py took 0.126 seconds
[2024-12-07T02:41:02.099-0300] {processor.py:186} INFO - Started process (PID=38953) to work on /home/crisu/miniconda3/envs/lab13.1/lib/python3.9/site-packages/airflow/example_dags/tutorial_taskflow_api.py
[2024-12-07T02:41:02.105-0300] {processor.py:914} INFO - Processing file /home/crisu/miniconda3/envs/lab13.1/lib/python3.9/site-packages/airflow/example_dags/tutorial_taskflow_api.py for tasks to queue
[2024-12-07T02:41:02.107-0300] {logging_mixin.py:190} INFO - [2024-12-07T02:41:02.106-0300] {dagbag.py:588} INFO - Filling up the DagBag from /home/crisu/miniconda3/envs/lab13.1/lib/python3.9/site-packages/airflow/example_dags/tutorial_taskflow_api.py
[2024-12-07T02:41:02.114-0300] {processor.py:925} INFO - DAG(s) 'tutorial_taskflow_api' retrieved from /home/crisu/miniconda3/envs/lab13.1/lib/python3.9/site-packages/airflow/example_dags/tutorial_taskflow_api.py
[2024-12-07T02:41:02.129-0300] {logging_mixin.py:190} INFO - [2024-12-07T02:41:02.129-0300] {dag.py:3239} INFO - Sync 1 DAGs
[2024-12-07T02:41:02.141-0300] {logging_mixin.py:190} INFO - [2024-12-07T02:41:02.141-0300] {dag.py:4180} INFO - Setting next_dagrun for tutorial_taskflow_api to None, run_after=None
[2024-12-07T02:41:02.205-0300] {processor.py:208} INFO - Processing /home/crisu/miniconda3/envs/lab13.1/lib/python3.9/site-packages/airflow/example_dags/tutorial_taskflow_api.py took 0.113 seconds
[2024-12-07T02:42:15.221-0300] {processor.py:186} INFO - Started process (PID=39084) to work on /home/crisu/miniconda3/envs/lab13.1/lib/python3.9/site-packages/airflow/example_dags/tutorial_taskflow_api.py
[2024-12-07T02:42:15.228-0300] {processor.py:914} INFO - Processing file /home/crisu/miniconda3/envs/lab13.1/lib/python3.9/site-packages/airflow/example_dags/tutorial_taskflow_api.py for tasks to queue
[2024-12-07T02:42:15.230-0300] {logging_mixin.py:190} INFO - [2024-12-07T02:42:15.229-0300] {dagbag.py:588} INFO - Filling up the DagBag from /home/crisu/miniconda3/envs/lab13.1/lib/python3.9/site-packages/airflow/example_dags/tutorial_taskflow_api.py
[2024-12-07T02:42:15.237-0300] {processor.py:925} INFO - DAG(s) 'tutorial_taskflow_api' retrieved from /home/crisu/miniconda3/envs/lab13.1/lib/python3.9/site-packages/airflow/example_dags/tutorial_taskflow_api.py
[2024-12-07T02:42:15.253-0300] {logging_mixin.py:190} INFO - [2024-12-07T02:42:15.252-0300] {dag.py:3239} INFO - Sync 1 DAGs
[2024-12-07T02:42:15.267-0300] {logging_mixin.py:190} INFO - [2024-12-07T02:42:15.267-0300] {dag.py:4180} INFO - Setting next_dagrun for tutorial_taskflow_api to None, run_after=None
[2024-12-07T02:42:15.322-0300] {processor.py:208} INFO - Processing /home/crisu/miniconda3/envs/lab13.1/lib/python3.9/site-packages/airflow/example_dags/tutorial_taskflow_api.py took 0.106 seconds
[2024-12-07T02:44:28.824-0300] {processor.py:186} INFO - Started process (PID=39675) to work on /home/crisu/miniconda3/envs/lab13.1/lib/python3.9/site-packages/airflow/example_dags/tutorial_taskflow_api.py
[2024-12-07T02:44:28.845-0300] {processor.py:914} INFO - Processing file /home/crisu/miniconda3/envs/lab13.1/lib/python3.9/site-packages/airflow/example_dags/tutorial_taskflow_api.py for tasks to queue
[2024-12-07T02:44:28.847-0300] {logging_mixin.py:190} INFO - [2024-12-07T02:44:28.847-0300] {dagbag.py:588} INFO - Filling up the DagBag from /home/crisu/miniconda3/envs/lab13.1/lib/python3.9/site-packages/airflow/example_dags/tutorial_taskflow_api.py
[2024-12-07T02:44:28.855-0300] {processor.py:925} INFO - DAG(s) 'tutorial_taskflow_api' retrieved from /home/crisu/miniconda3/envs/lab13.1/lib/python3.9/site-packages/airflow/example_dags/tutorial_taskflow_api.py
[2024-12-07T02:44:28.874-0300] {logging_mixin.py:190} INFO - [2024-12-07T02:44:28.874-0300] {dag.py:3239} INFO - Sync 1 DAGs
[2024-12-07T02:44:28.887-0300] {logging_mixin.py:190} INFO - [2024-12-07T02:44:28.887-0300] {dag.py:4180} INFO - Setting next_dagrun for tutorial_taskflow_api to None, run_after=None
[2024-12-07T02:44:28.983-0300] {processor.py:208} INFO - Processing /home/crisu/miniconda3/envs/lab13.1/lib/python3.9/site-packages/airflow/example_dags/tutorial_taskflow_api.py took 0.165 seconds
[2024-12-07T02:45:39.759-0300] {processor.py:186} INFO - Started process (PID=39834) to work on /home/crisu/miniconda3/envs/lab13.1/lib/python3.9/site-packages/airflow/example_dags/tutorial_taskflow_api.py
[2024-12-07T02:45:39.780-0300] {processor.py:914} INFO - Processing file /home/crisu/miniconda3/envs/lab13.1/lib/python3.9/site-packages/airflow/example_dags/tutorial_taskflow_api.py for tasks to queue
[2024-12-07T02:45:39.782-0300] {logging_mixin.py:190} INFO - [2024-12-07T02:45:39.781-0300] {dagbag.py:588} INFO - Filling up the DagBag from /home/crisu/miniconda3/envs/lab13.1/lib/python3.9/site-packages/airflow/example_dags/tutorial_taskflow_api.py
[2024-12-07T02:45:39.789-0300] {processor.py:925} INFO - DAG(s) 'tutorial_taskflow_api' retrieved from /home/crisu/miniconda3/envs/lab13.1/lib/python3.9/site-packages/airflow/example_dags/tutorial_taskflow_api.py
[2024-12-07T02:45:39.802-0300] {logging_mixin.py:190} INFO - [2024-12-07T02:45:39.802-0300] {dag.py:3239} INFO - Sync 1 DAGs
[2024-12-07T02:45:39.813-0300] {logging_mixin.py:190} INFO - [2024-12-07T02:45:39.813-0300] {dag.py:4180} INFO - Setting next_dagrun for tutorial_taskflow_api to None, run_after=None
[2024-12-07T02:45:39.873-0300] {processor.py:208} INFO - Processing /home/crisu/miniconda3/envs/lab13.1/lib/python3.9/site-packages/airflow/example_dags/tutorial_taskflow_api.py took 0.120 seconds
[2024-12-07T02:46:11.076-0300] {processor.py:186} INFO - Started process (PID=39972) to work on /home/crisu/miniconda3/envs/lab13.1/lib/python3.9/site-packages/airflow/example_dags/tutorial_taskflow_api.py
[2024-12-07T02:46:11.077-0300] {processor.py:914} INFO - Processing file /home/crisu/miniconda3/envs/lab13.1/lib/python3.9/site-packages/airflow/example_dags/tutorial_taskflow_api.py for tasks to queue
[2024-12-07T02:46:11.079-0300] {logging_mixin.py:190} INFO - [2024-12-07T02:46:11.078-0300] {dagbag.py:588} INFO - Filling up the DagBag from /home/crisu/miniconda3/envs/lab13.1/lib/python3.9/site-packages/airflow/example_dags/tutorial_taskflow_api.py
[2024-12-07T02:46:11.087-0300] {processor.py:925} INFO - DAG(s) 'tutorial_taskflow_api' retrieved from /home/crisu/miniconda3/envs/lab13.1/lib/python3.9/site-packages/airflow/example_dags/tutorial_taskflow_api.py
[2024-12-07T02:46:11.105-0300] {logging_mixin.py:190} INFO - [2024-12-07T02:46:11.105-0300] {dag.py:3239} INFO - Sync 1 DAGs
[2024-12-07T02:46:11.116-0300] {logging_mixin.py:190} INFO - [2024-12-07T02:46:11.116-0300] {dag.py:4180} INFO - Setting next_dagrun for tutorial_taskflow_api to None, run_after=None
[2024-12-07T02:46:11.177-0300] {processor.py:208} INFO - Processing /home/crisu/miniconda3/envs/lab13.1/lib/python3.9/site-packages/airflow/example_dags/tutorial_taskflow_api.py took 0.106 seconds
[2024-12-07T02:47:20.209-0300] {processor.py:186} INFO - Started process (PID=40193) to work on /home/crisu/miniconda3/envs/lab13.1/lib/python3.9/site-packages/airflow/example_dags/tutorial_taskflow_api.py
[2024-12-07T02:47:20.211-0300] {processor.py:914} INFO - Processing file /home/crisu/miniconda3/envs/lab13.1/lib/python3.9/site-packages/airflow/example_dags/tutorial_taskflow_api.py for tasks to queue
[2024-12-07T02:47:20.213-0300] {logging_mixin.py:190} INFO - [2024-12-07T02:47:20.212-0300] {dagbag.py:588} INFO - Filling up the DagBag from /home/crisu/miniconda3/envs/lab13.1/lib/python3.9/site-packages/airflow/example_dags/tutorial_taskflow_api.py
[2024-12-07T02:47:20.220-0300] {processor.py:925} INFO - DAG(s) 'tutorial_taskflow_api' retrieved from /home/crisu/miniconda3/envs/lab13.1/lib/python3.9/site-packages/airflow/example_dags/tutorial_taskflow_api.py
[2024-12-07T02:47:20.239-0300] {logging_mixin.py:190} INFO - [2024-12-07T02:47:20.238-0300] {dag.py:3239} INFO - Sync 1 DAGs
[2024-12-07T02:47:20.250-0300] {logging_mixin.py:190} INFO - [2024-12-07T02:47:20.250-0300] {dag.py:4180} INFO - Setting next_dagrun for tutorial_taskflow_api to None, run_after=None
[2024-12-07T02:47:20.756-0300] {processor.py:208} INFO - Processing /home/crisu/miniconda3/envs/lab13.1/lib/python3.9/site-packages/airflow/example_dags/tutorial_taskflow_api.py took 0.552 seconds
[2024-12-07T02:48:42.982-0300] {processor.py:186} INFO - Started process (PID=40428) to work on /home/crisu/miniconda3/envs/lab13.1/lib/python3.9/site-packages/airflow/example_dags/tutorial_taskflow_api.py
[2024-12-07T02:48:43.013-0300] {processor.py:914} INFO - Processing file /home/crisu/miniconda3/envs/lab13.1/lib/python3.9/site-packages/airflow/example_dags/tutorial_taskflow_api.py for tasks to queue
[2024-12-07T02:48:43.024-0300] {logging_mixin.py:190} INFO - [2024-12-07T02:48:43.023-0300] {dagbag.py:588} INFO - Filling up the DagBag from /home/crisu/miniconda3/envs/lab13.1/lib/python3.9/site-packages/airflow/example_dags/tutorial_taskflow_api.py
[2024-12-07T02:48:43.047-0300] {processor.py:925} INFO - DAG(s) 'tutorial_taskflow_api' retrieved from /home/crisu/miniconda3/envs/lab13.1/lib/python3.9/site-packages/airflow/example_dags/tutorial_taskflow_api.py
[2024-12-07T02:48:43.087-0300] {logging_mixin.py:190} INFO - [2024-12-07T02:48:43.087-0300] {dag.py:3239} INFO - Sync 1 DAGs
[2024-12-07T02:48:43.107-0300] {logging_mixin.py:190} INFO - [2024-12-07T02:48:43.107-0300] {dag.py:4180} INFO - Setting next_dagrun for tutorial_taskflow_api to None, run_after=None
[2024-12-07T02:48:44.516-0300] {processor.py:208} INFO - Processing /home/crisu/miniconda3/envs/lab13.1/lib/python3.9/site-packages/airflow/example_dags/tutorial_taskflow_api.py took 1.541 seconds
[2024-12-07T02:49:49.700-0300] {processor.py:186} INFO - Started process (PID=40701) to work on /home/crisu/miniconda3/envs/lab13.1/lib/python3.9/site-packages/airflow/example_dags/tutorial_taskflow_api.py
[2024-12-07T02:49:49.706-0300] {processor.py:914} INFO - Processing file /home/crisu/miniconda3/envs/lab13.1/lib/python3.9/site-packages/airflow/example_dags/tutorial_taskflow_api.py for tasks to queue
[2024-12-07T02:49:49.709-0300] {logging_mixin.py:190} INFO - [2024-12-07T02:49:49.709-0300] {dagbag.py:588} INFO - Filling up the DagBag from /home/crisu/miniconda3/envs/lab13.1/lib/python3.9/site-packages/airflow/example_dags/tutorial_taskflow_api.py
[2024-12-07T02:49:49.721-0300] {processor.py:925} INFO - DAG(s) 'tutorial_taskflow_api' retrieved from /home/crisu/miniconda3/envs/lab13.1/lib/python3.9/site-packages/airflow/example_dags/tutorial_taskflow_api.py
[2024-12-07T02:49:49.749-0300] {logging_mixin.py:190} INFO - [2024-12-07T02:49:49.748-0300] {dag.py:3239} INFO - Sync 1 DAGs
[2024-12-07T02:49:49.768-0300] {logging_mixin.py:190} INFO - [2024-12-07T02:49:49.768-0300] {dag.py:4180} INFO - Setting next_dagrun for tutorial_taskflow_api to None, run_after=None
[2024-12-07T02:49:49.867-0300] {processor.py:208} INFO - Processing /home/crisu/miniconda3/envs/lab13.1/lib/python3.9/site-packages/airflow/example_dags/tutorial_taskflow_api.py took 0.178 seconds
[2024-12-07T02:51:00.731-0300] {processor.py:186} INFO - Started process (PID=40938) to work on /home/crisu/miniconda3/envs/lab13.1/lib/python3.9/site-packages/airflow/example_dags/tutorial_taskflow_api.py
[2024-12-07T02:51:00.743-0300] {processor.py:914} INFO - Processing file /home/crisu/miniconda3/envs/lab13.1/lib/python3.9/site-packages/airflow/example_dags/tutorial_taskflow_api.py for tasks to queue
[2024-12-07T02:51:00.745-0300] {logging_mixin.py:190} INFO - [2024-12-07T02:51:00.745-0300] {dagbag.py:588} INFO - Filling up the DagBag from /home/crisu/miniconda3/envs/lab13.1/lib/python3.9/site-packages/airflow/example_dags/tutorial_taskflow_api.py
[2024-12-07T02:51:00.755-0300] {processor.py:925} INFO - DAG(s) 'tutorial_taskflow_api' retrieved from /home/crisu/miniconda3/envs/lab13.1/lib/python3.9/site-packages/airflow/example_dags/tutorial_taskflow_api.py
[2024-12-07T02:51:00.772-0300] {logging_mixin.py:190} INFO - [2024-12-07T02:51:00.772-0300] {dag.py:3239} INFO - Sync 1 DAGs
[2024-12-07T02:51:00.784-0300] {logging_mixin.py:190} INFO - [2024-12-07T02:51:00.784-0300] {dag.py:4180} INFO - Setting next_dagrun for tutorial_taskflow_api to None, run_after=None
[2024-12-07T02:51:00.848-0300] {processor.py:208} INFO - Processing /home/crisu/miniconda3/envs/lab13.1/lib/python3.9/site-packages/airflow/example_dags/tutorial_taskflow_api.py took 0.127 seconds
[2024-12-07T03:19:10.340-0300] {processor.py:186} INFO - Started process (PID=42578) to work on /home/crisu/miniconda3/envs/lab13.1/lib/python3.9/site-packages/airflow/example_dags/tutorial_taskflow_api.py
[2024-12-07T03:19:10.359-0300] {processor.py:914} INFO - Processing file /home/crisu/miniconda3/envs/lab13.1/lib/python3.9/site-packages/airflow/example_dags/tutorial_taskflow_api.py for tasks to queue
[2024-12-07T03:19:10.360-0300] {logging_mixin.py:190} INFO - [2024-12-07T03:19:10.360-0300] {dagbag.py:588} INFO - Filling up the DagBag from /home/crisu/miniconda3/envs/lab13.1/lib/python3.9/site-packages/airflow/example_dags/tutorial_taskflow_api.py
[2024-12-07T03:19:10.366-0300] {processor.py:925} INFO - DAG(s) 'tutorial_taskflow_api' retrieved from /home/crisu/miniconda3/envs/lab13.1/lib/python3.9/site-packages/airflow/example_dags/tutorial_taskflow_api.py
[2024-12-07T03:19:10.385-0300] {logging_mixin.py:190} INFO - [2024-12-07T03:19:10.385-0300] {dag.py:3239} INFO - Sync 1 DAGs
[2024-12-07T03:19:10.396-0300] {logging_mixin.py:190} INFO - [2024-12-07T03:19:10.396-0300] {dag.py:4180} INFO - Setting next_dagrun for tutorial_taskflow_api to None, run_after=None
[2024-12-07T03:19:10.467-0300] {processor.py:208} INFO - Processing /home/crisu/miniconda3/envs/lab13.1/lib/python3.9/site-packages/airflow/example_dags/tutorial_taskflow_api.py took 0.132 seconds
[2024-12-07T03:22:43.428-0300] {processor.py:186} INFO - Started process (PID=42809) to work on /home/crisu/miniconda3/envs/lab13.1/lib/python3.9/site-packages/airflow/example_dags/tutorial_taskflow_api.py
[2024-12-07T03:22:43.444-0300] {processor.py:914} INFO - Processing file /home/crisu/miniconda3/envs/lab13.1/lib/python3.9/site-packages/airflow/example_dags/tutorial_taskflow_api.py for tasks to queue
[2024-12-07T03:22:43.446-0300] {logging_mixin.py:190} INFO - [2024-12-07T03:22:43.445-0300] {dagbag.py:588} INFO - Filling up the DagBag from /home/crisu/miniconda3/envs/lab13.1/lib/python3.9/site-packages/airflow/example_dags/tutorial_taskflow_api.py
[2024-12-07T03:22:43.452-0300] {processor.py:925} INFO - DAG(s) 'tutorial_taskflow_api' retrieved from /home/crisu/miniconda3/envs/lab13.1/lib/python3.9/site-packages/airflow/example_dags/tutorial_taskflow_api.py
[2024-12-07T03:22:43.466-0300] {logging_mixin.py:190} INFO - [2024-12-07T03:22:43.466-0300] {dag.py:3239} INFO - Sync 1 DAGs
[2024-12-07T03:22:43.479-0300] {logging_mixin.py:190} INFO - [2024-12-07T03:22:43.478-0300] {dag.py:4180} INFO - Setting next_dagrun for tutorial_taskflow_api to None, run_after=None
[2024-12-07T03:22:44.427-0300] {processor.py:208} INFO - Processing /home/crisu/miniconda3/envs/lab13.1/lib/python3.9/site-packages/airflow/example_dags/tutorial_taskflow_api.py took 1.003 seconds
[2024-12-07T03:26:06.962-0300] {processor.py:186} INFO - Started process (PID=43387) to work on /home/crisu/miniconda3/envs/lab13.1/lib/python3.9/site-packages/airflow/example_dags/tutorial_taskflow_api.py
[2024-12-07T03:26:07.105-0300] {processor.py:914} INFO - Processing file /home/crisu/miniconda3/envs/lab13.1/lib/python3.9/site-packages/airflow/example_dags/tutorial_taskflow_api.py for tasks to queue
[2024-12-07T03:26:07.108-0300] {logging_mixin.py:190} INFO - [2024-12-07T03:26:07.107-0300] {dagbag.py:588} INFO - Filling up the DagBag from /home/crisu/miniconda3/envs/lab13.1/lib/python3.9/site-packages/airflow/example_dags/tutorial_taskflow_api.py
[2024-12-07T03:26:07.115-0300] {processor.py:925} INFO - DAG(s) 'tutorial_taskflow_api' retrieved from /home/crisu/miniconda3/envs/lab13.1/lib/python3.9/site-packages/airflow/example_dags/tutorial_taskflow_api.py
[2024-12-07T03:26:07.138-0300] {logging_mixin.py:190} INFO - [2024-12-07T03:26:07.138-0300] {dag.py:3239} INFO - Sync 1 DAGs
[2024-12-07T03:26:07.152-0300] {logging_mixin.py:190} INFO - [2024-12-07T03:26:07.152-0300] {dag.py:4180} INFO - Setting next_dagrun for tutorial_taskflow_api to None, run_after=None
[2024-12-07T03:26:08.779-0300] {processor.py:208} INFO - Processing /home/crisu/miniconda3/envs/lab13.1/lib/python3.9/site-packages/airflow/example_dags/tutorial_taskflow_api.py took 1.822 seconds
[2024-12-07T03:29:11.263-0300] {processor.py:186} INFO - Started process (PID=43799) to work on /home/crisu/miniconda3/envs/lab13.1/lib/python3.9/site-packages/airflow/example_dags/tutorial_taskflow_api.py
[2024-12-07T03:29:11.271-0300] {processor.py:914} INFO - Processing file /home/crisu/miniconda3/envs/lab13.1/lib/python3.9/site-packages/airflow/example_dags/tutorial_taskflow_api.py for tasks to queue
[2024-12-07T03:29:11.273-0300] {logging_mixin.py:190} INFO - [2024-12-07T03:29:11.273-0300] {dagbag.py:588} INFO - Filling up the DagBag from /home/crisu/miniconda3/envs/lab13.1/lib/python3.9/site-packages/airflow/example_dags/tutorial_taskflow_api.py
[2024-12-07T03:29:11.281-0300] {processor.py:925} INFO - DAG(s) 'tutorial_taskflow_api' retrieved from /home/crisu/miniconda3/envs/lab13.1/lib/python3.9/site-packages/airflow/example_dags/tutorial_taskflow_api.py
[2024-12-07T03:29:11.296-0300] {logging_mixin.py:190} INFO - [2024-12-07T03:29:11.296-0300] {dag.py:3239} INFO - Sync 1 DAGs
[2024-12-07T03:29:11.309-0300] {logging_mixin.py:190} INFO - [2024-12-07T03:29:11.309-0300] {dag.py:4180} INFO - Setting next_dagrun for tutorial_taskflow_api to None, run_after=None
[2024-12-07T03:29:11.620-0300] {processor.py:208} INFO - Processing /home/crisu/miniconda3/envs/lab13.1/lib/python3.9/site-packages/airflow/example_dags/tutorial_taskflow_api.py took 0.363 seconds
[2024-12-07T03:32:49.047-0300] {processor.py:186} INFO - Started process (PID=44159) to work on /home/crisu/miniconda3/envs/lab13.1/lib/python3.9/site-packages/airflow/example_dags/tutorial_taskflow_api.py
[2024-12-07T03:32:49.049-0300] {processor.py:914} INFO - Processing file /home/crisu/miniconda3/envs/lab13.1/lib/python3.9/site-packages/airflow/example_dags/tutorial_taskflow_api.py for tasks to queue
[2024-12-07T03:32:49.050-0300] {logging_mixin.py:190} INFO - [2024-12-07T03:32:49.050-0300] {dagbag.py:588} INFO - Filling up the DagBag from /home/crisu/miniconda3/envs/lab13.1/lib/python3.9/site-packages/airflow/example_dags/tutorial_taskflow_api.py
[2024-12-07T03:32:49.058-0300] {processor.py:925} INFO - DAG(s) 'tutorial_taskflow_api' retrieved from /home/crisu/miniconda3/envs/lab13.1/lib/python3.9/site-packages/airflow/example_dags/tutorial_taskflow_api.py
[2024-12-07T03:32:49.084-0300] {logging_mixin.py:190} INFO - [2024-12-07T03:32:49.084-0300] {dag.py:3239} INFO - Sync 1 DAGs
[2024-12-07T03:32:49.098-0300] {logging_mixin.py:190} INFO - [2024-12-07T03:32:49.098-0300] {dag.py:4180} INFO - Setting next_dagrun for tutorial_taskflow_api to None, run_after=None
[2024-12-07T03:32:49.545-0300] {processor.py:208} INFO - Processing /home/crisu/miniconda3/envs/lab13.1/lib/python3.9/site-packages/airflow/example_dags/tutorial_taskflow_api.py took 0.505 seconds
[2024-12-07T03:35:24.845-0300] {processor.py:186} INFO - Started process (PID=44703) to work on /home/crisu/miniconda3/envs/lab13.1/lib/python3.9/site-packages/airflow/example_dags/tutorial_taskflow_api.py
[2024-12-07T03:35:24.846-0300] {processor.py:914} INFO - Processing file /home/crisu/miniconda3/envs/lab13.1/lib/python3.9/site-packages/airflow/example_dags/tutorial_taskflow_api.py for tasks to queue
[2024-12-07T03:35:24.847-0300] {logging_mixin.py:190} INFO - [2024-12-07T03:35:24.847-0300] {dagbag.py:588} INFO - Filling up the DagBag from /home/crisu/miniconda3/envs/lab13.1/lib/python3.9/site-packages/airflow/example_dags/tutorial_taskflow_api.py
[2024-12-07T03:35:24.853-0300] {processor.py:925} INFO - DAG(s) 'tutorial_taskflow_api' retrieved from /home/crisu/miniconda3/envs/lab13.1/lib/python3.9/site-packages/airflow/example_dags/tutorial_taskflow_api.py
[2024-12-07T03:35:24.866-0300] {logging_mixin.py:190} INFO - [2024-12-07T03:35:24.866-0300] {dag.py:3239} INFO - Sync 1 DAGs
[2024-12-07T03:35:24.876-0300] {logging_mixin.py:190} INFO - [2024-12-07T03:35:24.876-0300] {dag.py:4180} INFO - Setting next_dagrun for tutorial_taskflow_api to None, run_after=None
[2024-12-07T03:35:24.933-0300] {processor.py:208} INFO - Processing /home/crisu/miniconda3/envs/lab13.1/lib/python3.9/site-packages/airflow/example_dags/tutorial_taskflow_api.py took 0.093 seconds
[2024-12-07T03:36:18.912-0300] {processor.py:186} INFO - Started process (PID=44826) to work on /home/crisu/miniconda3/envs/lab13.1/lib/python3.9/site-packages/airflow/example_dags/tutorial_taskflow_api.py
[2024-12-07T03:36:18.964-0300] {processor.py:914} INFO - Processing file /home/crisu/miniconda3/envs/lab13.1/lib/python3.9/site-packages/airflow/example_dags/tutorial_taskflow_api.py for tasks to queue
[2024-12-07T03:36:18.966-0300] {logging_mixin.py:190} INFO - [2024-12-07T03:36:18.965-0300] {dagbag.py:588} INFO - Filling up the DagBag from /home/crisu/miniconda3/envs/lab13.1/lib/python3.9/site-packages/airflow/example_dags/tutorial_taskflow_api.py
[2024-12-07T03:36:18.971-0300] {processor.py:925} INFO - DAG(s) 'tutorial_taskflow_api' retrieved from /home/crisu/miniconda3/envs/lab13.1/lib/python3.9/site-packages/airflow/example_dags/tutorial_taskflow_api.py
[2024-12-07T03:36:18.984-0300] {logging_mixin.py:190} INFO - [2024-12-07T03:36:18.984-0300] {dag.py:3239} INFO - Sync 1 DAGs
[2024-12-07T03:36:18.995-0300] {logging_mixin.py:190} INFO - [2024-12-07T03:36:18.995-0300] {dag.py:4180} INFO - Setting next_dagrun for tutorial_taskflow_api to None, run_after=None
[2024-12-07T03:36:19.436-0300] {processor.py:208} INFO - Processing /home/crisu/miniconda3/envs/lab13.1/lib/python3.9/site-packages/airflow/example_dags/tutorial_taskflow_api.py took 0.530 seconds
[2024-12-07T03:37:28.901-0300] {processor.py:186} INFO - Started process (PID=44930) to work on /home/crisu/miniconda3/envs/lab13.1/lib/python3.9/site-packages/airflow/example_dags/tutorial_taskflow_api.py
[2024-12-07T03:37:28.909-0300] {processor.py:914} INFO - Processing file /home/crisu/miniconda3/envs/lab13.1/lib/python3.9/site-packages/airflow/example_dags/tutorial_taskflow_api.py for tasks to queue
[2024-12-07T03:37:28.910-0300] {logging_mixin.py:190} INFO - [2024-12-07T03:37:28.910-0300] {dagbag.py:588} INFO - Filling up the DagBag from /home/crisu/miniconda3/envs/lab13.1/lib/python3.9/site-packages/airflow/example_dags/tutorial_taskflow_api.py
[2024-12-07T03:37:28.915-0300] {processor.py:925} INFO - DAG(s) 'tutorial_taskflow_api' retrieved from /home/crisu/miniconda3/envs/lab13.1/lib/python3.9/site-packages/airflow/example_dags/tutorial_taskflow_api.py
[2024-12-07T03:37:28.929-0300] {logging_mixin.py:190} INFO - [2024-12-07T03:37:28.928-0300] {dag.py:3239} INFO - Sync 1 DAGs
[2024-12-07T03:37:28.939-0300] {logging_mixin.py:190} INFO - [2024-12-07T03:37:28.939-0300] {dag.py:4180} INFO - Setting next_dagrun for tutorial_taskflow_api to None, run_after=None
[2024-12-07T03:37:28.993-0300] {processor.py:208} INFO - Processing /home/crisu/miniconda3/envs/lab13.1/lib/python3.9/site-packages/airflow/example_dags/tutorial_taskflow_api.py took 0.098 seconds
[2024-12-07T03:38:23.966-0300] {processor.py:186} INFO - Started process (PID=45024) to work on /home/crisu/miniconda3/envs/lab13.1/lib/python3.9/site-packages/airflow/example_dags/tutorial_taskflow_api.py
[2024-12-07T03:38:23.970-0300] {processor.py:914} INFO - Processing file /home/crisu/miniconda3/envs/lab13.1/lib/python3.9/site-packages/airflow/example_dags/tutorial_taskflow_api.py for tasks to queue
[2024-12-07T03:38:23.971-0300] {logging_mixin.py:190} INFO - [2024-12-07T03:38:23.971-0300] {dagbag.py:588} INFO - Filling up the DagBag from /home/crisu/miniconda3/envs/lab13.1/lib/python3.9/site-packages/airflow/example_dags/tutorial_taskflow_api.py
[2024-12-07T03:38:23.977-0300] {processor.py:925} INFO - DAG(s) 'tutorial_taskflow_api' retrieved from /home/crisu/miniconda3/envs/lab13.1/lib/python3.9/site-packages/airflow/example_dags/tutorial_taskflow_api.py
[2024-12-07T03:38:23.990-0300] {logging_mixin.py:190} INFO - [2024-12-07T03:38:23.990-0300] {dag.py:3239} INFO - Sync 1 DAGs
[2024-12-07T03:38:24.000-0300] {logging_mixin.py:190} INFO - [2024-12-07T03:38:24.000-0300] {dag.py:4180} INFO - Setting next_dagrun for tutorial_taskflow_api to None, run_after=None
[2024-12-07T03:38:24.057-0300] {processor.py:208} INFO - Processing /home/crisu/miniconda3/envs/lab13.1/lib/python3.9/site-packages/airflow/example_dags/tutorial_taskflow_api.py took 0.095 seconds
[2024-12-07T03:39:42.725-0300] {processor.py:186} INFO - Started process (PID=45186) to work on /home/crisu/miniconda3/envs/lab13.1/lib/python3.9/site-packages/airflow/example_dags/tutorial_taskflow_api.py
[2024-12-07T03:39:42.736-0300] {processor.py:914} INFO - Processing file /home/crisu/miniconda3/envs/lab13.1/lib/python3.9/site-packages/airflow/example_dags/tutorial_taskflow_api.py for tasks to queue
[2024-12-07T03:39:42.738-0300] {logging_mixin.py:190} INFO - [2024-12-07T03:39:42.737-0300] {dagbag.py:588} INFO - Filling up the DagBag from /home/crisu/miniconda3/envs/lab13.1/lib/python3.9/site-packages/airflow/example_dags/tutorial_taskflow_api.py
[2024-12-07T03:39:42.743-0300] {processor.py:925} INFO - DAG(s) 'tutorial_taskflow_api' retrieved from /home/crisu/miniconda3/envs/lab13.1/lib/python3.9/site-packages/airflow/example_dags/tutorial_taskflow_api.py
[2024-12-07T03:39:42.757-0300] {logging_mixin.py:190} INFO - [2024-12-07T03:39:42.757-0300] {dag.py:3239} INFO - Sync 1 DAGs
[2024-12-07T03:39:42.768-0300] {logging_mixin.py:190} INFO - [2024-12-07T03:39:42.768-0300] {dag.py:4180} INFO - Setting next_dagrun for tutorial_taskflow_api to None, run_after=None
[2024-12-07T03:39:42.831-0300] {processor.py:208} INFO - Processing /home/crisu/miniconda3/envs/lab13.1/lib/python3.9/site-packages/airflow/example_dags/tutorial_taskflow_api.py took 0.111 seconds
[2024-12-07T03:40:55.570-0300] {processor.py:186} INFO - Started process (PID=45329) to work on /home/crisu/miniconda3/envs/lab13.1/lib/python3.9/site-packages/airflow/example_dags/tutorial_taskflow_api.py
[2024-12-07T03:40:55.583-0300] {processor.py:914} INFO - Processing file /home/crisu/miniconda3/envs/lab13.1/lib/python3.9/site-packages/airflow/example_dags/tutorial_taskflow_api.py for tasks to queue
[2024-12-07T03:40:55.584-0300] {logging_mixin.py:190} INFO - [2024-12-07T03:40:55.584-0300] {dagbag.py:588} INFO - Filling up the DagBag from /home/crisu/miniconda3/envs/lab13.1/lib/python3.9/site-packages/airflow/example_dags/tutorial_taskflow_api.py
[2024-12-07T03:40:55.590-0300] {processor.py:925} INFO - DAG(s) 'tutorial_taskflow_api' retrieved from /home/crisu/miniconda3/envs/lab13.1/lib/python3.9/site-packages/airflow/example_dags/tutorial_taskflow_api.py
[2024-12-07T03:40:55.603-0300] {logging_mixin.py:190} INFO - [2024-12-07T03:40:55.603-0300] {dag.py:3239} INFO - Sync 1 DAGs
[2024-12-07T03:40:55.613-0300] {logging_mixin.py:190} INFO - [2024-12-07T03:40:55.613-0300] {dag.py:4180} INFO - Setting next_dagrun for tutorial_taskflow_api to None, run_after=None
[2024-12-07T03:40:55.674-0300] {processor.py:208} INFO - Processing /home/crisu/miniconda3/envs/lab13.1/lib/python3.9/site-packages/airflow/example_dags/tutorial_taskflow_api.py took 0.109 seconds
[2024-12-07T03:43:47.152-0300] {processor.py:186} INFO - Started process (PID=45815) to work on /home/crisu/miniconda3/envs/lab13.1/lib/python3.9/site-packages/airflow/example_dags/tutorial_taskflow_api.py
[2024-12-07T03:43:47.153-0300] {processor.py:914} INFO - Processing file /home/crisu/miniconda3/envs/lab13.1/lib/python3.9/site-packages/airflow/example_dags/tutorial_taskflow_api.py for tasks to queue
[2024-12-07T03:43:47.155-0300] {logging_mixin.py:190} INFO - [2024-12-07T03:43:47.155-0300] {dagbag.py:588} INFO - Filling up the DagBag from /home/crisu/miniconda3/envs/lab13.1/lib/python3.9/site-packages/airflow/example_dags/tutorial_taskflow_api.py
[2024-12-07T03:43:47.165-0300] {processor.py:925} INFO - DAG(s) 'tutorial_taskflow_api' retrieved from /home/crisu/miniconda3/envs/lab13.1/lib/python3.9/site-packages/airflow/example_dags/tutorial_taskflow_api.py
[2024-12-07T03:43:47.184-0300] {logging_mixin.py:190} INFO - [2024-12-07T03:43:47.184-0300] {dag.py:3239} INFO - Sync 1 DAGs
[2024-12-07T03:43:47.198-0300] {logging_mixin.py:190} INFO - [2024-12-07T03:43:47.197-0300] {dag.py:4180} INFO - Setting next_dagrun for tutorial_taskflow_api to None, run_after=None
[2024-12-07T03:43:47.668-0300] {processor.py:208} INFO - Processing /home/crisu/miniconda3/envs/lab13.1/lib/python3.9/site-packages/airflow/example_dags/tutorial_taskflow_api.py took 0.523 seconds
[2024-12-07T03:47:37.146-0300] {processor.py:186} INFO - Started process (PID=46577) to work on /home/crisu/miniconda3/envs/lab13.1/lib/python3.9/site-packages/airflow/example_dags/tutorial_taskflow_api.py
[2024-12-07T03:47:37.147-0300] {processor.py:914} INFO - Processing file /home/crisu/miniconda3/envs/lab13.1/lib/python3.9/site-packages/airflow/example_dags/tutorial_taskflow_api.py for tasks to queue
[2024-12-07T03:47:37.149-0300] {logging_mixin.py:190} INFO - [2024-12-07T03:47:37.149-0300] {dagbag.py:588} INFO - Filling up the DagBag from /home/crisu/miniconda3/envs/lab13.1/lib/python3.9/site-packages/airflow/example_dags/tutorial_taskflow_api.py
[2024-12-07T03:47:37.157-0300] {processor.py:925} INFO - DAG(s) 'tutorial_taskflow_api' retrieved from /home/crisu/miniconda3/envs/lab13.1/lib/python3.9/site-packages/airflow/example_dags/tutorial_taskflow_api.py
[2024-12-07T03:47:37.169-0300] {logging_mixin.py:190} INFO - [2024-12-07T03:47:37.169-0300] {dag.py:3239} INFO - Sync 1 DAGs
[2024-12-07T03:47:37.181-0300] {logging_mixin.py:190} INFO - [2024-12-07T03:47:37.181-0300] {dag.py:4180} INFO - Setting next_dagrun for tutorial_taskflow_api to None, run_after=None
[2024-12-07T03:47:37.970-0300] {processor.py:208} INFO - Processing /home/crisu/miniconda3/envs/lab13.1/lib/python3.9/site-packages/airflow/example_dags/tutorial_taskflow_api.py took 0.830 seconds
[2024-12-07T03:49:41.119-0300] {processor.py:186} INFO - Started process (PID=46874) to work on /home/crisu/miniconda3/envs/lab13.1/lib/python3.9/site-packages/airflow/example_dags/tutorial_taskflow_api.py
[2024-12-07T03:49:41.169-0300] {processor.py:914} INFO - Processing file /home/crisu/miniconda3/envs/lab13.1/lib/python3.9/site-packages/airflow/example_dags/tutorial_taskflow_api.py for tasks to queue
[2024-12-07T03:49:41.171-0300] {logging_mixin.py:190} INFO - [2024-12-07T03:49:41.171-0300] {dagbag.py:588} INFO - Filling up the DagBag from /home/crisu/miniconda3/envs/lab13.1/lib/python3.9/site-packages/airflow/example_dags/tutorial_taskflow_api.py
[2024-12-07T03:49:41.179-0300] {processor.py:925} INFO - DAG(s) 'tutorial_taskflow_api' retrieved from /home/crisu/miniconda3/envs/lab13.1/lib/python3.9/site-packages/airflow/example_dags/tutorial_taskflow_api.py
[2024-12-07T03:49:41.192-0300] {logging_mixin.py:190} INFO - [2024-12-07T03:49:41.192-0300] {dag.py:3239} INFO - Sync 1 DAGs
[2024-12-07T03:49:41.203-0300] {logging_mixin.py:190} INFO - [2024-12-07T03:49:41.202-0300] {dag.py:4180} INFO - Setting next_dagrun for tutorial_taskflow_api to None, run_after=None
[2024-12-07T03:49:42.222-0300] {processor.py:208} INFO - Processing /home/crisu/miniconda3/envs/lab13.1/lib/python3.9/site-packages/airflow/example_dags/tutorial_taskflow_api.py took 1.109 seconds
[2024-12-07T03:51:17.783-0300] {processor.py:186} INFO - Started process (PID=46987) to work on /home/crisu/miniconda3/envs/lab13.1/lib/python3.9/site-packages/airflow/example_dags/tutorial_taskflow_api.py
[2024-12-07T03:51:17.785-0300] {processor.py:914} INFO - Processing file /home/crisu/miniconda3/envs/lab13.1/lib/python3.9/site-packages/airflow/example_dags/tutorial_taskflow_api.py for tasks to queue
[2024-12-07T03:51:17.788-0300] {logging_mixin.py:190} INFO - [2024-12-07T03:51:17.787-0300] {dagbag.py:588} INFO - Filling up the DagBag from /home/crisu/miniconda3/envs/lab13.1/lib/python3.9/site-packages/airflow/example_dags/tutorial_taskflow_api.py
[2024-12-07T03:51:17.799-0300] {processor.py:925} INFO - DAG(s) 'tutorial_taskflow_api' retrieved from /home/crisu/miniconda3/envs/lab13.1/lib/python3.9/site-packages/airflow/example_dags/tutorial_taskflow_api.py
[2024-12-07T03:51:17.821-0300] {logging_mixin.py:190} INFO - [2024-12-07T03:51:17.820-0300] {dag.py:3239} INFO - Sync 1 DAGs
[2024-12-07T03:51:17.841-0300] {logging_mixin.py:190} INFO - [2024-12-07T03:51:17.840-0300] {dag.py:4180} INFO - Setting next_dagrun for tutorial_taskflow_api to None, run_after=None
[2024-12-07T03:51:17.918-0300] {processor.py:208} INFO - Processing /home/crisu/miniconda3/envs/lab13.1/lib/python3.9/site-packages/airflow/example_dags/tutorial_taskflow_api.py took 0.143 seconds
[2024-12-07T03:52:04.761-0300] {processor.py:186} INFO - Started process (PID=47048) to work on /home/crisu/miniconda3/envs/lab13.1/lib/python3.9/site-packages/airflow/example_dags/tutorial_taskflow_api.py
[2024-12-07T03:52:04.762-0300] {processor.py:914} INFO - Processing file /home/crisu/miniconda3/envs/lab13.1/lib/python3.9/site-packages/airflow/example_dags/tutorial_taskflow_api.py for tasks to queue
[2024-12-07T03:52:04.764-0300] {logging_mixin.py:190} INFO - [2024-12-07T03:52:04.764-0300] {dagbag.py:588} INFO - Filling up the DagBag from /home/crisu/miniconda3/envs/lab13.1/lib/python3.9/site-packages/airflow/example_dags/tutorial_taskflow_api.py
[2024-12-07T03:52:04.773-0300] {processor.py:925} INFO - DAG(s) 'tutorial_taskflow_api' retrieved from /home/crisu/miniconda3/envs/lab13.1/lib/python3.9/site-packages/airflow/example_dags/tutorial_taskflow_api.py
[2024-12-07T03:52:04.790-0300] {logging_mixin.py:190} INFO - [2024-12-07T03:52:04.790-0300] {dag.py:3239} INFO - Sync 1 DAGs
[2024-12-07T03:52:04.805-0300] {logging_mixin.py:190} INFO - [2024-12-07T03:52:04.805-0300] {dag.py:4180} INFO - Setting next_dagrun for tutorial_taskflow_api to None, run_after=None
[2024-12-07T03:52:04.869-0300] {processor.py:208} INFO - Processing /home/crisu/miniconda3/envs/lab13.1/lib/python3.9/site-packages/airflow/example_dags/tutorial_taskflow_api.py took 0.114 seconds
[2024-12-07T03:53:48.345-0300] {processor.py:186} INFO - Started process (PID=47263) to work on /home/crisu/miniconda3/envs/lab13.1/lib/python3.9/site-packages/airflow/example_dags/tutorial_taskflow_api.py
[2024-12-07T03:53:48.346-0300] {processor.py:914} INFO - Processing file /home/crisu/miniconda3/envs/lab13.1/lib/python3.9/site-packages/airflow/example_dags/tutorial_taskflow_api.py for tasks to queue
[2024-12-07T03:53:48.348-0300] {logging_mixin.py:190} INFO - [2024-12-07T03:53:48.348-0300] {dagbag.py:588} INFO - Filling up the DagBag from /home/crisu/miniconda3/envs/lab13.1/lib/python3.9/site-packages/airflow/example_dags/tutorial_taskflow_api.py
[2024-12-07T03:53:48.355-0300] {processor.py:925} INFO - DAG(s) 'tutorial_taskflow_api' retrieved from /home/crisu/miniconda3/envs/lab13.1/lib/python3.9/site-packages/airflow/example_dags/tutorial_taskflow_api.py
[2024-12-07T03:53:48.368-0300] {logging_mixin.py:190} INFO - [2024-12-07T03:53:48.367-0300] {dag.py:3239} INFO - Sync 1 DAGs
[2024-12-07T03:53:48.378-0300] {logging_mixin.py:190} INFO - [2024-12-07T03:53:48.378-0300] {dag.py:4180} INFO - Setting next_dagrun for tutorial_taskflow_api to None, run_after=None
[2024-12-07T03:53:49.436-0300] {processor.py:208} INFO - Processing /home/crisu/miniconda3/envs/lab13.1/lib/python3.9/site-packages/airflow/example_dags/tutorial_taskflow_api.py took 1.096 seconds
[2024-12-07T03:54:54.720-0300] {processor.py:186} INFO - Started process (PID=47367) to work on /home/crisu/miniconda3/envs/lab13.1/lib/python3.9/site-packages/airflow/example_dags/tutorial_taskflow_api.py
[2024-12-07T03:54:54.725-0300] {processor.py:914} INFO - Processing file /home/crisu/miniconda3/envs/lab13.1/lib/python3.9/site-packages/airflow/example_dags/tutorial_taskflow_api.py for tasks to queue
[2024-12-07T03:54:54.727-0300] {logging_mixin.py:190} INFO - [2024-12-07T03:54:54.727-0300] {dagbag.py:588} INFO - Filling up the DagBag from /home/crisu/miniconda3/envs/lab13.1/lib/python3.9/site-packages/airflow/example_dags/tutorial_taskflow_api.py
[2024-12-07T03:54:54.735-0300] {processor.py:925} INFO - DAG(s) 'tutorial_taskflow_api' retrieved from /home/crisu/miniconda3/envs/lab13.1/lib/python3.9/site-packages/airflow/example_dags/tutorial_taskflow_api.py
[2024-12-07T03:54:54.747-0300] {logging_mixin.py:190} INFO - [2024-12-07T03:54:54.747-0300] {dag.py:3239} INFO - Sync 1 DAGs
[2024-12-07T03:54:54.758-0300] {logging_mixin.py:190} INFO - [2024-12-07T03:54:54.758-0300] {dag.py:4180} INFO - Setting next_dagrun for tutorial_taskflow_api to None, run_after=None
[2024-12-07T03:54:54.818-0300] {processor.py:208} INFO - Processing /home/crisu/miniconda3/envs/lab13.1/lib/python3.9/site-packages/airflow/example_dags/tutorial_taskflow_api.py took 0.104 seconds
[2024-12-07T03:56:02.671-0300] {processor.py:186} INFO - Started process (PID=47537) to work on /home/crisu/miniconda3/envs/lab13.1/lib/python3.9/site-packages/airflow/example_dags/tutorial_taskflow_api.py
[2024-12-07T03:56:02.696-0300] {processor.py:914} INFO - Processing file /home/crisu/miniconda3/envs/lab13.1/lib/python3.9/site-packages/airflow/example_dags/tutorial_taskflow_api.py for tasks to queue
[2024-12-07T03:56:02.698-0300] {logging_mixin.py:190} INFO - [2024-12-07T03:56:02.698-0300] {dagbag.py:588} INFO - Filling up the DagBag from /home/crisu/miniconda3/envs/lab13.1/lib/python3.9/site-packages/airflow/example_dags/tutorial_taskflow_api.py
[2024-12-07T03:56:02.707-0300] {processor.py:925} INFO - DAG(s) 'tutorial_taskflow_api' retrieved from /home/crisu/miniconda3/envs/lab13.1/lib/python3.9/site-packages/airflow/example_dags/tutorial_taskflow_api.py
[2024-12-07T03:56:02.721-0300] {logging_mixin.py:190} INFO - [2024-12-07T03:56:02.720-0300] {dag.py:3239} INFO - Sync 1 DAGs
[2024-12-07T03:56:02.733-0300] {logging_mixin.py:190} INFO - [2024-12-07T03:56:02.733-0300] {dag.py:4180} INFO - Setting next_dagrun for tutorial_taskflow_api to None, run_after=None
[2024-12-07T03:56:03.282-0300] {processor.py:208} INFO - Processing /home/crisu/miniconda3/envs/lab13.1/lib/python3.9/site-packages/airflow/example_dags/tutorial_taskflow_api.py took 0.616 seconds
[2024-12-07T03:56:54.148-0300] {processor.py:186} INFO - Started process (PID=47637) to work on /home/crisu/miniconda3/envs/lab13.1/lib/python3.9/site-packages/airflow/example_dags/tutorial_taskflow_api.py
[2024-12-07T03:56:54.401-0300] {processor.py:914} INFO - Processing file /home/crisu/miniconda3/envs/lab13.1/lib/python3.9/site-packages/airflow/example_dags/tutorial_taskflow_api.py for tasks to queue
[2024-12-07T03:56:54.408-0300] {logging_mixin.py:190} INFO - [2024-12-07T03:56:54.407-0300] {dagbag.py:588} INFO - Filling up the DagBag from /home/crisu/miniconda3/envs/lab13.1/lib/python3.9/site-packages/airflow/example_dags/tutorial_taskflow_api.py
[2024-12-07T03:56:54.422-0300] {processor.py:925} INFO - DAG(s) 'tutorial_taskflow_api' retrieved from /home/crisu/miniconda3/envs/lab13.1/lib/python3.9/site-packages/airflow/example_dags/tutorial_taskflow_api.py
[2024-12-07T03:56:54.447-0300] {logging_mixin.py:190} INFO - [2024-12-07T03:56:54.447-0300] {dag.py:3239} INFO - Sync 1 DAGs
[2024-12-07T03:56:54.469-0300] {logging_mixin.py:190} INFO - [2024-12-07T03:56:54.469-0300] {dag.py:4180} INFO - Setting next_dagrun for tutorial_taskflow_api to None, run_after=None
[2024-12-07T03:56:54.580-0300] {processor.py:208} INFO - Processing /home/crisu/miniconda3/envs/lab13.1/lib/python3.9/site-packages/airflow/example_dags/tutorial_taskflow_api.py took 0.440 seconds
[2024-12-07T03:58:10.880-0300] {processor.py:186} INFO - Started process (PID=47749) to work on /home/crisu/miniconda3/envs/lab13.1/lib/python3.9/site-packages/airflow/example_dags/tutorial_taskflow_api.py
[2024-12-07T03:58:10.892-0300] {processor.py:914} INFO - Processing file /home/crisu/miniconda3/envs/lab13.1/lib/python3.9/site-packages/airflow/example_dags/tutorial_taskflow_api.py for tasks to queue
[2024-12-07T03:58:10.894-0300] {logging_mixin.py:190} INFO - [2024-12-07T03:58:10.894-0300] {dagbag.py:588} INFO - Filling up the DagBag from /home/crisu/miniconda3/envs/lab13.1/lib/python3.9/site-packages/airflow/example_dags/tutorial_taskflow_api.py
[2024-12-07T03:58:10.901-0300] {processor.py:925} INFO - DAG(s) 'tutorial_taskflow_api' retrieved from /home/crisu/miniconda3/envs/lab13.1/lib/python3.9/site-packages/airflow/example_dags/tutorial_taskflow_api.py
[2024-12-07T03:58:10.914-0300] {logging_mixin.py:190} INFO - [2024-12-07T03:58:10.913-0300] {dag.py:3239} INFO - Sync 1 DAGs
[2024-12-07T03:58:10.924-0300] {logging_mixin.py:190} INFO - [2024-12-07T03:58:10.924-0300] {dag.py:4180} INFO - Setting next_dagrun for tutorial_taskflow_api to None, run_after=None
[2024-12-07T03:58:11.012-0300] {processor.py:208} INFO - Processing /home/crisu/miniconda3/envs/lab13.1/lib/python3.9/site-packages/airflow/example_dags/tutorial_taskflow_api.py took 0.137 seconds
[2024-12-07T04:00:07.682-0300] {processor.py:186} INFO - Started process (PID=48032) to work on /home/crisu/miniconda3/envs/lab13.1/lib/python3.9/site-packages/airflow/example_dags/tutorial_taskflow_api.py
[2024-12-07T04:00:07.688-0300] {processor.py:914} INFO - Processing file /home/crisu/miniconda3/envs/lab13.1/lib/python3.9/site-packages/airflow/example_dags/tutorial_taskflow_api.py for tasks to queue
[2024-12-07T04:00:07.690-0300] {logging_mixin.py:190} INFO - [2024-12-07T04:00:07.689-0300] {dagbag.py:588} INFO - Filling up the DagBag from /home/crisu/miniconda3/envs/lab13.1/lib/python3.9/site-packages/airflow/example_dags/tutorial_taskflow_api.py
[2024-12-07T04:00:07.697-0300] {processor.py:925} INFO - DAG(s) 'tutorial_taskflow_api' retrieved from /home/crisu/miniconda3/envs/lab13.1/lib/python3.9/site-packages/airflow/example_dags/tutorial_taskflow_api.py
[2024-12-07T04:00:07.710-0300] {logging_mixin.py:190} INFO - [2024-12-07T04:00:07.710-0300] {dag.py:3239} INFO - Sync 1 DAGs
[2024-12-07T04:00:07.721-0300] {logging_mixin.py:190} INFO - [2024-12-07T04:00:07.720-0300] {dag.py:4180} INFO - Setting next_dagrun for tutorial_taskflow_api to None, run_after=None
[2024-12-07T04:00:07.786-0300] {processor.py:208} INFO - Processing /home/crisu/miniconda3/envs/lab13.1/lib/python3.9/site-packages/airflow/example_dags/tutorial_taskflow_api.py took 0.109 seconds
[2024-12-07T04:01:22.502-0300] {processor.py:186} INFO - Started process (PID=48172) to work on /home/crisu/miniconda3/envs/lab13.1/lib/python3.9/site-packages/airflow/example_dags/tutorial_taskflow_api.py
[2024-12-07T04:01:22.525-0300] {processor.py:914} INFO - Processing file /home/crisu/miniconda3/envs/lab13.1/lib/python3.9/site-packages/airflow/example_dags/tutorial_taskflow_api.py for tasks to queue
[2024-12-07T04:01:22.528-0300] {logging_mixin.py:190} INFO - [2024-12-07T04:01:22.527-0300] {dagbag.py:588} INFO - Filling up the DagBag from /home/crisu/miniconda3/envs/lab13.1/lib/python3.9/site-packages/airflow/example_dags/tutorial_taskflow_api.py
[2024-12-07T04:01:22.538-0300] {processor.py:925} INFO - DAG(s) 'tutorial_taskflow_api' retrieved from /home/crisu/miniconda3/envs/lab13.1/lib/python3.9/site-packages/airflow/example_dags/tutorial_taskflow_api.py
[2024-12-07T04:01:22.552-0300] {logging_mixin.py:190} INFO - [2024-12-07T04:01:22.552-0300] {dag.py:3239} INFO - Sync 1 DAGs
[2024-12-07T04:01:22.563-0300] {logging_mixin.py:190} INFO - [2024-12-07T04:01:22.563-0300] {dag.py:4180} INFO - Setting next_dagrun for tutorial_taskflow_api to None, run_after=None
[2024-12-07T04:01:22.629-0300] {processor.py:208} INFO - Processing /home/crisu/miniconda3/envs/lab13.1/lib/python3.9/site-packages/airflow/example_dags/tutorial_taskflow_api.py took 0.133 seconds
[2024-12-07T04:06:53.815-0300] {processor.py:186} INFO - Started process (PID=49100) to work on /home/crisu/miniconda3/envs/lab13.1/lib/python3.9/site-packages/airflow/example_dags/tutorial_taskflow_api.py
[2024-12-07T04:06:53.855-0300] {processor.py:914} INFO - Processing file /home/crisu/miniconda3/envs/lab13.1/lib/python3.9/site-packages/airflow/example_dags/tutorial_taskflow_api.py for tasks to queue
[2024-12-07T04:06:53.856-0300] {logging_mixin.py:190} INFO - [2024-12-07T04:06:53.855-0300] {dagbag.py:588} INFO - Filling up the DagBag from /home/crisu/miniconda3/envs/lab13.1/lib/python3.9/site-packages/airflow/example_dags/tutorial_taskflow_api.py
[2024-12-07T04:06:53.864-0300] {processor.py:925} INFO - DAG(s) 'tutorial_taskflow_api' retrieved from /home/crisu/miniconda3/envs/lab13.1/lib/python3.9/site-packages/airflow/example_dags/tutorial_taskflow_api.py
[2024-12-07T04:06:53.883-0300] {logging_mixin.py:190} INFO - [2024-12-07T04:06:53.882-0300] {dag.py:3239} INFO - Sync 1 DAGs
[2024-12-07T04:06:53.892-0300] {logging_mixin.py:190} INFO - [2024-12-07T04:06:53.892-0300] {dag.py:4180} INFO - Setting next_dagrun for tutorial_taskflow_api to None, run_after=None
[2024-12-07T04:06:54.548-0300] {processor.py:208} INFO - Processing /home/crisu/miniconda3/envs/lab13.1/lib/python3.9/site-packages/airflow/example_dags/tutorial_taskflow_api.py took 0.739 seconds
[2024-12-07T04:08:28.286-0300] {processor.py:186} INFO - Started process (PID=49340) to work on /home/crisu/miniconda3/envs/lab13.1/lib/python3.9/site-packages/airflow/example_dags/tutorial_taskflow_api.py
[2024-12-07T04:08:28.462-0300] {processor.py:914} INFO - Processing file /home/crisu/miniconda3/envs/lab13.1/lib/python3.9/site-packages/airflow/example_dags/tutorial_taskflow_api.py for tasks to queue
[2024-12-07T04:08:28.463-0300] {logging_mixin.py:190} INFO - [2024-12-07T04:08:28.463-0300] {dagbag.py:588} INFO - Filling up the DagBag from /home/crisu/miniconda3/envs/lab13.1/lib/python3.9/site-packages/airflow/example_dags/tutorial_taskflow_api.py
[2024-12-07T04:08:28.471-0300] {processor.py:925} INFO - DAG(s) 'tutorial_taskflow_api' retrieved from /home/crisu/miniconda3/envs/lab13.1/lib/python3.9/site-packages/airflow/example_dags/tutorial_taskflow_api.py
[2024-12-07T04:08:28.486-0300] {logging_mixin.py:190} INFO - [2024-12-07T04:08:28.486-0300] {dag.py:3239} INFO - Sync 1 DAGs
[2024-12-07T04:08:28.498-0300] {logging_mixin.py:190} INFO - [2024-12-07T04:08:28.497-0300] {dag.py:4180} INFO - Setting next_dagrun for tutorial_taskflow_api to None, run_after=None
[2024-12-07T04:08:29.760-0300] {processor.py:208} INFO - Processing /home/crisu/miniconda3/envs/lab13.1/lib/python3.9/site-packages/airflow/example_dags/tutorial_taskflow_api.py took 1.480 seconds
[2024-12-07T04:09:36.304-0300] {processor.py:186} INFO - Started process (PID=49444) to work on /home/crisu/miniconda3/envs/lab13.1/lib/python3.9/site-packages/airflow/example_dags/tutorial_taskflow_api.py
[2024-12-07T04:09:36.313-0300] {processor.py:914} INFO - Processing file /home/crisu/miniconda3/envs/lab13.1/lib/python3.9/site-packages/airflow/example_dags/tutorial_taskflow_api.py for tasks to queue
[2024-12-07T04:09:36.314-0300] {logging_mixin.py:190} INFO - [2024-12-07T04:09:36.314-0300] {dagbag.py:588} INFO - Filling up the DagBag from /home/crisu/miniconda3/envs/lab13.1/lib/python3.9/site-packages/airflow/example_dags/tutorial_taskflow_api.py
[2024-12-07T04:09:36.321-0300] {processor.py:925} INFO - DAG(s) 'tutorial_taskflow_api' retrieved from /home/crisu/miniconda3/envs/lab13.1/lib/python3.9/site-packages/airflow/example_dags/tutorial_taskflow_api.py
[2024-12-07T04:09:36.335-0300] {logging_mixin.py:190} INFO - [2024-12-07T04:09:36.335-0300] {dag.py:3239} INFO - Sync 1 DAGs
[2024-12-07T04:09:36.347-0300] {logging_mixin.py:190} INFO - [2024-12-07T04:09:36.347-0300] {dag.py:4180} INFO - Setting next_dagrun for tutorial_taskflow_api to None, run_after=None
[2024-12-07T04:09:36.403-0300] {processor.py:208} INFO - Processing /home/crisu/miniconda3/envs/lab13.1/lib/python3.9/site-packages/airflow/example_dags/tutorial_taskflow_api.py took 0.105 seconds
[2024-12-07T04:10:32.457-0300] {processor.py:186} INFO - Started process (PID=49515) to work on /home/crisu/miniconda3/envs/lab13.1/lib/python3.9/site-packages/airflow/example_dags/tutorial_taskflow_api.py
[2024-12-07T04:10:32.511-0300] {processor.py:914} INFO - Processing file /home/crisu/miniconda3/envs/lab13.1/lib/python3.9/site-packages/airflow/example_dags/tutorial_taskflow_api.py for tasks to queue
[2024-12-07T04:10:32.513-0300] {logging_mixin.py:190} INFO - [2024-12-07T04:10:32.512-0300] {dagbag.py:588} INFO - Filling up the DagBag from /home/crisu/miniconda3/envs/lab13.1/lib/python3.9/site-packages/airflow/example_dags/tutorial_taskflow_api.py
[2024-12-07T04:10:32.519-0300] {processor.py:925} INFO - DAG(s) 'tutorial_taskflow_api' retrieved from /home/crisu/miniconda3/envs/lab13.1/lib/python3.9/site-packages/airflow/example_dags/tutorial_taskflow_api.py
[2024-12-07T04:10:32.533-0300] {logging_mixin.py:190} INFO - [2024-12-07T04:10:32.533-0300] {dag.py:3239} INFO - Sync 1 DAGs
[2024-12-07T04:10:32.544-0300] {logging_mixin.py:190} INFO - [2024-12-07T04:10:32.544-0300] {dag.py:4180} INFO - Setting next_dagrun for tutorial_taskflow_api to None, run_after=None
[2024-12-07T04:10:33.148-0300] {processor.py:208} INFO - Processing /home/crisu/miniconda3/envs/lab13.1/lib/python3.9/site-packages/airflow/example_dags/tutorial_taskflow_api.py took 0.697 seconds
[2024-12-07T04:11:38.717-0300] {processor.py:186} INFO - Started process (PID=49616) to work on /home/crisu/miniconda3/envs/lab13.1/lib/python3.9/site-packages/airflow/example_dags/tutorial_taskflow_api.py
[2024-12-07T04:11:38.725-0300] {processor.py:914} INFO - Processing file /home/crisu/miniconda3/envs/lab13.1/lib/python3.9/site-packages/airflow/example_dags/tutorial_taskflow_api.py for tasks to queue
[2024-12-07T04:11:38.727-0300] {logging_mixin.py:190} INFO - [2024-12-07T04:11:38.726-0300] {dagbag.py:588} INFO - Filling up the DagBag from /home/crisu/miniconda3/envs/lab13.1/lib/python3.9/site-packages/airflow/example_dags/tutorial_taskflow_api.py
[2024-12-07T04:11:38.738-0300] {processor.py:925} INFO - DAG(s) 'tutorial_taskflow_api' retrieved from /home/crisu/miniconda3/envs/lab13.1/lib/python3.9/site-packages/airflow/example_dags/tutorial_taskflow_api.py
[2024-12-07T04:11:38.767-0300] {logging_mixin.py:190} INFO - [2024-12-07T04:11:38.766-0300] {dag.py:3239} INFO - Sync 1 DAGs
[2024-12-07T04:11:38.793-0300] {logging_mixin.py:190} INFO - [2024-12-07T04:11:38.793-0300] {dag.py:4180} INFO - Setting next_dagrun for tutorial_taskflow_api to None, run_after=None
[2024-12-07T04:11:38.871-0300] {processor.py:208} INFO - Processing /home/crisu/miniconda3/envs/lab13.1/lib/python3.9/site-packages/airflow/example_dags/tutorial_taskflow_api.py took 0.162 seconds
[2024-12-07T04:12:30.416-0300] {processor.py:186} INFO - Started process (PID=49704) to work on /home/crisu/miniconda3/envs/lab13.1/lib/python3.9/site-packages/airflow/example_dags/tutorial_taskflow_api.py
[2024-12-07T04:12:30.420-0300] {processor.py:914} INFO - Processing file /home/crisu/miniconda3/envs/lab13.1/lib/python3.9/site-packages/airflow/example_dags/tutorial_taskflow_api.py for tasks to queue
[2024-12-07T04:12:30.422-0300] {logging_mixin.py:190} INFO - [2024-12-07T04:12:30.421-0300] {dagbag.py:588} INFO - Filling up the DagBag from /home/crisu/miniconda3/envs/lab13.1/lib/python3.9/site-packages/airflow/example_dags/tutorial_taskflow_api.py
[2024-12-07T04:12:30.427-0300] {processor.py:925} INFO - DAG(s) 'tutorial_taskflow_api' retrieved from /home/crisu/miniconda3/envs/lab13.1/lib/python3.9/site-packages/airflow/example_dags/tutorial_taskflow_api.py
[2024-12-07T04:12:30.442-0300] {logging_mixin.py:190} INFO - [2024-12-07T04:12:30.441-0300] {dag.py:3239} INFO - Sync 1 DAGs
[2024-12-07T04:12:30.453-0300] {logging_mixin.py:190} INFO - [2024-12-07T04:12:30.453-0300] {dag.py:4180} INFO - Setting next_dagrun for tutorial_taskflow_api to None, run_after=None
[2024-12-07T04:12:30.510-0300] {processor.py:208} INFO - Processing /home/crisu/miniconda3/envs/lab13.1/lib/python3.9/site-packages/airflow/example_dags/tutorial_taskflow_api.py took 0.099 seconds
[2024-12-07T04:13:45.958-0300] {processor.py:186} INFO - Started process (PID=49854) to work on /home/crisu/miniconda3/envs/lab13.1/lib/python3.9/site-packages/airflow/example_dags/tutorial_taskflow_api.py
[2024-12-07T04:13:45.973-0300] {processor.py:914} INFO - Processing file /home/crisu/miniconda3/envs/lab13.1/lib/python3.9/site-packages/airflow/example_dags/tutorial_taskflow_api.py for tasks to queue
[2024-12-07T04:13:45.975-0300] {logging_mixin.py:190} INFO - [2024-12-07T04:13:45.974-0300] {dagbag.py:588} INFO - Filling up the DagBag from /home/crisu/miniconda3/envs/lab13.1/lib/python3.9/site-packages/airflow/example_dags/tutorial_taskflow_api.py
[2024-12-07T04:13:45.981-0300] {processor.py:925} INFO - DAG(s) 'tutorial_taskflow_api' retrieved from /home/crisu/miniconda3/envs/lab13.1/lib/python3.9/site-packages/airflow/example_dags/tutorial_taskflow_api.py
[2024-12-07T04:13:46.005-0300] {logging_mixin.py:190} INFO - [2024-12-07T04:13:46.005-0300] {dag.py:3239} INFO - Sync 1 DAGs
[2024-12-07T04:13:46.022-0300] {logging_mixin.py:190} INFO - [2024-12-07T04:13:46.021-0300] {dag.py:4180} INFO - Setting next_dagrun for tutorial_taskflow_api to None, run_after=None
[2024-12-07T04:13:46.101-0300] {processor.py:208} INFO - Processing /home/crisu/miniconda3/envs/lab13.1/lib/python3.9/site-packages/airflow/example_dags/tutorial_taskflow_api.py took 0.147 seconds
[2024-12-07T04:15:03.877-0300] {processor.py:186} INFO - Started process (PID=49989) to work on /home/crisu/miniconda3/envs/lab13.1/lib/python3.9/site-packages/airflow/example_dags/tutorial_taskflow_api.py
[2024-12-07T04:15:03.887-0300] {processor.py:914} INFO - Processing file /home/crisu/miniconda3/envs/lab13.1/lib/python3.9/site-packages/airflow/example_dags/tutorial_taskflow_api.py for tasks to queue
[2024-12-07T04:15:03.888-0300] {logging_mixin.py:190} INFO - [2024-12-07T04:15:03.888-0300] {dagbag.py:588} INFO - Filling up the DagBag from /home/crisu/miniconda3/envs/lab13.1/lib/python3.9/site-packages/airflow/example_dags/tutorial_taskflow_api.py
[2024-12-07T04:15:03.894-0300] {processor.py:925} INFO - DAG(s) 'tutorial_taskflow_api' retrieved from /home/crisu/miniconda3/envs/lab13.1/lib/python3.9/site-packages/airflow/example_dags/tutorial_taskflow_api.py
[2024-12-07T04:15:03.908-0300] {logging_mixin.py:190} INFO - [2024-12-07T04:15:03.908-0300] {dag.py:3239} INFO - Sync 1 DAGs
[2024-12-07T04:15:03.918-0300] {logging_mixin.py:190} INFO - [2024-12-07T04:15:03.918-0300] {dag.py:4180} INFO - Setting next_dagrun for tutorial_taskflow_api to None, run_after=None
[2024-12-07T04:15:03.980-0300] {processor.py:208} INFO - Processing /home/crisu/miniconda3/envs/lab13.1/lib/python3.9/site-packages/airflow/example_dags/tutorial_taskflow_api.py took 0.108 seconds
