[2024-12-07T01:48:00.361-0300] {processor.py:186} INFO - Started process (PID=33511) to work on /home/crisu/miniconda3/envs/lab13.1/lib/python3.9/site-packages/airflow/example_dags/tutorial_dag.py
[2024-12-07T01:48:00.362-0300] {processor.py:914} INFO - Processing file /home/crisu/miniconda3/envs/lab13.1/lib/python3.9/site-packages/airflow/example_dags/tutorial_dag.py for tasks to queue
[2024-12-07T01:48:00.367-0300] {logging_mixin.py:190} INFO - [2024-12-07T01:48:00.367-0300] {dagbag.py:588} INFO - Filling up the DagBag from /home/crisu/miniconda3/envs/lab13.1/lib/python3.9/site-packages/airflow/example_dags/tutorial_dag.py
[2024-12-07T01:48:00.373-0300] {processor.py:925} INFO - DAG(s) 'tutorial_dag' retrieved from /home/crisu/miniconda3/envs/lab13.1/lib/python3.9/site-packages/airflow/example_dags/tutorial_dag.py
[2024-12-07T01:48:00.557-0300] {logging_mixin.py:190} INFO - [2024-12-07T01:48:00.556-0300] {override.py:1911} INFO - Created Permission View: can delete on DAG:tutorial_dag
[2024-12-07T01:48:00.602-0300] {logging_mixin.py:190} INFO - [2024-12-07T01:48:00.602-0300] {override.py:1911} INFO - Created Permission View: can edit on DAG:tutorial_dag
[2024-12-07T01:48:00.650-0300] {logging_mixin.py:190} INFO - [2024-12-07T01:48:00.649-0300] {override.py:1911} INFO - Created Permission View: can read on DAG:tutorial_dag
[2024-12-07T01:48:00.740-0300] {logging_mixin.py:190} INFO - [2024-12-07T01:48:00.739-0300] {override.py:1911} INFO - Created Permission View: can delete on DAG Run:tutorial_dag
[2024-12-07T01:48:00.785-0300] {logging_mixin.py:190} INFO - [2024-12-07T01:48:00.784-0300] {override.py:1911} INFO - Created Permission View: can create on DAG Run:tutorial_dag
[2024-12-07T01:48:00.831-0300] {logging_mixin.py:190} INFO - [2024-12-07T01:48:00.830-0300] {override.py:1911} INFO - Created Permission View: menu access on DAG Run:tutorial_dag
[2024-12-07T01:48:00.875-0300] {logging_mixin.py:190} INFO - [2024-12-07T01:48:00.875-0300] {override.py:1911} INFO - Created Permission View: can read on DAG Run:tutorial_dag
[2024-12-07T01:48:00.876-0300] {logging_mixin.py:190} INFO - [2024-12-07T01:48:00.876-0300] {dag.py:3239} INFO - Sync 1 DAGs
[2024-12-07T01:48:00.888-0300] {logging_mixin.py:190} INFO - [2024-12-07T01:48:00.888-0300] {dag.py:3262} INFO - Creating ORM DAG for tutorial_dag
[2024-12-07T01:48:00.889-0300] {logging_mixin.py:190} INFO - [2024-12-07T01:48:00.888-0300] {dag.py:4180} INFO - Setting next_dagrun for tutorial_dag to None, run_after=None
[2024-12-07T01:48:00.961-0300] {processor.py:208} INFO - Processing /home/crisu/miniconda3/envs/lab13.1/lib/python3.9/site-packages/airflow/example_dags/tutorial_dag.py took 0.605 seconds
[2024-12-07T01:50:34.811-0300] {processor.py:186} INFO - Started process (PID=33767) to work on /home/crisu/miniconda3/envs/lab13.1/lib/python3.9/site-packages/airflow/example_dags/tutorial_dag.py
[2024-12-07T01:50:34.820-0300] {processor.py:914} INFO - Processing file /home/crisu/miniconda3/envs/lab13.1/lib/python3.9/site-packages/airflow/example_dags/tutorial_dag.py for tasks to queue
[2024-12-07T01:50:34.825-0300] {logging_mixin.py:190} INFO - [2024-12-07T01:50:34.824-0300] {dagbag.py:588} INFO - Filling up the DagBag from /home/crisu/miniconda3/envs/lab13.1/lib/python3.9/site-packages/airflow/example_dags/tutorial_dag.py
[2024-12-07T01:50:34.831-0300] {processor.py:925} INFO - DAG(s) 'tutorial_dag' retrieved from /home/crisu/miniconda3/envs/lab13.1/lib/python3.9/site-packages/airflow/example_dags/tutorial_dag.py
[2024-12-07T01:50:34.849-0300] {logging_mixin.py:190} INFO - [2024-12-07T01:50:34.849-0300] {dag.py:3239} INFO - Sync 1 DAGs
[2024-12-07T01:50:34.859-0300] {logging_mixin.py:190} INFO - [2024-12-07T01:50:34.859-0300] {dag.py:4180} INFO - Setting next_dagrun for tutorial_dag to None, run_after=None
[2024-12-07T01:50:34.917-0300] {processor.py:208} INFO - Processing /home/crisu/miniconda3/envs/lab13.1/lib/python3.9/site-packages/airflow/example_dags/tutorial_dag.py took 0.111 seconds
[2024-12-07T01:50:55.022-0300] {processor.py:186} INFO - Started process (PID=33830) to work on /home/crisu/miniconda3/envs/lab13.1/lib/python3.9/site-packages/airflow/example_dags/tutorial_dag.py
[2024-12-07T01:50:55.024-0300] {processor.py:914} INFO - Processing file /home/crisu/miniconda3/envs/lab13.1/lib/python3.9/site-packages/airflow/example_dags/tutorial_dag.py for tasks to queue
[2024-12-07T01:50:55.029-0300] {logging_mixin.py:190} INFO - [2024-12-07T01:50:55.029-0300] {dagbag.py:588} INFO - Filling up the DagBag from /home/crisu/miniconda3/envs/lab13.1/lib/python3.9/site-packages/airflow/example_dags/tutorial_dag.py
[2024-12-07T01:50:55.035-0300] {processor.py:925} INFO - DAG(s) 'tutorial_dag' retrieved from /home/crisu/miniconda3/envs/lab13.1/lib/python3.9/site-packages/airflow/example_dags/tutorial_dag.py
[2024-12-07T01:50:55.052-0300] {logging_mixin.py:190} INFO - [2024-12-07T01:50:55.052-0300] {dag.py:3239} INFO - Sync 1 DAGs
[2024-12-07T01:50:55.063-0300] {logging_mixin.py:190} INFO - [2024-12-07T01:50:55.063-0300] {dag.py:4180} INFO - Setting next_dagrun for tutorial_dag to None, run_after=None
[2024-12-07T01:50:55.118-0300] {processor.py:208} INFO - Processing /home/crisu/miniconda3/envs/lab13.1/lib/python3.9/site-packages/airflow/example_dags/tutorial_dag.py took 0.100 seconds
[2024-12-07T02:07:29.933-0300] {processor.py:186} INFO - Started process (PID=35255) to work on /home/crisu/miniconda3/envs/lab13.1/lib/python3.9/site-packages/airflow/example_dags/tutorial_dag.py
[2024-12-07T02:07:29.934-0300] {processor.py:914} INFO - Processing file /home/crisu/miniconda3/envs/lab13.1/lib/python3.9/site-packages/airflow/example_dags/tutorial_dag.py for tasks to queue
[2024-12-07T02:07:29.936-0300] {logging_mixin.py:190} INFO - [2024-12-07T02:07:29.935-0300] {dagbag.py:588} INFO - Filling up the DagBag from /home/crisu/miniconda3/envs/lab13.1/lib/python3.9/site-packages/airflow/example_dags/tutorial_dag.py
[2024-12-07T02:07:29.942-0300] {processor.py:925} INFO - DAG(s) 'tutorial_dag' retrieved from /home/crisu/miniconda3/envs/lab13.1/lib/python3.9/site-packages/airflow/example_dags/tutorial_dag.py
[2024-12-07T02:07:29.960-0300] {logging_mixin.py:190} INFO - [2024-12-07T02:07:29.960-0300] {dag.py:3239} INFO - Sync 1 DAGs
[2024-12-07T02:07:29.970-0300] {logging_mixin.py:190} INFO - [2024-12-07T02:07:29.970-0300] {dag.py:4180} INFO - Setting next_dagrun for tutorial_dag to None, run_after=None
[2024-12-07T02:07:30.030-0300] {processor.py:208} INFO - Processing /home/crisu/miniconda3/envs/lab13.1/lib/python3.9/site-packages/airflow/example_dags/tutorial_dag.py took 0.103 seconds
[2024-12-07T02:10:50.063-0300] {processor.py:186} INFO - Started process (PID=35823) to work on /home/crisu/miniconda3/envs/lab13.1/lib/python3.9/site-packages/airflow/example_dags/tutorial_dag.py
[2024-12-07T02:10:50.067-0300] {processor.py:914} INFO - Processing file /home/crisu/miniconda3/envs/lab13.1/lib/python3.9/site-packages/airflow/example_dags/tutorial_dag.py for tasks to queue
[2024-12-07T02:10:50.069-0300] {logging_mixin.py:190} INFO - [2024-12-07T02:10:50.068-0300] {dagbag.py:588} INFO - Filling up the DagBag from /home/crisu/miniconda3/envs/lab13.1/lib/python3.9/site-packages/airflow/example_dags/tutorial_dag.py
[2024-12-07T02:10:50.075-0300] {processor.py:925} INFO - DAG(s) 'tutorial_dag' retrieved from /home/crisu/miniconda3/envs/lab13.1/lib/python3.9/site-packages/airflow/example_dags/tutorial_dag.py
[2024-12-07T02:10:50.089-0300] {logging_mixin.py:190} INFO - [2024-12-07T02:10:50.089-0300] {dag.py:3239} INFO - Sync 1 DAGs
[2024-12-07T02:10:50.100-0300] {logging_mixin.py:190} INFO - [2024-12-07T02:10:50.099-0300] {dag.py:4180} INFO - Setting next_dagrun for tutorial_dag to None, run_after=None
[2024-12-07T02:10:50.152-0300] {processor.py:208} INFO - Processing /home/crisu/miniconda3/envs/lab13.1/lib/python3.9/site-packages/airflow/example_dags/tutorial_dag.py took 0.096 seconds
[2024-12-07T02:12:28.040-0300] {processor.py:186} INFO - Started process (PID=35995) to work on /home/crisu/miniconda3/envs/lab13.1/lib/python3.9/site-packages/airflow/example_dags/tutorial_dag.py
[2024-12-07T02:12:28.042-0300] {processor.py:914} INFO - Processing file /home/crisu/miniconda3/envs/lab13.1/lib/python3.9/site-packages/airflow/example_dags/tutorial_dag.py for tasks to queue
[2024-12-07T02:12:28.043-0300] {logging_mixin.py:190} INFO - [2024-12-07T02:12:28.043-0300] {dagbag.py:588} INFO - Filling up the DagBag from /home/crisu/miniconda3/envs/lab13.1/lib/python3.9/site-packages/airflow/example_dags/tutorial_dag.py
[2024-12-07T02:12:28.049-0300] {processor.py:925} INFO - DAG(s) 'tutorial_dag' retrieved from /home/crisu/miniconda3/envs/lab13.1/lib/python3.9/site-packages/airflow/example_dags/tutorial_dag.py
[2024-12-07T02:12:28.065-0300] {logging_mixin.py:190} INFO - [2024-12-07T02:12:28.065-0300] {dag.py:3239} INFO - Sync 1 DAGs
[2024-12-07T02:12:28.079-0300] {logging_mixin.py:190} INFO - [2024-12-07T02:12:28.078-0300] {dag.py:4180} INFO - Setting next_dagrun for tutorial_dag to None, run_after=None
[2024-12-07T02:12:28.135-0300] {processor.py:208} INFO - Processing /home/crisu/miniconda3/envs/lab13.1/lib/python3.9/site-packages/airflow/example_dags/tutorial_dag.py took 0.104 seconds
[2024-12-07T02:13:54.726-0300] {processor.py:186} INFO - Started process (PID=36194) to work on /home/crisu/miniconda3/envs/lab13.1/lib/python3.9/site-packages/airflow/example_dags/tutorial_dag.py
[2024-12-07T02:13:54.812-0300] {processor.py:914} INFO - Processing file /home/crisu/miniconda3/envs/lab13.1/lib/python3.9/site-packages/airflow/example_dags/tutorial_dag.py for tasks to queue
[2024-12-07T02:13:54.814-0300] {logging_mixin.py:190} INFO - [2024-12-07T02:13:54.814-0300] {dagbag.py:588} INFO - Filling up the DagBag from /home/crisu/miniconda3/envs/lab13.1/lib/python3.9/site-packages/airflow/example_dags/tutorial_dag.py
[2024-12-07T02:13:54.820-0300] {processor.py:925} INFO - DAG(s) 'tutorial_dag' retrieved from /home/crisu/miniconda3/envs/lab13.1/lib/python3.9/site-packages/airflow/example_dags/tutorial_dag.py
[2024-12-07T02:13:54.834-0300] {logging_mixin.py:190} INFO - [2024-12-07T02:13:54.834-0300] {dag.py:3239} INFO - Sync 1 DAGs
[2024-12-07T02:13:54.846-0300] {logging_mixin.py:190} INFO - [2024-12-07T02:13:54.845-0300] {dag.py:4180} INFO - Setting next_dagrun for tutorial_dag to None, run_after=None
[2024-12-07T02:13:54.905-0300] {processor.py:208} INFO - Processing /home/crisu/miniconda3/envs/lab13.1/lib/python3.9/site-packages/airflow/example_dags/tutorial_dag.py took 0.188 seconds
[2024-12-07T02:14:43.433-0300] {processor.py:186} INFO - Started process (PID=36311) to work on /home/crisu/miniconda3/envs/lab13.1/lib/python3.9/site-packages/airflow/example_dags/tutorial_dag.py
[2024-12-07T02:14:43.476-0300] {processor.py:914} INFO - Processing file /home/crisu/miniconda3/envs/lab13.1/lib/python3.9/site-packages/airflow/example_dags/tutorial_dag.py for tasks to queue
[2024-12-07T02:14:43.478-0300] {logging_mixin.py:190} INFO - [2024-12-07T02:14:43.478-0300] {dagbag.py:588} INFO - Filling up the DagBag from /home/crisu/miniconda3/envs/lab13.1/lib/python3.9/site-packages/airflow/example_dags/tutorial_dag.py
[2024-12-07T02:14:43.484-0300] {processor.py:925} INFO - DAG(s) 'tutorial_dag' retrieved from /home/crisu/miniconda3/envs/lab13.1/lib/python3.9/site-packages/airflow/example_dags/tutorial_dag.py
[2024-12-07T02:14:43.497-0300] {logging_mixin.py:190} INFO - [2024-12-07T02:14:43.497-0300] {dag.py:3239} INFO - Sync 1 DAGs
[2024-12-07T02:14:43.508-0300] {logging_mixin.py:190} INFO - [2024-12-07T02:14:43.508-0300] {dag.py:4180} INFO - Setting next_dagrun for tutorial_dag to None, run_after=None
[2024-12-07T02:14:44.117-0300] {processor.py:208} INFO - Processing /home/crisu/miniconda3/envs/lab13.1/lib/python3.9/site-packages/airflow/example_dags/tutorial_dag.py took 0.691 seconds
[2024-12-07T02:16:02.628-0300] {processor.py:186} INFO - Started process (PID=36448) to work on /home/crisu/miniconda3/envs/lab13.1/lib/python3.9/site-packages/airflow/example_dags/tutorial_dag.py
[2024-12-07T02:16:02.636-0300] {processor.py:914} INFO - Processing file /home/crisu/miniconda3/envs/lab13.1/lib/python3.9/site-packages/airflow/example_dags/tutorial_dag.py for tasks to queue
[2024-12-07T02:16:02.638-0300] {logging_mixin.py:190} INFO - [2024-12-07T02:16:02.638-0300] {dagbag.py:588} INFO - Filling up the DagBag from /home/crisu/miniconda3/envs/lab13.1/lib/python3.9/site-packages/airflow/example_dags/tutorial_dag.py
[2024-12-07T02:16:02.645-0300] {processor.py:925} INFO - DAG(s) 'tutorial_dag' retrieved from /home/crisu/miniconda3/envs/lab13.1/lib/python3.9/site-packages/airflow/example_dags/tutorial_dag.py
[2024-12-07T02:16:02.658-0300] {logging_mixin.py:190} INFO - [2024-12-07T02:16:02.658-0300] {dag.py:3239} INFO - Sync 1 DAGs
[2024-12-07T02:16:02.669-0300] {logging_mixin.py:190} INFO - [2024-12-07T02:16:02.668-0300] {dag.py:4180} INFO - Setting next_dagrun for tutorial_dag to None, run_after=None
[2024-12-07T02:16:02.724-0300] {processor.py:208} INFO - Processing /home/crisu/miniconda3/envs/lab13.1/lib/python3.9/site-packages/airflow/example_dags/tutorial_dag.py took 0.103 seconds
[2024-12-07T02:16:53.665-0300] {processor.py:186} INFO - Started process (PID=36513) to work on /home/crisu/miniconda3/envs/lab13.1/lib/python3.9/site-packages/airflow/example_dags/tutorial_dag.py
[2024-12-07T02:16:53.690-0300] {processor.py:914} INFO - Processing file /home/crisu/miniconda3/envs/lab13.1/lib/python3.9/site-packages/airflow/example_dags/tutorial_dag.py for tasks to queue
[2024-12-07T02:16:53.692-0300] {logging_mixin.py:190} INFO - [2024-12-07T02:16:53.691-0300] {dagbag.py:588} INFO - Filling up the DagBag from /home/crisu/miniconda3/envs/lab13.1/lib/python3.9/site-packages/airflow/example_dags/tutorial_dag.py
[2024-12-07T02:16:53.698-0300] {processor.py:925} INFO - DAG(s) 'tutorial_dag' retrieved from /home/crisu/miniconda3/envs/lab13.1/lib/python3.9/site-packages/airflow/example_dags/tutorial_dag.py
[2024-12-07T02:16:53.712-0300] {logging_mixin.py:190} INFO - [2024-12-07T02:16:53.711-0300] {dag.py:3239} INFO - Sync 1 DAGs
[2024-12-07T02:16:53.724-0300] {logging_mixin.py:190} INFO - [2024-12-07T02:16:53.724-0300] {dag.py:4180} INFO - Setting next_dagrun for tutorial_dag to None, run_after=None
[2024-12-07T02:16:53.793-0300] {processor.py:208} INFO - Processing /home/crisu/miniconda3/envs/lab13.1/lib/python3.9/site-packages/airflow/example_dags/tutorial_dag.py took 0.135 seconds
[2024-12-07T02:17:39.066-0300] {processor.py:186} INFO - Started process (PID=36598) to work on /home/crisu/miniconda3/envs/lab13.1/lib/python3.9/site-packages/airflow/example_dags/tutorial_dag.py
[2024-12-07T02:17:39.088-0300] {processor.py:914} INFO - Processing file /home/crisu/miniconda3/envs/lab13.1/lib/python3.9/site-packages/airflow/example_dags/tutorial_dag.py for tasks to queue
[2024-12-07T02:17:39.090-0300] {logging_mixin.py:190} INFO - [2024-12-07T02:17:39.090-0300] {dagbag.py:588} INFO - Filling up the DagBag from /home/crisu/miniconda3/envs/lab13.1/lib/python3.9/site-packages/airflow/example_dags/tutorial_dag.py
[2024-12-07T02:17:39.096-0300] {processor.py:925} INFO - DAG(s) 'tutorial_dag' retrieved from /home/crisu/miniconda3/envs/lab13.1/lib/python3.9/site-packages/airflow/example_dags/tutorial_dag.py
[2024-12-07T02:17:39.109-0300] {logging_mixin.py:190} INFO - [2024-12-07T02:17:39.109-0300] {dag.py:3239} INFO - Sync 1 DAGs
[2024-12-07T02:17:39.120-0300] {logging_mixin.py:190} INFO - [2024-12-07T02:17:39.119-0300] {dag.py:4180} INFO - Setting next_dagrun for tutorial_dag to None, run_after=None
[2024-12-07T02:17:39.187-0300] {processor.py:208} INFO - Processing /home/crisu/miniconda3/envs/lab13.1/lib/python3.9/site-packages/airflow/example_dags/tutorial_dag.py took 0.129 seconds
[2024-12-07T02:18:22.301-0300] {processor.py:186} INFO - Started process (PID=36661) to work on /home/crisu/miniconda3/envs/lab13.1/lib/python3.9/site-packages/airflow/example_dags/tutorial_dag.py
[2024-12-07T02:18:22.330-0300] {processor.py:914} INFO - Processing file /home/crisu/miniconda3/envs/lab13.1/lib/python3.9/site-packages/airflow/example_dags/tutorial_dag.py for tasks to queue
[2024-12-07T02:18:22.332-0300] {logging_mixin.py:190} INFO - [2024-12-07T02:18:22.332-0300] {dagbag.py:588} INFO - Filling up the DagBag from /home/crisu/miniconda3/envs/lab13.1/lib/python3.9/site-packages/airflow/example_dags/tutorial_dag.py
[2024-12-07T02:18:22.338-0300] {processor.py:925} INFO - DAG(s) 'tutorial_dag' retrieved from /home/crisu/miniconda3/envs/lab13.1/lib/python3.9/site-packages/airflow/example_dags/tutorial_dag.py
[2024-12-07T02:18:22.352-0300] {logging_mixin.py:190} INFO - [2024-12-07T02:18:22.352-0300] {dag.py:3239} INFO - Sync 1 DAGs
[2024-12-07T02:18:22.363-0300] {logging_mixin.py:190} INFO - [2024-12-07T02:18:22.363-0300] {dag.py:4180} INFO - Setting next_dagrun for tutorial_dag to None, run_after=None
[2024-12-07T02:18:22.429-0300] {processor.py:208} INFO - Processing /home/crisu/miniconda3/envs/lab13.1/lib/python3.9/site-packages/airflow/example_dags/tutorial_dag.py took 0.134 seconds
[2024-12-07T02:30:42.163-0300] {processor.py:186} INFO - Started process (PID=37882) to work on /home/crisu/miniconda3/envs/lab13.1/lib/python3.9/site-packages/airflow/example_dags/tutorial_dag.py
[2024-12-07T02:30:42.180-0300] {processor.py:914} INFO - Processing file /home/crisu/miniconda3/envs/lab13.1/lib/python3.9/site-packages/airflow/example_dags/tutorial_dag.py for tasks to queue
[2024-12-07T02:30:42.182-0300] {logging_mixin.py:190} INFO - [2024-12-07T02:30:42.182-0300] {dagbag.py:588} INFO - Filling up the DagBag from /home/crisu/miniconda3/envs/lab13.1/lib/python3.9/site-packages/airflow/example_dags/tutorial_dag.py
[2024-12-07T02:30:42.189-0300] {processor.py:925} INFO - DAG(s) 'tutorial_dag' retrieved from /home/crisu/miniconda3/envs/lab13.1/lib/python3.9/site-packages/airflow/example_dags/tutorial_dag.py
[2024-12-07T02:30:42.208-0300] {logging_mixin.py:190} INFO - [2024-12-07T02:30:42.207-0300] {dag.py:3239} INFO - Sync 1 DAGs
[2024-12-07T02:30:42.218-0300] {logging_mixin.py:190} INFO - [2024-12-07T02:30:42.218-0300] {dag.py:4180} INFO - Setting next_dagrun for tutorial_dag to None, run_after=None
[2024-12-07T02:30:42.293-0300] {processor.py:208} INFO - Processing /home/crisu/miniconda3/envs/lab13.1/lib/python3.9/site-packages/airflow/example_dags/tutorial_dag.py took 0.135 seconds
[2024-12-07T02:33:20.345-0300] {processor.py:186} INFO - Started process (PID=38134) to work on /home/crisu/miniconda3/envs/lab13.1/lib/python3.9/site-packages/airflow/example_dags/tutorial_dag.py
[2024-12-07T02:33:20.368-0300] {processor.py:914} INFO - Processing file /home/crisu/miniconda3/envs/lab13.1/lib/python3.9/site-packages/airflow/example_dags/tutorial_dag.py for tasks to queue
[2024-12-07T02:33:20.370-0300] {logging_mixin.py:190} INFO - [2024-12-07T02:33:20.370-0300] {dagbag.py:588} INFO - Filling up the DagBag from /home/crisu/miniconda3/envs/lab13.1/lib/python3.9/site-packages/airflow/example_dags/tutorial_dag.py
[2024-12-07T02:33:20.379-0300] {processor.py:925} INFO - DAG(s) 'tutorial_dag' retrieved from /home/crisu/miniconda3/envs/lab13.1/lib/python3.9/site-packages/airflow/example_dags/tutorial_dag.py
[2024-12-07T02:33:20.393-0300] {logging_mixin.py:190} INFO - [2024-12-07T02:33:20.393-0300] {dag.py:3239} INFO - Sync 1 DAGs
[2024-12-07T02:33:20.404-0300] {logging_mixin.py:190} INFO - [2024-12-07T02:33:20.404-0300] {dag.py:4180} INFO - Setting next_dagrun for tutorial_dag to None, run_after=None
[2024-12-07T02:33:20.478-0300] {processor.py:208} INFO - Processing /home/crisu/miniconda3/envs/lab13.1/lib/python3.9/site-packages/airflow/example_dags/tutorial_dag.py took 0.140 seconds
[2024-12-07T02:34:54.907-0300] {processor.py:186} INFO - Started process (PID=38348) to work on /home/crisu/miniconda3/envs/lab13.1/lib/python3.9/site-packages/airflow/example_dags/tutorial_dag.py
[2024-12-07T02:34:54.962-0300] {processor.py:914} INFO - Processing file /home/crisu/miniconda3/envs/lab13.1/lib/python3.9/site-packages/airflow/example_dags/tutorial_dag.py for tasks to queue
[2024-12-07T02:34:54.964-0300] {logging_mixin.py:190} INFO - [2024-12-07T02:34:54.964-0300] {dagbag.py:588} INFO - Filling up the DagBag from /home/crisu/miniconda3/envs/lab13.1/lib/python3.9/site-packages/airflow/example_dags/tutorial_dag.py
[2024-12-07T02:34:54.971-0300] {processor.py:925} INFO - DAG(s) 'tutorial_dag' retrieved from /home/crisu/miniconda3/envs/lab13.1/lib/python3.9/site-packages/airflow/example_dags/tutorial_dag.py
[2024-12-07T02:34:54.985-0300] {logging_mixin.py:190} INFO - [2024-12-07T02:34:54.985-0300] {dag.py:3239} INFO - Sync 1 DAGs
[2024-12-07T02:34:54.996-0300] {logging_mixin.py:190} INFO - [2024-12-07T02:34:54.996-0300] {dag.py:4180} INFO - Setting next_dagrun for tutorial_dag to None, run_after=None
[2024-12-07T02:34:56.072-0300] {processor.py:208} INFO - Processing /home/crisu/miniconda3/envs/lab13.1/lib/python3.9/site-packages/airflow/example_dags/tutorial_dag.py took 1.171 seconds
[2024-12-07T02:36:52.060-0300] {processor.py:186} INFO - Started process (PID=38590) to work on /home/crisu/miniconda3/envs/lab13.1/lib/python3.9/site-packages/airflow/example_dags/tutorial_dag.py
[2024-12-07T02:36:52.072-0300] {processor.py:914} INFO - Processing file /home/crisu/miniconda3/envs/lab13.1/lib/python3.9/site-packages/airflow/example_dags/tutorial_dag.py for tasks to queue
[2024-12-07T02:36:52.074-0300] {logging_mixin.py:190} INFO - [2024-12-07T02:36:52.073-0300] {dagbag.py:588} INFO - Filling up the DagBag from /home/crisu/miniconda3/envs/lab13.1/lib/python3.9/site-packages/airflow/example_dags/tutorial_dag.py
[2024-12-07T02:36:52.081-0300] {processor.py:925} INFO - DAG(s) 'tutorial_dag' retrieved from /home/crisu/miniconda3/envs/lab13.1/lib/python3.9/site-packages/airflow/example_dags/tutorial_dag.py
[2024-12-07T02:36:52.094-0300] {logging_mixin.py:190} INFO - [2024-12-07T02:36:52.094-0300] {dag.py:3239} INFO - Sync 1 DAGs
[2024-12-07T02:36:52.105-0300] {logging_mixin.py:190} INFO - [2024-12-07T02:36:52.104-0300] {dag.py:4180} INFO - Setting next_dagrun for tutorial_dag to None, run_after=None
[2024-12-07T02:36:52.160-0300] {processor.py:208} INFO - Processing /home/crisu/miniconda3/envs/lab13.1/lib/python3.9/site-packages/airflow/example_dags/tutorial_dag.py took 0.105 seconds
[2024-12-07T02:38:25.092-0300] {processor.py:186} INFO - Started process (PID=38737) to work on /home/crisu/miniconda3/envs/lab13.1/lib/python3.9/site-packages/airflow/example_dags/tutorial_dag.py
[2024-12-07T02:38:25.105-0300] {processor.py:914} INFO - Processing file /home/crisu/miniconda3/envs/lab13.1/lib/python3.9/site-packages/airflow/example_dags/tutorial_dag.py for tasks to queue
[2024-12-07T02:38:25.107-0300] {logging_mixin.py:190} INFO - [2024-12-07T02:38:25.106-0300] {dagbag.py:588} INFO - Filling up the DagBag from /home/crisu/miniconda3/envs/lab13.1/lib/python3.9/site-packages/airflow/example_dags/tutorial_dag.py
[2024-12-07T02:38:25.114-0300] {processor.py:925} INFO - DAG(s) 'tutorial_dag' retrieved from /home/crisu/miniconda3/envs/lab13.1/lib/python3.9/site-packages/airflow/example_dags/tutorial_dag.py
[2024-12-07T02:38:25.129-0300] {logging_mixin.py:190} INFO - [2024-12-07T02:38:25.129-0300] {dag.py:3239} INFO - Sync 1 DAGs
[2024-12-07T02:38:25.143-0300] {logging_mixin.py:190} INFO - [2024-12-07T02:38:25.143-0300] {dag.py:4180} INFO - Setting next_dagrun for tutorial_dag to None, run_after=None
[2024-12-07T02:38:25.758-0300] {processor.py:208} INFO - Processing /home/crisu/miniconda3/envs/lab13.1/lib/python3.9/site-packages/airflow/example_dags/tutorial_dag.py took 0.671 seconds
[2024-12-07T02:40:10.023-0300] {processor.py:186} INFO - Started process (PID=38853) to work on /home/crisu/miniconda3/envs/lab13.1/lib/python3.9/site-packages/airflow/example_dags/tutorial_dag.py
[2024-12-07T02:40:10.024-0300] {processor.py:914} INFO - Processing file /home/crisu/miniconda3/envs/lab13.1/lib/python3.9/site-packages/airflow/example_dags/tutorial_dag.py for tasks to queue
[2024-12-07T02:40:10.025-0300] {logging_mixin.py:190} INFO - [2024-12-07T02:40:10.025-0300] {dagbag.py:588} INFO - Filling up the DagBag from /home/crisu/miniconda3/envs/lab13.1/lib/python3.9/site-packages/airflow/example_dags/tutorial_dag.py
[2024-12-07T02:40:10.033-0300] {processor.py:925} INFO - DAG(s) 'tutorial_dag' retrieved from /home/crisu/miniconda3/envs/lab13.1/lib/python3.9/site-packages/airflow/example_dags/tutorial_dag.py
[2024-12-07T02:40:10.047-0300] {logging_mixin.py:190} INFO - [2024-12-07T02:40:10.047-0300] {dag.py:3239} INFO - Sync 1 DAGs
[2024-12-07T02:40:10.059-0300] {logging_mixin.py:190} INFO - [2024-12-07T02:40:10.058-0300] {dag.py:4180} INFO - Setting next_dagrun for tutorial_dag to None, run_after=None
[2024-12-07T02:40:10.114-0300] {processor.py:208} INFO - Processing /home/crisu/miniconda3/envs/lab13.1/lib/python3.9/site-packages/airflow/example_dags/tutorial_dag.py took 0.096 seconds
[2024-12-07T02:41:02.570-0300] {processor.py:186} INFO - Started process (PID=38954) to work on /home/crisu/miniconda3/envs/lab13.1/lib/python3.9/site-packages/airflow/example_dags/tutorial_dag.py
[2024-12-07T02:41:02.583-0300] {processor.py:914} INFO - Processing file /home/crisu/miniconda3/envs/lab13.1/lib/python3.9/site-packages/airflow/example_dags/tutorial_dag.py for tasks to queue
[2024-12-07T02:41:02.585-0300] {logging_mixin.py:190} INFO - [2024-12-07T02:41:02.585-0300] {dagbag.py:588} INFO - Filling up the DagBag from /home/crisu/miniconda3/envs/lab13.1/lib/python3.9/site-packages/airflow/example_dags/tutorial_dag.py
[2024-12-07T02:41:02.592-0300] {processor.py:925} INFO - DAG(s) 'tutorial_dag' retrieved from /home/crisu/miniconda3/envs/lab13.1/lib/python3.9/site-packages/airflow/example_dags/tutorial_dag.py
[2024-12-07T02:41:02.607-0300] {logging_mixin.py:190} INFO - [2024-12-07T02:41:02.606-0300] {dag.py:3239} INFO - Sync 1 DAGs
[2024-12-07T02:41:02.619-0300] {logging_mixin.py:190} INFO - [2024-12-07T02:41:02.619-0300] {dag.py:4180} INFO - Setting next_dagrun for tutorial_dag to None, run_after=None
[2024-12-07T02:41:02.683-0300] {processor.py:208} INFO - Processing /home/crisu/miniconda3/envs/lab13.1/lib/python3.9/site-packages/airflow/example_dags/tutorial_dag.py took 0.119 seconds
[2024-12-07T02:42:16.384-0300] {processor.py:186} INFO - Started process (PID=39085) to work on /home/crisu/miniconda3/envs/lab13.1/lib/python3.9/site-packages/airflow/example_dags/tutorial_dag.py
[2024-12-07T02:42:16.395-0300] {processor.py:914} INFO - Processing file /home/crisu/miniconda3/envs/lab13.1/lib/python3.9/site-packages/airflow/example_dags/tutorial_dag.py for tasks to queue
[2024-12-07T02:42:16.396-0300] {logging_mixin.py:190} INFO - [2024-12-07T02:42:16.396-0300] {dagbag.py:588} INFO - Filling up the DagBag from /home/crisu/miniconda3/envs/lab13.1/lib/python3.9/site-packages/airflow/example_dags/tutorial_dag.py
[2024-12-07T02:42:16.403-0300] {processor.py:925} INFO - DAG(s) 'tutorial_dag' retrieved from /home/crisu/miniconda3/envs/lab13.1/lib/python3.9/site-packages/airflow/example_dags/tutorial_dag.py
[2024-12-07T02:42:16.417-0300] {logging_mixin.py:190} INFO - [2024-12-07T02:42:16.417-0300] {dag.py:3239} INFO - Sync 1 DAGs
[2024-12-07T02:42:16.429-0300] {logging_mixin.py:190} INFO - [2024-12-07T02:42:16.429-0300] {dag.py:4180} INFO - Setting next_dagrun for tutorial_dag to None, run_after=None
[2024-12-07T02:42:16.490-0300] {processor.py:208} INFO - Processing /home/crisu/miniconda3/envs/lab13.1/lib/python3.9/site-packages/airflow/example_dags/tutorial_dag.py took 0.111 seconds
[2024-12-07T02:44:30.073-0300] {processor.py:186} INFO - Started process (PID=39683) to work on /home/crisu/miniconda3/envs/lab13.1/lib/python3.9/site-packages/airflow/example_dags/tutorial_dag.py
[2024-12-07T02:44:30.075-0300] {processor.py:914} INFO - Processing file /home/crisu/miniconda3/envs/lab13.1/lib/python3.9/site-packages/airflow/example_dags/tutorial_dag.py for tasks to queue
[2024-12-07T02:44:30.077-0300] {logging_mixin.py:190} INFO - [2024-12-07T02:44:30.076-0300] {dagbag.py:588} INFO - Filling up the DagBag from /home/crisu/miniconda3/envs/lab13.1/lib/python3.9/site-packages/airflow/example_dags/tutorial_dag.py
[2024-12-07T02:44:30.084-0300] {processor.py:925} INFO - DAG(s) 'tutorial_dag' retrieved from /home/crisu/miniconda3/envs/lab13.1/lib/python3.9/site-packages/airflow/example_dags/tutorial_dag.py
[2024-12-07T02:44:30.103-0300] {logging_mixin.py:190} INFO - [2024-12-07T02:44:30.103-0300] {dag.py:3239} INFO - Sync 1 DAGs
[2024-12-07T02:44:30.115-0300] {logging_mixin.py:190} INFO - [2024-12-07T02:44:30.114-0300] {dag.py:4180} INFO - Setting next_dagrun for tutorial_dag to None, run_after=None
[2024-12-07T02:44:30.190-0300] {processor.py:208} INFO - Processing /home/crisu/miniconda3/envs/lab13.1/lib/python3.9/site-packages/airflow/example_dags/tutorial_dag.py took 0.124 seconds
[2024-12-07T02:45:40.999-0300] {processor.py:186} INFO - Started process (PID=39836) to work on /home/crisu/miniconda3/envs/lab13.1/lib/python3.9/site-packages/airflow/example_dags/tutorial_dag.py
[2024-12-07T02:45:41.003-0300] {processor.py:914} INFO - Processing file /home/crisu/miniconda3/envs/lab13.1/lib/python3.9/site-packages/airflow/example_dags/tutorial_dag.py for tasks to queue
[2024-12-07T02:45:41.005-0300] {logging_mixin.py:190} INFO - [2024-12-07T02:45:41.004-0300] {dagbag.py:588} INFO - Filling up the DagBag from /home/crisu/miniconda3/envs/lab13.1/lib/python3.9/site-packages/airflow/example_dags/tutorial_dag.py
[2024-12-07T02:45:41.011-0300] {processor.py:925} INFO - DAG(s) 'tutorial_dag' retrieved from /home/crisu/miniconda3/envs/lab13.1/lib/python3.9/site-packages/airflow/example_dags/tutorial_dag.py
[2024-12-07T02:45:41.024-0300] {logging_mixin.py:190} INFO - [2024-12-07T02:45:41.024-0300] {dag.py:3239} INFO - Sync 1 DAGs
[2024-12-07T02:45:41.036-0300] {logging_mixin.py:190} INFO - [2024-12-07T02:45:41.035-0300] {dag.py:4180} INFO - Setting next_dagrun for tutorial_dag to None, run_after=None
[2024-12-07T02:45:41.097-0300] {processor.py:208} INFO - Processing /home/crisu/miniconda3/envs/lab13.1/lib/python3.9/site-packages/airflow/example_dags/tutorial_dag.py took 0.102 seconds
[2024-12-07T02:46:12.324-0300] {processor.py:186} INFO - Started process (PID=39973) to work on /home/crisu/miniconda3/envs/lab13.1/lib/python3.9/site-packages/airflow/example_dags/tutorial_dag.py
[2024-12-07T02:46:12.325-0300] {processor.py:914} INFO - Processing file /home/crisu/miniconda3/envs/lab13.1/lib/python3.9/site-packages/airflow/example_dags/tutorial_dag.py for tasks to queue
[2024-12-07T02:46:12.327-0300] {logging_mixin.py:190} INFO - [2024-12-07T02:46:12.327-0300] {dagbag.py:588} INFO - Filling up the DagBag from /home/crisu/miniconda3/envs/lab13.1/lib/python3.9/site-packages/airflow/example_dags/tutorial_dag.py
[2024-12-07T02:46:12.336-0300] {processor.py:925} INFO - DAG(s) 'tutorial_dag' retrieved from /home/crisu/miniconda3/envs/lab13.1/lib/python3.9/site-packages/airflow/example_dags/tutorial_dag.py
[2024-12-07T02:46:12.365-0300] {logging_mixin.py:190} INFO - [2024-12-07T02:46:12.365-0300] {dag.py:3239} INFO - Sync 1 DAGs
[2024-12-07T02:46:12.384-0300] {logging_mixin.py:190} INFO - [2024-12-07T02:46:12.384-0300] {dag.py:4180} INFO - Setting next_dagrun for tutorial_dag to None, run_after=None
[2024-12-07T02:46:12.485-0300] {processor.py:208} INFO - Processing /home/crisu/miniconda3/envs/lab13.1/lib/python3.9/site-packages/airflow/example_dags/tutorial_dag.py took 0.167 seconds
[2024-12-07T02:47:21.319-0300] {processor.py:186} INFO - Started process (PID=40194) to work on /home/crisu/miniconda3/envs/lab13.1/lib/python3.9/site-packages/airflow/example_dags/tutorial_dag.py
[2024-12-07T02:47:21.368-0300] {processor.py:914} INFO - Processing file /home/crisu/miniconda3/envs/lab13.1/lib/python3.9/site-packages/airflow/example_dags/tutorial_dag.py for tasks to queue
[2024-12-07T02:47:21.370-0300] {logging_mixin.py:190} INFO - [2024-12-07T02:47:21.370-0300] {dagbag.py:588} INFO - Filling up the DagBag from /home/crisu/miniconda3/envs/lab13.1/lib/python3.9/site-packages/airflow/example_dags/tutorial_dag.py
[2024-12-07T02:47:21.377-0300] {processor.py:925} INFO - DAG(s) 'tutorial_dag' retrieved from /home/crisu/miniconda3/envs/lab13.1/lib/python3.9/site-packages/airflow/example_dags/tutorial_dag.py
[2024-12-07T02:47:21.396-0300] {logging_mixin.py:190} INFO - [2024-12-07T02:47:21.395-0300] {dag.py:3239} INFO - Sync 1 DAGs
[2024-12-07T02:47:21.407-0300] {logging_mixin.py:190} INFO - [2024-12-07T02:47:21.407-0300] {dag.py:4180} INFO - Setting next_dagrun for tutorial_dag to None, run_after=None
[2024-12-07T02:47:21.892-0300] {processor.py:208} INFO - Processing /home/crisu/miniconda3/envs/lab13.1/lib/python3.9/site-packages/airflow/example_dags/tutorial_dag.py took 0.578 seconds
[2024-12-07T02:48:45.322-0300] {processor.py:186} INFO - Started process (PID=40445) to work on /home/crisu/miniconda3/envs/lab13.1/lib/python3.9/site-packages/airflow/example_dags/tutorial_dag.py
[2024-12-07T02:48:45.337-0300] {processor.py:914} INFO - Processing file /home/crisu/miniconda3/envs/lab13.1/lib/python3.9/site-packages/airflow/example_dags/tutorial_dag.py for tasks to queue
[2024-12-07T02:48:45.339-0300] {logging_mixin.py:190} INFO - [2024-12-07T02:48:45.339-0300] {dagbag.py:588} INFO - Filling up the DagBag from /home/crisu/miniconda3/envs/lab13.1/lib/python3.9/site-packages/airflow/example_dags/tutorial_dag.py
[2024-12-07T02:48:45.347-0300] {processor.py:925} INFO - DAG(s) 'tutorial_dag' retrieved from /home/crisu/miniconda3/envs/lab13.1/lib/python3.9/site-packages/airflow/example_dags/tutorial_dag.py
[2024-12-07T02:48:45.365-0300] {logging_mixin.py:190} INFO - [2024-12-07T02:48:45.365-0300] {dag.py:3239} INFO - Sync 1 DAGs
[2024-12-07T02:48:45.378-0300] {logging_mixin.py:190} INFO - [2024-12-07T02:48:45.377-0300] {dag.py:4180} INFO - Setting next_dagrun for tutorial_dag to None, run_after=None
[2024-12-07T02:48:46.293-0300] {processor.py:208} INFO - Processing /home/crisu/miniconda3/envs/lab13.1/lib/python3.9/site-packages/airflow/example_dags/tutorial_dag.py took 0.976 seconds
[2024-12-07T02:49:50.935-0300] {processor.py:186} INFO - Started process (PID=40721) to work on /home/crisu/miniconda3/envs/lab13.1/lib/python3.9/site-packages/airflow/example_dags/tutorial_dag.py
[2024-12-07T02:49:50.974-0300] {processor.py:914} INFO - Processing file /home/crisu/miniconda3/envs/lab13.1/lib/python3.9/site-packages/airflow/example_dags/tutorial_dag.py for tasks to queue
[2024-12-07T02:49:50.977-0300] {logging_mixin.py:190} INFO - [2024-12-07T02:49:50.976-0300] {dagbag.py:588} INFO - Filling up the DagBag from /home/crisu/miniconda3/envs/lab13.1/lib/python3.9/site-packages/airflow/example_dags/tutorial_dag.py
[2024-12-07T02:49:50.984-0300] {processor.py:925} INFO - DAG(s) 'tutorial_dag' retrieved from /home/crisu/miniconda3/envs/lab13.1/lib/python3.9/site-packages/airflow/example_dags/tutorial_dag.py
[2024-12-07T02:49:51.003-0300] {logging_mixin.py:190} INFO - [2024-12-07T02:49:51.003-0300] {dag.py:3239} INFO - Sync 1 DAGs
[2024-12-07T02:49:51.017-0300] {logging_mixin.py:190} INFO - [2024-12-07T02:49:51.017-0300] {dag.py:4180} INFO - Setting next_dagrun for tutorial_dag to None, run_after=None
[2024-12-07T02:49:51.080-0300] {processor.py:208} INFO - Processing /home/crisu/miniconda3/envs/lab13.1/lib/python3.9/site-packages/airflow/example_dags/tutorial_dag.py took 0.150 seconds
[2024-12-07T02:51:01.968-0300] {processor.py:186} INFO - Started process (PID=40939) to work on /home/crisu/miniconda3/envs/lab13.1/lib/python3.9/site-packages/airflow/example_dags/tutorial_dag.py
[2024-12-07T02:51:01.977-0300] {processor.py:914} INFO - Processing file /home/crisu/miniconda3/envs/lab13.1/lib/python3.9/site-packages/airflow/example_dags/tutorial_dag.py for tasks to queue
[2024-12-07T02:51:01.979-0300] {logging_mixin.py:190} INFO - [2024-12-07T02:51:01.978-0300] {dagbag.py:588} INFO - Filling up the DagBag from /home/crisu/miniconda3/envs/lab13.1/lib/python3.9/site-packages/airflow/example_dags/tutorial_dag.py
[2024-12-07T02:51:01.986-0300] {processor.py:925} INFO - DAG(s) 'tutorial_dag' retrieved from /home/crisu/miniconda3/envs/lab13.1/lib/python3.9/site-packages/airflow/example_dags/tutorial_dag.py
[2024-12-07T02:51:02.054-0300] {logging_mixin.py:190} INFO - [2024-12-07T02:51:02.053-0300] {dag.py:3239} INFO - Sync 1 DAGs
[2024-12-07T02:51:02.064-0300] {logging_mixin.py:190} INFO - [2024-12-07T02:51:02.064-0300] {dag.py:4180} INFO - Setting next_dagrun for tutorial_dag to None, run_after=None
[2024-12-07T02:51:02.145-0300] {processor.py:208} INFO - Processing /home/crisu/miniconda3/envs/lab13.1/lib/python3.9/site-packages/airflow/example_dags/tutorial_dag.py took 0.185 seconds
[2024-12-07T03:19:11.582-0300] {processor.py:186} INFO - Started process (PID=42584) to work on /home/crisu/miniconda3/envs/lab13.1/lib/python3.9/site-packages/airflow/example_dags/tutorial_dag.py
[2024-12-07T03:19:11.599-0300] {processor.py:914} INFO - Processing file /home/crisu/miniconda3/envs/lab13.1/lib/python3.9/site-packages/airflow/example_dags/tutorial_dag.py for tasks to queue
[2024-12-07T03:19:11.600-0300] {logging_mixin.py:190} INFO - [2024-12-07T03:19:11.600-0300] {dagbag.py:588} INFO - Filling up the DagBag from /home/crisu/miniconda3/envs/lab13.1/lib/python3.9/site-packages/airflow/example_dags/tutorial_dag.py
[2024-12-07T03:19:11.605-0300] {processor.py:925} INFO - DAG(s) 'tutorial_dag' retrieved from /home/crisu/miniconda3/envs/lab13.1/lib/python3.9/site-packages/airflow/example_dags/tutorial_dag.py
[2024-12-07T03:19:11.625-0300] {logging_mixin.py:190} INFO - [2024-12-07T03:19:11.625-0300] {dag.py:3239} INFO - Sync 1 DAGs
[2024-12-07T03:19:11.636-0300] {logging_mixin.py:190} INFO - [2024-12-07T03:19:11.636-0300] {dag.py:4180} INFO - Setting next_dagrun for tutorial_dag to None, run_after=None
[2024-12-07T03:19:11.703-0300] {processor.py:208} INFO - Processing /home/crisu/miniconda3/envs/lab13.1/lib/python3.9/site-packages/airflow/example_dags/tutorial_dag.py took 0.126 seconds
[2024-12-07T03:22:45.574-0300] {processor.py:186} INFO - Started process (PID=42818) to work on /home/crisu/miniconda3/envs/lab13.1/lib/python3.9/site-packages/airflow/example_dags/tutorial_dag.py
[2024-12-07T03:22:45.610-0300] {processor.py:914} INFO - Processing file /home/crisu/miniconda3/envs/lab13.1/lib/python3.9/site-packages/airflow/example_dags/tutorial_dag.py for tasks to queue
[2024-12-07T03:22:45.611-0300] {logging_mixin.py:190} INFO - [2024-12-07T03:22:45.610-0300] {dagbag.py:588} INFO - Filling up the DagBag from /home/crisu/miniconda3/envs/lab13.1/lib/python3.9/site-packages/airflow/example_dags/tutorial_dag.py
[2024-12-07T03:22:45.616-0300] {processor.py:925} INFO - DAG(s) 'tutorial_dag' retrieved from /home/crisu/miniconda3/envs/lab13.1/lib/python3.9/site-packages/airflow/example_dags/tutorial_dag.py
[2024-12-07T03:22:45.632-0300] {logging_mixin.py:190} INFO - [2024-12-07T03:22:45.632-0300] {dag.py:3239} INFO - Sync 1 DAGs
[2024-12-07T03:22:45.644-0300] {logging_mixin.py:190} INFO - [2024-12-07T03:22:45.644-0300] {dag.py:4180} INFO - Setting next_dagrun for tutorial_dag to None, run_after=None
[2024-12-07T03:22:47.455-0300] {processor.py:208} INFO - Processing /home/crisu/miniconda3/envs/lab13.1/lib/python3.9/site-packages/airflow/example_dags/tutorial_dag.py took 1.887 seconds
[2024-12-07T03:26:15.003-0300] {processor.py:186} INFO - Started process (PID=43392) to work on /home/crisu/miniconda3/envs/lab13.1/lib/python3.9/site-packages/airflow/example_dags/tutorial_dag.py
[2024-12-07T03:26:15.166-0300] {processor.py:914} INFO - Processing file /home/crisu/miniconda3/envs/lab13.1/lib/python3.9/site-packages/airflow/example_dags/tutorial_dag.py for tasks to queue
[2024-12-07T03:26:15.169-0300] {logging_mixin.py:190} INFO - [2024-12-07T03:26:15.168-0300] {dagbag.py:588} INFO - Filling up the DagBag from /home/crisu/miniconda3/envs/lab13.1/lib/python3.9/site-packages/airflow/example_dags/tutorial_dag.py
[2024-12-07T03:26:15.178-0300] {processor.py:925} INFO - DAG(s) 'tutorial_dag' retrieved from /home/crisu/miniconda3/envs/lab13.1/lib/python3.9/site-packages/airflow/example_dags/tutorial_dag.py
[2024-12-07T03:26:16.027-0300] {logging_mixin.py:190} INFO - [2024-12-07T03:26:16.027-0300] {dag.py:3239} INFO - Sync 1 DAGs
[2024-12-07T03:26:16.040-0300] {logging_mixin.py:190} INFO - [2024-12-07T03:26:16.040-0300] {dag.py:4180} INFO - Setting next_dagrun for tutorial_dag to None, run_after=None
[2024-12-07T03:26:16.841-0300] {processor.py:208} INFO - Processing /home/crisu/miniconda3/envs/lab13.1/lib/python3.9/site-packages/airflow/example_dags/tutorial_dag.py took 1.844 seconds
[2024-12-07T03:29:12.771-0300] {processor.py:186} INFO - Started process (PID=43806) to work on /home/crisu/miniconda3/envs/lab13.1/lib/python3.9/site-packages/airflow/example_dags/tutorial_dag.py
[2024-12-07T03:29:12.779-0300] {processor.py:914} INFO - Processing file /home/crisu/miniconda3/envs/lab13.1/lib/python3.9/site-packages/airflow/example_dags/tutorial_dag.py for tasks to queue
[2024-12-07T03:29:12.782-0300] {logging_mixin.py:190} INFO - [2024-12-07T03:29:12.782-0300] {dagbag.py:588} INFO - Filling up the DagBag from /home/crisu/miniconda3/envs/lab13.1/lib/python3.9/site-packages/airflow/example_dags/tutorial_dag.py
[2024-12-07T03:29:12.792-0300] {processor.py:925} INFO - DAG(s) 'tutorial_dag' retrieved from /home/crisu/miniconda3/envs/lab13.1/lib/python3.9/site-packages/airflow/example_dags/tutorial_dag.py
[2024-12-07T03:29:12.811-0300] {logging_mixin.py:190} INFO - [2024-12-07T03:29:12.811-0300] {dag.py:3239} INFO - Sync 1 DAGs
[2024-12-07T03:29:12.823-0300] {logging_mixin.py:190} INFO - [2024-12-07T03:29:12.823-0300] {dag.py:4180} INFO - Setting next_dagrun for tutorial_dag to None, run_after=None
[2024-12-07T03:29:12.885-0300] {processor.py:208} INFO - Processing /home/crisu/miniconda3/envs/lab13.1/lib/python3.9/site-packages/airflow/example_dags/tutorial_dag.py took 0.119 seconds
[2024-12-07T03:32:59.227-0300] {processor.py:186} INFO - Started process (PID=44205) to work on /home/crisu/miniconda3/envs/lab13.1/lib/python3.9/site-packages/airflow/example_dags/tutorial_dag.py
[2024-12-07T03:32:59.228-0300] {processor.py:914} INFO - Processing file /home/crisu/miniconda3/envs/lab13.1/lib/python3.9/site-packages/airflow/example_dags/tutorial_dag.py for tasks to queue
[2024-12-07T03:32:59.229-0300] {logging_mixin.py:190} INFO - [2024-12-07T03:32:59.229-0300] {dagbag.py:588} INFO - Filling up the DagBag from /home/crisu/miniconda3/envs/lab13.1/lib/python3.9/site-packages/airflow/example_dags/tutorial_dag.py
[2024-12-07T03:32:59.234-0300] {processor.py:925} INFO - DAG(s) 'tutorial_dag' retrieved from /home/crisu/miniconda3/envs/lab13.1/lib/python3.9/site-packages/airflow/example_dags/tutorial_dag.py
[2024-12-07T03:32:59.255-0300] {logging_mixin.py:190} INFO - [2024-12-07T03:32:59.254-0300] {dag.py:3239} INFO - Sync 1 DAGs
[2024-12-07T03:32:59.265-0300] {logging_mixin.py:190} INFO - [2024-12-07T03:32:59.265-0300] {dag.py:4180} INFO - Setting next_dagrun for tutorial_dag to None, run_after=None
[2024-12-07T03:32:59.322-0300] {processor.py:208} INFO - Processing /home/crisu/miniconda3/envs/lab13.1/lib/python3.9/site-packages/airflow/example_dags/tutorial_dag.py took 0.100 seconds
[2024-12-07T03:35:26.014-0300] {processor.py:186} INFO - Started process (PID=44704) to work on /home/crisu/miniconda3/envs/lab13.1/lib/python3.9/site-packages/airflow/example_dags/tutorial_dag.py
[2024-12-07T03:35:26.015-0300] {processor.py:914} INFO - Processing file /home/crisu/miniconda3/envs/lab13.1/lib/python3.9/site-packages/airflow/example_dags/tutorial_dag.py for tasks to queue
[2024-12-07T03:35:26.016-0300] {logging_mixin.py:190} INFO - [2024-12-07T03:35:26.016-0300] {dagbag.py:588} INFO - Filling up the DagBag from /home/crisu/miniconda3/envs/lab13.1/lib/python3.9/site-packages/airflow/example_dags/tutorial_dag.py
[2024-12-07T03:35:26.021-0300] {processor.py:925} INFO - DAG(s) 'tutorial_dag' retrieved from /home/crisu/miniconda3/envs/lab13.1/lib/python3.9/site-packages/airflow/example_dags/tutorial_dag.py
[2024-12-07T03:35:26.034-0300] {logging_mixin.py:190} INFO - [2024-12-07T03:35:26.034-0300] {dag.py:3239} INFO - Sync 1 DAGs
[2024-12-07T03:35:26.044-0300] {logging_mixin.py:190} INFO - [2024-12-07T03:35:26.044-0300] {dag.py:4180} INFO - Setting next_dagrun for tutorial_dag to None, run_after=None
[2024-12-07T03:35:26.104-0300] {processor.py:208} INFO - Processing /home/crisu/miniconda3/envs/lab13.1/lib/python3.9/site-packages/airflow/example_dags/tutorial_dag.py took 0.095 seconds
[2024-12-07T03:36:20.436-0300] {processor.py:186} INFO - Started process (PID=44827) to work on /home/crisu/miniconda3/envs/lab13.1/lib/python3.9/site-packages/airflow/example_dags/tutorial_dag.py
[2024-12-07T03:36:20.485-0300] {processor.py:914} INFO - Processing file /home/crisu/miniconda3/envs/lab13.1/lib/python3.9/site-packages/airflow/example_dags/tutorial_dag.py for tasks to queue
[2024-12-07T03:36:20.486-0300] {logging_mixin.py:190} INFO - [2024-12-07T03:36:20.485-0300] {dagbag.py:588} INFO - Filling up the DagBag from /home/crisu/miniconda3/envs/lab13.1/lib/python3.9/site-packages/airflow/example_dags/tutorial_dag.py
[2024-12-07T03:36:20.491-0300] {processor.py:925} INFO - DAG(s) 'tutorial_dag' retrieved from /home/crisu/miniconda3/envs/lab13.1/lib/python3.9/site-packages/airflow/example_dags/tutorial_dag.py
[2024-12-07T03:36:20.506-0300] {logging_mixin.py:190} INFO - [2024-12-07T03:36:20.505-0300] {dag.py:3239} INFO - Sync 1 DAGs
[2024-12-07T03:36:20.516-0300] {logging_mixin.py:190} INFO - [2024-12-07T03:36:20.515-0300] {dag.py:4180} INFO - Setting next_dagrun for tutorial_dag to None, run_after=None
[2024-12-07T03:36:21.564-0300] {processor.py:208} INFO - Processing /home/crisu/miniconda3/envs/lab13.1/lib/python3.9/site-packages/airflow/example_dags/tutorial_dag.py took 1.133 seconds
[2024-12-07T03:37:29.708-0300] {processor.py:186} INFO - Started process (PID=44931) to work on /home/crisu/miniconda3/envs/lab13.1/lib/python3.9/site-packages/airflow/example_dags/tutorial_dag.py
[2024-12-07T03:37:29.716-0300] {processor.py:914} INFO - Processing file /home/crisu/miniconda3/envs/lab13.1/lib/python3.9/site-packages/airflow/example_dags/tutorial_dag.py for tasks to queue
[2024-12-07T03:37:29.717-0300] {logging_mixin.py:190} INFO - [2024-12-07T03:37:29.717-0300] {dagbag.py:588} INFO - Filling up the DagBag from /home/crisu/miniconda3/envs/lab13.1/lib/python3.9/site-packages/airflow/example_dags/tutorial_dag.py
[2024-12-07T03:37:29.723-0300] {processor.py:925} INFO - DAG(s) 'tutorial_dag' retrieved from /home/crisu/miniconda3/envs/lab13.1/lib/python3.9/site-packages/airflow/example_dags/tutorial_dag.py
[2024-12-07T03:37:29.737-0300] {logging_mixin.py:190} INFO - [2024-12-07T03:37:29.737-0300] {dag.py:3239} INFO - Sync 1 DAGs
[2024-12-07T03:37:29.748-0300] {logging_mixin.py:190} INFO - [2024-12-07T03:37:29.748-0300] {dag.py:4180} INFO - Setting next_dagrun for tutorial_dag to None, run_after=None
[2024-12-07T03:37:29.806-0300] {processor.py:208} INFO - Processing /home/crisu/miniconda3/envs/lab13.1/lib/python3.9/site-packages/airflow/example_dags/tutorial_dag.py took 0.103 seconds
[2024-12-07T03:38:25.108-0300] {processor.py:186} INFO - Started process (PID=45025) to work on /home/crisu/miniconda3/envs/lab13.1/lib/python3.9/site-packages/airflow/example_dags/tutorial_dag.py
[2024-12-07T03:38:25.115-0300] {processor.py:914} INFO - Processing file /home/crisu/miniconda3/envs/lab13.1/lib/python3.9/site-packages/airflow/example_dags/tutorial_dag.py for tasks to queue
[2024-12-07T03:38:25.116-0300] {logging_mixin.py:190} INFO - [2024-12-07T03:38:25.116-0300] {dagbag.py:588} INFO - Filling up the DagBag from /home/crisu/miniconda3/envs/lab13.1/lib/python3.9/site-packages/airflow/example_dags/tutorial_dag.py
[2024-12-07T03:38:25.121-0300] {processor.py:925} INFO - DAG(s) 'tutorial_dag' retrieved from /home/crisu/miniconda3/envs/lab13.1/lib/python3.9/site-packages/airflow/example_dags/tutorial_dag.py
[2024-12-07T03:38:25.134-0300] {logging_mixin.py:190} INFO - [2024-12-07T03:38:25.134-0300] {dag.py:3239} INFO - Sync 1 DAGs
[2024-12-07T03:38:25.145-0300] {logging_mixin.py:190} INFO - [2024-12-07T03:38:25.145-0300] {dag.py:4180} INFO - Setting next_dagrun for tutorial_dag to None, run_after=None
[2024-12-07T03:38:25.206-0300] {processor.py:208} INFO - Processing /home/crisu/miniconda3/envs/lab13.1/lib/python3.9/site-packages/airflow/example_dags/tutorial_dag.py took 0.102 seconds
[2024-12-07T03:39:43.963-0300] {processor.py:186} INFO - Started process (PID=45187) to work on /home/crisu/miniconda3/envs/lab13.1/lib/python3.9/site-packages/airflow/example_dags/tutorial_dag.py
[2024-12-07T03:39:43.971-0300] {processor.py:914} INFO - Processing file /home/crisu/miniconda3/envs/lab13.1/lib/python3.9/site-packages/airflow/example_dags/tutorial_dag.py for tasks to queue
[2024-12-07T03:39:43.972-0300] {logging_mixin.py:190} INFO - [2024-12-07T03:39:43.972-0300] {dagbag.py:588} INFO - Filling up the DagBag from /home/crisu/miniconda3/envs/lab13.1/lib/python3.9/site-packages/airflow/example_dags/tutorial_dag.py
[2024-12-07T03:39:43.977-0300] {processor.py:925} INFO - DAG(s) 'tutorial_dag' retrieved from /home/crisu/miniconda3/envs/lab13.1/lib/python3.9/site-packages/airflow/example_dags/tutorial_dag.py
[2024-12-07T03:39:43.991-0300] {logging_mixin.py:190} INFO - [2024-12-07T03:39:43.990-0300] {dag.py:3239} INFO - Sync 1 DAGs
[2024-12-07T03:39:44.001-0300] {logging_mixin.py:190} INFO - [2024-12-07T03:39:44.001-0300] {dag.py:4180} INFO - Setting next_dagrun for tutorial_dag to None, run_after=None
[2024-12-07T03:39:44.059-0300] {processor.py:208} INFO - Processing /home/crisu/miniconda3/envs/lab13.1/lib/python3.9/site-packages/airflow/example_dags/tutorial_dag.py took 0.101 seconds
[2024-12-07T03:40:56.859-0300] {processor.py:186} INFO - Started process (PID=45330) to work on /home/crisu/miniconda3/envs/lab13.1/lib/python3.9/site-packages/airflow/example_dags/tutorial_dag.py
[2024-12-07T03:40:56.860-0300] {processor.py:914} INFO - Processing file /home/crisu/miniconda3/envs/lab13.1/lib/python3.9/site-packages/airflow/example_dags/tutorial_dag.py for tasks to queue
[2024-12-07T03:40:56.862-0300] {logging_mixin.py:190} INFO - [2024-12-07T03:40:56.861-0300] {dagbag.py:588} INFO - Filling up the DagBag from /home/crisu/miniconda3/envs/lab13.1/lib/python3.9/site-packages/airflow/example_dags/tutorial_dag.py
[2024-12-07T03:40:56.866-0300] {processor.py:925} INFO - DAG(s) 'tutorial_dag' retrieved from /home/crisu/miniconda3/envs/lab13.1/lib/python3.9/site-packages/airflow/example_dags/tutorial_dag.py
[2024-12-07T03:40:56.879-0300] {logging_mixin.py:190} INFO - [2024-12-07T03:40:56.879-0300] {dag.py:3239} INFO - Sync 1 DAGs
[2024-12-07T03:40:56.889-0300] {logging_mixin.py:190} INFO - [2024-12-07T03:40:56.889-0300] {dag.py:4180} INFO - Setting next_dagrun for tutorial_dag to None, run_after=None
[2024-12-07T03:40:56.945-0300] {processor.py:208} INFO - Processing /home/crisu/miniconda3/envs/lab13.1/lib/python3.9/site-packages/airflow/example_dags/tutorial_dag.py took 0.090 seconds
[2024-12-07T03:43:48.793-0300] {processor.py:186} INFO - Started process (PID=45828) to work on /home/crisu/miniconda3/envs/lab13.1/lib/python3.9/site-packages/airflow/example_dags/tutorial_dag.py
[2024-12-07T03:43:48.795-0300] {processor.py:914} INFO - Processing file /home/crisu/miniconda3/envs/lab13.1/lib/python3.9/site-packages/airflow/example_dags/tutorial_dag.py for tasks to queue
[2024-12-07T03:43:48.797-0300] {logging_mixin.py:190} INFO - [2024-12-07T03:43:48.796-0300] {dagbag.py:588} INFO - Filling up the DagBag from /home/crisu/miniconda3/envs/lab13.1/lib/python3.9/site-packages/airflow/example_dags/tutorial_dag.py
[2024-12-07T03:43:48.804-0300] {processor.py:925} INFO - DAG(s) 'tutorial_dag' retrieved from /home/crisu/miniconda3/envs/lab13.1/lib/python3.9/site-packages/airflow/example_dags/tutorial_dag.py
[2024-12-07T03:43:48.822-0300] {logging_mixin.py:190} INFO - [2024-12-07T03:43:48.822-0300] {dag.py:3239} INFO - Sync 1 DAGs
[2024-12-07T03:43:48.834-0300] {logging_mixin.py:190} INFO - [2024-12-07T03:43:48.834-0300] {dag.py:4180} INFO - Setting next_dagrun for tutorial_dag to None, run_after=None
[2024-12-07T03:43:48.903-0300] {processor.py:208} INFO - Processing /home/crisu/miniconda3/envs/lab13.1/lib/python3.9/site-packages/airflow/example_dags/tutorial_dag.py took 0.116 seconds
[2024-12-07T03:47:40.347-0300] {processor.py:186} INFO - Started process (PID=46578) to work on /home/crisu/miniconda3/envs/lab13.1/lib/python3.9/site-packages/airflow/example_dags/tutorial_dag.py
[2024-12-07T03:47:40.378-0300] {processor.py:914} INFO - Processing file /home/crisu/miniconda3/envs/lab13.1/lib/python3.9/site-packages/airflow/example_dags/tutorial_dag.py for tasks to queue
[2024-12-07T03:47:40.380-0300] {logging_mixin.py:190} INFO - [2024-12-07T03:47:40.380-0300] {dagbag.py:588} INFO - Filling up the DagBag from /home/crisu/miniconda3/envs/lab13.1/lib/python3.9/site-packages/airflow/example_dags/tutorial_dag.py
[2024-12-07T03:47:40.388-0300] {processor.py:925} INFO - DAG(s) 'tutorial_dag' retrieved from /home/crisu/miniconda3/envs/lab13.1/lib/python3.9/site-packages/airflow/example_dags/tutorial_dag.py
[2024-12-07T03:47:40.402-0300] {logging_mixin.py:190} INFO - [2024-12-07T03:47:40.402-0300] {dag.py:3239} INFO - Sync 1 DAGs
[2024-12-07T03:47:40.414-0300] {logging_mixin.py:190} INFO - [2024-12-07T03:47:40.414-0300] {dag.py:4180} INFO - Setting next_dagrun for tutorial_dag to None, run_after=None
[2024-12-07T03:47:41.032-0300] {processor.py:208} INFO - Processing /home/crisu/miniconda3/envs/lab13.1/lib/python3.9/site-packages/airflow/example_dags/tutorial_dag.py took 0.690 seconds
[2024-12-07T03:49:43.370-0300] {processor.py:186} INFO - Started process (PID=46886) to work on /home/crisu/miniconda3/envs/lab13.1/lib/python3.9/site-packages/airflow/example_dags/tutorial_dag.py
[2024-12-07T03:49:43.371-0300] {processor.py:914} INFO - Processing file /home/crisu/miniconda3/envs/lab13.1/lib/python3.9/site-packages/airflow/example_dags/tutorial_dag.py for tasks to queue
[2024-12-07T03:49:43.374-0300] {logging_mixin.py:190} INFO - [2024-12-07T03:49:43.374-0300] {dagbag.py:588} INFO - Filling up the DagBag from /home/crisu/miniconda3/envs/lab13.1/lib/python3.9/site-packages/airflow/example_dags/tutorial_dag.py
[2024-12-07T03:49:43.384-0300] {processor.py:925} INFO - DAG(s) 'tutorial_dag' retrieved from /home/crisu/miniconda3/envs/lab13.1/lib/python3.9/site-packages/airflow/example_dags/tutorial_dag.py
[2024-12-07T03:49:43.400-0300] {logging_mixin.py:190} INFO - [2024-12-07T03:49:43.400-0300] {dag.py:3239} INFO - Sync 1 DAGs
[2024-12-07T03:49:43.411-0300] {logging_mixin.py:190} INFO - [2024-12-07T03:49:43.411-0300] {dag.py:4180} INFO - Setting next_dagrun for tutorial_dag to None, run_after=None
[2024-12-07T03:49:44.332-0300] {processor.py:208} INFO - Processing /home/crisu/miniconda3/envs/lab13.1/lib/python3.9/site-packages/airflow/example_dags/tutorial_dag.py took 0.970 seconds
[2024-12-07T03:51:19.037-0300] {processor.py:186} INFO - Started process (PID=46988) to work on /home/crisu/miniconda3/envs/lab13.1/lib/python3.9/site-packages/airflow/example_dags/tutorial_dag.py
[2024-12-07T03:51:19.039-0300] {processor.py:914} INFO - Processing file /home/crisu/miniconda3/envs/lab13.1/lib/python3.9/site-packages/airflow/example_dags/tutorial_dag.py for tasks to queue
[2024-12-07T03:51:19.041-0300] {logging_mixin.py:190} INFO - [2024-12-07T03:51:19.041-0300] {dagbag.py:588} INFO - Filling up the DagBag from /home/crisu/miniconda3/envs/lab13.1/lib/python3.9/site-packages/airflow/example_dags/tutorial_dag.py
[2024-12-07T03:51:19.052-0300] {processor.py:925} INFO - DAG(s) 'tutorial_dag' retrieved from /home/crisu/miniconda3/envs/lab13.1/lib/python3.9/site-packages/airflow/example_dags/tutorial_dag.py
[2024-12-07T03:51:19.074-0300] {logging_mixin.py:190} INFO - [2024-12-07T03:51:19.074-0300] {dag.py:3239} INFO - Sync 1 DAGs
[2024-12-07T03:51:19.090-0300] {logging_mixin.py:190} INFO - [2024-12-07T03:51:19.089-0300] {dag.py:4180} INFO - Setting next_dagrun for tutorial_dag to None, run_after=None
[2024-12-07T03:51:19.160-0300] {processor.py:208} INFO - Processing /home/crisu/miniconda3/envs/lab13.1/lib/python3.9/site-packages/airflow/example_dags/tutorial_dag.py took 0.131 seconds
[2024-12-07T03:52:05.998-0300] {processor.py:186} INFO - Started process (PID=47049) to work on /home/crisu/miniconda3/envs/lab13.1/lib/python3.9/site-packages/airflow/example_dags/tutorial_dag.py
[2024-12-07T03:52:06.008-0300] {processor.py:914} INFO - Processing file /home/crisu/miniconda3/envs/lab13.1/lib/python3.9/site-packages/airflow/example_dags/tutorial_dag.py for tasks to queue
[2024-12-07T03:52:06.010-0300] {logging_mixin.py:190} INFO - [2024-12-07T03:52:06.010-0300] {dagbag.py:588} INFO - Filling up the DagBag from /home/crisu/miniconda3/envs/lab13.1/lib/python3.9/site-packages/airflow/example_dags/tutorial_dag.py
[2024-12-07T03:52:06.017-0300] {processor.py:925} INFO - DAG(s) 'tutorial_dag' retrieved from /home/crisu/miniconda3/envs/lab13.1/lib/python3.9/site-packages/airflow/example_dags/tutorial_dag.py
[2024-12-07T03:52:06.029-0300] {logging_mixin.py:190} INFO - [2024-12-07T03:52:06.029-0300] {dag.py:3239} INFO - Sync 1 DAGs
[2024-12-07T03:52:06.040-0300] {logging_mixin.py:190} INFO - [2024-12-07T03:52:06.040-0300] {dag.py:4180} INFO - Setting next_dagrun for tutorial_dag to None, run_after=None
[2024-12-07T03:52:06.108-0300] {processor.py:208} INFO - Processing /home/crisu/miniconda3/envs/lab13.1/lib/python3.9/site-packages/airflow/example_dags/tutorial_dag.py took 0.116 seconds
[2024-12-07T03:53:50.494-0300] {processor.py:186} INFO - Started process (PID=47264) to work on /home/crisu/miniconda3/envs/lab13.1/lib/python3.9/site-packages/airflow/example_dags/tutorial_dag.py
[2024-12-07T03:53:50.495-0300] {processor.py:914} INFO - Processing file /home/crisu/miniconda3/envs/lab13.1/lib/python3.9/site-packages/airflow/example_dags/tutorial_dag.py for tasks to queue
[2024-12-07T03:53:50.498-0300] {logging_mixin.py:190} INFO - [2024-12-07T03:53:50.497-0300] {dagbag.py:588} INFO - Filling up the DagBag from /home/crisu/miniconda3/envs/lab13.1/lib/python3.9/site-packages/airflow/example_dags/tutorial_dag.py
[2024-12-07T03:53:50.505-0300] {processor.py:925} INFO - DAG(s) 'tutorial_dag' retrieved from /home/crisu/miniconda3/envs/lab13.1/lib/python3.9/site-packages/airflow/example_dags/tutorial_dag.py
[2024-12-07T03:53:50.520-0300] {logging_mixin.py:190} INFO - [2024-12-07T03:53:50.520-0300] {dag.py:3239} INFO - Sync 1 DAGs
[2024-12-07T03:53:50.533-0300] {logging_mixin.py:190} INFO - [2024-12-07T03:53:50.533-0300] {dag.py:4180} INFO - Setting next_dagrun for tutorial_dag to None, run_after=None
[2024-12-07T03:53:51.476-0300] {processor.py:208} INFO - Processing /home/crisu/miniconda3/envs/lab13.1/lib/python3.9/site-packages/airflow/example_dags/tutorial_dag.py took 0.988 seconds
[2024-12-07T03:54:55.968-0300] {processor.py:186} INFO - Started process (PID=47376) to work on /home/crisu/miniconda3/envs/lab13.1/lib/python3.9/site-packages/airflow/example_dags/tutorial_dag.py
[2024-12-07T03:54:56.225-0300] {processor.py:914} INFO - Processing file /home/crisu/miniconda3/envs/lab13.1/lib/python3.9/site-packages/airflow/example_dags/tutorial_dag.py for tasks to queue
[2024-12-07T03:54:56.228-0300] {logging_mixin.py:190} INFO - [2024-12-07T03:54:56.228-0300] {dagbag.py:588} INFO - Filling up the DagBag from /home/crisu/miniconda3/envs/lab13.1/lib/python3.9/site-packages/airflow/example_dags/tutorial_dag.py
[2024-12-07T03:54:56.240-0300] {processor.py:925} INFO - DAG(s) 'tutorial_dag' retrieved from /home/crisu/miniconda3/envs/lab13.1/lib/python3.9/site-packages/airflow/example_dags/tutorial_dag.py
[2024-12-07T03:54:56.261-0300] {logging_mixin.py:190} INFO - [2024-12-07T03:54:56.261-0300] {dag.py:3239} INFO - Sync 1 DAGs
[2024-12-07T03:54:56.277-0300] {logging_mixin.py:190} INFO - [2024-12-07T03:54:56.277-0300] {dag.py:4180} INFO - Setting next_dagrun for tutorial_dag to None, run_after=None
[2024-12-07T03:54:56.757-0300] {processor.py:208} INFO - Processing /home/crisu/miniconda3/envs/lab13.1/lib/python3.9/site-packages/airflow/example_dags/tutorial_dag.py took 0.795 seconds
[2024-12-07T03:56:04.433-0300] {processor.py:186} INFO - Started process (PID=47538) to work on /home/crisu/miniconda3/envs/lab13.1/lib/python3.9/site-packages/airflow/example_dags/tutorial_dag.py
[2024-12-07T03:56:04.434-0300] {processor.py:914} INFO - Processing file /home/crisu/miniconda3/envs/lab13.1/lib/python3.9/site-packages/airflow/example_dags/tutorial_dag.py for tasks to queue
[2024-12-07T03:56:04.438-0300] {logging_mixin.py:190} INFO - [2024-12-07T03:56:04.437-0300] {dagbag.py:588} INFO - Filling up the DagBag from /home/crisu/miniconda3/envs/lab13.1/lib/python3.9/site-packages/airflow/example_dags/tutorial_dag.py
[2024-12-07T03:56:04.451-0300] {processor.py:925} INFO - DAG(s) 'tutorial_dag' retrieved from /home/crisu/miniconda3/envs/lab13.1/lib/python3.9/site-packages/airflow/example_dags/tutorial_dag.py
[2024-12-07T03:56:04.471-0300] {logging_mixin.py:190} INFO - [2024-12-07T03:56:04.471-0300] {dag.py:3239} INFO - Sync 1 DAGs
[2024-12-07T03:56:04.491-0300] {logging_mixin.py:190} INFO - [2024-12-07T03:56:04.491-0300] {dag.py:4180} INFO - Setting next_dagrun for tutorial_dag to None, run_after=None
[2024-12-07T03:56:04.769-0300] {processor.py:208} INFO - Processing /home/crisu/miniconda3/envs/lab13.1/lib/python3.9/site-packages/airflow/example_dags/tutorial_dag.py took 0.346 seconds
[2024-12-07T03:56:55.690-0300] {processor.py:186} INFO - Started process (PID=47638) to work on /home/crisu/miniconda3/envs/lab13.1/lib/python3.9/site-packages/airflow/example_dags/tutorial_dag.py
[2024-12-07T03:56:55.695-0300] {processor.py:914} INFO - Processing file /home/crisu/miniconda3/envs/lab13.1/lib/python3.9/site-packages/airflow/example_dags/tutorial_dag.py for tasks to queue
[2024-12-07T03:56:55.698-0300] {logging_mixin.py:190} INFO - [2024-12-07T03:56:55.697-0300] {dagbag.py:588} INFO - Filling up the DagBag from /home/crisu/miniconda3/envs/lab13.1/lib/python3.9/site-packages/airflow/example_dags/tutorial_dag.py
[2024-12-07T03:56:55.705-0300] {processor.py:925} INFO - DAG(s) 'tutorial_dag' retrieved from /home/crisu/miniconda3/envs/lab13.1/lib/python3.9/site-packages/airflow/example_dags/tutorial_dag.py
[2024-12-07T03:56:55.718-0300] {logging_mixin.py:190} INFO - [2024-12-07T03:56:55.718-0300] {dag.py:3239} INFO - Sync 1 DAGs
[2024-12-07T03:56:55.729-0300] {logging_mixin.py:190} INFO - [2024-12-07T03:56:55.729-0300] {dag.py:4180} INFO - Setting next_dagrun for tutorial_dag to None, run_after=None
[2024-12-07T03:56:55.787-0300] {processor.py:208} INFO - Processing /home/crisu/miniconda3/envs/lab13.1/lib/python3.9/site-packages/airflow/example_dags/tutorial_dag.py took 0.101 seconds
[2024-12-07T03:58:11.290-0300] {processor.py:186} INFO - Started process (PID=47750) to work on /home/crisu/miniconda3/envs/lab13.1/lib/python3.9/site-packages/airflow/example_dags/tutorial_dag.py
[2024-12-07T03:58:11.296-0300] {processor.py:914} INFO - Processing file /home/crisu/miniconda3/envs/lab13.1/lib/python3.9/site-packages/airflow/example_dags/tutorial_dag.py for tasks to queue
[2024-12-07T03:58:11.298-0300] {logging_mixin.py:190} INFO - [2024-12-07T03:58:11.297-0300] {dagbag.py:588} INFO - Filling up the DagBag from /home/crisu/miniconda3/envs/lab13.1/lib/python3.9/site-packages/airflow/example_dags/tutorial_dag.py
[2024-12-07T03:58:11.305-0300] {processor.py:925} INFO - DAG(s) 'tutorial_dag' retrieved from /home/crisu/miniconda3/envs/lab13.1/lib/python3.9/site-packages/airflow/example_dags/tutorial_dag.py
[2024-12-07T03:58:11.317-0300] {logging_mixin.py:190} INFO - [2024-12-07T03:58:11.317-0300] {dag.py:3239} INFO - Sync 1 DAGs
[2024-12-07T03:58:11.329-0300] {logging_mixin.py:190} INFO - [2024-12-07T03:58:11.329-0300] {dag.py:4180} INFO - Setting next_dagrun for tutorial_dag to None, run_after=None
[2024-12-07T03:58:11.391-0300] {processor.py:208} INFO - Processing /home/crisu/miniconda3/envs/lab13.1/lib/python3.9/site-packages/airflow/example_dags/tutorial_dag.py took 0.106 seconds
[2024-12-07T04:00:08.968-0300] {processor.py:186} INFO - Started process (PID=48033) to work on /home/crisu/miniconda3/envs/lab13.1/lib/python3.9/site-packages/airflow/example_dags/tutorial_dag.py
[2024-12-07T04:00:08.977-0300] {processor.py:914} INFO - Processing file /home/crisu/miniconda3/envs/lab13.1/lib/python3.9/site-packages/airflow/example_dags/tutorial_dag.py for tasks to queue
[2024-12-07T04:00:08.979-0300] {logging_mixin.py:190} INFO - [2024-12-07T04:00:08.978-0300] {dagbag.py:588} INFO - Filling up the DagBag from /home/crisu/miniconda3/envs/lab13.1/lib/python3.9/site-packages/airflow/example_dags/tutorial_dag.py
[2024-12-07T04:00:08.985-0300] {processor.py:925} INFO - DAG(s) 'tutorial_dag' retrieved from /home/crisu/miniconda3/envs/lab13.1/lib/python3.9/site-packages/airflow/example_dags/tutorial_dag.py
[2024-12-07T04:00:08.998-0300] {logging_mixin.py:190} INFO - [2024-12-07T04:00:08.998-0300] {dag.py:3239} INFO - Sync 1 DAGs
[2024-12-07T04:00:09.010-0300] {logging_mixin.py:190} INFO - [2024-12-07T04:00:09.010-0300] {dag.py:4180} INFO - Setting next_dagrun for tutorial_dag to None, run_after=None
[2024-12-07T04:00:09.073-0300] {processor.py:208} INFO - Processing /home/crisu/miniconda3/envs/lab13.1/lib/python3.9/site-packages/airflow/example_dags/tutorial_dag.py took 0.110 seconds
[2024-12-07T04:01:23.013-0300] {processor.py:186} INFO - Started process (PID=48174) to work on /home/crisu/miniconda3/envs/lab13.1/lib/python3.9/site-packages/airflow/example_dags/tutorial_dag.py
[2024-12-07T04:01:23.025-0300] {processor.py:914} INFO - Processing file /home/crisu/miniconda3/envs/lab13.1/lib/python3.9/site-packages/airflow/example_dags/tutorial_dag.py for tasks to queue
[2024-12-07T04:01:23.027-0300] {logging_mixin.py:190} INFO - [2024-12-07T04:01:23.027-0300] {dagbag.py:588} INFO - Filling up the DagBag from /home/crisu/miniconda3/envs/lab13.1/lib/python3.9/site-packages/airflow/example_dags/tutorial_dag.py
[2024-12-07T04:01:23.035-0300] {processor.py:925} INFO - DAG(s) 'tutorial_dag' retrieved from /home/crisu/miniconda3/envs/lab13.1/lib/python3.9/site-packages/airflow/example_dags/tutorial_dag.py
[2024-12-07T04:01:23.048-0300] {logging_mixin.py:190} INFO - [2024-12-07T04:01:23.047-0300] {dag.py:3239} INFO - Sync 1 DAGs
[2024-12-07T04:01:23.058-0300] {logging_mixin.py:190} INFO - [2024-12-07T04:01:23.058-0300] {dag.py:4180} INFO - Setting next_dagrun for tutorial_dag to None, run_after=None
[2024-12-07T04:01:23.117-0300] {processor.py:208} INFO - Processing /home/crisu/miniconda3/envs/lab13.1/lib/python3.9/site-packages/airflow/example_dags/tutorial_dag.py took 0.110 seconds
[2024-12-07T04:06:57.442-0300] {processor.py:186} INFO - Started process (PID=49101) to work on /home/crisu/miniconda3/envs/lab13.1/lib/python3.9/site-packages/airflow/example_dags/tutorial_dag.py
[2024-12-07T04:06:57.476-0300] {processor.py:914} INFO - Processing file /home/crisu/miniconda3/envs/lab13.1/lib/python3.9/site-packages/airflow/example_dags/tutorial_dag.py for tasks to queue
[2024-12-07T04:06:57.478-0300] {logging_mixin.py:190} INFO - [2024-12-07T04:06:57.477-0300] {dagbag.py:588} INFO - Filling up the DagBag from /home/crisu/miniconda3/envs/lab13.1/lib/python3.9/site-packages/airflow/example_dags/tutorial_dag.py
[2024-12-07T04:06:57.487-0300] {processor.py:925} INFO - DAG(s) 'tutorial_dag' retrieved from /home/crisu/miniconda3/envs/lab13.1/lib/python3.9/site-packages/airflow/example_dags/tutorial_dag.py
[2024-12-07T04:06:57.505-0300] {logging_mixin.py:190} INFO - [2024-12-07T04:06:57.505-0300] {dag.py:3239} INFO - Sync 1 DAGs
[2024-12-07T04:06:57.516-0300] {logging_mixin.py:190} INFO - [2024-12-07T04:06:57.516-0300] {dag.py:4180} INFO - Setting next_dagrun for tutorial_dag to None, run_after=None
[2024-12-07T04:06:58.174-0300] {processor.py:208} INFO - Processing /home/crisu/miniconda3/envs/lab13.1/lib/python3.9/site-packages/airflow/example_dags/tutorial_dag.py took 0.738 seconds
[2024-12-07T04:08:30.295-0300] {processor.py:186} INFO - Started process (PID=49341) to work on /home/crisu/miniconda3/envs/lab13.1/lib/python3.9/site-packages/airflow/example_dags/tutorial_dag.py
[2024-12-07T04:08:30.345-0300] {processor.py:914} INFO - Processing file /home/crisu/miniconda3/envs/lab13.1/lib/python3.9/site-packages/airflow/example_dags/tutorial_dag.py for tasks to queue
[2024-12-07T04:08:30.347-0300] {logging_mixin.py:190} INFO - [2024-12-07T04:08:30.347-0300] {dagbag.py:588} INFO - Filling up the DagBag from /home/crisu/miniconda3/envs/lab13.1/lib/python3.9/site-packages/airflow/example_dags/tutorial_dag.py
[2024-12-07T04:08:30.352-0300] {processor.py:925} INFO - DAG(s) 'tutorial_dag' retrieved from /home/crisu/miniconda3/envs/lab13.1/lib/python3.9/site-packages/airflow/example_dags/tutorial_dag.py
[2024-12-07T04:08:30.366-0300] {logging_mixin.py:190} INFO - [2024-12-07T04:08:30.365-0300] {dag.py:3239} INFO - Sync 1 DAGs
[2024-12-07T04:08:30.376-0300] {logging_mixin.py:190} INFO - [2024-12-07T04:08:30.376-0300] {dag.py:4180} INFO - Setting next_dagrun for tutorial_dag to None, run_after=None
[2024-12-07T04:08:31.327-0300] {processor.py:208} INFO - Processing /home/crisu/miniconda3/envs/lab13.1/lib/python3.9/site-packages/airflow/example_dags/tutorial_dag.py took 1.037 seconds
[2024-12-07T04:09:37.542-0300] {processor.py:186} INFO - Started process (PID=49445) to work on /home/crisu/miniconda3/envs/lab13.1/lib/python3.9/site-packages/airflow/example_dags/tutorial_dag.py
[2024-12-07T04:09:37.554-0300] {processor.py:914} INFO - Processing file /home/crisu/miniconda3/envs/lab13.1/lib/python3.9/site-packages/airflow/example_dags/tutorial_dag.py for tasks to queue
[2024-12-07T04:09:37.555-0300] {logging_mixin.py:190} INFO - [2024-12-07T04:09:37.555-0300] {dagbag.py:588} INFO - Filling up the DagBag from /home/crisu/miniconda3/envs/lab13.1/lib/python3.9/site-packages/airflow/example_dags/tutorial_dag.py
[2024-12-07T04:09:37.559-0300] {processor.py:925} INFO - DAG(s) 'tutorial_dag' retrieved from /home/crisu/miniconda3/envs/lab13.1/lib/python3.9/site-packages/airflow/example_dags/tutorial_dag.py
[2024-12-07T04:09:37.573-0300] {logging_mixin.py:190} INFO - [2024-12-07T04:09:37.573-0300] {dag.py:3239} INFO - Sync 1 DAGs
[2024-12-07T04:09:37.583-0300] {logging_mixin.py:190} INFO - [2024-12-07T04:09:37.583-0300] {dag.py:4180} INFO - Setting next_dagrun for tutorial_dag to None, run_after=None
[2024-12-07T04:09:37.651-0300] {processor.py:208} INFO - Processing /home/crisu/miniconda3/envs/lab13.1/lib/python3.9/site-packages/airflow/example_dags/tutorial_dag.py took 0.115 seconds
[2024-12-07T04:10:34.201-0300] {processor.py:186} INFO - Started process (PID=49516) to work on /home/crisu/miniconda3/envs/lab13.1/lib/python3.9/site-packages/airflow/example_dags/tutorial_dag.py
[2024-12-07T04:10:34.222-0300] {processor.py:914} INFO - Processing file /home/crisu/miniconda3/envs/lab13.1/lib/python3.9/site-packages/airflow/example_dags/tutorial_dag.py for tasks to queue
[2024-12-07T04:10:34.223-0300] {logging_mixin.py:190} INFO - [2024-12-07T04:10:34.223-0300] {dagbag.py:588} INFO - Filling up the DagBag from /home/crisu/miniconda3/envs/lab13.1/lib/python3.9/site-packages/airflow/example_dags/tutorial_dag.py
[2024-12-07T04:10:34.227-0300] {processor.py:925} INFO - DAG(s) 'tutorial_dag' retrieved from /home/crisu/miniconda3/envs/lab13.1/lib/python3.9/site-packages/airflow/example_dags/tutorial_dag.py
[2024-12-07T04:10:34.240-0300] {logging_mixin.py:190} INFO - [2024-12-07T04:10:34.240-0300] {dag.py:3239} INFO - Sync 1 DAGs
[2024-12-07T04:10:34.251-0300] {logging_mixin.py:190} INFO - [2024-12-07T04:10:34.250-0300] {dag.py:4180} INFO - Setting next_dagrun for tutorial_dag to None, run_after=None
[2024-12-07T04:10:35.361-0300] {processor.py:208} INFO - Processing /home/crisu/miniconda3/envs/lab13.1/lib/python3.9/site-packages/airflow/example_dags/tutorial_dag.py took 1.165 seconds
[2024-12-07T04:11:39.978-0300] {processor.py:186} INFO - Started process (PID=49617) to work on /home/crisu/miniconda3/envs/lab13.1/lib/python3.9/site-packages/airflow/example_dags/tutorial_dag.py
[2024-12-07T04:11:39.984-0300] {processor.py:914} INFO - Processing file /home/crisu/miniconda3/envs/lab13.1/lib/python3.9/site-packages/airflow/example_dags/tutorial_dag.py for tasks to queue
[2024-12-07T04:11:39.987-0300] {logging_mixin.py:190} INFO - [2024-12-07T04:11:39.986-0300] {dagbag.py:588} INFO - Filling up the DagBag from /home/crisu/miniconda3/envs/lab13.1/lib/python3.9/site-packages/airflow/example_dags/tutorial_dag.py
[2024-12-07T04:11:39.994-0300] {processor.py:925} INFO - DAG(s) 'tutorial_dag' retrieved from /home/crisu/miniconda3/envs/lab13.1/lib/python3.9/site-packages/airflow/example_dags/tutorial_dag.py
[2024-12-07T04:11:40.017-0300] {logging_mixin.py:190} INFO - [2024-12-07T04:11:40.017-0300] {dag.py:3239} INFO - Sync 1 DAGs
[2024-12-07T04:11:40.036-0300] {logging_mixin.py:190} INFO - [2024-12-07T04:11:40.035-0300] {dag.py:4180} INFO - Setting next_dagrun for tutorial_dag to None, run_after=None
[2024-12-07T04:11:40.098-0300] {processor.py:208} INFO - Processing /home/crisu/miniconda3/envs/lab13.1/lib/python3.9/site-packages/airflow/example_dags/tutorial_dag.py took 0.130 seconds
[2024-12-07T04:12:31.704-0300] {processor.py:186} INFO - Started process (PID=49705) to work on /home/crisu/miniconda3/envs/lab13.1/lib/python3.9/site-packages/airflow/example_dags/tutorial_dag.py
[2024-12-07T04:12:31.709-0300] {processor.py:914} INFO - Processing file /home/crisu/miniconda3/envs/lab13.1/lib/python3.9/site-packages/airflow/example_dags/tutorial_dag.py for tasks to queue
[2024-12-07T04:12:31.711-0300] {logging_mixin.py:190} INFO - [2024-12-07T04:12:31.710-0300] {dagbag.py:588} INFO - Filling up the DagBag from /home/crisu/miniconda3/envs/lab13.1/lib/python3.9/site-packages/airflow/example_dags/tutorial_dag.py
[2024-12-07T04:12:31.716-0300] {processor.py:925} INFO - DAG(s) 'tutorial_dag' retrieved from /home/crisu/miniconda3/envs/lab13.1/lib/python3.9/site-packages/airflow/example_dags/tutorial_dag.py
[2024-12-07T04:12:31.731-0300] {logging_mixin.py:190} INFO - [2024-12-07T04:12:31.731-0300] {dag.py:3239} INFO - Sync 1 DAGs
[2024-12-07T04:12:31.742-0300] {logging_mixin.py:190} INFO - [2024-12-07T04:12:31.742-0300] {dag.py:4180} INFO - Setting next_dagrun for tutorial_dag to None, run_after=None
[2024-12-07T04:12:31.801-0300] {processor.py:208} INFO - Processing /home/crisu/miniconda3/envs/lab13.1/lib/python3.9/site-packages/airflow/example_dags/tutorial_dag.py took 0.103 seconds
[2024-12-07T04:13:47.202-0300] {processor.py:186} INFO - Started process (PID=49855) to work on /home/crisu/miniconda3/envs/lab13.1/lib/python3.9/site-packages/airflow/example_dags/tutorial_dag.py
[2024-12-07T04:13:47.220-0300] {processor.py:914} INFO - Processing file /home/crisu/miniconda3/envs/lab13.1/lib/python3.9/site-packages/airflow/example_dags/tutorial_dag.py for tasks to queue
[2024-12-07T04:13:47.221-0300] {logging_mixin.py:190} INFO - [2024-12-07T04:13:47.220-0300] {dagbag.py:588} INFO - Filling up the DagBag from /home/crisu/miniconda3/envs/lab13.1/lib/python3.9/site-packages/airflow/example_dags/tutorial_dag.py
[2024-12-07T04:13:47.225-0300] {processor.py:925} INFO - DAG(s) 'tutorial_dag' retrieved from /home/crisu/miniconda3/envs/lab13.1/lib/python3.9/site-packages/airflow/example_dags/tutorial_dag.py
[2024-12-07T04:13:47.240-0300] {logging_mixin.py:190} INFO - [2024-12-07T04:13:47.240-0300] {dag.py:3239} INFO - Sync 1 DAGs
[2024-12-07T04:13:47.250-0300] {logging_mixin.py:190} INFO - [2024-12-07T04:13:47.250-0300] {dag.py:4180} INFO - Setting next_dagrun for tutorial_dag to None, run_after=None
[2024-12-07T04:13:47.316-0300] {processor.py:208} INFO - Processing /home/crisu/miniconda3/envs/lab13.1/lib/python3.9/site-packages/airflow/example_dags/tutorial_dag.py took 0.120 seconds
[2024-12-07T04:15:05.128-0300] {processor.py:186} INFO - Started process (PID=49990) to work on /home/crisu/miniconda3/envs/lab13.1/lib/python3.9/site-packages/airflow/example_dags/tutorial_dag.py
[2024-12-07T04:15:05.138-0300] {processor.py:914} INFO - Processing file /home/crisu/miniconda3/envs/lab13.1/lib/python3.9/site-packages/airflow/example_dags/tutorial_dag.py for tasks to queue
[2024-12-07T04:15:05.141-0300] {logging_mixin.py:190} INFO - [2024-12-07T04:15:05.140-0300] {dagbag.py:588} INFO - Filling up the DagBag from /home/crisu/miniconda3/envs/lab13.1/lib/python3.9/site-packages/airflow/example_dags/tutorial_dag.py
[2024-12-07T04:15:05.150-0300] {processor.py:925} INFO - DAG(s) 'tutorial_dag' retrieved from /home/crisu/miniconda3/envs/lab13.1/lib/python3.9/site-packages/airflow/example_dags/tutorial_dag.py
[2024-12-07T04:15:05.170-0300] {logging_mixin.py:190} INFO - [2024-12-07T04:15:05.169-0300] {dag.py:3239} INFO - Sync 1 DAGs
[2024-12-07T04:15:05.181-0300] {logging_mixin.py:190} INFO - [2024-12-07T04:15:05.181-0300] {dag.py:4180} INFO - Setting next_dagrun for tutorial_dag to None, run_after=None
[2024-12-07T04:15:05.237-0300] {processor.py:208} INFO - Processing /home/crisu/miniconda3/envs/lab13.1/lib/python3.9/site-packages/airflow/example_dags/tutorial_dag.py took 0.118 seconds
