[2024-12-07T01:45:33.426-0300] {processor.py:186} INFO - Started process (PID=33171) to work on /home/crisu/miniconda3/envs/lab13.1/lib/python3.9/site-packages/airflow/example_dags/subdags/subdag.py
[2024-12-07T01:45:33.427-0300] {processor.py:914} INFO - Processing file /home/crisu/miniconda3/envs/lab13.1/lib/python3.9/site-packages/airflow/example_dags/subdags/subdag.py for tasks to queue
[2024-12-07T01:45:33.429-0300] {logging_mixin.py:190} INFO - [2024-12-07T01:45:33.428-0300] {dagbag.py:588} INFO - Filling up the DagBag from /home/crisu/miniconda3/envs/lab13.1/lib/python3.9/site-packages/airflow/example_dags/subdags/subdag.py
[2024-12-07T01:45:33.430-0300] {processor.py:927} WARNING - No viable dags retrieved from /home/crisu/miniconda3/envs/lab13.1/lib/python3.9/site-packages/airflow/example_dags/subdags/subdag.py
[2024-12-07T01:45:33.848-0300] {processor.py:208} INFO - Processing /home/crisu/miniconda3/envs/lab13.1/lib/python3.9/site-packages/airflow/example_dags/subdags/subdag.py took 0.427 seconds
[2024-12-07T01:47:50.389-0300] {processor.py:186} INFO - Started process (PID=33423) to work on /home/crisu/miniconda3/envs/lab13.1/lib/python3.9/site-packages/airflow/example_dags/subdags/subdag.py
[2024-12-07T01:47:50.400-0300] {processor.py:914} INFO - Processing file /home/crisu/miniconda3/envs/lab13.1/lib/python3.9/site-packages/airflow/example_dags/subdags/subdag.py for tasks to queue
[2024-12-07T01:47:50.402-0300] {logging_mixin.py:190} INFO - [2024-12-07T01:47:50.402-0300] {dagbag.py:588} INFO - Filling up the DagBag from /home/crisu/miniconda3/envs/lab13.1/lib/python3.9/site-packages/airflow/example_dags/subdags/subdag.py
[2024-12-07T01:47:50.404-0300] {processor.py:927} WARNING - No viable dags retrieved from /home/crisu/miniconda3/envs/lab13.1/lib/python3.9/site-packages/airflow/example_dags/subdags/subdag.py
[2024-12-07T01:47:50.413-0300] {processor.py:208} INFO - Processing /home/crisu/miniconda3/envs/lab13.1/lib/python3.9/site-packages/airflow/example_dags/subdags/subdag.py took 0.030 seconds
[2024-12-07T01:49:31.718-0300] {processor.py:186} INFO - Started process (PID=33671) to work on /home/crisu/miniconda3/envs/lab13.1/lib/python3.9/site-packages/airflow/example_dags/subdags/subdag.py
[2024-12-07T01:49:31.733-0300] {processor.py:914} INFO - Processing file /home/crisu/miniconda3/envs/lab13.1/lib/python3.9/site-packages/airflow/example_dags/subdags/subdag.py for tasks to queue
[2024-12-07T01:49:31.735-0300] {logging_mixin.py:190} INFO - [2024-12-07T01:49:31.735-0300] {dagbag.py:588} INFO - Filling up the DagBag from /home/crisu/miniconda3/envs/lab13.1/lib/python3.9/site-packages/airflow/example_dags/subdags/subdag.py
[2024-12-07T01:49:31.743-0300] {processor.py:927} WARNING - No viable dags retrieved from /home/crisu/miniconda3/envs/lab13.1/lib/python3.9/site-packages/airflow/example_dags/subdags/subdag.py
[2024-12-07T01:49:31.769-0300] {processor.py:208} INFO - Processing /home/crisu/miniconda3/envs/lab13.1/lib/python3.9/site-packages/airflow/example_dags/subdags/subdag.py took 0.057 seconds
[2024-12-07T01:50:27.280-0300] {processor.py:186} INFO - Started process (PID=33760) to work on /home/crisu/miniconda3/envs/lab13.1/lib/python3.9/site-packages/airflow/example_dags/subdags/subdag.py
[2024-12-07T01:50:27.291-0300] {processor.py:914} INFO - Processing file /home/crisu/miniconda3/envs/lab13.1/lib/python3.9/site-packages/airflow/example_dags/subdags/subdag.py for tasks to queue
[2024-12-07T01:50:27.293-0300] {logging_mixin.py:190} INFO - [2024-12-07T01:50:27.293-0300] {dagbag.py:588} INFO - Filling up the DagBag from /home/crisu/miniconda3/envs/lab13.1/lib/python3.9/site-packages/airflow/example_dags/subdags/subdag.py
[2024-12-07T01:50:27.296-0300] {processor.py:927} WARNING - No viable dags retrieved from /home/crisu/miniconda3/envs/lab13.1/lib/python3.9/site-packages/airflow/example_dags/subdags/subdag.py
[2024-12-07T01:50:27.304-0300] {processor.py:208} INFO - Processing /home/crisu/miniconda3/envs/lab13.1/lib/python3.9/site-packages/airflow/example_dags/subdags/subdag.py took 0.029 seconds
[2024-12-07T01:50:47.522-0300] {processor.py:186} INFO - Started process (PID=33819) to work on /home/crisu/miniconda3/envs/lab13.1/lib/python3.9/site-packages/airflow/example_dags/subdags/subdag.py
[2024-12-07T01:50:47.528-0300] {processor.py:914} INFO - Processing file /home/crisu/miniconda3/envs/lab13.1/lib/python3.9/site-packages/airflow/example_dags/subdags/subdag.py for tasks to queue
[2024-12-07T01:50:47.530-0300] {logging_mixin.py:190} INFO - [2024-12-07T01:50:47.530-0300] {dagbag.py:588} INFO - Filling up the DagBag from /home/crisu/miniconda3/envs/lab13.1/lib/python3.9/site-packages/airflow/example_dags/subdags/subdag.py
[2024-12-07T01:50:47.532-0300] {processor.py:927} WARNING - No viable dags retrieved from /home/crisu/miniconda3/envs/lab13.1/lib/python3.9/site-packages/airflow/example_dags/subdags/subdag.py
[2024-12-07T01:50:47.541-0300] {processor.py:208} INFO - Processing /home/crisu/miniconda3/envs/lab13.1/lib/python3.9/site-packages/airflow/example_dags/subdags/subdag.py took 0.025 seconds
[2024-12-07T02:07:22.534-0300] {processor.py:186} INFO - Started process (PID=35244) to work on /home/crisu/miniconda3/envs/lab13.1/lib/python3.9/site-packages/airflow/example_dags/subdags/subdag.py
[2024-12-07T02:07:22.553-0300] {processor.py:914} INFO - Processing file /home/crisu/miniconda3/envs/lab13.1/lib/python3.9/site-packages/airflow/example_dags/subdags/subdag.py for tasks to queue
[2024-12-07T02:07:22.554-0300] {logging_mixin.py:190} INFO - [2024-12-07T02:07:22.554-0300] {dagbag.py:588} INFO - Filling up the DagBag from /home/crisu/miniconda3/envs/lab13.1/lib/python3.9/site-packages/airflow/example_dags/subdags/subdag.py
[2024-12-07T02:07:22.556-0300] {processor.py:927} WARNING - No viable dags retrieved from /home/crisu/miniconda3/envs/lab13.1/lib/python3.9/site-packages/airflow/example_dags/subdags/subdag.py
[2024-12-07T02:07:22.565-0300] {processor.py:208} INFO - Processing /home/crisu/miniconda3/envs/lab13.1/lib/python3.9/site-packages/airflow/example_dags/subdags/subdag.py took 0.037 seconds
[2024-12-07T02:10:41.912-0300] {processor.py:186} INFO - Started process (PID=35805) to work on /home/crisu/miniconda3/envs/lab13.1/lib/python3.9/site-packages/airflow/example_dags/subdags/subdag.py
[2024-12-07T02:10:41.931-0300] {processor.py:914} INFO - Processing file /home/crisu/miniconda3/envs/lab13.1/lib/python3.9/site-packages/airflow/example_dags/subdags/subdag.py for tasks to queue
[2024-12-07T02:10:41.933-0300] {logging_mixin.py:190} INFO - [2024-12-07T02:10:41.933-0300] {dagbag.py:588} INFO - Filling up the DagBag from /home/crisu/miniconda3/envs/lab13.1/lib/python3.9/site-packages/airflow/example_dags/subdags/subdag.py
[2024-12-07T02:10:41.935-0300] {processor.py:927} WARNING - No viable dags retrieved from /home/crisu/miniconda3/envs/lab13.1/lib/python3.9/site-packages/airflow/example_dags/subdags/subdag.py
[2024-12-07T02:10:41.943-0300] {processor.py:208} INFO - Processing /home/crisu/miniconda3/envs/lab13.1/lib/python3.9/site-packages/airflow/example_dags/subdags/subdag.py took 0.039 seconds
[2024-12-07T02:12:20.041-0300] {processor.py:186} INFO - Started process (PID=35980) to work on /home/crisu/miniconda3/envs/lab13.1/lib/python3.9/site-packages/airflow/example_dags/subdags/subdag.py
[2024-12-07T02:12:20.067-0300] {processor.py:914} INFO - Processing file /home/crisu/miniconda3/envs/lab13.1/lib/python3.9/site-packages/airflow/example_dags/subdags/subdag.py for tasks to queue
[2024-12-07T02:12:20.069-0300] {logging_mixin.py:190} INFO - [2024-12-07T02:12:20.068-0300] {dagbag.py:588} INFO - Filling up the DagBag from /home/crisu/miniconda3/envs/lab13.1/lib/python3.9/site-packages/airflow/example_dags/subdags/subdag.py
[2024-12-07T02:12:20.071-0300] {processor.py:927} WARNING - No viable dags retrieved from /home/crisu/miniconda3/envs/lab13.1/lib/python3.9/site-packages/airflow/example_dags/subdags/subdag.py
[2024-12-07T02:12:20.080-0300] {processor.py:208} INFO - Processing /home/crisu/miniconda3/envs/lab13.1/lib/python3.9/site-packages/airflow/example_dags/subdags/subdag.py took 0.047 seconds
[2024-12-07T02:13:05.148-0300] {processor.py:186} INFO - Started process (PID=36089) to work on /home/crisu/miniconda3/envs/lab13.1/lib/python3.9/site-packages/airflow/example_dags/subdags/subdag.py
[2024-12-07T02:13:05.345-0300] {processor.py:914} INFO - Processing file /home/crisu/miniconda3/envs/lab13.1/lib/python3.9/site-packages/airflow/example_dags/subdags/subdag.py for tasks to queue
[2024-12-07T02:13:05.347-0300] {logging_mixin.py:190} INFO - [2024-12-07T02:13:05.347-0300] {dagbag.py:588} INFO - Filling up the DagBag from /home/crisu/miniconda3/envs/lab13.1/lib/python3.9/site-packages/airflow/example_dags/subdags/subdag.py
[2024-12-07T02:13:05.349-0300] {processor.py:927} WARNING - No viable dags retrieved from /home/crisu/miniconda3/envs/lab13.1/lib/python3.9/site-packages/airflow/example_dags/subdags/subdag.py
[2024-12-07T02:13:05.358-0300] {processor.py:208} INFO - Processing /home/crisu/miniconda3/envs/lab13.1/lib/python3.9/site-packages/airflow/example_dags/subdags/subdag.py took 0.218 seconds
[2024-12-07T02:14:34.909-0300] {processor.py:186} INFO - Started process (PID=36283) to work on /home/crisu/miniconda3/envs/lab13.1/lib/python3.9/site-packages/airflow/example_dags/subdags/subdag.py
[2024-12-07T02:14:34.947-0300] {processor.py:914} INFO - Processing file /home/crisu/miniconda3/envs/lab13.1/lib/python3.9/site-packages/airflow/example_dags/subdags/subdag.py for tasks to queue
[2024-12-07T02:14:34.949-0300] {logging_mixin.py:190} INFO - [2024-12-07T02:14:34.949-0300] {dagbag.py:588} INFO - Filling up the DagBag from /home/crisu/miniconda3/envs/lab13.1/lib/python3.9/site-packages/airflow/example_dags/subdags/subdag.py
[2024-12-07T02:14:34.951-0300] {processor.py:927} WARNING - No viable dags retrieved from /home/crisu/miniconda3/envs/lab13.1/lib/python3.9/site-packages/airflow/example_dags/subdags/subdag.py
[2024-12-07T02:14:34.960-0300] {processor.py:208} INFO - Processing /home/crisu/miniconda3/envs/lab13.1/lib/python3.9/site-packages/airflow/example_dags/subdags/subdag.py took 0.059 seconds
[2024-12-07T02:15:53.805-0300] {processor.py:186} INFO - Started process (PID=36429) to work on /home/crisu/miniconda3/envs/lab13.1/lib/python3.9/site-packages/airflow/example_dags/subdags/subdag.py
[2024-12-07T02:15:53.810-0300] {processor.py:914} INFO - Processing file /home/crisu/miniconda3/envs/lab13.1/lib/python3.9/site-packages/airflow/example_dags/subdags/subdag.py for tasks to queue
[2024-12-07T02:15:53.812-0300] {logging_mixin.py:190} INFO - [2024-12-07T02:15:53.812-0300] {dagbag.py:588} INFO - Filling up the DagBag from /home/crisu/miniconda3/envs/lab13.1/lib/python3.9/site-packages/airflow/example_dags/subdags/subdag.py
[2024-12-07T02:15:53.814-0300] {processor.py:927} WARNING - No viable dags retrieved from /home/crisu/miniconda3/envs/lab13.1/lib/python3.9/site-packages/airflow/example_dags/subdags/subdag.py
[2024-12-07T02:15:53.823-0300] {processor.py:208} INFO - Processing /home/crisu/miniconda3/envs/lab13.1/lib/python3.9/site-packages/airflow/example_dags/subdags/subdag.py took 0.025 seconds
[2024-12-07T02:16:44.999-0300] {processor.py:186} INFO - Started process (PID=36499) to work on /home/crisu/miniconda3/envs/lab13.1/lib/python3.9/site-packages/airflow/example_dags/subdags/subdag.py
[2024-12-07T02:16:45.016-0300] {processor.py:914} INFO - Processing file /home/crisu/miniconda3/envs/lab13.1/lib/python3.9/site-packages/airflow/example_dags/subdags/subdag.py for tasks to queue
[2024-12-07T02:16:45.019-0300] {logging_mixin.py:190} INFO - [2024-12-07T02:16:45.018-0300] {dagbag.py:588} INFO - Filling up the DagBag from /home/crisu/miniconda3/envs/lab13.1/lib/python3.9/site-packages/airflow/example_dags/subdags/subdag.py
[2024-12-07T02:16:45.021-0300] {processor.py:927} WARNING - No viable dags retrieved from /home/crisu/miniconda3/envs/lab13.1/lib/python3.9/site-packages/airflow/example_dags/subdags/subdag.py
[2024-12-07T02:16:45.029-0300] {processor.py:208} INFO - Processing /home/crisu/miniconda3/envs/lab13.1/lib/python3.9/site-packages/airflow/example_dags/subdags/subdag.py took 0.037 seconds
[2024-12-07T02:17:30.068-0300] {processor.py:186} INFO - Started process (PID=36575) to work on /home/crisu/miniconda3/envs/lab13.1/lib/python3.9/site-packages/airflow/example_dags/subdags/subdag.py
[2024-12-07T02:17:30.160-0300] {processor.py:914} INFO - Processing file /home/crisu/miniconda3/envs/lab13.1/lib/python3.9/site-packages/airflow/example_dags/subdags/subdag.py for tasks to queue
[2024-12-07T02:17:30.162-0300] {logging_mixin.py:190} INFO - [2024-12-07T02:17:30.162-0300] {dagbag.py:588} INFO - Filling up the DagBag from /home/crisu/miniconda3/envs/lab13.1/lib/python3.9/site-packages/airflow/example_dags/subdags/subdag.py
[2024-12-07T02:17:30.166-0300] {processor.py:927} WARNING - No viable dags retrieved from /home/crisu/miniconda3/envs/lab13.1/lib/python3.9/site-packages/airflow/example_dags/subdags/subdag.py
[2024-12-07T02:17:30.178-0300] {processor.py:208} INFO - Processing /home/crisu/miniconda3/envs/lab13.1/lib/python3.9/site-packages/airflow/example_dags/subdags/subdag.py took 0.117 seconds
[2024-12-07T02:18:14.700-0300] {processor.py:186} INFO - Started process (PID=36647) to work on /home/crisu/miniconda3/envs/lab13.1/lib/python3.9/site-packages/airflow/example_dags/subdags/subdag.py
[2024-12-07T02:18:14.764-0300] {processor.py:914} INFO - Processing file /home/crisu/miniconda3/envs/lab13.1/lib/python3.9/site-packages/airflow/example_dags/subdags/subdag.py for tasks to queue
[2024-12-07T02:18:14.766-0300] {logging_mixin.py:190} INFO - [2024-12-07T02:18:14.766-0300] {dagbag.py:588} INFO - Filling up the DagBag from /home/crisu/miniconda3/envs/lab13.1/lib/python3.9/site-packages/airflow/example_dags/subdags/subdag.py
[2024-12-07T02:18:14.768-0300] {processor.py:927} WARNING - No viable dags retrieved from /home/crisu/miniconda3/envs/lab13.1/lib/python3.9/site-packages/airflow/example_dags/subdags/subdag.py
[2024-12-07T02:18:14.777-0300] {processor.py:208} INFO - Processing /home/crisu/miniconda3/envs/lab13.1/lib/python3.9/site-packages/airflow/example_dags/subdags/subdag.py took 0.085 seconds
[2024-12-07T02:30:32.621-0300] {processor.py:186} INFO - Started process (PID=37813) to work on /home/crisu/miniconda3/envs/lab13.1/lib/python3.9/site-packages/airflow/example_dags/subdags/subdag.py
[2024-12-07T02:30:32.657-0300] {processor.py:914} INFO - Processing file /home/crisu/miniconda3/envs/lab13.1/lib/python3.9/site-packages/airflow/example_dags/subdags/subdag.py for tasks to queue
[2024-12-07T02:30:32.659-0300] {logging_mixin.py:190} INFO - [2024-12-07T02:30:32.659-0300] {dagbag.py:588} INFO - Filling up the DagBag from /home/crisu/miniconda3/envs/lab13.1/lib/python3.9/site-packages/airflow/example_dags/subdags/subdag.py
[2024-12-07T02:30:32.661-0300] {processor.py:927} WARNING - No viable dags retrieved from /home/crisu/miniconda3/envs/lab13.1/lib/python3.9/site-packages/airflow/example_dags/subdags/subdag.py
[2024-12-07T02:30:32.670-0300] {processor.py:208} INFO - Processing /home/crisu/miniconda3/envs/lab13.1/lib/python3.9/site-packages/airflow/example_dags/subdags/subdag.py took 0.055 seconds
[2024-12-07T02:33:12.266-0300] {processor.py:186} INFO - Started process (PID=38122) to work on /home/crisu/miniconda3/envs/lab13.1/lib/python3.9/site-packages/airflow/example_dags/subdags/subdag.py
[2024-12-07T02:33:12.298-0300] {processor.py:914} INFO - Processing file /home/crisu/miniconda3/envs/lab13.1/lib/python3.9/site-packages/airflow/example_dags/subdags/subdag.py for tasks to queue
[2024-12-07T02:33:12.300-0300] {logging_mixin.py:190} INFO - [2024-12-07T02:33:12.300-0300] {dagbag.py:588} INFO - Filling up the DagBag from /home/crisu/miniconda3/envs/lab13.1/lib/python3.9/site-packages/airflow/example_dags/subdags/subdag.py
[2024-12-07T02:33:12.302-0300] {processor.py:927} WARNING - No viable dags retrieved from /home/crisu/miniconda3/envs/lab13.1/lib/python3.9/site-packages/airflow/example_dags/subdags/subdag.py
[2024-12-07T02:33:12.312-0300] {processor.py:208} INFO - Processing /home/crisu/miniconda3/envs/lab13.1/lib/python3.9/site-packages/airflow/example_dags/subdags/subdag.py took 0.052 seconds
[2024-12-07T02:34:34.101-0300] {processor.py:186} INFO - Started process (PID=38328) to work on /home/crisu/miniconda3/envs/lab13.1/lib/python3.9/site-packages/airflow/example_dags/subdags/subdag.py
[2024-12-07T02:34:34.129-0300] {processor.py:914} INFO - Processing file /home/crisu/miniconda3/envs/lab13.1/lib/python3.9/site-packages/airflow/example_dags/subdags/subdag.py for tasks to queue
[2024-12-07T02:34:34.131-0300] {logging_mixin.py:190} INFO - [2024-12-07T02:34:34.131-0300] {dagbag.py:588} INFO - Filling up the DagBag from /home/crisu/miniconda3/envs/lab13.1/lib/python3.9/site-packages/airflow/example_dags/subdags/subdag.py
[2024-12-07T02:34:34.134-0300] {processor.py:927} WARNING - No viable dags retrieved from /home/crisu/miniconda3/envs/lab13.1/lib/python3.9/site-packages/airflow/example_dags/subdags/subdag.py
[2024-12-07T02:34:34.144-0300] {processor.py:208} INFO - Processing /home/crisu/miniconda3/envs/lab13.1/lib/python3.9/site-packages/airflow/example_dags/subdags/subdag.py took 0.048 seconds
[2024-12-07T02:36:41.815-0300] {processor.py:186} INFO - Started process (PID=38563) to work on /home/crisu/miniconda3/envs/lab13.1/lib/python3.9/site-packages/airflow/example_dags/subdags/subdag.py
[2024-12-07T02:36:41.829-0300] {processor.py:914} INFO - Processing file /home/crisu/miniconda3/envs/lab13.1/lib/python3.9/site-packages/airflow/example_dags/subdags/subdag.py for tasks to queue
[2024-12-07T02:36:41.831-0300] {logging_mixin.py:190} INFO - [2024-12-07T02:36:41.830-0300] {dagbag.py:588} INFO - Filling up the DagBag from /home/crisu/miniconda3/envs/lab13.1/lib/python3.9/site-packages/airflow/example_dags/subdags/subdag.py
[2024-12-07T02:36:41.833-0300] {processor.py:927} WARNING - No viable dags retrieved from /home/crisu/miniconda3/envs/lab13.1/lib/python3.9/site-packages/airflow/example_dags/subdags/subdag.py
[2024-12-07T02:36:41.844-0300] {processor.py:208} INFO - Processing /home/crisu/miniconda3/envs/lab13.1/lib/python3.9/site-packages/airflow/example_dags/subdags/subdag.py took 0.034 seconds
[2024-12-07T02:38:14.971-0300] {processor.py:186} INFO - Started process (PID=38729) to work on /home/crisu/miniconda3/envs/lab13.1/lib/python3.9/site-packages/airflow/example_dags/subdags/subdag.py
[2024-12-07T02:38:14.980-0300] {processor.py:914} INFO - Processing file /home/crisu/miniconda3/envs/lab13.1/lib/python3.9/site-packages/airflow/example_dags/subdags/subdag.py for tasks to queue
[2024-12-07T02:38:14.983-0300] {logging_mixin.py:190} INFO - [2024-12-07T02:38:14.982-0300] {dagbag.py:588} INFO - Filling up the DagBag from /home/crisu/miniconda3/envs/lab13.1/lib/python3.9/site-packages/airflow/example_dags/subdags/subdag.py
[2024-12-07T02:38:14.987-0300] {processor.py:927} WARNING - No viable dags retrieved from /home/crisu/miniconda3/envs/lab13.1/lib/python3.9/site-packages/airflow/example_dags/subdags/subdag.py
[2024-12-07T02:38:15.002-0300] {processor.py:208} INFO - Processing /home/crisu/miniconda3/envs/lab13.1/lib/python3.9/site-packages/airflow/example_dags/subdags/subdag.py took 0.049 seconds
[2024-12-07T02:40:03.730-0300] {processor.py:186} INFO - Started process (PID=38842) to work on /home/crisu/miniconda3/envs/lab13.1/lib/python3.9/site-packages/airflow/example_dags/subdags/subdag.py
[2024-12-07T02:40:03.754-0300] {processor.py:914} INFO - Processing file /home/crisu/miniconda3/envs/lab13.1/lib/python3.9/site-packages/airflow/example_dags/subdags/subdag.py for tasks to queue
[2024-12-07T02:40:03.755-0300] {logging_mixin.py:190} INFO - [2024-12-07T02:40:03.755-0300] {dagbag.py:588} INFO - Filling up the DagBag from /home/crisu/miniconda3/envs/lab13.1/lib/python3.9/site-packages/airflow/example_dags/subdags/subdag.py
[2024-12-07T02:40:03.757-0300] {processor.py:927} WARNING - No viable dags retrieved from /home/crisu/miniconda3/envs/lab13.1/lib/python3.9/site-packages/airflow/example_dags/subdags/subdag.py
[2024-12-07T02:40:03.767-0300] {processor.py:208} INFO - Processing /home/crisu/miniconda3/envs/lab13.1/lib/python3.9/site-packages/airflow/example_dags/subdags/subdag.py took 0.042 seconds
[2024-12-07T02:40:55.504-0300] {processor.py:186} INFO - Started process (PID=38935) to work on /home/crisu/miniconda3/envs/lab13.1/lib/python3.9/site-packages/airflow/example_dags/subdags/subdag.py
[2024-12-07T02:40:55.560-0300] {processor.py:914} INFO - Processing file /home/crisu/miniconda3/envs/lab13.1/lib/python3.9/site-packages/airflow/example_dags/subdags/subdag.py for tasks to queue
[2024-12-07T02:40:55.562-0300] {logging_mixin.py:190} INFO - [2024-12-07T02:40:55.561-0300] {dagbag.py:588} INFO - Filling up the DagBag from /home/crisu/miniconda3/envs/lab13.1/lib/python3.9/site-packages/airflow/example_dags/subdags/subdag.py
[2024-12-07T02:40:55.564-0300] {processor.py:927} WARNING - No viable dags retrieved from /home/crisu/miniconda3/envs/lab13.1/lib/python3.9/site-packages/airflow/example_dags/subdags/subdag.py
[2024-12-07T02:40:55.574-0300] {processor.py:208} INFO - Processing /home/crisu/miniconda3/envs/lab13.1/lib/python3.9/site-packages/airflow/example_dags/subdags/subdag.py took 0.076 seconds
[2024-12-07T02:41:31.881-0300] {processor.py:186} INFO - Started process (PID=39000) to work on /home/crisu/miniconda3/envs/lab13.1/lib/python3.9/site-packages/airflow/example_dags/subdags/subdag.py
[2024-12-07T02:41:31.893-0300] {processor.py:914} INFO - Processing file /home/crisu/miniconda3/envs/lab13.1/lib/python3.9/site-packages/airflow/example_dags/subdags/subdag.py for tasks to queue
[2024-12-07T02:41:31.895-0300] {logging_mixin.py:190} INFO - [2024-12-07T02:41:31.895-0300] {dagbag.py:588} INFO - Filling up the DagBag from /home/crisu/miniconda3/envs/lab13.1/lib/python3.9/site-packages/airflow/example_dags/subdags/subdag.py
[2024-12-07T02:41:31.897-0300] {processor.py:927} WARNING - No viable dags retrieved from /home/crisu/miniconda3/envs/lab13.1/lib/python3.9/site-packages/airflow/example_dags/subdags/subdag.py
[2024-12-07T02:41:31.907-0300] {processor.py:208} INFO - Processing /home/crisu/miniconda3/envs/lab13.1/lib/python3.9/site-packages/airflow/example_dags/subdags/subdag.py took 0.030 seconds
[2024-12-07T02:42:08.938-0300] {processor.py:186} INFO - Started process (PID=39078) to work on /home/crisu/miniconda3/envs/lab13.1/lib/python3.9/site-packages/airflow/example_dags/subdags/subdag.py
[2024-12-07T02:42:08.949-0300] {processor.py:914} INFO - Processing file /home/crisu/miniconda3/envs/lab13.1/lib/python3.9/site-packages/airflow/example_dags/subdags/subdag.py for tasks to queue
[2024-12-07T02:42:08.950-0300] {logging_mixin.py:190} INFO - [2024-12-07T02:42:08.949-0300] {dagbag.py:588} INFO - Filling up the DagBag from /home/crisu/miniconda3/envs/lab13.1/lib/python3.9/site-packages/airflow/example_dags/subdags/subdag.py
[2024-12-07T02:42:08.952-0300] {processor.py:927} WARNING - No viable dags retrieved from /home/crisu/miniconda3/envs/lab13.1/lib/python3.9/site-packages/airflow/example_dags/subdags/subdag.py
[2024-12-07T02:42:08.961-0300] {processor.py:208} INFO - Processing /home/crisu/miniconda3/envs/lab13.1/lib/python3.9/site-packages/airflow/example_dags/subdags/subdag.py took 0.029 seconds
[2024-12-07T02:42:51.193-0300] {processor.py:186} INFO - Started process (PID=39210) to work on /home/crisu/miniconda3/envs/lab13.1/lib/python3.9/site-packages/airflow/example_dags/subdags/subdag.py
[2024-12-07T02:42:51.231-0300] {processor.py:914} INFO - Processing file /home/crisu/miniconda3/envs/lab13.1/lib/python3.9/site-packages/airflow/example_dags/subdags/subdag.py for tasks to queue
[2024-12-07T02:42:51.233-0300] {logging_mixin.py:190} INFO - [2024-12-07T02:42:51.233-0300] {dagbag.py:588} INFO - Filling up the DagBag from /home/crisu/miniconda3/envs/lab13.1/lib/python3.9/site-packages/airflow/example_dags/subdags/subdag.py
[2024-12-07T02:42:51.235-0300] {processor.py:927} WARNING - No viable dags retrieved from /home/crisu/miniconda3/envs/lab13.1/lib/python3.9/site-packages/airflow/example_dags/subdags/subdag.py
[2024-12-07T02:42:51.244-0300] {processor.py:208} INFO - Processing /home/crisu/miniconda3/envs/lab13.1/lib/python3.9/site-packages/airflow/example_dags/subdags/subdag.py took 0.056 seconds
[2024-12-07T02:44:14.811-0300] {processor.py:186} INFO - Started process (PID=39613) to work on /home/crisu/miniconda3/envs/lab13.1/lib/python3.9/site-packages/airflow/example_dags/subdags/subdag.py
[2024-12-07T02:44:14.966-0300] {processor.py:914} INFO - Processing file /home/crisu/miniconda3/envs/lab13.1/lib/python3.9/site-packages/airflow/example_dags/subdags/subdag.py for tasks to queue
[2024-12-07T02:44:14.968-0300] {logging_mixin.py:190} INFO - [2024-12-07T02:44:14.968-0300] {dagbag.py:588} INFO - Filling up the DagBag from /home/crisu/miniconda3/envs/lab13.1/lib/python3.9/site-packages/airflow/example_dags/subdags/subdag.py
[2024-12-07T02:44:14.970-0300] {processor.py:927} WARNING - No viable dags retrieved from /home/crisu/miniconda3/envs/lab13.1/lib/python3.9/site-packages/airflow/example_dags/subdags/subdag.py
[2024-12-07T02:44:14.979-0300] {processor.py:208} INFO - Processing /home/crisu/miniconda3/envs/lab13.1/lib/python3.9/site-packages/airflow/example_dags/subdags/subdag.py took 0.173 seconds
[2024-12-07T02:45:33.318-0300] {processor.py:186} INFO - Started process (PID=39795) to work on /home/crisu/miniconda3/envs/lab13.1/lib/python3.9/site-packages/airflow/example_dags/subdags/subdag.py
[2024-12-07T02:45:33.330-0300] {processor.py:914} INFO - Processing file /home/crisu/miniconda3/envs/lab13.1/lib/python3.9/site-packages/airflow/example_dags/subdags/subdag.py for tasks to queue
[2024-12-07T02:45:33.332-0300] {logging_mixin.py:190} INFO - [2024-12-07T02:45:33.331-0300] {dagbag.py:588} INFO - Filling up the DagBag from /home/crisu/miniconda3/envs/lab13.1/lib/python3.9/site-packages/airflow/example_dags/subdags/subdag.py
[2024-12-07T02:45:33.334-0300] {processor.py:927} WARNING - No viable dags retrieved from /home/crisu/miniconda3/envs/lab13.1/lib/python3.9/site-packages/airflow/example_dags/subdags/subdag.py
[2024-12-07T02:45:33.343-0300] {processor.py:208} INFO - Processing /home/crisu/miniconda3/envs/lab13.1/lib/python3.9/site-packages/airflow/example_dags/subdags/subdag.py took 0.030 seconds
[2024-12-07T02:45:51.536-0300] {processor.py:186} INFO - Started process (PID=39884) to work on /home/crisu/miniconda3/envs/lab13.1/lib/python3.9/site-packages/airflow/example_dags/subdags/subdag.py
[2024-12-07T02:45:51.542-0300] {processor.py:914} INFO - Processing file /home/crisu/miniconda3/envs/lab13.1/lib/python3.9/site-packages/airflow/example_dags/subdags/subdag.py for tasks to queue
[2024-12-07T02:45:51.544-0300] {logging_mixin.py:190} INFO - [2024-12-07T02:45:51.544-0300] {dagbag.py:588} INFO - Filling up the DagBag from /home/crisu/miniconda3/envs/lab13.1/lib/python3.9/site-packages/airflow/example_dags/subdags/subdag.py
[2024-12-07T02:45:51.546-0300] {processor.py:927} WARNING - No viable dags retrieved from /home/crisu/miniconda3/envs/lab13.1/lib/python3.9/site-packages/airflow/example_dags/subdags/subdag.py
[2024-12-07T02:45:51.555-0300] {processor.py:208} INFO - Processing /home/crisu/miniconda3/envs/lab13.1/lib/python3.9/site-packages/airflow/example_dags/subdags/subdag.py took 0.025 seconds
[2024-12-07T02:46:04.442-0300] {processor.py:186} INFO - Started process (PID=39966) to work on /home/crisu/miniconda3/envs/lab13.1/lib/python3.9/site-packages/airflow/example_dags/subdags/subdag.py
[2024-12-07T02:46:04.443-0300] {processor.py:914} INFO - Processing file /home/crisu/miniconda3/envs/lab13.1/lib/python3.9/site-packages/airflow/example_dags/subdags/subdag.py for tasks to queue
[2024-12-07T02:46:04.445-0300] {logging_mixin.py:190} INFO - [2024-12-07T02:46:04.444-0300] {dagbag.py:588} INFO - Filling up the DagBag from /home/crisu/miniconda3/envs/lab13.1/lib/python3.9/site-packages/airflow/example_dags/subdags/subdag.py
[2024-12-07T02:46:04.447-0300] {processor.py:927} WARNING - No viable dags retrieved from /home/crisu/miniconda3/envs/lab13.1/lib/python3.9/site-packages/airflow/example_dags/subdags/subdag.py
[2024-12-07T02:46:04.456-0300] {processor.py:208} INFO - Processing /home/crisu/miniconda3/envs/lab13.1/lib/python3.9/site-packages/airflow/example_dags/subdags/subdag.py took 0.020 seconds
[2024-12-07T02:47:08.776-0300] {processor.py:186} INFO - Started process (PID=40133) to work on /home/crisu/miniconda3/envs/lab13.1/lib/python3.9/site-packages/airflow/example_dags/subdags/subdag.py
[2024-12-07T02:47:08.805-0300] {processor.py:914} INFO - Processing file /home/crisu/miniconda3/envs/lab13.1/lib/python3.9/site-packages/airflow/example_dags/subdags/subdag.py for tasks to queue
[2024-12-07T02:47:08.807-0300] {logging_mixin.py:190} INFO - [2024-12-07T02:47:08.807-0300] {dagbag.py:588} INFO - Filling up the DagBag from /home/crisu/miniconda3/envs/lab13.1/lib/python3.9/site-packages/airflow/example_dags/subdags/subdag.py
[2024-12-07T02:47:08.809-0300] {processor.py:927} WARNING - No viable dags retrieved from /home/crisu/miniconda3/envs/lab13.1/lib/python3.9/site-packages/airflow/example_dags/subdags/subdag.py
[2024-12-07T02:47:08.818-0300] {processor.py:208} INFO - Processing /home/crisu/miniconda3/envs/lab13.1/lib/python3.9/site-packages/airflow/example_dags/subdags/subdag.py took 0.047 seconds
[2024-12-07T02:48:33.779-0300] {processor.py:186} INFO - Started process (PID=40404) to work on /home/crisu/miniconda3/envs/lab13.1/lib/python3.9/site-packages/airflow/example_dags/subdags/subdag.py
[2024-12-07T02:48:33.780-0300] {processor.py:914} INFO - Processing file /home/crisu/miniconda3/envs/lab13.1/lib/python3.9/site-packages/airflow/example_dags/subdags/subdag.py for tasks to queue
[2024-12-07T02:48:33.782-0300] {logging_mixin.py:190} INFO - [2024-12-07T02:48:33.781-0300] {dagbag.py:588} INFO - Filling up the DagBag from /home/crisu/miniconda3/envs/lab13.1/lib/python3.9/site-packages/airflow/example_dags/subdags/subdag.py
[2024-12-07T02:48:33.783-0300] {processor.py:927} WARNING - No viable dags retrieved from /home/crisu/miniconda3/envs/lab13.1/lib/python3.9/site-packages/airflow/example_dags/subdags/subdag.py
[2024-12-07T02:48:33.792-0300] {processor.py:208} INFO - Processing /home/crisu/miniconda3/envs/lab13.1/lib/python3.9/site-packages/airflow/example_dags/subdags/subdag.py took 0.018 seconds
[2024-12-07T02:49:39.434-0300] {processor.py:186} INFO - Started process (PID=40639) to work on /home/crisu/miniconda3/envs/lab13.1/lib/python3.9/site-packages/airflow/example_dags/subdags/subdag.py
[2024-12-07T02:49:39.435-0300] {processor.py:914} INFO - Processing file /home/crisu/miniconda3/envs/lab13.1/lib/python3.9/site-packages/airflow/example_dags/subdags/subdag.py for tasks to queue
[2024-12-07T02:49:39.437-0300] {logging_mixin.py:190} INFO - [2024-12-07T02:49:39.437-0300] {dagbag.py:588} INFO - Filling up the DagBag from /home/crisu/miniconda3/envs/lab13.1/lib/python3.9/site-packages/airflow/example_dags/subdags/subdag.py
[2024-12-07T02:49:39.439-0300] {processor.py:927} WARNING - No viable dags retrieved from /home/crisu/miniconda3/envs/lab13.1/lib/python3.9/site-packages/airflow/example_dags/subdags/subdag.py
[2024-12-07T02:49:39.447-0300] {processor.py:208} INFO - Processing /home/crisu/miniconda3/envs/lab13.1/lib/python3.9/site-packages/airflow/example_dags/subdags/subdag.py took 0.018 seconds
[2024-12-07T02:50:54.256-0300] {processor.py:186} INFO - Started process (PID=40921) to work on /home/crisu/miniconda3/envs/lab13.1/lib/python3.9/site-packages/airflow/example_dags/subdags/subdag.py
[2024-12-07T02:50:54.275-0300] {processor.py:914} INFO - Processing file /home/crisu/miniconda3/envs/lab13.1/lib/python3.9/site-packages/airflow/example_dags/subdags/subdag.py for tasks to queue
[2024-12-07T02:50:54.276-0300] {logging_mixin.py:190} INFO - [2024-12-07T02:50:54.276-0300] {dagbag.py:588} INFO - Filling up the DagBag from /home/crisu/miniconda3/envs/lab13.1/lib/python3.9/site-packages/airflow/example_dags/subdags/subdag.py
[2024-12-07T02:50:54.278-0300] {processor.py:927} WARNING - No viable dags retrieved from /home/crisu/miniconda3/envs/lab13.1/lib/python3.9/site-packages/airflow/example_dags/subdags/subdag.py
[2024-12-07T02:50:54.288-0300] {processor.py:208} INFO - Processing /home/crisu/miniconda3/envs/lab13.1/lib/python3.9/site-packages/airflow/example_dags/subdags/subdag.py took 0.040 seconds
[2024-12-07T02:52:21.075-0300] {processor.py:186} INFO - Started process (PID=41073) to work on /home/crisu/miniconda3/envs/lab13.1/lib/python3.9/site-packages/airflow/example_dags/subdags/subdag.py
[2024-12-07T02:52:21.313-0300] {processor.py:914} INFO - Processing file /home/crisu/miniconda3/envs/lab13.1/lib/python3.9/site-packages/airflow/example_dags/subdags/subdag.py for tasks to queue
[2024-12-07T02:52:21.317-0300] {logging_mixin.py:190} INFO - [2024-12-07T02:52:21.316-0300] {dagbag.py:588} INFO - Filling up the DagBag from /home/crisu/miniconda3/envs/lab13.1/lib/python3.9/site-packages/airflow/example_dags/subdags/subdag.py
[2024-12-07T02:52:21.319-0300] {processor.py:927} WARNING - No viable dags retrieved from /home/crisu/miniconda3/envs/lab13.1/lib/python3.9/site-packages/airflow/example_dags/subdags/subdag.py
[2024-12-07T02:52:23.591-0300] {processor.py:208} INFO - Processing /home/crisu/miniconda3/envs/lab13.1/lib/python3.9/site-packages/airflow/example_dags/subdags/subdag.py took 2.528 seconds
[2024-12-07T02:54:04.847-0300] {processor.py:186} INFO - Started process (PID=41240) to work on /home/crisu/miniconda3/envs/lab13.1/lib/python3.9/site-packages/airflow/example_dags/subdags/subdag.py
[2024-12-07T02:54:04.857-0300] {processor.py:914} INFO - Processing file /home/crisu/miniconda3/envs/lab13.1/lib/python3.9/site-packages/airflow/example_dags/subdags/subdag.py for tasks to queue
[2024-12-07T02:54:04.859-0300] {logging_mixin.py:190} INFO - [2024-12-07T02:54:04.858-0300] {dagbag.py:588} INFO - Filling up the DagBag from /home/crisu/miniconda3/envs/lab13.1/lib/python3.9/site-packages/airflow/example_dags/subdags/subdag.py
[2024-12-07T02:54:04.861-0300] {processor.py:927} WARNING - No viable dags retrieved from /home/crisu/miniconda3/envs/lab13.1/lib/python3.9/site-packages/airflow/example_dags/subdags/subdag.py
[2024-12-07T02:54:04.870-0300] {processor.py:208} INFO - Processing /home/crisu/miniconda3/envs/lab13.1/lib/python3.9/site-packages/airflow/example_dags/subdags/subdag.py took 0.030 seconds
[2024-12-07T03:19:04.024-0300] {processor.py:186} INFO - Started process (PID=42563) to work on /home/crisu/miniconda3/envs/lab13.1/lib/python3.9/site-packages/airflow/example_dags/subdags/subdag.py
[2024-12-07T03:19:04.043-0300] {processor.py:914} INFO - Processing file /home/crisu/miniconda3/envs/lab13.1/lib/python3.9/site-packages/airflow/example_dags/subdags/subdag.py for tasks to queue
[2024-12-07T03:19:04.044-0300] {logging_mixin.py:190} INFO - [2024-12-07T03:19:04.044-0300] {dagbag.py:588} INFO - Filling up the DagBag from /home/crisu/miniconda3/envs/lab13.1/lib/python3.9/site-packages/airflow/example_dags/subdags/subdag.py
[2024-12-07T03:19:04.046-0300] {processor.py:927} WARNING - No viable dags retrieved from /home/crisu/miniconda3/envs/lab13.1/lib/python3.9/site-packages/airflow/example_dags/subdags/subdag.py
[2024-12-07T03:19:04.057-0300] {processor.py:208} INFO - Processing /home/crisu/miniconda3/envs/lab13.1/lib/python3.9/site-packages/airflow/example_dags/subdags/subdag.py took 0.039 seconds
[2024-12-07T03:22:34.626-0300] {processor.py:186} INFO - Started process (PID=42802) to work on /home/crisu/miniconda3/envs/lab13.1/lib/python3.9/site-packages/airflow/example_dags/subdags/subdag.py
[2024-12-07T03:22:34.744-0300] {processor.py:914} INFO - Processing file /home/crisu/miniconda3/envs/lab13.1/lib/python3.9/site-packages/airflow/example_dags/subdags/subdag.py for tasks to queue
[2024-12-07T03:22:34.745-0300] {logging_mixin.py:190} INFO - [2024-12-07T03:22:34.745-0300] {dagbag.py:588} INFO - Filling up the DagBag from /home/crisu/miniconda3/envs/lab13.1/lib/python3.9/site-packages/airflow/example_dags/subdags/subdag.py
[2024-12-07T03:22:34.749-0300] {processor.py:927} WARNING - No viable dags retrieved from /home/crisu/miniconda3/envs/lab13.1/lib/python3.9/site-packages/airflow/example_dags/subdags/subdag.py
[2024-12-07T03:22:34.760-0300] {processor.py:208} INFO - Processing /home/crisu/miniconda3/envs/lab13.1/lib/python3.9/site-packages/airflow/example_dags/subdags/subdag.py took 0.140 seconds
[2024-12-07T03:25:56.414-0300] {processor.py:186} INFO - Started process (PID=43373) to work on /home/crisu/miniconda3/envs/lab13.1/lib/python3.9/site-packages/airflow/example_dags/subdags/subdag.py
[2024-12-07T03:25:56.557-0300] {processor.py:914} INFO - Processing file /home/crisu/miniconda3/envs/lab13.1/lib/python3.9/site-packages/airflow/example_dags/subdags/subdag.py for tasks to queue
[2024-12-07T03:25:56.559-0300] {logging_mixin.py:190} INFO - [2024-12-07T03:25:56.558-0300] {dagbag.py:588} INFO - Filling up the DagBag from /home/crisu/miniconda3/envs/lab13.1/lib/python3.9/site-packages/airflow/example_dags/subdags/subdag.py
[2024-12-07T03:25:56.561-0300] {processor.py:927} WARNING - No viable dags retrieved from /home/crisu/miniconda3/envs/lab13.1/lib/python3.9/site-packages/airflow/example_dags/subdags/subdag.py
[2024-12-07T03:25:56.570-0300] {processor.py:208} INFO - Processing /home/crisu/miniconda3/envs/lab13.1/lib/python3.9/site-packages/airflow/example_dags/subdags/subdag.py took 0.161 seconds
[2024-12-07T03:29:04.636-0300] {processor.py:186} INFO - Started process (PID=43775) to work on /home/crisu/miniconda3/envs/lab13.1/lib/python3.9/site-packages/airflow/example_dags/subdags/subdag.py
[2024-12-07T03:29:04.695-0300] {processor.py:914} INFO - Processing file /home/crisu/miniconda3/envs/lab13.1/lib/python3.9/site-packages/airflow/example_dags/subdags/subdag.py for tasks to queue
[2024-12-07T03:29:04.697-0300] {logging_mixin.py:190} INFO - [2024-12-07T03:29:04.697-0300] {dagbag.py:588} INFO - Filling up the DagBag from /home/crisu/miniconda3/envs/lab13.1/lib/python3.9/site-packages/airflow/example_dags/subdags/subdag.py
[2024-12-07T03:29:04.699-0300] {processor.py:927} WARNING - No viable dags retrieved from /home/crisu/miniconda3/envs/lab13.1/lib/python3.9/site-packages/airflow/example_dags/subdags/subdag.py
[2024-12-07T03:29:04.707-0300] {processor.py:208} INFO - Processing /home/crisu/miniconda3/envs/lab13.1/lib/python3.9/site-packages/airflow/example_dags/subdags/subdag.py took 0.077 seconds
[2024-12-07T03:30:41.834-0300] {processor.py:186} INFO - Started process (PID=43956) to work on /home/crisu/miniconda3/envs/lab13.1/lib/python3.9/site-packages/airflow/example_dags/subdags/subdag.py
[2024-12-07T03:30:41.865-0300] {processor.py:914} INFO - Processing file /home/crisu/miniconda3/envs/lab13.1/lib/python3.9/site-packages/airflow/example_dags/subdags/subdag.py for tasks to queue
[2024-12-07T03:30:41.866-0300] {logging_mixin.py:190} INFO - [2024-12-07T03:30:41.866-0300] {dagbag.py:588} INFO - Filling up the DagBag from /home/crisu/miniconda3/envs/lab13.1/lib/python3.9/site-packages/airflow/example_dags/subdags/subdag.py
[2024-12-07T03:30:41.868-0300] {processor.py:927} WARNING - No viable dags retrieved from /home/crisu/miniconda3/envs/lab13.1/lib/python3.9/site-packages/airflow/example_dags/subdags/subdag.py
[2024-12-07T03:30:41.877-0300] {processor.py:208} INFO - Processing /home/crisu/miniconda3/envs/lab13.1/lib/python3.9/site-packages/airflow/example_dags/subdags/subdag.py took 0.049 seconds
[2024-12-07T03:35:17.705-0300] {processor.py:186} INFO - Started process (PID=44697) to work on /home/crisu/miniconda3/envs/lab13.1/lib/python3.9/site-packages/airflow/example_dags/subdags/subdag.py
[2024-12-07T03:35:17.741-0300] {processor.py:914} INFO - Processing file /home/crisu/miniconda3/envs/lab13.1/lib/python3.9/site-packages/airflow/example_dags/subdags/subdag.py for tasks to queue
[2024-12-07T03:35:17.743-0300] {logging_mixin.py:190} INFO - [2024-12-07T03:35:17.743-0300] {dagbag.py:588} INFO - Filling up the DagBag from /home/crisu/miniconda3/envs/lab13.1/lib/python3.9/site-packages/airflow/example_dags/subdags/subdag.py
[2024-12-07T03:35:17.746-0300] {processor.py:927} WARNING - No viable dags retrieved from /home/crisu/miniconda3/envs/lab13.1/lib/python3.9/site-packages/airflow/example_dags/subdags/subdag.py
[2024-12-07T03:35:17.759-0300] {processor.py:208} INFO - Processing /home/crisu/miniconda3/envs/lab13.1/lib/python3.9/site-packages/airflow/example_dags/subdags/subdag.py took 0.059 seconds
[2024-12-07T03:36:11.440-0300] {processor.py:186} INFO - Started process (PID=44815) to work on /home/crisu/miniconda3/envs/lab13.1/lib/python3.9/site-packages/airflow/example_dags/subdags/subdag.py
[2024-12-07T03:36:11.454-0300] {processor.py:914} INFO - Processing file /home/crisu/miniconda3/envs/lab13.1/lib/python3.9/site-packages/airflow/example_dags/subdags/subdag.py for tasks to queue
[2024-12-07T03:36:11.455-0300] {logging_mixin.py:190} INFO - [2024-12-07T03:36:11.455-0300] {dagbag.py:588} INFO - Filling up the DagBag from /home/crisu/miniconda3/envs/lab13.1/lib/python3.9/site-packages/airflow/example_dags/subdags/subdag.py
[2024-12-07T03:36:11.457-0300] {processor.py:927} WARNING - No viable dags retrieved from /home/crisu/miniconda3/envs/lab13.1/lib/python3.9/site-packages/airflow/example_dags/subdags/subdag.py
[2024-12-07T03:36:11.466-0300] {processor.py:208} INFO - Processing /home/crisu/miniconda3/envs/lab13.1/lib/python3.9/site-packages/airflow/example_dags/subdags/subdag.py took 0.032 seconds
[2024-12-07T03:37:22.460-0300] {processor.py:186} INFO - Started process (PID=44923) to work on /home/crisu/miniconda3/envs/lab13.1/lib/python3.9/site-packages/airflow/example_dags/subdags/subdag.py
[2024-12-07T03:37:22.473-0300] {processor.py:914} INFO - Processing file /home/crisu/miniconda3/envs/lab13.1/lib/python3.9/site-packages/airflow/example_dags/subdags/subdag.py for tasks to queue
[2024-12-07T03:37:22.474-0300] {logging_mixin.py:190} INFO - [2024-12-07T03:37:22.474-0300] {dagbag.py:588} INFO - Filling up the DagBag from /home/crisu/miniconda3/envs/lab13.1/lib/python3.9/site-packages/airflow/example_dags/subdags/subdag.py
[2024-12-07T03:37:22.476-0300] {processor.py:927} WARNING - No viable dags retrieved from /home/crisu/miniconda3/envs/lab13.1/lib/python3.9/site-packages/airflow/example_dags/subdags/subdag.py
[2024-12-07T03:37:22.486-0300] {processor.py:208} INFO - Processing /home/crisu/miniconda3/envs/lab13.1/lib/python3.9/site-packages/airflow/example_dags/subdags/subdag.py took 0.032 seconds
[2024-12-07T03:38:17.246-0300] {processor.py:186} INFO - Started process (PID=45018) to work on /home/crisu/miniconda3/envs/lab13.1/lib/python3.9/site-packages/airflow/example_dags/subdags/subdag.py
[2024-12-07T03:38:17.259-0300] {processor.py:914} INFO - Processing file /home/crisu/miniconda3/envs/lab13.1/lib/python3.9/site-packages/airflow/example_dags/subdags/subdag.py for tasks to queue
[2024-12-07T03:38:17.260-0300] {logging_mixin.py:190} INFO - [2024-12-07T03:38:17.260-0300] {dagbag.py:588} INFO - Filling up the DagBag from /home/crisu/miniconda3/envs/lab13.1/lib/python3.9/site-packages/airflow/example_dags/subdags/subdag.py
[2024-12-07T03:38:17.262-0300] {processor.py:927} WARNING - No viable dags retrieved from /home/crisu/miniconda3/envs/lab13.1/lib/python3.9/site-packages/airflow/example_dags/subdags/subdag.py
[2024-12-07T03:38:17.271-0300] {processor.py:208} INFO - Processing /home/crisu/miniconda3/envs/lab13.1/lib/python3.9/site-packages/airflow/example_dags/subdags/subdag.py took 0.031 seconds
[2024-12-07T03:38:55.588-0300] {processor.py:186} INFO - Started process (PID=45105) to work on /home/crisu/miniconda3/envs/lab13.1/lib/python3.9/site-packages/airflow/example_dags/subdags/subdag.py
[2024-12-07T03:38:55.594-0300] {processor.py:914} INFO - Processing file /home/crisu/miniconda3/envs/lab13.1/lib/python3.9/site-packages/airflow/example_dags/subdags/subdag.py for tasks to queue
[2024-12-07T03:38:55.595-0300] {logging_mixin.py:190} INFO - [2024-12-07T03:38:55.595-0300] {dagbag.py:588} INFO - Filling up the DagBag from /home/crisu/miniconda3/envs/lab13.1/lib/python3.9/site-packages/airflow/example_dags/subdags/subdag.py
[2024-12-07T03:38:55.597-0300] {processor.py:927} WARNING - No viable dags retrieved from /home/crisu/miniconda3/envs/lab13.1/lib/python3.9/site-packages/airflow/example_dags/subdags/subdag.py
[2024-12-07T03:38:55.608-0300] {processor.py:208} INFO - Processing /home/crisu/miniconda3/envs/lab13.1/lib/python3.9/site-packages/airflow/example_dags/subdags/subdag.py took 0.027 seconds
[2024-12-07T03:39:36.298-0300] {processor.py:186} INFO - Started process (PID=45179) to work on /home/crisu/miniconda3/envs/lab13.1/lib/python3.9/site-packages/airflow/example_dags/subdags/subdag.py
[2024-12-07T03:39:36.307-0300] {processor.py:914} INFO - Processing file /home/crisu/miniconda3/envs/lab13.1/lib/python3.9/site-packages/airflow/example_dags/subdags/subdag.py for tasks to queue
[2024-12-07T03:39:36.308-0300] {logging_mixin.py:190} INFO - [2024-12-07T03:39:36.308-0300] {dagbag.py:588} INFO - Filling up the DagBag from /home/crisu/miniconda3/envs/lab13.1/lib/python3.9/site-packages/airflow/example_dags/subdags/subdag.py
[2024-12-07T03:39:36.310-0300] {processor.py:927} WARNING - No viable dags retrieved from /home/crisu/miniconda3/envs/lab13.1/lib/python3.9/site-packages/airflow/example_dags/subdags/subdag.py
[2024-12-07T03:39:36.321-0300] {processor.py:208} INFO - Processing /home/crisu/miniconda3/envs/lab13.1/lib/python3.9/site-packages/airflow/example_dags/subdags/subdag.py took 0.029 seconds
[2024-12-07T03:40:14.494-0300] {processor.py:186} INFO - Started process (PID=45244) to work on /home/crisu/miniconda3/envs/lab13.1/lib/python3.9/site-packages/airflow/example_dags/subdags/subdag.py
[2024-12-07T03:40:14.499-0300] {processor.py:914} INFO - Processing file /home/crisu/miniconda3/envs/lab13.1/lib/python3.9/site-packages/airflow/example_dags/subdags/subdag.py for tasks to queue
[2024-12-07T03:40:14.501-0300] {logging_mixin.py:190} INFO - [2024-12-07T03:40:14.500-0300] {dagbag.py:588} INFO - Filling up the DagBag from /home/crisu/miniconda3/envs/lab13.1/lib/python3.9/site-packages/airflow/example_dags/subdags/subdag.py
[2024-12-07T03:40:14.503-0300] {processor.py:927} WARNING - No viable dags retrieved from /home/crisu/miniconda3/envs/lab13.1/lib/python3.9/site-packages/airflow/example_dags/subdags/subdag.py
[2024-12-07T03:40:14.512-0300] {processor.py:208} INFO - Processing /home/crisu/miniconda3/envs/lab13.1/lib/python3.9/site-packages/airflow/example_dags/subdags/subdag.py took 0.023 seconds
[2024-12-07T03:40:51.054-0300] {processor.py:186} INFO - Started process (PID=45320) to work on /home/crisu/miniconda3/envs/lab13.1/lib/python3.9/site-packages/airflow/example_dags/subdags/subdag.py
[2024-12-07T03:40:51.055-0300] {processor.py:914} INFO - Processing file /home/crisu/miniconda3/envs/lab13.1/lib/python3.9/site-packages/airflow/example_dags/subdags/subdag.py for tasks to queue
[2024-12-07T03:40:51.056-0300] {logging_mixin.py:190} INFO - [2024-12-07T03:40:51.056-0300] {dagbag.py:588} INFO - Filling up the DagBag from /home/crisu/miniconda3/envs/lab13.1/lib/python3.9/site-packages/airflow/example_dags/subdags/subdag.py
[2024-12-07T03:40:51.058-0300] {processor.py:927} WARNING - No viable dags retrieved from /home/crisu/miniconda3/envs/lab13.1/lib/python3.9/site-packages/airflow/example_dags/subdags/subdag.py
[2024-12-07T03:40:51.067-0300] {processor.py:208} INFO - Processing /home/crisu/miniconda3/envs/lab13.1/lib/python3.9/site-packages/airflow/example_dags/subdags/subdag.py took 0.018 seconds
[2024-12-07T03:43:40.844-0300] {processor.py:186} INFO - Started process (PID=45784) to work on /home/crisu/miniconda3/envs/lab13.1/lib/python3.9/site-packages/airflow/example_dags/subdags/subdag.py
[2024-12-07T03:43:40.866-0300] {processor.py:914} INFO - Processing file /home/crisu/miniconda3/envs/lab13.1/lib/python3.9/site-packages/airflow/example_dags/subdags/subdag.py for tasks to queue
[2024-12-07T03:43:40.868-0300] {logging_mixin.py:190} INFO - [2024-12-07T03:43:40.868-0300] {dagbag.py:588} INFO - Filling up the DagBag from /home/crisu/miniconda3/envs/lab13.1/lib/python3.9/site-packages/airflow/example_dags/subdags/subdag.py
[2024-12-07T03:43:40.870-0300] {processor.py:927} WARNING - No viable dags retrieved from /home/crisu/miniconda3/envs/lab13.1/lib/python3.9/site-packages/airflow/example_dags/subdags/subdag.py
[2024-12-07T03:43:40.879-0300] {processor.py:208} INFO - Processing /home/crisu/miniconda3/envs/lab13.1/lib/python3.9/site-packages/airflow/example_dags/subdags/subdag.py took 0.039 seconds
[2024-12-07T03:47:25.801-0300] {processor.py:186} INFO - Started process (PID=46564) to work on /home/crisu/miniconda3/envs/lab13.1/lib/python3.9/site-packages/airflow/example_dags/subdags/subdag.py
[2024-12-07T03:47:25.846-0300] {processor.py:914} INFO - Processing file /home/crisu/miniconda3/envs/lab13.1/lib/python3.9/site-packages/airflow/example_dags/subdags/subdag.py for tasks to queue
[2024-12-07T03:47:25.847-0300] {logging_mixin.py:190} INFO - [2024-12-07T03:47:25.847-0300] {dagbag.py:588} INFO - Filling up the DagBag from /home/crisu/miniconda3/envs/lab13.1/lib/python3.9/site-packages/airflow/example_dags/subdags/subdag.py
[2024-12-07T03:47:25.849-0300] {processor.py:927} WARNING - No viable dags retrieved from /home/crisu/miniconda3/envs/lab13.1/lib/python3.9/site-packages/airflow/example_dags/subdags/subdag.py
[2024-12-07T03:47:25.860-0300] {processor.py:208} INFO - Processing /home/crisu/miniconda3/envs/lab13.1/lib/python3.9/site-packages/airflow/example_dags/subdags/subdag.py took 0.064 seconds
[2024-12-07T03:49:31.337-0300] {processor.py:186} INFO - Started process (PID=46863) to work on /home/crisu/miniconda3/envs/lab13.1/lib/python3.9/site-packages/airflow/example_dags/subdags/subdag.py
[2024-12-07T03:49:31.370-0300] {processor.py:914} INFO - Processing file /home/crisu/miniconda3/envs/lab13.1/lib/python3.9/site-packages/airflow/example_dags/subdags/subdag.py for tasks to queue
[2024-12-07T03:49:31.372-0300] {logging_mixin.py:190} INFO - [2024-12-07T03:49:31.371-0300] {dagbag.py:588} INFO - Filling up the DagBag from /home/crisu/miniconda3/envs/lab13.1/lib/python3.9/site-packages/airflow/example_dags/subdags/subdag.py
[2024-12-07T03:49:31.374-0300] {processor.py:927} WARNING - No viable dags retrieved from /home/crisu/miniconda3/envs/lab13.1/lib/python3.9/site-packages/airflow/example_dags/subdags/subdag.py
[2024-12-07T03:49:31.382-0300] {processor.py:208} INFO - Processing /home/crisu/miniconda3/envs/lab13.1/lib/python3.9/site-packages/airflow/example_dags/subdags/subdag.py took 0.050 seconds
[2024-12-07T03:51:11.949-0300] {processor.py:186} INFO - Started process (PID=46981) to work on /home/crisu/miniconda3/envs/lab13.1/lib/python3.9/site-packages/airflow/example_dags/subdags/subdag.py
[2024-12-07T03:51:11.952-0300] {processor.py:914} INFO - Processing file /home/crisu/miniconda3/envs/lab13.1/lib/python3.9/site-packages/airflow/example_dags/subdags/subdag.py for tasks to queue
[2024-12-07T03:51:11.955-0300] {logging_mixin.py:190} INFO - [2024-12-07T03:51:11.955-0300] {dagbag.py:588} INFO - Filling up the DagBag from /home/crisu/miniconda3/envs/lab13.1/lib/python3.9/site-packages/airflow/example_dags/subdags/subdag.py
[2024-12-07T03:51:11.958-0300] {processor.py:927} WARNING - No viable dags retrieved from /home/crisu/miniconda3/envs/lab13.1/lib/python3.9/site-packages/airflow/example_dags/subdags/subdag.py
[2024-12-07T03:51:11.970-0300] {processor.py:208} INFO - Processing /home/crisu/miniconda3/envs/lab13.1/lib/python3.9/site-packages/airflow/example_dags/subdags/subdag.py took 0.028 seconds
[2024-12-07T03:51:59.113-0300] {processor.py:186} INFO - Started process (PID=47042) to work on /home/crisu/miniconda3/envs/lab13.1/lib/python3.9/site-packages/airflow/example_dags/subdags/subdag.py
[2024-12-07T03:51:59.119-0300] {processor.py:914} INFO - Processing file /home/crisu/miniconda3/envs/lab13.1/lib/python3.9/site-packages/airflow/example_dags/subdags/subdag.py for tasks to queue
[2024-12-07T03:51:59.121-0300] {logging_mixin.py:190} INFO - [2024-12-07T03:51:59.121-0300] {dagbag.py:588} INFO - Filling up the DagBag from /home/crisu/miniconda3/envs/lab13.1/lib/python3.9/site-packages/airflow/example_dags/subdags/subdag.py
[2024-12-07T03:51:59.123-0300] {processor.py:927} WARNING - No viable dags retrieved from /home/crisu/miniconda3/envs/lab13.1/lib/python3.9/site-packages/airflow/example_dags/subdags/subdag.py
[2024-12-07T03:51:59.132-0300] {processor.py:208} INFO - Processing /home/crisu/miniconda3/envs/lab13.1/lib/python3.9/site-packages/airflow/example_dags/subdags/subdag.py took 0.024 seconds
[2024-12-07T03:52:39.696-0300] {processor.py:186} INFO - Started process (PID=47128) to work on /home/crisu/miniconda3/envs/lab13.1/lib/python3.9/site-packages/airflow/example_dags/subdags/subdag.py
[2024-12-07T03:52:39.716-0300] {processor.py:914} INFO - Processing file /home/crisu/miniconda3/envs/lab13.1/lib/python3.9/site-packages/airflow/example_dags/subdags/subdag.py for tasks to queue
[2024-12-07T03:52:39.717-0300] {logging_mixin.py:190} INFO - [2024-12-07T03:52:39.717-0300] {dagbag.py:588} INFO - Filling up the DagBag from /home/crisu/miniconda3/envs/lab13.1/lib/python3.9/site-packages/airflow/example_dags/subdags/subdag.py
[2024-12-07T03:52:39.720-0300] {processor.py:927} WARNING - No viable dags retrieved from /home/crisu/miniconda3/envs/lab13.1/lib/python3.9/site-packages/airflow/example_dags/subdags/subdag.py
[2024-12-07T03:52:39.730-0300] {processor.py:208} INFO - Processing /home/crisu/miniconda3/envs/lab13.1/lib/python3.9/site-packages/airflow/example_dags/subdags/subdag.py took 0.040 seconds
[2024-12-07T03:53:39.848-0300] {processor.py:186} INFO - Started process (PID=47209) to work on /home/crisu/miniconda3/envs/lab13.1/lib/python3.9/site-packages/airflow/example_dags/subdags/subdag.py
[2024-12-07T03:53:39.888-0300] {processor.py:914} INFO - Processing file /home/crisu/miniconda3/envs/lab13.1/lib/python3.9/site-packages/airflow/example_dags/subdags/subdag.py for tasks to queue
[2024-12-07T03:53:39.890-0300] {logging_mixin.py:190} INFO - [2024-12-07T03:53:39.890-0300] {dagbag.py:588} INFO - Filling up the DagBag from /home/crisu/miniconda3/envs/lab13.1/lib/python3.9/site-packages/airflow/example_dags/subdags/subdag.py
[2024-12-07T03:53:39.892-0300] {processor.py:927} WARNING - No viable dags retrieved from /home/crisu/miniconda3/envs/lab13.1/lib/python3.9/site-packages/airflow/example_dags/subdags/subdag.py
[2024-12-07T03:53:39.902-0300] {processor.py:208} INFO - Processing /home/crisu/miniconda3/envs/lab13.1/lib/python3.9/site-packages/airflow/example_dags/subdags/subdag.py took 0.062 seconds
[2024-12-07T03:54:49.187-0300] {processor.py:186} INFO - Started process (PID=47359) to work on /home/crisu/miniconda3/envs/lab13.1/lib/python3.9/site-packages/airflow/example_dags/subdags/subdag.py
[2024-12-07T03:54:49.192-0300] {processor.py:914} INFO - Processing file /home/crisu/miniconda3/envs/lab13.1/lib/python3.9/site-packages/airflow/example_dags/subdags/subdag.py for tasks to queue
[2024-12-07T03:54:49.194-0300] {logging_mixin.py:190} INFO - [2024-12-07T03:54:49.194-0300] {dagbag.py:588} INFO - Filling up the DagBag from /home/crisu/miniconda3/envs/lab13.1/lib/python3.9/site-packages/airflow/example_dags/subdags/subdag.py
[2024-12-07T03:54:49.196-0300] {processor.py:927} WARNING - No viable dags retrieved from /home/crisu/miniconda3/envs/lab13.1/lib/python3.9/site-packages/airflow/example_dags/subdags/subdag.py
[2024-12-07T03:54:49.205-0300] {processor.py:208} INFO - Processing /home/crisu/miniconda3/envs/lab13.1/lib/python3.9/site-packages/airflow/example_dags/subdags/subdag.py took 0.023 seconds
[2024-12-07T03:55:55.607-0300] {processor.py:186} INFO - Started process (PID=47528) to work on /home/crisu/miniconda3/envs/lab13.1/lib/python3.9/site-packages/airflow/example_dags/subdags/subdag.py
[2024-12-07T03:55:55.678-0300] {processor.py:914} INFO - Processing file /home/crisu/miniconda3/envs/lab13.1/lib/python3.9/site-packages/airflow/example_dags/subdags/subdag.py for tasks to queue
[2024-12-07T03:55:55.680-0300] {logging_mixin.py:190} INFO - [2024-12-07T03:55:55.680-0300] {dagbag.py:588} INFO - Filling up the DagBag from /home/crisu/miniconda3/envs/lab13.1/lib/python3.9/site-packages/airflow/example_dags/subdags/subdag.py
[2024-12-07T03:55:55.682-0300] {processor.py:927} WARNING - No viable dags retrieved from /home/crisu/miniconda3/envs/lab13.1/lib/python3.9/site-packages/airflow/example_dags/subdags/subdag.py
[2024-12-07T03:55:55.696-0300] {processor.py:208} INFO - Processing /home/crisu/miniconda3/envs/lab13.1/lib/python3.9/site-packages/airflow/example_dags/subdags/subdag.py took 0.094 seconds
[2024-12-07T03:56:46.661-0300] {processor.py:186} INFO - Started process (PID=47609) to work on /home/crisu/miniconda3/envs/lab13.1/lib/python3.9/site-packages/airflow/example_dags/subdags/subdag.py
[2024-12-07T03:56:46.676-0300] {processor.py:914} INFO - Processing file /home/crisu/miniconda3/envs/lab13.1/lib/python3.9/site-packages/airflow/example_dags/subdags/subdag.py for tasks to queue
[2024-12-07T03:56:46.677-0300] {logging_mixin.py:190} INFO - [2024-12-07T03:56:46.677-0300] {dagbag.py:588} INFO - Filling up the DagBag from /home/crisu/miniconda3/envs/lab13.1/lib/python3.9/site-packages/airflow/example_dags/subdags/subdag.py
[2024-12-07T03:56:46.680-0300] {processor.py:927} WARNING - No viable dags retrieved from /home/crisu/miniconda3/envs/lab13.1/lib/python3.9/site-packages/airflow/example_dags/subdags/subdag.py
[2024-12-07T03:56:46.688-0300] {processor.py:208} INFO - Processing /home/crisu/miniconda3/envs/lab13.1/lib/python3.9/site-packages/airflow/example_dags/subdags/subdag.py took 0.032 seconds
[2024-12-07T03:57:26.365-0300] {processor.py:186} INFO - Started process (PID=47684) to work on /home/crisu/miniconda3/envs/lab13.1/lib/python3.9/site-packages/airflow/example_dags/subdags/subdag.py
[2024-12-07T03:57:26.370-0300] {processor.py:914} INFO - Processing file /home/crisu/miniconda3/envs/lab13.1/lib/python3.9/site-packages/airflow/example_dags/subdags/subdag.py for tasks to queue
[2024-12-07T03:57:26.372-0300] {logging_mixin.py:190} INFO - [2024-12-07T03:57:26.372-0300] {dagbag.py:588} INFO - Filling up the DagBag from /home/crisu/miniconda3/envs/lab13.1/lib/python3.9/site-packages/airflow/example_dags/subdags/subdag.py
[2024-12-07T03:57:26.374-0300] {processor.py:927} WARNING - No viable dags retrieved from /home/crisu/miniconda3/envs/lab13.1/lib/python3.9/site-packages/airflow/example_dags/subdags/subdag.py
[2024-12-07T03:57:26.383-0300] {processor.py:208} INFO - Processing /home/crisu/miniconda3/envs/lab13.1/lib/python3.9/site-packages/airflow/example_dags/subdags/subdag.py took 0.024 seconds
[2024-12-07T03:58:05.590-0300] {processor.py:186} INFO - Started process (PID=47739) to work on /home/crisu/miniconda3/envs/lab13.1/lib/python3.9/site-packages/airflow/example_dags/subdags/subdag.py
[2024-12-07T03:58:05.602-0300] {processor.py:914} INFO - Processing file /home/crisu/miniconda3/envs/lab13.1/lib/python3.9/site-packages/airflow/example_dags/subdags/subdag.py for tasks to queue
[2024-12-07T03:58:05.604-0300] {logging_mixin.py:190} INFO - [2024-12-07T03:58:05.604-0300] {dagbag.py:588} INFO - Filling up the DagBag from /home/crisu/miniconda3/envs/lab13.1/lib/python3.9/site-packages/airflow/example_dags/subdags/subdag.py
[2024-12-07T03:58:05.606-0300] {processor.py:927} WARNING - No viable dags retrieved from /home/crisu/miniconda3/envs/lab13.1/lib/python3.9/site-packages/airflow/example_dags/subdags/subdag.py
[2024-12-07T03:58:05.615-0300] {processor.py:208} INFO - Processing /home/crisu/miniconda3/envs/lab13.1/lib/python3.9/site-packages/airflow/example_dags/subdags/subdag.py took 0.030 seconds
[2024-12-07T03:58:44.257-0300] {processor.py:186} INFO - Started process (PID=47899) to work on /home/crisu/miniconda3/envs/lab13.1/lib/python3.9/site-packages/airflow/example_dags/subdags/subdag.py
[2024-12-07T03:58:44.334-0300] {processor.py:914} INFO - Processing file /home/crisu/miniconda3/envs/lab13.1/lib/python3.9/site-packages/airflow/example_dags/subdags/subdag.py for tasks to queue
[2024-12-07T03:58:44.336-0300] {logging_mixin.py:190} INFO - [2024-12-07T03:58:44.336-0300] {dagbag.py:588} INFO - Filling up the DagBag from /home/crisu/miniconda3/envs/lab13.1/lib/python3.9/site-packages/airflow/example_dags/subdags/subdag.py
[2024-12-07T03:58:44.338-0300] {processor.py:927} WARNING - No viable dags retrieved from /home/crisu/miniconda3/envs/lab13.1/lib/python3.9/site-packages/airflow/example_dags/subdags/subdag.py
[2024-12-07T03:58:44.348-0300] {processor.py:208} INFO - Processing /home/crisu/miniconda3/envs/lab13.1/lib/python3.9/site-packages/airflow/example_dags/subdags/subdag.py took 0.098 seconds
[2024-12-07T04:00:01.348-0300] {processor.py:186} INFO - Started process (PID=48003) to work on /home/crisu/miniconda3/envs/lab13.1/lib/python3.9/site-packages/airflow/example_dags/subdags/subdag.py
[2024-12-07T04:00:01.468-0300] {processor.py:914} INFO - Processing file /home/crisu/miniconda3/envs/lab13.1/lib/python3.9/site-packages/airflow/example_dags/subdags/subdag.py for tasks to queue
[2024-12-07T04:00:01.470-0300] {logging_mixin.py:190} INFO - [2024-12-07T04:00:01.470-0300] {dagbag.py:588} INFO - Filling up the DagBag from /home/crisu/miniconda3/envs/lab13.1/lib/python3.9/site-packages/airflow/example_dags/subdags/subdag.py
[2024-12-07T04:00:01.473-0300] {processor.py:927} WARNING - No viable dags retrieved from /home/crisu/miniconda3/envs/lab13.1/lib/python3.9/site-packages/airflow/example_dags/subdags/subdag.py
[2024-12-07T04:00:01.484-0300] {processor.py:208} INFO - Processing /home/crisu/miniconda3/envs/lab13.1/lib/python3.9/site-packages/airflow/example_dags/subdags/subdag.py took 0.144 seconds
[2024-12-07T04:00:40.799-0300] {processor.py:186} INFO - Started process (PID=48090) to work on /home/crisu/miniconda3/envs/lab13.1/lib/python3.9/site-packages/airflow/example_dags/subdags/subdag.py
[2024-12-07T04:00:40.804-0300] {processor.py:914} INFO - Processing file /home/crisu/miniconda3/envs/lab13.1/lib/python3.9/site-packages/airflow/example_dags/subdags/subdag.py for tasks to queue
[2024-12-07T04:00:40.807-0300] {logging_mixin.py:190} INFO - [2024-12-07T04:00:40.806-0300] {dagbag.py:588} INFO - Filling up the DagBag from /home/crisu/miniconda3/envs/lab13.1/lib/python3.9/site-packages/airflow/example_dags/subdags/subdag.py
[2024-12-07T04:00:40.809-0300] {processor.py:927} WARNING - No viable dags retrieved from /home/crisu/miniconda3/envs/lab13.1/lib/python3.9/site-packages/airflow/example_dags/subdags/subdag.py
[2024-12-07T04:00:40.819-0300] {processor.py:208} INFO - Processing /home/crisu/miniconda3/envs/lab13.1/lib/python3.9/site-packages/airflow/example_dags/subdags/subdag.py took 0.028 seconds
[2024-12-07T04:01:17.519-0300] {processor.py:186} INFO - Started process (PID=48157) to work on /home/crisu/miniconda3/envs/lab13.1/lib/python3.9/site-packages/airflow/example_dags/subdags/subdag.py
[2024-12-07T04:01:17.527-0300] {processor.py:914} INFO - Processing file /home/crisu/miniconda3/envs/lab13.1/lib/python3.9/site-packages/airflow/example_dags/subdags/subdag.py for tasks to queue
[2024-12-07T04:01:17.529-0300] {logging_mixin.py:190} INFO - [2024-12-07T04:01:17.529-0300] {dagbag.py:588} INFO - Filling up the DagBag from /home/crisu/miniconda3/envs/lab13.1/lib/python3.9/site-packages/airflow/example_dags/subdags/subdag.py
[2024-12-07T04:01:17.531-0300] {processor.py:927} WARNING - No viable dags retrieved from /home/crisu/miniconda3/envs/lab13.1/lib/python3.9/site-packages/airflow/example_dags/subdags/subdag.py
[2024-12-07T04:01:17.540-0300] {processor.py:208} INFO - Processing /home/crisu/miniconda3/envs/lab13.1/lib/python3.9/site-packages/airflow/example_dags/subdags/subdag.py took 0.026 seconds
[2024-12-07T04:04:25.473-0300] {processor.py:186} INFO - Started process (PID=48631) to work on /home/crisu/miniconda3/envs/lab13.1/lib/python3.9/site-packages/airflow/example_dags/subdags/subdag.py
[2024-12-07T04:04:25.494-0300] {processor.py:914} INFO - Processing file /home/crisu/miniconda3/envs/lab13.1/lib/python3.9/site-packages/airflow/example_dags/subdags/subdag.py for tasks to queue
[2024-12-07T04:04:25.496-0300] {logging_mixin.py:190} INFO - [2024-12-07T04:04:25.495-0300] {dagbag.py:588} INFO - Filling up the DagBag from /home/crisu/miniconda3/envs/lab13.1/lib/python3.9/site-packages/airflow/example_dags/subdags/subdag.py
[2024-12-07T04:04:25.498-0300] {processor.py:927} WARNING - No viable dags retrieved from /home/crisu/miniconda3/envs/lab13.1/lib/python3.9/site-packages/airflow/example_dags/subdags/subdag.py
[2024-12-07T04:04:25.506-0300] {processor.py:208} INFO - Processing /home/crisu/miniconda3/envs/lab13.1/lib/python3.9/site-packages/airflow/example_dags/subdags/subdag.py took 0.038 seconds
[2024-12-07T04:06:38.759-0300] {processor.py:186} INFO - Started process (PID=49085) to work on /home/crisu/miniconda3/envs/lab13.1/lib/python3.9/site-packages/airflow/example_dags/subdags/subdag.py
[2024-12-07T04:06:38.946-0300] {processor.py:914} INFO - Processing file /home/crisu/miniconda3/envs/lab13.1/lib/python3.9/site-packages/airflow/example_dags/subdags/subdag.py for tasks to queue
[2024-12-07T04:06:38.948-0300] {logging_mixin.py:190} INFO - [2024-12-07T04:06:38.947-0300] {dagbag.py:588} INFO - Filling up the DagBag from /home/crisu/miniconda3/envs/lab13.1/lib/python3.9/site-packages/airflow/example_dags/subdags/subdag.py
[2024-12-07T04:06:38.951-0300] {processor.py:927} WARNING - No viable dags retrieved from /home/crisu/miniconda3/envs/lab13.1/lib/python3.9/site-packages/airflow/example_dags/subdags/subdag.py
[2024-12-07T04:06:38.960-0300] {processor.py:208} INFO - Processing /home/crisu/miniconda3/envs/lab13.1/lib/python3.9/site-packages/airflow/example_dags/subdags/subdag.py took 0.205 seconds
[2024-12-07T04:08:20.531-0300] {processor.py:186} INFO - Started process (PID=49303) to work on /home/crisu/miniconda3/envs/lab13.1/lib/python3.9/site-packages/airflow/example_dags/subdags/subdag.py
[2024-12-07T04:08:20.552-0300] {processor.py:914} INFO - Processing file /home/crisu/miniconda3/envs/lab13.1/lib/python3.9/site-packages/airflow/example_dags/subdags/subdag.py for tasks to queue
[2024-12-07T04:08:20.554-0300] {logging_mixin.py:190} INFO - [2024-12-07T04:08:20.553-0300] {dagbag.py:588} INFO - Filling up the DagBag from /home/crisu/miniconda3/envs/lab13.1/lib/python3.9/site-packages/airflow/example_dags/subdags/subdag.py
[2024-12-07T04:08:20.556-0300] {processor.py:927} WARNING - No viable dags retrieved from /home/crisu/miniconda3/envs/lab13.1/lib/python3.9/site-packages/airflow/example_dags/subdags/subdag.py
[2024-12-07T04:08:20.564-0300] {processor.py:208} INFO - Processing /home/crisu/miniconda3/envs/lab13.1/lib/python3.9/site-packages/airflow/example_dags/subdags/subdag.py took 0.039 seconds
[2024-12-07T04:09:29.867-0300] {processor.py:186} INFO - Started process (PID=49425) to work on /home/crisu/miniconda3/envs/lab13.1/lib/python3.9/site-packages/airflow/example_dags/subdags/subdag.py
[2024-12-07T04:09:29.885-0300] {processor.py:914} INFO - Processing file /home/crisu/miniconda3/envs/lab13.1/lib/python3.9/site-packages/airflow/example_dags/subdags/subdag.py for tasks to queue
[2024-12-07T04:09:29.886-0300] {logging_mixin.py:190} INFO - [2024-12-07T04:09:29.886-0300] {dagbag.py:588} INFO - Filling up the DagBag from /home/crisu/miniconda3/envs/lab13.1/lib/python3.9/site-packages/airflow/example_dags/subdags/subdag.py
[2024-12-07T04:09:29.888-0300] {processor.py:927} WARNING - No viable dags retrieved from /home/crisu/miniconda3/envs/lab13.1/lib/python3.9/site-packages/airflow/example_dags/subdags/subdag.py
[2024-12-07T04:09:29.897-0300] {processor.py:208} INFO - Processing /home/crisu/miniconda3/envs/lab13.1/lib/python3.9/site-packages/airflow/example_dags/subdags/subdag.py took 0.036 seconds
[2024-12-07T04:10:25.338-0300] {processor.py:186} INFO - Started process (PID=49509) to work on /home/crisu/miniconda3/envs/lab13.1/lib/python3.9/site-packages/airflow/example_dags/subdags/subdag.py
[2024-12-07T04:10:25.508-0300] {processor.py:914} INFO - Processing file /home/crisu/miniconda3/envs/lab13.1/lib/python3.9/site-packages/airflow/example_dags/subdags/subdag.py for tasks to queue
[2024-12-07T04:10:25.509-0300] {logging_mixin.py:190} INFO - [2024-12-07T04:10:25.508-0300] {dagbag.py:588} INFO - Filling up the DagBag from /home/crisu/miniconda3/envs/lab13.1/lib/python3.9/site-packages/airflow/example_dags/subdags/subdag.py
[2024-12-07T04:10:25.511-0300] {processor.py:927} WARNING - No viable dags retrieved from /home/crisu/miniconda3/envs/lab13.1/lib/python3.9/site-packages/airflow/example_dags/subdags/subdag.py
[2024-12-07T04:10:25.520-0300] {processor.py:208} INFO - Processing /home/crisu/miniconda3/envs/lab13.1/lib/python3.9/site-packages/airflow/example_dags/subdags/subdag.py took 0.188 seconds
[2024-12-07T04:11:32.270-0300] {processor.py:186} INFO - Started process (PID=49609) to work on /home/crisu/miniconda3/envs/lab13.1/lib/python3.9/site-packages/airflow/example_dags/subdags/subdag.py
[2024-12-07T04:11:32.291-0300] {processor.py:914} INFO - Processing file /home/crisu/miniconda3/envs/lab13.1/lib/python3.9/site-packages/airflow/example_dags/subdags/subdag.py for tasks to queue
[2024-12-07T04:11:32.292-0300] {logging_mixin.py:190} INFO - [2024-12-07T04:11:32.292-0300] {dagbag.py:588} INFO - Filling up the DagBag from /home/crisu/miniconda3/envs/lab13.1/lib/python3.9/site-packages/airflow/example_dags/subdags/subdag.py
[2024-12-07T04:11:32.294-0300] {processor.py:927} WARNING - No viable dags retrieved from /home/crisu/miniconda3/envs/lab13.1/lib/python3.9/site-packages/airflow/example_dags/subdags/subdag.py
[2024-12-07T04:11:32.303-0300] {processor.py:208} INFO - Processing /home/crisu/miniconda3/envs/lab13.1/lib/python3.9/site-packages/airflow/example_dags/subdags/subdag.py took 0.039 seconds
[2024-12-07T04:12:24.951-0300] {processor.py:186} INFO - Started process (PID=49689) to work on /home/crisu/miniconda3/envs/lab13.1/lib/python3.9/site-packages/airflow/example_dags/subdags/subdag.py
[2024-12-07T04:12:24.962-0300] {processor.py:914} INFO - Processing file /home/crisu/miniconda3/envs/lab13.1/lib/python3.9/site-packages/airflow/example_dags/subdags/subdag.py for tasks to queue
[2024-12-07T04:12:24.963-0300] {logging_mixin.py:190} INFO - [2024-12-07T04:12:24.963-0300] {dagbag.py:588} INFO - Filling up the DagBag from /home/crisu/miniconda3/envs/lab13.1/lib/python3.9/site-packages/airflow/example_dags/subdags/subdag.py
[2024-12-07T04:12:24.966-0300] {processor.py:927} WARNING - No viable dags retrieved from /home/crisu/miniconda3/envs/lab13.1/lib/python3.9/site-packages/airflow/example_dags/subdags/subdag.py
[2024-12-07T04:12:24.975-0300] {processor.py:208} INFO - Processing /home/crisu/miniconda3/envs/lab13.1/lib/python3.9/site-packages/airflow/example_dags/subdags/subdag.py took 0.030 seconds
[2024-12-07T04:13:02.195-0300] {processor.py:186} INFO - Started process (PID=49747) to work on /home/crisu/miniconda3/envs/lab13.1/lib/python3.9/site-packages/airflow/example_dags/subdags/subdag.py
[2024-12-07T04:13:02.210-0300] {processor.py:914} INFO - Processing file /home/crisu/miniconda3/envs/lab13.1/lib/python3.9/site-packages/airflow/example_dags/subdags/subdag.py for tasks to queue
[2024-12-07T04:13:02.212-0300] {logging_mixin.py:190} INFO - [2024-12-07T04:13:02.212-0300] {dagbag.py:588} INFO - Filling up the DagBag from /home/crisu/miniconda3/envs/lab13.1/lib/python3.9/site-packages/airflow/example_dags/subdags/subdag.py
[2024-12-07T04:13:02.215-0300] {processor.py:927} WARNING - No viable dags retrieved from /home/crisu/miniconda3/envs/lab13.1/lib/python3.9/site-packages/airflow/example_dags/subdags/subdag.py
[2024-12-07T04:13:02.227-0300] {processor.py:208} INFO - Processing /home/crisu/miniconda3/envs/lab13.1/lib/python3.9/site-packages/airflow/example_dags/subdags/subdag.py took 0.037 seconds
[2024-12-07T04:13:39.485-0300] {processor.py:186} INFO - Started process (PID=49819) to work on /home/crisu/miniconda3/envs/lab13.1/lib/python3.9/site-packages/airflow/example_dags/subdags/subdag.py
[2024-12-07T04:13:39.490-0300] {processor.py:914} INFO - Processing file /home/crisu/miniconda3/envs/lab13.1/lib/python3.9/site-packages/airflow/example_dags/subdags/subdag.py for tasks to queue
[2024-12-07T04:13:39.491-0300] {logging_mixin.py:190} INFO - [2024-12-07T04:13:39.491-0300] {dagbag.py:588} INFO - Filling up the DagBag from /home/crisu/miniconda3/envs/lab13.1/lib/python3.9/site-packages/airflow/example_dags/subdags/subdag.py
[2024-12-07T04:13:39.493-0300] {processor.py:927} WARNING - No viable dags retrieved from /home/crisu/miniconda3/envs/lab13.1/lib/python3.9/site-packages/airflow/example_dags/subdags/subdag.py
[2024-12-07T04:13:39.502-0300] {processor.py:208} INFO - Processing /home/crisu/miniconda3/envs/lab13.1/lib/python3.9/site-packages/airflow/example_dags/subdags/subdag.py took 0.022 seconds
[2024-12-07T04:14:18.289-0300] {processor.py:186} INFO - Started process (PID=49927) to work on /home/crisu/miniconda3/envs/lab13.1/lib/python3.9/site-packages/airflow/example_dags/subdags/subdag.py
[2024-12-07T04:14:18.296-0300] {processor.py:914} INFO - Processing file /home/crisu/miniconda3/envs/lab13.1/lib/python3.9/site-packages/airflow/example_dags/subdags/subdag.py for tasks to queue
[2024-12-07T04:14:18.297-0300] {logging_mixin.py:190} INFO - [2024-12-07T04:14:18.297-0300] {dagbag.py:588} INFO - Filling up the DagBag from /home/crisu/miniconda3/envs/lab13.1/lib/python3.9/site-packages/airflow/example_dags/subdags/subdag.py
[2024-12-07T04:14:18.299-0300] {processor.py:927} WARNING - No viable dags retrieved from /home/crisu/miniconda3/envs/lab13.1/lib/python3.9/site-packages/airflow/example_dags/subdags/subdag.py
[2024-12-07T04:14:18.309-0300] {processor.py:208} INFO - Processing /home/crisu/miniconda3/envs/lab13.1/lib/python3.9/site-packages/airflow/example_dags/subdags/subdag.py took 0.027 seconds
[2024-12-07T04:14:57.812-0300] {processor.py:186} INFO - Started process (PID=49980) to work on /home/crisu/miniconda3/envs/lab13.1/lib/python3.9/site-packages/airflow/example_dags/subdags/subdag.py
[2024-12-07T04:14:57.818-0300] {processor.py:914} INFO - Processing file /home/crisu/miniconda3/envs/lab13.1/lib/python3.9/site-packages/airflow/example_dags/subdags/subdag.py for tasks to queue
[2024-12-07T04:14:57.820-0300] {logging_mixin.py:190} INFO - [2024-12-07T04:14:57.819-0300] {dagbag.py:588} INFO - Filling up the DagBag from /home/crisu/miniconda3/envs/lab13.1/lib/python3.9/site-packages/airflow/example_dags/subdags/subdag.py
[2024-12-07T04:14:57.822-0300] {processor.py:927} WARNING - No viable dags retrieved from /home/crisu/miniconda3/envs/lab13.1/lib/python3.9/site-packages/airflow/example_dags/subdags/subdag.py
[2024-12-07T04:14:57.831-0300] {processor.py:208} INFO - Processing /home/crisu/miniconda3/envs/lab13.1/lib/python3.9/site-packages/airflow/example_dags/subdags/subdag.py took 0.026 seconds
[2024-12-07T04:15:36.997-0300] {processor.py:186} INFO - Started process (PID=50036) to work on /home/crisu/miniconda3/envs/lab13.1/lib/python3.9/site-packages/airflow/example_dags/subdags/subdag.py
[2024-12-07T04:15:37.010-0300] {processor.py:914} INFO - Processing file /home/crisu/miniconda3/envs/lab13.1/lib/python3.9/site-packages/airflow/example_dags/subdags/subdag.py for tasks to queue
[2024-12-07T04:15:37.011-0300] {logging_mixin.py:190} INFO - [2024-12-07T04:15:37.011-0300] {dagbag.py:588} INFO - Filling up the DagBag from /home/crisu/miniconda3/envs/lab13.1/lib/python3.9/site-packages/airflow/example_dags/subdags/subdag.py
[2024-12-07T04:15:37.013-0300] {processor.py:927} WARNING - No viable dags retrieved from /home/crisu/miniconda3/envs/lab13.1/lib/python3.9/site-packages/airflow/example_dags/subdags/subdag.py
[2024-12-07T04:15:37.022-0300] {processor.py:208} INFO - Processing /home/crisu/miniconda3/envs/lab13.1/lib/python3.9/site-packages/airflow/example_dags/subdags/subdag.py took 0.031 seconds
