[2024-12-07T03:33:36.503-0300] {local_task_job_runner.py:123} INFO - ::group::Pre task execution logs
[2024-12-07T03:33:36.511-0300] {taskinstance.py:2613} INFO - Dependencies all met for dep_context=non-requeueable deps ti=<TaskInstance: hiring_dynamic_pipeline.train_svc scheduled__2024-11-05T15:00:00+00:00 [queued]>
[2024-12-07T03:33:36.518-0300] {taskinstance.py:2613} INFO - Dependencies all met for dep_context=requeueable deps ti=<TaskInstance: hiring_dynamic_pipeline.train_svc scheduled__2024-11-05T15:00:00+00:00 [queued]>
[2024-12-07T03:33:36.518-0300] {taskinstance.py:2866} INFO - Starting attempt 1 of 2
[2024-12-07T03:33:36.581-0300] {taskinstance.py:2889} INFO - Executing <Task(PythonOperator): train_svc> on 2024-11-05 15:00:00+00:00
[2024-12-07T03:33:36.588-0300] {standard_task_runner.py:72} INFO - Started process 44387 to run task
[2024-12-07T03:33:36.592-0300] {standard_task_runner.py:104} INFO - Running: ['airflow', 'tasks', 'run', 'hiring_dynamic_pipeline', 'train_svc', 'scheduled__2024-11-05T15:00:00+00:00', '--job-id', '66', '--raw', '--subdir', 'DAGS_FOLDER/dag_dynamic.py', '--cfg-path', '/tmp/tmp_ntes4ww']
[2024-12-07T03:33:36.593-0300] {standard_task_runner.py:105} INFO - Job 66: Subtask train_svc
[2024-12-07T03:33:36.660-0300] {task_command.py:467} INFO - Running <TaskInstance: hiring_dynamic_pipeline.train_svc scheduled__2024-11-05T15:00:00+00:00 [running]> on host crisu-VivoBook-S14-X411UF
[2024-12-07T03:33:36.819-0300] {taskinstance.py:3132} INFO - Exporting env vars: AIRFLOW_CTX_DAG_OWNER='airflow' AIRFLOW_CTX_DAG_ID='hiring_dynamic_pipeline' AIRFLOW_CTX_TASK_ID='train_svc' AIRFLOW_CTX_EXECUTION_DATE='2024-11-05T15:00:00+00:00' AIRFLOW_CTX_TRY_NUMBER='1' AIRFLOW_CTX_DAG_RUN_ID='scheduled__2024-11-05T15:00:00+00:00'
[2024-12-07T03:33:36.820-0300] {logging_mixin.py:190} INFO - Task instance is in running state
[2024-12-07T03:33:36.821-0300] {logging_mixin.py:190} INFO -  Previous state of the Task instance: queued
[2024-12-07T03:33:36.821-0300] {logging_mixin.py:190} INFO - Current task name:train_svc state:running start_date:2024-12-07 06:33:36.512241+00:00
[2024-12-07T03:33:36.821-0300] {logging_mixin.py:190} INFO - Dag name:hiring_dynamic_pipeline and current dag run status:running
[2024-12-07T03:33:36.821-0300] {taskinstance.py:731} INFO - ::endgroup::
[2024-12-07T03:33:36.873-0300] {python.py:240} INFO - Done. Returned value was: None
[2024-12-07T03:33:36.877-0300] {taskinstance.py:340} INFO - ::group::Post task execution logs
[2024-12-07T03:33:36.877-0300] {taskinstance.py:352} INFO - Marking task as SUCCESS. dag_id=hiring_dynamic_pipeline, task_id=train_svc, run_id=scheduled__2024-11-05T15:00:00+00:00, execution_date=20241105T150000, start_date=20241207T063336, end_date=20241207T063336
[2024-12-07T03:33:36.922-0300] {logging_mixin.py:190} INFO - Task instance in success state
[2024-12-07T03:33:36.923-0300] {logging_mixin.py:190} INFO -  Previous state of the Task instance: running
[2024-12-07T03:33:36.923-0300] {logging_mixin.py:190} INFO - Dag name:hiring_dynamic_pipeline queued_at:2024-12-07 06:27:11.618485+00:00
[2024-12-07T03:33:36.923-0300] {logging_mixin.py:190} INFO - Task hostname:crisu-VivoBook-S14-X411UF operator:PythonOperator
[2024-12-07T03:33:36.965-0300] {local_task_job_runner.py:266} INFO - Task exited with return code 0
[2024-12-07T03:33:36.983-0300] {taskinstance.py:3895} INFO - 1 downstream tasks scheduled from follow-on schedule check
[2024-12-07T03:33:37.023-0300] {local_task_job_runner.py:245} INFO - ::endgroup::
[2024-12-07T03:46:43.362-0300] {local_task_job_runner.py:123} INFO - ::group::Pre task execution logs
[2024-12-07T03:46:43.398-0300] {taskinstance.py:2613} INFO - Dependencies all met for dep_context=non-requeueable deps ti=<TaskInstance: hiring_dynamic_pipeline.train_svc scheduled__2024-11-05T15:00:00+00:00 [queued]>
[2024-12-07T03:46:43.405-0300] {taskinstance.py:2613} INFO - Dependencies all met for dep_context=requeueable deps ti=<TaskInstance: hiring_dynamic_pipeline.train_svc scheduled__2024-11-05T15:00:00+00:00 [queued]>
[2024-12-07T03:46:43.405-0300] {taskinstance.py:2866} INFO - Starting attempt 1 of 2
[2024-12-07T03:46:43.474-0300] {taskinstance.py:2889} INFO - Executing <Task(PythonOperator): train_svc> on 2024-11-05 15:00:00+00:00
[2024-12-07T03:46:43.480-0300] {standard_task_runner.py:72} INFO - Started process 46391 to run task
[2024-12-07T03:46:43.484-0300] {standard_task_runner.py:104} INFO - Running: ['airflow', 'tasks', 'run', 'hiring_dynamic_pipeline', 'train_svc', 'scheduled__2024-11-05T15:00:00+00:00', '--job-id', '61', '--raw', '--subdir', 'DAGS_FOLDER/dag_dynamic.py', '--cfg-path', '/tmp/tmpqlk1j052']
[2024-12-07T03:46:43.485-0300] {standard_task_runner.py:105} INFO - Job 61: Subtask train_svc
[2024-12-07T03:46:43.567-0300] {task_command.py:467} INFO - Running <TaskInstance: hiring_dynamic_pipeline.train_svc scheduled__2024-11-05T15:00:00+00:00 [running]> on host crisu-VivoBook-S14-X411UF
[2024-12-07T03:46:43.700-0300] {taskinstance.py:3132} INFO - Exporting env vars: AIRFLOW_CTX_DAG_OWNER='airflow' AIRFLOW_CTX_DAG_ID='hiring_dynamic_pipeline' AIRFLOW_CTX_TASK_ID='train_svc' AIRFLOW_CTX_EXECUTION_DATE='2024-11-05T15:00:00+00:00' AIRFLOW_CTX_TRY_NUMBER='1' AIRFLOW_CTX_DAG_RUN_ID='scheduled__2024-11-05T15:00:00+00:00'
[2024-12-07T03:46:43.702-0300] {logging_mixin.py:190} INFO - Task instance is in running state
[2024-12-07T03:46:43.702-0300] {logging_mixin.py:190} INFO -  Previous state of the Task instance: queued
[2024-12-07T03:46:43.702-0300] {logging_mixin.py:190} INFO - Current task name:train_svc state:running start_date:2024-12-07 06:46:43.398347+00:00
[2024-12-07T03:46:43.702-0300] {logging_mixin.py:190} INFO - Dag name:hiring_dynamic_pipeline and current dag run status:running
[2024-12-07T03:46:43.703-0300] {taskinstance.py:731} INFO - ::endgroup::
[2024-12-07T03:46:43.768-0300] {python.py:240} INFO - Done. Returned value was: None
[2024-12-07T03:46:43.771-0300] {taskinstance.py:340} INFO - ::group::Post task execution logs
[2024-12-07T03:46:43.772-0300] {taskinstance.py:352} INFO - Marking task as SUCCESS. dag_id=hiring_dynamic_pipeline, task_id=train_svc, run_id=scheduled__2024-11-05T15:00:00+00:00, execution_date=20241105T150000, start_date=20241207T064643, end_date=20241207T064643
[2024-12-07T03:46:43.826-0300] {logging_mixin.py:190} INFO - Task instance in success state
[2024-12-07T03:46:43.826-0300] {logging_mixin.py:190} INFO -  Previous state of the Task instance: running
[2024-12-07T03:46:43.826-0300] {logging_mixin.py:190} INFO - Dag name:hiring_dynamic_pipeline queued_at:2024-12-07 06:44:29.722220+00:00
[2024-12-07T03:46:43.826-0300] {logging_mixin.py:190} INFO - Task hostname:crisu-VivoBook-S14-X411UF operator:PythonOperator
[2024-12-07T03:46:43.858-0300] {local_task_job_runner.py:266} INFO - Task exited with return code 0
[2024-12-07T03:46:43.877-0300] {taskinstance.py:3895} INFO - 1 downstream tasks scheduled from follow-on schedule check
[2024-12-07T03:46:43.926-0300] {local_task_job_runner.py:245} INFO - ::endgroup::
[2024-12-07T04:05:23.636-0300] {local_task_job_runner.py:123} INFO - ::group::Pre task execution logs
[2024-12-07T04:05:24.614-0300] {taskinstance.py:2613} INFO - Dependencies all met for dep_context=non-requeueable deps ti=<TaskInstance: hiring_dynamic_pipeline.train_svc scheduled__2024-11-05T15:00:00+00:00 [queued]>
[2024-12-07T04:05:24.624-0300] {taskinstance.py:2613} INFO - Dependencies all met for dep_context=requeueable deps ti=<TaskInstance: hiring_dynamic_pipeline.train_svc scheduled__2024-11-05T15:00:00+00:00 [queued]>
[2024-12-07T04:05:24.624-0300] {taskinstance.py:2866} INFO - Starting attempt 1 of 2
[2024-12-07T04:05:26.006-0300] {taskinstance.py:2889} INFO - Executing <Task(PythonOperator): train_svc> on 2024-11-05 15:00:00+00:00
[2024-12-07T04:05:26.014-0300] {standard_task_runner.py:72} INFO - Started process 48948 to run task
[2024-12-07T04:05:26.018-0300] {standard_task_runner.py:104} INFO - Running: ['airflow', 'tasks', 'run', 'hiring_dynamic_pipeline', 'train_svc', 'scheduled__2024-11-05T15:00:00+00:00', '--job-id', '64', '--raw', '--subdir', 'DAGS_FOLDER/dag_dynamic.py', '--cfg-path', '/tmp/tmp6xvuooh4']
[2024-12-07T04:05:26.019-0300] {standard_task_runner.py:105} INFO - Job 64: Subtask train_svc
[2024-12-07T04:05:27.100-0300] {task_command.py:467} INFO - Running <TaskInstance: hiring_dynamic_pipeline.train_svc scheduled__2024-11-05T15:00:00+00:00 [running]> on host crisu-VivoBook-S14-X411UF
[2024-12-07T04:05:28.955-0300] {taskinstance.py:3132} INFO - Exporting env vars: AIRFLOW_CTX_DAG_OWNER='airflow' AIRFLOW_CTX_DAG_ID='hiring_dynamic_pipeline' AIRFLOW_CTX_TASK_ID='train_svc' AIRFLOW_CTX_EXECUTION_DATE='2024-11-05T15:00:00+00:00' AIRFLOW_CTX_TRY_NUMBER='1' AIRFLOW_CTX_DAG_RUN_ID='scheduled__2024-11-05T15:00:00+00:00'
[2024-12-07T04:05:28.956-0300] {logging_mixin.py:190} INFO - Task instance is in running state
[2024-12-07T04:05:28.956-0300] {logging_mixin.py:190} INFO -  Previous state of the Task instance: queued
[2024-12-07T04:05:28.956-0300] {logging_mixin.py:190} INFO - Current task name:train_svc state:running start_date:2024-12-07 07:05:24.615495+00:00
[2024-12-07T04:05:28.957-0300] {logging_mixin.py:190} INFO - Dag name:hiring_dynamic_pipeline and current dag run status:running
[2024-12-07T04:05:28.957-0300] {taskinstance.py:731} INFO - ::endgroup::
[2024-12-07T04:05:29.010-0300] {python.py:240} INFO - Done. Returned value was: None
[2024-12-07T04:05:29.945-0300] {taskinstance.py:340} INFO - ::group::Post task execution logs
[2024-12-07T04:05:29.946-0300] {taskinstance.py:352} INFO - Marking task as SUCCESS. dag_id=hiring_dynamic_pipeline, task_id=train_svc, run_id=scheduled__2024-11-05T15:00:00+00:00, execution_date=20241105T150000, start_date=20241207T070524, end_date=20241207T070529
[2024-12-07T04:05:31.111-0300] {logging_mixin.py:190} INFO - Task instance in success state
[2024-12-07T04:05:31.112-0300] {logging_mixin.py:190} INFO -  Previous state of the Task instance: running
[2024-12-07T04:05:31.112-0300] {logging_mixin.py:190} INFO - Dag name:hiring_dynamic_pipeline queued_at:2024-12-07 07:02:23.453548+00:00
[2024-12-07T04:05:31.112-0300] {logging_mixin.py:190} INFO - Task hostname:crisu-VivoBook-S14-X411UF operator:PythonOperator
[2024-12-07T04:05:32.101-0300] {local_task_job_runner.py:266} INFO - Task exited with return code 0
[2024-12-07T04:05:32.121-0300] {taskinstance.py:3895} INFO - 1 downstream tasks scheduled from follow-on schedule check
[2024-12-07T04:05:33.103-0300] {local_task_job_runner.py:245} INFO - ::endgroup::
