[2024-12-07T03:31:28.460-0300] {local_task_job_runner.py:123} INFO - ::group::Pre task execution logs
[2024-12-07T03:31:28.468-0300] {taskinstance.py:2613} INFO - Dependencies all met for dep_context=non-requeueable deps ti=<TaskInstance: hiring_dynamic_pipeline.load_and_merge scheduled__2024-10-05T15:00:00+00:00 [queued]>
[2024-12-07T03:31:28.474-0300] {taskinstance.py:2613} INFO - Dependencies all met for dep_context=requeueable deps ti=<TaskInstance: hiring_dynamic_pipeline.load_and_merge scheduled__2024-10-05T15:00:00+00:00 [queued]>
[2024-12-07T03:31:28.474-0300] {taskinstance.py:2866} INFO - Starting attempt 1 of 2
[2024-12-07T03:31:28.977-0300] {taskinstance.py:2889} INFO - Executing <Task(PythonOperator): load_and_merge> on 2024-10-05 15:00:00+00:00
[2024-12-07T03:31:28.985-0300] {standard_task_runner.py:72} INFO - Started process 44044 to run task
[2024-12-07T03:31:28.989-0300] {standard_task_runner.py:104} INFO - Running: ['airflow', 'tasks', 'run', 'hiring_dynamic_pipeline', 'load_and_merge', 'scheduled__2024-10-05T15:00:00+00:00', '--job-id', '50', '--raw', '--subdir', 'DAGS_FOLDER/dag_dynamic.py', '--cfg-path', '/tmp/tmphusbgcdq']
[2024-12-07T03:31:28.990-0300] {standard_task_runner.py:105} INFO - Job 50: Subtask load_and_merge
[2024-12-07T03:31:30.291-0300] {task_command.py:467} INFO - Running <TaskInstance: hiring_dynamic_pipeline.load_and_merge scheduled__2024-10-05T15:00:00+00:00 [running]> on host crisu-VivoBook-S14-X411UF
[2024-12-07T03:31:31.964-0300] {taskinstance.py:3132} INFO - Exporting env vars: AIRFLOW_CTX_DAG_OWNER='airflow' AIRFLOW_CTX_DAG_ID='hiring_dynamic_pipeline' AIRFLOW_CTX_TASK_ID='load_and_merge' AIRFLOW_CTX_EXECUTION_DATE='2024-10-05T15:00:00+00:00' AIRFLOW_CTX_TRY_NUMBER='1' AIRFLOW_CTX_DAG_RUN_ID='scheduled__2024-10-05T15:00:00+00:00'
[2024-12-07T03:31:31.965-0300] {logging_mixin.py:190} INFO - Task instance is in running state
[2024-12-07T03:31:31.966-0300] {logging_mixin.py:190} INFO -  Previous state of the Task instance: queued
[2024-12-07T03:31:31.966-0300] {logging_mixin.py:190} INFO - Current task name:load_and_merge state:running start_date:2024-12-07 06:31:28.469262+00:00
[2024-12-07T03:31:31.966-0300] {logging_mixin.py:190} INFO - Dag name:hiring_dynamic_pipeline and current dag run status:running
[2024-12-07T03:31:31.966-0300] {taskinstance.py:731} INFO - ::endgroup::
[2024-12-07T03:31:31.980-0300] {python.py:240} INFO - Done. Returned value was: None
[2024-12-07T03:31:31.984-0300] {taskinstance.py:340} INFO - ::group::Post task execution logs
[2024-12-07T03:31:31.985-0300] {taskinstance.py:352} INFO - Marking task as SUCCESS. dag_id=hiring_dynamic_pipeline, task_id=load_and_merge, run_id=scheduled__2024-10-05T15:00:00+00:00, execution_date=20241005T150000, start_date=20241207T063128, end_date=20241207T063131
[2024-12-07T03:31:32.721-0300] {logging_mixin.py:190} INFO - Task instance in success state
[2024-12-07T03:31:32.721-0300] {logging_mixin.py:190} INFO -  Previous state of the Task instance: running
[2024-12-07T03:31:32.721-0300] {logging_mixin.py:190} INFO - Dag name:hiring_dynamic_pipeline queued_at:2024-12-07 06:27:03.158666+00:00
[2024-12-07T03:31:32.721-0300] {logging_mixin.py:190} INFO - Task hostname:crisu-VivoBook-S14-X411UF operator:PythonOperator
[2024-12-07T03:31:32.737-0300] {local_task_job_runner.py:266} INFO - Task exited with return code 0
[2024-12-07T03:31:32.755-0300] {taskinstance.py:3895} INFO - 1 downstream tasks scheduled from follow-on schedule check
[2024-12-07T03:31:33.834-0300] {local_task_job_runner.py:245} INFO - ::endgroup::
[2024-12-07T03:31:33.994-0300] {standard_task_runner.py:217} INFO - Process not found (most likely exited), stop collecting metrics
[2024-12-07T03:45:51.278-0300] {local_task_job_runner.py:123} INFO - ::group::Pre task execution logs
[2024-12-07T03:45:51.309-0300] {taskinstance.py:2613} INFO - Dependencies all met for dep_context=non-requeueable deps ti=<TaskInstance: hiring_dynamic_pipeline.load_and_merge scheduled__2024-10-05T15:00:00+00:00 [queued]>
[2024-12-07T03:45:51.315-0300] {taskinstance.py:2613} INFO - Dependencies all met for dep_context=requeueable deps ti=<TaskInstance: hiring_dynamic_pipeline.load_and_merge scheduled__2024-10-05T15:00:00+00:00 [queued]>
[2024-12-07T03:45:51.316-0300] {taskinstance.py:2866} INFO - Starting attempt 1 of 2
[2024-12-07T03:45:51.387-0300] {taskinstance.py:2889} INFO - Executing <Task(PythonOperator): load_and_merge> on 2024-10-05 15:00:00+00:00
[2024-12-07T03:45:51.396-0300] {standard_task_runner.py:72} INFO - Started process 46146 to run task
[2024-12-07T03:45:51.399-0300] {standard_task_runner.py:104} INFO - Running: ['airflow', 'tasks', 'run', 'hiring_dynamic_pipeline', 'load_and_merge', 'scheduled__2024-10-05T15:00:00+00:00', '--job-id', '50', '--raw', '--subdir', 'DAGS_FOLDER/dag_dynamic.py', '--cfg-path', '/tmp/tmpccsb86kp']
[2024-12-07T03:45:51.400-0300] {standard_task_runner.py:105} INFO - Job 50: Subtask load_and_merge
[2024-12-07T03:45:51.483-0300] {task_command.py:467} INFO - Running <TaskInstance: hiring_dynamic_pipeline.load_and_merge scheduled__2024-10-05T15:00:00+00:00 [running]> on host crisu-VivoBook-S14-X411UF
[2024-12-07T03:45:51.628-0300] {taskinstance.py:3132} INFO - Exporting env vars: AIRFLOW_CTX_DAG_OWNER='airflow' AIRFLOW_CTX_DAG_ID='hiring_dynamic_pipeline' AIRFLOW_CTX_TASK_ID='load_and_merge' AIRFLOW_CTX_EXECUTION_DATE='2024-10-05T15:00:00+00:00' AIRFLOW_CTX_TRY_NUMBER='1' AIRFLOW_CTX_DAG_RUN_ID='scheduled__2024-10-05T15:00:00+00:00'
[2024-12-07T03:45:51.629-0300] {logging_mixin.py:190} INFO - Task instance is in running state
[2024-12-07T03:45:51.630-0300] {logging_mixin.py:190} INFO -  Previous state of the Task instance: queued
[2024-12-07T03:45:51.630-0300] {logging_mixin.py:190} INFO - Current task name:load_and_merge state:running start_date:2024-12-07 06:45:51.309542+00:00
[2024-12-07T03:45:51.630-0300] {logging_mixin.py:190} INFO - Dag name:hiring_dynamic_pipeline and current dag run status:running
[2024-12-07T03:45:51.630-0300] {taskinstance.py:731} INFO - ::endgroup::
[2024-12-07T03:45:51.646-0300] {python.py:240} INFO - Done. Returned value was: None
[2024-12-07T03:45:51.650-0300] {taskinstance.py:340} INFO - ::group::Post task execution logs
[2024-12-07T03:45:51.651-0300] {taskinstance.py:352} INFO - Marking task as SUCCESS. dag_id=hiring_dynamic_pipeline, task_id=load_and_merge, run_id=scheduled__2024-10-05T15:00:00+00:00, execution_date=20241005T150000, start_date=20241207T064551, end_date=20241207T064551
[2024-12-07T03:45:51.709-0300] {logging_mixin.py:190} INFO - Task instance in success state
[2024-12-07T03:45:51.710-0300] {logging_mixin.py:190} INFO -  Previous state of the Task instance: running
[2024-12-07T03:45:51.711-0300] {logging_mixin.py:190} INFO - Dag name:hiring_dynamic_pipeline queued_at:2024-12-07 06:44:27.637067+00:00
[2024-12-07T03:45:51.711-0300] {logging_mixin.py:190} INFO - Task hostname:crisu-VivoBook-S14-X411UF operator:PythonOperator
[2024-12-07T03:45:51.732-0300] {local_task_job_runner.py:266} INFO - Task exited with return code 0
[2024-12-07T03:45:51.836-0300] {taskinstance.py:3895} INFO - 1 downstream tasks scheduled from follow-on schedule check
[2024-12-07T03:45:51.879-0300] {local_task_job_runner.py:245} INFO - ::endgroup::
[2024-12-07T04:04:20.850-0300] {local_task_job_runner.py:123} INFO - ::group::Pre task execution logs
[2024-12-07T04:04:20.880-0300] {taskinstance.py:2613} INFO - Dependencies all met for dep_context=non-requeueable deps ti=<TaskInstance: hiring_dynamic_pipeline.load_and_merge scheduled__2024-10-05T15:00:00+00:00 [queued]>
[2024-12-07T04:04:20.886-0300] {taskinstance.py:2613} INFO - Dependencies all met for dep_context=requeueable deps ti=<TaskInstance: hiring_dynamic_pipeline.load_and_merge scheduled__2024-10-05T15:00:00+00:00 [queued]>
[2024-12-07T04:04:20.886-0300] {taskinstance.py:2866} INFO - Starting attempt 1 of 2
[2024-12-07T04:04:20.951-0300] {taskinstance.py:2889} INFO - Executing <Task(PythonOperator): load_and_merge> on 2024-10-05 15:00:00+00:00
[2024-12-07T04:04:20.958-0300] {standard_task_runner.py:72} INFO - Started process 48610 to run task
[2024-12-07T04:04:20.961-0300] {standard_task_runner.py:104} INFO - Running: ['airflow', 'tasks', 'run', 'hiring_dynamic_pipeline', 'load_and_merge', 'scheduled__2024-10-05T15:00:00+00:00', '--job-id', '50', '--raw', '--subdir', 'DAGS_FOLDER/dag_dynamic.py', '--cfg-path', '/tmp/tmpcettrbku']
[2024-12-07T04:04:20.962-0300] {standard_task_runner.py:105} INFO - Job 50: Subtask load_and_merge
[2024-12-07T04:04:21.030-0300] {task_command.py:467} INFO - Running <TaskInstance: hiring_dynamic_pipeline.load_and_merge scheduled__2024-10-05T15:00:00+00:00 [running]> on host crisu-VivoBook-S14-X411UF
[2024-12-07T04:04:21.167-0300] {taskinstance.py:3132} INFO - Exporting env vars: AIRFLOW_CTX_DAG_OWNER='airflow' AIRFLOW_CTX_DAG_ID='hiring_dynamic_pipeline' AIRFLOW_CTX_TASK_ID='load_and_merge' AIRFLOW_CTX_EXECUTION_DATE='2024-10-05T15:00:00+00:00' AIRFLOW_CTX_TRY_NUMBER='1' AIRFLOW_CTX_DAG_RUN_ID='scheduled__2024-10-05T15:00:00+00:00'
[2024-12-07T04:04:21.167-0300] {logging_mixin.py:190} INFO - Task instance is in running state
[2024-12-07T04:04:21.168-0300] {logging_mixin.py:190} INFO -  Previous state of the Task instance: queued
[2024-12-07T04:04:21.168-0300] {logging_mixin.py:190} INFO - Current task name:load_and_merge state:running start_date:2024-12-07 07:04:20.881201+00:00
[2024-12-07T04:04:21.168-0300] {logging_mixin.py:190} INFO - Dag name:hiring_dynamic_pipeline and current dag run status:running
[2024-12-07T04:04:21.168-0300] {taskinstance.py:731} INFO - ::endgroup::
[2024-12-07T04:04:21.169-0300] {logging_mixin.py:190} INFO - Leyendo archivo: output_2024-10-05/raw/data_1.csv
[2024-12-07T04:04:21.175-0300] {logging_mixin.py:190} INFO - Archivo no encontrado: output_2024-10-05/raw/data_2.csv
[2024-12-07T04:04:21.179-0300] {logging_mixin.py:190} INFO - Datos combinados guardados en: output_2024-10-05/preprocessed/combined_data.csv
[2024-12-07T04:04:21.179-0300] {python.py:240} INFO - Done. Returned value was: None
[2024-12-07T04:04:21.183-0300] {taskinstance.py:340} INFO - ::group::Post task execution logs
[2024-12-07T04:04:21.183-0300] {taskinstance.py:352} INFO - Marking task as SUCCESS. dag_id=hiring_dynamic_pipeline, task_id=load_and_merge, run_id=scheduled__2024-10-05T15:00:00+00:00, execution_date=20241005T150000, start_date=20241207T070420, end_date=20241207T070421
[2024-12-07T04:04:21.235-0300] {logging_mixin.py:190} INFO - Task instance in success state
[2024-12-07T04:04:21.236-0300] {logging_mixin.py:190} INFO -  Previous state of the Task instance: running
[2024-12-07T04:04:21.236-0300] {logging_mixin.py:190} INFO - Dag name:hiring_dynamic_pipeline queued_at:2024-12-07 07:02:12.234495+00:00
[2024-12-07T04:04:21.236-0300] {logging_mixin.py:190} INFO - Task hostname:crisu-VivoBook-S14-X411UF operator:PythonOperator
[2024-12-07T04:04:21.254-0300] {local_task_job_runner.py:266} INFO - Task exited with return code 0
[2024-12-07T04:04:21.276-0300] {taskinstance.py:3895} INFO - 1 downstream tasks scheduled from follow-on schedule check
[2024-12-07T04:04:21.327-0300] {local_task_job_runner.py:245} INFO - ::endgroup::
